===============================================================================
 C163-027            1.RIGID & ENDWALL FRAME MEMBERS:       19/JAN/2026 10:57am

                                                                 Total    Total
 Quan Mark   Description           Part     Punch       Length  Weight     Cost
===============================================================================
    2 RF1-1  RF Column                                    9100   672.0     0.06
    2 RF1-2  RF Rafter                                    5899   307.2     0.04
    2 RF1-3  RF Rafter                                    5899   311.6     0.04
    2 RF1-4  RF Column                                    9100   672.0     0.06
    8 RF2-1  RF Column                                    9100  2509.6     0.24
   10 RF2-2  RF Rafter                                    5899  1536.0     0.20
    2 RF2-3  RF Column                                    9100   627.4     0.06

    2 EB-1   Ext Beam                                     3036   169.8   125.64
    2 EB-2   Ext Beam                                     3453   193.8   143.42
    2 EB-3   Ext Beam              W30a178                7385   502.4   371.74

    2 EC-1   EW Column             W35a125                9583   487.2   360.54

-------------------------------------------------------------------------------
                                                     Total:     7989.0  1002.04


===============================================================================
 C163-027            2.DOOR JAMBS & HEADERS:                19/JAN/2026 10:57am

                                           Punch/                Total    Total
 Quan Mark   Description      Part          Color       Length  Weight     Cost
===============================================================================
    4 DJ-1   Door Jamb        200C25                      5980   161.9     0.04
                    Web Slot:  
                     Loc=       45      3105      4605      5030      5935 

    2 DH-1   Door Header      200C20       ?? -??         3980    43.1     0.04
                    Web Slot:  
                     Loc=       45      3935 

-------------------------------------------------------------------------------
                                                     Total:      205.1     0.08


===============================================================================
 C163-027            3.PURLINS, EAVE STRUTS, WALL GIRTS:    19/JAN/2026 10:57am

                                                                 Total    Total
 Quan Mark   Description     Part     Pitch   Punch     Length  Weight     Cost
===============================================================================
    8 P-1    Roof Purlin     200Z18           ??-??       8175   318.5     0.16
                     Web=      360       460       740      1070      1370 
                              6840      7140      7470      7750      7850 
                              8130 
                    Slot=     2044      4087      6131 
   32 P-2    Roof Purlin     200Z18           ??-??       8280  1290.4     0.64
                     Web=       45       325       425       705      1035 
                              1335      6945      7245      7575      7855 
                              7955      8235 
                    Slot=     2070      4140      6210 
    8 P-3    Roof Purlin     200Z18           ??-??       8175   318.5     0.16
                     Web=       45       325       425       705      1035 
                              1335      6805      7105      7435      7715 
                              7815 
                    Slot=     2044      4087      6131 
    4 P-4    Roof Purlin     200Z18           ??-??       6295   122.6     0.08
                     Web=      195       475       575       855      1185 
                              1485      5135      5435      5765      6045 
                              6145 
                    Slot=     2098      4196 
    2 E-1    Eave Strut      200Z18           ??-??       8175    79.6     0.04
                     Web=      360       460      7470      7750      7850 
                              8130 
                    Slot=     1946      2044      3897      4087      5849 
                              6131 
    8 E-2    Eave Strut      200Z18           ??-??       8280   322.6     0.16
                     Web=       45       325       425       705      7575 
                              7855      7955      8235 
                    Slot=     2070      2257      4140      6022      6210 
    2 E-3    Eave Strut      200Z18           ??-??       8175    79.6     0.04
                     Web=       45       325       425       705      7715 
                              7815 
                    Slot=     2044      2326      4087      4277      6131 
                              6229 
    2 E-4    Eave Strut      200Z15           ??-??       6300    51.2     0.04
                     Web=      480       580      6050      6150 
                    Slot=     2100      4200 

    4 G-1    EW Girt         200Z15           ??-??       6848   111.2     0.08
                     Web=      170       270      4930      5230      5560 
                              5840      5940      6220      6550      6803 
                    Slot=     1823      3856 
    6 G-2    EW Girt         200Z15           ??-??       6265   152.6     0.12
                     Web=      170       270      4930      5230      5560 
                              5840      5940      6220 
                    Slot=     1823      3856 
    2 G-3    EW Girt         200Z15           ??-??       6265    50.9     0.04
                     Web=       45       325       425       705      1035 
                              1335      1385      5465      5995      6095 
                    Slot=     2408      4441 
    2 G-4    EW Girt         200Z15           ??-??       6190    50.3     0.04
                     Web=       45       145       425       755      1055 
                              5715      5815 
                    Slot=     2128      4161 
    4 G-5    EW Girt         200Z15           ??-??       6265   101.7     0.08
                     Web=       45       325       425       705      1035 
                              1335      5995      6095 
                    Slot=     2408      4441 
    4 G-6    EW Girt         200Z15           ??-??        748    12.1     0.08
                     Web=       45       478       578 
   10 G-7    SW Girt         200Z15           ??-??       8175   331.9     0.20
                     Web=      360       460       740      1070      1370 
                              6840      7140      7470      7750      7850 
                              8130 
                    Slot=     1946      3897      5849 
   40 G-8    SW Girt         200Z15           ??-??       8280  1344.7     0.80
                     Web=       45       325       425       705      1035 
                              1335      6945      7245      7575      7855 
                              7955      8235 
                    Slot=     2257      4140      6022 
   10 G-9    SW Girt         200Z15           ??-??       8175   331.9     0.20
                     Web=       45       325       425       705      1035 
                              1335      6805      7105      7435      7715 
                              7815 
                    Slot=     2326      4277      6229 

    4 ST-1   Strut           T100x40                      7348   358.0   275.64

-------------------------------------------------------------------------------
                                                     Total:     5428.3   278.60


===============================================================================
 C163-027            4.ROOF & WALL SHEETING:                19/JAN/2026 10:57am

                                                                 Total    Total
 Quan Mark   Description           Part    Clr Pitch    Length  Weight     Cost
===============================================================================
   92 RS-1   Roof Sheet            40333 .5 A3           6280   2490.1     1.84
   14 RS-2   Ext Sheet             40333 .5 A3           3060    184.6     0.28

    2 ES-1   EW Sheet              40333 .5 A2           6700     57.8     0.04
    2 ES-2   EW Sheet              40333 .5 A2           6790     58.5     0.04
    2 ES-3   EW Sheet              40333 .5 A2           6890     59.4     0.04
    2 ES-4   EW Sheet              40333 .5 A2           6990     60.3     0.04
    2 ES-5   EW Sheet              40333 .5 A2           7090     61.1     0.04
    2 ES-6   EW Sheet              40333 .5 A2           7190     62.0     0.04
    2 ES-7   EW Sheet              40333 .5 A2           7260     62.6     0.04
    6 ES-8   EW Sheet              40333 .5 A2           3200     82.7     0.12
    2 ES-9   EW Sheet              40333 .5 A2           3940     34.0     0.04
    6 ES-10  EW Sheet              40333 .5 A2           1090     28.2     0.12
    2 ES-11  EW Sheet              40333 .5 A2           3840     33.1     0.04
    2 ES-12  EW Sheet              40333 .5 A2           3740     32.2     0.04
    2 ES-13  EW Sheet              40333 .5 A2           3640     31.4     0.04
    2 ES-14  EW Sheet              40333 .5 A2           3540     30.5     0.04
    2 ES-15  EW Sheet              40333 .5 A2           3440     29.7     0.04

   92 SS-1   SW Sheet              40333 .5 A2           6700   2656.7     1.84


            Colors
            ------
              A2 - NEED WALL COLOR          
              A3 - NEED ROOF COLOR          

-------------------------------------------------------------------------------
                                                     Total:     6054.8     4.72


===============================================================================
 C163-027            5.CONNECTION PLATES:                   19/JAN/2026 10:57am

                                                                 Total    Total
 Quan Mark   Description Part     Dwg  Ang Thick  Width Length  Weight     Cost
===============================================================================
    8 b1     Grt-Jmb Plt          SP2   90  5.00    144    203     9.2     0.20
               A=   22  B=  100  C=   22  D=  100 
               E=   30  F=  129 
    4 c1     Hdr-Jmb Plt          SP3   90  5.00    144    126     2.9     0.06
               A=   22  B=  100  C=   22  D=  100 
               E=   35  F=   47 
    2 d1     Cor-Grt6 Pl          SP4   90  5.00    144    431     4.9     0.10
               A=   22  B=  100  C=   22  D=  100 
               E=   30  F=  257  G=  100 
    4 f1     Jmb-Bas Plt          SP6   90  5.00    144    155     3.5     0.08
               A=   22  B=  100  C=   22  D=  100 
               E=   50  F=   42 
    4 j1     Jmb-Grt Plt          SP10  90  5.00    144    206     4.7     0.10
               A=   22  B=  100  C=   22  D=  100 
               E=   32  F=  130 


            Colors
            ------
              RO - Red Oxide                

-------------------------------------------------------------------------------
                                                     Total:       25.2     0.54


===============================================================================
 C163-027            6.ANGLES:                              19/JAN/2026 10:57am

                                                                 Total    Total
 Quan Mark   Description    Part    Clr Width Thick     Length  Weight     Cost
===============================================================================
   24 FB432  RF Flg Brc     L40X40X4 RO    40  4.00        432    25.1     0.48
   24 FB448  RF Flg Brc     L40X40X4 RO    40  4.00        448    26.0     0.48
   24 FB488  RF Flg Brc     L40X40X4 RO    40  4.00        488    28.3     0.48
    4 FB496  Ext Flg Br     L40X40X4 RO    40  4.00        496     4.8     0.08
    8 FB528  EW Flg Brc     L40X40X4 RO    40  4.00        528    10.2     0.16
   48 FB568  RF Flg Brc     L40X40X4 RO    40  4.00        568    66.0     0.96
    4 FB608  Ext Flg Br     L40X40X4 RO    40  4.00        608     5.9     0.08

  120 JB-1   Sag rod at bas SROD12                       1600    207.4     2.40
   44 JB-2   Sag rod at bas SROD12                       1500     71.3     0.88
    4 JB-3   Sag rod at bas SROD12                        170     0.74     0.08
    4 JB-4   Sag rod at bas SROD12                       1531      6.6     0.08
   36 JB-5   Sag rod at gir SROD12                        520     20.2     0.72

   13 GA     GABLE ANGLE    L75X100  RO        2.00       3000   122.5     0.13
    8 SI-    12mm SAG ROD   SROD12   --       12.00       1387     5.4     0.16
   18 SP-1   12mm SAG ROD   SROD12   --       12.00        697     6.1     0.36
  108 SI-1   12mm SAG ROD   SROD12   --       12.00       1557    81.9     2.16
    4 SI-2   12mm SAG ROD   SROD12   --       12.00       1457     2.8     0.08
   36 SE-1   12mm SAG ROD   SROD12   --       12.00       1478    25.9     0.72


            Colors
            ------
              RO - Red Oxide                

-------------------------------------------------------------------------------
                                                     Total:      717.2    10.49


===============================================================================
 C163-027            7.TRIM:                                19/JAN/2026 10:57am

                                                                 Total    Total
 Quan Mark   Description    Part    Clr Pitch Thick     Length  Weight     Cost
===============================================================================
    2 BA     Base Angle     SGA-001  HA    10  2.00       3000    56.5     0.04
    2 BSA    Base/Seal An   P20204   HA    10  2.00         25    0.12     0.04
    2 DT     Drip Trim      P150X.63 HA    10  0.50         25    0.04     0.04

    4 ET-01  Eave Trim      ET-01    HA    10  0.40       5600    21.1     0.08
    4 CT-05  Roof To Wall   CT-05    A3        0.40       5600    21.1     0.08
   10 GT-01  Rake Trim      GT-01    HA        0.40       5600    52.8     0.20
    2 CTS-04 H Trim         CTS-04   HA        0.40       5600    14.1     0.04
    4 CTS-05 J Trim         CTS-05   HA        0.40       5600    28.1     0.08
    2 DS-100 Downspout      DS-100   EX        0.40       5600    17.6     0.04
   20 DS-100 Downspout      DS-100   --        0.40       5600   175.8     0.40
    4 GS-01  Downspout Stra GS-01    EX        0.40        350     6.0     0.08
   40 GS-01  Downspout Stra GS-01    --        0.40        350    60.0     0.80
   18 EG-01  Eave Gutter    EG-01    --        0.40       5600   189.9     0.36
    1 GS-01  Eave Gutter St GS-01    --        0.40        600     1.0     0.02
    2 GC-01  Gutter Endcap  GC-01    --        0.40         25    1.00     0.04
    2 GC-02  Gutter Endcap  GC-02    --        0.40         25    1.00     0.04
   22 DT-01  Base Trim      DT-01    HA        0.40       5600   122.8     0.44
    8 CT-02  Outside Corner CT-02    HA        0.40       5600    42.2     0.16
   77 RC-01  Ridge Cap      RC-01    A3        0.40        700   385.0     1.54


            Colors
            ------
              A3 - NEED ROOF COLOR          
              EX - 7006 BEIGE GREY          
              HA - 9010 PURE WHITE          

-------------------------------------------------------------------------------
                                                     Total:     1196.2     4.52


===============================================================================
 C163-027            8.DIAGONAL BRACING & SEALANT:          19/JAN/2026 10:57am

                                    Clr/     Thick/              Total    Total
 Quan Mark   Description  Part       Dia     FabLen     Length  Weight     Cost
===============================================================================
    8 CB-1   SW Rod       ROD20    20.00       8910       8660   171.2     0.08
    8 CB-2   SW Rod       ROD20    20.00       8700       8450   166.4     0.08
    8 CB-3   Roof Rod     ROD20    20.00       9470       9220   181.6     0.08
    4 CB-4   Ext Rod      ROD20    20.00       6380       6130    60.4     0.04

   11        Silicone Tub SILICON              4.00       7500    11.0     0.22
  216        Panel Clsr   FF-100              25.00       1020   216.0     4.32
  126        Panel Clsr   FF-200              25.00       1020   126.0     2.52

-------------------------------------------------------------------------------
                                                     Total:      932.7     7.34


===============================================================================
 C163-027            9.ACCESSORIES:                         19/JAN/2026 10:57am

                                       Width/                    Total    Total
 Quan Mark   Description      Part      Color Thick     Length  Weight     Cost
===============================================================================
   56 ---    NUT 20           HN20         --                1     2.8     0.56
   56 ---    HILLSIDE WASHER2 HW20         --                1    19.8     0.56
   56 ---    FLAT WASHER20    Ø20WSHR     --                1     1.9     0.56

-------------------------------------------------------------------------------
                                                     Total:       24.5     1.68


===============================================================================
 C163-027            10.FASTENERS:                          19/JAN/2026 10:57am

                                        Type/                    Total    Total
  Quan Mark   Description      Part     Color   Dia     Length  Weight     Cost
===============================================================================
     4        Bolts            M16X70   Gr8.8 16.00         70    0.23     0.04
    34        Bolts            M12X50   Gr8.8 12.00         50     1.9     0.34
  1000        Bolts            M12X50   Gr8.8 12.00         50    52.7    10.00
   221        Bolts            H12X50   Gr8.8 12.00         50    10.8     2.21
   378        Bolts            H12X50   Gr8.8 12.00         50    19.9     3.78
   227        Bolts            H20X90   Gr8.8 20.00         90    76.5     4.54
     4        Bolts            H16X70   Gr8.8 16.00         70    0.58     0.08
     8        Anchor Bolt      AB20       A36 20.00        625    13.5     0.08
     8        A.B. Washers     W20            20.00               0.13     0.16
   112        Anchor Bolt      AB24       A36 24.00        730   343.8     1.12
   112        A.B. Washers     W24            24.00                3.0     2.24
    17        Bolts            H16X70   Gr8.8 16.00         70     2.2     0.34

  3600        No. 12-14x20 SDS 14x20SDS    A2               20    24.5    72.00
  2300        No. 12-14x55 SDS 14x55SDS    A3               55    15.7    46.00
   400        No. 10-12X20 SDS 12x20SDS    HA               20     2.7     8.00
   800        No. 10-12x20 SDS 12x20SDS    HA               20     5.4    16.00
   100        Pop Rivet        Rivet       HA               11    0.68     2.00
   400        No. 10-12X20 SDS 12x20SDS    --               20     2.7     8.00
  2100        No. 10-12X20 SDS 12x20SDS    A3               20    14.3    42.00
   200        Pop Rivet        Rivet       --               11     1.4     4.00
  1700        No. 10-12x20 SDS 12x20SDS    A2               20    11.6    34.00
   100        Pop Rivet        Rivet       EX               11    0.68     2.00
   500        Pop Rivet        Rivet       A3               11     3.4    10.00


            Colors
            ------
              A2 - NEED WALL COLOR          
              A3 - NEED ROOF COLOR          
              EX - 7006 BEIGE GREY          
              HA - 9010 PURE WHITE          

-------------------------------------------------------------------------------
                                                     Total:      608.4   268.93


===============================================================================
 C163-027             Summary Reports                       19/JAN/2026 10:57am
===============================================================================






                             WEIGHT & COST SUMMARY
         --------------------------------------------------------------
         Page    Description                     Total Wt    Total Cost
         --------------------------------------------------------------
           1     Rigid Frames & Endwall Frames     7989.0       1002.04
           2     Door Jambs & Headers               205.1          0.08
           3     Purlins, Girts & Eave Struts      5428.3        278.60
           4     Roof & Wall Sheeting              6054.8          4.72
           5     Connection Plates                   25.2          0.54
           6     Angles                             717.2         10.49
           7     Trim                              1196.2          4.52
           8     Diagonal Bracing & Sealant         932.7          7.34
           9     Accessories                         24.5          1.68
          10     Fasteners                          608.4        268.93
         --------------------------------------------------------------
                                     Totals:      23181.4       1578.94


                        SUPPLIER DISCOUNT SUMMARY
-------------------------------------------------------------------------------
                                Total   -------Cost------ --Discount-     Final
Supplier                       Weight   Material    Labor Matrl Labor      Cost
-------------------------------------------------------------------------------

ASPRINGS            
 C & Z Type Members            7024.6     270.03     0.27  0.00  0.00    270.30
 Wall & Roof Panels              0.00       0.00     0.00  0.00  0.00      0.00
 Rigid Frames                    0.00       0.00     0.00  0.00  0.00      0.00
 Bolts, Fasteners                0.00       0.00     0.00  0.00  0.00      0.00
 Sealant, Tape                   0.00       0.00     0.00  0.00  0.00      0.00
 Cables & Hardware               0.00       0.00     0.00  0.00  0.00      0.00
 Clips                           0.00       0.00     0.00  0.00  0.00      0.00
 Standard Trim                   0.00       0.00     0.00  0.00  0.00      0.00
 Special Trim                    0.00       0.00     0.00  0.00  0.00      0.00
 Light Gage E, CH, A             0.00       0.00     0.00  0.00  0.00      0.00
 Accessories                     0.00       0.00     0.00  0.00  0.00      0.00
 Walkdoors & Door Acc.           0.00       0.00     0.00  0.00  0.00      0.00
 Standing Seam Acc.              0.00       0.00     0.00  0.00  0.00      0.00
 Ridge Caps                      0.00       0.00     0.00  0.00  0.00      0.00
 Hot Rolled                      0.00       0.00     0.00  0.00  0.00      0.00
 Standing Seam Galv.             0.00       0.00     0.00  0.00  0.00      0.00
 Standing Seam Kynar             0.00       0.00     0.00  0.00  0.00      0.00
 Weather-lok Galv.               0.00       0.00     0.00  0.00  0.00      0.00
 Weather-lok Kynar               0.00       0.00     0.00  0.00  0.00      0.00
 Shadow Wall Galv.               0.00       0.00     0.00  0.00  0.00      0.00
 Shadow Wall Kynar               0.00       0.00     0.00  0.00  0.00      0.00
 Accent 11 Panel                 0.00       0.00     0.00  0.00  0.00      0.00
 Insulation                      0.00       0.00     0.00  0.00  0.00      0.00
 Special Panel Pricing           0.00       0.00     0.00  0.00  0.00      0.00
 Spl C & Z Type Members          0.00       0.00     0.00  0.00  0.00      0.00
 Spl Clips                       0.00       0.00     0.00  0.00  0.00      0.00
 Spl Whirlwind Trim              0.00       0.00     0.00  0.00  0.00      0.00
 Spl Light Gage E, CH, A         0.00       0.00     0.00  0.00  0.00      0.00
 Spl Hot Rolled                  0.00       0.00     0.00  0.00  0.00      0.00
 Spl Standing Seam Galv.         0.00       0.00     0.00  0.00  0.00      0.00
 Spl2 Clips                      0.00       0.00     0.00  0.00  0.00      0.00
 Spl2 Whirlwind Trim             0.00       0.00     0.00  0.00  0.00      0.00
 Spl2 Light Gage E, CH, A        0.00       0.00     0.00  0.00  0.00      0.00
 Spl2 Standing Seam Galv.        0.00       0.00     0.00  0.00  0.00      0.00

*Supplier Not Found 
 Additional Items             16156.8    1168.13   140.51  0.00  0.00   1308.64
-------------------------------------------------------------------------------
                              23181.4    1438.16   140.78               1578.94
