*===============================================================================
*C163-027            Component Design Input                 19/JAN/2026 10:18am
*===============================================================================
 
*( 1)JOBID:
    'C163-027'
 
*( 2)DESIGN CODE:
*        ---Steel_Code---             ---Build---            Seismic
* Code   Cold       Hot      Country  Code   Year   Label     Zone
  'WS'  'NAUS07  ' 'AISC05'  '    '  'MBMA'  '10'  'MBMA 10 ' 'B  '
 
*( 3)DESIGN CONSTANTS:
* -----------------------Steel_Yield-----------------------  Stress  Strength_Factor
* Web   Flg C_Sec W_Sec R_Sec P_Sec T_Sec U_Sec    EP    BP   Ratio    Wind  Seismic
  340   340   350   340   250   345   317   250   340   340    1.00  1.0000   1.0000
 
*( 4)DEFLECTION LIMITS:
* ---Eave_Extension--   ------Canopy-------   ----Horiz_Beam----- Vert_Facia
* Live   Wind   Total   Live   Wind   Total   Live   Wind   Total    Beam
  180.0  180.0  120.0   180.0  180.0  120.0   180.0  180.0  120.0   120.0
 
*( 5)REPORTS:
* Input  Ext   End  Flange
* Echo   Beam Plate Brace
  'I'    'Y'   'Y'   'Y'
 
*( 6)BUILDING LAYOUT:
*                          -------Left_Endwall------   ------Right_Endwall------
*  Type    Width   Length  Exp  Opt  Offset  Project   Exp  Opt  Offset  Project
  'FF-'    12200    45730  'Y ' '-'   415.0    230.0   'Y ' '-'   415.0    230.0
 
*( 7)WALL LAYOUT:
*                          -------Wall-------    Base    Wall
* No. Id  Use     Type Opt    Start    Length    Elev  Offset
   5  1  'LEFT  ' '-'  '-'      0.0   12200.0    0.00    0.00
      2  'FRONT ' '-'  '-'      0.0   45730.0    0.00    0.00
      3  'RIGHT ' '-'  '-'      0.0   12200.0    0.00    0.00
      4  'BACK  ' '-'  '-'      0.0   45730.0    0.00    0.00
      5  'ROOF  ' '-'  '-'      0.0   45730.0    0.00    0.00
 
*( 8)SURFACE SHAPE:
* No.   X_Coord  Y_Coord  Offset  Opt
   4        0.0   9800.0  230.00  '-'
         6100.0  10410.0  200.00  '-'
        12200.0   9800.0  200.00  '-'
        12200.0      0.0  230.00  '-'
 
*( 9)BAY SPACING:
*Wall  ----Offset---   No.   ---Bay_Set---
* Id    Left   Right  Sets     Width  Quan
   1  230.00  230.00    1     6100.0    2
   2  415.00  415.00    3     7805.0    1
                              7530.0    4
                              7805.0    1
   3  230.00  230.00    1     6100.0    2
   4  415.00  415.00    3     7805.0    1
                              7530.0    4
                              7805.0    1
   5  415.00  415.00    3     7805.0    1
                              7530.0    4
                              7805.0    1
 
*(10)WALL COLUMNS:
*Wall                                         ---Flange---          ---Clearance--    Bolt Frame
* Id  No.  Id   Part       Rot  Opt   Height  Width  Thick  Splice    Roof    Wall  Offset   Id
  1    3    1  '--------'  'N'  '-'      0.0   0.00   0.00   '-'      0.00    0.00    0.00    0
            2  'W35a125 '  'N'  '-'   9952.7 125.00   5.00   '-'      0.00    0.00    0.00    0
            3  '--------'  'N'  '-'      0.0   0.00   0.00   '-'      0.00    0.00    0.00    0
  2    7    1  '--------'  'N'  '-'      0.0 150.00   6.00   'H'   1368.71  618.40    0.00    1
            2  '--------'  'N'  '-'      0.0 150.00   5.00   'H'   1368.71  411.14    0.00    2
            3  '--------'  'N'  '-'      0.0 150.00   5.00   'H'   1368.71  411.14    0.00    2
            4  '--------'  'N'  '-'      0.0 150.00   5.00   'H'   1368.71  411.14    0.00    2
            5  '--------'  'N'  '-'      0.0 150.00   5.00   'H'   1368.71  411.14    0.00    2
            6  '--------'  'N'  '-'      0.0 150.00   5.00   'H'   1368.71  411.14    0.00    2
            7  '--------'  'N'  '-'      0.0 150.00   6.00   'H'   1368.71  618.40    0.00    1
  3    3    1  '--------'  'N'  '-'      0.0   0.00   0.00   '-'      0.00    0.00    0.00    0
            2  'W35a125 '  'N'  '-'   9952.7 125.00   5.00   '-'      0.00    0.00    0.00    0
            3  '--------'  'N'  '-'      0.0   0.00   0.00   '-'      0.00    0.00    0.00    0
  4    7    1  '--------'  'N'  '-'      0.0 150.00   6.00   'H'   1368.71  618.40    0.00    1
            2  '--------'  'N'  '-'      0.0 150.00   5.00   'H'   1368.71  411.14    0.00    2
            3  '--------'  'N'  '-'      0.0 150.00   5.00   'H'   1368.71  411.14    0.00    2
            4  '--------'  'N'  '-'      0.0 150.00   5.00   'H'   1368.71  411.14    0.00    2
            5  '--------'  'N'  '-'      0.0 150.00   5.00   'H'   1368.71  411.14    0.00    2
            6  '--------'  'N'  '-'      0.0 150.00   5.00   'H'   1368.71  411.14    0.00    2
            7  '--------'  'N'  '-'      0.0 150.00   6.00   'H'   1368.71  618.40    0.00    1
 
*(11)WALL RAFTERS:
* Wall             Surf
*  Id   No.  Id     Id   Part      Rotate  Option
    1    2    1      2  '--------'   '-'     '-'
              2      3  '--------'   '-'     '-'
    2    0
    3    2    1      2  '--------'   '-'     '-'
              2      3  '--------'   '-'     '-'
    4    0
 
*(12)PURLIN LOCATION:
*Surf         Peak
* Id  Type   Space  No.  Locate
   2  'ZB'   300.0    4  1457.6   2915.2   4372.8   5830.4
   3  'ZB'   300.0    4   300.0   1757.6   3215.2   4672.8
 
*(13)EAVE STRUTS:
*Wall        Bays_With_Bending
* Id   Type  No.  Bay_Id
   2   'ZB'   6   1   2   3   4   5   6
   4   'ZB'   6   1   2   3   4   5   6
 
*(14)SPECIAL GIRT:
* Wall   No.    ---Bay---
*  Id   Sets    Start End   Height Type
    1     1        2    2   6150.0 'ZB'
    2     0
    3     1        2    2   6150.0 'ZB'
    4     0
 
*(15)EXTENSION LAYOUT:
*        Wall                ---Bay---   -Edge_Extend-  End_Option  End_Support Frame
* No. Id  Id  Type Opt Mount Start End    Left   Right  Left Right   Left Right  Opt
   2   1   1  'EC' '-'  'B'    2     2     0.0     0.0  '-'  '-'     '-'   '-'   '-'
       2   3  'EC' '-'  'B'    2     2     0.0     0.0  '-'  '-'     '-'   '-'   '-'
 
*(16)EXTENSION SIZE:
*      ----Horizontal_Size---   ---------Vertical_Size--------- --Orient--  ---Support_Column--- ---Concrete---
* Id     Elev   Width   Slope     Elev   Height   Slope Project Beam Panel  Offset   Elev Splice Extend    Elev
   1   6100.0  3000.0   10.00      0.0     0.0     0.00    0.00  '-'  '-'     0.00   0.00   '-'    0.00    0.00
   2   6100.0  3000.0   10.00      0.0     0.0     0.00    0.00  '-'  '-'     0.00   0.00   '-'    0.00    0.00
 
*(17)EXTENSION BEAMS:
*     Ext Line                                                   Load  ------Depth------ Splice_Type
*No.   Id  Id   Use       Orn   Part       Type Shape Rot Opt    Width Set   Min    Max  Start   End Bracket
   6    1   2  'ATTACH  ' 'H'  '--------'  'S'   'H'  '-' '-'   3050.0 'N' 200.00   0.00  'SS'  '--'   'Y'
        1   3  'ATTACH  ' 'H'  '--------'  'S'   'H'  '-' '-'   3050.0 'N' 200.00   0.00  'SS'  '--'   'N'
        1   3  'ATT_SUPP' 'H'  'W30a178'  'W'   'H'  '-' '-'   3050.0 'N' 200.00   0.00  'SS'  'S3'   'N'
        2   2  'ATTACH  ' 'H'  '--------'  'S'   'H'  '-' '-'   3050.0 'N' 200.00   0.00  'SS'  '--'   'Y'
        2   3  'ATTACH  ' 'H'  '--------'  'S'   'H'  '-' '-'   3050.0 'N' 200.00   0.00  'SS'  '--'   'N'
        2   3  'ATT_SUPP' 'H'  'W30a178'  'W'   'H'  '-' '-'   3050.0 'N' 200.00   0.00  'SS'  'S3'   'N'
 
*(18)EXTENSION PURLINS:
*    Ext
*No.  Id  Use        Type  Rot  Row     Peak   Space   Part       Brace
  2    1 'ROOF    '  'ZB'  'U'    2    300.0     0.0  '200Z18  '   'Y'
       2 'ROOF    '  'ZB'  'U'    2    300.0     0.0  '200Z18  '   'Y'
 
*(19)EXTENSION EAVE STRUTS:
* Ext
* Id  Type  Rot  Opt  Part
   1  'ZB'  'U'  '-' '200Z15  '
   2  'ZB'  'U'  '-' '200Z15  '
 
*(20)LOAD GROUPS:
*    Group
*No.   Id   Description
   1  '-'  'Standard            '
 
*(21)BASIC LOADS:
*                                                   Deflection
*Group Ext                                   Basic  Load_Ratio
*  Id   Id  Dead  Coll   Live   Snow   Rain   Wind  Snow  Wind
  '-'    1 0.100 0.000  0.570  0.000  0.000  0.565  1.00  1.00
  '-'    2 0.100 0.000  0.570  0.000  0.000  0.565  1.00  1.00
 
*(22)BASIC WIND LOADS:
*              -----Wind_Press-----    ------Wind_Suct-----
*Group Ext     Horz    Vert  Soffit    Horz    Vert  Soffit
*  Id   Id     Beam    Beam    Beam    Beam    Beam    Beam
  '-'    1   -0.943   0.000   0.000   0.479   0.000   0.000
  '-'    2   -0.943   0.000   0.000   0.479   0.000   0.000
 
*(23)EAVE STRUT BASIC LOADS:
*Group Wall                                   -----Wind----
*  Id   Id  Dead  Coll   Live   Snow   Rain   Press    Suct
  '-'    2 0.100 0.050  0.570  0.000  0.000  -0.943   0.479
  '-'    4 0.100 0.050  0.570  0.000  0.000  -0.943   0.479
 
*(24)LOAD COMBINATIONS - STRENGTH:
*    Load Group                                          Wind  Wind
*No.   Id   Id Dead  Coll  Live  Snow Drift Slide  Rain Press  Suct
  18    1  '-' 1.00  1.00  1.00  0.00  0.00  0.00  0.00  0.00  0.00
        2  '-' 1.00  1.00  0.00  1.00  0.00  0.00  0.00  0.00  0.00
        3  '-' 1.00  1.00  0.00  1.00  1.00  0.00  0.00  0.00  0.00
        4  '-' 1.00  1.00  0.00  1.00  0.00  1.00  0.00  0.00  0.00
        5  '-' 1.00  1.00  0.00  0.00  0.00  0.00  1.00  0.00  0.00
        6  '-' 1.00  1.00  0.00  0.00  0.00  0.00  0.00  0.00  0.00
        7  '-' 1.00  1.00  0.75  0.00  0.00  0.00  0.00  0.75  0.00
        8  '-' 1.00  1.00  0.75  0.00  0.00  0.00  0.00  0.00  0.75
        9  '-' 1.00  1.00  0.00  0.75  0.00  0.00  0.00  0.75  0.00
       10  '-' 1.00  1.00  0.00  0.75  0.00  0.00  0.00  0.00  0.75
       11  '-' 1.00  1.00  0.00  0.75  0.75  0.00  0.00  0.75  0.00
       12  '-' 1.00  1.00  0.00  0.75  0.75  0.00  0.00  0.00  0.75
       13  '-' 1.00  1.00  0.00  0.75  0.00  0.75  0.00  0.75  0.00
       14  '-' 1.00  1.00  0.00  0.75  0.00  0.75  0.00  0.00  0.75
       15  '-' 1.00  1.00  0.00  0.00  0.00  0.00  0.75  0.75  0.00
       16  '-' 1.00  1.00  0.00  0.00  0.00  0.00  0.75  0.00  0.75
       17  '-' 0.60  0.00  0.00  0.00  0.00  0.00  0.00  1.00  0.00
       18  '-' 0.60  0.00  0.00  0.00  0.00  0.00  0.00  0.00  1.00
 
*(25)LOAD COMBINATIONS - DEFLECTION:
*    Load Group                                          Wind  Wind
*No.   Id   Id Dead  Coll  Live  Snow Drift Slide  Rain Press  Suct
   0
 
*(26)ADDITIONAL LOADS:
*    Add  Group Ext  Basic    Load       Fx       Fy        Dx       Dy  .. Conc
*No.  Id    Id   Id  Load     Type       W1       W2        D1       D2  .. Dist
  0
 
*(27)DESIGN CODE OPTIONS:
*No.   Event                         Condition
  0
 
*(28)DESIGN PLATES:
*    Ext                    End  --Plate_Size--  -------Bolt------
*No.  Id  Line   Use        Loc   Width   Thick     Dia   Gage Row
  0
 
* Code files used:
*   MBMA.10N
*   COMPMBMA.10N Version 4.0
================================================================================
 C163-027            Extension Design Code                  19/JAN/2026 10:57am
================================================================================

    STRUCTURAL CODE:
    ----------------
      Design Basis      : WS - Working Stress
      Hot  Rolled Steel : AISC05
      Cold Formed Steel : NAUS07

    BUILDING CODE:
    --------------
      Wind Code         : MBMA 10 
      Seismic Zone      : B 

    MODULUS OF ELASTICITY:
    ----------------------
      Hot  Rolled Steel : 199955 (MN/m2)
      Cold Rolled Steel : 203403 (MN/m2)


================================================================================
 C163-027            Canopy  1                              19/JAN/2026 10:57am
================================================================================


 EXTENSION LAYOUT:
 -----------------
          Wall  --Bay_Id-  ---Horizontal_Size---   ----Vertical_Size---        
  Id Type  Id   Start End  Height   Width  Slope    Elev  Height  Slope        
  -- ---- ----  ----- ---  ------  ------  -----   -----  ------  -----        
   1  EC    1     2    2   6100.0  3000.0  10.00     0.0     0.0   0.00        

 BEAM SIZE:
 ----------
          Line                      -Web_Depth-   Web Flange Flange_Thick         ----Max_Load----
  Id       Id  Use     Orn Part     Start   End Thick  Width   Top Bottom  Weight  Id   UC Report
  ------- ---- ------  --- -------- ----- ----- ----- ------ ----- ------  ------ --- ---- -------
  Beam1     2  ATTACH   H  BuiltUp  498.0 198.0  4.00  125.0  5.00   5.00    62.6   8 0.15 Moment 
  Beam2     3  ATTACH   H  BuiltUp  498.0 198.0  4.00  125.0  5.00   5.00    62.6   8 0.15 Moment 
  Beam3     3  ATT_SUPP H  W30a178  300.0 300.0  4.00  175.0  8.00   8.00   232.0   8 0.41 Mom+Axl

 DESIGN PROPERTIES:
 ------------------
                                  ---Top_Flange---  --Bottom_Flange-
             Load   Major  Minor  Minor  Mom1       Minor  Mom1       ----KL/R---
   Id       Width      KL  Axial   Bend /Mom2   Cb   Bend /Mom2   Cb  Major Minor
   -------  -----  ------  -----  ----- ----- ----  ----- ----- ----  ----- -----
   Beam1   3050.0  6029.9 1357.5 1357.5  1.00 1.00 1357.5  1.00 1.00     31    60
   Beam2   3050.0  6029.9 1357.5 1357.5  1.00 1.00 1357.5  1.00 1.00     31    60
   Beam3   3050.0  7390.0 7390.0 7390.0  1.00 1.00 7390.0  1.00 1.00     53   174

 PLATE LIMITS:
 -------------
            -----Web----  -----Flange----
             Depth/Thick  Width/(2xThick)
   Id        Calc  Limit    Calc  Limit
   -------  -----  -----   -----  -----
  Beam1     124.5  180.0    12.5   16.5
  Beam2     124.5  180.0    12.5   16.5
  Beam3      75.0  180.0    10.9   16.5

 STRENGTH:              
 ---------
                --Axial(kN)-  --Shear(kN)-  -----Moment(kN-m)-----  Axial+  Shear+
          Load                                         Top     Bot  Moment  Moment   Max
  Id       Id    Calc  Limit   Calc  Limit    Calc   Limit   Limit      UC      UC    UC
  ------- ----  ----- ------  ----- ------  ------  ------  ------  ------  ------  ----
  Beam1     1   -0.67 660.29   6.72  71.13   10.06  114.51   86.22    0.12    0.00  0.12 
  Beam1     2   -0.15 660.29   1.53  71.13    2.23  114.51   86.22    0.03    0.00  0.03 
  Beam1     3   -0.15 660.29   1.53  71.13    2.23  114.51   86.22    0.03    0.00  0.03 
  Beam1     4   -0.15 660.29   1.53  71.13    2.23  114.51   86.22    0.03    0.00  0.03 
  Beam1     5   -0.15 660.29   1.53  71.13    2.23  114.51   86.22    0.03    0.00  0.03 
  Beam1     6   -0.15 660.29   1.53  71.13    2.23  114.51   86.22    0.03    0.00  0.03 
  Beam1     7   -0.54 660.29  -1.08  71.13   -1.70   86.22  114.51    0.02    0.00  0.02 
  Beam1     8   -0.54 660.29   8.73  71.13   13.09  114.51   86.22    0.15    0.00  0.15 
  Beam1     9   -0.15 660.29  -4.98  71.13   -7.58   86.22  114.51    0.09    0.00  0.09 
  Beam1    10   -0.15 660.29   4.84  71.13    7.22  114.51   86.22    0.08    0.00  0.08 
  Beam1    11   -0.15 660.29  -4.98  71.13   -7.58   86.22  114.51    0.09    0.00  0.09 
  Beam1    12   -0.15 660.29   4.84  71.13    7.22  114.51   86.22    0.08    0.00  0.08 
  Beam1    13   -0.15 660.29  -4.98  71.13   -7.58   86.22  114.51    0.09    0.00  0.09 
  Beam1    14   -0.15 660.29   4.84  71.13    7.22  114.51   86.22    0.08    0.00  0.08 
  Beam1    15   -0.15 660.29  -4.98  71.13   -7.58   86.22  114.51    0.09    0.00  0.09 
  Beam1    16   -0.15 660.29   4.84  71.13    7.22  114.51   86.22    0.08    0.00  0.08 
  Beam1    17   -0.09 660.29  -7.76  71.13  -11.74   86.22  114.51    0.14    0.00  0.14 
  Beam1    18   -0.09 660.29   5.33  71.13    7.99  114.51   86.22    0.09    0.00  0.09 
  Beam2     1   -0.67 660.29   6.72  71.13   10.06  114.51   86.22    0.12    0.00  0.12 
  Beam2     2   -0.15 660.29   1.53  71.13    2.23  114.51   86.22    0.03    0.00  0.03 
  Beam2     3   -0.15 660.29   1.53  71.13    2.23  114.51   86.22    0.03    0.00  0.03 
  Beam2     4   -0.15 660.29   1.53  71.13    2.23  114.51   86.22    0.03    0.00  0.03 
  Beam2     5   -0.15 660.29   1.53  71.13    2.23  114.51   86.22    0.03    0.00  0.03 
  Beam2     6   -0.15 660.29   1.53  71.13    2.23  114.51   86.22    0.03    0.00  0.03 
  Beam2     7   -0.54 660.29  -1.08  71.13   -1.70   86.22  114.51    0.02    0.00  0.02 
  Beam2     8   -0.54 660.29   8.73  71.13   13.09  114.51   86.22    0.15    0.00  0.15 
  Beam2     9   -0.15 660.29  -4.98  71.13   -7.58   86.22  114.51    0.09    0.00  0.09 
  Beam2    10   -0.15 660.29   4.84  71.13    7.22  114.51   86.22    0.08    0.00  0.08 
  Beam2    11   -0.15 660.29  -4.98  71.13   -7.58   86.22  114.51    0.09    0.00  0.09 
  Beam2    12   -0.15 660.29   4.84  71.13    7.22  114.51   86.22    0.08    0.00  0.08 
  Beam2    13   -0.15 660.29  -4.98  71.13   -7.58   86.22  114.51    0.09    0.00  0.09 
  Beam2    14   -0.15 660.29   4.84  71.13    7.22  114.51   86.22    0.08    0.00  0.08 
  Beam2    15   -0.15 660.29  -4.98  71.13   -7.58   86.22  114.51    0.09    0.00  0.09 
  Beam2    16   -0.15 660.29   4.84  71.13    7.22  114.51   86.22    0.08    0.00  0.08 
  Beam2    17   -0.09 660.29  -7.76  71.13  -11.74   86.22  114.51    0.14    0.00  0.14 
  Beam2    18   -0.09 660.29   5.33  71.13    7.99  114.51   86.22    0.09    0.00  0.09 
  Beam3     1    0.00 135.87   1.36 121.93   10.06  106.12   32.24    0.31    0.00  0.31 
  Beam3     2    0.00 135.87   0.30 121.93    2.23  106.12   32.24    0.07    0.00  0.07 
  Beam3     3    0.00 135.87   0.30 121.93    2.23  106.12   32.24    0.07    0.00  0.07 
  Beam3     4    0.00 135.87   0.30 121.93    2.23  106.12   32.24    0.07    0.00  0.07 
  Beam3     5    0.00 135.87   0.30 121.93    2.23  106.12   32.24    0.07    0.00  0.07 
  Beam3     6    0.00 135.87   0.30 121.93    2.23  106.12   32.24    0.07    0.00  0.07 
  Beam3     7    0.00 135.87  -0.23 121.93   -1.70   32.24  106.12    0.05    0.00  0.05 
  Beam3     8    0.00 135.87   1.77 121.93   13.09  106.12   32.24    0.41    0.00  0.41 
  Beam3     9    0.00 135.87  -1.03 121.93   -7.58   32.24  106.12    0.24    0.00  0.24 
  Beam3    10    0.00 135.87   0.98 121.93    7.22  106.12   32.24    0.22    0.00  0.22 
  Beam3    11    0.00 135.87  -1.03 121.93   -7.58   32.24  106.12    0.24    0.00  0.24 
  Beam3    12    0.00 135.87   0.98 121.93    7.22  106.12   32.24    0.22    0.00  0.22 
  Beam3    13    0.00 135.87  -1.03 121.93   -7.58   32.24  106.12    0.24    0.00  0.24 
  Beam3    14    0.00 135.87   0.98 121.93    7.22  106.12   32.24    0.22    0.00  0.22 
  Beam3    15    0.00 135.87  -1.03 121.93   -7.58   32.24  106.12    0.24    0.00  0.24 
  Beam3    16    0.00 135.87   0.98 121.93    7.22  106.12   32.24    0.22    0.00  0.22 
  Beam3    17    0.00 135.87  -1.59 121.93  -11.74   32.24  106.12    0.36    0.00  0.36 
  Beam3    18    0.00 135.87   1.08 121.93    7.99  106.12   32.24    0.25    0.00  0.25 

 DEFLECTION:             
 -----------
          Load  --Deflection(mm)--
  Id       Id     Calc  Limit   UC
  ------- ----  ------ ------ ----
  Beam1     1     -2.0   25.0 0.08 
  Beam1     2     -0.9   25.0 0.04 
  Beam1     3     -0.9   25.0 0.04 
  Beam1     4     -0.9   25.0 0.04 
  Beam1     5     -0.9   25.0 0.04 
  Beam1     6     -0.9   25.0 0.04 
  Beam1     7     -0.3   25.0 0.01 
  Beam1     8     -2.4   25.0 0.10 
  Beam1     9      0.5   25.0 0.02 
  Beam1    10     -1.6   25.0 0.06 
  Beam1    11      0.5   25.0 0.02 
  Beam1    12     -1.6   25.0 0.06 
  Beam1    13      0.5   25.0 0.02 
  Beam1    14     -1.6   25.0 0.06 
  Beam1    15      0.5   25.0 0.02 
  Beam1    16     -1.6   25.0 0.06 
  Beam1    17      1.1   16.7 0.06 
  Beam1    18     -1.8   16.7 0.11 
  Beam2     1     -2.0   25.0 0.08 
  Beam2     2     -0.9   25.0 0.04 
  Beam2     3     -0.9   25.0 0.04 
  Beam2     4     -0.9   25.0 0.04 
  Beam2     5     -0.9   25.0 0.04 
  Beam2     6     -0.9   25.0 0.04 
  Beam2     7     -0.3   25.0 0.01 
  Beam2     8     -2.4   25.0 0.10 
  Beam2     9      0.5   25.0 0.02 
  Beam2    10     -1.6   25.0 0.06 
  Beam2    11      0.5   25.0 0.02 
  Beam2    12     -1.6   25.0 0.06 
  Beam2    13      0.5   25.0 0.02 
  Beam2    14     -1.6   25.0 0.06 
  Beam2    15      0.5   25.0 0.02 
  Beam2    16     -1.6   25.0 0.06 
  Beam2    17      1.1   16.7 0.06 
  Beam2    18     -1.8   16.7 0.11 
  Beam3     1      2.3   25.0 0.09 
  Beam3     2      0.5   25.0 0.02 
  Beam3     3      0.5   25.0 0.02 
  Beam3     4      0.5   25.0 0.02 
  Beam3     5      0.5   25.0 0.02 
  Beam3     6      0.5   25.0 0.02 
  Beam3     7      0.4   25.0 0.02 
  Beam3     8      3.0   25.0 0.12 
  Beam3     9      1.8   25.0 0.07 
  Beam3    10      1.7   25.0 0.07 
  Beam3    11      1.8   25.0 0.07 
  Beam3    12      1.7   25.0 0.07 
  Beam3    13      1.8   25.0 0.07 
  Beam3    14      1.7   25.0 0.07 
  Beam3    15      1.8   25.0 0.07 
  Beam3    16      1.7   25.0 0.07 
  Beam3    17      2.7   16.7 0.16 
  Beam3    18      1.9   16.7 0.11 

 DESIGN CONSTANTS:
 -----------------
  Base Plate Yield     = 340.0 (MN/m2)
  End  Plate Yield     =2344.3 (MN/m2)
  Concrete Bearing     =   7.6 (MN/m2)                                    

 CONNECTION LAYOUT:
 ------------------
          --Splice--  -----Plate(mm)-----  -----------------Bolt(mm)---------------    Req   Req
  Id      Loc   Type   Width Length Thick  Type    Dia Row1 Space1 Row2 Space2 Gage  Thick   Dia
  ------- ----  ----  ------ ------ -----  ----- ----- ---- ------ ---- ------ ----  ----- -----
  Beam1   Start  SS      200    0.0 16.00  Gr8.8 20.00   2   100.0   2   100.0  100  15.05  5.24
  Beam2   Start  SS      200    0.0 16.00  Gr8.8 20.00   2   100.0   2   100.0  100  13.93  5.24
  Beam3   Start  SS      200    0.0 16.00  Gr8.8 20.00   2   100.0   2   100.0  100  13.88  6.70
  Beam3   End    S3      175    0.0 10.00  Gr8.8 16.00   2   100.0   2    75.0 75.0   0.04  1.87

                 S3 - Welded End Plate

 MOMENT CONNECTION REACTIONS:
 ----------------------------
          --Splice--  ------Top(kN,kN-m)------  ------Bot(kN,kN-m)------
  Id      Loc   Type  Load Axial  Shear Moment  Load Axial  Shear Moment
  ------- ----- ----  ---- -----  ----- ------  ---- -----  ----- ------
  Beam1   Start  SS     8  -0.54   8.73  13.09   17  -0.09  -7.76 -11.74
  Beam2   Start  SS     8  -0.54   8.73  13.09   17  -0.09  -7.76 -11.74
  Beam3   Start  SS     8   0.00   8.73  13.09   17   0.00  -7.76 -11.74

 SHEAR CONNECTION REACTIONS:
 ---------------------------
          --Splice--  --Max_Comp(kN)--  --Max_Tens(kN)--  --Max_Shear(kN)- Max_Shear+Tens(kN)
  Id      Loc   Type  Load Axial Shear  Load Axial Shear  Load Axial Shear  Load Axial Shear
  ------- ----- ----  ---- ----- -----  ---- ----- -----  ---- ----- -----  ---- ----- -----
  Beam3   End    S3    18   0.00  1.08   18   0.00  1.08    8   0.00  1.77    8   0.00  1.77    

 WELDS:
 ------
                 -Out_Flange_To_Plate-   --In_Flange_To_Plate-   -----Web_To_Plate----
                           Shear(kN/mm)            Shear(kN/mm)            Shear(kN/mm)
  Id      Loc     Size Typ  Calc Limit    Size Typ  Calc Limit    Size Typ  Calc Limit
  ------- -----  ----- --- ----- -----   ----- --- ----- -----   ----- --- ----- -----
  Beam1   Start   4.00  F2 0.069 0.410    4.00  F2 0.062 0.410    4.00  F1 0.018 0.410
  Beam2   Start   4.00  F2 0.069 0.410    4.00  F2 0.062 0.410    4.00  F1 0.018 0.410
  Beam3   Start   4.00  F2 0.110 0.410    4.00  F2 0.098 0.410    4.00  F1 0.029 0.410
  Beam3   End     4.00  F1 0.000 0.410    4.00  F1 0.000 0.410    4.00  F1 0.006 0.410

 WEB TO FLANGE WELD:
 -------------------
                                        ----Web_To_Flange----
            Load  Shear      Q     Ixx            Shear(kN/mm)
  Id         Id    (kN)  (cm3)   (cm4)   Size Typ  Calc Limit
  --------  ----  -----  -----  ------  ----- --- ----- -----
  Beam1      18     8.7    157   12024   4.00 F1  0.011 0.410
  Beam2      18     8.7    157   12024   4.00 F1  0.011 0.410
  Beam3      18     1.8    173    7542   4.00 F1  0.004 0.410
================================================================================
 C163-027            Canopy  2                              19/JAN/2026 10:57am
================================================================================


 EXTENSION LAYOUT:
 -----------------
          Wall  --Bay_Id-  ---Horizontal_Size---   ----Vertical_Size---        
  Id Type  Id   Start End  Height   Width  Slope    Elev  Height  Slope        
  -- ---- ----  ----- ---  ------  ------  -----   -----  ------  -----        
   2  EC    3     2    2   6100.0  3000.0  10.00     0.0     0.0   0.00        

 BEAM SIZE:
 ----------
          Line                      -Web_Depth-   Web Flange Flange_Thick         ----Max_Load----
  Id       Id  Use     Orn Part     Start   End Thick  Width   Top Bottom  Weight  Id   UC Report
  ------- ---- ------  --- -------- ----- ----- ----- ------ ----- ------  ------ --- ---- -------
  Beam4     2  ATTACH   H  BuiltUp  498.0 198.0  4.00  125.0  5.00   5.00    62.6   8 0.15 Moment 
  Beam5     3  ATTACH   H  BuiltUp  498.0 198.0  4.00  125.0  5.00   5.00    62.6   8 0.15 Moment 
  Beam6     3  ATT_SUPP H  W30a178  300.0 300.0  4.00  175.0  8.00   8.00   232.0   8 0.41 Mom+Axl

 DESIGN PROPERTIES:
 ------------------
                                  ---Top_Flange---  --Bottom_Flange-
             Load   Major  Minor  Minor  Mom1       Minor  Mom1       ----KL/R---
   Id       Width      KL  Axial   Bend /Mom2   Cb   Bend /Mom2   Cb  Major Minor
   -------  -----  ------  -----  ----- ----- ----  ----- ----- ----  ----- -----
   Beam4   3050.0  6029.9 1357.5 1357.5  1.00 1.00 1357.5  1.00 1.00     31    60
   Beam5   3050.0  6029.9 1357.5 1357.5  1.00 1.00 1357.5  1.00 1.00     31    60
   Beam6   3050.0  7390.0 7390.0 7390.0  1.00 1.00 7390.0  1.00 1.00     53   174

 PLATE LIMITS:
 -------------
            -----Web----  -----Flange----
             Depth/Thick  Width/(2xThick)
   Id        Calc  Limit    Calc  Limit
   -------  -----  -----   -----  -----
  Beam4     124.5  180.0    12.5   16.5
  Beam5     124.5  180.0    12.5   16.5
  Beam6      75.0  180.0    10.9   16.5

 STRENGTH:              
 ---------
                --Axial(kN)-  --Shear(kN)-  -----Moment(kN-m)-----  Axial+  Shear+
          Load                                         Top     Bot  Moment  Moment   Max
  Id       Id    Calc  Limit   Calc  Limit    Calc   Limit   Limit      UC      UC    UC
  ------- ----  ----- ------  ----- ------  ------  ------  ------  ------  ------  ----
  Beam4     1   -0.67 660.29   6.72  71.13   10.06  114.51   86.22    0.12    0.00  0.12 
  Beam4     2   -0.15 660.29   1.53  71.13    2.23  114.51   86.22    0.03    0.00  0.03 
  Beam4     3   -0.15 660.29   1.53  71.13    2.23  114.51   86.22    0.03    0.00  0.03 
  Beam4     4   -0.15 660.29   1.53  71.13    2.23  114.51   86.22    0.03    0.00  0.03 
  Beam4     5   -0.15 660.29   1.53  71.13    2.23  114.51   86.22    0.03    0.00  0.03 
  Beam4     6   -0.15 660.29   1.53  71.13    2.23  114.51   86.22    0.03    0.00  0.03 
  Beam4     7   -0.54 660.29  -1.08  71.13   -1.70   86.22  114.51    0.02    0.00  0.02 
  Beam4     8   -0.54 660.29   8.73  71.13   13.09  114.51   86.22    0.15    0.00  0.15 
  Beam4     9   -0.15 660.29  -4.98  71.13   -7.58   86.22  114.51    0.09    0.00  0.09 
  Beam4    10   -0.15 660.29   4.84  71.13    7.22  114.51   86.22    0.08    0.00  0.08 
  Beam4    11   -0.15 660.29  -4.98  71.13   -7.58   86.22  114.51    0.09    0.00  0.09 
  Beam4    12   -0.15 660.29   4.84  71.13    7.22  114.51   86.22    0.08    0.00  0.08 
  Beam4    13   -0.15 660.29  -4.98  71.13   -7.58   86.22  114.51    0.09    0.00  0.09 
  Beam4    14   -0.15 660.29   4.84  71.13    7.22  114.51   86.22    0.08    0.00  0.08 
  Beam4    15   -0.15 660.29  -4.98  71.13   -7.58   86.22  114.51    0.09    0.00  0.09 
  Beam4    16   -0.15 660.29   4.84  71.13    7.22  114.51   86.22    0.08    0.00  0.08 
  Beam4    17   -0.09 660.29  -7.76  71.13  -11.74   86.22  114.51    0.14    0.00  0.14 
  Beam4    18   -0.09 660.29   5.33  71.13    7.99  114.51   86.22    0.09    0.00  0.09 
  Beam5     1   -0.67 660.29   6.72  71.13   10.06  114.51   86.22    0.12    0.00  0.12 
  Beam5     2   -0.15 660.29   1.53  71.13    2.23  114.51   86.22    0.03    0.00  0.03 
  Beam5     3   -0.15 660.29   1.53  71.13    2.23  114.51   86.22    0.03    0.00  0.03 
  Beam5     4   -0.15 660.29   1.53  71.13    2.23  114.51   86.22    0.03    0.00  0.03 
  Beam5     5   -0.15 660.29   1.53  71.13    2.23  114.51   86.22    0.03    0.00  0.03 
  Beam5     6   -0.15 660.29   1.53  71.13    2.23  114.51   86.22    0.03    0.00  0.03 
  Beam5     7   -0.54 660.29  -1.08  71.13   -1.70   86.22  114.51    0.02    0.00  0.02 
  Beam5     8   -0.54 660.29   8.73  71.13   13.09  114.51   86.22    0.15    0.00  0.15 
  Beam5     9   -0.15 660.29  -4.98  71.13   -7.58   86.22  114.51    0.09    0.00  0.09 
  Beam5    10   -0.15 660.29   4.84  71.13    7.22  114.51   86.22    0.08    0.00  0.08 
  Beam5    11   -0.15 660.29  -4.98  71.13   -7.58   86.22  114.51    0.09    0.00  0.09 
  Beam5    12   -0.15 660.29   4.84  71.13    7.22  114.51   86.22    0.08    0.00  0.08 
  Beam5    13   -0.15 660.29  -4.98  71.13   -7.58   86.22  114.51    0.09    0.00  0.09 
  Beam5    14   -0.15 660.29   4.84  71.13    7.22  114.51   86.22    0.08    0.00  0.08 
  Beam5    15   -0.15 660.29  -4.98  71.13   -7.58   86.22  114.51    0.09    0.00  0.09 
  Beam5    16   -0.15 660.29   4.84  71.13    7.22  114.51   86.22    0.08    0.00  0.08 
  Beam5    17   -0.09 660.29  -7.76  71.13  -11.74   86.22  114.51    0.14    0.00  0.14 
  Beam5    18   -0.09 660.29   5.33  71.13    7.99  114.51   86.22    0.09    0.00  0.09 
  Beam6     1    0.00 135.87   1.36 121.93   10.06  106.12   32.24    0.31    0.00  0.31 
  Beam6     2    0.00 135.87   0.30 121.93    2.23  106.12   32.24    0.07    0.00  0.07 
  Beam6     3    0.00 135.87   0.30 121.93    2.23  106.12   32.24    0.07    0.00  0.07 
  Beam6     4    0.00 135.87   0.30 121.93    2.23  106.12   32.24    0.07    0.00  0.07 
  Beam6     5    0.00 135.87   0.30 121.93    2.23  106.12   32.24    0.07    0.00  0.07 
  Beam6     6    0.00 135.87   0.30 121.93    2.23  106.12   32.24    0.07    0.00  0.07 
  Beam6     7    0.00 135.87  -0.23 121.93   -1.70   32.24  106.12    0.05    0.00  0.05 
  Beam6     8    0.00 135.87   1.77 121.93   13.09  106.12   32.24    0.41    0.00  0.41 
  Beam6     9    0.00 135.87  -1.03 121.93   -7.58   32.24  106.12    0.24    0.00  0.24 
  Beam6    10    0.00 135.87   0.98 121.93    7.22  106.12   32.24    0.22    0.00  0.22 
  Beam6    11    0.00 135.87  -1.03 121.93   -7.58   32.24  106.12    0.24    0.00  0.24 
  Beam6    12    0.00 135.87   0.98 121.93    7.22  106.12   32.24    0.22    0.00  0.22 
  Beam6    13    0.00 135.87  -1.03 121.93   -7.58   32.24  106.12    0.24    0.00  0.24 
  Beam6    14    0.00 135.87   0.98 121.93    7.22  106.12   32.24    0.22    0.00  0.22 
  Beam6    15    0.00 135.87  -1.03 121.93   -7.58   32.24  106.12    0.24    0.00  0.24 
  Beam6    16    0.00 135.87   0.98 121.93    7.22  106.12   32.24    0.22    0.00  0.22 
  Beam6    17    0.00 135.87  -1.59 121.93  -11.74   32.24  106.12    0.36    0.00  0.36 
  Beam6    18    0.00 135.87   1.08 121.93    7.99  106.12   32.24    0.25    0.00  0.25 

 DEFLECTION:             
 -----------
          Load  --Deflection(mm)--
  Id       Id     Calc  Limit   UC
  ------- ----  ------ ------ ----
  Beam4     1     -2.0   25.0 0.08 
  Beam4     2     -0.9   25.0 0.04 
  Beam4     3     -0.9   25.0 0.04 
  Beam4     4     -0.9   25.0 0.04 
  Beam4     5     -0.9   25.0 0.04 
  Beam4     6     -0.9   25.0 0.04 
  Beam4     7     -0.3   25.0 0.01 
  Beam4     8     -2.4   25.0 0.10 
  Beam4     9      0.5   25.0 0.02 
  Beam4    10     -1.6   25.0 0.06 
  Beam4    11      0.5   25.0 0.02 
  Beam4    12     -1.6   25.0 0.06 
  Beam4    13      0.5   25.0 0.02 
  Beam4    14     -1.6   25.0 0.06 
  Beam4    15      0.5   25.0 0.02 
  Beam4    16     -1.6   25.0 0.06 
  Beam4    17      1.1   16.7 0.06 
  Beam4    18     -1.8   16.7 0.11 
  Beam5     1     -2.0   25.0 0.08 
  Beam5     2     -0.9   25.0 0.04 
  Beam5     3     -0.9   25.0 0.04 
  Beam5     4     -0.9   25.0 0.04 
  Beam5     5     -0.9   25.0 0.04 
  Beam5     6     -0.9   25.0 0.04 
  Beam5     7     -0.3   25.0 0.01 
  Beam5     8     -2.4   25.0 0.10 
  Beam5     9      0.5   25.0 0.02 
  Beam5    10     -1.6   25.0 0.06 
  Beam5    11      0.5   25.0 0.02 
  Beam5    12     -1.6   25.0 0.06 
  Beam5    13      0.5   25.0 0.02 
  Beam5    14     -1.6   25.0 0.06 
  Beam5    15      0.5   25.0 0.02 
  Beam5    16     -1.6   25.0 0.06 
  Beam5    17      1.1   16.7 0.06 
  Beam5    18     -1.8   16.7 0.11 
  Beam6     1      2.3   25.0 0.09 
  Beam6     2      0.5   25.0 0.02 
  Beam6     3      0.5   25.0 0.02 
  Beam6     4      0.5   25.0 0.02 
  Beam6     5      0.5   25.0 0.02 
  Beam6     6      0.5   25.0 0.02 
  Beam6     7      0.4   25.0 0.02 
  Beam6     8      3.0   25.0 0.12 
  Beam6     9      1.8   25.0 0.07 
  Beam6    10      1.7   25.0 0.07 
  Beam6    11      1.8   25.0 0.07 
  Beam6    12      1.7   25.0 0.07 
  Beam6    13      1.8   25.0 0.07 
  Beam6    14      1.7   25.0 0.07 
  Beam6    15      1.8   25.0 0.07 
  Beam6    16      1.7   25.0 0.07 
  Beam6    17      2.7   16.7 0.16 
  Beam6    18      1.9   16.7 0.11 

 DESIGN CONSTANTS:
 -----------------
  Base Plate Yield     = 340.0 (MN/m2)
  End  Plate Yield     =2344.3 (MN/m2)
  Concrete Bearing     =   7.6 (MN/m2)                                    

 CONNECTION LAYOUT:
 ------------------
          --Splice--  -----Plate(mm)-----  -----------------Bolt(mm)---------------    Req   Req
  Id      Loc   Type   Width Length Thick  Type    Dia Row1 Space1 Row2 Space2 Gage  Thick   Dia
  ------- ----  ----  ------ ------ -----  ----- ----- ---- ------ ---- ------ ----  ----- -----
  Beam4   Start  SS      200    0.0 16.00  Gr8.8 20.00   2   100.0   2   100.0  100  15.05  5.24
  Beam5   Start  SS      200    0.0 16.00  Gr8.8 20.00   2   100.0   2   100.0  100  13.93  5.24
  Beam6   Start  SS      200    0.0 16.00  Gr8.8 20.00   2   100.0   2   100.0  100  13.88  6.70
  Beam6   End    S3      175    0.0 10.00  Gr8.8 16.00   2   100.0   2    75.0 75.0   0.04  1.87

                 S3 - Welded End Plate

 MOMENT CONNECTION REACTIONS:
 ----------------------------
          --Splice--  ------Top(kN,kN-m)------  ------Bot(kN,kN-m)------
  Id      Loc   Type  Load Axial  Shear Moment  Load Axial  Shear Moment
  ------- ----- ----  ---- -----  ----- ------  ---- -----  ----- ------
  Beam4   Start  SS     8  -0.54   8.73  13.09   17  -0.09  -7.76 -11.74
  Beam5   Start  SS     8  -0.54   8.73  13.09   17  -0.09  -7.76 -11.74
  Beam6   Start  SS     8   0.00   8.73  13.09   17   0.00  -7.76 -11.74

 SHEAR CONNECTION REACTIONS:
 ---------------------------
          --Splice--  --Max_Comp(kN)--  --Max_Tens(kN)--  --Max_Shear(kN)- Max_Shear+Tens(kN)
  Id      Loc   Type  Load Axial Shear  Load Axial Shear  Load Axial Shear  Load Axial Shear
  ------- ----- ----  ---- ----- -----  ---- ----- -----  ---- ----- -----  ---- ----- -----
  Beam6   End    S3    18   0.00  1.08   18   0.00  1.08    8   0.00  1.77    8   0.00  1.77    

 WELDS:
 ------
                 -Out_Flange_To_Plate-   --In_Flange_To_Plate-   -----Web_To_Plate----
                           Shear(kN/mm)            Shear(kN/mm)            Shear(kN/mm)
  Id      Loc     Size Typ  Calc Limit    Size Typ  Calc Limit    Size Typ  Calc Limit
  ------- -----  ----- --- ----- -----   ----- --- ----- -----   ----- --- ----- -----
  Beam4   Start   4.00  F2 0.069 0.410    4.00  F2 0.062 0.410    4.00  F1 0.018 0.410
  Beam5   Start   4.00  F2 0.069 0.410    4.00  F2 0.062 0.410    4.00  F1 0.018 0.410
  Beam6   Start   4.00  F2 0.110 0.410    4.00  F2 0.098 0.410    4.00  F1 0.029 0.410
  Beam6   End     4.00  F1 0.000 0.410    4.00  F1 0.000 0.410    4.00  F1 0.006 0.410

 WEB TO FLANGE WELD:
 -------------------
                                        ----Web_To_Flange----
            Load  Shear      Q     Ixx            Shear(kN/mm)
  Id         Id    (kN)  (cm3)   (cm4)   Size Typ  Calc Limit
  --------  ----  -----  -----  ------  ----- --- ----- -----
  Beam4      18     8.7    157   12024   4.00 F1  0.011 0.410
  Beam5      18     8.7    157   12024   4.00 F1  0.011 0.410
  Beam6      18     1.8    173    7542   4.00 F1  0.004 0.410
 
 
================================================================================
 C163-027            Load Combinations                      19/JAN/2026 10:57am
================================================================================


 LOAD COMBINATIONS:
 ------------------
  Strength       
     1   Dead+Collateral+Live
     2   Dead+Collateral+Snow
     3   Dead+Collateral+Snow+Snow_Drift
     4   Dead+Collateral+Snow+Slide_Snow
     5   Dead+Collateral+Rain
     6   Dead+Collateral
     7   Dead+Collateral+0.75Live+0.75Wind_Pressure
     8   Dead+Collateral+0.75Live+0.75Wind_Suction
     9   Dead+Collateral+0.75Snow+0.75Wind_Pressure
    10   Dead+Collateral+0.75Snow+0.75Wind_Suction
    11   Dead+Collateral+0.75Snow+0.75Wind_Pressure+0.75Snow_Drift
    12   Dead+Collateral+0.75Snow+0.75Wind_Suction+0.75Snow_Drift
    13   Dead+Collateral+0.75Snow+0.75Wind_Pressure+0.75Slide_Snow
    14   Dead+Collateral+0.75Snow+0.75Wind_Suction+0.75Slide_Snow
    15   Dead+Collateral+0.75Wind_Pressure+0.75Rain
    16   Dead+Collateral+0.75Wind_Suction+0.75Rain
    17   0.6Dead+Wind_Pressure
    18   0.6Dead+Wind_Suction
  
  Deflection     
     1   Dead+Collateral+Live
     2   Dead+Collateral+Snow
     3   Dead+Collateral+Snow+Snow_Drift
     4   Dead+Collateral+Snow+Slide_Snow
     5   Dead+Collateral+Rain
     6   Dead+Collateral
     7   Dead+Collateral+0.75Live+0.75Wind_Pressure
     8   Dead+Collateral+0.75Live+0.75Wind_Suction
     9   Dead+Collateral+0.75Snow+0.75Wind_Pressure
    10   Dead+Collateral+0.75Snow+0.75Wind_Suction
    11   Dead+Collateral+0.75Snow+0.75Wind_Pressure+0.75Snow_Drift
    12   Dead+Collateral+0.75Snow+0.75Wind_Suction+0.75Snow_Drift
    13   Dead+Collateral+0.75Snow+0.75Wind_Pressure+0.75Slide_Snow
    14   Dead+Collateral+0.75Snow+0.75Wind_Suction+0.75Slide_Snow
    15   Dead+Collateral+0.75Wind_Pressure+0.75Rain
    16   Dead+Collateral+0.75Wind_Suction+0.75Rain
    17   0.6Dead+Wind_Pressure
    18   0.6Dead+Wind_Suction
  

================================================================================
 C163-027            Weight Summary                         19/JAN/2026 10:57am
================================================================================


              EXTENSION  1
                                            Weight
                 Description                  (kg)
                 -----------             ---------
                 Beam                  =    357.20
                                         ----------
                 Total                 =    357.20

              EXTENSION  2
                                            Weight
                 Description                  (kg)
                 -----------             ---------
                 Beam                  =    357.20
                                         ----------
                 Total                 =    357.20


================================================================================
 C163-027            Warning Report                         19/JAN/2026 10:57am
================================================================================

                   .. No Warnings
