*===============================================================================
*C163-027            Endwall Design Input                   19/JAN/2026 10:57am
*===============================================================================
 
*( 1)JOBID:
    'C163-027'
 
*( 2)PROGRAM OPTIONS:
* -Wall-   Run    Run  Run   Run
* Loc Id  Col/Raf Girt Brace Panel
  'L'  1    'Y'    'Y'  'N'   'Y'
 
*( 3)DESIGN CODE:
*Design  ---Steel_Code---             ---Build---   Code     Seismic
* Code   Cold       Hot      Country  Code   Year   Label     Zone
  'WS'  'NAUS07  ' 'AISC05'  '    '  'MBMA'  '10'  'MBMA 10 ' 'B  '
 
*( 4)DESIGN CONSTANTS:
*                     ---Strength_Factors--
* ---Stress_Ratio---          ---Seismic---
* Col/Raf Girt Panel    Wind   Frame  Brace
    1.00  1.00  1.00  1.0000  1.0000 1.0000
 
*( 5)STEEL YIELDS:
* Web   Flg  C_Sec  W_Sec  R_Sec  P_Sec  T_Sec  U_Sec    EP     BP
  340   340    350    340    250    345    317    250   340    340
 
*( 6)DEFLECTION LIMITS:
* -----Rafter-----          ---Girt---  --Panel---
* Live  Wind Total  Column  Wall Facia  Wall Facia  Brace
  180.  150.    0.   120.    90.  120.   90.  120.    60.
 
*( 7)REPORTS:
*   Input  Column  Wall  Door  Wall   Cable
*   Echo   Rafter  Girt  Jamb  Panel  Brace
    'Y'     'Y'    'Y'   'Y'    'Y'    'Y'
 
*( 8)BUILDING LAYOUT:
*                               ---------------Expand_EW---------------
* Type      Width     Length    Use Opt  Extend Offset Flange LoadWidth
 'FF-'    12200.0    45730.0   'Y ' '-'    0.00 415.00 125.00   4110.0
 
*( 9)WALL LAYOUT:
* Id  Use     Type Opt     Start   Length
   1 'LEFT  '  '-' '-'       0.0  12200.0
 
*(10)SURFACE SHAPE:
* No.    X_Coord  Y_Coord  Offset  Opt
   4         0.0   9600.0  200.00  '-'
          6100.0  10210.0  200.00  '-'
         12200.0   9600.0  200.00  '-'
         12200.0      0.0  200.00  '-'
 
 
*(11)BAY SPACING:
* No.   ---Bay_Set---
*Sets     Width  Quan
   1     6100.0    2
 
*(12)ROOF & SIDEWALL BAY:
* --Roof_Bay--   Frame    Left_SW_Bay   Right_SW_Bay
* No.    Width  Recess     Width Open     Width Open
   6    7805.0   415.0    7805.0  'N'    7805.0  'N'
 
*(13)WALL OPENINGS:
*         ----Bay---                            Sill   Base    Set  Panel  JambL/JambR/Header/Sill
*No.  Id  Id  Offset  Type    Width   Height  Height   Elev  Depth   Opt    Type    Part
  1    1   2  1050.0   51    4000.0   5000.0     0.0   0.00   0.00   'Y'    'C '   '--------'
                                                                            'C '   '--------'
                                                                            'C '   '--------'
                                                                            'C '   '--------'
 
*(14)WIDE OPENING LAYOUT:
*----Open--- Bay_Id  --Clear_Opening--   Wedge     Stub    Column  Total
*No. Id Type St End  Width      Height   Height    Elev     Mount  Weight
 0
 
*(15)WIDE OPENING & STRUT FRAMING:
*-Open- ------Door_Jamb------ Stub   Head Back_Brace Strut -Header_Beam- Deflection
*No. Id Type   FlgWid  FlgThk Type   Type Type  Loc  Type  Type Max_Spc  Horz  Vert
 0
 
*(16)WIDE OPENING HEADER LOCATION:
*-Open-    No.        Column
*No. Id    Location   Location
 0
 
*(17)PARTIAL WALLS:
*                --Bay_Id-  ----Offset----          Jamb Base  Top Full_Load  ------Panel------  Deflect_Limit
*No. Id  Use Opt Start End   Start     End   Height Type Type Type Girt  Col  Part      Opt Rot   Girt   Panel
  1   1  'P' 'O'    1    2     0.0     0.0   3000.0  '-'  '-'  '-'  'N'  'Y' '--------' '-' '-'   90.0    90.0
 
*(18)COLUMNS:
*          Max
*Same  UnBrace
*Depth  Length
  'Y'    12000
 
*(19)COLUMN PART & ELEVATION:
*                                              ---Base---  Rafter
*No. Id  Type    Part       Opt  Rot   Depth    Elev  Opt  Attach
  3   1  '-   ' '--------'  '-'  'N'    0.00    0.00  '-'   'F'
      2  'W   ' '--------'  '-'  '-'    0.00    0.00  '-'   'F'
      3  '-   ' '--------'  '-'  'N'    0.00    0.00  '-'   'F'
 
*(20)COLUMN SPLICES:
*     Col
* No.  Id    Locate  Type
   0
 
*(21)RAFTERS:
*Rafter  Flange
* Same    Brace
   'Y'     'Y'
 
*(22)RAFTER PART:
*    Surf
*No.  Id   Type    Part       Opt  Rot  Depth
  2    2  'W   '  '--------'  '-'  '-'   0.00
       3  'W   '  '--------'  '-'  '-'   0.00
 
*(23)RAFTER SPLICES:
*     Surf
* No.  Id    Locate  Type  Opt
   3    2       0.0  '--'  '-'
        3       0.0  'M '  '-'
        3    6130.4  '--'  '-'
 
*(24)GIRT DESIGN:
*Girt  --Flange_Strap--                   --Depth--     Set     Max  Rafter
*Type  Out  In    Space  Offset  Project    Set Opt     Lap   Space  Attach
 'ZB'  'C'  'Y'  2250.0    0.00   230.00 200.00 'W'     0.0  3080.0    'N'
 
*(25)GIRT LOCATION:
* Set
* Loc   No.   Location
  'Y'    5     3080.0   4580.0   6080.0   7580.0   8980.0
 
*(26)SPECIAL GIRT:
*     --Bay_Id--
*No.  Start  End   Height  Type  Rot  Part       Use
  1      2     2   6150.0  'ZB'  'D' '--------'  'C'
 
*(27)SIDEWALL GIRT:
*Wall
* Id   Type  Depth Offset Project   No.   Location
   2   'ZB' 200.00   0.00  230.00    5     3080.0   4580.0   6080.0   7580.0   8980.0
   4   'ZB' 200.00   0.00  230.00    5     3080.0   4580.0   6080.0   7580.0   8980.0
 
*(28)ROOF PURLINS:
*Surf   Surf     Peak
* Id     Ext     Space  No.  Locate
   2       0     300.0   4   1457.6   2915.2   4372.8   5830.4
   3       0     300.0   4    300.0   1757.6   3215.2   4672.8
 
*(29)WALL PANELS:
*----Wall_Panel----  ------Insulation-----
* Part      Opt Rot  Use  Thick  Part
 '40333 .5' '-' '-'  'N'   0.00 '--------'
 
*(30)LINER PANELS:
*      --Bay_Id-                       Flange
*No.   Start End    Height   Part       Opt
  0
 
*(31)RIGID FRAME:
*Frame Interior_Column
*Type  Type  No.  Locate
 'RF ' '-'    0
 
*(32)WALL FRAMING OPTIONS:
*Panel  Diagonal  Brace            EW_Brace_To_Frame
*Shear  Bracing   Option  Height      Left     Right
  'N'     'N'      '--'      0.0    6100.0    6100.0
 
*(33)WALL BRACING:
*   Wind   Brace     No._Bay   Specified
*  Shear   Type     Specified  Bays_For_Bracing
   820.5    'R  '       0
 
*(34)WALL BRACING ATTACHMENT:
*                 --Bay_Id--            No.
* No.      Id     Start  End     Elev  Level         Level_Height
    1       1       1     2      0.00    0
 
*(35)EXTENSION LAYOUT:
*    Ext  Wall                   --Bay_Id-   --Edge_Extend--     Beam
*No.  Id   Id   Type  Opt  Mount Start End     Left    Right      Lap  Attach
   1   1    1   'EC'  '-'   'B'     2    2      0.0      0.0   100.00   'C'
 
*(36)EXTENSION SIZE:
*Ext  -----Horizontal_Size-----   ---------Vertical_Size--------
* Id    Height    Width   Slope      Elev  Height  Slope Project
   1    6100.0   3000.0   10.00       0.0     0.0   0.00    0.00
 
*(37)EXTENSION GIRTS:
*    Ext
*No.  Id   Use        Type  Rot  Depth
  0
 
*(38)EXTENSION PANELS:
*     Ext                               Angle
*No.  Id   Use        Part       Rot  Spacing
  0
 
*(39)LOAD GROUPS:
*    Group
*No.   Id   Description
   1  '-'  'Standard            '
 
*(40)BASIC LOADS:
*                                                                 ------Girts/Panels-----
*                                              ---Deflection---   --Strength-  Deflection
*Group  Dead  Coll   Live   Snow  Rain  Basic     Load_Ratio      Load_Factor  Load_Ratio
*  Id   Load  Load   Load   Load  Load   Wind  Snow  Wind  Seis   Wind   Seis  Wind  Seis
  '-'  0.100 0.050  0.570  0.000 0.000  0.561  1.00  1.00  1.00   1.00   1.00  1.00  1.00
 
*(41)EDGE ZONE:
*      ----------Endwall----------  ---------Sidewall----------  --------Ratio--------
*Group -Left_Corner-  Right_Corner  -Left_Corner-  Right_Corner   Girt/
*  Id   Width   Base   Width  Base   Width   Base  Width   Base   Jamb   Panel  Column
  '-'    1220      0   1220      0    1220      0   1220      0   1.07    1.00   1.07
 
*(42)BASIC LOADS AT EAVE:
*Group  Seis    Seis   Seis   --Torsion--   --Extension--   -Additional-
*  Id   Dead    Girt   Load   Wind   Seis     Wind   Seis    Wind   Seis
  '-'  0.096  0.0000   0.47   0.00   0.00     0.27   0.04    0.00   0.00
 
*(43)LONGITUDINAL BRACING LOADS:
*Group   ----Wind-----   ---Seismic---
*  Id    Horz    Vert    Horz    Vert
  '-'    0.00    0.00    0.00    0.00  .. Left  Column
  '-'    0.00    0.00    0.00    0.00  .. Right Column
 
*(44)WIND PRESSURE/SUCTION:
*Group   Wind     Wind
*  Id   Press     Suct
  '-'   0.491   -0.541    .. Column
  '-'   0.491   -0.541    .. Girt/Header
  '-'   0.491   -0.541    .. Jamb
  '-'   0.606   -0.657    .. Panel
  '-'   0.491   -0.541    .. Parapet Column
  '-'   1.007   -0.830    .. Parapet Girt
  '-'   0.842   -0.561    .. Transv Bracing, Facia/Parapet
 
*(45)WIND COEFFICIENTS:
*Group Surf  ---Wind_1--   ---Wind_2--     Long_Wind  Surface
*  Id   Id   Left  Right   Left  Right      1      2  Friction
  '-'    1   0.39  -0.63   0.80  -0.22  -0.63  -0.27    0.00
  '-'    2  -1.07  -0.64  -0.71  -0.28  -0.87  -0.51    0.00
  '-'    3  -0.64  -1.07  -0.28  -0.71  -0.87  -0.51    0.00
  '-'    4  -0.63   0.39  -0.22   0.80  -0.63  -0.27    0.00
 
*(46)COLUMN, RAFTER, BRACING LOAD COMBINATIONS - STRENGTH:
*    Load Group            ---Live---        -Add_Snow-        --Wind_1--  --Wind_2--   Long_Wind Column_Wind  -Seismic--  Aux_Loa
*No.  Id    Id Dead  Coll  Roof Floor  Snow Drift Slide  Rain  Left Right  Left Right     1     2 Press  Suct  Long  Tran  Id  Coe
  65   1   '-' 1.00  1.00  1.00  0.00  0.00  0.00  0.00  0.00  0.00  0.00  0.00  0.00  0.00  0.00  0.00  0.00  0.00  0.00   0  0.0
       2   '-' 1.00  1.00  0.00  1.00  0.00  0.00  0.00  0.00  0.00  0.00  0.00  0.00  0.00  0.00  0.00  0.00  0.00  0.00   0  0.0
       3   '-' 1.00  1.00  0.00  0.00  1.00  0.00  0.00  0.00  0.00  0.00  0.00  0.00  0.00  0.00  0.00  0.00  0.00  0.00   0  0.0
       4   '-' 1.00  1.00  0.00  0.00  1.00  1.00  0.00  0.00  0.00  0.00  0.00  0.00  0.00  0.00  0.00  0.00  0.00  0.00   0  0.0
       5   '-' 1.00  1.00  0.00  0.00  1.00  0.00  1.00  0.00  0.00  0.00  0.00  0.00  0.00  0.00  0.00  0.00  0.00  0.00   0  0.0
       6   '-' 1.00  1.00  0.75  0.75  0.00  0.00  0.00  0.00  0.00  0.00  0.75  0.00  0.00  0.00  0.00  0.75  0.00  0.00   0  0.0
       7   '-' 1.00  1.00  0.75  0.75  0.00  0.00  0.00  0.00  0.00  0.00  0.00  0.75  0.00  0.00  0.00  0.75  0.00  0.00   0  0.0
       8   '-' 1.00  1.00  0.75  0.75  0.00  0.00  0.00  0.00  0.00  0.00  0.00  0.00  0.75  0.00  0.00  0.75  0.00  0.00   0  0.0
       9   '-' 1.00  1.00  0.75  0.75  0.00  0.00  0.00  0.00  0.00  0.00  0.00  0.00  0.00  0.75  0.00  0.75  0.00  0.00   0  0.0
      10   '-' 1.00  1.00  0.00  0.75  0.75  0.00  0.00  0.00  0.00  0.00  0.75  0.00  0.00  0.00  0.00  0.75  0.00  0.00   0  0.0
      11   '-' 1.00  1.00  0.00  0.75  0.75  0.00  0.00  0.00  0.00  0.00  0.00  0.75  0.00  0.00  0.00  0.75  0.00  0.00   0  0.0
      12   '-' 1.00  1.00  0.00  0.75  0.75  0.00  0.00  0.00  0.00  0.00  0.00  0.00  0.75  0.00  0.00  0.75  0.00  0.00   0  0.0
      13   '-' 1.00  1.00  0.00  0.75  0.75  0.00  0.00  0.00  0.00  0.00  0.00  0.00  0.00  0.75  0.00  0.75  0.00  0.00   0  0.0
      14   '-' 1.00  1.00  0.00  0.75  0.75  0.75  0.00  0.00  0.00  0.00  0.75  0.00  0.00  0.00  0.00  0.75  0.00  0.00   0  0.0
      15   '-' 1.00  1.00  0.00  0.75  0.75  0.75  0.00  0.00  0.00  0.00  0.00  0.75  0.00  0.00  0.00  0.75  0.00  0.00   0  0.0
      16   '-' 1.00  1.00  0.00  0.75  0.75  0.75  0.00  0.00  0.00  0.00  0.00  0.00  0.75  0.00  0.00  0.75  0.00  0.00   0  0.0
      17   '-' 1.00  1.00  0.00  0.75  0.75  0.75  0.00  0.00  0.00  0.00  0.00  0.00  0.00  0.75  0.00  0.75  0.00  0.00   0  0.0
      18   '-' 1.00  1.00  0.00  0.75  0.75  0.00  0.75  0.00  0.00  0.00  0.75  0.00  0.00  0.00  0.00  0.75  0.00  0.00   0  0.0
      19   '-' 1.00  1.00  0.00  0.75  0.75  0.00  0.75  0.00  0.00  0.00  0.00  0.75  0.00  0.00  0.00  0.75  0.00  0.00   0  0.0
      20   '-' 1.00  1.00  0.00  0.75  0.75  0.00  0.75  0.00  0.00  0.00  0.00  0.00  0.75  0.00  0.00  0.75  0.00  0.00   0  0.0
      21   '-' 1.00  1.00  0.00  0.75  0.75  0.00  0.75  0.00  0.00  0.00  0.00  0.00  0.00  0.75  0.00  0.75  0.00  0.00   0  0.0
      22   '-' 0.60  0.00  0.00  0.00  0.00  0.00  0.00  0.00  0.00  0.00  0.00  0.00  1.00  0.00  1.00  0.00  0.00  0.00   0  0.0
      23   '-' 0.60  0.00  0.00  0.00  0.00  0.00  0.00  0.00  0.00  0.00  0.00  0.00  0.00  1.00  1.00  0.00  0.00  0.00   0  0.0
      24   '-' 0.60  0.00  0.00  0.00  0.00  0.00  0.00  0.00  0.00  0.00  0.00  0.00  1.00  0.00  0.00  1.00  0.00  0.00   0  0.0
      25   '-' 0.60  0.00  0.00  0.00  0.00  0.00  0.00  0.00  0.00  0.00  0.00  0.00  0.00  1.00  0.00  1.00  0.00  0.00   0  0.0
      26   '-' 0.60  0.00  0.00  0.00  0.00  0.00  0.00  0.00  1.00  0.00  0.00  0.00  0.00  0.00  0.00  1.00  0.00  0.00   0  0.0
      27   '-' 0.60  0.00  0.00  0.00  0.00  0.00  0.00  0.00  0.00  1.00  0.00  0.00  0.00  0.00  0.00  1.00  0.00  0.00   0  0.0
      28   '-' 0.60  0.00  0.00  0.00  0.00  0.00  0.00  0.00  0.00  0.00  1.00  0.00  0.00  0.00  0.00  1.00  0.00  0.00   0  0.0
      29   '-' 0.60  0.00  0.00  0.00  0.00  0.00  0.00  0.00  0.00  0.00  0.00  1.00  0.00  0.00  0.00  1.00  0.00  0.00   0  0.0
      30   '-' 1.01  1.01  0.00  0.00  0.00  0.00  0.00  0.00  0.00  0.00  0.00  0.00  0.00  0.00  0.00  0.00  0.00  0.70   0  0.0
      31   '-' 1.01  1.01  0.00  0.00  0.00  0.00  0.00  0.00  0.00  0.00  0.00  0.00  0.00  0.00  0.00  0.00  0.00 -0.70   0  0.0
      32   '-' 1.01  1.01  0.75  0.75  0.00  0.00  0.00  0.00  0.00  0.00  0.00  0.00  0.00  0.00  0.00  0.00  0.00  0.52   0  0.0
      33   '-' 1.01  1.01  0.75  0.75  0.00  0.00  0.00  0.00  0.00  0.00  0.00  0.00  0.00  0.00  0.00  0.00  0.00 -0.52   0  0.0
      34   '-' 1.01  1.01  0.00  0.75  0.00  0.00  0.00  0.00  0.00  0.00  0.00  0.00  0.00  0.00  0.00  0.00  0.00  0.52   0  0.0
      35   '-' 1.01  1.01  0.00  0.75  0.00  0.00  0.00  0.00  0.00  0.00  0.00  0.00  0.00  0.00  0.00  0.00  0.00 -0.52   0  0.0
      36   '-' 0.59  0.00  0.00  0.00  0.00  0.00  0.00  0.00  0.00  0.00  0.00  0.00  0.00  0.00  0.00  0.00  0.00  0.70   0  0.0
      37   '-' 0.59  0.00  0.00  0.00  0.00  0.00  0.00  0.00  0.00  0.00  0.00  0.00  0.00  0.00  0.00  0.00  0.00 -0.70   0  0.0
      38   '-' 0.60  0.00  0.00  0.00  0.00  0.00  0.00  0.00  1.00  0.00  0.00  0.00  0.00  0.00  0.00  0.00  0.00  0.00   0  0.0
      39   '-' 0.60  0.00  0.00  0.00  0.00  0.00  0.00  0.00  0.00  1.00  0.00  0.00  0.00  0.00  0.00  0.00  0.00  0.00   0  0.0
      40   '-' 0.60  0.00  0.00  0.00  0.00  0.00  0.00  0.00  0.00  0.00  1.00  0.00  0.00  0.00  0.00  0.00  0.00  0.00   0  0.0
      41   '-' 0.60  0.00  0.00  0.00  0.00  0.00  0.00  0.00  0.00  0.00  0.00  1.00  0.00  0.00  0.00  0.00  0.00  0.00   0  0.0
      42   '-' 0.60  0.00  0.00  0.00  0.00  0.00  0.00  0.00  0.00  0.00  0.00  0.00  1.00  0.00  0.00  0.00  0.00  0.00   3  1.0
      43   '-' 0.60  0.00  0.00  0.00  0.00  0.00  0.00  0.00  0.00  0.00  0.00  0.00  1.00  0.00  0.00  0.00  0.00  0.00   4  1.0
      44   '-' 0.60  0.00  0.00  0.00  0.00  0.00  0.00  0.00  0.00  0.00  0.00  0.00  0.00  1.00  0.00  0.00  0.00  0.00   5  1.0
      45   '-' 0.60  0.00  0.00  0.00  0.00  0.00  0.00  0.00  0.00  0.00  0.00  0.00  0.00  1.00  0.00  0.00  0.00  0.00   6  1.0
      46   '-' 1.00  1.00  0.00  0.00  0.00  0.00  0.00  0.00  0.00  0.00  0.00  0.00  0.00  0.00  0.00  0.00  0.00  0.70   0  0.0
      47   '-' 1.00  1.00  0.00  0.00  0.00  0.00  0.00  0.00  0.00  0.00  0.00  0.00  0.00  0.00  0.00  0.00  0.00 -0.70   0  0.0
      48   '-' 1.00  1.00  0.75  0.00  0.00  0.00  0.00  0.00  0.00  0.00  0.00  0.00  0.00  0.00  0.00  0.00  0.00  0.70   0  0.0
      49   '-' 1.00  1.00  0.75  0.00  0.00  0.00  0.00  0.00  0.00  0.00  0.00  0.00  0.00  0.00  0.00  0.00  0.00 -0.70   0  0.0
      50   '-' 1.00  1.00  0.00  0.00  0.00  0.00  0.00  0.00  0.00  0.00  0.00  0.00  0.00  0.00  0.00  0.00  0.00  0.52   0  0.0
      51   '-' 1.00  1.00  0.00  0.00  0.00  0.00  0.00  0.00  0.00  0.00  0.00  0.00  0.00  0.00  0.00  0.00  0.00 -0.52   0  0.0
      52   '-' 0.60  0.00  0.00  0.00  0.00  0.00  0.00  0.00  0.00  0.00  0.00  0.00  0.00  0.00  0.00  0.00  0.00  0.70   0  0.0
      53   '-' 0.60  0.00  0.00  0.00  0.00  0.00  0.00  0.00  0.00  0.00  0.00  0.00  0.00  0.00  0.00  0.00  0.00 -0.70   0  0.0
      54   '-' 1.00  1.00  0.01  0.00  0.00  0.00  0.00  0.00  0.00  0.00  0.00  0.00  0.00  0.00  0.00  0.00  0.00  0.00   1  1.0
      55   '-' 1.00  1.00  0.01  0.00  0.00  0.00  0.00  0.00  0.00  0.00  0.00  0.00  0.00  0.00  0.00  0.00  0.00  0.00   2  1.0
      56   '-' 1.00  1.00  0.00  0.00  0.75  0.00  0.00  0.00  0.00  0.00  0.75  0.00  0.00  0.00  0.00  0.75  0.00  0.00   0  0.0
      57   '-' 1.00  1.00  0.00  0.00  0.75  0.00  0.00  0.00  0.00  0.00  0.00  0.75  0.00  0.00  0.00  0.75  0.00  0.00   0  0.0
      58   '-' 1.00  1.00  0.00  0.00  0.75  0.75  0.00  0.00  0.00  0.00  0.75  0.00  0.00  0.00  0.00  0.75  0.00  0.00   0  0.0
      59   '-' 1.00  1.00  0.00  0.00  0.75  0.75  0.00  0.00  0.00  0.00  0.00  0.75  0.00  0.00  0.00  0.75  0.00  0.00   0  0.0
      60   '-' 1.00  1.00  0.00  0.00  0.75  0.75  0.00  0.00  0.00  0.00  0.00  0.00  0.75  0.00  0.00  0.75  0.00  0.00   0  0.0
      61   '-' 1.00  1.00  0.00  0.00  0.75  0.75  0.00  0.00  0.00  0.00  0.00  0.00  0.00  0.75  0.00  0.75  0.00  0.00   0  0.0
      62   '-' 1.00  1.00  0.00  0.00  0.75  0.00  0.75  0.00  0.00  0.00  0.75  0.00  0.00  0.00  0.00  0.75  0.00  0.00   0  0.0
      63   '-' 1.00  1.00  0.00  0.00  0.75  0.00  0.75  0.00  0.00  0.00  0.00  0.75  0.00  0.00  0.00  0.75  0.00  0.00   0  0.0
      64   '-' 1.00  1.00  0.00  0.00  0.75  0.00  0.75  0.00  0.00  0.00  0.00  0.00  0.75  0.00  0.00  0.75  0.00  0.00   0  0.0
      65   '-' 1.00  1.00  0.00  0.00  0.75  0.00  0.75  0.00  0.00  0.00  0.00  0.00  0.00  0.75  0.00  0.75  0.00  0.00   0  0.0
 
*(47)COLUMN, RAFTER, BRACING LOAD COMBINATIONS - DEFLECTION:
*    Load Group            ---Live---        -Add_Snow-        --Wind_1--  --Wind_2--   Long_Wind Column_Wind  -Seismic--  Aux_Loa
*No.  Id    Id Dead  Coll  Roof Floor  Snow Drift Slide  Rain  Left Right  Left Right     1     2 Press  Suct  Long  Tran  Id  Coe
   0
 
*(48)AUXILIARY LOADS:
*                        No._Add   Add_Load
* No.   Id   Name         Combs   Id    Coef
   6     1   'E1PAT_LL_1'   1      1    1.00
         2   'E1PAT_LL_2'   1      2    1.00
         3   'LWIND1_L  '   1      3    1.00
         4   'LWIND1_R  '   1      4    1.00
         5   'LWIND2_L  '   1      3    1.00
         6   'LWIND2_R  '   1      4    1.00
 
*(49)ADDITIONAL LOADS:
*    Add  Group Loc  Basic        Load       Fx        Fy      Mom        Dx        Dy  .. Conc
*No.  Id    Id   Id  Load         Type       W1        W2       Co       Dl1       Dl2  .. Dist
  12   1   '-'    2 'U_LIVE    '  'D '    -2.33     -2.33    0.100       0.0    6130.4
       2   '-'    3 'U_LIVE    '  'D '    -2.33     -2.33   -0.100       0.0    6130.4
       3   '-'    2 'U_WIND    '  'D '     0.88      0.88    0.000       0.0    2440.0
       4   '-'    3 'U_WIND    '  'D '     0.88      0.88    0.000    3690.4    6130.4
       5   '-'    2 'DEAD      '  'I '    0.000    -0.920    1.380       0.0    6100.0
       6   '-'    2 'LIVE      '  'I '    0.000    -5.215    7.830       0.0    6100.0
       7   '-'    2 'WINDP     '  'I '   -0.765     7.653  -11.604       0.0    6100.0
       8   '-'    2 'WINDS     '  'I '   -0.193     1.927   -2.922       0.0    6100.0
       9   '-'    3 'DEAD      '  'I '    0.000    -0.920    0.000       0.0    6100.0
      10   '-'    3 'LIVE      '  'I '    0.000    -5.215    0.000       0.0    6100.0
      11   '-'    3 'WINDP     '  'I '    0.000     7.653    0.000       0.0    6100.0
      12   '-'    3 'WINDS     '  'I '    0.000     1.927    0.000       0.0    6100.0
 
*(50)GIRT LAPS:
*      Data  ------Set_1-------  ------Set_2-------  ------Set_3-------
* Opt  Sets  Left    Right Quan  Left    Right Quan  Left    Right Quan
  '-'   0
 
*(51)GIRT STRAPS:
*     Data  ---Set_1---  ---Set_2---  ---Set_3---  ---Set_4---
*Opt  Sets  Strap  Quan  Strap  Quan  Strap  Quan  Strap  Quan
 '-'   0
 
*(52)PANEL SCREWS:
* No.                                    Washer
*Zone Zone   Part          Dia    Limit     Dia  -------Spacing------
   3 'INT ' '14x20SDS'    4.80   13.700   19.00  250.00 125.00  83.33
     'EDGE' '14x20SDS'    4.80   13.700   19.00  250.00 125.00  83.33
     'BASE' '14x20SDS'    4.80   13.700   19.00  250.00 125.00  83.33
 
*(53)BEAMS:
*     Bay
*No.   Id Use    Height   Offset  Locate1  Locate2
  0
 
*(54)STEPPED LOAD COEFFICIENTS:
*    Group Basic    Location   No.  ----Step_1---   ----Step_2---   ----Step_3---
*No.   Id  Load      Use  Id  Step  Locate   Coef   Locate   Coef   Locate   Coef
  4   '-' 'WINDL1'   'R'   2    2   6100.0  1.000   6130.4  0.599
      '-' 'WINDR1'   'R'   3    2     30.4  0.599   6130.4  1.000
      '-' 'WINDL2'   'R'   2    2   6100.0  1.000   6130.4  0.395
      '-' 'WINDR2'   'R'   3    2     30.4  0.395   6130.4  1.000
 
*(55)ADDITIONAL COLUMNS:
*No.  Id   Locate  Type  Rot  Opt  Part           Elev
  0
 
*(56)RIGID FRAME COORDINATES:
*Frame Frame                           Flange
*  Id   Type  No.  X_Coord    Y_Coord   Width
    1   'RF'   8     635.0        0.0   150.0
                     635.0     9105.7   150.0
                     635.0     9105.7   125.0
                    6100.0     9752.7   125.0
                    6100.0     9752.7   125.0
                   11565.0     9105.7   125.0
                   11565.0     9105.7   150.0
                   11565.0        0.0   150.0
 
*(57)DESIGN CODE OPTIONS:
*No.   Event                         Condition
  0
 
*(58)DESIGN PLATES:
*     ----Plate---   --Plate_Size-   Bolt   Bolt  ----Top---  --Bottom--   Plate  Bolt
*No.  Type      Id   Width   Thick    Dia   Gage  Row  Space  Row  Space  Offset  Edge
  0
 
*(59)GIRT LAYOUT:
*      Bay                                    -----Extend----   Frame_Opt  -Frame_Id-
*  No.  Id   Locate  Type  Rot Opt  Part         Left   Right  Left Right  Left Right
    0
 
*(60)COLUMN FLANGE BRACE:
*      Col
*No.   Id   Girt   Side  Opt
  0
 
*AUXILIARY LOAD DESCRIPTIONS:
* Aux
*  Id  Description
*   1  Pattern live load
*   2  Pattern live load
*   3  Longitudinal wind load, case 1 zone 2
*   4  Longitudinal wind load, case 1 zone 3
*   5  Longitudinal wind load, case 2 zone 2
*   6  Longitudinal wind load, case 2 zone 3
*
*ADDITIONAL LOAD DESCRIPTIONS:
* Add
*  Id  Description
*   1  Pattern live load bay 1
*   2  Pattern live load bay 2
*   3  Longitudinal wind load zone 2
*   4  Longitudinal wind load zone 3
*   5  Extension Id 1, Column Id 2, Dead =  0.100
*   6  Extension Id 1, Column Id 2, Live =  0.570
*   7  Extension Id 1, Column Id 2, Wind =  -0.836
*   8  Extension Id 1, Column Id 2, Wind =  -0.211
*   9  Extension Id 1, Column Id 3, Dead =  0.100
*  10  Extension Id 1, Column Id 3, Live =  0.570
*  11  Extension Id 1, Column Id 3, Wind =  -0.836
*  12  Extension Id 1, Column Id 3, Wind =  -0.211
*
* Code files used:
*   MBMA.10N
*   EW_MBMA.10N Version 4.0
*
*BASIC LOADS AT EAVE - Extension_Brace
* Ext
*  Id   Wind    Seismic
*   1   0.27      0.04

================================================================================
 C163-027            Wall 1 - Design Code                   19/JAN/2026 10:57am
================================================================================

 STRUCTURAL CODE:
 ----------------
   Design Basis      :  WS - Working Stress
   Hot  Rolled Steel :  AISC05
   Cold Formed Steel :  NAUS07  

 BUILDING CODE:
 --------------
   Wind Code         :  MBMA 10
   Seismic Zone      :  B  

 MODULUS OF ELASTICITY:
 ----------------------
   Hot  Rolled Steel :  199955 (MN/m2)
   Cold Formed Steel :  203403 (MN/m2)
 
================================================================================
 C163-027            Wall 1 - Column & Rafter Design        19/JAN/2026 10:57am
================================================================================

 MEMBER LAYOUT:
 --------------
         Locate             ---Web(mm)-- -Flange(mm)- Length Weight ----Max_Load----
  Id       (mm) Part        Depth  Thick Width  Thick   (mm)   (kg)  Id   UC Report
  ------ ------ ----------- -----  ----- -----  ----- ------ ------ --- ---- -------
  Col1        0
  Col2     6100 W35a125     350.0   4.00 125.0   5.00   9753  202.9  24 0.84 Mom+Axl
  Col3    12200
                                                            -------
                                                  Total=      202.9


 DESIGN ACTIONS/STRENGTH:
 ------------------------
         Load  ---Axial(kN)--  ---Shear(kN)--  -Moment(kN-m)-
  Id      Id     Calc   Limit    Calc   Limit    Calc   Limit
  -----  ----  ------  ------  ------  ------  ------  ------
  Col2     1     8.12  180.15    0.94  102.05   -5.76   59.79
  Col2     2     2.91  180.15    0.14  102.05   -0.86   59.79
  Col2     3     2.91  180.15    0.14  102.05   -0.86   59.79
  Col2     4     2.91  180.15    0.14  102.05   -0.86   59.79
  Col2     5     2.91  180.15    0.14  102.05   -0.86   59.79
  Col2     6     5.37  180.15   15.71  102.05   36.71   59.79
  Col2     7     5.37  180.15   15.71  102.05   36.71   59.79
  Col2     8     5.37  180.15   15.71  102.05   36.71   59.79
  Col2     9     5.37  180.15   15.71  102.05   36.71   59.79
  Col2    10     1.46  180.15  -15.24  102.05   37.48   59.79
  Col2    11     1.46  180.15  -15.24  102.05   37.48   59.79
  Col2    12     1.46  180.15  -15.24  102.05   37.48   59.79
  Col2    13     1.46  180.15  -15.24  102.05   37.48   59.79
  Col2    14     1.46  180.15  -15.24  102.05   37.48   59.79
  Col2    15     1.46  180.15  -15.24  102.05   37.48   59.79
  Col2    16     1.46  180.15  -15.24  102.05   37.48   59.79
  Col2    17     1.46  180.15  -15.24  102.05   37.48   59.79
  Col2    18     1.46  180.15  -15.24  102.05   37.48   59.79
  Col2    19     1.46  180.15  -15.24  102.05   37.48   59.79
  Col2    20     1.46  180.15  -15.24  102.05   37.48   59.79
  Col2    21     1.46  180.15  -15.24  102.05   37.48   59.79
  Col2    22    -6.21  549.90  -18.90  102.05  -44.02   59.79
  Col2    23    -6.21  549.90  -18.90  102.05  -44.02   59.79
  Col2    24    -1.18  549.90  -20.42  102.05   50.49   59.79
  Col2    25    -1.18  549.90  -20.42  102.05   50.49   59.79
  Col2    26    -1.18  549.90  -20.42  102.05   50.49   59.79
  Col2    27    -1.18  549.90  -20.42  102.05   50.49   59.79
  Col2    28    -1.18  549.90  -20.42  102.05   50.49   59.79
  Col2    29    -1.18  549.90  -20.42  102.05   50.49   59.79
  Col2    30     2.94  180.15    0.14  102.05   -0.87   59.79
  Col2    31     2.94  180.15    0.14  102.05   -0.87   59.79
  Col2    32     6.85  180.15    0.75  102.05   -4.54   59.79
  Col2    33     6.85  180.15    0.75  102.05   -4.54   59.79
  Col2    34     2.94  180.15    0.14  102.05   -0.87   59.79
  Col2    35     2.94  180.15    0.14  102.05   -0.87   59.79
  Col2    36     1.72  180.15    0.08  102.05   -0.51   59.79
  Col2    37     1.72  180.15    0.08  102.05   -0.51   59.79
  Col2    38     1.75  180.15    0.08  102.05   -0.52   59.79
  Col2    39     1.75  180.15    0.08  102.05   -0.52   59.79
  Col2    40     1.75  180.15    0.08  102.05   -0.52   59.79
  Col2    41     1.75  180.15    0.08  102.05   -0.52   59.79
  Col2    42     1.75  180.15    0.08  102.05   -0.52   59.79
  Col2    43     1.75  180.15    0.08  102.05   -0.52   59.79
  Col2    44     1.75  180.15    0.08  102.05   -0.52   59.79
  Col2    45     1.75  180.15    0.08  102.05   -0.52   59.79
  Col2    46     2.91  180.15    0.14  102.05   -0.86   59.79
  Col2    47     2.91  180.15    0.14  102.05   -0.86   59.79
  Col2    48     6.82  180.15    0.74  102.05   -4.53   59.79
  Col2    49     6.82  180.15    0.74  102.05   -4.53   59.79
  Col2    50     2.91  180.15    0.14  102.05   -0.86   59.79
  Col2    51     2.91  180.15    0.14  102.05   -0.86   59.79
  Col2    52     1.75  180.15    0.08  102.05   -0.52   59.79
  Col2    53     1.75  180.15    0.08  102.05   -0.52   59.79
  Col2    54     2.91  180.15    0.14  102.05   -0.86   59.79
  Col2    55     2.91  180.15    0.14  102.05   -0.86   59.79
  Col2    56     1.46  180.15  -15.24  102.05   37.48   59.79
  Col2    57     1.46  180.15  -15.24  102.05   37.48   59.79
  Col2    58     1.46  180.15  -15.24  102.05   37.48   59.79
  Col2    59     1.46  180.15  -15.24  102.05   37.48   59.79
  Col2    60     1.46  180.15  -15.24  102.05   37.48   59.79
  Col2    61     1.46  180.15  -15.24  102.05   37.48   59.79
  Col2    62     1.46  180.15  -15.24  102.05   37.48   59.79
  Col2    63     1.46  180.15  -15.24  102.05   37.48   59.79
  Col2    64     1.46  180.15  -15.24  102.05   37.48   59.79
  Col2    65     1.46  180.15  -15.24  102.05   37.48   59.79

 STRENGTH RATIO:
 ---------------
         Load                        Axial+  Shear+    Max
   Id     Id   Axial  Shear  Moment  Moment  Moment     UC
   ----- ----  -----  -----  ------  ------  ------  -----
   Col2    1    0.05   0.01    0.10    0.11           0.11 
   Col2    2    0.02   0.00    0.01    0.02           0.02 
   Col2    3    0.02   0.00    0.01    0.02           0.02 
   Col2    4    0.02   0.00    0.01    0.02           0.02 
   Col2    5    0.02   0.00    0.01    0.02           0.02 
   Col2    6    0.03   0.15    0.61    0.62           0.62 
   Col2    7    0.03   0.15    0.61    0.62           0.62 
   Col2    8    0.03   0.15    0.61    0.62           0.62 
   Col2    9    0.03   0.15    0.61    0.62           0.62 
   Col2   10    0.01   0.15    0.63    0.63           0.63 
   Col2   11    0.01   0.15    0.63    0.63           0.63 
   Col2   12    0.01   0.15    0.63    0.63           0.63 
   Col2   13    0.01   0.15    0.63    0.63           0.63 
   Col2   14    0.01   0.15    0.63    0.63           0.63 
   Col2   15    0.01   0.15    0.63    0.63           0.63 
   Col2   16    0.01   0.15    0.63    0.63           0.63 
   Col2   17    0.01   0.15    0.63    0.63           0.63 
   Col2   18    0.01   0.15    0.63    0.63           0.63 
   Col2   19    0.01   0.15    0.63    0.63           0.63 
   Col2   20    0.01   0.15    0.63    0.63           0.63 
   Col2   21    0.01   0.15    0.63    0.63           0.63 
   Col2   22    0.01   0.19    0.74    0.74           0.74 
   Col2   23    0.01   0.19    0.74    0.74           0.74 
   Col2   24    0.00   0.20    0.84    0.84           0.84 
   Col2   25    0.00   0.20    0.84    0.84           0.84 
   Col2   26    0.00   0.20    0.84    0.84           0.84 
   Col2   27    0.00   0.20    0.84    0.84           0.84 
   Col2   28    0.00   0.20    0.84    0.84           0.84 
   Col2   29    0.00   0.20    0.84    0.84           0.84 
   Col2   30    0.02   0.00    0.01    0.02           0.02 
   Col2   31    0.02   0.00    0.01    0.02           0.02 
   Col2   32    0.04   0.01    0.08    0.09           0.09 
   Col2   33    0.04   0.01    0.08    0.09           0.09 
   Col2   34    0.02   0.00    0.01    0.02           0.02 
   Col2   35    0.02   0.00    0.01    0.02           0.02 
   Col2   36    0.01   0.00    0.01    0.01           0.01 
   Col2   37    0.01   0.00    0.01    0.01           0.01 
   Col2   38    0.01   0.00    0.01    0.01           0.01 
   Col2   39    0.01   0.00    0.01    0.01           0.01 
   Col2   40    0.01   0.00    0.01    0.01           0.01 
   Col2   41    0.01   0.00    0.01    0.01           0.01 
   Col2   42    0.01   0.00    0.01    0.01           0.01 
   Col2   43    0.01   0.00    0.01    0.01           0.01 
   Col2   44    0.01   0.00    0.01    0.01           0.01 
   Col2   45    0.01   0.00    0.01    0.01           0.01 
   Col2   46    0.02   0.00    0.01    0.02           0.02 
   Col2   47    0.02   0.00    0.01    0.02           0.02 
   Col2   48    0.04   0.01    0.08    0.09           0.09 
   Col2   49    0.04   0.01    0.08    0.09           0.09 
   Col2   50    0.02   0.00    0.01    0.02           0.02 
   Col2   51    0.02   0.00    0.01    0.02           0.02 
   Col2   52    0.01   0.00    0.01    0.01           0.01 
   Col2   53    0.01   0.00    0.01    0.01           0.01 
   Col2   54    0.02   0.00    0.01    0.02           0.02 
   Col2   55    0.02   0.00    0.01    0.02           0.02 
   Col2   56    0.01   0.15    0.63    0.63           0.63 
   Col2   57    0.01   0.15    0.63    0.63           0.63 
   Col2   58    0.01   0.15    0.63    0.63           0.63 
   Col2   59    0.01   0.15    0.63    0.63           0.63 
   Col2   60    0.01   0.15    0.63    0.63           0.63 
   Col2   61    0.01   0.15    0.63    0.63           0.63 
   Col2   62    0.01   0.15    0.63    0.63           0.63 
   Col2   63    0.01   0.15    0.63    0.63           0.63 
   Col2   64    0.01   0.15    0.63    0.63           0.63 
   Col2   65    0.01   0.15    0.63    0.63           0.63 
 

 COLUMN REACTIONS:
 -----------------
          Load            In_Plane  --Out_Plane_Horz--
   Id      Id   Vert(kN)  Horz(kN)  Base(kN)  Roof(kN)
   -----  ----  --------  --------  --------  --------
   Col2     1      8.12      0.00      -0.94      0.94
   Col2     2      2.91      0.00      -0.14      0.14
   Col2     3      2.91      0.00      -0.14      0.14
   Col2     4      2.91      0.00      -0.14      0.14
   Col2     5      2.91      0.00      -0.14      0.14
   Col2     6      5.37      0.00      14.64     15.71
   Col2     7      5.37      0.00      14.64     15.71
   Col2     8      5.37      0.00      14.64     15.71
   Col2     9      5.37      0.00      14.64     15.71
   Col2    10      1.46      0.00      15.24     15.11
   Col2    11      1.46      0.00      15.24     15.11
   Col2    12      1.46      0.00      15.24     15.11
   Col2    13      1.46      0.00      15.24     15.11
   Col2    14      1.46      0.00      15.24     15.11
   Col2    15      1.46      0.00      15.24     15.11
   Col2    16      1.46      0.00      15.24     15.11
   Col2    17      1.46      0.00      15.24     15.11
   Col2    18      1.46      0.00      15.24     15.11
   Col2    19      1.46      0.00      15.24     15.11
   Col2    20      1.46      0.00      15.24     15.11
   Col2    21      1.46      0.00      15.24     15.11
   Col2    22     -5.91      0.00     -16.88    -18.90
   Col2    23     -5.91      0.00     -16.88    -18.90
   Col2    24     -0.18      0.00      20.42     20.04
   Col2    25     -0.18      0.00      20.42     20.04
   Col2    26     -0.18      0.00      20.42     20.04
   Col2    27     -0.18      0.00      20.42     20.04
   Col2    28     -0.18      0.00      20.42     20.04
   Col2    29     -0.18      0.00      20.42     20.04
   Col2    30      2.94      0.00      -0.14      0.14
   Col2    31      2.94      0.00      -0.14      0.14
   Col2    32      6.85      0.00      -0.75      0.75
   Col2    33      6.85      0.00      -0.75      0.75
   Col2    34      2.94      0.00      -0.14      0.14
   Col2    35      2.94      0.00      -0.14      0.14
   Col2    36      1.72      0.00      -0.08      0.08
   Col2    37      1.72      0.00      -0.08      0.08
   Col2    38      1.75      0.00      -0.08      0.08
   Col2    39      1.75      0.00      -0.08      0.08
   Col2    40      1.75      0.00      -0.08      0.08
   Col2    41      1.75      0.00      -0.08      0.08
   Col2    42      1.75      0.00      -0.08      0.08
   Col2    43      1.75      0.00      -0.08      0.08
   Col2    44      1.75      0.00      -0.08      0.08
   Col2    45      1.75      0.00      -0.08      0.08
   Col2    46      2.91      0.00      -0.14      0.14
   Col2    47      2.91      0.00      -0.14      0.14
   Col2    48      6.82      0.00      -0.74      0.74
   Col2    49      6.82      0.00      -0.74      0.74
   Col2    50      2.91      0.00      -0.14      0.14
   Col2    51      2.91      0.00      -0.14      0.14
   Col2    52      1.75      0.00      -0.08      0.08
   Col2    53      1.75      0.00      -0.08      0.08
   Col2    54      2.91      0.00      -0.14      0.14
   Col2    55      2.91      0.00      -0.14      0.14
   Col2    56      1.46      0.00      15.24     15.11
   Col2    57      1.46      0.00      15.24     15.11
   Col2    58      1.46      0.00      15.24     15.11
   Col2    59      1.46      0.00      15.24     15.11
   Col2    60      1.46      0.00      15.24     15.11
   Col2    61      1.46      0.00      15.24     15.11
   Col2    62      1.46      0.00      15.24     15.11
   Col2    63      1.46      0.00      15.24     15.11
   Col2    64      1.46      0.00      15.24     15.11
   Col2    65      1.46      0.00      15.24     15.11

 COLUMN DEFLECTIONS:
 -------------------
          Load   Deflection(mm)
   Id      Id      Calc   Limit
   -----  ----   ------  ------
   Col2     1      -2.2    81.3
   Col2     2      -0.3    81.3
   Col2     3      -0.3    81.3
   Col2     4      -0.3    81.3
   Col2     5      -0.3    81.3
   Col2     6      33.0    81.3
   Col2     7      33.0    81.3
   Col2     8      33.0    81.3
   Col2     9      33.0    81.3
   Col2    10      34.4    81.3
   Col2    11      34.4    81.3
   Col2    12      34.4    81.3
   Col2    13      34.4    81.3
   Col2    14      34.4    81.3
   Col2    15      34.4    81.3
   Col2    16      34.4    81.3
   Col2    17      34.4    81.3
   Col2    18      34.4    81.3
   Col2    19      34.4    81.3
   Col2    20      34.4    81.3
   Col2    21      34.4    81.3
   Col2    22     -37.2    81.3
   Col2    23     -37.2    81.3
   Col2    24      46.1    81.3
   Col2    25      46.1    81.3
   Col2    26      46.1    81.3
   Col2    27      46.1    81.3
   Col2    28      46.1    81.3
   Col2    29      46.1    81.3
   Col2    30      -0.3    81.3
   Col2    31      -0.3    81.3
   Col2    32      -1.8    81.3
   Col2    33      -1.8    81.3
   Col2    34      -0.3    81.3
   Col2    35      -0.3    81.3
   Col2    36      -0.2    81.3
   Col2    37      -0.2    81.3
   Col2    38      -0.2    81.3
   Col2    39      -0.2    81.3
   Col2    40      -0.2    81.3
   Col2    41      -0.2    81.3
   Col2    42      -0.2    81.3
   Col2    43      -0.2    81.3
   Col2    44      -0.2    81.3
   Col2    45      -0.2    81.3
   Col2    46      -0.3    81.3
   Col2    47      -0.3    81.3
   Col2    48      -1.8    81.3
   Col2    49      -1.8    81.3
   Col2    50      -0.3    81.3
   Col2    51      -0.3    81.3
   Col2    52      -0.2    81.3
   Col2    53      -0.2    81.3
   Col2    54      -0.3    81.3
   Col2    55      -0.3    81.3
   Col2    56      34.4    81.3
   Col2    57      34.4    81.3
   Col2    58      34.4    81.3
   Col2    59      34.4    81.3
   Col2    60      34.4    81.3
   Col2    61      34.4    81.3
   Col2    62      34.4    81.3
   Col2    63      34.4    81.3
   Col2    64      34.4    81.3
   Col2    65      34.4    81.3

 UNBRACED LENGTH:
 ----------------
            Major  --Minor(mm)--  ----KL/R----
   Id        (mm)    Bend  Axial  Major  Minor
   ------  ------  ------ ------  -----  -----
   Col2      9753    3080   3080     69    124
 
 

 LOAD COMBINATIONS:
 ------------------
     1   Dead+Collateral+Live
     2   Dead+Collateral+Floor_Live
     3   Dead+Collateral+Snow
     4   Dead+Collateral+Snow+Snow_Drift
     5   Dead+Collateral+Snow+Slide_Snow
     6   Dead+Collateral+0.75Live+0.75Wind_Left2+0.75Wind_Suction+0.75Floor_Live
     7   Dead+Collateral+0.75Live+0.75Wind_Right2+0.75Wind_Suction+0.75Floor_Live
     8   Dead+Collateral+0.75Live+0.75Wind_Suction+0.75Wind_Long1+0.75Floor_Live
     9   Dead+Collateral+0.75Live+0.75Wind_Suction+0.75Wind_Long2+0.75Floor_Live
    10   Dead+Collateral+0.75Snow+0.75Wind_Left2+0.75Wind_Suction+0.75Floor_Live
    11   Dead+Collateral+0.75Snow+0.75Wind_Right2+0.75Wind_Suction+0.75Floor_Live
    12   Dead+Collateral+0.75Snow+0.75Wind_Suction+0.75Wind_Long1+0.75Floor_Live
    13   Dead+Collateral+0.75Snow+0.75Wind_Suction+0.75Wind_Long2+0.75Floor_Live
    14   Dead+Collateral+0.75Snow+0.75Wind_Left2+0.75Wind_Suction+0.75Snow_Drift+0.75Floo
    15   Dead+Collateral+0.75Snow+0.75Wind_Right2+0.75Wind_Suction+0.75Snow_Drift+0.75Flo
    16   Dead+Collateral+0.75Snow+0.75Wind_Suction+0.75Wind_Long1+0.75Snow_Drift+0.75Floo
    17   Dead+Collateral+0.75Snow+0.75Wind_Suction+0.75Wind_Long2+0.75Snow_Drift+0.75Floo
    18   Dead+Collateral+0.75Snow+0.75Wind_Left2+0.75Wind_Suction+0.75Slide_Snow+0.75Floo
    19   Dead+Collateral+0.75Snow+0.75Wind_Right2+0.75Wind_Suction+0.75Slide_Snow+0.75Flo
    20   Dead+Collateral+0.75Snow+0.75Wind_Suction+0.75Wind_Long1+0.75Slide_Snow+0.75Floo
    21   Dead+Collateral+0.75Snow+0.75Wind_Suction+0.75Wind_Long2+0.75Slide_Snow+0.75Floo
    22   0.6Dead+Wind_Pressure+Wind_Long1
    23   0.6Dead+Wind_Pressure+Wind_Long2
    24   0.6Dead+Wind_Suction+Wind_Long1
    25   0.6Dead+Wind_Suction+Wind_Long2
    26   0.6Dead+Wind_Left1+Wind_Suction
    27   0.6Dead+Wind_Right1+Wind_Suction
    28   0.6Dead+Wind_Left2+Wind_Suction
    29   0.6Dead+Wind_Right2+Wind_Suction
    30   1.01Dead+1.01Collateral+0.7Seismic_L
    31   1.01Dead+1.01Collateral+0.7Seismic_R
    32   1.01Dead+1.01Collateral+0.75Live+0.52Seismic_L+0.75Floor_Live
    33   1.01Dead+1.01Collateral+0.75Live+0.52Seismic_R+0.75Floor_Live
    34   1.01Dead+1.01Collateral+0.52Seismic_L+0.75Floor_Live
    35   1.01Dead+1.01Collateral+0.52Seismic_R+0.75Floor_Live
    36   0.59Dead+0.7Seismic_L
    37   0.59Dead+0.7Seismic_R
    38   0.6Dead+Wind_Left1
    39   0.6Dead+Wind_Right1
    40   0.6Dead+Wind_Left2
    41   0.6Dead+Wind_Right2
    42   0.6Dead+Wind_Long1+LWIND1_L
    43   0.6Dead+Wind_Long1+LWIND1_R
    44   0.6Dead+Wind_Long2+LWIND2_L
    45   0.6Dead+Wind_Long2+LWIND2_R
    46   Dead+Collateral+0.7Seismic_L
    47   Dead+Collateral+0.7Seismic_R
    48   Dead+Collateral+0.75Live+0.7Seismic_L
    49   Dead+Collateral+0.75Live+0.7Seismic_R
    50   Dead+Collateral+0.52Seismic_L
    51   Dead+Collateral+0.52Seismic_R
    52   0.6Dead+0.7Seismic_L
    53   0.6Dead+0.7Seismic_R
    54   Dead+Collateral+E1PAT_LL_1
    55   Dead+Collateral+E1PAT_LL_2
    56   Dead+Collateral+0.75Snow+0.75Wind_Left2+0.75Wind_Suction
    57   Dead+Collateral+0.75Snow+0.75Wind_Right2+0.75Wind_Suction
    58   Dead+Collateral+0.75Snow+0.75Wind_Left2+0.75Wind_Suction+0.75Snow_Drift
    59   Dead+Collateral+0.75Snow+0.75Wind_Right2+0.75Wind_Suction+0.75Snow_Drift
    60   Dead+Collateral+0.75Snow+0.75Wind_Suction+0.75Wind_Long1+0.75Snow_Drift
    61   Dead+Collateral+0.75Snow+0.75Wind_Suction+0.75Wind_Long2+0.75Snow_Drift
    62   Dead+Collateral+0.75Snow+0.75Wind_Left2+0.75Wind_Suction+0.75Slide_Snow
    63   Dead+Collateral+0.75Snow+0.75Wind_Right2+0.75Wind_Suction+0.75Slide_Snow
    64   Dead+Collateral+0.75Snow+0.75Wind_Suction+0.75Wind_Long1+0.75Slide_Snow
    65   Dead+Collateral+0.75Snow+0.75Wind_Suction+0.75Wind_Long2+0.75Slide_Snow
 
================================================================================
 C163-027            Wall 1 - Web To Flange Weld            19/JAN/2026 10:57am
================================================================================

 WELDS:
 ------
                                        ----Web_To_Flange----
            Load  Shear      Q     Ixx            Shear(kN/mm)
  Id         Id    (kN)  (cm3)   (cm4)   Size Typ  Calc Limit
  --------  ----  -----  -----  ------  ----- --- ----- -----
  Col2       24    20.4    111    5368   4.00 F1  0.042 0.410
 
================================================================================
 C163-027            Wall 1 - Column Flange Brace           19/JAN/2026 10:57am
================================================================================

 COLUMN FLANGE BRACES:
 ---------------------
          Column            Brace_At
   Id      Side   Part      Girt_Id
   -----  ------  --------  ----------
   Col2      R    L40X40X4   1   2   3   5
================================================================================
 C163-027            Wall 1 - Base Plate Design             19/JAN/2026 10:57am
================================================================================

 DESIGN CONSTANTS:
 -----------------
  Base Plate Yield     = 340.0(MN/m2)
  Concrete Bearing     =   7.0(MN/m2)
  Bolt Type            = A36  
  Bolt Shear   Stress  =  80.0(MN/m2)
  Bolt Tension Stress  = 150.0(MN/m2)


 BASE SIZE:
 ----------

         -----Base(mm)----  --Plate_Size(mm)--  ------Bolts(mm)------    Req   Req
  Id     Type Depth   Elev  Width Thick Length    Dia Row Space  Gage  Thick   Dia
  -----  ---- -----  -----  ----- ----- ------  ----- --- ----- -----  ----- -----
  Col2    S3  360.0      0  200.0 16.00  400.0  20.00  2  100.0 100.0   3.81  9.01
 
          S3 - Welded Plate


 BASE REACTIONS:
 ---------------
                        Max_Tension+Shear                Max_Shear+Tension
          --Max_Comp-         Tens  Shear  -Max_Shear-        Shear   Tens
  Id      Load Fy(kN)  Load Fy(kN) Fx(kN)  Load Fx(kN)  Load Fx(kN) Fy(kN)
  ------  ---- ------  ---- ------ ------  ---- ------  ---- ------ ------
  Col2      1    8.12   22   -5.91  16.88   24   20.42   24   20.42  -0.18

 WELDS:
 ------
            -Top_Flange_To_Plate-  -Bot_Flange_To_Plate-  -----Web_To_Plate----
                      Shear(kN/mm)           Shear(kN/mm)           Shear(kN/mm)
  Id         Size Typ  Calc Limit   Size Typ  Calc Limit   Size Typ  Calc Limit
  ------    ----- --- ----- -----  ----- --- ----- -----  ----- --- ----- -----
  Col2       4.00 F1  0.024 0.410   4.00 F1  0.024 0.410   4.00 F1  0.058 0.410

 LOAD COMBINATIONS:
 ------------------
     1   Dead+Collateral+Live
    22   0.6Dead+Wind_Pressure+Wind_Long1
    24   0.6Dead+Wind_Suction+Wind_Long1
 
 
================================================================================
 C163-027            Wall 1 - Bypass Girt Layout            19/JAN/2026 10:57am
================================================================================

 GIRT LAYOUT:
 ------------
         Des Bay             Bay_Offset Design ---Extend--         ----Max_Load---
  Locate  Id  Id Part       Start   End Length  Left Right Weight  Id   UC Report  Rot
  ------ --- --- --------   ----- ----- ------ ----- ----- ------  -- ---- ------- ---
    3080   1   1 200Z15         0  6100   6100     0     0   24.8  WS 0.39 Moment   D
               2 200Z15         0  1050    948     0     0    3.9  WS 0.39 Moment   D
           2   2 200Z15      5050  6100    948     0     0    3.9  WS 0.02 Shear    D
  ------ --- --- --------   ----- ----- ------ ----- ----- ------  -- ---- ------- ---
    4580   3   1 200Z15         0  6100   6100     0     0   24.8  WS 0.73 Moment   D
               2 200Z15         0  1050    948     0     0    3.9  WS 0.73 Moment   D
           4   2 200Z15      5050  6100    948     0     0    3.9  WS 0.04 Shear    D
  ------ --- --- --------   ----- ----- ------ ----- ----- ------  -- ---- ------- ---
    6080   5   1 200Z15         0  6100   6100     0   330   26.1  WS 0.78 Moment   D
               2 200Z15         0  6100   6100   330     0   26.1  WS 0.70 Moment   D
  ------ --- --- --------   ----- ----- ------ ----- ----- ------  -- ---- ------- ---
    6150   6   2 200Z15         0  6100   6100     0     0   24.8  WS 0.42 Moment   D
  ------ --- --- --------   ----- ----- ------ ----- ----- ------  -- ---- ------- ---
    7580   7   1 200Z15         0  6100   6100     0   330   26.1  WS 0.60 Moment   D
               2 200Z15         0  6100   6100   330     0   26.1  WS 0.60 Moment   D
  ------ --- --- --------   ----- ----- ------ ----- ----- ------  -- ---- ------- ---
    8980   8   1 200Z15         0  6100   6100     0   330   26.1  WS 0.45 Moment   D
               2 200Z15         0  6100   6100   330     0   26.1  WS 0.45 Moment   D
 
                                      WS - Wind Suction                  
 

 GIRT INSIDE FLANGE BRACE:
 -------------------------
  No._Brace/Bay
    1   2
  --- ---
    2   2
================================================================================
 C163-027            Wall 1 - Girt Design  1 (Locate  3080) 19/JAN/2026 10:57am
================================================================================

 GIRT LAYOUT:
 ------------
                                                                     Available
                                                                     Reduction
  Bay                     Design  --Lap(mm)--   Load   No.             Factor
   Id  Part       Locate  Length  Left  Right  Width  Brace  Weight   Out   In
  --- --------   -------  ------  ----  -----  -----  -----  ------  ---- ----
    1 200Z15      3080.0    6100                 790    2      24.8  0.00 0.65
    2 200Z15      3080.0     948                 790    0       3.9  0.00 0.65
                                                             ------
                                                               28.6


 LOAD ID - Wind_Pressure:
 ---------------------------------------

 GIRT ACTIONS:
       ---------Shear(kN)--------   --------------Moment(kN-m)--------------
  Bay   Left   Left  Right  Right    Left   Left     Mid-Span   Right  Right
   Id    Sup    Lap    Lap    Sup     Sup    Lap    Mom    Loc    Lap    Sup
  ---  -----  -----  -----  -----   -----  -----  -----  -----  -----  -----
    1   0.93                -1.44    0.00         -1.11   2388          1.57
    2   1.84                 1.47    1.57          0.74    474          0.00

 STRENGTH/DEFLECTION:
  Bay  -------Shear(kN)------  -----Moment(kN-m)-----  -Mom+Shr-  Deflect(mm)
   Id  Loc    Calc Limit   UC  Loc    Calc Limit   UC  Loc    UC   Calc Limit
  ---  ---- ------ ----- ----  ---- ------ ----- ----  ---- ----  ----- -----
    1  RSup  -1.44  11.2 0.13  RSup   1.57  4.84 0.32  RSup 0.30   -5.5  67.8
    2  LSup   1.84  11.2 0.16  LSup   1.57  4.92 0.32  LSup 0.32    0.0  10.5



 LOAD ID - Wind Suction:
 ---------------------------------------

 GIRT ACTIONS:
       ---------Shear(kN)--------   --------------Moment(kN-m)--------------
  Bay   Left   Left  Right  Right    Left   Left     Mid-Span   Right  Right
   Id    Sup    Lap    Lap    Sup     Sup    Lap    Mom    Loc    Lap    Sup
  ---  -----  -----  -----  -----   -----  -----  -----  -----  -----  -----
    1  -1.05                 1.59    0.00          1.23   2427         -1.74
    2  -2.04                -1.63   -1.74         -0.82    474          0.00

 STRENGTH/DEFLECTION:
  Bay  -------Shear(kN)------  -----Moment(kN-m)-----  -Mom+Shr-  Deflect(mm)
   Id  Loc    Calc Limit   UC  Loc    Calc Limit   UC  Loc    UC   Calc Limit
  ---  ---- ------ ----- ----  ---- ------ ----- ----  ---- ----  ----- -----
    1  RSup   1.59  11.2 0.14  RSup  -1.74  4.50 0.39  RSup 0.34    6.1  67.8
    2  LSup  -2.04  11.2 0.18  LSup  -1.74  4.50 0.39  LSup 0.35    0.0  10.5

================================================================================
 C163-027            Wall 1 - Girt Design  2 (Locate  3080) 19/JAN/2026 10:57am
================================================================================

 GIRT LAYOUT:
 ------------
                                                                     Available
                                                                     Reduction
  Bay                     Design  --Lap(mm)--   Load   No.             Factor
   Id  Part       Locate  Length  Left  Right  Width  Brace  Weight   Out   In
  --- --------   -------  ------  ----  -----  -----  -----  ------  ---- ----
    2 200Z15      3080.0     948                 790    0       3.9  0.00 0.65
                                                             ------
                                                                3.9


 LOAD ID - Wind_Pressure:
 ---------------------------------------

 GIRT ACTIONS:
       ---------Shear(kN)--------   --------------Moment(kN-m)--------------
  Bay   Left   Left  Right  Right    Left   Left     Mid-Span   Right  Right
   Id    Sup    Lap    Lap    Sup     Sup    Lap    Mom    Loc    Lap    Sup
  ---  -----  -----  -----  -----   -----  -----  -----  -----  -----  -----
    2   0.18                -0.18    0.00         -0.04    474          0.00

 STRENGTH/DEFLECTION:
  Bay  -------Shear(kN)------  -----Moment(kN-m)-----  -Mom+Shr-  Deflect(mm)
   Id  Loc    Calc Limit   UC  Loc    Calc Limit   UC  Loc    UC   Calc Limit
  ---  ---- ------ ----- ----  ---- ------ ----- ----  ---- ----  ----- -----
    2  LSup   0.18  11.2 0.02  MidS  -0.04  4.50 0.01  RLap 0.01    0.0  10.5



 LOAD ID - Wind Suction:
 ---------------------------------------

 GIRT ACTIONS:
       ---------Shear(kN)--------   --------------Moment(kN-m)--------------
  Bay   Left   Left  Right  Right    Left   Left     Mid-Span   Right  Right
   Id    Sup    Lap    Lap    Sup     Sup    Lap    Mom    Loc    Lap    Sup
  ---  -----  -----  -----  -----   -----  -----  -----  -----  -----  -----
    2  -0.22                 0.22    0.00          0.05    474          0.00

 STRENGTH/DEFLECTION:
  Bay  -------Shear(kN)------  -----Moment(kN-m)-----  -Mom+Shr-  Deflect(mm)
   Id  Loc    Calc Limit   UC  Loc    Calc Limit   UC  Loc    UC   Calc Limit
  ---  ---- ------ ----- ----  ---- ------ ----- ----  ---- ----  ----- -----
    2  LSup  -0.22  11.2 0.02  MidS   0.05  4.50 0.01  RLap 0.01    0.0  10.5

================================================================================
 C163-027            Wall 1 - Girt Design  3 (Locate  4580) 19/JAN/2026 10:57am
================================================================================

 GIRT LAYOUT:
 ------------
                                                                     Available
                                                                     Reduction
  Bay                     Design  --Lap(mm)--   Load   No.             Factor
   Id  Part       Locate  Length  Left  Right  Width  Brace  Weight   Out   In
  --- --------   -------  ------  ----  -----  -----  -----  ------  ---- ----
    1 200Z15      4580.0    6100                1500    2      24.8  0.00 0.65
    2 200Z15      4580.0     948                1500    0       3.9  0.00 0.65
                                                             ------
                                                               28.6


 LOAD ID - Wind_Pressure:
 ---------------------------------------

 GIRT ACTIONS:
       ---------Shear(kN)--------   --------------Moment(kN-m)--------------
  Bay   Left   Left  Right  Right    Left   Left     Mid-Span   Right  Right
   Id    Sup    Lap    Lap    Sup     Sup    Lap    Mom    Loc    Lap    Sup
  ---  -----  -----  -----  -----   -----  -----  -----  -----  -----  -----
    1   1.76                -2.74    0.00         -2.10   2388          2.98
    2   3.49                 2.79    2.98          1.41    474          0.00

 STRENGTH/DEFLECTION:
  Bay  -------Shear(kN)------  -----Moment(kN-m)-----  -Mom+Shr-  Deflect(mm)
   Id  Loc    Calc Limit   UC  Loc    Calc Limit   UC  Loc    UC   Calc Limit
  ---  ---- ------ ----- ----  ---- ------ ----- ----  ---- ----  ----- -----
    1  RSup  -2.74  11.2 0.24  RSup   2.98  4.84 0.62  RSup 0.57  -10.4  67.8
    2  LSup   3.49  11.2 0.31  LSup   2.98  4.92 0.61  LSup 0.61    0.0  10.5



 LOAD ID - Wind Suction:
 ---------------------------------------

 GIRT ACTIONS:
       ---------Shear(kN)--------   --------------Moment(kN-m)--------------
  Bay   Left   Left  Right  Right    Left   Left     Mid-Span   Right  Right
   Id    Sup    Lap    Lap    Sup     Sup    Lap    Mom    Loc    Lap    Sup
  ---  -----  -----  -----  -----   -----  -----  -----  -----  -----  -----
    1  -2.00                 3.03    0.00          2.33   2427         -3.30
    2  -3.87                -3.09   -3.30         -1.56    474          0.00

 STRENGTH/DEFLECTION:
  Bay  -------Shear(kN)------  -----Moment(kN-m)-----  -Mom+Shr-  Deflect(mm)
   Id  Loc    Calc Limit   UC  Loc    Calc Limit   UC  Loc    UC   Calc Limit
  ---  ---- ------ ----- ----  ---- ------ ----- ----  ---- ----  ----- -----
    1  RSup   3.03  11.2 0.27  RSup  -3.30  4.50 0.73  RSup 0.64   11.5  67.8
    2  LSup  -3.87  11.2 0.35  LSup  -3.30  4.50 0.73  LSup 0.67    0.0  10.5

================================================================================
 C163-027            Wall 1 - Girt Design  4 (Locate  4580) 19/JAN/2026 10:57am
================================================================================

 GIRT LAYOUT:
 ------------
                                                                     Available
                                                                     Reduction
  Bay                     Design  --Lap(mm)--   Load   No.             Factor
   Id  Part       Locate  Length  Left  Right  Width  Brace  Weight   Out   In
  --- --------   -------  ------  ----  -----  -----  -----  ------  ---- ----
    2 200Z15      4580.0     948                1500    0       3.9  0.00 0.65
                                                             ------
                                                                3.9


 LOAD ID - Wind_Pressure:
 ---------------------------------------

 GIRT ACTIONS:
       ---------Shear(kN)--------   --------------Moment(kN-m)--------------
  Bay   Left   Left  Right  Right    Left   Left     Mid-Span   Right  Right
   Id    Sup    Lap    Lap    Sup     Sup    Lap    Mom    Loc    Lap    Sup
  ---  -----  -----  -----  -----   -----  -----  -----  -----  -----  -----
    2   0.35                -0.35    0.00         -0.08    474          0.00

 STRENGTH/DEFLECTION:
  Bay  -------Shear(kN)------  -----Moment(kN-m)-----  -Mom+Shr-  Deflect(mm)
   Id  Loc    Calc Limit   UC  Loc    Calc Limit   UC  Loc    UC   Calc Limit
  ---  ---- ------ ----- ----  ---- ------ ----- ----  ---- ----  ----- -----
    2  LSup   0.35  11.2 0.03  MidS  -0.08  4.50 0.02  LLap 0.02    0.0  10.5



 LOAD ID - Wind Suction:
 ---------------------------------------

 GIRT ACTIONS:
       ---------Shear(kN)--------   --------------Moment(kN-m)--------------
  Bay   Left   Left  Right  Right    Left   Left     Mid-Span   Right  Right
   Id    Sup    Lap    Lap    Sup     Sup    Lap    Mom    Loc    Lap    Sup
  ---  -----  -----  -----  -----   -----  -----  -----  -----  -----  -----
    2  -0.41                 0.41    0.00          0.10    474          0.00

 STRENGTH/DEFLECTION:
  Bay  -------Shear(kN)------  -----Moment(kN-m)-----  -Mom+Shr-  Deflect(mm)
   Id  Loc    Calc Limit   UC  Loc    Calc Limit   UC  Loc    UC   Calc Limit
  ---  ---- ------ ----- ----  ---- ------ ----- ----  ---- ----  ----- -----
    2  LSup  -0.41  11.2 0.04  MidS   0.10  4.50 0.02  RLap 0.02    0.0  10.5

================================================================================
 C163-027            Wall 1 - Girt Design  5 (Locate  6080) 19/JAN/2026 10:57am
================================================================================

 GIRT LAYOUT:
 ------------
                                                                     Available
                                                                     Reduction
  Bay                     Design  --Lap(mm)--   Load   No.             Factor
   Id  Part       Locate  Length  Left  Right  Width  Brace  Weight   Out   In
  --- --------   -------  ------  ----  -----  -----  -----  ------  ---- ----
    1 200Z15      6080.0    6100          330   1500    2      26.1  0.00 0.70
    2 200Z15      6080.0    6100   330           785    2      26.1  0.00 0.70
                                                             ------
                                                               52.2


 LOAD ID - Wind_Pressure:
 ---------------------------------------

 GIRT ACTIONS:
       ---------Shear(kN)--------   --------------Moment(kN-m)--------------
  Bay   Left   Left  Right  Right    Left   Left     Mid-Span   Right  Right
   Id    Sup    Lap    Lap    Sup     Sup    Lap    Mom    Loc    Lap    Sup
  ---  -----  -----  -----  -----   -----  -----  -----  -----  -----  -----
    1   1.58         -2.68  -2.92    0.00         -1.69   2139   3.17   4.09
    2   4.49   4.37         -3.15    4.09   2.63  -3.08   5028          0.00

 STRENGTH/DEFLECTION:
  Bay  -------Shear(kN)------  -----Moment(kN-m)-----  -Mom+Shr-  Deflect(mm)
   Id  Loc    Calc Limit   UC  Loc    Calc Limit   UC  Loc    UC   Calc Limit
  ---  ---- ------ ----- ----  ---- ------ ----- ----  ---- ----  ----- -----
    1  RLap  -2.68  11.2 0.24  RLap   3.17  4.81 0.66  RLap 0.58   -6.2  67.8
    2  LLap   4.37  11.2 0.39  MidS  -3.08  4.50 0.69  LLap 0.53  -12.4  67.8


 LAP BOLT SHEAR/BEARING:

  Bolt Size =12.00 (Gr8.8)

   Bay  Member    --Member_Left_End(kN)-  -Member_Right_End(kN)-
    Id  Part       Calc Shear  Bear   UC   Calc Shear  Bear   UC
  ----  --------  ----- ----- ----- ----  ----- ----- ----- ----
    1   200Z15                             3.10 15.37  7.37 0.42
    2   200Z15     3.10 15.37  7.37 0.42



 LOAD ID - Wind Suction:
 ---------------------------------------

 GIRT ACTIONS:
       ---------Shear(kN)--------   --------------Moment(kN-m)--------------
  Bay   Left   Left  Right  Right    Left   Left     Mid-Span   Right  Right
   Id    Sup    Lap    Lap    Sup     Sup    Lap    Mom    Loc    Lap    Sup
  ---  -----  -----  -----  -----   -----  -----  -----  -----  -----  -----
    1  -1.80          2.96   3.23    0.00          1.88   2183  -3.51  -4.53
    2  -4.96  -4.82          3.50   -4.53  -2.91   3.41   5024          0.00

 STRENGTH/DEFLECTION:
  Bay  -------Shear(kN)------  -----Moment(kN-m)-----  -Mom+Shr-  Deflect(mm)
   Id  Loc    Calc Limit   UC  Loc    Calc Limit   UC  Loc    UC   Calc Limit
  ---  ---- ------ ----- ----  ---- ------ ----- ----  ---- ----  ----- -----
    1  RLap   2.96  11.2 0.26  RLap  -3.51  4.50 0.78  RLap 0.64    6.9  67.8
    2  LLap  -4.82  11.2 0.43  MidS   3.41  4.89 0.70  LLap 0.59   13.7  67.8


 LAP BOLT SHEAR/BEARING:

  Bolt Size =12.00 (Gr8.8)

   Bay  Member    --Member_Left_End(kN)-  -Member_Right_End(kN)-
    Id  Part       Calc Shear  Bear   UC   Calc Shear  Bear   UC
  ----  --------  ----- ----- ----- ----  ----- ----- ----- ----
    1   200Z15                             3.43 15.37  7.37 0.47
    2   200Z15     3.43 15.37  7.37 0.47

================================================================================
 C163-027            Wall 1 - Girt Design  6 (Locate  6150) 19/JAN/2026 10:57am
================================================================================

 GIRT LAYOUT:
 ------------
                                                                     Available
                                                                     Reduction
  Bay                     Design  --Lap(mm)--   Load   No.             Factor
   Id  Part       Locate  Length  Left  Right  Width  Brace  Weight   Out   In
  --- --------   -------  ------  ----  -----  -----  -----  ------  ---- ----
    2 200Z15      6150.0    6100                 750    2      24.8  0.00 0.65
                                                             ------
                                                               24.8


 LOAD ID - Wind_Pressure:
 ---------------------------------------

 GIRT ACTIONS:
       ---------Shear(kN)--------   --------------Moment(kN-m)--------------
  Bay   Left   Left  Right  Right    Left   Left     Mid-Span   Right  Right
   Id    Sup    Lap    Lap    Sup     Sup    Lap    Mom    Loc    Lap    Sup
  ---  -----  -----  -----  -----   -----  -----  -----  -----  -----  -----
    2   1.12                -1.12    0.00         -1.71   3050          0.00

 STRENGTH/DEFLECTION:
  Bay  -------Shear(kN)------  -----Moment(kN-m)-----  -Mom+Shr-  Deflect(mm)
   Id  Loc    Calc Limit   UC  Loc    Calc Limit   UC  Loc    UC   Calc Limit
  ---  ---- ------ ----- ----  ---- ------ ----- ----  ---- ----  ----- -----
    2  LSup   1.12  11.2 0.10  MidS  -1.71  4.50 0.38  RLap 0.23  -10.9  67.8



 LOAD ID - Wind Suction:
 ---------------------------------------

 GIRT ACTIONS:
       ---------Shear(kN)--------   --------------Moment(kN-m)--------------
  Bay   Left   Left  Right  Right    Left   Left     Mid-Span   Right  Right
   Id    Sup    Lap    Lap    Sup     Sup    Lap    Mom    Loc    Lap    Sup
  ---  -----  -----  -----  -----   -----  -----  -----  -----  -----  -----
    2  -1.24                 1.27    0.00          1.90   3016          0.00

 STRENGTH/DEFLECTION:
  Bay  -------Shear(kN)------  -----Moment(kN-m)-----  -Mom+Shr-  Deflect(mm)
   Id  Loc    Calc Limit   UC  Loc    Calc Limit   UC  Loc    UC   Calc Limit
  ---  ---- ------ ----- ----  ---- ------ ----- ----  ---- ----  ----- -----
    2  RSup   1.27  11.2 0.11  MidS   1.90  4.50 0.42  RLap 0.26   12.0  67.8

================================================================================
 C163-027            Wall 1 - Girt Design  7 (Locate  7580) 19/JAN/2026 10:57am
================================================================================

 GIRT LAYOUT:
 ------------
                                                                     Available
                                                                     Reduction
  Bay                     Design  --Lap(mm)--   Load   No.             Factor
   Id  Part       Locate  Length  Left  Right  Width  Brace  Weight   Out   In
  --- --------   -------  ------  ----  -----  -----  -----  ------  ---- ----
    1 200Z15      7580.0    6100          330   1450    2      26.1  0.00 0.70
    2 200Z15      7580.0    6100   330          1415    2      26.1  0.00 0.70
                                                             ------
                                                               52.2


 LOAD ID - Wind_Pressure:
 ---------------------------------------

 GIRT ACTIONS:
       ---------Shear(kN)--------   --------------Moment(kN-m)--------------
  Bay   Left   Left  Right  Right    Left   Left     Mid-Span   Right  Right
   Id    Sup    Lap    Lap    Sup     Sup    Lap    Mom    Loc    Lap    Sup
  ---  -----  -----  -----  -----   -----  -----  -----  -----  -----  -----
    1   1.64         -2.48  -2.71    0.00         -1.88   2297   2.42   3.27
    2   2.66   2.43         -1.58    3.27   2.44  -1.80   3822          0.00

 STRENGTH/DEFLECTION:
  Bay  -------Shear(kN)------  -----Moment(kN-m)-----  -Mom+Shr-  Deflect(mm)
   Id  Loc    Calc Limit   UC  Loc    Calc Limit   UC  Loc    UC   Calc Limit
  ---  ---- ------ ----- ----  ---- ------ ----- ----  ---- ----  ----- -----
    1  RLap  -2.48  11.2 0.22  RLap   2.42  4.86 0.50  RLap 0.45   -8.5  67.8
    2  LLap   2.43  11.2 0.22  LLap   2.44  4.85 0.50  LLap 0.45   -8.0  67.8


 LAP BOLT SHEAR/BEARING:

  Bolt Size =12.00 (Gr8.8)

   Bay  Member    --Member_Left_End(kN)-  -Member_Right_End(kN)-
    Id  Part       Calc Shear  Bear   UC   Calc Shear  Bear   UC
  ----  --------  ----- ----- ----- ----  ----- ----- ----- ----
    1   200Z15                             2.48 15.37  7.37 0.34
    2   200Z15     2.48 15.37  7.37 0.34



 LOAD ID - Wind Suction:
 ---------------------------------------

 GIRT ACTIONS:
       ---------Shear(kN)--------   --------------Moment(kN-m)--------------
  Bay   Left   Left  Right  Right    Left   Left     Mid-Span   Right  Right
   Id    Sup    Lap    Lap    Sup     Sup    Lap    Mom    Loc    Lap    Sup
  ---  -----  -----  -----  -----   -----  -----  -----  -----  -----  -----
    1  -1.86          2.74   3.00    0.00          2.09   2337  -2.68  -3.63
    2  -2.94  -2.69          1.80   -3.63  -2.70   2.00   3782          0.00

 STRENGTH/DEFLECTION:
  Bay  -------Shear(kN)------  -----Moment(kN-m)-----  -Mom+Shr-  Deflect(mm)
   Id  Loc    Calc Limit   UC  Loc    Calc Limit   UC  Loc    UC   Calc Limit
  ---  ---- ------ ----- ----  ---- ------ ----- ----  ---- ----  ----- -----
    1  RLap   2.74  11.2 0.24  RLap  -2.68  4.50 0.60  RLap 0.50    9.5  67.8
    2  LLap  -2.69  11.2 0.24  LLap  -2.70  4.50 0.60  LLap 0.50    8.9  67.8


 LAP BOLT SHEAR/BEARING:

  Bolt Size =12.00 (Gr8.8)

   Bay  Member    --Member_Left_End(kN)-  -Member_Right_End(kN)-
    Id  Part       Calc Shear  Bear   UC   Calc Shear  Bear   UC
  ----  --------  ----- ----- ----- ----  ----- ----- ----- ----
    1   200Z15                             2.75 15.37  7.37 0.37
    2   200Z15     2.75 15.37  7.37 0.37

================================================================================
 C163-027            Wall 1 - Girt Design  8 (Locate  8980) 19/JAN/2026 10:57am
================================================================================

 GIRT LAYOUT:
 ------------
                                                                     Available
                                                                     Reduction
  Bay                     Design  --Lap(mm)--   Load   No.             Factor
   Id  Part       Locate  Length  Left  Right  Width  Brace  Weight   Out   In
  --- --------   -------  ------  ----  -----  -----  -----  ------  ---- ----
    1 200Z15      8980.0    6100          330   1088    2      26.1  0.00 0.70
    2 200Z15      8980.0    6100   330          1088    2      26.1  0.00 0.70
                                                             ------
                                                               52.2


 LOAD ID - Wind_Pressure:
 ---------------------------------------

 GIRT ACTIONS:
       ---------Shear(kN)--------   --------------Moment(kN-m)--------------
  Bay   Left   Left  Right  Right    Left   Left     Mid-Span   Right  Right
   Id    Sup    Lap    Lap    Sup     Sup    Lap    Mom    Loc    Lap    Sup
  ---  -----  -----  -----  -----   -----  -----  -----  -----  -----  -----
    1   1.22         -1.86  -2.04    0.00         -1.40   2287   1.84   2.49
    2   2.04   1.86         -1.22    2.49   1.84  -1.40   3812          0.00

 STRENGTH/DEFLECTION:
  Bay  -------Shear(kN)------  -----Moment(kN-m)-----  -Mom+Shr-  Deflect(mm)
   Id  Loc    Calc Limit   UC  Loc    Calc Limit   UC  Loc    UC   Calc Limit
  ---  ---- ------ ----- ----  ---- ------ ----- ----  ---- ----  ----- -----
    1  RLap  -1.86  11.2 0.17  RLap   1.84  4.86 0.38  RLap 0.34   -6.3  67.8
    2  LLap   1.86  11.2 0.17  LLap   1.84  4.86 0.38  LLap 0.34   -6.3  67.8


 LAP BOLT SHEAR/BEARING:

  Bolt Size =12.00 (Gr8.8)

   Bay  Member    --Member_Left_End(kN)-  -Member_Right_End(kN)-
    Id  Part       Calc Shear  Bear   UC   Calc Shear  Bear   UC
  ----  --------  ----- ----- ----- ----  ----- ----- ----- ----
    1   200Z15                             1.88 15.37  7.37 0.26
    2   200Z15     1.88 15.37  7.37 0.26



 LOAD ID - Wind Suction:
 ---------------------------------------

 GIRT ACTIONS:
       ---------Shear(kN)--------   --------------Moment(kN-m)--------------
  Bay   Left   Left  Right  Right    Left   Left     Mid-Span   Right  Right
   Id    Sup    Lap    Lap    Sup     Sup    Lap    Mom    Loc    Lap    Sup
  ---  -----  -----  -----  -----   -----  -----  -----  -----  -----  -----
    1  -1.39          2.06   2.25    0.00          1.55   2328  -2.04  -2.75
    2  -2.25  -2.06          1.39   -2.75  -2.04   1.55   3772          0.00

 STRENGTH/DEFLECTION:
  Bay  -------Shear(kN)------  -----Moment(kN-m)-----  -Mom+Shr-  Deflect(mm)
   Id  Loc    Calc Limit   UC  Loc    Calc Limit   UC  Loc    UC   Calc Limit
  ---  ---- ------ ----- ----  ---- ------ ----- ----  ---- ----  ----- -----
    1  RLap   2.06  11.2 0.18  RLap  -2.04  4.50 0.45  RLap 0.38    7.0  67.8
    2  LLap  -2.06  11.2 0.18  LLap  -2.04  4.50 0.45  LLap 0.38    7.0  67.8


 LAP BOLT SHEAR/BEARING:

  Bolt Size =12.00 (Gr8.8)

   Bay  Member    --Member_Left_End(kN)-  -Member_Right_End(kN)-
    Id  Part       Calc Shear  Bear   UC   Calc Shear  Bear   UC
  ----  --------  ----- ----- ----- ----  ----- ----- ----- ----
    1   200Z15                             2.09 15.37  7.37 0.28
    2   200Z15     2.09 15.37  7.37 0.28

================================================================================
 C163-027            Wall 1 - Door Jamb & Header Design     19/JAN/2026 10:57am
================================================================================

 LAYOUT:
 -------
                                                      Reduction
  Open  Bay                             Load            Factor
   Id    Id  Locate  Part      Length  Width  Weight   Out   In
  ----  ---  ------  --------  ------  -----  ------  ---- ----
    1     2  JambL   200C25      6080   2000    41.2  0.00 0.65
             JambR   200C25      6080   2000    41.2  0.00 0.65
             Header  200C20      4000    540    21.7  0.00 0.65

 STRENGTH/DEFLECTION:
 --------------------
  Open         Load  --Shear(kN)-  --Moment(mm,kN-m)-   Mom+   Max  Deflect(mm)
   Id  Member   Id     Calc Limit    Loc   Calc Limit  Shear    UC   Calc Limit
  ---- ------  ----  ------ -----  ----- ------ -----  -----  ----  ----- -----
    1  JambL    WP    -3.38 45.71   3080  -5.14 10.54   0.38  0.49  -19.6  67.6 
                WS     3.73 45.71   3080   5.67  6.85   0.42  0.83   21.6  67.6 
       JambR    WP    -3.38 45.71   3080  -5.14 10.54   0.38  0.49  -19.6  67.6 
                WS     3.73 45.71   3080   5.67  6.85   0.42  0.83   21.6  67.6 
       Header   WP    -0.53 25.68   2000  -0.53  7.31   0.05  0.07   -1.1  44.4 
                WS     0.59 25.68   2000   0.59  7.31   0.05  0.08    1.2  44.4 
 
                WP - Wind_Pressure                  
                WS - Wind Suction                   
 
================================================================================
 C163-027            Wall 1 - Wall Panel Design             19/JAN/2026 10:57am
================================================================================

 PANEL DATA:
 -----------
  Bay                                       Rotation   Panel
   Id   Part      Rot  Type  Thick  Yield  Stiffness  Height
  ---   --------  ---  ----  -----  -----  ---------  ------
    2   40333 .5   N    4033  0.50    333     0.00      9756

 MOMENTS & DEFLECTION:
 ---------------------
                            --------------Moment(m-N/m   )-------------
  Span    Locate(mm)            Start       Midspan        End      Max  Deflect(mm)
   Id    Start   End  Load   Calc Limit   Calc Limit   Calc Limit    UC   Calc Limit
  ----   ----- -----  ----  ----- -----  ----- -----  ----- -----  ----  ----- -----
    1     3000  3080   WP       0  1800     52  1800    106  1800  0.06    0.0   0.9
                       WS       0   940    -57   940   -115   940  0.12    0.0   0.9
    2     3080  4580   WP     106  1800    -59   940    118  1800  0.07   -0.3  16.7
                       WS    -115   940     64  1800   -128   940  0.14    0.3  16.7
    3     4580  6080   WP     118  1800    -59   940    105  1800  0.07   -0.3  16.7
                       WS    -128   940     64  1800   -113   940  0.14    0.3  16.7
    4     6080  6150   WP     105  1800     99  1800     93  1800  0.06    0.0   0.8
                       WS    -113   940   -107   940   -101   940  0.12    0.0   0.8
    5     6150  7580   WP      93  1800    -54   940    109  1800  0.06   -0.2  15.9
                       WS    -101   940     58  1800   -118   940  0.13    0.2  15.9
    6     7580  8980   WP     109  1800    -56   940     77  1800  0.06   -0.2  15.6
                       WS    -118   940     61  1800    -83   940  0.13    0.2  15.6
    7     8980  9756   WP      77  1800    -15   940      0  1800  0.04    0.0   8.6
                       WS     -83   940     17  1800      0   940  0.09    0.0   8.6
 
                      WP - Wind_Pressure                  
                      WS - Wind Suction                   
 
================================================================================
 C163-027            Wall 1 - Panel Zones                   19/JAN/2026 10:57am
================================================================================

 PANEL:
 ------
                             Tensile
            Thick   Yield   Strength
  Part       (mm)  (MN/m2)   (MN/m2)
  --------  -----  -------  --------
  40333 .5   0.50   333.0     432.9

 GIRT SCREWS:
 ------------
              Dia  Washer  Limit
  Part       (mm)    (mm)   (kN)
  --------  -----  ------  -----
  14x20SDS    4.8    19.0  13.70

 PANEL ZONE LAYOUT:
 ------------------
                                            --Girt(mm,mm,mm)--  Panel
  Zone                 ----Wall(mm)---  Bay         Load   Min   Span
   Id   Description    Offset1 Offset2   Id Locate Width Thick   (mm)
  ----  -------------  ------- -------  --- ------ ----- -----  -----
    1   Interior          1220   10980    1   4580  1500  1.50   1500
    2   Lt Edge              0    1220    1   4580  1500  1.50   1500
    3   Rt Edge          10980   12200    2   4580  1500  1.50   1500

 GIRT SCREW CHECK:
 -----------------
        Screw     Wind         --------Limit(kN)-------
  Zone  Space  Suction   Load     Girt    Panel   Screw   Max
   Id    (mm)  (kN/m2)   (kN)  Pullout Pullover Tension    UC
  ----  -----  -------  -----  ------- -------- -------  ----
    1     250    0.657   0.25     0.93     2.06    3.65  0.27
    2     250    0.657   0.25     0.93     2.06    3.65  0.27
    3     250    0.657   0.25     0.93     2.06    3.65  0.27

 BASE SCREWS:
 ------------
              Dia  Washer  Limit
  Part       (mm)    (mm)   (kN)
  --------  -----  ------  -----
  14x20SDS    4.8    19.0  13.70

 BASE SCREW CHECK:
 -----------------
          Screw   Force/Screw  Shear
    Base  Space   Wind   Seis  Limit   Max
  Length   (mm)   (kN)   (kN)   (kN)    UC
  ------  -----  -----  -----  -----  ----
       0    250  0.000  0.000  0.935  0.00    
 
================================================================================
 C163-027            Wall 1 - Weight Summary                19/JAN/2026 10:57am
================================================================================
 

                                            Weight
                 Description                  (kg)
                 -----------               -------
                 Columns               =    202.86
                 Girts                 =    246.34
                 Wall Openings         =    104.00
                 Clips                 =     19.48
                                         ---------
                 Total                 =    572.67

================================================================================
 C163-027            Wall 1 - Warning Summary               19/JAN/2026 10:57am
================================================================================

                   .. No Warnings
