
================================================================================
 C323-153-Final      Assembly Plate Report                  14/AUG/2025  4:06pm
================================================================================


  Mark      Quan  Part      Quan   Width   Thick    Length  UnitWt  TotalWt
  --------  ----  --------  ----  ------  ------  -------- -------  -------
  CL1-1       1   WB1         1   700.00  5.0000  4000.000   88.00    88.00  
                  WB2         1   700.00  5.0000  3917.632  109.69   109.69  
                  CLF1        2   75.000  5.0000   75.0000    0.22     0.44  
                  ST1         4   70.000  6.0000  600.0000    2.02     8.08  
                  ST2         2   140.00  6.0000  600.0000    4.03     8.06  
                  CLF2        5   150.00  5.0000  172.5000    1.03     5.15  
                  OF1         1   150.00  6.0000  7917.632   57.01    57.01  
                  CLF3        5   150.00  5.0000  205.0000    1.23     6.15  
                  IF1         1   150.00  6.0000  4010.784   28.88    28.88  
                  IF2         1   150.00  6.0000  3917.632   28.21    28.21  
                  BW1         1   350.00  5.0000  788.0000   11.03    11.03  
                  BO1         1   225.00  8.0000  788.0000   11.35    11.35  
                  BI1         1   225.00  8.0000  788.0000   11.35    11.35  
                  SS1         1   554.95  5.0000  788.0000   17.49    17.49  
                  GC41-01     1   300.00  8.0000  150.0000    2.83     2.83  
                  EP1         1   200.00  16.000  704.8080   18.04    18.04  
                  EP2         1   200.00  16.000  900.0000   23.04    23.04  
                  SS2         1   197.00  10.000  147.0000    2.32     2.32  
                  SS3         1   195.79  10.000  145.7920    2.28     2.28  
                  SS4         2   120.00  5.0000   94.0000    0.45     0.90  
  --------  ----  --------  ----  ------  ------  -------- -------  -------
  RF1-2       2   WB3         1   400.50  4.0000  4482.883   50.37    50.37  
                  CLF1        4   75.000  5.0000   75.0000    0.22     0.88  
                  ST3         2   60.000  6.0000  360.0000    1.04     2.08  
                  OF2         1   125.00  5.0000  4677.451   23.39    23.39  
                  OF3         1   125.00  5.0000  321.6950    1.61     1.61  
                  CLF4        4   150.00  5.0000  145.0000    0.87     3.48  
                  ES1         1   230.00  5.0000  115.0000    1.06     1.06  
                  IF3         1   125.00  5.0000  3685.091   18.43    18.43  
                  EP3         1   200.00  16.000  500.0010   12.80    12.80  
                  EP2         1   200.00  16.000  900.0000   23.04    23.04  
                  SS5         2   120.00  5.0000   95.0010    0.46     0.92  
                  SS6         1   120.00  5.0000   94.5640    0.45     0.45  
  --------  ----  --------  ----  ------  ------  -------- -------  -------
  RF1-3       2   WB4         1   300.00  4.0000  4000.000   38.40    38.40  
                  CLF1        2   75.000  5.0000   75.0000    0.22     0.44  
                  OF4         1   125.00  5.0000  4000.000   20.00    20.00  
                  CLF4        3   150.00  5.0000  145.0000    0.87     2.61  
                  IF4         1   125.00  5.0000  3999.999   20.00    20.00  
                  EP3         2   200.00  16.000  500.0010   12.80    25.60  
                  SS5         4   120.00  5.0000   95.0010    0.46     1.84  
  --------  ----  --------  ----  ------  ------  -------- -------  -------
  RF1-4       1   WB5         1   552.75  4.0000  5052.834   68.66    68.66  
                  CLF1        8   75.000  5.0000   75.0000    0.22     1.76  
                  OF5         2   150.00  5.0000  2539.035   15.23    30.46  
                  CLF4        4   150.00  5.0000  145.0000    0.87     3.48  
                  IF5         1   150.00  5.0000  4991.813   29.95    29.95  
                  ST4         2   70.000  6.0000  450.0000    1.51     3.02  
                  EP3         2   200.00  16.000  500.0010   12.80    25.60  
                  SS5         2   120.00  5.0000   95.0010    0.46     0.92  
                  SS7         2   120.00  5.0000   93.3760    0.45     0.90  
  --------  ----  --------  ----  ------  ------  -------- -------  -------
  CL1-5       1   WB1         1   700.00  5.0000  4000.000   88.00    88.00  
                  WB2         1   700.00  5.0000  3917.632  109.69   109.69  
                  CLF1        2   75.000  5.0000   75.0000    0.22     0.44  
                  ST1         4   70.000  6.0000  600.0010    2.02     8.08  
                  ST2         2   140.00  6.0000  600.0010    4.03     8.06  
                  CLF2        5   150.00  5.0000  172.5000    1.03     5.15  
                  OF1         1   150.00  6.0000  7917.632   57.01    57.01  
                  CLF3        5   150.00  5.0000  205.0000    1.23     6.15  
                  IF1         1   150.00  6.0000  4010.784   28.88    28.88  
                  IF2         1   150.00  6.0000  3917.632   28.21    28.21  
                  BW1         1   350.00  5.0000  788.0000   11.03    11.03  
                  BO1         1   225.00  8.0000  788.0000   11.35    11.35  
                  BI1         1   225.00  8.0000  788.0000   11.35    11.35  
                  SS1         1   554.95  5.0000  788.0000   17.49    17.49  
                  GC41-01     1   300.00  8.0000  150.0000    2.83     2.83  
                  EP1         1   200.00  16.000  704.8080   18.04    18.04  
                  EP2         1   200.00  16.000  900.0010   23.04    23.04  
                  SS2         1   197.00  10.000  147.0000    2.32     2.32  
                  SS3         1   195.79  10.000  145.7910    2.28     2.28  
                  SS4         2   120.00  5.0000   94.0000    0.45     0.90  
  --------  ----  --------  ----  ------  ------  -------- -------  -------
  CL2-1       6   WB6         1   700.00  5.0000  4000.000   88.00    88.00  
                  WB7         1   700.00  5.0000  3715.629  104.04   104.04  
                  CLF1        2   75.000  5.0000   75.0000    0.22     0.44  
                  CLF5        2   150.00  10.000  120.0000    1.44     2.88  
                  ST1         4   70.000  6.0000  600.0000    2.02     8.08  
                  ST2         2   140.00  6.0000  600.0000    4.03     8.06  
                  OF6         1   150.00  6.0000  7715.630   55.55    55.55  
                  CLF3        5   150.00  5.0000  205.0000    1.23     6.15  
                  IF1         1   150.00  6.0000  4010.784   28.88    28.88  
                  IF6         1   150.00  6.0000  3715.629   26.75    26.75  
                  BW1         1   350.00  5.0000  788.0000   11.03    11.03  
                  BO1         1   225.00  8.0000  788.0000   11.35    11.35  
                  BI1         1   225.00  8.0000  788.0000   11.35    11.35  
                  SS1         1   554.95  5.0000  788.0000   17.49    17.49  
                  GC41-01     1   300.00  8.0000  150.0000    2.83     2.83  
                  EP1         1   200.00  16.000  704.8080   18.04    18.04  
                  EP2         1   200.00  16.000  900.0000   23.04    23.04  
                  SS2         1   197.00  10.000  147.0000    2.32     2.32  
                  SS3         1   195.79  10.000  145.7920    2.28     2.28  
                  SS4         2   120.00  5.0000   94.0000    0.45     0.90  
  --------  ----  --------  ----  ------  ------  -------- -------  -------
  RF2-2       6   WB8         1   600.50  4.0000  3715.467   50.65    50.65  
                  WB9         1   600.50  5.0000  799.0150   17.37    17.37  
                  CLF1        4   75.000  5.0000   75.0000    0.22     0.88  
                  ST5         2   60.000  6.0000  560.0000    1.61     3.22  
                  OF7         1   125.00  6.0000  4688.950   28.13    28.13  
                  OF8         1   125.00  6.0000  522.5930    3.14     3.14  
                  CLF4        4   150.00  5.0000  145.0000    0.87     3.48  
                  ES1         1   230.00  5.0000  115.0000    1.06     1.06  
                  IF7         1   125.00  8.0000  3731.071   29.85    29.85  
                  EP4         1   200.00  16.000  450.0010   11.52    11.52  
                  EP2         1   200.00  16.000  900.0000   23.04    23.04  
                  SS4         2   120.00  5.0000   94.0000    0.45     0.90  
                  SS8         1   120.00  5.0000   90.4630    0.43     0.43  
  --------  ----  --------  ----  ------  ------  -------- -------  -------
  RF2-3       6   WB10        1   450.00  4.0000  6543.356   73.16    73.16  
                  CLF1        6   75.000  5.0000   75.0000    0.22     1.32  
                  OF9         1   125.00  5.0000  6543.356   32.72    32.72  
                  CLF4        5   150.00  5.0000  145.0000    0.87     4.35  
                  IF8         1   125.00  5.0000  6500.918   32.50    32.50  
                  EP5         1   200.00  16.000  652.7420   16.71    16.71  
                  EP4         1   200.00  16.000  450.0010   11.52    11.52  
                  SS9         1   120.00  5.0000  108.6260    0.52     0.52  
                  SS10        1   120.00  5.0000   93.8830    0.45     0.45  
                  SS5         1   120.00  5.0000   95.0010    0.46     0.46  
                  SS6         1   120.00  5.0000   94.5070    0.45     0.45  
  --------  ----  --------  ----  ------  ------  -------- -------  -------
  CL3-1       2   WB1         1   700.00  5.0000  4000.000   88.00    88.00  
                  WB11        1   700.00  5.0000  3715.629  104.04   104.04  
                  CLF1        2   75.000  5.0000   75.0000    0.22     0.44  
                  ST1         4   70.000  6.0000  600.0000    2.02     8.08  
                  ST2         2   140.00  6.0000  600.0000    4.03     8.06  
                  OF6         1   150.00  6.0000  7715.630   55.55    55.55  
                  CLF3        5   150.00  5.0000  205.0000    1.23     6.15  
                  IF1         1   150.00  6.0000  4010.784   28.88    28.88  
                  IF6         1   150.00  6.0000  3715.629   26.75    26.75  
                  BW1         1   350.00  5.0000  788.0000   11.03    11.03  
                  BO1         1   225.00  8.0000  788.0000   11.35    11.35  
                  BI1         1   225.00  8.0000  788.0000   11.35    11.35  
                  SS1         1   554.95  5.0000  788.0000   17.49    17.49  
                  GC41-01     1   300.00  8.0000  150.0000    2.83     2.83  
                  EP1         1   200.00  16.000  704.8080   18.04    18.04  
                  EP2         1   200.00  16.000  900.0000   23.04    23.04  
                  SS2         1   197.00  10.000  147.0000    2.32     2.32  
                  SS3         1   195.79  10.000  145.7920    2.28     2.28  
                  SS4         2   120.00  5.0000   94.0000    0.45     0.90  
  --------  ----  --------  ----  ------  ------  -------- -------  -------
  RF3-2       2   WB8         1   600.50  4.0000  3715.467   50.65    50.65  
                  WB12        1   600.50  5.0000  799.0150   17.37    17.37  
                  CLF1        4   75.000  5.0000   75.0000    0.22     0.88  
                  ST5         2   60.000  6.0000  560.0000    1.61     3.22  
                  OF7         1   125.00  6.0000  4688.950   28.13    28.13  
                  OF8         1   125.00  6.0000  522.5930    3.14     3.14  
                  CLF4        4   150.00  5.0000  145.0000    0.87     3.48  
                  ES1         1   230.00  5.0000  115.0000    1.06     1.06  
                  IF7         1   125.00  8.0000  3731.071   29.85    29.85  
                  EP4         1   200.00  16.000  450.0010   11.52    11.52  
                  EP2         1   200.00  16.000  900.0000   23.04    23.04  
                  SS4         2   120.00  5.0000   94.0000    0.45     0.90  
                  SS8         1   120.00  5.0000   90.4630    0.43     0.43  
  --------  ----  --------  ----  ------  ------  -------- -------  -------
  RF3-3       2   WB13        1   450.00  4.0000  6543.356   73.16    73.16  
                  CLF1        6   75.000  5.0000   75.0000    0.22     1.32  
                  OF9         1   125.00  5.0000  6543.356   32.72    32.72  
                  CLF4        5   150.00  5.0000  145.0000    0.87     4.35  
                  IF8         1   125.00  5.0000  6500.918   32.50    32.50  
                  EP5         1   200.00  16.000  652.7420   16.71    16.71  
                  EP4         1   200.00  16.000  450.0010   11.52    11.52  
                  SS9         1   120.00  5.0000  108.6260    0.52     0.52  
                  SS10        1   120.00  5.0000   93.8830    0.45     0.45  
                  SS5         1   120.00  5.0000   95.0010    0.46     0.46  
                  SS6         1   120.00  5.0000   94.5070    0.45     0.45  
  --------  ----  --------  ----  ------  ------  -------- -------  -------
  CL4-1       2   WB6         1   700.00  5.0000  4000.000   88.00    88.00  
                  WB14        1   700.00  5.0000  3715.629  104.04   104.04  
                  CLF1        2   75.000  5.0000   75.0000    0.22     0.44  
                  CLF5        2   150.00  10.000  120.0000    1.44     2.88  
                  ST1         4   70.000  6.0000  600.0000    2.02     8.08  
                  ST2         2   140.00  6.0000  600.0000    4.03     8.06  
                  OF6         1   150.00  6.0000  7715.630   55.55    55.55  
                  CLF3        5   150.00  5.0000  205.0000    1.23     6.15  
                  IF1         1   150.00  6.0000  4010.784   28.88    28.88  
                  IF6         1   150.00  6.0000  3715.629   26.75    26.75  
                  BW1         1   350.00  5.0000  788.0000   11.03    11.03  
                  BO1         1   225.00  8.0000  788.0000   11.35    11.35  
                  BI1         1   225.00  8.0000  788.0000   11.35    11.35  
                  SS1         1   554.95  5.0000  788.0000   17.49    17.49  
                  GC41-01     1   300.00  8.0000  150.0000    2.83     2.83  
                  EP1         1   200.00  16.000  704.8080   18.04    18.04  
                  EP2         1   200.00  16.000  900.0000   23.04    23.04  
                  SS2         1   197.00  10.000  147.0000    2.32     2.32  
                  SS3         1   195.79  10.000  145.7920    2.28     2.28  
                  SS4         2   120.00  5.0000   94.0000    0.45     0.90  
  --------  ----  --------  ----  ------  ------  -------- -------  -------
  RF4-2       2   WB8         1   600.50  4.0000  3715.467   50.65    50.65  
                  WB9         1   600.50  5.0000  799.0150   17.37    17.37  
                  CLF1        4   75.000  5.0000   75.0000    0.22     0.88  
                  ST5         2   60.000  6.0000  560.0000    1.61     3.22  
                  OF7         1   125.00  6.0000  4688.950   28.13    28.13  
                  OF8         1   125.00  6.0000  522.5930    3.14     3.14  
                  CLF4        4   150.00  5.0000  145.0000    0.87     3.48  
                  ES1         1   230.00  5.0000  115.0000    1.06     1.06  
                  IF7         1   125.00  8.0000  3731.071   29.85    29.85  
                  EP4         1   200.00  16.000  450.0010   11.52    11.52  
                  EP2         1   200.00  16.000  900.0000   23.04    23.04  
                  SS4         2   120.00  5.0000   94.0000    0.45     0.90  
                  SS8         1   120.00  5.0000   90.4630    0.43     0.43  
  --------  ----  --------  ----  ------  ------  -------- -------  -------
  RF4-3       2   WB10        1   450.00  4.0000  6543.356   73.16    73.16  
                  CLF1        6   75.000  5.0000   75.0000    0.22     1.32  
                  OF9         1   125.00  5.0000  6543.356   32.72    32.72  
                  CLF4        5   150.00  5.0000  145.0000    0.87     4.35  
                  IF8         1   125.00  5.0000  6500.918   32.50    32.50  
                  EP5         1   200.00  16.000  652.7420   16.71    16.71  
                  EP4         1   200.00  16.000  450.0010   11.52    11.52  
                  SS9         1   120.00  5.0000  108.6260    0.52     0.52  
                  SS10        1   120.00  5.0000   93.8830    0.45     0.45  
                  SS5         1   120.00  5.0000   95.0010    0.46     0.46  
                  SS6         1   120.00  5.0000   94.5070    0.45     0.45  
  --------  ----  --------  ----  ------  ------  -------- -------  -------
  CL5-1       1   WB1         1   700.00  5.0000  4000.000   88.00    88.00  
                  WB15        1   700.00  5.0000  3917.632  109.69   109.69  
                  CLF1        2   75.000  5.0000   75.0000    0.22     0.44  
                  ST1         4   70.000  6.0000  600.0000    2.02     8.08  
                  ST2         2   140.00  6.0000  600.0000    4.03     8.06  
                  CLF2        5   150.00  5.0000  172.5000    1.03     5.15  
                  OF1         1   150.00  6.0000  7917.632   57.01    57.01  
                  CLF3        5   150.00  5.0000  205.0000    1.23     6.15  
                  IF1         1   150.00  6.0000  4010.784   28.88    28.88  
                  IF2         1   150.00  6.0000  3917.632   28.21    28.21  
                  BW1         1   350.00  5.0000  788.0000   11.03    11.03  
                  BO1         1   225.00  8.0000  788.0000   11.35    11.35  
                  BI1         1   225.00  8.0000  788.0000   11.35    11.35  
                  SS1         1   554.95  5.0000  788.0000   17.49    17.49  
                  GC41-01     1   300.00  8.0000  150.0000    2.83     2.83  
                  EP1         1   200.00  16.000  704.8080   18.04    18.04  
                  EP2         1   200.00  16.000  900.0000   23.04    23.04  
                  SS2         1   197.00  10.000  147.0000    2.32     2.32  
                  SS3         1   195.79  10.000  145.7920    2.28     2.28  
                  SS4         2   120.00  5.0000   94.0000    0.45     0.90  
  --------  ----  --------  ----  ------  ------  -------- -------  -------
  RF5-2       2   WB3         1   400.50  4.0000  4482.883   50.37    50.37  
                  CLF1        4   75.000  5.0000   75.0000    0.22     0.88  
                  ST3         2   60.000  6.0000  360.0000    1.04     2.08  
                  OF2         1   125.00  5.0000  4677.451   23.39    23.39  
                  OF3         1   125.00  5.0000  321.6950    1.61     1.61  
                  CLF4        4   150.00  5.0000  145.0000    0.87     3.48  
                  ES1         1   230.00  5.0000  115.0000    1.06     1.06  
                  IF3         1   125.00  5.0000  3685.091   18.43    18.43  
                  EP3         1   200.00  16.000  500.0010   12.80    12.80  
                  EP2         1   200.00  16.000  900.0000   23.04    23.04  
                  SS5         2   120.00  5.0000   95.0010    0.46     0.92  
                  SS6         1   120.00  5.0000   94.5640    0.45     0.45  
  --------  ----  --------  ----  ------  ------  -------- -------  -------
  RF5-3       2   WB4         1   300.00  4.0000  4000.000   38.40    38.40  
                  CLF1        2   75.000  5.0000   75.0000    0.22     0.44  
                  OF4         1   125.00  5.0000  4000.000   20.00    20.00  
                  CLF4        3   150.00  5.0000  145.0000    0.87     2.61  
                  IF4         1   125.00  5.0000  3999.999   20.00    20.00  
                  EP3         2   200.00  16.000  500.0010   12.80    25.60  
                  SS5         4   120.00  5.0000   95.0010    0.46     1.84  
  --------  ----  --------  ----  ------  ------  -------- -------  -------
  RF5-4       1   WB5         1   552.75  4.0000  5052.834   68.66    68.66  
                  CLF1        8   75.000  5.0000   75.0000    0.22     1.76  
                  OF5         2   150.00  5.0000  2539.035   15.23    30.46  
                  CLF4        4   150.00  5.0000  145.0000    0.87     3.48  
                  IF5         1   150.00  5.0000  4991.813   29.95    29.95  
                  ST4         2   70.000  6.0000  450.0000    1.51     3.02  
                  EP3         2   200.00  16.000  500.0010   12.80    25.60  
                  SS5         2   120.00  5.0000   95.0010    0.46     0.92  
                  SS7         2   120.00  5.0000   93.3760    0.45     0.90  
  --------  ----  --------  ----  ------  ------  -------- -------  -------
  CL5-5       1   WB1         1   700.00  5.0000  4000.000   88.00    88.00  
                  WB15        1   700.00  5.0000  3917.632  109.69   109.69  
                  CLF1        2   75.000  5.0000   75.0000    0.22     0.44  
                  ST1         4   70.000  6.0000  600.0010    2.02     8.08  
                  ST2         2   140.00  6.0000  600.0010    4.03     8.06  
                  CLF2        5   150.00  5.0000  172.5000    1.03     5.15  
                  OF1         1   150.00  6.0000  7917.632   57.01    57.01  
                  CLF3        5   150.00  5.0000  205.0000    1.23     6.15  
                  IF1         1   150.00  6.0000  4010.784   28.88    28.88  
                  IF2         1   150.00  6.0000  3917.632   28.21    28.21  
                  BW1         1   350.00  5.0000  788.0000   11.03    11.03  
                  BO1         1   225.00  8.0000  788.0000   11.35    11.35  
                  BI1         1   225.00  8.0000  788.0000   11.35    11.35  
                  SS1         1   554.95  5.0000  788.0000   17.49    17.49  
                  GC41-01     1   300.00  8.0000  150.0000    2.83     2.83  
                  EP1         1   200.00  16.000  704.8080   18.04    18.04  
                  EP2         1   200.00  16.000  900.0010   23.04    23.04  
                  SS2         1   197.00  10.000  147.0000    2.32     2.32  
                  SS3         1   195.79  10.000  145.7910    2.28     2.28  
                  SS4         2   120.00  5.0000   94.0000    0.45     0.90  
  --------  ----  --------  ----  ------  ------  -------- -------  -------
  EB-1        1   WB16        1   415.00  4.0000  2224.498   21.62    21.62  
                  OF10        1   125.00  5.0000  2235.093   10.97    10.97  
                  IF9         1   125.00  5.0000  2224.498   10.92    10.92  
                  EP6         1   200.00  16.000  616.6250   15.50    15.50  
                  SS11        1   120.00  5.0000  108.6000    0.51     0.51  
                  SS12        1   120.00  5.0000  120.0000    0.57     0.57  
                  CLF6        2   150.00  5.0000  225.0000    1.33     2.66  
                  CLF7        1   75.000  5.0000   75.0000    0.22     0.22  
  --------  ----  --------  ----  ------  ------  -------- -------  -------
  EB-3        1   WB17        1   371.00  4.0000  1784.497   16.09    16.09  
                  OF11        1   125.00  5.0000  1792.898    8.80     8.80  
                  IF10        1   125.00  5.0000  1784.497    8.76     8.76  
                  EP7         1   200.00  16.000  572.6250   14.40    14.40  
                  SS11        1   120.00  5.0000  108.6000    0.51     0.51  
                  SS12        1   120.00  5.0000  120.0000    0.57     0.57  
                  CLF6        2   150.00  5.0000  225.0000    1.33     2.66  
                  CLF7        1   75.000  5.0000   75.0000    0.22     0.22  
  --------  ----  --------  ----  ------  ------  -------- -------  -------
  EB-4        1   WB16        1   415.00  4.0000  2224.498   21.62    21.62  
                  OF10        1   125.00  5.0000  2235.093   10.97    10.97  
                  IF9         1   125.00  5.0000  2224.498   10.92    10.92  
                  EP6         1   200.00  16.000  616.6250   15.50    15.50  
                  SS11        1   120.00  5.0000  108.6000    0.51     0.51  
                  SS12        1   120.00  5.0000  120.0000    0.57     0.57  
                  CLF6        2   150.00  5.0000  225.0000    1.33     2.66  
                  CLF7        1   75.000  5.0000   75.0000    0.22     0.22  
  --------  ----  --------  ----  ------  ------  -------- -------  -------
  EC-1        1   WBE1        1   400.00  5.0000  8798.000  138.25   138.25  
                  OFE1        1   150.00  5.0000  8798.000   51.85    51.85  
                  IFE1        1   150.00  5.0000  8798.000   51.85    51.85  
                  CLE1        6   150.80  5.0000  205.0000    1.21     7.26  
                  CLE2        2   75.000  5.0000   75.0000    0.22     0.44  
                  EPE1        1   200.00  16.000  450.0000   11.31    11.31  
                  EPE2        1   200.00  16.000  450.0000   11.31    11.31  
  --------  ----  --------  ----  ------  ------  -------- -------  -------
  EC-2        1   WBE1        1   400.00  5.0000  8798.000  138.25   138.25  
                  OFE1        1   150.00  5.0000  8798.000   51.85    51.85  
                  IFE1        1   150.00  5.0000  8798.000   51.85    51.85  
                  CLE1        6   150.80  5.0000  205.0000    1.21     7.26  
                  BOE1        1   125.00  5.0000  214.0000    1.05     1.05  
                  BIE1        1   125.00  5.0000  214.0000    1.05     1.05  
                  BWE1        1   371.00  4.0000  214.0000    2.49     2.49  
                  BEE1        1   200.00  16.000  572.6500   14.40    14.40  
                  CLE3        2   120.00  5.0000  120.0000    0.28     0.56  
                  STE1        4   60.000  6.0000  300.0000    0.85     3.40  
                  CLE2        2   75.000  5.0000   75.0000    0.22     0.44  
                  EPE1        1   200.00  16.000  450.0000   11.31    11.31  
                  EPE2        1   200.00  16.000  450.0000   11.31    11.31  
  --------  ----  --------  ----  ------  ------  -------- -------  -------
  ST-1        2   T80x32      1   80.000  3.2000  5685.000   42.69    42.69  
                  EPE3        2   150.00  10.000  150.0000    1.77     3.54  
                  CLE4        2   150.00  10.000  120.0000    1.41     2.82  
  --------  ----  --------  ----  ------  ------  -------- -------  -------
  ST-2        2   T80x32      1   80.000  3.2000  5695.000   42.77    42.77  
                  EPE3        2   150.00  10.000  150.0000    1.77     3.54  
                  CLE4        2   150.00  10.000  120.0000    1.41     2.82  
  --------  ----  --------  ----  ------  ------  -------- -------  -------
  EB-2        2   WBE2        1   300.00  4.0000  5779.000   55.48    55.48  
                  OFE2        1   150.00  5.0000  5779.000   34.05    34.05  
                  IFE2        1   150.00  5.0000  5779.000   34.05    34.05  
                  EPE4        1   200.00  16.000  500.0250   12.57    12.57  
                  STE2        2   120.00  5.0000   95.0250    0.45     0.90  
                  EPE5        1   150.00  10.000  360.0250    4.24     4.24  
