===============================================================================
 C323-153            1.RIGID & ENDWALL FRAME MEMBERS:        7/AUG/2025  9:44am

                                                                 Total    Total
 Quan Mark   Description           Part     Punch       Length  Weight     Cost
===============================================================================
    1 RF1-1  RF Column                                    7950   418.9     0.04
    4 RF1-2  RF Rafter                                    4283   538.0     0.04
    4 RF1-3  RF Rafter                                    4221   450.4     0.04
    2 RF1-4  RF Rafter                                    5086   329.6     0.04
    1 RF1-5  RF Column                                    7950   416.6     0.04
    1 RF1-6  RF Column                                    7950   418.9     0.04
    1 RF1-7  RF Column                                    7950   416.6     0.04
    4 RF2-1  RF Column                                    7748  1606.4     0.16
    5 RF2-2  RF Rafter                                    4284   841.0     0.10
    5 RF2-3  RF Rafter                                    6776   892.0     0.10
    5 RF2-4  RF Rafter                                    6829   898.0     0.10
    5 RF2-5  RF Rafter                                    4231   833.5     0.10
    4 RF2-6  RF Column                                    7748  1600.8     0.16
    1 RF2-7  RF Column                                    7748   401.6     0.04
    1 RF2-8  RF Column                                    7748   400.2     0.04

    1 EB-1   Ext Beam                                     2272    63.0    46.60
    2 EB-2   Ext Beam              W30a155                5805   282.6   209.10
    1 EB-3   Ext Beam                                     1830    52.0    38.48
    1 EB-4   Ext Beam                                     2272    63.0    46.60

    1 EC-1   EW Column             W40b155                8830   273.5   202.40
    1 EC-2   EW Column             W40b155                8830   297.7   220.28

-------------------------------------------------------------------------------
                                                     Total:    11494.3   764.54


===============================================================================
 C323-153            2.DOOR JAMBS & HEADERS:                 7/AUG/2025  9:44am

                                           Punch/                Total    Total
 Quan Mark   Description      Part          Color       Length  Weight     Cost
===============================================================================
    2 DJ-1   Door Jamb        200C20                      4480    48.6     0.04
                    Web Slot:  
                     Loc=       45      2605      3605      4435 

-------------------------------------------------------------------------------
                                                     Total:       48.6     0.04


===============================================================================
 C323-153            3.PURLINS, EAVE STRUTS, WALL GIRTS:     7/AUG/2025  9:44am

                                                                 Total    Total
 Quan Mark   Description     Part     Pitch   Punch     Length  Weight     Cost
===============================================================================
    8 P-1    Roof Purlin     150Z15           ??-??       6570   182.4     0.00
                     Web=      385       485       765      1095      1395 
                              5235      5535      5865      6145      6245 
                              6525 
                    Slot=     2190      4380 
   16 P-2    Roof Purlin     150Z15           ??-??       6740   374.2     0.00
                     Web=       45       325       425       705      1035 
                              1335      5405      5705      6035      6315 
                              6415      6695 
                    Slot=     2246      4493 
   16 P-3    Roof Purlin     150Z15           ??-??       6895   382.8     0.00
                     Web=       45       325       425       705      1035 
                              1335      5560      5860      6190      6470 
                              6570      6850 
                    Slot=     2298      4596 
   16 P-4    Roof Purlin     150Z15           ??-??       6450   358.1     0.00
                     Web=       45       325       425       705      1035 
                              1335      5115      5415      5745      6025 
                              6125      6405 
                    Slot=     2150      4300 
   16 P-5    Roof Purlin     150Z15           ??-??       6750   374.8     0.00
                     Web=       45       325       425       705      1035 
                              1335      5415      5715      6045      6325 
                              6425      6705 
                    Slot=     2250      4500 
    8 P-6    Roof Purlin     150Z15           ??-??       6620   183.8     0.00
                     Web=       45       325       425       705      1035 
                              1335      5225      5525      5855      6135 
                              6235 
                    Slot=     2206      4413 
    8 P-7    Roof Purlin     150Z15           ??-??       6570   182.4     0.00
                     Web=       45       325       425       705      1035 
                              1335      5175      5475      5805      6085 
                              6185 
                    Slot=     2190      4380 
    8 P-8    Roof Purlin     150Z15           ??-??       6620   183.8     0.00
                     Web=      385       485       765      1095      1395 
                              5285      5585      5915      6195      6295 
                              6575 
                    Slot=     2206      4413 
    1 P-9    Roof Purlin     250Z18           ??-??      12235    77.7     0.01
                     Web=       45       345       675       955      1055 
                              1335      1665      1965     10750     11050 
                             11380     11660     11760     12040 
                    Slot=     2447      4894      7341      9788 
    1 P-10   Roof Purlin     250Z18           ??-??      12235    77.7     0.01
                     Web=      195       475       575       855      1185 
                              1485     10270     10570     10900     11180 
                             11280     11560     11890     12190 
                    Slot=     2447      4894      7341      9788 
    1 E-1    Eave Strut      150Z15           ??-??       6570    22.8     0.00
                     Web=      385       485      5865      6145      6245 
                              6525 
                    Slot=     2061      2190      4128      4380 
    2 E-2    Eave Strut      150Z15           ??-??       6740    46.8     0.00
                     Web=       45       325       425       705      6035 
                              6315      6415      6695 
                    Slot=     2246      2371      4368      4493 
    2 E-3    Eave Strut      150Z15           ??-??       6895    47.9     0.00
                     Web=       45       325       425       705      6190 
                              6470      6570      6850 
                    Slot=     2298      2423      4471      4596 
    2 E-4    Eave Strut      150Z15           ??-??       6450    44.8     0.00
                     Web=       45       325       425       705      5745 
                              6025      6125      6405 
                    Slot=     2150      2275      4175      4300 
    2 E-5    Eave Strut      150Z15           ??-??       6750    46.8     0.00
                     Web=       45       325       425       705      6045 
                              6325      6425      6705 
                    Slot=     2250      2375      4375      4500 
    1 E-6    Eave Strut      150Z15           ??-??       6620    23.0     0.00
                     Web=       45       325       425       705      6135 
                              6235 
                    Slot=     2206      2458      4413      4541 
    1 E-7    Eave Strut      150Z15           ??-??       6570    22.8     0.00
                     Web=       45       325       425       705      6085 
                              6185 
                    Slot=     2190      2441      4380      4508 
    1 E-8    Eave Strut      150Z15           ??-??       6620    23.0     0.00
                     Web=      385       485      5915      6195      6295 
                              6575 
                    Slot=     2078      2206      4161      4413 
    1 E-9    Eave Strut      250Z18           ??-??      12240    77.7     0.01
                     Web=       45       955      1055      1965     11660 
                             11760 
                    Slot=     2448      4896      7344      9792 
    1 E-10   Eave Strut      250Z18           ??-??      12240    77.7     0.01
                     Web=      480       580     10275     11185     11285 
                             12195 
                    Slot=     2448      4896      7344      9792 

    2 G-1    EW Girt         200Z15           ??-??      12030    97.7     0.04
                     Web=      170       270     10065     10365     10695 
                             10975     11075     11355     11685     11985 
                    Slot=     2037      4284      6531      8778 
    6 G-2    EW Girt         200Z18           ??-??      12235   357.5     0.12
                     Web=      375       475     10270     10570     10900 
                             11180     11280     11560     11890     12190 
                    Slot=     2242      4489      6736      8983 
    1 G-3    EW Girt         200Z18           ??-??      12030    58.6     0.02
                     Web=      170       270     10065     10365     10695 
                             10975     11075     11355     11685     11985 
                    Slot=     2037      4284      6531      8778 
    2 G-4    EW Girt         200Z15           ??-??      11132    90.4     0.04
                     Web=     1457      1557      9167      9467      9797 
                             10077     10177     10457     10787     11087 
                    Slot=     1139      3386      5633      7880 
    3 G-5    EW Girt         200Z15           ??-??      12030   146.5     0.06
                     Web=       45       345       675       955      1055 
                              1335      1665      1965     11760     11860 
                    Slot=     3252      5499      7746      9993 
    9 G-6    EW Girt         200Z18           ??-??      12235   536.3     0.18
                     Web=       45       345       675       955      1055 
                              1335      1665      1965     11760     11860 
                    Slot=     3252      5499      7746      9993 
    1 G-7    EW Girt         200Z18           ??-??      12030    58.6     0.02
                     Web=       45       345       675       955      1055 
                              1335      1665      1965     11760     11860 
                    Slot=     3252      5499      7746      9993 
    2 G-8    EW Girt         200Z15           ??-??      11132    90.4     0.04
                     Web=       45       345       675       955      1055 
                              1335      1665      1965      9575      9675 
                    Slot=     3252      5499      7746      9993 
    1 G-9    EW Girt         200Z15           ??-??       3066    12.4     0.02
                     Web=      170       270      3021 
                    Slot=     2037 
    1 G-10   EW Girt         200Z15           ??-??       3271    13.3     0.02
                     Web=      375       475      3226 
                    Slot=     2242 
    2 G-11   EW Girt         200Z20           ??-??      12235   132.6     0.04
                     Web=      375       475      3323      7903     10270 
                             10570     10900     11180     11280     11560 
                             11890     12190 
                    Slot=     2242      4489      6736      8983 
    1 G-12   EW Girt         200Z15           ??-??      12235    49.7     0.02
                     Web=      375       475     10270     10570     10900 
                             11180     11280     11560     11890     12190 
                    Slot=     2242      4489      6736      8983 
    1 G-13   EW Girt         200Z15           ??-??       4280    17.4     0.02
                     Web=       45      2315      2615      2945      3225 
                              3325      3605      3935      4235 
                    Slot=     1028 
    1 G-14   EW Girt         200Z18           ??-??       4280    20.8     0.02
                     Web=       45      2315      2615      2945      3225 
                              3325      3605      3935      4235 
                    Slot=     1028 
    1 G-15   EW Girt         200Z15           ??-??      12235    49.7     0.02
                     Web=       45       345       675       955      1055 
                              1335      1665      1965     11760     11860 
                    Slot=     3252      5499      7746      9993 
    4 G-16   SW Girt         200Z15           ??-??       6570   106.7     0.08
                     Web=      385       485       765      1095      1395 
                              5235      5535      5865      6145      6245 
                              6525 
                    Slot=     2061      4128 
    8 G-17   SW Girt         200Z15           ??-??       6740   218.9     0.16
                     Web=       45       325       425       705      1035 
                              1335      5405      5705      6035      6315 
                              6415      6695 
                    Slot=     2371      4368 
    8 G-18   SW Girt         200Z15           ??-??       6895   223.9     0.16
                     Web=       45       325       425       705      1035 
                              1335      5560      5860      6190      6470 
                              6570      6850 
                    Slot=     2423      4471 
    8 G-19   SW Girt         200Z15           ??-??       6450   209.5     0.16
                     Web=       45       325       425       705      1035 
                              1335      5115      5415      5745      6025 
                              6125      6405 
                    Slot=     2275      4175 
    8 G-20   SW Girt         200Z15           ??-??       6750   219.2     0.16
                     Web=       45       325       425       705      1035 
                              1335      5415      5715      6045      6325 
                              6425      6705 
                    Slot=     2375      4375 
    4 G-21   SW Girt         200Z15           ??-??       6620   107.5     0.08
                     Web=       45       325       425       705      1035 
                              1335      5225      5525      5855      6135 
                              6235 
                    Slot=     2458      4541 
    4 G-22   SW Girt         200Z15           ??-??       6620   107.5     0.08
                     Web=      385       485       765      1095      1395 
                              5285      5585      5915      6195      6295 
                              6575 
                    Slot=     2078      4161 
    4 G-23   SW Girt         200Z15           ??-??       6570   106.7     0.08
                     Web=       45       325       425       705      1035 
                              1335      5175      5475      5805      6085 
                              6185 
                    Slot=     2441      4508 
    2 G-24   SW Girt         200Z15           ??-??       6180    50.2     0.04
                     Web=       45       145      6035      6135 
                    Slot=     2091      4088 
    2 G-25   SW Girt         200Z15           ??-??       6190    50.3     0.04
                     Web=       45       145      6045      6145 
                    Slot=     2095      4095 

-------------------------------------------------------------------------------
                                                     Total:     5943.1     1.76


===============================================================================
 C323-153            4.ROOF & WALL SHEETING:                 7/AUG/2025  9:44am

                                                                 Total    Total
 Quan Mark   Description           Part    Clr Pitch    Length  Weight     Cost
===============================================================================
   74 RS-1   Roof Sheet            45250 .5 A3           5750   2038.2     1.48
   74 RS-2   Roof Sheet            45250 .5 A3           5900   2091.3     1.48
   23 RS-3   Ext Sheet             45250 .5 A3           1860    204.9     0.46

    2 ES-1   EW Sheet              45250 .5 A2           6020     57.7     0.04
    2 ES-2   EW Sheet              45250 .5 A2           6120     58.6     0.04
    2 ES-3   EW Sheet              45250 .5 A2           6220     59.6     0.04
    2 ES-4   EW Sheet              45250 .5 A2           6320     60.5     0.04
    2 ES-5   EW Sheet              45250 .5 A2           6420     61.5     0.04
    2 ES-6   EW Sheet              45250 .5 A2           6520     62.5     0.04
    2 ES-7   EW Sheet              45250 .5 A2           6620     63.4     0.04
    2 ES-8   EW Sheet              45250 .5 A2           6720     64.4     0.04
    2 ES-9   EW Sheet              45250 .5 A2           6820     65.3     0.04
    2 ES-10  EW Sheet              45250 .5 A2           6920     66.3     0.04
    2 ES-11  EW Sheet              45250 .5 A2           7020     67.3     0.04
    1 ES-12  EW Sheet              45250 .5 A2           7090     34.0     0.02
   20 ES-13  EW Sheet              45250 .5 A2           3300    316.1     0.40
    2 ES-14  EW Sheet              45250 .5 A2           2660     25.5     0.04
    2 ES-15  EW Sheet              45250 .5 A2           2760     26.4     0.04
    2 ES-16  EW Sheet              45250 .5 A2           2860     27.4     0.04
    2 ES-17  EW Sheet              45250 .5 A2           2960     28.4     0.04
    3 ES-18  EW Sheet              45250 .5 A2           1190     17.1     0.06
    2 ES-19  EW Sheet              45250 .5 A2           3060     29.3     0.04
    2 ES-20  EW Sheet              45250 .5 A2           3160     30.3     0.04
    2 ES-21  EW Sheet              45250 .5 A2           3260     31.2     0.04
    2 ES-22  EW Sheet              45250 .5 A2           3360     32.2     0.04
    2 ES-23  EW Sheet              45250 .5 A2           3460     33.1     0.04
    2 ES-24  EW Sheet              45250 .5 A2           3560     34.1     0.04
    2 ES-25  EW Sheet              45250 .5 A2           3660     35.1     0.04
    1 ES-26  EW Sheet              45250 .5 A2           3730     17.9     0.02

   74 SS-1   SW Sheet              45250 .5 A2           6020   2133.9     1.48


            Colors
            ------
              A2 - NEED WALL COLOR          
              A3 - NEED ROOF COLOR          

-------------------------------------------------------------------------------
                                                     Total:     7873.4     6.28


===============================================================================
 C323-153            5.CONNECTION PLATES:                    7/AUG/2025  9:44am

                                                                 Total    Total
 Quan Mark   Description Part     Dwg  Ang Thick  Width Length  Weight     Cost
===============================================================================
    4 d1     Frm-Grt Plt          SP2   90  5.00    144    461    10.5     0.22
               A=   22  B=  100  C=   22  D=  100 
               E=   35  F=  282  G=  100 
    4 b1     Grt-Jmb Plt          SP2   90  5.00    144    203     4.6     0.10
               A=   22  B=  100  C=   22  D=  100 
               E=   30  F=  129 
   18 d2     Cor-Grt6 Pl          SP4   90  5.00    144    456    46.6     0.94
               A=   22  B=  100  C=   22  D=  100 
               E=   30  F=  282  G=  100 
    2 f1     Jmb-Bas Plt          SP6   90  5.00    144    155     1.8     0.04
               A=   22  B=  100  C=   22  D=  100 
               E=   50  F=   42 
    2 j1     Jmb-Grt Plt          SP10  90  5.00    144    206     2.3     0.06
               A=   22  B=  100  C=   22  D=  100 
               E=   32  F=  130 


            Colors
            ------
              RO - Red Oxide                

-------------------------------------------------------------------------------
                                                     Total:       65.8     1.36


===============================================================================
 C323-153            6.ANGLES:                               7/AUG/2025  9:44am

                                                                 Total    Total
 Quan Mark   Description    Part    Clr Width Thick     Length  Weight     Cost
===============================================================================
   10 FB440  RF Flg Brc     L40X40X4 RO    40  4.00        440    10.7     0.20
   10 FB448  RF Flg Brc     L40X40X4 RO    40  4.00        448    10.9     0.20
    4 FB456  RF Flg Brc     L40X40X4 RO    40  4.00        456     4.4     0.08
    4 FB464  RF Flg Brc     L40X40X4 RO    40  4.00        464     4.5     0.08
   20 FB472  RF Flg Brc     L40X40X4 RO    40  4.00        472    22.9     0.40
    3 FB496  Ext Flg Br     L40X40X4 RO    40  4.00        496     3.6     0.06
    8 FB528  RF Flg Brc     L40X40X4 RO    40  4.00        528    10.2     0.16
   20 FB536  RF Flg Brc     L40X40X4 RO    40  4.00        536    26.0     0.40
    4 FB568  EW Flg Brc     L40X40X4 RO    40  4.00        568     5.5     0.08
   20 FB568  RF Flg Brc     L40X40X4 RO    40  4.00        568    27.5     0.40
    4 FB848  RF Flg Brc     L40X40X4 RO    40  4.00        848     8.2     0.08
   20 FB872  RF Flg Brc     L40X40X4 RO    40  4.00        872    42.2     0.40
   24 FB920  RF Flg Brc     L40X40X4 RO    40  4.00        920    53.4     0.48

   68 JB-1   Sag rod at bas SROD12                       1100     80.8     1.36
   16 JB-2   Sag rod at bas SROD12                        900     15.6     0.32
   72 JB-3   Sag rod at bas SROD12                       1600    124.4     1.44
    8 JB-4   Sag rod at bas SROD12                        271      2.3     0.16
    8 JB-5   Sag rod at bas SROD12                        930      8.0     0.16
   24 JB-6   Sag rod at gir SROD12                       1290     33.4     0.48

   18 GA     GABLE ANGLE    L75X100  RO        2.00       3000   169.6     0.18
   16 SI-    12mm SAG ROD   SROD12   --       12.00       1519    11.8     0.32
   12 SP-1   12mm SAG ROD   SROD12   --       12.00        697     4.1     0.24
  168 SI-1   12mm SAG ROD   SROD12   --       12.00       1474   120.7     3.36
   24 SE-1   12mm SAG ROD   SROD12   --       12.00       1394    16.3     0.48
   70 WA     WALL STRUT     Z20020   --        2.00        200    75.6     0.00

   24 CA-1   Crane Angle    L75X6                         1209   199.2     0.48
   24 CA-2   Crane Angle    L100X8                         156    45.6     0.24


            Colors
            ------
              RO - Red Oxide                

-------------------------------------------------------------------------------
                                                     Total:     1137.3    12.24


===============================================================================
 C323-153            7.TRIM:                                 7/AUG/2025  9:44am

                                                                 Total    Total
 Quan Mark   Description    Part    Clr Pitch Thick     Length  Weight     Cost
===============================================================================
    2 BA     Base Angle     SGA-001  HA    10  2.00       3000    56.5     0.04
    2 BSA    Base/Seal An   P20204   HA    10  2.00         25    0.12     0.04
    2 DT     Drip Trim      P150X.63 HA    10  0.50         25    0.04     0.04

    5 ET-01  Eave Trim      ET-01    HA    10  0.40       5600    26.4     0.10
    5 CT-05  Roof To Wall   CT-05    A3        0.40       5600    26.4     0.10
   12 GT-01  Rake Trim      GT-01    HA        0.40       5600    63.4     0.24
    1 CTS-04 H Trim         CTS-04   HA        0.40       5600     7.0     0.02
    2 CTS-05 J Trim         CTS-05   HA        0.40       5600    14.1     0.04
   32 DS-100 Downspout      DS-100   --        0.40       5600   281.3     0.64
   64 GS-01  Downspout Stra GS-01    --        0.40        350    96.0     1.28
   14 EG-01  Eave Gutter    EG-01    --        0.40       5600   147.7     0.28
    1 GS-01  Eave Gutter St GS-01    --        0.40        600     1.0     0.02
    2 GC-01  Gutter Endcap  GC-01    --        0.40         25    1.00     0.04
    2 GC-02  Gutter Endcap  GC-02    --        0.40         25    1.00     0.04
   23 DT-01  Base Trim      DT-01    HA        0.40       5600   128.3     0.46
    8 CT-02  Outside Corner CT-02    HA        0.40       5600    42.2     0.16
   61 RC-01  Ridge Cap      RC-01    A3        0.40        700   305.0     1.22


            Colors
            ------
              A3 - NEED ROOF COLOR          
              HA - 9010 PURE WHITE          

-------------------------------------------------------------------------------
                                                     Total:     1197.5     4.76


===============================================================================
 C323-153            8.DIAGONAL BRACING & SEALANT:           7/AUG/2025  9:44am

                                    Clr/     Thick/              Total    Total
 Quan Mark   Description  Part       Dia     FabLen     Length  Weight     Cost
===============================================================================
    4 CB-1   SW Rod       ROD20    20.00       8470       8220    81.2     0.04
    8 CB-2   SW Rod       ROD20    20.00       6520       6270   124.0     0.08
    4 CB-3   SW Rod       ROD20    20.00       8480       8230    81.2     0.04
    4 CB-4   Roof Rod     ROD20    20.00       8020       7770    76.8     0.04
    4 CB-5   Roof Rod     ROD20    20.00       8330       8080    79.6     0.04
    4 CB-6   Roof Rod     ROD20    20.00       8030       7780    76.8     0.04
    4 CB-7   Roof Rod     ROD20    20.00       8340       8090    79.6     0.04

   22        Silicone Tub SILICON              4.00       7500    22.0     0.44
  209        Panel Clsr   FF-100              25.00       1020   209.0     4.18
  119        Panel Clsr   FF-200              25.00       1020   119.0     2.38

-------------------------------------------------------------------------------
                                                     Total:      949.3     7.32


===============================================================================
 C323-153            9.ACCESSORIES:                          7/AUG/2025  9:44am

                                       Width/                    Total    Total
 Quan Mark   Description      Part      Color Thick     Length  Weight     Cost
===============================================================================
   64 ---    NUT 20           HN20         --                1     3.2     0.64
   64 ---    HILLSIDE WASHER2 HW20         --                1    22.7     0.64
   64 ---    FLAT WASHER20    Ø20WSHR     --                1     2.2     0.64

-------------------------------------------------------------------------------
                                                     Total:       28.0     1.92


===============================================================================
 C323-153            10.FASTENERS:                           7/AUG/2025  9:44am

                                        Type/                    Total    Total
  Quan Mark   Description      Part     Color   Dia     Length  Weight     Cost
===============================================================================
   201        Bolts            H12X50   Gr8.8 12.00         50     9.9     2.01
  1103        Bolts            M12X50   Gr8.8 12.00         50    58.1    11.03
    13        Bolts            M12X50   Gr8.8 12.00         50    0.73     0.13
   647        Bolts            H12X50   Gr8.8 12.00         50    34.1     6.47
   391        Bolts            H20X90   Gr8.8 20.00         90   131.7     7.82
     4        Bolts            H16X70   Gr8.8 16.00         70    0.58     0.08
   101        Bolts            H20X90   Gr8.8 20.00         90    23.6     2.02
   120        Anchor Bolt      AB20       A36 20.00        625   202.8     1.20
   120        A.B. Washers     W20            20.00                1.9     2.40

  3800        No. 12-14x20 SDS 14x20SDS    A2               20    25.9    76.00
  3500        No. 12-14x55 SDS 14x55SDS    A3               55    23.8    70.00
   500        No. 10-12X20 SDS 12x20SDS    HA               20     3.4    10.00
   900        No. 10-12x20 SDS 12x20SDS    HA               20     6.1    18.00
   100        Pop Rivet        Rivet       HA               11    0.68     2.00
   400        No. 10-12X20 SDS 12x20SDS    --               20     2.7     8.00
  2500        No. 10-12X20 SDS 12x20SDS    A3               20    17.0    50.00
   200        Pop Rivet        Rivet       --               11     1.4     4.00
  1600        No. 10-12x20 SDS 12x20SDS    A2               20    10.9    32.00
   400        Pop Rivet        Rivet       A3               11     2.7     8.00


            Colors
            ------
              A2 - NEED WALL COLOR          
              A3 - NEED ROOF COLOR          
              HA - 9010 PURE WHITE          

-------------------------------------------------------------------------------
                                                     Total:      558.0   311.16


===============================================================================
 C323-153             Summary Reports                        7/AUG/2025  9:44am
===============================================================================






                             WEIGHT & COST SUMMARY
         --------------------------------------------------------------
         Page    Description                     Total Wt    Total Cost
         --------------------------------------------------------------
           1     Rigid Frames & Endwall Frames    11494.3        764.54
           2     Door Jambs & Headers                48.6          0.04
           3     Purlins, Girts & Eave Struts      5943.1          1.76
           4     Roof & Wall Sheeting              7873.4          6.28
           5     Connection Plates                   65.8          1.36
           6     Angles                            1137.3         12.24
           7     Trim                              1197.5          4.76
           8     Diagonal Bracing & Sealant         949.3          7.32
           9     Accessories                         28.0          1.92
          10     Fasteners                          558.0        311.16
         --------------------------------------------------------------
                                     Totals:      29295.2       1111.38


                        SUPPLIER DISCOUNT SUMMARY
-------------------------------------------------------------------------------
                                Total   -------Cost------ --Discount-     Final
Supplier                       Weight   Material    Labor Matrl Labor      Cost
-------------------------------------------------------------------------------

ASPRINGS            
 C & Z Type Members           10706.3     133.44     0.68  0.00  0.00    134.12
 Wall & Roof Panels              0.00       0.00     0.00  0.00  0.00      0.00
 Rigid Frames                    0.00       0.00     0.00  0.00  0.00      0.00
 Bolts, Fasteners                0.00       0.00     0.00  0.00  0.00      0.00
 Sealant, Tape                   0.00       0.00     0.00  0.00  0.00      0.00
 Cables & Hardware               0.00       0.00     0.00  0.00  0.00      0.00
 Clips                           0.00       0.00     0.00  0.00  0.00      0.00
 Standard Trim                   0.00       0.00     0.00  0.00  0.00      0.00
 Special Trim                    0.00       0.00     0.00  0.00  0.00      0.00
 Light Gage E, CH, A             0.00       0.00     0.00  0.00  0.00      0.00
 Accessories                     0.00       0.00     0.00  0.00  0.00      0.00
 Walkdoors & Door Acc.           0.00       0.00     0.00  0.00  0.00      0.00
 Standing Seam Acc.              0.00       0.00     0.00  0.00  0.00      0.00
 Ridge Caps                      0.00       0.00     0.00  0.00  0.00      0.00
 Hot Rolled                      0.00       0.00     0.00  0.00  0.00      0.00
 Standing Seam Galv.             0.00       0.00     0.00  0.00  0.00      0.00
 Standing Seam Kynar             0.00       0.00     0.00  0.00  0.00      0.00
 Weather-lok Galv.               0.00       0.00     0.00  0.00  0.00      0.00
 Weather-lok Kynar               0.00       0.00     0.00  0.00  0.00      0.00
 Shadow Wall Galv.               0.00       0.00     0.00  0.00  0.00      0.00
 Shadow Wall Kynar               0.00       0.00     0.00  0.00  0.00      0.00
 Accent 11 Panel                 0.00       0.00     0.00  0.00  0.00      0.00
 Insulation                      0.00       0.00     0.00  0.00  0.00      0.00
 Special Panel Pricing           0.00       0.00     0.00  0.00  0.00      0.00
 Spl C & Z Type Members          0.00       0.00     0.00  0.00  0.00      0.00
 Spl Clips                       0.00       0.00     0.00  0.00  0.00      0.00
 Spl Whirlwind Trim              0.00       0.00     0.00  0.00  0.00      0.00
 Spl Light Gage E, CH, A         0.00       0.00     0.00  0.00  0.00      0.00
 Spl Hot Rolled                  0.00       0.00     0.00  0.00  0.00      0.00
 Spl Standing Seam Galv.         0.00       0.00     0.00  0.00  0.00      0.00
 Spl2 Clips                      0.00       0.00     0.00  0.00  0.00      0.00
 Spl2 Whirlwind Trim             0.00       0.00     0.00  0.00  0.00      0.00
 Spl2 Light Gage E, CH, A        0.00       0.00     0.00  0.00  0.00      0.00
 Spl2 Standing Seam Galv.        0.00       0.00     0.00  0.00  0.00      0.00

*Supplier Not Found 
 Additional Items             18588.9     816.29   160.97  0.00  0.00    977.26
-------------------------------------------------------------------------------
                              29295.2     949.73   161.65               1111.38



    *WARNING: Cost could not be computed for the following parts!


                       Page     Quan       Part
                       ----    ------    --------
                         3         8     150Z15  
                         3        16     150Z15  
                         3        16     150Z15  
                         3        16     150Z15  
                         3        16     150Z15  
                         3         8     150Z15  
                         3         8     150Z15  
                         3         8     150Z15  
                         3         1     150Z15  
                         3         2     150Z15  
                         3         2     150Z15  
                         3         2     150Z15  
                         3         2     150Z15  
                         3         1     150Z15  
                         3         1     150Z15  
                         3         1     150Z15  
                         6        70     Z20020  
