================================================================================
 C323-153            PLATE SUMMARY REPORT                    7/AUG/2025  9:44am
================================================================================

 ----------
 BAR STOCK:
 ----------
                                          Surface
   Width  Thickness    Length    Weight      Area
    (mm)     (mm)        (mm)      (kg)     (cm2)
   -----  ---------  --------   -------  --------
    60.0     6.00     15280.0      43.9     20170   
    70.0     6.00     35400.0     118.9     53808   
   125.0     5.00    214633.2    1072.0    558046   
   125.0     6.00     49850.6     299.1    130609   
   125.0     8.00     35055.9     280.4     93249   
   140.0     6.00     16800.0     112.9     49056   
   150.0     5.00    118203.3     702.8    366430   
   150.0     6.00    217800.5    1568.2    679537   
   150.0    10.00       720.0       8.5      2304   
   200.0    16.00     63773.6    1630.2    275502   
   225.0     8.00     12824.0     184.7     59760   
   300.0     8.00      2100.0      39.6     12936   
                                -------  --------
                      Total =    6061.3   2301407 

 ----------------
 WEB PLATE STOCK:
 ----------------
                                   Surface
   Thickness    Area     Weight       Area
      (mm)     (cm2)       (kg)      (cm2)
   ---------  ------     ------   --------
      4.00    602744     1894.1    1205487   
      5.00    802323     3151.6    1604646   
                         ------   --------
      Total =            5045.7    2810134 

 -----------------
 MISC PLATE STOCK:
 -----------------
                                              Surface
   Width   Thickness    Length   Weight          Area
    (mm)      (mm)        (mm)     (kg)         (cm2)
   -----   ---------  --------   ------     ---------
     371      4.00       214.0      2.5          1588                 
      75      5.00     13125.0     39.3         19687                 
     120      5.00     14053.3     66.8         33728                 
     151      5.00      3075.0     18.2          9274                 
     230      5.00      1610.0     14.8          7406                 
     350      5.00      6412.0     89.8         44884                 
     364      5.00      6412.0     93.5         46734                 
     144      5.00     11599.6     65.8         33511                 
     196      8.00       291.7      3.7          1143                 
     197      8.00       294.0      3.7          1158                 
     196     10.00      1020.5     16.0          3996                 
     197     10.00       735.0     11.6          2896                 
     196     10.00       729.3     11.4          2857                 
     197     10.00      1029.0     16.2          4054                 
                                 ------     ---------
        Total =                   453.2        212917 

 ----------------------
 INDIVIDUAL WEB PLATES:
 ----------------------
                                   -----Width-----
             Thickness    Length     Wide   Narrow
   Quantity     (mm)        (mm)     (mm)     (mm)
   --------  ---------   -------   ------   ------
       1        4.00     1784.50   371.00   193.51   
       2        4.00     2224.50   415.00   193.51   
       5        4.00     3462.50   600.50   251.61   
       5        4.00     3515.47   600.50   251.59   
       4        4.00     4188.50   300.00   300.00   
       4        4.00     4294.38   400.50   300.46   
       2        4.00     5052.83   552.75   552.75   
       2        4.00     5779.00   300.00   300.00   
       5        4.00     6743.36   450.00   250.48   
       5        4.00     6796.32   450.00   250.47   
 
      10        5.00      799.01   600.50   520.60   
       5        5.00     3481.63   700.00   700.00   
       2        5.00     3683.63   700.00   700.00   
       5        5.00     3715.63   700.00   700.00   
       2        5.00     3917.63   700.00   700.00   
       7        5.00     4000.00   700.00   400.00   
       7        5.00     4234.00   700.00   400.00   
       2        5.00     8798.00   400.00   400.00   

 -------
 PLATES:
 -------
                                   Surface
   Thick       Area     Weight        Area
    (mm)      (cm2)       (kg)       (cm2)
  ------    -------    -------   ---------
    4.00     603538     1896.6     1207075
    5.00    1362174     5314.5     2724348
    6.00     466590     2143.1      933180
    8.00      84123      512.1      168246
   10.00       8054       63.7       16107
   16.00     137751     1630.2      275502
                       -------   --------
                       11560.2     5324458

 --------------------
 COLD FORMED MEMBERS:
 --------------------
              Flange            Total    Total     Surface   Blank
       Depth   Width  Thick    Length   Weight        Area   Width
 Type   (mm)    (mm)             (mm)     (kg)       (cm2)    (mm)
 ----  -----  ------  -----  --------  -------    --------  ------
   C  200.00   60.00  2.00     8960.0     48.6       61824  345.00    
   Z  150.00   60.00  1.50   720448.4   2500.0     4236230  294.00    
   Z  200.00   60.00  1.50   484706.0   1967.9     3344466  345.00    
   Z  200.00   60.00  1.80   211864.6   1031.8     1461863  345.00    
   Z  200.00   60.00  2.00    24470.0    132.6      168842  345.00    
   Z  250.00   80.00  1.80    48949.9    310.8      439461  448.89    
                                       -------    --------
                 Cold Formed Total =    5991.7     9712686

 -------
 PANELS:
 -------
                                            Total     Total     Surface
                                  Width    Length    Weight        Area
  Part       Type  Thick  Color    (mm)      (mm)      (kg)       (cm2)
  --------   ----- -----  -----  ------  --------   -------    --------
  45250 .5   4525  0.50    A2    1000.0  738832.9    3539.0     7388329  
  45250 .5   4525  0.50    A3    1000.0  904878.4    4334.4     9048783  
                                                    -------    --------
                   Panel Total =                     7873.4    16437111

 -----
 TRIM:
 -----

                            Total    Total      Surface
                 Width     Length   Weight         Area
   Thick  Color   (mm)       (mm)     (kg)        (cm2)
   -----  -----  -----    -------   ------      -------
   0.40    --   501.65   179200.0    281.3      1795656    
   0.40    --   531.81      600.0      1.0         6385    
   0.40    --   601.66    78400.0    147.7       942914    
   0.40    --  1368.42    22400.0     96.0       612866    
   0.40    --  6381.75      100.0      2.0        12764    
   0.40    A3   301.63    28000.0     26.4       168537    
   0.40    A3  2279.65    42700.1    305.0      1947067    
   0.40    HA   301.63   140000.0    132.0       842685    
   0.40    HA   317.50   128800.0    128.3       819333    
   0.40    HA   400.05    16800.0     21.1       134641    
   0.50    HA   215.00       50.0      0.0          213    
   2.00    HA   152.40       50.0      0.1          153    
   2.00    HA   600.08     6000.0     56.5        71981    
                                    ------      -------
                Trim Total =        1197.5      7355196

 ------
 ANGLE:
 ------
                            Total    Total      Surface
                           Length   Weight         Area
  Part         Thick         (mm)     (kg)        (cm2)
  --------     -----      -------   ------      -------
  L100X8       8.00        3732.0     45.5        14489   
  L40X40X4     4.00       94972.4    229.9       146305   
  L75X100      2.00       54000.0    169.6       215943   
  L75X6        6.00       29027.0    198.8        84365   
  SROD12      12.00      244934.2    264.5        56120   
  SROD12      12.00      313748.8    152.9        32436   
  Z20020       2.00       14000.0     75.6        96286   
                                    ------      -------
                Angle Total =       1136.8       645944

 --------
 BRACING:
 --------
                            Total    Total      Surface
                 Dia       Length   Weight         Area
  Part          (mm)         (mm)     (kg)        (cm2)
  --------     -----      -------   ------      -------
  ROD20        20.00     242840.0    598.8       152581   
                                    ------      -------
                Bracing Total =      598.8       152581

 -----
 BOLTS:
 -----
            Bolt       Dia   Length             Total
  Part      Type      (mm)     (mm)     Quan   Weight
  --------  -----    -----   ------   ------   ------
  AB20      A36      20.00   624.99      120    202.8   
  H12X50    Gr8.8    12.00    50.01      848     41.6   
  H16X70    Gr8.8    16.00    70.00        4      0.6   
  H20X90    Gr8.8    20.00    89.99      492    155.3   
  M12X50    Gr8.8    12.00    50.01     1116     58.8   

 ------
 SCREWS:
 ------
                   Length             Total
  Part      Color    (mm)     Quan   Weight
  --------  -----  ------   ------   ------
  12x20SDS    --    20.00      400      2.7                   No. 10-12X20 SDS
  12x20SDS    A2    20.00     1600     10.9                   No. 10-12X20 SDS
  12x20SDS    A3    20.00     2500     17.0                   No. 10-12X20 SDS
  12x20SDS    HA    20.00     1400      9.5                   No. 10-12X20 SDS
  14x20SDS    A2    20.00     3800     25.9                   No. 12-14x20 SDS
  14x55SDS    A3    55.00     3500     23.8                   No. 12-14x55 SDS
  Rivet       --    11.00      200      1.4                   Pop Rivet
  Rivet       A3    11.00      400      2.7                   Pop Rivet
  Rivet       HA    11.00      100      0.7                   Pop Rivet

 ------
 WELDS:
 ------

                         Web-Flange   -------Hand_Weld--------
                  Size      Fillet     Fillet   Groove    Butt
  Member Type     (mm)        (mm)       (mm)     (mm)    (mm)
  ------------   -----   ----------   -------  -------  ------
  Welded Plate    3.00           0        571        0       0
                  4.00      593728     417701     1250   15805
                  5.00           0       3000        0       0
                  6.00           0      13657        0    3350
                  8.00           0       8400        0       0
