*===============================================================================
*C323-153            Rigid Frame Design Input                6/AUG/2025  1:07pm
*===============================================================================
 
*( 1)JOBID:
    'C323-153'
 
*( 2)FRAME DESIGN OPTIONS:
*--Frame-    -------Frame_Space-------  Section  Web_Stiffener     P
*Id  Type      L_Col    R_Col   Rafter    Space  Use Ratio Side  Delta
  2 'RF '     6068.0   6068.0   6068.0    500.0  'N'  0.00 'Y '  'EL'
 
*( 3)FRAME LINES:
*No.    Line_Id
   5    2   3   4   5   6
 
*( 4)OPTIMIZATION OPTIONS:
*Plate  Depth  Frame  -L_Col_Depth_Opt-  -R_Col_Depth_Opt-    Rafter_Depth_Opt
* Opt    Opt    Sym   Typ    Min    Max  Typ    Min    Max   Typ    Min    Max
  'N'    'N'    'S'  'T '  250.0 1400.0 'T '  250.0 1400.0  'T '  350.0 1400.0
 
*( 5)DESIGN CODE:
*Design  ---Steel_Code---             ---Build---   Code      Seismic
* Code   Cold       Hot      Country  Code   Year   Label      Zone
  'WS ' 'NAUS07  ' 'AISC05'  '    '  'MBMA'  '10'  'MBMA 10 '  'B  '
 
*( 6)DESIGN CONSTANTS:
*                        ---Strength_Factor---
* ----Stress_Ratio----           ---Seismic---
* Frame  Col   EP   BP     Wind   Frame  SpcEP
   1.00 1.00 1.00 1.00   1.0000  1.0000 1.0000
 
*( 7)STEEL YIELDS:
* Web   Flg  C_Sec  W_Sec  R_Sec  P_Sec  T_Sec  U_Sec    EP     BP
  345   345    345    345    235    345    317    235   345    345
 
*( 8)DEFLECTION LIMITS:
* ------Vertical-----  -------Horizontal-------  -Weak_Axis-
*  Live   Wind  Total  Total  Seis  Crane Floor   Wind  Seis
  150.0    0.0  150.0   75.0  50.0  100.0   0.0   60.0  50.0
 
*( 9)REPORTS:
* Input Design   End  Base  Revise Action Sec  Flange Segment Unbrc Floor  Diag
* Echo  Summary Plate Plate Input  Stress Prop Brace  Displ.   Len  React Brace
  'Y'    'Y'     'Y'   'Y'   'Y'    'N'   'N'   'Y'     'N'    'N'   'N'   'N'
 
*(10)BUILDING LAYOUT:
*                             -----------Wall-----------
* Type      Width     Length  Type Opt   Offset   Length
  'FF'    22470.0    36285.0   '-' '-'     0.00  22470.0
 
*(11)SURFACE SHAPE:
* No.    X_Coord   Y_Coord  Offset
   4         0.0    8420.0  230.00
         11235.0    9543.5  150.00
         22470.0    8420.0  150.00
         22470.0       0.0  230.00
 
 
*(12)MEMBER DEPTHS:
*Surf   ----Depth----  No.   --Interior_Depth-
* Id    Start     End  Dep    Locate     Depth
   1   400.00  700.00   1     4000.0    700.00
   2   600.00  450.00   1     4500.0    250.00
   3   450.00  600.00   1     6844.0    250.00
   4   700.00  400.00   1     4170.0    700.00
 
*(13)MEMBER SPLICES:
*Surf
* Id   No.    Locate   Type
   1    0
   2    2        0.0  'HSS '
              4500.0  '-SS '
   3    2        0.0  '-SS '
              6844.0  '-SS '
   4    1        0.0  'HSS '
 
*(14)SEGMENT PLATES:
*    Surf Mem ---Segment--    Member      Flange  ----Plate_Thickness---
*No.  Id   Id  Id   Length    Part         Width     Web  OS_Flg  IS_Flg
   8   1    1   1      0.0   '--------'   150.00    5.00    6.00    6.00
       1    2   2      0.0   '--------'   150.00    5.00    6.00    6.00
       2    3   3      0.0   '--------'   125.00    4.00    6.00    8.00
       2    4   4      0.0   '--------'   125.00    4.00    5.00    5.00
       3    5   5      0.0   '--------'   125.00    4.00    5.00    5.00
       3    6   6      0.0   '--------'   125.00    4.00    6.00    8.00
       4    7   7      0.0   '--------'   150.00    5.00    6.00    6.00
       4    8   8      0.0   '--------'   150.00    5.00    6.00    6.00
 
*(15)INTERIOR COLUMNS:
*      --------Column-------  Cap   Rafter   Unbrace_Length  ----Column---
* No.  Id  Typ  Rot   Locate  Conn   Opt     Major    Minor  Set  Part
   0
 
*(16)INTERIOR COLUMN PLATES:
* -Column- -----Depth----  No.    Start  ---Web_Depth--     Web    Flg  --Thickness--
* Id Shape    Min     Max  Mem   Locate   Start     End   Thick  Width  OS_Flg IS_Flg
 
*(17)INTERIOR COLUMN SPLICES:
*         Col
* No. Id   Id    Locate  Type
   0
 
*(18)BASE & WALL OPTIONS:
*----------Base----------      Open  Brace
* Id   Conn   Opt    Elev    Height   Opt
   1   'FI'   '-'    0.00       0.0   '-'   Left  Column
   2   'FI'   '-'    0.00       0.0   '-'   Right Column
 
*(19)BASE DISPLACEMENT:
*Base
* Id   Opt  Dir  Displace
   0   '-'  '-'     0.00
 
*(20)BASE SPRINGS:
*      Base         --Spring_Constants--
* No.   Id    Elev    Horz   Vert Rotate
   0
 
*(21)WALL GIRT:
*Surf                                       Bay
* Id  Type  Part       Depth   Proj     Lap  Id  No.  Locate Type
   1  'ZB' '200Z15  ' 200.00 230.00   330.0   6   4   2580.0 'ZB'
                                                      4080.0 'ZB'
                                                      5580.0 'ZB'
                                                      7080.0 'ZB'
   4  'ZB' '200Z15  ' 200.00 230.00   330.0   2   4   2580.0 'ZB'
                                                      4080.0 'ZB'
                                                      5580.0 'ZB'
                                                      7080.0 'ZB'
 
*(22)ROOF PURLIN:
*Surf
* Id  Type  Part       Depth   Proj     Lap
   2  'ZB' '150Z15  ' 150.00   0.00   330.0
   3  'ZB' '150Z15  ' 150.00   0.00   330.0
 
*(23)ROOF PURLIN LOCATION:
*Surf    Peak
* Id    Space  No.  Locate
   2    300.0   8   1373.9   2747.8   4121.6   5495.5   6869.4
                    8243.3   9617.2  10991.0
   3    300.0   8    300.0   1673.9   3047.8   4421.6   5795.5
                    7169.4   8543.3   9917.2
 
*(24)FLANGE BRACE:
*Surf       Locate  Side
* Id  No.     Id     Opt
   1   4       1     '-'
               2     '-'
               3     '-'
               4     '-'
   2   8       1     '-'
               2     '-'
               3     '-'
               4     '-'
               5     '-'
               6     '-'
               7     '-'
               8     '-'
   3   8       1     '-'
               2     '-'
               3     '-'
               4     '-'
               5     '-'
               6     '-'
               7     '-'
               8     '-'
   4   4       1     '-'
               2     '-'
               3     '-'
               4     '-'
 
*(25)COLUMN ADDITIONAL BRACE LOCATIONS:
*     Col                  -Minor-
*No.   Id   Height  Major  Out  In
  2     0   6050.0   'N'   'N'  'Y'
        1   6050.0   'N'   'N'  'Y'
 
 
*(26)EXTENSIONS:
*Surf                   ----Horizontal_Size----   -----Vertical_Size-----     Load
* Id  No.  Id  Type Opt     Elev    Width  Slope     Elev   Height  Slope    Width
   1   0
   4   0
 
*(27)LOAD GROUPS:
*    Group
*No.   Id   Description
   1  '-'  'Standard       '
 
*(28)BASIC LOADS:
*                                             ---Deflection---
*Group Dead  Coll   Live   Snow  Rain  Basic     Load_Ratio       Temp
*  Id  Load  Load   Load   Load  Load   Wind  Snow  Wind  Seis   Change
  '-' 0.100 0.050  0.570  0.000  0.00  0.554  1.00  1.00  1.00     20.0
 
*(29)BASIC LOADS AT EAVE:
*Group Seis   --Torsion--   --EW_Brace-   --Extension--  -Additional-
*  Id  Load   Wind   Seis   Wind   Seis    Wind   Seis    Wind   Seis
  '-'  1.22   0.00   0.00   0.00   0.00    0.00   0.00    0.00   0.00
 
*(30)WIND COEFFICIENT:
*Group Surf  ---Wind_1--   ---Wind_2--   ---Wind_3--   ---Wind_4--     Long_Wind  Surface
*  Id   Id   Left  Right   Left  Right   Left  Right   Left  Right      1      2  Friction
  '-'    1   0.33  -0.69   0.85  -0.17   0.00   0.00   0.00   0.00  -0.63  -0.27    0.00
  '-'    2  -0.87  -0.56  -0.51  -0.20   0.00   0.00   0.00   0.00  -0.87  -0.51    0.00
  '-'    3  -0.56  -0.87  -0.20  -0.51   0.00   0.00   0.00   0.00  -0.87  -0.51    0.00
  '-'    4  -0.69   0.33  -0.17   0.85   0.00   0.00   0.00   0.00  -0.63  -0.27    0.00
 
*(31)LONGITUDINAL & WEAK AXIS BRACING LOADS:
*Group  ----Wind----    ---Seismic--   -Weak_Axis-
*  Id   Horz    Vert    Horz    Vert   Wind   Seis
  '-'  12.22   15.95    1.54    2.00   0.00   0.00  Left  Column
  '-'  12.51   16.33    1.55    2.02   0.00   0.00  Right Column
 
*(32)DESIGN LOADS:Strength
*                -----------------------------------------------------Load_Coefficients-----------------------------------------------------
*         Group             ---Live---       --Add_Snow-        --Wind_1--  --Wind_2--  --Wind_3--  --Wind_4--   Long_Wind  --Seismic-         Aux_Load
*No.   Id   Id  Dead  Coll  Roof Floor  Snow Drift Slide  Rain    Lt    Rt    Lt    Rt    Lt    Rt    Lt    Rt     1     2  Long  Tran  Temp  Id  Coeff
 126    1  '-'  1.00  1.00  1.00  0.00  0.00  0.00  0.00  0.00  0.00  0.00  0.00  0.00  0.00  0.00  0.00  0.00  0.00  0.00  0.00  0.00  0.00   0   0.00
        2  '-'  1.00  1.00  1.00  0.00  0.00  0.00  0.00  0.00  0.00  0.00  0.00  0.00  0.00  0.00  0.00  0.00  0.00  0.00  0.00  0.00  0.00   0   0.00
        3  '-'  1.00  1.00  0.00  1.00  0.00  0.00  0.00  0.00  0.00  0.00  0.00  0.00  0.00  0.00  0.00  0.00  0.00  0.00  0.00  0.00  0.00   0   0.00
        4  '-'  1.00  1.00  0.00  1.00  0.00  0.00  0.00  0.00  0.00  0.00  0.00  0.00  0.00  0.00  0.00  0.00  0.00  0.00  0.00  0.00  0.00   0   0.00
        5  '-'  1.00  1.00  0.00  0.00  1.00  0.00  0.00  0.00  0.00  0.00  0.00  0.00  0.00  0.00  0.00  0.00  0.00  0.00  0.00  0.00  0.00   0   0.00
        6  '-'  1.00  1.00  0.00  0.00  1.00  0.00  0.00  0.00  0.00  0.00  0.00  0.00  0.00  0.00  0.00  0.00  0.00  0.00  0.00  0.00  0.00   0   0.00
        7  '-'  1.00  1.00  0.00  0.00  1.00  1.00  0.00  0.00  0.00  0.00  0.00  0.00  0.00  0.00  0.00  0.00  0.00  0.00  0.00  0.00  0.00   0   0.00
        8  '-'  1.00  1.00  0.00  0.00  1.00  1.00  0.00  0.00  0.00  0.00  0.00  0.00  0.00  0.00  0.00  0.00  0.00  0.00  0.00  0.00  0.00   0   0.00
        9  '-'  1.00  1.00  0.00  0.00  1.00  0.00  1.00  0.00  0.00  0.00  0.00  0.00  0.00  0.00  0.00  0.00  0.00  0.00  0.00  0.00  0.00   0   0.00
       10  '-'  1.00  1.00  0.00  0.00  1.00  0.00  1.00  0.00  0.00  0.00  0.00  0.00  0.00  0.00  0.00  0.00  0.00  0.00  0.00  0.00  0.00   0   0.00
       11  '-'  1.00  0.00  0.00  0.00  0.00  0.00  0.00  0.00  0.00  0.00  0.00  0.00  0.00  0.00  0.00  0.00  0.00  0.00  0.00  0.00  0.00   0   0.00
       12  '-'  1.00  0.00  0.00  0.00  0.00  0.00  0.00  0.00  0.00  0.00  0.00  0.00  0.00  0.00  0.00  0.00  0.00  0.00  0.00  0.00  0.00   0   0.00
       13  '-'  1.00  1.00  0.00  0.75  0.75  0.00  0.00  0.00  0.00  0.00  0.00  0.00  0.00  0.00  0.00  0.00  0.00  0.00  0.00  0.00  0.00   0   0.00
       14  '-'  1.00  1.00  0.00  0.75  0.75  0.00  0.00  0.00  0.00  0.00  0.00  0.00  0.00  0.00  0.00  0.00  0.00  0.00  0.00  0.00  0.00   0   0.00
       15  '-'  1.00  1.00  0.00  0.75  0.75  0.75  0.00  0.00  0.00  0.00  0.00  0.00  0.00  0.00  0.00  0.00  0.00  0.00  0.00  0.00  0.00   0   0.00
       16  '-'  1.00  1.00  0.00  0.75  0.75  0.75  0.00  0.00  0.00  0.00  0.00  0.00  0.00  0.00  0.00  0.00  0.00  0.00  0.00  0.00  0.00   0   0.00
       17  '-'  1.00  1.00  0.00  0.75  0.75  0.00  0.75  0.00  0.00  0.00  0.00  0.00  0.00  0.00  0.00  0.00  0.00  0.00  0.00  0.00  0.00   0   0.00
       18  '-'  1.00  1.00  0.00  0.75  0.75  0.00  0.75  0.00  0.00  0.00  0.00  0.00  0.00  0.00  0.00  0.00  0.00  0.00  0.00  0.00  0.00   0   0.00
       19  '-'  1.00  1.00  0.75  0.75  0.00  0.00  0.00  0.00  0.75  0.00  0.00  0.00  0.00  0.00  0.00  0.00  0.00  0.00  0.00  0.00  0.00   0   0.00
       20  '-'  1.00  1.00  0.75  0.75  0.00  0.00  0.00  0.00  0.00  0.75  0.00  0.00  0.00  0.00  0.00  0.00  0.00  0.00  0.00  0.00  0.00   0   0.00
       21  '-'  1.00  1.00  0.75  0.75  0.00  0.00  0.00  0.00  0.00  0.00  0.75  0.00  0.00  0.00  0.00  0.00  0.00  0.00  0.00  0.00  0.00   0   0.00
       22  '-'  1.00  1.00  0.75  0.75  0.00  0.00  0.00  0.00  0.00  0.00  0.00  0.75  0.00  0.00  0.00  0.00  0.00  0.00  0.00  0.00  0.00   0   0.00
       23  '-'  1.00  1.00  0.75  0.75  0.00  0.00  0.00  0.00  0.00  0.00  0.00  0.00  0.00  0.00  0.00  0.00  0.75  0.00  0.00  0.00  0.00   5   0.75
       24  '-'  1.00  1.00  0.75  0.75  0.00  0.00  0.00  0.00  0.00  0.00  0.00  0.00  0.00  0.00  0.00  0.00  0.75  0.00  0.00  0.00  0.00   6   0.75
       25  '-'  1.00  1.00  0.75  0.75  0.00  0.00  0.00  0.00  0.00  0.00  0.00  0.00  0.00  0.00  0.00  0.00 -0.75  0.00  0.00  0.00  0.00   5   0.75
       26  '-'  1.00  1.00  0.75  0.75  0.00  0.00  0.00  0.00  0.00  0.00  0.00  0.00  0.00  0.00  0.00  0.00 -0.75  0.00  0.00  0.00  0.00   6   0.75
       27  '-'  1.00  1.00  0.75  0.75  0.00  0.00  0.00  0.00  0.00  0.00  0.00  0.00  0.00  0.00  0.00  0.00  0.00  0.75  0.00  0.00  0.00   7   0.75
       28  '-'  1.00  1.00  0.75  0.75  0.00  0.00  0.00  0.00  0.00  0.00  0.00  0.00  0.00  0.00  0.00  0.00  0.00  0.75  0.00  0.00  0.00   8   0.75
       29  '-'  1.00  1.00  0.75  0.75  0.00  0.00  0.00  0.00  0.00  0.00  0.00  0.00  0.00  0.00  0.00  0.00  0.00 -0.75  0.00  0.00  0.00   7   0.75
       30  '-'  1.00  1.00  0.75  0.75  0.00  0.00  0.00  0.00  0.00  0.00  0.00  0.00  0.00  0.00  0.00  0.00  0.00 -0.75  0.00  0.00  0.00   8   0.75
       31  '-'  1.00  1.00  0.00  0.75  0.75  0.00  0.00  0.00  0.75  0.00  0.00  0.00  0.00  0.00  0.00  0.00  0.00  0.00  0.00  0.00  0.00   0   0.00
       32  '-'  1.00  1.00  0.00  0.75  0.75  0.75  0.00  0.00  0.75  0.00  0.00  0.00  0.00  0.00  0.00  0.00  0.00  0.00  0.00  0.00  0.00   0   0.00
       33  '-'  1.00  1.00  0.00  0.75  0.75  0.00  0.75  0.00  0.75  0.00  0.00  0.00  0.00  0.00  0.00  0.00  0.00  0.00  0.00  0.00  0.00   0   0.00
       34  '-'  1.00  1.00  0.00  0.75  0.75  0.00  0.00  0.00  0.00  0.75  0.00  0.00  0.00  0.00  0.00  0.00  0.00  0.00  0.00  0.00  0.00   0   0.00
       35  '-'  1.00  1.00  0.00  0.75  0.75  0.75  0.00  0.00  0.00  0.75  0.00  0.00  0.00  0.00  0.00  0.00  0.00  0.00  0.00  0.00  0.00   0   0.00
       36  '-'  1.00  1.00  0.00  0.75  0.75  0.00  0.75  0.00  0.00  0.75  0.00  0.00  0.00  0.00  0.00  0.00  0.00  0.00  0.00  0.00  0.00   0   0.00
       37  '-'  1.00  1.00  0.00  0.75  0.75  0.00  0.00  0.00  0.00  0.00  0.75  0.00  0.00  0.00  0.00  0.00  0.00  0.00  0.00  0.00  0.00   0   0.00
       38  '-'  1.00  1.00  0.00  0.75  0.75  0.75  0.00  0.00  0.00  0.00  0.75  0.00  0.00  0.00  0.00  0.00  0.00  0.00  0.00  0.00  0.00   0   0.00
       39  '-'  1.00  1.00  0.00  0.75  0.75  0.00  0.75  0.00  0.00  0.00  0.75  0.00  0.00  0.00  0.00  0.00  0.00  0.00  0.00  0.00  0.00   0   0.00
       40  '-'  1.00  1.00  0.00  0.75  0.75  0.00  0.00  0.00  0.00  0.00  0.00  0.75  0.00  0.00  0.00  0.00  0.00  0.00  0.00  0.00  0.00   0   0.00
       41  '-'  1.00  1.00  0.00  0.75  0.75  0.75  0.00  0.00  0.00  0.00  0.00  0.75  0.00  0.00  0.00  0.00  0.00  0.00  0.00  0.00  0.00   0   0.00
       42  '-'  1.00  1.00  0.00  0.75  0.75  0.00  0.75  0.00  0.00  0.00  0.00  0.75  0.00  0.00  0.00  0.00  0.00  0.00  0.00  0.00  0.00   0   0.00
       43  '-'  1.00  1.00  0.00  0.75  0.75  0.00  0.00  0.00  0.00  0.00  0.00  0.00  0.00  0.00  0.00  0.00  0.45  0.00  0.00  0.00  0.00   5   0.45
       44  '-'  1.00  1.00  0.00  0.75  0.75  0.00  0.00  0.00  0.00  0.00  0.00  0.00  0.00  0.00  0.00  0.00  0.45  0.00  0.00  0.00  0.00   6   0.45
       45  '-'  1.00  1.00  0.00  0.75  0.75  0.00  0.00  0.00  0.00  0.00  0.00  0.00  0.00  0.00  0.00  0.00 -0.45  0.00  0.00  0.00  0.00   5   0.45
       46  '-'  1.00  1.00  0.00  0.75  0.75  0.00  0.00  0.00  0.00  0.00  0.00  0.00  0.00  0.00  0.00  0.00 -0.45  0.00  0.00  0.00  0.00   6   0.45
       47  '-'  1.00  1.00  0.00  0.75  0.75  0.75  0.00  0.00  0.00  0.00  0.00  0.00  0.00  0.00  0.00  0.00  0.45  0.00  0.00  0.00  0.00   5   0.45
       48  '-'  1.00  1.00  0.00  0.75  0.75  0.75  0.00  0.00  0.00  0.00  0.00  0.00  0.00  0.00  0.00  0.00  0.45  0.00  0.00  0.00  0.00   6   0.45
       49  '-'  1.00  1.00  0.00  0.75  0.75  0.75  0.00  0.00  0.00  0.00  0.00  0.00  0.00  0.00  0.00  0.00 -0.45  0.00  0.00  0.00  0.00   5   0.45
       50  '-'  1.00  1.00  0.00  0.75  0.75  0.75  0.00  0.00  0.00  0.00  0.00  0.00  0.00  0.00  0.00  0.00 -0.45  0.00  0.00  0.00  0.00   6   0.45
       51  '-'  1.00  1.00  0.00  0.75  0.75  0.00  0.75  0.00  0.00  0.00  0.00  0.00  0.00  0.00  0.00  0.00  0.45  0.00  0.00  0.00  0.00   5   0.45
       52  '-'  1.00  1.00  0.00  0.75  0.75  0.00  0.75  0.00  0.00  0.00  0.00  0.00  0.00  0.00  0.00  0.00  0.45  0.00  0.00  0.00  0.00   6   0.45
       53  '-'  1.00  1.00  0.00  0.75  0.75  0.00  0.75  0.00  0.00  0.00  0.00  0.00  0.00  0.00  0.00  0.00 -0.45  0.00  0.00  0.00  0.00   5   0.45
       54  '-'  1.00  1.00  0.00  0.75  0.75  0.00  0.75  0.00  0.00  0.00  0.00  0.00  0.00  0.00  0.00  0.00 -0.45  0.00  0.00  0.00  0.00   6   0.45
       55  '-'  1.00  1.00  0.00  0.75  0.75  0.00  0.00  0.00  0.00  0.00  0.00  0.00  0.00  0.00  0.00  0.00  0.00  0.45  0.00  0.00  0.00   7   0.45
       56  '-'  1.00  1.00  0.00  0.75  0.75  0.00  0.00  0.00  0.00  0.00  0.00  0.00  0.00  0.00  0.00  0.00  0.00  0.45  0.00  0.00  0.00   8   0.45
       57  '-'  1.00  1.00  0.00  0.75  0.75  0.00  0.00  0.00  0.00  0.00  0.00  0.00  0.00  0.00  0.00  0.00  0.00 -0.45  0.00  0.00  0.00   7   0.45
       58  '-'  1.00  1.00  0.00  0.75  0.75  0.00  0.00  0.00  0.00  0.00  0.00  0.00  0.00  0.00  0.00  0.00  0.00 -0.45  0.00  0.00  0.00   8   0.45
       59  '-'  1.00  1.00  0.00  0.75  0.75  0.75  0.00  0.00  0.00  0.00  0.00  0.00  0.00  0.00  0.00  0.00  0.00  0.45  0.00  0.00  0.00   7   0.45
       60  '-'  1.00  1.00  0.00  0.75  0.75  0.75  0.00  0.00  0.00  0.00  0.00  0.00  0.00  0.00  0.00  0.00  0.00  0.45  0.00  0.00  0.00   8   0.45
       61  '-'  1.00  1.00  0.00  0.75  0.75  0.75  0.00  0.00  0.00  0.00  0.00  0.00  0.00  0.00  0.00  0.00  0.00 -0.45  0.00  0.00  0.00   7   0.45
       62  '-'  1.00  1.00  0.00  0.75  0.75  0.75  0.00  0.00  0.00  0.00  0.00  0.00  0.00  0.00  0.00  0.00  0.00 -0.45  0.00  0.00  0.00   8   0.45
       63  '-'  1.00  1.00  0.00  0.75  0.75  0.00  0.75  0.00  0.00  0.00  0.00  0.00  0.00  0.00  0.00  0.00  0.00  0.45  0.00  0.00  0.00   7   0.45
       64  '-'  1.00  1.00  0.00  0.75  0.75  0.00  0.75  0.00  0.00  0.00  0.00  0.00  0.00  0.00  0.00  0.00  0.00  0.45  0.00  0.00  0.00   8   0.45
       65  '-'  1.00  1.00  0.00  0.75  0.75  0.00  0.75  0.00  0.00  0.00  0.00  0.00  0.00  0.00  0.00  0.00  0.00 -0.45  0.00  0.00  0.00   7   0.45
       66  '-'  1.00  1.00  0.00  0.75  0.75  0.00  0.75  0.00  0.00  0.00  0.00  0.00  0.00  0.00  0.00  0.00  0.00 -0.45  0.00  0.00  0.00   8   0.45
       67  '-'  0.60  0.00  0.00  0.00  0.00  0.00  0.00  0.00  1.00  0.00  0.00  0.00  0.00  0.00  0.00  0.00  0.00  0.00  0.00  0.00  0.00   0   0.00
       68  '-'  0.60  0.00  0.00  0.00  0.00  0.00  0.00  0.00  0.00  1.00  0.00  0.00  0.00  0.00  0.00  0.00  0.00  0.00  0.00  0.00  0.00   0   0.00
       69  '-'  0.60  0.00  0.00  0.00  0.00  0.00  0.00  0.00  0.00  0.00  1.00  0.00  0.00  0.00  0.00  0.00  0.00  0.00  0.00  0.00  0.00   0   0.00
       70  '-'  0.60  0.00  0.00  0.00  0.00  0.00  0.00  0.00  0.00  0.00  0.00  1.00  0.00  0.00  0.00  0.00  0.00  0.00  0.00  0.00  0.00   0   0.00
       71  '-'  0.60  0.00  0.00  0.00  0.00  0.00  0.00  0.00  0.00  0.00  0.00  0.00  0.00  0.00  0.00  0.00  1.00  0.00  0.00  0.00  0.00   5   1.00
       72  '-'  0.60  0.00  0.00  0.00  0.00  0.00  0.00  0.00  0.00  0.00  0.00  0.00  0.00  0.00  0.00  0.00  1.00  0.00  0.00  0.00  0.00   6   1.00
       73  '-'  0.60  0.00  0.00  0.00  0.00  0.00  0.00  0.00  0.00  0.00  0.00  0.00  0.00  0.00  0.00  0.00 -1.00  0.00  0.00  0.00  0.00   5   1.00
       74  '-'  0.60  0.00  0.00  0.00  0.00  0.00  0.00  0.00  0.00  0.00  0.00  0.00  0.00  0.00  0.00  0.00 -1.00  0.00  0.00  0.00  0.00   6   1.00
       75  '-'  0.60  0.00  0.00  0.00  0.00  0.00  0.00  0.00  0.00  0.00  0.00  0.00  0.00  0.00  0.00  0.00  0.00  1.00  0.00  0.00  0.00   7   1.00
       76  '-'  0.60  0.00  0.00  0.00  0.00  0.00  0.00  0.00  0.00  0.00  0.00  0.00  0.00  0.00  0.00  0.00  0.00  1.00  0.00  0.00  0.00   8   1.00
       77  '-'  0.60  0.00  0.00  0.00  0.00  0.00  0.00  0.00  0.00  0.00  0.00  0.00  0.00  0.00  0.00  0.00  0.00 -1.00  0.00  0.00  0.00   7   1.00
       78  '-'  0.60  0.00  0.00  0.00  0.00  0.00  0.00  0.00  0.00  0.00  0.00  0.00  0.00  0.00  0.00  0.00  0.00 -1.00  0.00  0.00  0.00   8   1.00
       79  '-'  1.01  1.01  0.00  0.00  0.00  0.00  0.00  0.00  0.00  0.00  0.00  0.00  0.00  0.00  0.00  0.00  0.00  0.00  0.00  0.70  0.00   0   0.00
       80  '-'  1.01  1.01  0.00  0.00  0.00  0.00  0.00  0.00  0.00  0.00  0.00  0.00  0.00  0.00  0.00  0.00  0.00  0.00  0.00 -0.70  0.00   0   0.00
       81  '-'  1.01  1.01  0.75  0.75  0.00  0.00  0.00  0.00  0.00  0.00  0.00  0.00  0.00  0.00  0.00  0.00  0.00  0.00  0.00  0.52  0.00   0   0.00
       82  '-'  1.01  1.01  0.75  0.75  0.00  0.00  0.00  0.00  0.00  0.00  0.00  0.00  0.00  0.00  0.00  0.00  0.00  0.00  0.00 -0.52  0.00   0   0.00
       83  '-'  1.01  1.01  0.00  0.75  0.00  0.00  0.00  0.00  0.00  0.00  0.00  0.00  0.00  0.00  0.00  0.00  0.00  0.00  0.00  0.52  0.00   0   0.00
       84  '-'  1.01  1.01  0.00  0.75  0.00  0.00  0.00  0.00  0.00  0.00  0.00  0.00  0.00  0.00  0.00  0.00  0.00  0.00  0.00 -0.52  0.00   0   0.00
       85  '-'  0.59  0.00  0.00  0.00  0.00  0.00  0.00  0.00  0.00  0.00  0.00  0.00  0.00  0.00  0.00  0.00  0.00  0.00  0.00  0.70  0.00   0   0.00
       86  '-'  0.59  0.00  0.00  0.00  0.00  0.00  0.00  0.00  0.00  0.00  0.00  0.00  0.00  0.00  0.00  0.00  0.00  0.00  0.00 -0.70  0.00   0   0.00
       87  '-'  1.01  1.01  0.00  0.00  0.00  0.00  0.00  0.00  0.00  0.00  0.00  0.00  0.00  0.00  0.00  0.00  0.00  0.00  0.70  0.00  0.00   0   0.00
       88  '-'  1.01  1.01  0.00  0.00  0.00  0.00  0.00  0.00  0.00  0.00  0.00  0.00  0.00  0.00  0.00  0.00  0.00  0.00 -0.70  0.00  0.00   0   0.00
       89  '-'  1.01  1.01  0.75  0.75  0.00  0.00  0.00  0.00  0.00  0.00  0.00  0.00  0.00  0.00  0.00  0.00  0.00  0.00  0.52  0.00  0.00   0   0.00
       90  '-'  1.01  1.01  0.75  0.75  0.00  0.00  0.00  0.00  0.00  0.00  0.00  0.00  0.00  0.00  0.00  0.00  0.00  0.00 -0.52  0.00  0.00   0   0.00
       91  '-'  1.01  1.01  0.00  0.75  0.00  0.00  0.00  0.00  0.00  0.00  0.00  0.00  0.00  0.00  0.00  0.00  0.00  0.00  0.52  0.00  0.00   0   0.00
       92  '-'  1.01  1.01  0.00  0.75  0.00  0.00  0.00  0.00  0.00  0.00  0.00  0.00  0.00  0.00  0.00  0.00  0.00  0.00 -0.52  0.00  0.00   0   0.00
       93  '-'  0.59  0.00  0.00  0.00  0.00  0.00  0.00  0.00  0.00  0.00  0.00  0.00  0.00  0.00  0.00  0.00  0.00  0.00  0.70  0.00  0.00   0   0.00
       94  '-'  0.59  0.00  0.00  0.00  0.00  0.00  0.00  0.00  0.00  0.00  0.00  0.00  0.00  0.00  0.00  0.00  0.00  0.00 -0.70  0.00  0.00   0   0.00
       95  '-'  1.00  1.00  0.00  0.00  0.00  0.00  0.00  0.00  0.00  0.00  0.00  0.00  0.00  0.00  0.00  0.00  0.00  0.00  0.00  0.00  0.00   1   1.00
       96  '-'  1.00  1.00  0.00  0.00  0.00  0.00  0.00  0.00  0.00  0.00  0.00  0.00  0.00  0.00  0.00  0.00  0.00  0.00  0.00  0.00  0.00   2   1.00
       97  '-'  1.00  1.00  0.00  0.00  0.00  0.00  0.00  0.00  0.00  0.00  0.00  0.00  0.00  0.00  0.00  0.00  0.00  0.00  0.00  0.00  0.00   3   1.00
       98  '-'  1.00  1.00  0.00  0.00  0.00  0.00  0.00  0.00  0.00  0.00  0.00  0.00  0.00  0.00  0.00  0.00  0.00  0.00  0.00  0.00  0.00   4   1.00
       99  '-'  1.00  0.00  0.00  0.00  0.00  0.00  0.00  0.00  0.50  0.00  0.00  0.00  0.00  0.00  0.00  0.00  0.00  0.00  0.00  0.00  0.00   1   1.00
      100  '-'  1.00  0.00  0.00  0.00  0.00  0.00  0.00  0.00  0.00  0.00  0.50  0.00  0.00  0.00  0.00  0.00  0.00  0.00  0.00  0.00  0.00   1   1.00
      101  '-'  1.00  0.00  0.00  0.00  0.00  0.00  0.00  0.00  0.00  0.50  0.00  0.00  0.00  0.00  0.00  0.00  0.00  0.00  0.00  0.00  0.00   2   1.00
      102  '-'  1.00  0.00  0.00  0.00  0.00  0.00  0.00  0.00  0.00  0.00  0.00  0.50  0.00  0.00  0.00  0.00  0.00  0.00  0.00  0.00  0.00   2   1.00
      103  '-'  1.00  0.00  0.00  0.00  0.00  0.00  0.00  0.00  0.50  0.00  0.00  0.00  0.00  0.00  0.00  0.00  0.00  0.00  0.00  0.00  0.00   3   1.00
      104  '-'  1.00  0.00  0.00  0.00  0.00  0.00  0.00  0.00  0.00  0.00  0.50  0.00  0.00  0.00  0.00  0.00  0.00  0.00  0.00  0.00  0.00   3   1.00
      105  '-'  1.00  0.00  0.00  0.00  0.00  0.00  0.00  0.00  0.00  0.50  0.00  0.00  0.00  0.00  0.00  0.00  0.00  0.00  0.00  0.00  0.00   4   1.00
      106  '-'  1.00  0.00  0.00  0.00  0.00  0.00  0.00  0.00  0.00  0.00  0.00  0.50  0.00  0.00  0.00  0.00  0.00  0.00  0.00  0.00  0.00   4   1.00
      107  '-'  1.00  0.00  0.00  1.00  0.00  0.00  0.00  0.00  0.00  0.00  0.00  0.00  0.00  0.00  0.00  0.00  0.00  0.00  0.00  0.00  1.00   0   0.00
      108  '-'  1.00  0.00  0.00  1.00  0.00  0.00  0.00  0.00  0.00  0.00  0.00  0.00  0.00  0.00  0.00  0.00  0.00  0.00  0.00  0.00  1.00   0   0.00
      109  '-'  1.00  0.00  0.00  1.00  0.00  0.00  0.00  0.00  0.00  0.00  0.00  0.00  0.00  0.00  0.00  0.00  0.00  0.00  0.00  0.00 -1.00   0   0.00
      110  '-'  1.00  0.00  0.00  1.00  0.00  0.00  0.00  0.00  0.00  0.00  0.00  0.00  0.00  0.00  0.00  0.00  0.00  0.00  0.00  0.00 -1.00   0   0.00
      111  '-'  1.00  1.00  0.75  0.75  0.00  0.00  0.00  0.00  0.00  0.00  0.00  0.00  0.00  0.00  0.00  0.00  0.00  0.00  0.00  0.00  0.75   0   0.00
      112  '-'  1.00  1.00  0.75  0.75  0.00  0.00  0.00  0.00  0.00  0.00  0.00  0.00  0.00  0.00  0.00  0.00  0.00  0.00  0.00  0.00  0.75   0   0.00
      113  '-'  1.00  1.00  0.75  0.75  0.00  0.00  0.00  0.00  0.00  0.00  0.00  0.00  0.00  0.00  0.00  0.00  0.00  0.00  0.00  0.00 -0.75   0   0.00
      114  '-'  1.00  1.00  0.75  0.75  0.00  0.00  0.00  0.00  0.00  0.00  0.00  0.00  0.00  0.00  0.00  0.00  0.00  0.00  0.00  0.00 -0.75   0   0.00
      115  '-'  1.00  1.00  0.00  0.75  0.75  0.00  0.00  0.00  0.00  0.00  0.00  0.00  0.00  0.00  0.00  0.00  0.00  0.00  0.00  0.00  0.75   0   0.00
      116  '-'  1.00  1.00  0.00  0.75  0.75  0.00  0.00  0.00  0.00  0.00  0.00  0.00  0.00  0.00  0.00  0.00  0.00  0.00  0.00  0.00  0.75   0   0.00
      117  '-'  1.00  1.00  0.00  0.75  0.75  0.75  0.00  0.00  0.00  0.00  0.00  0.00  0.00  0.00  0.00  0.00  0.00  0.00  0.00  0.00  0.75   0   0.00
      118  '-'  1.00  1.00  0.00  0.75  0.75  0.75  0.00  0.00  0.00  0.00  0.00  0.00  0.00  0.00  0.00  0.00  0.00  0.00  0.00  0.00  0.75   0   0.00
      119  '-'  1.00  1.00  0.00  0.75  0.75  0.00  0.75  0.00  0.00  0.00  0.00  0.00  0.00  0.00  0.00  0.00  0.00  0.00  0.00  0.00  0.75   0   0.00
      120  '-'  1.00  1.00  0.00  0.75  0.75  0.00  0.75  0.00  0.00  0.00  0.00  0.00  0.00  0.00  0.00  0.00  0.00  0.00  0.00  0.00  0.75   0   0.00
      121  '-'  1.00  1.00  0.00  0.75  0.75  0.00  0.00  0.00  0.00  0.00  0.00  0.00  0.00  0.00  0.00  0.00  0.00  0.00  0.00  0.00 -0.75   0   0.00
      122  '-'  1.00  1.00  0.00  0.75  0.75  0.00  0.00  0.00  0.00  0.00  0.00  0.00  0.00  0.00  0.00  0.00  0.00  0.00  0.00  0.00 -0.75   0   0.00
      123  '-'  1.00  1.00  0.00  0.75  0.75  0.75  0.00  0.00  0.00  0.00  0.00  0.00  0.00  0.00  0.00  0.00  0.00  0.00  0.00  0.00 -0.75   0   0.00
      124  '-'  1.00  1.00  0.00  0.75  0.75  0.75  0.00  0.00  0.00  0.00  0.00  0.00  0.00  0.00  0.00  0.00  0.00  0.00  0.00  0.00 -0.75   0   0.00
      125  '-'  1.00  1.00  0.00  0.75  0.75  0.00  0.75  0.00  0.00  0.00  0.00  0.00  0.00  0.00  0.00  0.00  0.00  0.00  0.00  0.00 -0.75   0   0.00
      126  '-'  1.00  1.00  0.00  0.75  0.75  0.00  0.75  0.00  0.00  0.00  0.00  0.00  0.00  0.00  0.00  0.00  0.00  0.00  0.00  0.00 -0.75   0   0.00
 
 
*(33)DESIGN LOADS:Deflection
*                -----------------------------------------------------Load_Coefficients-----------------------------------------------------
*         Group             ---Live---       --Add_Snow-        --Wind_1--  --Wind_2--  --Wind_3--  --Wind_4--   Long_Wind  --Seismic-         Aux_Load
*No.   Id   Id  Dead  Coll  Roof Floor  Snow Drift Slide  Rain    Lt    Rt    Lt    Rt    Lt    Rt    Lt    Rt     1     2  Long  Tran  Temp  Id  Coeff
 0
 
*(34)DESIGN LOADS:Special
*                                 -----------------------------------------------------Load_Coefficients-----------------------------------------------------
*Load     Group                              ---Live---        -Add_Snow-        --Wind_1--  --Wind_2--   --Wind_3-- --Wind_4--   Long_Wind  --Seismic-         Aux_Load
*No.   Id   Id   Use  Code        Dead Coll  Roof Floor  Snow Drift Slide  Rain    Lt    Rt    Lt    Rt    Lt    Rt    Lt    Rt     1     2  Long  Tran  Temp  Id  Coeff
  16  127  '-'  'EP' '---------'  1.01 1.01  0.00  0.00  0.00  0.00  0.00  0.00  0.00  0.00  0.00  0.00  0.00  0.00  0.00  0.00  0.00  0.00  0.00  2.10  0.00   0   0.00
      128  '-'  'EP' '---------'  1.01 1.01  0.00  0.00  0.00  0.00  0.00  0.00  0.00  0.00  0.00  0.00  0.00  0.00  0.00  0.00  0.00  0.00  0.00 -2.10  0.00   0   0.00
      129  '-'  'EP' '---------'  1.01 1.01  0.75  0.75  0.00  0.00  0.00  0.00  0.00  0.00  0.00  0.00  0.00  0.00  0.00  0.00  0.00  0.00  0.00  1.57  0.00   0   0.00
      130  '-'  'EP' '---------'  1.01 1.01  0.75  0.75  0.00  0.00  0.00  0.00  0.00  0.00  0.00  0.00  0.00  0.00  0.00  0.00  0.00  0.00  0.00 -1.57  0.00   0   0.00
      131  '-'  'EP' '---------'  1.01 1.01  0.00  0.75  0.00  0.00  0.00  0.00  0.00  0.00  0.00  0.00  0.00  0.00  0.00  0.00  0.00  0.00  0.00  1.57  0.00   0   0.00
      132  '-'  'EP' '---------'  1.01 1.01  0.00  0.75  0.00  0.00  0.00  0.00  0.00  0.00  0.00  0.00  0.00  0.00  0.00  0.00  0.00  0.00  0.00 -1.57  0.00   0   0.00
      133  '-'  'EP' '---------'  0.59 0.00  0.00  0.00  0.00  0.00  0.00  0.00  0.00  0.00  0.00  0.00  0.00  0.00  0.00  0.00  0.00  0.00  0.00  2.10  0.00   0   0.00
      134  '-'  'EP' '---------'  0.59 0.00  0.00  0.00  0.00  0.00  0.00  0.00  0.00  0.00  0.00  0.00  0.00  0.00  0.00  0.00  0.00  0.00  0.00 -2.10  0.00   0   0.00
      135  '-'  'BP' '---------'  1.01 1.01  0.00  0.00  0.00  0.00  0.00  0.00  0.00  0.00  0.00  0.00  0.00  0.00  0.00  0.00  0.00  0.00  0.00  2.10  0.00   0   0.00
      136  '-'  'BP' '---------'  1.01 1.01  0.00  0.00  0.00  0.00  0.00  0.00  0.00  0.00  0.00  0.00  0.00  0.00  0.00  0.00  0.00  0.00  0.00 -2.10  0.00   0   0.00
      137  '-'  'BP' '---------'  1.01 1.01  0.75  0.75  0.00  0.00  0.00  0.00  0.00  0.00  0.00  0.00  0.00  0.00  0.00  0.00  0.00  0.00  0.00  1.57  0.00   0   0.00
      138  '-'  'BP' '---------'  1.01 1.01  0.75  0.75  0.00  0.00  0.00  0.00  0.00  0.00  0.00  0.00  0.00  0.00  0.00  0.00  0.00  0.00  0.00 -1.57  0.00   0   0.00
      139  '-'  'BP' '---------'  1.01 1.01  0.00  0.75  0.00  0.00  0.00  0.00  0.00  0.00  0.00  0.00  0.00  0.00  0.00  0.00  0.00  0.00  0.00  1.57  0.00   0   0.00
      140  '-'  'BP' '---------'  1.01 1.01  0.00  0.75  0.00  0.00  0.00  0.00  0.00  0.00  0.00  0.00  0.00  0.00  0.00  0.00  0.00  0.00  0.00 -1.57  0.00   0   0.00
      141  '-'  'BP' '---------'  0.59 0.00  0.00  0.00  0.00  0.00  0.00  0.00  0.00  0.00  0.00  0.00  0.00  0.00  0.00  0.00  0.00  0.00  0.00  2.10  0.00   0   0.00
      142  '-'  'BP' '---------'  0.59 0.00  0.00  0.00  0.00  0.00  0.00  0.00  0.00  0.00  0.00  0.00  0.00  0.00  0.00  0.00  0.00  0.00  0.00 -2.10  0.00   0   0.00
 
 
*(35)AUXILIARY LOAD:
*     Aux                No._Add    Add_Comb
*No.   Id   Name          Loads   Id    Coeff
   8    1  'F2CRANEA1 '      4     1   -62.77
                                   2     3.98
                                   3   -19.47
                                   4     3.98
        2  'F2CRANEA2 '      4     1   -62.77
                                   2    -3.98
                                   3   -19.47
                                   4    -3.98
        3  'F2CRANEA3 '      4     1   -19.47
                                   2     3.98
                                   3   -62.77
                                   4     3.98
        4  'F2CRANEA4 '      4     1   -19.47
                                   2    -3.98
                                   3   -62.77
                                   4    -3.98
        5  'LWIND1_L2E'      1     5     1.00
        6  'LWIND1_R2E'      1     6     1.00
        7  'LWIND2_L2E'      1     5     1.00
        8  'LWIND2_R2E'      1     6     1.00
 
 
*(36)ADDITIONAL LOADS:
*     Add Group Loc  Basic        Load       Fx        Fy      Mom        Dx        Dy  .. Conc
*No.   Id   Id   Id  Load         Type       W1        W2       Co       Dl1       Dl2  .. Dist
   6    1  '-'    1 '------    '  'C '    0.000     1.000    0.000    1200.0    5681.6
        2  '-'    1 '------    '  'C '    1.000     0.000    0.000    1200.0    6200.0
        3  '-'    4 '------    '  'C '    0.000     1.000    0.000   -1200.0   -2738.4
        4  '-'    4 '------    '  'C '    1.000     0.000    0.000   -1200.0   -2220.0
        5  '-'    2 'U_WIND    '  'D '     1.28      1.28    0.000       0.0    4494.0
        6  '-'    3 'U_WIND    '  'D '     1.28      1.28    0.000    6797.0   11291.0
 
 
*(37)STEPPED LOAD COEFFICIENTS:
*    Group Basic    Loc   No.  ----Step_1---   ----Step_2---   ----Step_3---
*No.   Id  Load      Id  Step  Locate   Coef   Locate   Coef   Locate   Coef
  4   '-' 'WINDL1  '  2    2  11235.0  1.000  11291.0  0.638
      '-' 'WINDR1  '  3    2     56.0  0.638  11291.0  1.000
      '-' 'WINDL2  '  2    2  11235.0  1.000  11291.0  0.383
      '-' 'WINDR2  '  3    2     56.0  0.383  11291.0  1.000
 
 
*(38)FLOOR BEAMS:
* Bay                      Con_Type   Con_Loc     --Properties--
*  Id   No.  Id   Height   Lt    Rt   Lt    Rt    Area       Ixx
    1    0
 
*(39)DIAGONAL BRACING:
*Bay
* Id   No.     Id   Level   Opt    Area
   1    0
 
*(40)CRANE BRACKET:
*        Span ----Crane----  ----Beam----    ----Offset----  ------Bracket-----  Col_Sup
*No. Id Lt Rt Type   Height  Depth  Width     Left    Right  Type Opt  Select     Lt  Rt    Load
  1   1  1  1 'TG'   6200.0 366.00 200.00   1200.0   1200.0  'WW' '1' '--------' 'N' 'N'   62.77
 
 
*(41)DESIGN PLATES:
*     ----Plate---   --Plate_Size-   Bolt   Bolt  ----Top---  --Bottom--   Bolt
*No.  Type      Id   Width   Thick    Dia   Gage  Row  Space  Row  Space  Gage2
  2  'BASE    '  1     0.0    0.00   0.00    0.0   1     0.0   1     0.0    0.0
     'BASE    '  2     0.0    0.00   0.00    0.0   1     0.0   1     0.0    0.0
 
 
*(42)ENDWALL COLUMNS:
*Wall   Expand_EW                                    Max_Deflect
* Id   Use  Offset    No.   Locate  Offset  Option   Down     Up
   1  'Y '  440.00     0
   3  'Y '  440.00     0
 
*(43)JACK BEAMS:
*                                                 Spring_Constant
*No.    Id   Offset   Height   Length   Part        Horz    Vert
  0
 
*(44)LINER:
*---Wall_Height---
*    F_SW     B_SW  Roof
      0.0      0.0  'N'
 
*(45)ADDITIONAL COLUMNS:
*No.  Id  Type  Rot  Opt  Part           Elev
  0
 
*(46)DESIGN CODE OPTIONS:
*No.   Event                         Condition
  0
 
*COLUMN ADDITIONAL BRACE LOCATION DESCRIPTIONS:
*  Id  Description
*   1  Crane System 1
*   2  Crane System 1
 
*AUXILIARY LOAD DESCRIPTIONS:
* Aux
*  Id  Description
*   1  Crane load
*   2  Crane load
*   3  Crane load
*   4  Crane load
*   5  Longitudinal wind load, case 1
*   6  Longitudinal wind load, case 1
*   7  Longitudinal wind load, case 2
*   8  Longitudinal wind load, case 2
*
*ADDITIONAL LOAD DESCRIPTIONS:
* Add
*  Id  Description
*   1  Crane load vertical on aisle 1 left column
*   2  Crane load horizontal to right on aisle 1 left column
*   3  Crane load vertical on aisle 1 right column
*   4  Crane load horizontal to left on aisle 1 right column
*   5  Longitudinal wind load
*   6  Longitudinal wind load
*
* Code files used:
*   MBMA.10N
*   RF_MBMA.10N Version 4.0
*
*DS_RFDEP.Siz
*Surface  Span  --Required-   -----------Selected----------
*  Id      Id   Type   Span   Type   Span  #Depth  #Splice
*   1       1    W     8420    No record selected
*   2       1    C    11235    C    11000     1       1
*   3       1    C    11235    C    11000     1       1
*   4       1    W     8420    No record selected
*
* Calculated Seismic Mass, W = 80.19 kN
================================================================================
 C323-153            Frame  2 - Design Code                  6/AUG/2025  1:26pm
================================================================================

 STRUCTURAL CODE:
 ----------------
   Design Basis      : WS  - Working Stress
   Hot  Rolled Steel : AISC05
   Cold Formed Steel : NAUS07  

 BUILDING CODE:
 --------------
   Wind Code         : MBMA 10
   Seismic Zone      : B  

 MODULUS OF ELASTICITY:
 ----------------------
   Hot  Rolled Steel : 199955 (MN/m2)
   Cold Formed Steel : 203403 (MN/m2)
 
================================================================================
 C323-153            Frame  2 - Base Plates and Anchor Bolt  6/AUG/2025  1:26pm
================================================================================

 DESIGN CONSTANTS:
 -----------------
  Base Plate Yield     = 345.0 (MN/m2)
  Concrete Bearing     =   7.0 (MN/m2)                                    
  Bolt Type            = A36  
  Bolt Shear   Stress  =  80.0 (MN/m2)
  Bolt Tension Stress  = 150.0 (MN/m2)
 

 BASE PLATE & BOLT SIZE:
 -----------------------

                                                  Bolt_Row
 --Column_Base--  --Plate_Size(mm)--  Bolt(A36  ) Near_Flg  --Bolt_Space(mm)-
 Id    Typ Depth  Width Length Thick   Dia  Gage  Out   In   End   Out   Flg
 ----- --- -----  ----- ------ -----  ----- ----  ---  ---  ----- ----- -----
 Left   FI   412   200  706.0  16.00  20.00  100    1    1  75.00  0.00 150.0
 Right  FI   412   200  706.0  16.00  20.00  100    1    1  75.00  0.00 150.0
 

         Base_Bending  Web_Tension  ---------------Bolts(kN)--------------
 Col         (MN/m2)      (MN/m2)   Bolt_Tension  -Bolt_Comp-   Bolt_Shear  Max   Req   Req
 Loc   Ld  Calc Limit   Calc Limit   Calc  Limit   Calc Limit   Calc Limit   UC Thick   Dia
 ----- -- ----- -----  ----- -----  -----  -----  ----- -----  ----- ----- ---- ----- -----
 Left   2    96   311     91   207   29.6   47.1    0.0  47.1    3.8  25.1 0.63 10.89 15.85
 Left  67    87   311    108   207   34.9   47.1    0.0  47.1    2.9  25.1 0.74 10.89 15.85
 Right  1    96   311     93   207   30.2   47.1    0.0  47.1    3.8  25.1 0.64 10.90 16.00
 Right 68    87   311    108   207   34.9   47.1    0.0  47.1    2.9  25.1 0.74 10.90 16.00

 BASE REACTIONS:
 ---------------

 Column  -Max_Compression(kN,kN-m)-   --Max_Tension(kN,kN-m)---
 Loc      Ld   Axial  Shear  Moment    Ld  Axial  Shear  Moment
 ------  ----  -----  -----  ------   ---- -----  -----  ------
 Left      2    54.7   30.3    70.9    67  -24.2   23.2    62.8
 Right     1    54.6   30.3    71.8    68  -24.2   23.2    62.7

 GUSSET PLATES:
 --------------

 Column  Gusset    --Plate_Size(mm)--      -Max_Comp(MN/m2)  Max_Tension(MN/m2)
 Locate  Locate    Width Thick Length  Ld  Calc  Limit   UC   Calc Limit   UC
 ------  --------  ----- ----- ------  --  ----- ----- ----  ----- ----- ----
 Left    Flg_Base  147.0 10.00  197.0   2  169.0 178.5 0.95   64.0 207.0 0.31
                                       67  144.6 178.5 0.81   75.6 207.0 0.37
 Right   Flg_Base  147.0 10.00  197.0   1  169.7 178.5 0.95   65.3 207.0 0.32
                                       68  144.6 178.5 0.81   75.5 207.0 0.36

 CONCRETE:
 ---------

          Comp_in
 Column   Bolt_Or       --Bearing(MN/m2)--   Bearing
 Locate   Concrete  Ld   Calc  Limit    UC  Length(mm)
 ------   --------  --  -----  -----  ----  ----------
 Left        C       2    7.0    7.0  1.00    247.2
                    67    7.0    7.0  1.00    165.0
 Right       C       1    7.0    7.0  1.00    250.4
                    68    7.0    7.0  1.00    164.8
 

 WELDS:
 ------
          Outside_Flange_To_Base  Inside_Flange_To_Base   -----Web_To_Base-----
 Base               Shear(kN/mm)            Shear(kN/mm)            Shear(kN/mm)
 Id       Size  Typ  Calc Limit   Size  Typ  Calc Limit   Size  Typ  Calc Limit
 -----    ----- --- ----- -----   ----- --- ----- -----   ----- --- ----- -----
 Left      4.00  F2 0.360 0.410    4.00  F2 0.360 0.410    4.00  F2 0.038 0.410
 Right     4.00  F2 0.360 0.410    4.00  F2 0.360 0.410    4.00  F2 0.038 0.410


                    ----Gusset_To_Base---   ---Gusset_To_Column--
 Column  Gusset               Shear(kN/mm)            Shear(kN/mm)
 Locate  Locate     Size  Typ  Calc Limit   Size  Typ  Calc Limit
 ------  --------   ----- --- ----- -----   ----- --- ----- -----
 Left    Flg_Base    6.00  F2 0.194 0.620    4.00  F2 0.153 0.410
 Right   Flg_Base    6.00  F2 0.194 0.620    4.00  F2 0.154 0.410
 

 LOAD COMBINATIONS:
 ------------------
     1   Dead+Collateral+Live
     2   Dead+Collateral+Live
    67   0.6Dead+Wind_Left1
    68   0.6Dead+Wind_Right1
 
================================================================================
 C323-153            Frame  2 - Bolted-End-Plates            6/AUG/2025  1:26pm
================================================================================

 DESIGN CONSTANTS:
 -----------------
  Splice Yield         = 345.0 (MN/m2)
  Bolt Type            = Gr8.8 Snug-Tightened
  Bolt Shear   Stress  = 160.0 (MN/m2)
  Bolt Tension Stress  = 299.9 (MN/m2)


 PLATE SIZE:
 -----------
  Splice  Member    Web   Splice(mm)  -----------------Bolts(Gr8.8)-----------------
  Id Typ  Locate  Depth  Width Thick    Dia  Gage Gage2 RowT SpaceT RowB SpaceB RowI
  -- ---  ------  -----  ----- -----  ----- ----- ----- ---- ------ ---- ------ ----
   1 HSS   2- 3   700.0    200 16.00  20.00 100.0 100.0   2  100.0    2  100.0    1
   2 -SS   3- 4   250.0    200 16.00  20.00 100.0 100.0   2  100.0    2  100.0    0
   3 -SS   4- 5   452.2    200 16.00  20.00 100.0 100.0   2  100.0    2  100.0    0
   4 -SS   5- 6   250.0    200 16.00  20.00 100.0 100.0   2  100.0    2  100.0    0
   5 HSS   6- 7   700.0    200 16.00  20.00 100.0 100.0   2  100.0    2  100.0    1

 PLATE DESIGN:
 -------------
             -------Max_Moment------  -------Max_Shear------
  Splice Ten Load Axial Shear Moment  Load Axial Shear Moment    Req   Req  Bolt
  Id Typ Loc  Id   (kN)  (kN) (kN-m)   Id   (kN)  (kN) (kN-m)  Thick   Dia    UC
  -- --- --- ---- ----- ----- ------  ---- ----- ----- ------  ----- ----- -----
   1 HSS Top   2   52.0 -30.6  157.7    2   52.0 -30.6  157.7  14.23 15.35  0.59
         Bot  73  -16.6  21.6  -82.5   72  -27.4  22.4  -78.3  14.23 11.11  0.31
   2 -SS Top   2   33.2  28.0   26.2    2   33.2  28.0   26.2  14.82 10.38  0.27
         Bot  74  -26.5 -14.1  -14.4   74  -26.5 -14.1  -14.4  14.83  7.69  0.15
   3 -SS Top  73  -26.9   0.3   28.0   67  -17.2   1.3   23.6  14.85  8.04  0.16
         Bot   1   30.3  -0.2  -61.9   95   11.6  -1.0  -13.5  14.85 11.95  0.36
   4 -SS Top   1   33.3 -28.2   27.2    1   33.3 -28.2   27.2  14.82 10.57  0.28
         Bot  73  -26.4  14.2  -14.9   73  -26.4  14.2  -14.9  14.83  7.82  0.15
   5 HSS Top   1   51.9  30.6  156.9    1   51.9  30.6  156.9  14.23 15.31  0.59
         Bot  74  -16.2 -21.6  -82.2   71  -27.4 -22.4  -77.9  14.23 11.08  0.31

 WELDS:
 ------
          Outside_Flange_To_Bep   Inside_Flange_To_Bep    -----Web_To_Bep------
 Splice             Shear(kN/mm)            Shear(kN/mm)            Shear(kN/mm)
 Id Side   Size Typ  Calc Limit    Size Typ  Calc Limit    Size Typ  Calc Limit
 -- ----  ----- --- ----- -----   ----- --- ----- -----   ----- --- ----- -----
  1   L    5.00  F2 0.459 0.510    4.00  F2 0.240 0.410    4.00  F2 0.022 0.410
  1   R    6.00  F2 0.536 0.620    4.00  G1 0.674 0.938    4.00  F2 0.022 0.410
  2   L    4.00  F2 0.334 0.410    4.00  F2 0.207 0.410    4.00  F2 0.056 0.410
  2   R    4.00  F2 0.334 0.410    4.00  F2 0.183 0.410    4.00  F2 0.056 0.410
  3   L    4.00  F2 0.169 0.410    4.00  F2 0.372 0.410    4.00  F2 0.001 0.410
  3   R    4.00  F2 0.169 0.410    4.00  F2 0.372 0.410    4.00  F2 0.001 0.410
  4   L    4.00  F2 0.346 0.410    4.00  F2 0.190 0.410    4.00  F2 0.056 0.410
  4   R    4.00  F2 0.346 0.410    4.00  F2 0.214 0.410    4.00  F2 0.056 0.410
  5   L    6.00  F2 0.534 0.620    4.00  G1 0.671 0.938    4.00  F2 0.022 0.410
  5   R    5.00  F2 0.456 0.510    4.00  F2 0.239 0.410    4.00  F2 0.022 0.410
 

 LOAD COMBINATIONS:
 ------------------
     1   Dead+Collateral+Live
     2   Dead+Collateral+Live
    67   0.6Dead+Wind_Left1
    71   0.6Dead+Wind_Long1+LWIND1_L2E
    72   0.6Dead+Wind_Long1+LWIND1_R2E
    73   0.6Dead-Wind_Long1+LWIND1_L2E
    74   0.6Dead-Wind_Long1+LWIND1_R2E
    95   Dead+Collateral+F2CRANEA1
 
================================================================================
 C323-153            Frame  2 - Bearing Stiffeners           6/AUG/2025  1:26pm
================================================================================

 Stiffener Yield =  345 (MN/m2)
 Corner Cut      = 15.0 (mm)

 STIFFENER SIZE:
 ---------------
  ----Stiffener---  --Web(mm)--  ----Stiffener_Size(mm)---
  Location  Offset  Depth Thick  Width  Thick  Length  No.
  --------  ------  ----- -----  -----  -----  ------  ---
  Lt Col         0  600.0  5.00   60.0   6.00   600.0   1
  Rt Col     22470  600.0  5.00   60.0   6.00   600.0   1

 STIFFENER DESIGN:
 -----------------
            ----Tension(kN)---  --Compression(kN)-   Max
  Location  Load   Calc  Limit  Load   Calc  Limit    UC
  --------  ----  -----  -----  ----  -----  -----  ----
  Lt Col      71   77.4  111.6     2  146.5  240.8  0.69 
  Rt Col      72   77.1  111.6     1  145.8  240.8  0.69 

 WELDS:
 ------
                     ---Stiff_To_Flg/EP---   -----Stiff_To_Web----
  Stiffener                    Shear(kN/mm)            Shear(kN/mm)
  Location            Size Typ  Calc Limit    Size Typ  Calc Limit
  ----------         ----- --- ----- -----   ----- --- ----- -----
  Lt Col              6.00  F2 0.430 0.620    4.00  F2 0.063 0.410
  Rt Col              6.00  F2 0.428 0.620    4.00  F2 0.062 0.410
 

 LOAD COMBINATIONS:
 ------------------
     1   Dead+Collateral+Live
     2   Dead+Collateral+Live
    71   0.6Dead+Wind_Long1+LWIND1_L2E
    72   0.6Dead+Wind_Long1+LWIND1_R2E
 
================================================================================
 C323-153            Frame  2 - Flange Braces                6/AUG/2025  1:26pm
================================================================================

 DESIGN CONSTANTS:
 -----------------
  Flange Brace Yield   = 345.0 MN/m2
  Girt/Purlin  Yield   = 345.0 MN/m2
  Flange Brace Bolt    = Gr8.8 (0 Washers)
  Bolt Shear  Stress   = 160.0 MN/m2

  Flange Brace Force
    Inside flange, max of bending compression                        

 LAYOUT:
 -------
  Surf                   Seg   Web  Brace Angle Design -----Bolt_Dia----- --Attachment-
   Id  Loc Side Part      Id Depth Offset   Deg Length Frame Purlin  Clip Frame  Purlin Ref
  ---- --- ---- -------- --- ----- ------ ----- ------ ----- ------ ----- ------ ------ -----
    1    1   2  L40X40X4   1 593.6  660.0  44.1  876.6 12.00  12.00       Clip   Web         
    2    1   2  L40X40X4   3 550.9  660.0  48.1  819.3 12.00  12.00       Clip   Web         
         3   2  L40X40X4   3 286.5  330.0  44.7  397.8 12.00  12.00       Clip   Web         
         5   2  L40X40X4   4 320.3  330.0  41.6  421.7 12.00  12.00       Clip   Web         
         7   2  L40X40X4   4 402.1  330.0  35.2  485.9 12.00  12.00       Clip   Web         
         8   2  L40X40X4   4 443.0  330.0  32.6  519.8 12.00  12.00       Clip   Web         
    3    1   2  L40X40X4   5 443.0  330.0  32.6  519.8 12.00  12.00       Clip   Web         
         2   2  L40X40X4   5 402.3  330.0  35.2  486.1 12.00  12.00       Clip   Web         
         4   2  L40X40X4   5 321.3  330.0  41.5  422.4 12.00  12.00       Clip   Web         
         6   2  L40X40X4   6 281.7  330.0  45.2  394.3 12.00  12.00       Clip   Web         
         8   2  L40X40X4   6 550.2  660.0  48.2  818.8 12.00  12.00       Clip   Web         
    4    1   2  L40X40X4   8 582.2  660.0  44.6  868.5 12.00  12.00       Clip   Web         

 DESIGN:
 -------
  Surf        Load(kN-m)  Force  -Brace_UC-  ---Connection_UC---
   Id   Loc    Id Moment   (kN)  Comp  Tens  Frame  Purlin  Clip
  ----  ---  ---- ------  -----  ----  ----  -----  ------  ----
    1     1    99   27.0   0.42  0.03  0.03   0.02    0.06      
    2     1     2  131.3   2.46  0.18  0.16   0.14    0.34      
          3     2   36.6   1.60  0.08  0.11   0.09    0.11      
          5    73   15.5   0.55  0.03  0.04   0.03    0.04      
          7    73   28.8   0.88  0.05  0.06   0.05    0.06      
          8    73   28.6   0.82  0.04  0.05   0.05    0.06      
    3     1    74   28.6   0.82  0.04  0.05   0.05    0.06      
          2    74   28.9   0.88  0.05  0.06   0.05    0.06      
          4    74   15.7   0.55  0.03  0.04   0.03    0.04      
          6     1   36.1   1.59  0.08  0.11   0.09    0.11      
          8     1  130.6   2.45  0.18  0.16   0.14    0.34      
    4     1   105   26.7   0.43  0.03  0.03   0.02    0.06      

 LOAD COMBINATIONS:
 ------------------
     1   Dead+Collateral+Live
     2   Dead+Collateral+Live
    73   0.6Dead-Wind_Long1+LWIND1_L2E
    74   0.6Dead-Wind_Long1+LWIND1_R2E
    99   Dead+Wind_Left1/2+F2CRANEA1
   105   Dead+Wind_Right1/2+F2CRANEA4
 
================================================================================
 C323-153            Frame  2 - Web To Flange Weld           6/AUG/2025  1:26pm
================================================================================

                                                        ---Web_Flange_Weld---
  Surf  Mem  Seg  Sec  Load  Shear     Ixx           Q           Shear(kN/mm)
   Id    Id   Id   Id    Id   (kN)   (cm4)  Flg  (cm3)   Size Typ  Calc Limit
  ----  ---  ---  ---  ----  -----  ------  ---  -----  ----- --- ----- -----
    1     1    1    1     2   28.5   10085  Out    183   4.00  F1 0.052 0.410
                                            In     183   4.00  F1 0.052 0.410
    1     2    2   19     2   30.5   36722  Out    318   4.00  F1 0.026 0.410
                                            In     318   4.00  F1 0.026 0.410
    2     3    3   28     2   26.5    3375  Out    105   4.00  F1 0.082 0.410
                                            In     117   4.00  F1 0.092 0.410
    2     4    4   29     2   28.5    2553  Out     80   4.00  F1 0.089 0.410
                                            In      80   4.00  F1 0.089 0.410
    3     5    5   58     1   28.6    2553  Out     80   4.00  F1 0.089 0.410
                                            In      80   4.00  F1 0.089 0.410
    3     6    6   59     1   26.6    3375  Out    105   4.00  F1 0.083 0.410
                                            In     117   4.00  F1 0.092 0.410
    4     7    7   68     1   30.5   36722  Out    318   4.00  F1 0.026 0.410
                                            In     318   4.00  F1 0.026 0.410
    4     8    8   86     1   28.6   10085  Out    183   4.00  F1 0.052 0.410
                                            In     183   4.00  F1 0.052 0.410

 LOAD COMBINATIONS:
 ------------------
     1   Dead+Collateral+Live
     2   Dead+Collateral+Live
 
================================================================================
 C323-153            Frame  2 - Special Segments             6/AUG/2025  1:26pm
================================================================================

  FLANGE PLATE:
  ----------------
            --Initial--   ---Final---
            Width Thick   Width Thick
   Locate    (mm)  (mm)    (mm)  (mm)
   ------   ----- -----   ----- -----
   Lt Col     125  6.00     125  6.00
   Rt Col     125  6.00     125  6.00



  WEB PLATE:
  ----------
                                Calc  ---Initial--  ------Final------
           ------Actions-----    Web    Web  Shear    Web  Shear
                Axial  Moment  Shear  Thick  Limit  Thick  Limit
   Locate   Id   (kN)  (kN-m)   (kN)   (mm)   (kN)   (mm)   (kN)   UC  Note
   ------  ---  -----  ------  -----  -----  -----  -----  ----- ----  -------------
   Lt Col    2   52.1   157.7  199.3   4.00  107.4   5.00  209.8 0.95  G2-1           
   Rt Col    1   52.0   156.9  198.2   4.00  107.4   5.00  209.8 0.94  G2-1           
 

  REQUIRED WEB DESIGN:
  --------------------
               Web  Stiff
   Locate    Depth  Space
   ------    -----  -----
   Lt Col    565.2  670.0
   Rt Col    565.2  670.0

 LOAD COMBINATIONS:
 ------------------
     1   Dead+Collateral+Live
     2   Dead+Collateral+Live
 
================================================================================
 C323-153            Frame  2 - Design Summary               6/AUG/2025  1:26pm
================================================================================

 FRAME:
 ------
   Id        =   2
   Type      =  RF
   Line Id   =   2  3  4  5  6
   Load Width=   6068
   UC   Limit=   1.00
   KL/R Limit= 200.00

 MEMBERS:
 --------
                                                                -----Max_Axial+Moment----
 Srf Mem Seg --Flange- Web_Depth -Plate_Thickness- --Max_Shear- ----O-Flg--- ----I-Flg---  Max
  Id  Id  Id  Len  Wid Strt  End   Web O-flg I-flg  Id  Ld  Ucv  Id  Ld  Uco  Id  Ld  Uci KL/R
 --- --- --- ---- ---- ---- ---- ----- ----- ----- --- --- ---- --- --- ---- --- --- ---- ----
   1   1   1 4000  150  400  700  5.00  6.00  6.00  10   2 0.29   1   2 0.77   1  67 0.60  135
   1   2   2 4287  150  700  700  5.00  6.00  6.00  19   2 0.31  19   2 0.50  19   2 0.92  135
   2   3   3 4278  125  600  250  4.00  6.00  8.00  20   2 0.73  20   2 0.94  20   2 0.97  105
   2   4   4 6775  125  250  450  4.00  5.00  5.00  29   2 0.23  40   1 0.90  29   2 0.71  111
   3   5   5 6828  125  450  250  4.00  5.00  5.00  58   1 0.23  47   2 0.90  58   1 0.74  111
   3   6   6 4225  125  250  600  4.00  6.00  8.00  67   1 0.72  67   1 0.94  67   1 0.97  105
   4   7   7 4037  150  700  700  5.00  6.00  6.00  68   1 0.31  68   1 0.49  68   1 0.92  135
   4   8   8 4250  150  700  400  5.00  6.00  6.00  77   1 0.29  86   1 0.78  86  68 0.60  135
 

 LOAD COMBINATIONS:
 ------------------
      #  Controlling Load Combination In Design Summary

  Strength & Deflection Combinations:
     1#  Dead+Collateral+Live
     2#  Dead+Collateral+Live
     3   Dead+Collateral+Floor_Live
     4   Dead+Collateral+Floor_Live
     5   Dead+Collateral+Snow
     6   Dead+Collateral+Snow
     7   Dead+Collateral+Snow+Snow_Drift
     8   Dead+Collateral+Snow+Snow_Drift
     9   Dead+Collateral+Snow+Slide_Snow
    10   Dead+Collateral+Snow+Slide_Snow
    11   Dead
    12   Dead
    13   Dead+Collateral+0.75Snow+0.75Floor_Live
    14   Dead+Collateral+0.75Snow+0.75Floor_Live
    15   Dead+Collateral+0.75Snow+0.75Snow_Drift+0.75Floor_Live
    16   Dead+Collateral+0.75Snow+0.75Snow_Drift+0.75Floor_Live
    17   Dead+Collateral+0.75Snow+0.75Slide_Snow+0.75Floor_Live
    18   Dead+Collateral+0.75Snow+0.75Slide_Snow+0.75Floor_Live
    19   Dead+Collateral+0.75Live+0.75Wind_Left1+0.75Floor_Live
    20   Dead+Collateral+0.75Live+0.75Wind_Right1+0.75Floor_Live
    21   Dead+Collateral+0.75Live+0.75Wind_Left2+0.75Floor_Live
    22   Dead+Collateral+0.75Live+0.75Wind_Right2+0.75Floor_Live
    23   Dead+Collateral+0.75Live+0.75Wind_Long1+0.75Floor_Live+0.75LWIND1_L2E
    24   Dead+Collateral+0.75Live+0.75Wind_Long1+0.75Floor_Live+0.75LWIND1_R2E
    25   Dead+Collateral+0.75Live-0.75Wind_Long1+0.75Floor_Live+0.75LWIND1_L2E
    26   Dead+Collateral+0.75Live-0.75Wind_Long1+0.75Floor_Live+0.75LWIND1_R2E
    27   Dead+Collateral+0.75Live+0.75Wind_Long2+0.75Floor_Live+0.75LWIND2_L2E
    28   Dead+Collateral+0.75Live+0.75Wind_Long2+0.75Floor_Live+0.75LWIND2_R2E
    29   Dead+Collateral+0.75Live-0.75Wind_Long2+0.75Floor_Live+0.75LWIND2_L2E
    30   Dead+Collateral+0.75Live-0.75Wind_Long2+0.75Floor_Live+0.75LWIND2_R2E
    31   Dead+Collateral+0.75Snow+0.75Wind_Left1+0.75Floor_Live
    32   Dead+Collateral+0.75Snow+0.75Wind_Left1+0.75Snow_Drift+0.75Floor_Live
    33   Dead+Collateral+0.75Snow+0.75Wind_Left1+0.75Slide_Snow+0.75Floor_Live
    34   Dead+Collateral+0.75Snow+0.75Wind_Right1+0.75Floor_Live
    35   Dead+Collateral+0.75Snow+0.75Wind_Right1+0.75Snow_Drift+0.75Floor_Live
    36   Dead+Collateral+0.75Snow+0.75Wind_Right1+0.75Slide_Snow+0.75Floor_Live
    37   Dead+Collateral+0.75Snow+0.75Wind_Left2+0.75Floor_Live
    38   Dead+Collateral+0.75Snow+0.75Wind_Left2+0.75Snow_Drift+0.75Floor_Live
    39   Dead+Collateral+0.75Snow+0.75Wind_Left2+0.75Slide_Snow+0.75Floor_Live
    40   Dead+Collateral+0.75Snow+0.75Wind_Right2+0.75Floor_Live
    41   Dead+Collateral+0.75Snow+0.75Wind_Right2+0.75Snow_Drift+0.75Floor_Live
    42   Dead+Collateral+0.75Snow+0.75Wind_Right2+0.75Slide_Snow+0.75Floor_Live
    43   Dead+Collateral+0.75Snow+0.45Wind_Long1+0.75Floor_Live+0.45LWIND1_L2E
    44   Dead+Collateral+0.75Snow+0.45Wind_Long1+0.75Floor_Live+0.45LWIND1_R2E
    45   Dead+Collateral+0.75Snow-0.45Wind_Long1+0.75Floor_Live+0.45LWIND1_L2E
    46   Dead+Collateral+0.75Snow-0.45Wind_Long1+0.75Floor_Live+0.45LWIND1_R2E
    47   Dead+Collateral+0.75Snow+0.45Wind_Long1+0.75Snow_Drift+0.75Floor_Live+0.45LWIND1
    48   Dead+Collateral+0.75Snow+0.45Wind_Long1+0.75Snow_Drift+0.75Floor_Live+0.45LWIND1
    49   Dead+Collateral+0.75Snow-0.45Wind_Long1+0.75Snow_Drift+0.75Floor_Live+0.45LWIND1
    50   Dead+Collateral+0.75Snow-0.45Wind_Long1+0.75Snow_Drift+0.75Floor_Live+0.45LWIND1
    51   Dead+Collateral+0.75Snow+0.45Wind_Long1+0.75Slide_Snow+0.75Floor_Live+0.45LWIND1
    52   Dead+Collateral+0.75Snow+0.45Wind_Long1+0.75Slide_Snow+0.75Floor_Live+0.45LWIND1
    53   Dead+Collateral+0.75Snow-0.45Wind_Long1+0.75Slide_Snow+0.75Floor_Live+0.45LWIND1
    54   Dead+Collateral+0.75Snow-0.45Wind_Long1+0.75Slide_Snow+0.75Floor_Live+0.45LWIND1
    55   Dead+Collateral+0.75Snow+0.45Wind_Long2+0.75Floor_Live+0.45LWIND2_L2E
    56   Dead+Collateral+0.75Snow+0.45Wind_Long2+0.75Floor_Live+0.45LWIND2_R2E
    57   Dead+Collateral+0.75Snow-0.45Wind_Long2+0.75Floor_Live+0.45LWIND2_L2E
    58   Dead+Collateral+0.75Snow-0.45Wind_Long2+0.75Floor_Live+0.45LWIND2_R2E
    59   Dead+Collateral+0.75Snow+0.45Wind_Long2+0.75Snow_Drift+0.75Floor_Live+0.45LWIND2
    60   Dead+Collateral+0.75Snow+0.45Wind_Long2+0.75Snow_Drift+0.75Floor_Live+0.45LWIND2
    61   Dead+Collateral+0.75Snow-0.45Wind_Long2+0.75Snow_Drift+0.75Floor_Live+0.45LWIND2
    62   Dead+Collateral+0.75Snow-0.45Wind_Long2+0.75Snow_Drift+0.75Floor_Live+0.45LWIND2
    63   Dead+Collateral+0.75Snow+0.45Wind_Long2+0.75Slide_Snow+0.75Floor_Live+0.45LWIND2
    64   Dead+Collateral+0.75Snow+0.45Wind_Long2+0.75Slide_Snow+0.75Floor_Live+0.45LWIND2
    65   Dead+Collateral+0.75Snow-0.45Wind_Long2+0.75Slide_Snow+0.75Floor_Live+0.45LWIND2
    66   Dead+Collateral+0.75Snow-0.45Wind_Long2+0.75Slide_Snow+0.75Floor_Live+0.45LWIND2
    67#  0.6Dead+Wind_Left1
    68#  0.6Dead+Wind_Right1
    69   0.6Dead+Wind_Left2
    70   0.6Dead+Wind_Right2
    71   0.6Dead+Wind_Long1+LWIND1_L2E
    72   0.6Dead+Wind_Long1+LWIND1_R2E
    73   0.6Dead-Wind_Long1+LWIND1_L2E
    74   0.6Dead-Wind_Long1+LWIND1_R2E
    75   0.6Dead+Wind_Long2+LWIND2_L2E
    76   0.6Dead+Wind_Long2+LWIND2_R2E
    77   0.6Dead-Wind_Long2+LWIND2_L2E
    78   0.6Dead-Wind_Long2+LWIND2_R2E
    79   1.01Dead+1.01Collateral+0.7Seismic_L
    80   1.01Dead+1.01Collateral+0.7Seismic_R
    81   1.01Dead+1.01Collateral+0.75Live+0.52Seismic_L+0.75Floor_Live
    82   1.01Dead+1.01Collateral+0.75Live+0.52Seismic_R+0.75Floor_Live
    83   1.01Dead+1.01Collateral+0.52Seismic_L+0.75Floor_Live
    84   1.01Dead+1.01Collateral+0.52Seismic_R+0.75Floor_Live
    85   0.59Dead+0.7Seismic_L
    86   0.59Dead+0.7Seismic_R
    87   1.01Dead+1.01Collateral+0.7Seismic_Long
    88   1.01Dead+1.01Collateral-0.7Seismic_Long
    89   1.01Dead+1.01Collateral+0.75Live+0.52Seismic_Long+0.75Floor_Live
    90   1.01Dead+1.01Collateral+0.75Live-0.52Seismic_Long+0.75Floor_Live
    91   1.01Dead+1.01Collateral+0.52Seismic_Long+0.75Floor_Live
    92   1.01Dead+1.01Collateral-0.52Seismic_Long+0.75Floor_Live
    93   0.59Dead+0.7Seismic_Long
    94   0.59Dead-0.7Seismic_Long
    95   Dead+Collateral+F2CRANEA1
    96   Dead+Collateral+F2CRANEA2
    97   Dead+Collateral+F2CRANEA3
    98   Dead+Collateral+F2CRANEA4
    99   Dead+Wind_Left1/2+F2CRANEA1
   100   Dead+Wind_Left2/2+F2CRANEA1
   101   Dead+Wind_Right1/2+F2CRANEA2
   102   Dead+Wind_Right2/2+F2CRANEA2
   103   Dead+Wind_Left1/2+F2CRANEA3
   104   Dead+Wind_Left2/2+F2CRANEA3
   105   Dead+Wind_Right1/2+F2CRANEA4
   106   Dead+Wind_Right2/2+F2CRANEA4
   107   Dead+20Degree+Floor_Live
   108   Dead+20Degree+Floor_Live
   109   Dead-20Degree+Floor_Live
   110   Dead-20Degree+Floor_Live
   111   Dead+Collateral+0.75Live+15Degree+0.75Floor_Live
   112   Dead+Collateral+0.75Live+15Degree+0.75Floor_Live
   113   Dead+Collateral+0.75Live-15Degree+0.75Floor_Live
   114   Dead+Collateral+0.75Live-15Degree+0.75Floor_Live
   115   Dead+Collateral+0.75Snow+15Degree+0.75Floor_Live
   116   Dead+Collateral+0.75Snow+15Degree+0.75Floor_Live
   117   Dead+Collateral+0.75Snow+15Degree+0.75Snow_Drift+0.75Floor_Live
   118   Dead+Collateral+0.75Snow+15Degree+0.75Snow_Drift+0.75Floor_Live
   119   Dead+Collateral+0.75Snow+15Degree+0.75Slide_Snow+0.75Floor_Live
   120   Dead+Collateral+0.75Snow+15Degree+0.75Slide_Snow+0.75Floor_Live
   121   Dead+Collateral+0.75Snow-15Degree+0.75Floor_Live
   122   Dead+Collateral+0.75Snow-15Degree+0.75Floor_Live
   123   Dead+Collateral+0.75Snow-15Degree+0.75Snow_Drift+0.75Floor_Live
   124   Dead+Collateral+0.75Snow-15Degree+0.75Snow_Drift+0.75Floor_Live
   125   Dead+Collateral+0.75Snow-15Degree+0.75Slide_Snow+0.75Floor_Live
   126   Dead+Collateral+0.75Snow-15Degree+0.75Slide_Snow+0.75Floor_Live
  Special Combinations:
   127   1.01Dead+1.01Collateral+2.1Seismic_L
   128   1.01Dead+1.01Collateral+2.1Seismic_R
   129   1.01Dead+1.01Collateral+0.75Live+1.57Seismic_L+0.75Floor_Live
   130   1.01Dead+1.01Collateral+0.75Live+1.57Seismic_R+0.75Floor_Live
   131   1.01Dead+1.01Collateral+1.57Seismic_L+0.75Floor_Live
   132   1.01Dead+1.01Collateral+1.57Seismic_R+0.75Floor_Live
   133   0.59Dead+2.1Seismic_L
   134   0.59Dead+2.1Seismic_R
   135   1.01Dead+1.01Collateral+2.1Seismic_L
   136   1.01Dead+1.01Collateral+2.1Seismic_R
   137   1.01Dead+1.01Collateral+0.75Live+1.57Seismic_L+0.75Floor_Live
   138   1.01Dead+1.01Collateral+0.75Live+1.57Seismic_R+0.75Floor_Live
   139   1.01Dead+1.01Collateral+1.57Seismic_L+0.75Floor_Live
   140   1.01Dead+1.01Collateral+1.57Seismic_R+0.75Floor_Live
   141   0.59Dead+2.1Seismic_L
   142   0.59Dead+2.1Seismic_R

 PLATE LIMITS:
 -------------
       -----Web----  -----Flange----                  Web_Depth/     Web_Area/
  Seg   Depth/Thick  Width/(2xThick)  ---Flange---  Flange_Width   Flange_Area
   Id   Calc  Limit    Calc  Limit    Thick    Min   Calc  Limit   Calc  Limit
  ---  -----  -----   -----  -----    -----  -----  -----  -----  -----  -----
    1  140.0  180.0    12.5   16.5     6.00           4.7           3.9   10.0
    2  140.0  180.0    12.5   16.5     6.00           4.7           3.9   10.0
    3  150.0  180.0    10.4   16.5     6.00           4.8           3.2   10.0
    4  112.5  180.0    12.5   16.5     5.00           3.6           2.9   10.0
    5  112.5  180.0    12.5   16.5     5.00           3.6           2.9   10.0
    6  150.0  180.0    10.4   16.5     6.00           4.8           3.2   10.0
    7  140.0  180.0    12.5   16.5     6.00           4.7           3.9   10.0
    8  140.0  180.0    12.5   16.5     6.00           4.7           3.9   10.0

 FRAME AREA:
 ----------
    Frame    Area=    18.7
    Building Area=   202.0
            Ratio=    0.09


 WEIGHTS:
 --------

    Member             1     2     3     4     5     6     7     8
    ----------     ----- ----- ----- ----- ----- ----- ----- -----
    Weight (kg)      143   158   118   141   142   116   148   152 

                      Total Weight (kg)
                        Frame         =     1117
                        Splice Plate  =      167
                        Base   Plate  =       35
                                        --------
                                            1319
 


 REACTIONS - Sidewall Columns:
 -----------------------------

   Load   ----------Left_Column----------   ----------Right_Column---------
     Id   Fx(kN)  Fy(kN)  Fz(kN)  M(kN-m)   Fx(kN)  Fy(kN)  Fz(kN)  M(kN-m)  
   ----   ------ ------- ------- --------   ------ ------- ------- --------
      1    30.29   54.68    0.00   -68.73   -30.29   54.65    0.00    71.75
      2    30.29   54.74    0.00   -70.86   -30.29   54.58    0.00    69.66
      3     7.55   15.77    0.00   -16.90    -7.55   15.75    0.00    17.73
      4     7.55   15.79    0.00   -17.51    -7.55   15.73    0.00    17.13
      5     7.55   15.77    0.00   -16.90    -7.55   15.75    0.00    17.73
      6     7.55   15.79    0.00   -17.51    -7.55   15.73    0.00    17.13
      7     7.55   15.77    0.00   -16.90    -7.55   15.75    0.00    17.73
      8     7.55   15.79    0.00   -17.51    -7.55   15.73    0.00    17.13
      9     7.55   15.77    0.00   -16.90    -7.55   15.75    0.00    17.73
     10     7.55   15.79    0.00   -17.51    -7.55   15.73    0.00    17.13
     11     5.54   12.34    0.00   -12.33    -5.54   12.32    0.00    12.98
     12     5.54   12.35    0.00   -12.81    -5.54   12.31    0.00    12.50
     13     7.55   15.77    0.00   -16.90    -7.55   15.75    0.00    17.73
     14     7.55   15.79    0.00   -17.51    -7.55   15.73    0.00    17.13
     15     7.55   15.77    0.00   -16.90    -7.55   15.75    0.00    17.73
     16     7.55   15.79    0.00   -17.51    -7.55   15.73    0.00    17.13
     17     7.55   15.77    0.00   -16.90    -7.55   15.75    0.00    17.73
     18     7.55   15.79    0.00   -17.51    -7.55   15.73    0.00    17.13
     19     4.77   21.24    0.00    -3.29   -25.57   28.13    0.00    62.27
     20    25.61   28.18    0.00   -62.17    -4.80   21.19    0.00     3.98
     21     3.96   31.45    0.00    -7.56   -24.76   38.34    0.00    66.98
     22    24.80   38.40    0.00   -66.73    -4.00   31.38    0.00     8.40
     23    18.14    4.24    9.17   -37.41   -17.72    7.79    9.38    30.69
     24    17.70    8.12    9.17   -30.27   -18.13    3.91    9.38    37.66
     25    18.30   28.17    0.00   -36.97   -17.87   32.28    0.00    30.16
     26    17.86   32.04    0.00   -29.76   -18.29   28.40    0.00    37.19
     27    19.42   14.45    9.17   -44.70   -18.99   17.99    9.38    38.09
     28    18.98   18.33    9.17   -37.51   -19.41   14.11    9.38    45.10
     29    19.57   38.38    0.00   -44.26   -19.14   42.48    0.00    37.56
     30    19.13   42.26    0.00   -37.00   -19.56   38.61    0.00    44.64
     31   -12.35   -7.95    0.00    35.74    -8.45   -1.04    0.00    21.95
     32   -12.35   -7.95    0.00    35.74    -8.45   -1.04    0.00    21.95
     33   -12.35   -7.95    0.00    35.74    -8.45   -1.04    0.00    21.95
     34     8.49   -1.03    0.00   -22.33    12.31   -7.96    0.00   -35.55
     35     8.49   -1.03    0.00   -22.33    12.31   -7.96    0.00   -35.55
     36     8.49   -1.03    0.00   -22.33    12.31   -7.96    0.00   -35.55
     37   -13.14    2.26    0.00    31.46    -7.67    9.17    0.00    26.64
     38   -13.14    2.26    0.00    31.46    -7.67    9.17    0.00    26.64
     39   -13.14    2.26    0.00    31.46    -7.67    9.17    0.00    26.64
     40     7.70    9.19    0.00   -26.88    13.10    2.24    0.00   -31.13
     41     7.70    9.19    0.00   -26.88    13.10    2.24    0.00   -31.13
     42     7.70    9.19    0.00   -26.88    13.10    2.24    0.00   -31.13
     43     3.63   -8.67    5.50    -5.64    -3.38   -6.52    5.63     1.46
     44     3.37   -6.34    5.50    -1.41    -3.63   -8.85    5.63     5.59
     45     3.73    5.69    0.00    -5.37    -3.48    8.17    0.00     1.14
     46     3.47    8.02    0.00    -1.11    -3.73    5.85    0.00     5.30
     47     3.63   -8.67    5.50    -5.64    -3.38   -6.52    5.63     1.46
     48     3.37   -6.34    5.50    -1.41    -3.63   -8.85    5.63     5.59
     49     3.73    5.69    0.00    -5.37    -3.48    8.17    0.00     1.14
     50     3.47    8.02    0.00    -1.11    -3.73    5.85    0.00     5.30
     51     3.63   -8.67    5.50    -5.64    -3.38   -6.52    5.63     1.46
     52     3.37   -6.34    5.50    -1.41    -3.63   -8.85    5.63     5.59
     53     3.73    5.69    0.00    -5.37    -3.48    8.17    0.00     1.14
     54     3.47    8.02    0.00    -1.11    -3.73    5.85    0.00     5.30
     55     4.41   -2.54    5.50   -10.01    -4.15   -0.40    5.63     5.90
     56     4.14   -0.21    5.50    -5.76    -4.40   -2.73    5.63    10.05
     57     4.51   11.82    0.00    -9.74    -4.25   14.30    0.00     5.59
     58     4.24   14.15    0.00    -5.46    -4.50   11.97    0.00     9.76
     59     4.41   -2.54    5.50   -10.01    -4.15   -0.40    5.63     5.90
     60     4.14   -0.21    5.50    -5.76    -4.40   -2.73    5.63    10.05
     61     4.51   11.82    0.00    -9.74    -4.25   14.30    0.00     5.59
     62     4.24   14.15    0.00    -5.46    -4.50   11.97    0.00     9.76
     63     4.41   -2.54    5.50   -10.01    -4.15   -0.40    5.63     5.90
     64     4.14   -0.21    5.50    -5.76    -4.40   -2.73    5.63    10.05
     65     4.51   11.82    0.00    -9.74    -4.25   14.30    0.00     5.59
     66     4.24   14.15    0.00    -5.46    -4.50   11.97    0.00     9.76
     67   -23.23  -24.22    0.00    62.78    -4.50  -14.99    0.00    13.42
     68     4.55  -15.01    0.00   -14.11    23.18  -24.20    0.00   -62.73
     69   -24.27  -10.61    0.00    57.14    -3.47   -1.38    0.00    19.73
     70     3.52   -1.38    0.00   -20.25    24.22  -10.61    0.00   -56.91
     71    -5.41  -46.91   12.22    18.23     5.99  -42.08   12.51   -27.74
     72    -6.00  -41.73   12.22    27.47     5.43  -47.27   12.51   -18.74
     73    -5.18  -15.01    0.00    18.81     5.75   -9.43    0.00   -28.49
     74    -5.76   -9.83    0.00    28.17     5.19  -14.61    0.00   -19.36
     75    -3.67  -33.29   12.22     8.50     4.25  -28.48   12.51   -17.91
     76    -4.26  -28.11   12.22    17.83     3.69  -33.66   12.51    -8.82
     77    -3.45   -1.39    0.00     9.08     4.02    4.17    0.00   -18.65
     78    -4.03    3.79    0.00    18.53     3.46   -1.00    0.00    -9.44
     79     6.76   15.78    0.00   -12.12    -8.47   16.06    0.00    22.77
     80     8.48   16.09    0.00   -22.63    -6.77   15.74    0.00    12.44
     81    24.05   45.02    0.00   -52.84   -25.32   45.17    0.00    61.46
     82    25.33   45.25    0.00   -60.80   -24.06   44.94    0.00    53.65
     83     6.98   15.82    0.00   -13.47    -8.25   16.02    0.00    21.44
     84     8.26   16.05    0.00   -21.28    -6.99   15.78    0.00    13.77
     85     2.41    7.13    0.00    -2.18    -4.12    7.42    0.00    12.65
     86     4.13    7.44    0.00   -12.65    -2.42    7.11    0.00     2.38
     87     7.62   14.54    1.08   -17.38    -7.62   14.49    1.08    17.61
     88     7.64   17.34    0.00   -17.32    -7.64   17.31    0.00    17.55
     89    24.69   44.09    0.80   -56.82   -24.69   44.00    0.81    57.56
     90    24.70   46.17    0.00   -56.77   -24.70   46.10    0.00    57.51
     91     7.62   14.90    0.80   -17.38    -7.62   14.85    0.81    17.61
     92     7.64   16.98    0.00   -17.33    -7.64   16.95    0.00    17.56
     93     3.27    5.88    1.08    -7.42    -3.27    5.85    1.08     7.52
     94     3.29    8.68    0.00    -7.36    -3.29    8.68    0.00     7.46
     95     7.60   77.59    0.00    12.15   -15.56   36.18    0.00    53.33
     96    15.49   78.62    0.00   -29.73    -7.53   35.14    0.00    12.19
     97     7.53   35.18    0.00   -11.95   -15.49   78.58    0.00    30.03
     98    15.65   36.22    0.00   -53.75    -7.69   77.55    0.00   -11.19
     99    -7.74   58.38    0.00    50.62   -14.09   21.52    0.00    50.25
    100    -8.26   65.18    0.00    47.88   -13.57   28.33    0.00    53.49
    101    14.16   63.95    0.00   -27.37     7.67   15.95    0.00   -26.75
    102    13.64   70.76    0.00   -30.39     8.19   22.75    0.00   -23.78
    103    -7.68   15.97    0.00    26.88   -14.14   63.93    0.00    27.23
    104    -8.21   22.77    0.00    24.01   -13.62   70.74    0.00    30.34
    105    14.20   21.54    0.00   -51.11     7.63   58.36    0.00   -49.76
    106    13.67   28.35    0.00   -54.26     8.16   65.16    0.00   -46.93
    107     6.01   12.34    0.00   -16.07    -6.01   12.32    0.00    16.70
    108     6.01   12.35    0.00   -16.56    -6.01   12.31    0.00    16.23
    109     5.06   12.34    0.00    -8.58    -5.06   12.32    0.00     9.25
    110     5.07   12.35    0.00    -9.07    -5.07   12.31    0.00     8.78
    111    24.96   44.95    0.00   -58.58   -24.96   44.92    0.00    61.04
    112    24.96   45.00    0.00   -60.33   -24.96   44.87    0.00    59.32
    113    24.27   44.95    0.00   -52.96   -24.27   44.92    0.00    55.44
    114    24.27   45.00    0.00   -54.71   -24.27   44.87    0.00    53.72
    115     7.90   15.77    0.00   -19.71    -7.90   15.75    0.00    20.53
    116     7.90   15.79    0.00   -20.32    -7.90   15.73    0.00    19.92
    117     7.90   15.77    0.00   -19.71    -7.90   15.75    0.00    20.53
    118     7.90   15.79    0.00   -20.32    -7.90   15.73    0.00    19.92
    119     7.90   15.77    0.00   -19.71    -7.90   15.75    0.00    20.53
    120     7.90   15.79    0.00   -20.32    -7.90   15.73    0.00    19.92
    121     7.19   15.77    0.00   -14.09    -7.19   15.75    0.00    14.94
    122     7.20   15.79    0.00   -14.70    -7.20   15.73    0.00    14.33
    123     7.19   15.77    0.00   -14.09    -7.19   15.75    0.00    14.94
    124     7.20   15.79    0.00   -14.70    -7.20   15.73    0.00    14.33
    125     7.19   15.77    0.00   -14.09    -7.19   15.75    0.00    14.94
    126     7.20   15.79    0.00   -14.70    -7.20   15.73    0.00    14.33


 DEFLECTIONS:
 ------------

          Lateral Defl
  Load    @ Top Of Col   Vert Defl
   Id     Left   Right   On Rafter
  ----    ----   -----  ---------
    1    -10.9    12.8   -119.0
    2    -12.0    11.6   -119.0
    3     -2.7     3.2    -29.5
    4     -3.0     2.9    -29.5
    5     -2.7     3.2    -29.5
    6     -3.0     2.9    -29.5
    7     -2.7     3.2    -29.5
    8     -3.0     2.9    -29.5
    9     -2.7     3.2    -29.5
   10     -3.0     2.9    -29.5
   11     -1.9     2.3    -21.6
   12     -2.2     2.1    -21.6
   13     -2.7     3.2    -29.5
   14     -3.0     2.9    -29.5
   15     -2.7     3.2    -29.5
   16     -3.0     2.9    -29.5
   17     -2.7     3.2    -29.5
   18     -3.0     2.9    -29.5
   19      5.7    16.2    -51.9
   20    -15.8    -5.4    -51.8
   21      4.1    18.1    -71.5
   22    -17.7    -3.6    -71.4
   23     -6.8     2.3    -44.2
   24     -2.1     7.0    -44.2
   25     -6.8     2.2    -44.1
   26     -2.0     7.0    -44.1
   27     -8.7     4.3    -64.9
   28     -3.9     9.1    -65.0
   29     -8.7     4.3    -64.9
   30     -3.9     9.1    -64.9
   31     12.0     9.1     15.2
   32     12.0     9.1     15.2
   33     12.0     9.1     15.2
   34     -9.2   -12.1     15.4
   35     -9.2   -12.1     15.4
   36     -9.2   -12.1     15.4
   37     10.3    11.0     -4.4
   38     10.3    11.0     -4.4
   39     10.3    11.0     -4.4
   40    -11.0   -10.3     -4.3
   41    -11.0   -10.3     -4.3
   42    -11.0   -10.3     -4.3
   43     -1.3    -1.5      2.0
   44      1.5     1.3      2.0
   45     -1.3    -1.6      2.0
   46      1.5     1.3      2.0
   47     -1.3    -1.5      2.0
   48      1.5     1.3      2.0
   49     -1.3    -1.6      2.0
   50      1.5     1.3      2.0
   51     -1.3    -1.5      2.0
   52      1.5     1.3      2.0
   53     -1.3    -1.6      2.0
   54      1.5     1.3      2.0
   55     -2.5    -0.3    -10.5
   56      0.4     2.5    -10.5
   57     -2.5    -0.3    -10.4
   58      0.4     2.5    -10.4
   59     -2.5    -0.3    -10.5
   60      0.4     2.5    -10.5
   61     -2.5    -0.3    -10.4
   62      0.4     2.5    -10.4
   63     -2.5    -0.3    -10.5
   64      0.4     2.5    -10.5
   65     -2.5    -0.3    -10.4
   66      0.4     2.5    -10.4
   67     18.4     9.3     46.7
   68     -9.5   -18.7     46.8
   69     16.2    11.9     20.5
   70    -12.0   -16.3     20.6
   71      2.2    -8.7     56.9
   72      8.3    -2.5     56.9
   73      2.1    -8.8     57.0
   74      8.4    -2.6     57.0
   75     -0.4    -6.0     29.3
   76      5.8     0.2     29.3
   77     -0.4    -6.1     29.4
   78      5.9     0.2     29.4
   79      0.0     5.9    -29.8
   80     -5.7     0.2    -29.8
   81     -7.2    12.1    -96.9
   82    -11.5     7.8    -96.9
   83     -0.8     5.1    -29.8
   84     -5.0     0.9    -29.8
   85      1.6     4.1    -12.7
   86     -4.0    -1.5    -12.7
   87     -2.9     3.0    -29.8
   88     -2.9     3.0    -29.8
   89     -9.3     9.9    -96.9
   90     -9.3     9.9    -96.9
   91     -2.9     3.0    -29.8
   92     -2.9     3.0    -29.8
   93     -1.2     1.3    -12.7
   94     -1.2     1.3    -12.7
   95     15.3    20.7    -27.9
   96     -4.9     0.4    -27.8
   97     -0.3     5.0    -27.9
   98    -20.6   -15.3    -27.7
   99     25.2    23.1     13.8
  100     24.1    24.5    -11.2
  101     -7.8    -9.9     10.0
  102     -9.0    -8.7     -3.5
  103      9.7     7.7      9.9
  104      8.6     9.0     -3.5
  105    -23.2   -25.4     14.0
  106    -24.5   -24.2    -11.1
  107     -4.1     4.6    -17.1
  108     -4.4     4.3    -17.1
  109      0.2     0.1    -26.1
  110      0.0    -0.1    -26.1
  111    -10.5    12.0    -93.3
  112    -11.4    11.1    -93.3
  113     -7.2     8.7   -100.0
  114     -8.1     7.8   -100.0
  115     -4.3     4.8    -26.1
  116     -4.6     4.5    -26.1
  117     -4.3     4.8    -26.1
  118     -4.6     4.5    -26.1
  119     -4.3     4.8    -26.1
  120     -4.6     4.5    -26.1
  121     -1.0     1.5    -32.8
  122     -1.4     1.2    -32.8
  123     -1.0     1.5    -32.8
  124     -1.4     1.2    -32.8
  125     -1.0     1.5    -32.8
  126     -1.4     1.2    -32.8


 DEFLECTIONS RATIO:
 ------------------

          Lateral Defl
  Load    @ Top Of Col   Vert Defl
   Id     Left   Right   On Rafter
  ----    ----   -----  ---------
    1      762     648     188 
    2      689     713     188 
    3     3107    2603     762 
    4     2764    2906     762 
    5     3107    2603     762 
    6     2764    2906     762 
    7     3107    2603     762 
    8     2764    2906     762 
    9     3107    2603     762 
   10     2764    2906     762 
   11     4263    3543    1040 
   12     3762    3984    1041 
   13     3107    2603     762 
   14     2764    2906     762 
   15     3107    2603     762 
   16     2764    2906     762 
   17     3107    2603     762 
   18     2764    2906     762 
   19     1442     512     433 
   20      523    1523     434 
   21     2034     456     314 
   22      469    2289     314 
   23     1221    3598     508 
   24     4033    1177     508 
   25     1219    3684     509 
   26     4082    1180     509 
   27      953    1911     346 
   28     2103     911     345 
   29      951    1935     346 
   30     2117     912     346 
   31      691     913    1474 
   32      691     913    1474 
   33      691     913    1474 
   34      905     685    1462 
   35      905     685    1462 
   36      905     685    1462 
   37      804     750    5102 
   38      804     750    5102 
   39      804     750    5102 
   40      754     806    5249 
   41      754     806    5249 
   42      754     806    5249 
   43     6303    5447   11025 
   44     5538    6418   11040 
   45     6288    5344   10989 
   46     5501    6497   11058 
   47     6303    5447   11025 
   48     5538    6418   11040 
   49     6288    5344   10989 
   50     5501    6497   11058 
   51     6303    5446   11025 
   52     5538    6418   11040 
   53     6288    5344   10989 
   54     5501    6497   11058 
   55     3371   27522    2146 
   56    22876    3287    2144 
   57     3367   25119    2154 
   58    22243    3307    2152 
   59     3371   27522    2146 
   60    22876    3287    2144 
   61     3367   25119    2154 
   62    22243    3307    2152 
   63     3371   27522    2146 
   64    22876    3287    2144 
   65     3367   25119    2154 
   66    22243    3307    2152 
   67      451     894     481 
   68      869     443     479 
   69      512     695    1097 
   70      690     508    1088 
   71     3807     951     394 
   72      994    3252     394 
   73     3854     942     394 
   74      990    3226     394 
   75    21872    1378     767 
   76     1423   42800     768 
   77    20485    1359     765 
   78     1413   47388     765 
   79    99999    1410     754 
   80     1457   37630     755 
   81     1154     686     231 
   82      723    1063     231 
   83    10870    1609     754 
   84     1671    8747     755 
   85     5220    2013    1762 
   86     2054    5488    1766 
   87     2897    2719     754 
   88     2898    2722     754 
   89      889     834     231 
   90      889     834     231 
   91     2897    2719     754 
   92     2898    2721     754 
   93     6775    6359    1764 
   94     6782    6377    1765 
   95      540     400     806 
   96     1677   20991     807 
   97    27679    1644     806 
   98      403     543     811 
   99      328     358    1629 
  100      343     338    2005 
  101     1063     837    2250 
  102      920     955    6428 
  103      850    1081    2272 
  104      961     924    6395 
  105      356     326    1610 
  106      337     342    2020 
  107     2007    1818    1312 
  108     1888    1927    1313 
  109    34236   69651     862 
  110    99999   59192     862 
  111      792     688     240 
  112      726     747     240 
  113     1154     951     224 
  114     1020    1067     224 
  115     1924    1709     860 
  116     1787    1834     860 
  117     1924    1709     860 
  118     1787    1834     860 
  119     1924    1709     860 
  120     1787    1834     860 
  121     8065    5459     684 
  122     6101    6982     684 
  123     8065    5459     684 
  124     6101    6982     684 
  125     8065    5459     684 
  126     6101    6982     684 

 MAX DEFLECTION:
 ---------------
                      Load  Deflect  Span/Deflect
    Type                Id     (mm)   Calc  Limit
    ----------------  ----  -------  -----  -----
    Live  Vertical            -89.5   251.   150.
    Total Vertical       1   -119.0   189.   150.
    Horizontal Drift   105    -25.4   327.    75.
    Horizontal Total   105    -25.4   327.    75.

    Horizontal Spring Constant= 0.610 kN/mm

 CRANE/FLOOR DEFLECTION:
 -----------------------
                         Height  Load  Deflect    Span/
    Id       Locate        (mm)    Id     (mm)  Deflect   Limit
    -------  ----------  ------  ----  -------  -------  ------
    Crane1   Left  Col     6200    99     19.0     326.    100.
    Crane1   Right Col     6200   105    -19.1     324.    100.


 P-DELTA - Effective Length:
 -----------------------------
  CONVERGENCE CHECK:
                Max
            Deflect
    Column    Ratio
    ------  -------
    Left     0.0294   
    Right    0.0448   

  MAXIMUM DRIFT CHECK:
           Max_Drift(mm)  Second/
    Load  First   Second   First
     Id    Order   Order   Ratio
    ----  ------  ------  -------
    109      0.1     0.2    2.15
 
================================================================================
 C323-153            Frame  2 - Crane Brackets               6/AUG/2025  1:26pm
================================================================================

 CRANE LAYOUT:
 -------------
   Crane        Span  -Offset(mm)-
     Id   Type   Id    Left  Right
   -----  ----  ----  -----  -----
      1    TG     1    1200   1200

 BRACKET DESIGN:
 --------------
   Crane                   Factored_Shear(kN)  Factored_Moment(kN-m)
     Id   Side   Part       Calc  Limit    UC    Calc  Limit    UC
   -----  -----  --------  -----  -----  ----   -----  -----  ----
      1   Left   W35b228   62.77 191.96  0.33   16.19 120.40  0.13
      1   Right  W35b228   62.77 191.96  0.33   16.19 120.40  0.13
 

 STIFFENER DESIGN:
 -----------------
   Crane                     -Stiffener_Size(mm)-  -----Force(kN)----
     Id   Side   Locate      Width  Thick  Length   Calc  Limit    UC
   -----  -----  ----------  -----  -----  ------  -----  -----  ----
      1   Left   Top Flange   70.0   6.00   700.0 -44.25 136.40  0.32
      1   Left   Bot Flange   70.0   6.00   700.0  44.25 265.56  0.17
      1   Left   Crane Beam  140.0   6.00   700.0   0.00 309.99  0.00
      1   Left   Diagonal    (a)     
      1   Left   Bracket     (a)     
      1   Right  Top Flange   70.0   6.00   700.0 -44.25 136.40  0.32
      1   Right  Bot Flange   70.0   6.00   700.0  44.25 265.56  0.17
      1   Right  Crane Beam  140.0   6.00   700.0   0.00 309.99  0.00
      1   Right  Diagonal    (a)     
      1   Right  Bracket     (a)     

                             (a)Not Required
================================================================================
 C323-153            Frame  2 - Rigid Frame Clearances       6/AUG/2025  1:26pm
================================================================================

 VERTICAL CLEARANCE:
 -------------------
   Location                          Span    X_Coord    Y_Coord
   ------------------------       -------   --------   --------
   Left                              7747        944       7747 
   Right                             7747      21526       7747 
   Midspan                           8929      11235       8929 

 HORIZONTAL CLEARANCE:
 ---------------------
   Location                          Span   X_CoordL   X_CoordR
   ------------------------       -------   --------   --------
   Left  - Right                    20586        942      21528 



 CRANE VERTICAL CLEARANCE:
 -------------------------
   Crane  Location          Clear    X_Coord   Y_Coord
   -----  ----------    ---------   --------  --------
      1   Left               1547        944      7747 

 CRANE HORIZONTAL CLEARANCE:
 ----------------------------
   Crane  Location          Clear    X_Coord   Y_Coord
   -----  ----------    ---------   --------  --------
      1   Left                164        936      6200 
      1   Right               164      21534      6200 
================================================================================
 C323-153            Frame  2 - Weight Summary               6/AUG/2025  1:26pm
================================================================================

                      Total Weight (kg)
                        Frame         =     1117
                        Splice Plate  =      167
                        Base   Plate  =       35
                                        --------
                                            1319
 
================================================================================
 C323-153            Frame  2 - Warning Summary              6/AUG/2025  1:26pm
================================================================================

                   .. No Warnings
