2026-05-04 15:10:08,164 - audit.app.agents.support.fallback - INFO - Applying default value for F-002: ''
2026-05-04 15:10:08,193 - audit.app.agents.support.fallback - INFO - Applying default value for F-020: ''
2026-05-04 15:10:08,550 - audit.app.agents.support.checkpoint - INFO - Checkpoint [P2-02] Completeness Hard Gate → FAIL
2026-05-04 15:10:08,551 - audit.app.agents.phase2.p2_02_completeness - INFO - P2-02 completeness: 128 mandatory, 0 present, 2 fallback-resolved, 126 still missing — gate=FAIL
2026-05-04 15:15:43,787 - audit.app.orchestrator.controller - INFO - Starting stage P2-02
2026-05-04 15:15:43,807 - audit.app.agents.support.fallback - INFO - Applying default value for F-002: ''
2026-05-04 15:15:43,845 - audit.app.agents.support.fallback - INFO - Applying default value for F-020: ''
2026-05-04 15:15:44,199 - audit.app.agents.support.checkpoint - INFO - Checkpoint [P2-02] Completeness Hard Gate → FAIL
2026-05-04 15:15:44,200 - audit.app.agents.phase2.p2_02_completeness - INFO - P2-02 completeness: 128 mandatory, 0 present, 2 fallback-resolved, 126 still missing — gate=FAIL
2026-05-04 15:15:44,213 - audit.app.orchestrator.controller - WARNING - Stage P2-02 → BLOCKED — pipeline paused
2026-05-04 15:15:44,221 - audit.app.agents.support.checkpoint - INFO - Checkpoint [P2-05] Hard Gate 5 — Phase 2 Release Gate → FAIL
2026-05-04 15:32:10,813 - audit.app.agents.support.fallback - INFO - Applying default value for F-002: ''
2026-05-04 15:32:10,844 - audit.app.agents.support.fallback - INFO - Applying default value for F-020: ''
2026-05-04 15:32:11,152 - audit.app.agents.support.checkpoint - INFO - Checkpoint [P2-02] Completeness Hard Gate → FAIL
2026-05-04 15:32:11,154 - audit.app.agents.phase2.p2_02_completeness - INFO - P2-02 completeness: 128 mandatory, 0 present, 2 fallback-resolved, 126 still missing — gate=FAIL
2026-05-04 15:58:44,391 - audit.app.agents.support.fallback - INFO - Applying default value for F-002: ''
2026-05-04 15:58:44,421 - audit.app.agents.support.fallback - INFO - Applying default value for F-020: ''
2026-05-04 15:58:44,743 - audit.app.agents.support.checkpoint - INFO - Checkpoint [P2-02] Completeness Hard Gate → FAIL
2026-05-04 15:58:44,745 - audit.app.agents.phase2.p2_02_completeness - INFO - P2-02 completeness: 128 mandatory, 0 present, 2 fallback-resolved, 126 still missing — gate=FAIL
2026-05-04 15:59:24,107 - audit.app.agents.support.fallback - INFO - Applying default value for F-002: ''
2026-05-04 15:59:24,140 - audit.app.agents.support.fallback - INFO - Applying default value for F-020: ''
2026-05-04 15:59:24,604 - audit.app.agents.support.checkpoint - INFO - Checkpoint [P2-02] Completeness Hard Gate → FAIL
2026-05-04 15:59:24,605 - audit.app.agents.phase2.p2_02_completeness - INFO - P2-02 completeness: 128 mandatory, 0 present, 2 fallback-resolved, 126 still missing — gate=FAIL
2026-05-04 15:59:26,669 - audit.app.agents.support.fallback - INFO - Applying default value for F-002: ''
2026-05-04 15:59:26,697 - audit.app.agents.support.fallback - INFO - Applying default value for F-020: ''
2026-05-04 15:59:27,002 - audit.app.agents.support.checkpoint - INFO - Checkpoint [P2-02] Completeness Hard Gate → FAIL
2026-05-04 15:59:27,004 - audit.app.agents.phase2.p2_02_completeness - INFO - P2-02 completeness: 128 mandatory, 0 present, 2 fallback-resolved, 126 still missing — gate=FAIL
2026-05-04 16:47:57,114 - audit.app.agents.support.fallback - INFO - Applying default value for F-002: ''
2026-05-04 16:47:57,443 - audit.app.agents.support.fallback - INFO - Applying default value for F-020: ''
2026-05-04 16:48:00,167 - audit.app.agents.support.checkpoint - INFO - Checkpoint [P2-02] Completeness Hard Gate → FAIL
2026-05-04 16:48:00,174 - audit.app.agents.phase2.p2_02_completeness - INFO - P2-02 completeness: AB missing=70, GA missing=76, fallback_resolved=2, warnings=0 — gate=FAIL
2026-05-04 16:52:41,827 - audit.app.agents.support.fallback - INFO - Applying default value for F-002: ''
2026-05-04 16:52:42,119 - audit.app.agents.support.fallback - INFO - Applying default value for F-020: ''
2026-05-04 16:52:44,990 - audit.app.agents.support.checkpoint - INFO - Checkpoint [P2-02] Completeness Hard Gate → FAIL
2026-05-04 16:52:45,009 - audit.app.agents.phase2.p2_02_completeness - INFO - P2-02 completeness: AB missing=70, GA missing=76, fallback_resolved=2, warnings=0 — gate=FAIL
2026-05-04 16:55:34,289 - audit.app.agents.support.fallback - INFO - Applying default value for F-002: ''
2026-05-04 16:55:34,590 - audit.app.agents.support.fallback - INFO - Applying default value for F-020: ''
2026-05-04 16:55:35,951 - audit.app.agents.support.checkpoint - INFO - Checkpoint [P2-02] Completeness Hard Gate → FAIL
2026-05-04 16:55:35,965 - audit.app.agents.phase2.p2_02_completeness - INFO - P2-02 completeness: AB missing=70, GA missing=76, fallback_resolved=2, warnings=0 — gate=FAIL
2026-05-04 17:55:35,888 - audit.app.agents.support.fallback - INFO - Applying default value for F-002: ''
2026-05-04 17:55:36,154 - audit.app.agents.support.fallback - INFO - Applying default value for F-020: ''
2026-05-04 17:55:39,007 - audit.app.agents.support.checkpoint - INFO - Checkpoint [P2-02] Completeness Hard Gate → FAIL
2026-05-04 17:55:39,014 - audit.app.agents.phase2.p2_02_completeness - INFO - P2-02 completeness: AB missing=70, GA missing=76, fallback_resolved=2, warnings=0 — gate=FAIL
2026-05-05 10:31:45,620 - audit.app.agents.support.fallback - INFO - Applying default value for F-002: ''
2026-05-05 10:31:45,860 - audit.app.agents.support.fallback - INFO - Applying default value for F-020: ''
2026-05-05 10:31:48,855 - audit.app.agents.support.checkpoint - INFO - Checkpoint [P2-02] Completeness Hard Gate → FAIL
2026-05-05 10:31:48,916 - audit.app.agents.phase2.p2_02_completeness - INFO - P2-02 completeness: AB missing=69, GA missing=75, fallback_resolved=2, warnings=0 — gate=FAIL
2026-05-05 11:14:28,496 - audit.app.agents.support.fallback - INFO - Applying default value for F-002: ''
2026-05-05 11:14:28,768 - audit.app.agents.support.fallback - INFO - Applying default value for F-020: ''
2026-05-05 11:14:31,877 - audit.app.agents.support.checkpoint - INFO - Checkpoint [P2-02] Completeness Hard Gate → FAIL
2026-05-05 11:14:31,895 - audit.app.agents.phase2.p2_02_completeness - INFO - P2-02 completeness: AB missing=69, GA missing=75, fallback_resolved=2, warnings=0 — gate=FAIL
2026-05-05 11:14:39,111 - audit.app.agents.support.fallback - INFO - Applying default value for F-002: ''
2026-05-05 11:14:39,378 - audit.app.agents.support.fallback - INFO - Applying default value for F-020: ''
2026-05-05 11:14:41,807 - audit.app.agents.support.checkpoint - INFO - Checkpoint [P2-02] Completeness Hard Gate → FAIL
2026-05-05 11:14:41,831 - audit.app.agents.phase2.p2_02_completeness - INFO - P2-02 completeness: AB missing=69, GA missing=75, fallback_resolved=2, warnings=0 — gate=FAIL
2026-05-05 11:14:47,669 - audit.app.agents.phase2.p2_03_ab_generation - INFO - Plan DXF: ..\data\projects\a6bf6665-a4dc-403f-bae7-1d67eb1fe02b\outputs\ab\ab_plan_view.dxf
2026-05-05 11:14:48,094 - audit.app.agents.phase2.p2_03_ab_generation - INFO - Section DXF: ..\data\projects\a6bf6665-a4dc-403f-bae7-1d67eb1fe02b\outputs\ab\ab_section_view.dxf
2026-05-05 11:14:48,472 - audit.app.agents.phase2.p2_03_ab_generation - INFO - Detail DXF: ..\data\projects\a6bf6665-a4dc-403f-bae7-1d67eb1fe02b\outputs\ab\ab_detail_view.dxf
2026-05-05 11:18:40,121 - audit.app.agents.support.fallback - INFO - Applying default value for F-002: ''
2026-05-05 11:18:40,328 - audit.app.agents.support.fallback - INFO - Applying default value for F-020: ''
2026-05-05 11:18:43,554 - audit.app.agents.support.checkpoint - INFO - Checkpoint [P2-02] Completeness Hard Gate → FAIL
2026-05-05 11:18:43,577 - audit.app.agents.phase2.p2_02_completeness - INFO - P2-02 completeness: AB missing=69, GA missing=75, fallback_resolved=2, warnings=0 — gate=FAIL
2026-05-05 11:54:04,838 - audit.app.api.ws - INFO - WebSocket disconnected for a6bf6665-a4dc-403f-bae7-1d67eb1fe02b
2026-05-05 11:57:52,282 - audit.app.api.ws - INFO - WebSocket disconnected for a6bf6665-a4dc-403f-bae7-1d67eb1fe02b
2026-05-05 11:59:38,880 - audit.app.api.ws - INFO - WebSocket disconnected for 760d15fe-70f2-49ee-a407-2c756dee4c4b
2026-05-05 12:12:04,874 - audit.app.api.ws - INFO - WebSocket disconnected for a6bf6665-a4dc-403f-bae7-1d67eb1fe02b
2026-05-05 12:19:05,554 - audit.app.api.ws - INFO - WebSocket disconnected for a6bf6665-a4dc-403f-bae7-1d67eb1fe02b
2026-05-05 12:19:08,032 - audit.app.api.ws - INFO - WebSocket disconnected for a6bf6665-a4dc-403f-bae7-1d67eb1fe02b
2026-05-05 12:19:16,846 - audit.app.api.ws - INFO - WebSocket disconnected for a6bf6665-a4dc-403f-bae7-1d67eb1fe02b
2026-05-05 12:20:25,495 - audit.app.agents.support.fallback - INFO - Applying default value for F-002: ''
2026-05-05 12:20:25,767 - audit.app.agents.support.fallback - INFO - Applying default value for F-020: ''
2026-05-05 12:20:28,333 - audit.app.agents.support.checkpoint - INFO - Checkpoint [P2-02] Completeness Hard Gate → FAIL
2026-05-05 12:20:28,345 - audit.app.agents.phase2.p2_02_completeness - INFO - P2-02 completeness: AB missing=69, GA missing=75, fallback_resolved=2, warnings=0 — gate=FAIL
2026-05-05 12:28:29,783 - audit.app.utils.source_priority - INFO - Conflict on STAAD-NODE-COUNT — 4 candidates, strategy=HIGHEST_PRIORITY, winner=UNKNOWN
2026-05-05 12:28:29,819 - audit.app.utils.source_priority - INFO - Conflict on STAAD-MEMBER-COUNT — 4 candidates, strategy=HIGHEST_PRIORITY, winner=UNKNOWN
2026-05-05 12:28:29,847 - audit.app.utils.source_priority - INFO - Conflict on STAAD-SUPPORT-COUNT — 4 candidates, strategy=HIGHEST_PRIORITY, winner=UNKNOWN
2026-05-05 12:28:30,015 - audit.app.utils.source_priority - INFO - Conflict on STAAD-SECTION-PROPERTY-COUNT — 4 candidates, strategy=HIGHEST_PRIORITY, winner=UNKNOWN
2026-05-05 12:28:30,279 - audit.app.agents.support.fallback - INFO - Applying default value for F-002: ''
2026-05-05 12:28:30,479 - audit.app.agents.support.fallback - INFO - Applying default value for F-020: ''
2026-05-05 12:28:33,835 - audit.app.agents.support.checkpoint - INFO - Checkpoint [P2-02] Completeness Hard Gate → FAIL
2026-05-05 12:28:33,872 - audit.app.agents.phase2.p2_02_completeness - INFO - P2-02 completeness: AB missing=69, GA missing=75, fallback_resolved=2, warnings=4 — gate=FAIL
2026-05-05 12:30:05,953 - audit.app.api.ws - INFO - WebSocket disconnected for 760d15fe-70f2-49ee-a407-2c756dee4c4b
2026-05-05 12:30:57,096 - audit.app.api.ws - INFO - WebSocket disconnected for 760d15fe-70f2-49ee-a407-2c756dee4c4b
2026-05-05 12:30:57,186 - audit.app.api.ws - INFO - WebSocket disconnected for 760d15fe-70f2-49ee-a407-2c756dee4c4b
2026-05-05 12:45:27,968 - audit.app.utils.source_priority - INFO - Conflict on STAAD-NODE-COUNT — 12 candidates, strategy=HIGHEST_PRIORITY, winner=UNKNOWN
2026-05-05 12:45:27,993 - audit.app.utils.source_priority - INFO - Conflict on STAAD-MEMBER-COUNT — 12 candidates, strategy=HIGHEST_PRIORITY, winner=UNKNOWN
2026-05-05 12:45:28,011 - audit.app.utils.source_priority - INFO - Conflict on STAAD-SUPPORT-COUNT — 12 candidates, strategy=HIGHEST_PRIORITY, winner=UNKNOWN
2026-05-05 12:45:28,085 - audit.app.utils.source_priority - INFO - Conflict on STAAD-SECTION-PROPERTY-COUNT — 12 candidates, strategy=HIGHEST_PRIORITY, winner=UNKNOWN
2026-05-05 12:45:28,453 - audit.app.agents.support.fallback - INFO - Applying default value for F-002: ''
2026-05-05 12:45:28,680 - audit.app.agents.support.fallback - INFO - Applying default value for F-020: ''
2026-05-05 12:45:31,035 - audit.app.agents.support.checkpoint - INFO - Checkpoint [P2-02] Completeness Hard Gate → FAIL
2026-05-05 12:45:31,066 - audit.app.agents.phase2.p2_02_completeness - INFO - P2-02 completeness: AB missing=69, GA missing=75, fallback_resolved=2, warnings=4 — gate=FAIL
2026-05-05 14:23:45,520 - audit.app.api.ws - INFO - WebSocket disconnected for bac40ea8-441c-4298-8972-dc3b9c7dc193
2026-05-05 15:11:41,592 - audit.app.api.ws - INFO - WebSocket disconnected for 760d15fe-70f2-49ee-a407-2c756dee4c4b
2026-05-05 15:16:30,894 - audit.app.api.ws - INFO - WebSocket disconnected for 760d15fe-70f2-49ee-a407-2c756dee4c4b
2026-05-05 15:16:33,016 - audit.app.api.ws - INFO - WebSocket disconnected for 760d15fe-70f2-49ee-a407-2c756dee4c4b
2026-05-05 15:47:35,472 - audit.app.api.ws - INFO - WebSocket disconnected for 760d15fe-70f2-49ee-a407-2c756dee4c4b
2026-05-05 16:40:47,276 - audit.app.utils.source_priority - INFO - Conflict on PROTA-DXF-ENTITY-COUNT — 204 candidates, strategy=HIGHEST_PRIORITY, winner=DXF
2026-05-05 16:40:47,320 - audit.app.utils.source_priority - INFO - Conflict on PROTA-DXF-LAYER-COUNT — 204 candidates, strategy=HIGHEST_PRIORITY, winner=DXF
2026-05-05 16:40:47,346 - audit.app.utils.source_priority - INFO - Conflict on PROTA-DXF-LAYERS — 204 candidates, strategy=HIGHEST_PRIORITY, winner=DXF
2026-05-05 16:40:47,386 - audit.app.utils.source_priority - INFO - Conflict on PROTA-DXF-LINE-COUNT — 200 candidates, strategy=HIGHEST_PRIORITY, winner=DXF
2026-05-05 16:40:47,409 - audit.app.utils.source_priority - INFO - Conflict on PROTA-DXF-TEXT-COUNT — 200 candidates, strategy=HIGHEST_PRIORITY, winner=DXF
2026-05-05 16:40:47,531 - audit.app.agents.support.fallback - INFO - Applying default value for F-002: ''
2026-05-05 16:40:47,694 - audit.app.agents.support.fallback - INFO - Applying default value for F-020: ''
2026-05-05 16:40:50,351 - audit.app.agents.support.checkpoint - INFO - Checkpoint [P2-02] Completeness Hard Gate → FAIL
2026-05-05 16:40:50,372 - audit.app.agents.phase2.p2_02_completeness - INFO - P2-02 completeness: AB missing=70, GA missing=76, fallback_resolved=2, warnings=5 — gate=FAIL
2026-05-06 18:27:03,534 - audit.app.api.ws - INFO - WebSocket disconnected for 2696dba5-f253-4e4b-979f-bd7d125f68dc
2026-05-07 10:53:55,306 - audit.app.orchestrator.controller - INFO - Auto-resuming pipeline from P2-02
2026-05-07 10:53:55,306 - audit.app.orchestrator.controller - INFO - Starting stage P2-02
2026-05-07 10:53:55,355 - audit.app.agents.support.fallback - INFO - Applying system default for F-009: 'CLIENT'
2026-05-07 10:53:55,362 - audit.app.agents.support.fallback - INFO - Applying system default for F-013: 'DrawingSet'
2026-05-07 10:53:55,365 - audit.app.agents.support.fallback - INFO - Applying system default for F-014: 'AB-001'
2026-05-07 10:53:55,368 - audit.app.agents.support.fallback - INFO - Applying system default for F-015: 'Anchor Bolt Drawing'
2026-05-07 10:53:55,373 - audit.app.agents.support.fallback - INFO - Applying system default for F-016: 'DXF'
2026-05-07 10:53:55,379 - audit.app.agents.support.fallback - INFO - Applying system default for F-019: 'AB-001'
2026-05-07 10:53:55,385 - audit.app.agents.support.fallback - INFO - Applying system default for F-021: 'ab_drawing.dxf'
2026-05-07 10:53:55,390 - audit.app.agents.support.fallback - INFO - Applying system default for F-023: 'SYSTEM'
2026-05-07 10:53:55,396 - audit.app.agents.support.fallback - INFO - Applying system default for F-025: '1'
2026-05-07 10:53:55,399 - audit.app.agents.support.fallback - INFO - Applying system default for F-026: 'S1'
2026-05-07 10:53:55,402 - audit.app.agents.support.fallback - INFO - Applying system default for F-027: 'ANCHOR BOLT LAYOUT'
2026-05-07 10:53:55,414 - audit.app.agents.support.fallback - INFO - Applying system default for F-031: 'R0'
2026-05-07 10:53:55,418 - audit.app.agents.support.fallback - INFO - Applying system default for F-032: '2026-05-07'
2026-05-07 10:53:55,423 - audit.app.agents.support.fallback - INFO - Applying system default for F-033: 'Issued for Approval'
2026-05-07 10:53:55,426 - audit.app.agents.support.fallback - INFO - Applying system default for F-034: 'SYSTEM'
2026-05-07 10:53:55,429 - audit.app.agents.support.fallback - INFO - Applying system default for F-035: 'PENDING'
2026-05-07 10:53:55,432 - audit.app.agents.support.fallback - INFO - Applying system default for F-036: '2026-05-07'
2026-05-07 10:53:55,435 - audit.app.agents.support.fallback - INFO - Applying system default for F-037: 'IFC'
2026-05-07 10:53:55,552 - audit.app.agents.support.fallback - INFO - Applying system default for F-082: '4.6'
2026-05-07 10:53:55,664 - audit.app.agents.support.fallback - INFO - Applying system default for F-132: 'Pending'
2026-05-07 10:53:55,668 - audit.app.agents.support.fallback - INFO - Applying system default for F-133: 'PENDING'
2026-05-07 10:53:55,673 - audit.app.agents.support.fallback - INFO - Applying system default for F-134: '2026-05-07'
2026-05-07 10:53:55,676 - audit.app.agents.support.fallback - INFO - Applying system default for F-135: 'Y'
2026-05-07 10:53:55,679 - audit.app.agents.support.fallback - INFO - Applying system default for F-136: 'Pending'
2026-05-07 10:53:55,683 - audit.app.agents.support.fallback - INFO - Applying system default for F-137: '2026-05-07T05:23:55.683338+00:00'
2026-05-07 10:53:55,689 - audit.app.agents.support.fallback - INFO - Applying system default for F-138: 'P2-03'
2026-05-07 10:53:55,692 - audit.app.agents.support.fallback - INFO - Applying system default for F-139: 'AnDwg.in'
2026-05-07 10:53:55,695 - audit.app.agents.support.fallback - INFO - Applying system default for F-140: 'Parser'
2026-05-07 10:53:55,699 - audit.app.agents.support.fallback - INFO - Applying system default for F-141: '85'
2026-05-07 10:53:55,702 - audit.app.agents.support.fallback - INFO - Applying system default for F-142: '1'
2026-05-07 10:53:55,707 - audit.app.agents.support.fallback - INFO - Applying system default for F-143: 'Pending'
2026-05-07 10:53:55,710 - audit.app.agents.support.fallback - INFO - Applying system default for F-144: 'COMPLETENESS_CHECK'
2026-05-07 10:53:55,714 - audit.app.agents.support.fallback - INFO - Applying system default for F-145: 'N'
2026-05-07 10:53:55,717 - audit.app.agents.support.fallback - INFO - Applying system default for F-147: 'S3'
2026-05-07 10:53:55,722 - audit.app.agents.support.fallback - INFO - Applying system default for F-148: 'Pending'
2026-05-07 10:53:55,733 - audit.app.agents.support.fallback - INFO - Applying system default for F-151: 'AB_STANDARD'
2026-05-07 10:53:55,738 - audit.app.agents.support.fallback - INFO - Applying system default for F-152: 'STANDARD_TITLE_BLOCK'
2026-05-07 10:53:55,742 - audit.app.agents.support.fallback - INFO - Applying system default for F-156: 'A3_BORDER'
2026-05-07 10:53:55,785 - audit.app.agents.support.fallback - INFO - Applying system default for F-192: ''
2026-05-07 10:53:55,790 - audit.app.agents.support.fallback - INFO - Applying system default for F-193: '50'
2026-05-07 10:53:55,794 - audit.app.agents.support.fallback - INFO - Applying system default for F-194: 'StrongAxisParallelX'
2026-05-07 10:53:55,813 - audit.app.agents.support.checkpoint - INFO - Checkpoint [P2-02] Completeness Hard Gate → FAIL
2026-05-07 10:53:55,817 - audit.app.agents.phase2.p2_02_completeness - INFO - P2-02 completeness: AB missing=31, GA missing=41, fallback_resolved=41, warnings=0 — gate=FAIL
2026-05-07 10:53:55,823 - audit.app.orchestrator.controller - WARNING - Stage P2-02 BLOCKED — pipeline paused awaiting input
2026-05-07 10:53:55,826 - audit.app.agents.support.checkpoint - INFO - Checkpoint [P2-05] Hard Gate 5 — Phase 2 Release Gate → FAIL
2026-05-07 10:54:11,404 - audit.app.orchestrator.controller - INFO - Auto-resuming pipeline from P2-01
2026-05-07 10:54:11,404 - audit.app.orchestrator.controller - INFO - Starting stage P2-01
2026-05-07 10:54:11,431 - audit.app.orchestrator.controller - WARNING - Stage P2-01 BLOCKED — pipeline paused awaiting input
2026-05-07 10:54:11,435 - audit.app.agents.support.checkpoint - INFO - Checkpoint [P2-05] Hard Gate 5 — Phase 2 Release Gate → FAIL
2026-05-07 10:54:37,544 - audit.app.orchestrator.controller - INFO - Auto-resuming pipeline from P2-02
2026-05-07 10:54:37,545 - audit.app.orchestrator.controller - INFO - Starting stage P2-02
2026-05-07 10:54:37,591 - audit.app.agents.support.fallback - INFO - Applying system default for F-009: 'CLIENT'
2026-05-07 10:54:37,597 - audit.app.agents.support.fallback - INFO - Applying system default for F-013: 'DrawingSet'
2026-05-07 10:54:37,600 - audit.app.agents.support.fallback - INFO - Applying system default for F-014: 'AB-001'
2026-05-07 10:54:37,603 - audit.app.agents.support.fallback - INFO - Applying system default for F-015: 'Anchor Bolt Drawing'
2026-05-07 10:54:37,608 - audit.app.agents.support.fallback - INFO - Applying system default for F-016: 'DXF'
2026-05-07 10:54:37,614 - audit.app.agents.support.fallback - INFO - Applying system default for F-019: 'AB-001'
2026-05-07 10:54:37,621 - audit.app.agents.support.fallback - INFO - Applying system default for F-021: 'ab_drawing.dxf'
2026-05-07 10:54:37,625 - audit.app.agents.support.fallback - INFO - Applying system default for F-023: 'SYSTEM'
2026-05-07 10:54:37,632 - audit.app.agents.support.fallback - INFO - Applying system default for F-025: '1'
2026-05-07 10:54:37,634 - audit.app.agents.support.fallback - INFO - Applying system default for F-026: 'S1'
2026-05-07 10:54:37,639 - audit.app.agents.support.fallback - INFO - Applying system default for F-027: 'ANCHOR BOLT LAYOUT'
2026-05-07 10:54:37,648 - audit.app.agents.support.fallback - INFO - Applying system default for F-031: 'R0'
2026-05-07 10:54:37,651 - audit.app.agents.support.fallback - INFO - Applying system default for F-032: '2026-05-07'
2026-05-07 10:54:37,655 - audit.app.agents.support.fallback - INFO - Applying system default for F-033: 'Issued for Approval'
2026-05-07 10:54:37,658 - audit.app.agents.support.fallback - INFO - Applying system default for F-034: 'SYSTEM'
2026-05-07 10:54:37,661 - audit.app.agents.support.fallback - INFO - Applying system default for F-035: 'PENDING'
2026-05-07 10:54:37,664 - audit.app.agents.support.fallback - INFO - Applying system default for F-036: '2026-05-07'
2026-05-07 10:54:37,667 - audit.app.agents.support.fallback - INFO - Applying system default for F-037: 'IFC'
2026-05-07 10:54:37,781 - audit.app.agents.support.fallback - INFO - Applying system default for F-082: '4.6'
2026-05-07 10:54:37,879 - audit.app.agents.support.fallback - INFO - Applying system default for F-132: 'Pending'
2026-05-07 10:54:37,882 - audit.app.agents.support.fallback - INFO - Applying system default for F-133: 'PENDING'
2026-05-07 10:54:37,885 - audit.app.agents.support.fallback - INFO - Applying system default for F-134: '2026-05-07'
2026-05-07 10:54:37,890 - audit.app.agents.support.fallback - INFO - Applying system default for F-135: 'Y'
2026-05-07 10:54:37,893 - audit.app.agents.support.fallback - INFO - Applying system default for F-136: 'Pending'
2026-05-07 10:54:37,896 - audit.app.agents.support.fallback - INFO - Applying system default for F-137: '2026-05-07T05:24:37.896338+00:00'
2026-05-07 10:54:37,899 - audit.app.agents.support.fallback - INFO - Applying system default for F-138: 'P2-03'
2026-05-07 10:54:37,902 - audit.app.agents.support.fallback - INFO - Applying system default for F-139: 'AnDwg.in'
2026-05-07 10:54:37,906 - audit.app.agents.support.fallback - INFO - Applying system default for F-140: 'Parser'
2026-05-07 10:54:37,910 - audit.app.agents.support.fallback - INFO - Applying system default for F-141: '85'
2026-05-07 10:54:37,913 - audit.app.agents.support.fallback - INFO - Applying system default for F-142: '1'
2026-05-07 10:54:37,916 - audit.app.agents.support.fallback - INFO - Applying system default for F-143: 'Pending'
2026-05-07 10:54:37,920 - audit.app.agents.support.fallback - INFO - Applying system default for F-144: 'COMPLETENESS_CHECK'
2026-05-07 10:54:37,924 - audit.app.agents.support.fallback - INFO - Applying system default for F-145: 'N'
2026-05-07 10:54:37,927 - audit.app.agents.support.fallback - INFO - Applying system default for F-147: 'S3'
2026-05-07 10:54:37,930 - audit.app.agents.support.fallback - INFO - Applying system default for F-148: 'Pending'
2026-05-07 10:54:37,940 - audit.app.agents.support.fallback - INFO - Applying system default for F-151: 'AB_STANDARD'
2026-05-07 10:54:37,943 - audit.app.agents.support.fallback - INFO - Applying system default for F-152: 'STANDARD_TITLE_BLOCK'
2026-05-07 10:54:37,946 - audit.app.agents.support.fallback - INFO - Applying system default for F-156: 'A3_BORDER'
2026-05-07 10:54:37,989 - audit.app.agents.support.fallback - INFO - Applying system default for F-192: ''
2026-05-07 10:54:37,993 - audit.app.agents.support.fallback - INFO - Applying system default for F-193: '50'
2026-05-07 10:54:37,996 - audit.app.agents.support.fallback - INFO - Applying system default for F-194: 'StrongAxisParallelX'
2026-05-07 10:54:38,014 - audit.app.agents.support.checkpoint - INFO - Checkpoint [P2-02] Completeness Hard Gate → FAIL
2026-05-07 10:54:38,018 - audit.app.agents.phase2.p2_02_completeness - INFO - P2-02 completeness: AB missing=31, GA missing=41, fallback_resolved=41, warnings=0 — gate=FAIL
2026-05-07 10:54:38,025 - audit.app.orchestrator.controller - WARNING - Stage P2-02 BLOCKED — pipeline paused awaiting input
2026-05-07 10:54:38,030 - audit.app.agents.support.checkpoint - INFO - Checkpoint [P2-05] Hard Gate 5 — Phase 2 Release Gate → FAIL
2026-05-07 11:20:58,395 - audit.app.utils.source_priority - INFO - Conflict on F-081 — 2 candidates, strategy=HUMAN_REVIEW, winner=MBS
2026-05-07 11:20:58,427 - audit.app.agents.phase2.p2_03_ab_generation - INFO - Plan DXF: ..\data\projects\5e884d73-dff1-4f57-b62a-e49ddbfc9e3e\outputs\ab\ab_plan_view.dxf
2026-05-07 11:20:58,438 - audit.app.agents.phase2.p2_03_ab_generation - INFO - Section DXF: ..\data\projects\5e884d73-dff1-4f57-b62a-e49ddbfc9e3e\outputs\ab\ab_section_view.dxf
2026-05-07 11:20:58,450 - audit.app.agents.phase2.p2_03_ab_generation - INFO - Detail DXF: ..\data\projects\5e884d73-dff1-4f57-b62a-e49ddbfc9e3e\outputs\ab\ab_detail_view.dxf
2026-05-07 12:20:47,995 - audit.app.api.ws - INFO - WebSocket disconnected for 24ca1a33-166e-4728-8c29-0c6bc8050066
2026-05-07 12:20:48,122 - audit.app.api.ws - INFO - WebSocket disconnected for 24ca1a33-166e-4728-8c29-0c6bc8050066
2026-05-07 12:42:43,092 - audit.app.api.ws - INFO - WebSocket disconnected for 4766fa25-02ab-41bd-94d1-59e3f3b64ba1
2026-05-07 15:58:03,945 - audit.app.api.ws - INFO - WebSocket disconnected for 5cbe14f3-d7d1-4f1c-8f26-d39e06166c8c
2026-05-07 15:58:43,037 - audit.app.api.ws - INFO - WebSocket disconnected for 4766fa25-02ab-41bd-94d1-59e3f3b64ba1
2026-05-07 17:13:30,139 - audit.app.api.ws - INFO - WebSocket disconnected for 5cbe14f3-d7d1-4f1c-8f26-d39e06166c8c
2026-05-07 17:16:42,202 - audit.app.api.ws - INFO - WebSocket disconnected for 5cbe14f3-d7d1-4f1c-8f26-d39e06166c8c
2026-05-07 17:17:04,936 - audit.app.api.ws - INFO - WebSocket disconnected for 760d15fe-70f2-49ee-a407-2c756dee4c4b
