===============================================================================
 C463-002            1.RIGID & ENDWALL FRAME MEMBERS:       18/DEC/2025  2:50pm

                                                                 Total    Total
 Quan Mark   Description           Part     Punch       Length  Weight     Cost
===============================================================================
    1 RF1-1  RF Column                                    8550   393.2     0.04
    1 RF1-2  RF Rafter                                    6200   171.9     0.02
    1 RF1-3  RF Rafter                                    6200   174.4     0.02
    1 RF1-4  RF Column                                    8550   393.2     0.04
    1 RF2-1  RF Column                                    8549   398.7     0.04
    2 RF2-2  RF Rafter                                    6201   369.2     0.04
    1 RF2-3  RF Column                                    8549   398.7     0.04
    1 RF3-1  RF Column                                    8550   390.3     0.04
    2 RF3-2  RF Rafter                                    6200   344.2     0.04
    1 RF3-3  RF Column                                    8550   410.1     0.04
    1 RF4-1  RF Column                                    8550   393.2     0.04
    1 RF4-2  RF Rafter                                    6200   171.4     0.02
    1 RF4-3  RF Rafter                                    6200   171.4     0.02
    1 RF4-4  RF Column                                    8550   412.9     0.04
    1 RF5-1  RF Column                                    8550   393.2     0.04
    1 RF5-2  RF Rafter                                    6200   171.4     0.02
    1 RF5-3  RF Rafter                                    6200   174.0     0.02
    1 RF5-4  RF Column                                    8550   393.2     0.04

    1 EB-1   Ext Beam                                     1921    54.6    40.39
    1 EB-2   Ext Beam              W35a208                8140   316.3   234.04
    2 EB-3   Ext Beam                                     1529    90.4    66.92
    2 EB-4   Ext Beam                                     1529    90.4    66.92
    1 EB-5   Ext Beam                                     1921    54.6    40.39
    1 EB-6   Ext Beam              W35a208                6645   261.9   193.84
    1 RB-1   Runway Beam           W50b3010               8300   569.2    10.96
    1 RB-2   Runway Beam           W50b3010               8300   569.2    10.96
    2 RB-3   Runway Beam           W50b3010               8200  1125.2    21.92
    2 RB-4   Runway Beam           W50b2510               6705   816.4    19.70
    1 RB-5   Runway Beam           W50b2510               6805   414.1     9.85
    1 RB-6   Runway Beam           W50b2510               6805   414.1     9.85

    1 EC-1   EW Column             W30a158                8976   290.1   214.66
    1 EC-2   EW Column             W30a158                8976   291.1   215.39

-------------------------------------------------------------------------------
                                                     Total:    11082.2  1156.39


===============================================================================
 C463-002            2.DOOR JAMBS & HEADERS:                18/DEC/2025  2:50pm

                                           Punch/                Total    Total
 Quan Mark   Description      Part          Color       Length  Weight     Cost
===============================================================================
    2 DJ-1   Door Jamb        ISMC200                     7190   323.4     0.12
                    Web Slot:  
                     Loc=     3105      4305      5805      7030      7130 
    4 DJ-2   Door Jamb        200C20                      4180    90.6     0.08
                    Web Slot:  
                     Loc=       45      3105      4030      4135 

    1 DH-1   Door Header      ISMC200      ?? -??         5980   133.4     0.02
                    Web Slot:  
                     Loc=       50      5930 
    2 DH-2   Door Header      200C20       ?? -??         3980    43.1     0.04
                    Web Slot:  
                     Loc=       45      3935 

-------------------------------------------------------------------------------
                                                     Total:      590.5     0.26


===============================================================================
 C463-002            3.PURLINS, EAVE STRUTS, WALL GIRTS:    18/DEC/2025  2:50pm

                                                                 Total    Total
 Quan Mark   Description     Part     Pitch   Punch     Length  Weight     Cost
===============================================================================
    4 P-1    Roof Purlin     200Z25           ??-??       9535   258.2     0.08
                     Web=      335       435       715      1045      1345 
                              7570      7870      8200      8480      8580 
                              8860      9190      9490 
                    Slot=     2384      4767      7151 
    4 P-2    Roof Purlin     200Z18           ??-??       9590   186.8     0.08
                     Web=       45       345       675       955      1055 
                              1335      1665      1965      8255      8555 
                              8885      9165      9265      9545 
                    Slot=     2397      4795      7192 
    4 P-3    Roof Purlin     200Z18           ??-??       8095   157.7     0.08
                     Web=       45       325       425       705      1035 
                              1335      6130      6430      6760      7040 
                              7140      7420      7750      8050 
                    Slot=     2698      5396 
    4 P-4    Roof Purlin     200Z18           ??-??       8040   156.6     0.08
                     Web=       45       345       675       955      1055 
                              1335      1665      1965      6695      6995 
                              7325      7605      7705 
                    Slot=     2010      4020      6030 
    4 P-5    Roof Purlin     200Z25           ??-??       9535   258.2     0.08
                     Web=       45       345       675       955      1055 
                              1335      1665      1965      8190      8490 
                              8820      9100      9200 
                    Slot=     2384      4767      7151 
    4 P-6    Roof Purlin     200Z18           ??-??       9590   186.8     0.08
                     Web=       45       325       425       705      1035 
                              1335      7625      7925      8255      8535 
                              8635      8915      9245      9545 
                    Slot=     2397      4795      7192 
    4 P-7    Roof Purlin     200Z18           ??-??       8095   157.7     0.08
                     Web=       45       345       675       955      1055 
                              1335      1665      1965      6760      7060 
                              7390      7670      7770      8050 
                    Slot=     2698      5396 
    4 P-8    Roof Purlin     200Z18           ??-??       8040   156.6     0.08
                     Web=      335       435       715      1045      1345 
                              6075      6375      6705      6985      7085 
                              7365      7695      7995 
                    Slot=     2010      4020      6030 
    1 P-9    Roof Purlin     250Z18           ??-??       7880    50.0     0.01
                     Web=      150       250       530       860      1160 
                              6395      6695      7025      7305      7405 
                              7685 
                    Slot=     1970      3940      5910 
    1 P-10   Roof Purlin     250Z15           ??-??       7115    37.7     0.01
                     Web=      150       250       530       860      1160 
                              5955      6255      6585      6865      6965 
                    Slot=     2371      4743 
    1 P-11   Roof Purlin     250Z18           ??-??       7880    50.0     0.01
                     Web=      195       475       575       855      1185 
                              1485      6720      7020      7350      7630 
                              7730 
                    Slot=     1970      3940      5910 
    1 E-1    Eave Strut      200Z25           ??-??       9535    64.6     0.02
                     Web=      335       435      7570      8480      8580 
                              9490 
                    Slot=     2129      2384      4262      4767      6396 
                              7151 
    1 E-2    Eave Strut      200Z18           ??-??       9590    46.7     0.02
                     Web=       45       955      1055      1965      8885 
                              9165      9265      9545 
                    Slot=     2397      3057      4795      5110      7162 
                              7192 
    1 E-3    Eave Strut      200Z18           ??-??       8095    39.4     0.02
                     Web=       45       325       425       705      6130 
                              7040      7140      8050 
                    Slot=     2613      2698      4851      5396 
    1 E-4    Eave Strut      200Z18           ??-??       8040    39.2     0.02
                     Web=       45       955      1055      1965      7605 
                              7705 
                    Slot=     2010      2765      4020      4525      6030 
                              6285 
    1 E-5    Eave Strut      200Z25           ??-??       9535    64.6     0.02
                     Web=       45       955      1055      1965      9100 
                              9200 
                    Slot=     2384      3139      4767      5272      7151 
                              7406 
    1 E-6    Eave Strut      200Z18           ??-??       9590    46.7     0.02
                     Web=       45       325       425       705      7625 
                              8535      8635      9545 
                    Slot=     2397      2427      4480      4795      6532 
                              7192 
    1 E-7    Eave Strut      200Z18           ??-??       8095    39.4     0.02
                     Web=       45       955      1055      1965      7390 
                              7670      7770      8050 
                    Slot=     2698      3243      5396      5481 
    1 E-8    Eave Strut      200Z18           ??-??       8040    39.2     0.02
                     Web=      335       435      6075      6985      7085 
                              7995 
                    Slot=     1755      2010      3515      4020      5275 
                              6030 
    1 E-9    Eave Strut      250Z18           ??-??       7885    50.1     0.01
                     Web=      150       250      7305      7405 
                    Slot=     1971      3942      5914 
    1 E-10   Eave Strut      250Z15           ??-??       7115    37.7     0.01
                     Web=      150       250      6865      6965 
                    Slot=     2371      4743 
    1 E-11   Eave Strut      250Z18           ??-??       7885    50.1     0.01
                     Web=      480       580      7635      7735 
                    Slot=     1971      3942      5914 

    3 G-1    EW Girt         200Z15           ??-??        541     6.6     0.06
                     Web=       45       145       496 
    2 G-2    EW Girt         200Z18           ??-??       8180    79.7     0.04
                     Web=       45       145       593      6515      6673 
                              6815      7145      7425      7525      7805 
                              8135 
                    Slot=     1711      3632      5554 
    1 G-3    EW Girt         200Z18           ??-??       8180    39.8     0.02
                     Web=       45       145      6515      6815      7145 
                              7425      7525      7805      8135 
                    Slot=     1711      3632      5554 
    3 G-4    EW Girt         200Z15           ??-??       5655    68.9     0.06
                     Web=       45        90       420       700       800 
                              1080      1410      1710      5510      5610 
                    Slot=     2455      4160 
    3 G-5    EW Girt         200Z18           ??-??       5610    82.0     0.06
                     Web=       45       375       655       755      1035 
                              1365      1665      5465      5565 
                    Slot=     2410      4115 
    1 G-6    EW Girt         200Z15           ??-??       6656    27.0     0.02
                     Web=       45       145      3945      4245      4575 
                              4855      4955      5235      5565      5865 
                              6611 
                    Slot=     1495      3200 
    4 G-7    EW Girt         200Z18           ??-??       5610   109.3     0.08
                     Web=       45       145      3945      4245      4575 
                              4855      4955      5235      5565 
                    Slot=     1495      3200 
    1 G-8    EW Girt         200Z15           ??-??       5610    22.8     0.02
                     Web=       45       145      3945      4245      4575 
                              4855      4955      5235      5565 
                    Slot=     1495      3200 
    2 G-9    EW Girt         200Z18           ??-??       8180    79.7     0.04
                     Web=       45       375       655       755      1035 
                              1365      1665      2508      6588      8035 
                              8135 
                    Slot=     2626      4547      6469 
    1 G-10   EW Girt         200Z18           ??-??       7775    37.9     0.02
                     Web=       45       145       425       755      1055 
                              7300      7400 
                    Slot=     2016      3937      5859 
    1 G-11   EW Girt         200Z15           ??-??       8180    33.2     0.02
                     Web=       45       375       655       755      1035 
                              1365      1665      8035      8135 
                    Slot=     2626      4547      6469 
    2 G-12   EW Girt         200Z18           ??-??       8180    79.7     0.04
                     Web=       45       375       655       755      1035 
                              1365      1665      8035      8135 
                    Slot=     2626      4547      6469 
    1 G-13   EW Girt         200Z15           ??-??       1540     6.3     0.02
                     Web=       45      1395      1495 
    2 G-14   SW Girt         200Z15           ??-??       9235    75.0     0.04
                     Web=       45       145       335       435       715 
                              1045      1345      7570      7870      8200 
                              8480      8580      8860      9190 
                    Slot=     2129      4262      6396 
    2 G-15   SW Girt         200Z25           ??-??       9235   125.0     0.04
                     Web=       45       145       335       435       715 
                              1045      1345      7570      7870      8200 
                              8480      8580      8860      9190 
                    Slot=     2129      4262      6396 
    1 G-16   SW Girt         200Z20           ??-??       9235    50.1     0.02
                     Web=       45       145       335       435       715 
                              1045      1345      7570      7870      8200 
                              8480      8580      8860      9190 
                    Slot=     2129      4262      6396 
    1 G-17   SW Girt         200Z15           ??-??      10181    41.3     0.02
                     Web=       45       375       655       755      1035 
                              1365      1665      7955      8255      8585 
                              8865      8965      9245      9575      9875 
                             10136 
                    Slot=     2757      4810      6862 
    3 G-18   SW Girt         200Z18           ??-??       9620   140.5     0.06
                     Web=       45       375       655       755      1035 
                              1365      1665      7955      8255      8585 
                              8865      8965      9245      9575 
                    Slot=     2757      4810      6862 
    3 G-19   SW Girt         200Z20           ??-??       9620   156.4     0.06
                     Web=       45       375       655       755      1035 
                              1365      1665      7955      8255      8585 
                              8865      8965      9245      9575 
                    Slot=     2757      4810      6862 
    3 G-20   SW Girt         200Z15           ??-??       9620   117.2     0.06
                     Web=       45       375       655       755      1035 
                              1365      1665      7955      8255      8585 
                              8865      8965      9245      9575 
                    Slot=     2757      4810      6862 
    1 G-21   SW Girt         200Z18           ??-??       8125    39.6     0.02
                     Web=       45       375       655       755      1035 
                              1365      1665      2023      6103      6460 
                              6760      7090      7370      7470      7750 
                              8080 
                    Slot=     2943      5181 
    1 G-22   SW Girt         200Z15           ??-??       6905    28.0     0.02
                     Web=       45       145       425       755      1055 
                              5850      6150      6480      6760      6860 
                    Slot=     2333      4571 
    5 G-23   SW Girt         200Z18           ??-??       8125   197.8     0.10
                     Web=       45       375       655       755      1035 
                              1365      1665      6460      6760      7090 
                              7370      7470      7750      8080 
                    Slot=     2943      5181 
    3 G-24   SW Girt         200Z15           ??-??       8125    99.0     0.06
                     Web=       45       375       655       755      1035 
                              1365      1665      6460      6760      7090 
                              7370      7470      7750      8080 
                    Slot=     2943      5181 
    1 G-25   SW Girt         200Z15           ??-??       8300    33.7     0.02
                     Web=       45       305       605       935      1215 
                              1315      1595      1925      2225      6955 
                              7255      7585      7865      7965      8155 
                              8255 
                    Slot=     3025      4785      6545 
    3 G-26   SW Girt         200Z18           ??-??       7740   113.1     0.06
                     Web=       45       375       655       755      1035 
                              1365      1665      6395      6695      7025 
                              7305      7405      7595      7695 
                    Slot=     2465      4225      5985 
    1 G-27   SW Girt         200Z15           ??-??       7740    31.4     0.02
                     Web=       45       375       655       755      1035 
                              1365      1665      6395      6695      7025 
                              7305      7405      7595      7695 
                    Slot=     2465      4225      5985 
    2 G-28   SW Girt         200Z15           ??-??       7740    62.8     0.04
                     Web=       45       145       335       435       715 
                              1045      1345      6075      6375      6705 
                              6985      7085      7365      7695 
                    Slot=     1755      3515      5275 
    3 G-29   SW Girt         200Z18           ??-??       7740   113.1     0.06
                     Web=       45       145       335       435       715 
                              1045      1345      6075      6375      6705 
                              6985      7085      7365      7695 
                    Slot=     1755      3515      5275 
    2 G-30   SW Girt         200Z15           ??-??       9235    75.0     0.04
                     Web=       45       375       655       755      1035 
                              1365      1665      7890      8190      8520 
                              8800      8900      9090      9190 
                    Slot=     2839      4972      7106 
    2 G-31   SW Girt         200Z25           ??-??       9235   125.0     0.04
                     Web=       45       375       655       755      1035 
                              1365      1665      7890      8190      8520 
                              8800      8900      9090      9190 
                    Slot=     2839      4972      7106 
    1 G-32   SW Girt         200Z20           ??-??       9235    50.1     0.02
                     Web=       45       375       655       755      1035 
                              1365      1665      7890      8190      8520 
                              8800      8900      9090      9190 
                    Slot=     2839      4972      7106 

    2 ST-1   Strut           T125x32                      8103   201.0     9.84
    2 ST-2   Strut           T92x36                       6607   135.4   104.32

-------------------------------------------------------------------------------
                                                     Total:     4857.2   116.32


===============================================================================
 C463-002            4.ROOF & WALL SHEETING:                18/DEC/2025  2:50pm

                                                                 Total    Total
 Quan Mark   Description           Part    Clr Pitch    Length  Weight     Cost
===============================================================================
   62 RS-1   Roof Sheet            45250 .5 A3           6580   1954.2     1.24
   23 RS-2   Ext Sheet             45250 .5 A3           1560    171.9     0.46

    2 ES-1   EW Sheet              45250 .5 A2           5300     50.8     0.04
    1 ES-2   EW Sheet              45250 .5 A2            840      4.0     0.02
    8 ES-3   EW Sheet              45250 .5 A2           1190     45.6     0.16
    1 ES-4   EW Sheet              45250 .5 A2            930      4.5     0.02
    1 ES-5   EW Sheet              45250 .5 A2           1030      4.9     0.02
    1 ES-6   EW Sheet              45250 .5 A2           1130      5.4     0.02
    1 ES-7   EW Sheet              45250 .5 A2           1230      5.9     0.02
    1 ES-8   EW Sheet              45250 .5 A2           1330      6.4     0.02
    1 ES-9   EW Sheet              45250 .5 A2           1430      6.8     0.02
    2 ES-10  EW Sheet              45250 .5 A2           6690     64.1     0.04
    2 ES-11  EW Sheet              45250 .5 A2           6590     63.1     0.04
    2 ES-12  EW Sheet              45250 .5 A2           6490     62.2     0.04
    2 ES-13  EW Sheet              45250 .5 A2           6390     61.2     0.04
    2 ES-14  EW Sheet              45250 .5 A2           6290     60.3     0.04
    2 ES-15  EW Sheet              45250 .5 A2           6200     59.4     0.04
    4 ES-16  EW Sheet              45250 .5 A2           2300     44.1     0.08
    1 ES-17  EW Sheet              45250 .5 A2           4430     21.2     0.02
    1 ES-18  EW Sheet              45250 .5 A2           4330     20.7     0.02
    1 ES-19  EW Sheet              45250 .5 A2           4230     20.3     0.02
    1 ES-20  EW Sheet              45250 .5 A2           4130     19.8     0.02
    1 ES-21  EW Sheet              45250 .5 A2           4030     19.3     0.02
    1 ES-22  EW Sheet              45250 .5 A2           3930     18.8     0.02
    1 ES-23  EW Sheet              45250 .5 A2           3840     18.4     0.02

   56 SS-1   SW Sheet              45250 .5 A2           6200   1663.1     1.12
    3 SS-2   SW Sheet              45250 .5 A2           2300     33.1     0.06
    6 SS-3   SW Sheet              45250 .5 A2           3840    110.4     0.12
    3 SS-4   SW Sheet              45250 .5 A2           1190     17.1     0.06


            Colors
            ------
              A2 - NEED WALL COLOR          
              A3 - NEED ROOF COLOR          

-------------------------------------------------------------------------------
                                                     Total:     4636.8     3.86


===============================================================================
 C463-002            5.CONNECTION PLATES:                   18/DEC/2025  2:50pm

                                                                 Total    Total
 Quan Mark   Description Part     Dwg  Ang Thick  Width Length  Weight     Cost
===============================================================================
   10 b1     Grt-Jmb Plt          SP2   90  5.00    144    203    11.5     0.24
               A=   22  B=  100  C=   22  D=  100 
               E=   30  F=  129 
    2 c1     Hdr-Jmb Plt          SP3   90  5.00    144    131     1.5     0.04
               A=   22  B=  100  C=   22  D=  100 
               E=   35  F=   52 
    4 c2     Hdr-Jmb Plt          SP3   90  5.00    144    126     2.9     0.06
               A=   22  B=  100  C=   22  D=  100 
               E=   35  F=   47 
    1 d1     Cor-Grt6 Pl          SP4   90  5.00    144    406     2.3     0.06
               A=   22  B=  100  C=   22  D=  100 
               E=   30  F=  232  G=  100 
    4 f1     Jmb-Bas Plt          SP6   90  5.00    144    155     3.5     0.08
               A=   22  B=  100  C=   22  D=  100 
               E=   50  F=   42 
    2 j1     Jmb-Grt Plt          SP10  90  5.00    144    211     2.4     0.06
               A=   22  B=  100  C=   22  D=  100 
               E=   32  F=  135 
    4 j2     Jmb-Grt Plt          SP10  90  5.00    144    206     4.7     0.10
               A=   22  B=  100  C=   22  D=  100 
               E=   32  F=  130 
   20 r1     Cor-Grt3 Pl          SP18   0  5.00    144    349    39.7     0.80
               A=   22  B=  100  C=   22  D=  100 
               E=  100  F=  105  G=  100 


            Colors
            ------
              RO - Red Oxide                

-------------------------------------------------------------------------------
                                                     Total:       68.5     1.44


===============================================================================
 C463-002            6.ANGLES:                              18/DEC/2025  2:50pm

                                                                 Total    Total
 Quan Mark   Description    Part    Clr Width Thick     Length  Weight     Cost
===============================================================================
    2 FB464  RF Flg Brc     L40X40X4 RO    40  4.00        464     2.2     0.04
    6 FB480  Ext Flg Br     L40X40X4 RO    40  4.00        480     7.0     0.12
   16 FB488  RF Flg Brc     L40X40X4 RO    40  4.00        488    18.9     0.32
    5 FB488  EW Flg Brc     L40X40X4 RO    40  4.00        488     5.9     0.10
   16 FB536  RF Flg Brc     L40X40X4 RO    40  4.00        536    20.8     0.32
   32 FB568  RF Flg Brc     L40X40X4 RO    40  4.00        568    44.0     0.64

   34 JB-1   Sag rod at bas SROD12                       1100     40.4     0.68
   24 JB-2   Sag rod at bas SROD12                       1300     33.7     0.48
   53 JB-3   Sag rod at bas SROD12                       1600     91.6     1.06
    2 JB-4   Sag rod at bas SROD12                        600      1.3     0.04
    3 JB-5   Sag rod at bas SROD12                       1070      3.5     0.06
    3 JB-6   Sag rod at bas SROD12                        630      2.0     0.06
   22 JB-7   Sag rod at gir SROD12                        720     17.1     0.44

   15 GA     GABLE ANGLE    L75X100  RO        2.00       3000   141.3     0.15
   16 SI-    12mm SAG ROD   SROD12   --       12.00       1217     9.5     0.32
   11 SP-1   12mm SAG ROD   SROD12   --       12.00        697     3.7     0.22
   66 SI-1   12mm SAG ROD   SROD12   --       12.00       1699    54.6     1.32
   22 SE-1   12mm SAG ROD   SROD12   --       12.00       1355    14.5     0.44

   16 CA-1   Crane Angle    L75X6                         1209   132.8     0.32
   16 CA-2   Crane Angle    L100X8                         453    88.0     0.16


            Colors
            ------
              RO - Red Oxide                

-------------------------------------------------------------------------------
                                                     Total:      732.8     7.29


===============================================================================
 C463-002            7.TRIM:                                18/DEC/2025  2:50pm

                                                                 Total    Total
 Quan Mark   Description    Part    Clr Pitch Thick     Length  Weight     Cost
===============================================================================
    2 BA     Base Angle     SGA-001  HA    10  2.00       3000    56.5     0.04
    2 BSA    Base/Seal An   P20204   HA    10  2.00         25    0.12     0.04
    2 DT     Drip Trim      P150X.63 HA    10  0.50         25    0.04     0.04

    6 ET-01  Eave Trim      ET-01    HA    10  0.40       5600    31.7     0.12
    6 CT-05  Roof To Wall   CT-05    A3        0.40       5600    31.7     0.12
   12 GT-01  Rake Trim      GT-01    HA        0.40       5600    63.4     0.24
    4 CTS-04 H Trim         CTS-04   HA        0.40       5600    28.1     0.08
    6 CTS-05 J Trim         CTS-05   HA        0.40       5600    42.2     0.12
   32 DS-100 Downspout      DS-100   --        0.40       5600   281.3     0.64
   64 GS-01  Downspout Stra GS-01    --        0.40        350    96.0     1.28
   12 EG-01  Eave Gutter    EG-01    --        0.40       5600   126.6     0.24
    1 GS-01  Eave Gutter St GS-01    --        0.40        600     1.0     0.02
    2 GC-01  Gutter Endcap  GC-01    --        0.40         25    1.00     0.04
    2 GC-02  Gutter Endcap  GC-02    --        0.40         25    1.00     0.04
   15 DT-01  Base Trim      DT-01    HA        0.40       5600    83.7     0.30
    8 CT-02  Outside Corner CT-02    HA        0.40       5600    42.2     0.16
   51 RC-01  Ridge Cap      RC-01    A3        0.40        700   255.0     1.02


            Colors
            ------
              A3 - NEED ROOF COLOR          
              HA - 9010 PURE WHITE          

-------------------------------------------------------------------------------
                                                     Total:     1141.5     4.54


===============================================================================
 C463-002            8.DIAGONAL BRACING & SEALANT:          18/DEC/2025  2:50pm

                                    Clr/     Thick/              Total    Total
 Quan Mark   Description  Part       Dia     FabLen     Length  Weight     Cost
===============================================================================
    4 CB-1   SW Rod       ROD20    20.00      11000      10750   106.0     0.04
    4 CB-2   SW Rod       ROD20    20.00       8470       8220    81.2     0.04
    4 CB-3   SW Rod       ROD20    20.00       9920       9670    95.2     0.04
    4 CB-4   SW Rod       ROD20    20.00       6990       6740    66.4     0.04
    4 CB-5   Roof Rod     ROD20    20.00      10260      10010    98.8     0.04
    4 CB-6   Roof Rod     ROD20    20.00       9090       8840    87.2     0.04

    8        Silicone Tub SILICON              4.00       7500     8.0     0.16
  167        Panel Clsr   FF-100              25.00       1020   167.0     3.34
   94        Panel Clsr   FF-200              25.00       1020    94.0     1.88

-------------------------------------------------------------------------------
                                                     Total:      803.8     5.62


===============================================================================
 C463-002            9.ACCESSORIES:                         18/DEC/2025  2:50pm

                                       Width/                    Total    Total
 Quan Mark   Description      Part      Color Thick     Length  Weight     Cost
===============================================================================
   48 ---    NUT 20           HN20         --                1     2.4     0.48
   48 ---    HILLSIDE WASHER2 HW20         --                1    17.0     0.48
   48 ---    FLAT WASHER20    Ø20WSHR     --                1     1.6     0.48

-------------------------------------------------------------------------------
                                                     Total:       21.0     1.44


===============================================================================
 C463-002            10.FASTENERS:                          18/DEC/2025  2:50pm

                                        Type/                    Total    Total
  Quan Mark   Description      Part     Color   Dia     Length  Weight     Cost
===============================================================================
     4        Bolts            M16X70   Gr8.8 16.00         70    0.23     0.04
   798        Bolts            M12X50   Gr8.8 12.00         50    42.0     7.98
    42        Bolts            M12X50   Gr8.8 12.00         50     2.4     0.42
   175        Bolts            H12X50   Gr8.8 12.00         50     8.6     1.75
   260        Bolts            H12X50   Gr8.8 12.00         50    13.7     2.60
   193        Bolts            H20X90   Gr8.8 20.00         90    65.0     3.86
     8        Bolts            H16X70   Gr8.8 16.00         70     1.2     0.16
   109        Bolts            H20X90   Gr8.8 20.00         90    25.5     2.18
     8        Anchor Bolt      AB20       A36 20.00        625    13.5     0.08
     8        A.B. Washers     W20            20.00               0.13     0.16
    80        Anchor Bolt      AB24       A36 24.00        730   245.6     0.80
    80        A.B. Washers     W24            24.00                2.1     1.60
    17        Bolts            H16X70   Gr8.8 16.00         70     2.2     0.34

  2700        No. 12-14x20 SDS 14x20SDS    A2               20    18.4    54.00
  1700        No. 12-14x55 SDS 14x55SDS    A3               55    11.6    34.00
   400        No. 10-12X20 SDS 12x20SDS    HA               20     2.7     8.00
   700        No. 10-12x20 SDS 12x20SDS    HA               20     4.8    14.00
   100        Pop Rivet        Rivet       HA               11    0.68     2.00
   300        No. 10-12X20 SDS 12x20SDS    --               20     2.0     6.00
  1400        No. 10-12X20 SDS 12x20SDS    A3               20     9.5    28.00
   200        Pop Rivet        Rivet       --               11     1.4     4.00
  1200        No. 10-12x20 SDS 12x20SDS    A2               20     8.2    24.00
   400        Pop Rivet        Rivet       A3               11     2.7     8.00


            Colors
            ------
              A2 - NEED WALL COLOR          
              A3 - NEED ROOF COLOR          
              HA - 9010 PURE WHITE          

-------------------------------------------------------------------------------
                                                     Total:      484.1   203.97


===============================================================================
 C463-002             Summary Reports                       18/DEC/2025  2:50pm
===============================================================================






                             WEIGHT & COST SUMMARY
         --------------------------------------------------------------
         Page    Description                     Total Wt    Total Cost
         --------------------------------------------------------------
           1     Rigid Frames & Endwall Frames    11082.2       1156.39
           2     Door Jambs & Headers               590.5          0.26
           3     Purlins, Girts & Eave Struts      4857.2        116.32
           4     Roof & Wall Sheeting              4636.8          3.86
           5     Connection Plates                   68.5          1.44
           6     Angles                             732.8          7.29
           7     Trim                              1141.5          4.54
           8     Diagonal Bracing & Sealant         803.8          5.62
           9     Accessories                         21.0          1.44
          10     Fasteners                          484.1        203.97
         --------------------------------------------------------------
                                     Totals:      24418.6       1501.13


                        SUPPLIER DISCOUNT SUMMARY
-------------------------------------------------------------------------------
                                Total   -------Cost------ --Discount-     Final
Supplier                       Weight   Material    Labor Matrl Labor      Cost
-------------------------------------------------------------------------------

ASPRINGS            
 C & Z Type Members            6086.2     215.98     0.76  0.00  0.00    216.74
 Wall & Roof Panels              0.00       0.00     0.00  0.00  0.00      0.00
 Rigid Frames                    0.00       0.00     0.00  0.00  0.00      0.00
 Bolts, Fasteners                0.00       0.00     0.00  0.00  0.00      0.00
 Sealant, Tape                   0.00       0.00     0.00  0.00  0.00      0.00
 Cables & Hardware               0.00       0.00     0.00  0.00  0.00      0.00
 Clips                           0.00       0.00     0.00  0.00  0.00      0.00
 Standard Trim                   0.00       0.00     0.00  0.00  0.00      0.00
 Special Trim                    0.00       0.00     0.00  0.00  0.00      0.00
 Light Gage E, CH, A             0.00       0.00     0.00  0.00  0.00      0.00
 Accessories                     0.00       0.00     0.00  0.00  0.00      0.00
 Walkdoors & Door Acc.           0.00       0.00     0.00  0.00  0.00      0.00
 Standing Seam Acc.              0.00       0.00     0.00  0.00  0.00      0.00
 Ridge Caps                      0.00       0.00     0.00  0.00  0.00      0.00
 Hot Rolled                      0.00       0.00     0.00  0.00  0.00      0.00
 Standing Seam Galv.             0.00       0.00     0.00  0.00  0.00      0.00
 Standing Seam Kynar             0.00       0.00     0.00  0.00  0.00      0.00
 Weather-lok Galv.               0.00       0.00     0.00  0.00  0.00      0.00
 Weather-lok Kynar               0.00       0.00     0.00  0.00  0.00      0.00
 Shadow Wall Galv.               0.00       0.00     0.00  0.00  0.00      0.00
 Shadow Wall Kynar               0.00       0.00     0.00  0.00  0.00      0.00
 Accent 11 Panel                 0.00       0.00     0.00  0.00  0.00      0.00
 Insulation                      0.00       0.00     0.00  0.00  0.00      0.00
 Special Panel Pricing           0.00       0.00     0.00  0.00  0.00      0.00
 Spl C & Z Type Members          0.00       0.00     0.00  0.00  0.00      0.00
 Spl Clips                       0.00       0.00     0.00  0.00  0.00      0.00
 Spl Whirlwind Trim              0.00       0.00     0.00  0.00  0.00      0.00
 Spl Light Gage E, CH, A         0.00       0.00     0.00  0.00  0.00      0.00
 Spl Hot Rolled                  0.00       0.00     0.00  0.00  0.00      0.00
 Spl Standing Seam Galv.         0.00       0.00     0.00  0.00  0.00      0.00
 Spl2 Clips                      0.00       0.00     0.00  0.00  0.00      0.00
 Spl2 Whirlwind Trim             0.00       0.00     0.00  0.00  0.00      0.00
 Spl2 Light Gage E, CH, A        0.00       0.00     0.00  0.00  0.00      0.00
 Spl2 Standing Seam Galv.        0.00       0.00     0.00  0.00  0.00      0.00

*Supplier Not Found 
 Additional Items             18332.3    1177.62   106.77  0.00  0.00   1284.39
-------------------------------------------------------------------------------
                              24418.6    1393.60   107.53               1501.13
