*===============================================================================
*C463-002            Component Detail Input                 18/DEC/2025  2:50pm
*===============================================================================
 
*( 1)JOBID:
    'C463-002'
 
*( 2)BUILDING LAYOUT:
*                          ----Left_Endwall----  ----Right_Endwall----
*  Type    Width   Length  Exp  Offset  Project   Exp  Offset  Project
  'FF-'  12800.0  30500.0 'Y '  390.00   230.00  'Y '  390.00   230.00
 
*( 3)WALL LAYOUT:
*                          -------Wall-------    Base    Wall
* No. Id  Use     Type Opt    Start    Length    Elev  Offset
   5  1  'LEFT  ' '-'  '-'      0.0   12800.0    0.00  230.00
      2  'FRONT ' '-'  '-'      0.0   30500.0    0.00  230.00
      3  'RIGHT ' '-'  '-'      0.0   12800.0    0.00  230.00
      4  'BACK  ' '-'  '-'      0.0   30500.0    0.00  230.00
      5  'ROOF  ' '-'  '-'      0.0   30500.0    0.00    0.00
 
*( 4)SURFACE SHAPE:
*                                -------Offset-------
*  No.    X_Coord   Y_Coord     Left   Right    Frame  Opt
    4         0.0    9100.0   230.00 230.00    230.00  '-'
           6400.0    9740.0   200.00 200.00    200.00  '-'
          12800.0    9100.0   200.00 200.00    200.00  '-'
          12800.0       0.0   230.00 230.00    230.00  '-'
 
*( 5)BAY SPACING:
*Wall  ----Offset---   No.   ---Bay_Set---
* Id    Left   Right  Sets     Width  Quan
   1  230.00  230.00    2     7685.0    1
                              5115.0    1
   2  390.00  390.00    4     8535.0    1
                              8210.0    1
                              6715.0    1
                              7040.0    1
   3  230.00  230.00    2     5115.0    1
                              7685.0    1
   4  390.00  390.00    4     7040.0    1
                              6715.0    1
                              8210.0    1
                              8535.0    1
   5  390.00  390.00    4     8535.0    1
                              8210.0    1
                              6715.0    1
                              7040.0    1
 
*( 6)WALL COLUMNS:
*Wall                                         ---Flange---          ---Clearance--
* Id  No.  Id   Part       Rot  Opt   Height  Width  Thick  Splice    Roof    Wall
  1    3    1  '--------'  'N'  '-'     0.00   0.00   0.00   '-'      0.00    0.00
            2  'W30a158 '  'N'  '-'  8976.20 150.00   8.00   '-'      0.00    0.00
            3  '--------'  'N'  '-'     0.00   0.00   0.00   '-'      0.00    0.00
  2    5    1  '--------'  'N'  '-'     0.00 150.00   6.00   'H'   1246.02  718.40
            2  '--------'  'N'  '-'     0.00 150.00   6.00   'H'   1246.02  718.40
            3  '--------'  'N'  '-'     0.00 150.00   6.00   'H'   1246.02  718.40
            4  '--------'  'N'  '-'     0.00 150.00   6.00   'H'   1246.02  718.40
            5  '--------'  'N'  '-'     0.00 150.00   6.00   'H'   1246.02  461.39
  3    3    1  '--------'  'N'  '-'     0.00   0.00   0.00   '-'      0.00    0.00
            2  'W30a158 '  'N'  '-'  8976.20 150.00   8.00   '-'      0.00    0.00
            3  '--------'  'N'  '-'     0.00   0.00   0.00   '-'      0.00    0.00
  4    5    1  '--------'  'N'  '-'     0.00 150.00   6.00   'H'   1246.02  461.39
            2  '--------'  'N'  '-'     0.00 150.00   6.00   'H'   1246.02  718.40
            3  '--------'  'N'  '-'     0.00 150.00   6.00   'H'   1246.02  718.40
            4  '--------'  'N'  '-'     0.00 150.00   6.00   'H'   1246.02  718.40
            5  '--------'  'N'  '-'     0.00 150.00   6.00   'H'   1246.02  718.40
 
*( 7)RAFTERS:
* Wall             Surf
*  Id   No.  Id     Id   Location Rotate Option  Part
    1    2    1      2        0.0  '-'    '-'   '--------'
              2      3        0.0  '-'    '-'   '--------'
    2    0
    3    2    1      2        0.0  '-'    '-'   '--------'
              2      3        0.0  '-'    '-'   '--------'
    4    0
 
*( 8)RIGID FRAMES:
*  No.    Line   ---Front_Sidewall_Flange--   ---Back_Sidewall_Flange---
* Lines    Id    Width  Thick  Splice Clear   Width  Thick  Splice Clear
    5       1   150.00   6.00    'H' 1246.0  150.00   6.00    'H' 1246.0
            2   150.00   6.00    'H' 1246.0  150.00   6.00    'H' 1246.0
            3   150.00   6.00    'H' 1246.0  150.00   6.00    'H' 1246.0
            4   150.00   6.00    'H' 1246.0  150.00   6.00    'H' 1246.0
            5   150.00   6.00    'H' 1246.0  150.00   6.00    'H' 1246.0
 
*( 9)EAVE STRUTS:
*Wall
* Id   Type   Part      Offset
   2   'ZB' '200Z25  '    0.00
   4   'ZB' '200Z18  '    0.00
 
*(10)PURLIN LOCATION:
*Surf         Peak
* Id  Type   Space  No.  Locate
   2  'ZB'   300.0    4  1334.9   2933.9   4532.9   6131.9
   3  'ZB'   300.0    4   300.0   1899.0   3498.0   5097.0
 
*(11)SPECIAL GIRTS:
* Wall   No.    ---Bay---
*  Id   Sets    Start End   Height Type Rotate  Part
    1     0
    2     1        3    3   5280.0 'ZB'   'D'  '200Z15  '
    3     1        2    2   5250.0 'ZB'   'Y'  '200Z18  '
    4     0
 
*(12)EXTENSION LAYOUT:
*        Wall                ---Bay---   -Edge_Extend-  End_Option  End_Support
* No. Id  Id  Type Opt Mount Start End    Left   Right  Left Right   Left Right
   3   1   1  'EC' '-'  'B'    1     1     0.0     0.0  '-'  '-'     '-'   '-'
       2   2  'EC' '-'  'B'    3     3     0.0     0.0  '-'  '-'     '-'   '-'
       3   3  'EC' '-'  'B'    2     2     0.0     0.0  '-'  '-'     '-'   '-'
 
*(13)EXTENSION SIZE:
*      ----Horizontal_Size---   ---------Vertical_Size--------  --Orient--  -------Support------ ---Concrete---
* Id     Elev   Width   Slope     Elev   Height   Slope Project Beam Panel  Offset   Elev Splice Extend    Elev
   1   8200.0  1500.0   10.00      0.0     0.0     0.00    0.00  '-'  '-'     0.00   0.00   '-'    0.00    0.00
   2   5200.0  1500.0   10.00      0.0     0.0     0.00    0.00  '-'  '-'     0.00   0.00   '-'    0.00    0.00
   3   5200.0  1500.0   10.00      0.0     0.0     0.00    0.00  '-'  '-'     0.00   0.00   '-'    0.00    0.00
 
*(14)EXTENSION BEAMS:
*    Ext Line                                              ----------Web---------   ------Flange-------               Connect_Id  Weld
*No.  Id  Id   Use       Orn   Part     Type Shape Rot Opt  Depth1  Depth2  Thick   Width  Thick  Thick Bracket Stiff Start  End   Id
   8   1   1  'ATTACH  ' 'H'  '--------' '-'  'H'  '-' '-'  195.60  345.60   4.00  125.00   5.00   5.00   'N'    'N'    1     0     0
       1   1  'ATT_SUPP' 'H'  'W35a208 ' 'W'  'H'  '-' '-'  350.00  350.00   4.00  200.00   8.00   8.00   'N'    'N'    2     3     0
       1   2  'ATTACH  ' 'H'  '--------' '-'  'H'  '-' '-'  195.60  345.60   4.00  125.00   5.00   5.00   'Y'    'N'    4     0     0
       2   3  'ATTACH  ' 'H'  '--------' '-'  'H'  '-' '-'  195.60  345.60   4.00  125.00   5.00   5.00   'Y'    'N'    5     0     0
       2   4  'ATTACH  ' 'H'  '--------' '-'  'H'  '-' '-'  195.60  345.60   4.00  125.00   5.00   5.00   'Y'    'N'    6     0     0
       3   2  'ATTACH  ' 'H'  '--------' '-'  'H'  '-' '-'  195.60  345.60   4.00  125.00   5.00   5.00   'Y'    'N'    7     0     0
       3   3  'ATTACH  ' 'H'  '--------' '-'  'H'  '-' '-'  195.60  345.60   4.00  125.00   5.00   5.00   'N'    'N'    8     0     0
       3   3  'ATT_SUPP' 'H'  'W35a208 ' 'W'  'H'  '-' '-'  350.00  350.00   4.00  200.00   8.00   8.00   'N'    'N'    9    10     0
 
*(15)EXTENSION PURLINS:
*                                     Peak     Set   ------Lap-----              Flg_Brace
*No.  Id   Use       Type  Rot Row   Space   Space     Ext      Int    Part      Side Type
   6   1  'ROOF    ' 'ZB'  'U'   1    300.0     0.0     0.0      0.0  '250Z18  '   1   'A'
       1  'EAVE    ' 'ZB'  'U'   1      0.0     0.0     0.0      0.0  '250Z18  '   0   'A'
       2  'ROOF    ' 'ZB'  'U'   1    300.0     0.0     0.0      0.0  '250Z15  '   1   'A'
       2  'EAVE    ' 'ZB'  'U'   1      0.0     0.0     0.0      0.0  '250Z15  '   0   'A'
       3  'ROOF    ' 'ZB'  'U'   1    300.0     0.0     0.0      0.0  '250Z18  '   1   'A'
       3  'EAVE    ' 'ZB'  'U'   1      0.0     0.0     0.0      0.0  '250Z18  '   0   'A'
 
*(16)EXTENSION PANELS & GUTTER:
*Ext  Stand  --Gutter--
* Id   Seam  Use  Width Soffit
   1   'N'   'N'   0.00  '-'
   2   'N'   'N'   0.00  '-'
   3   'N'   'N'   0.00  '-'
 
*(17)EXTENSION BRACING:
*    Ext  Bay
*No.  Id   Id  Orn Pattern  Type   Part
   0
 
*(18)EXTENSION DETAIL PROPERTIES:
*    Ext    Purlin_Deduct   Eave_Deduct   ----Beam_Offset----
*No.  Id     Left   Right   Left  Right    Hip   Stub  Column
  0
 
*(19)EAVE STRUT BOLTS:
*          Strut  Wall Frame
* No.  Id  Type    Id   Id    Locate   Opt    Type     Dia     Len Quan Washer
  10    1   'E'     2    1   12800.0     0   'Gr8.8' 12.00   50.00   2     0
        2   'E'     2    2   12800.0     0   'Gr8.8' 12.00   50.00   4     0
        3   'E'     2    3   12800.0     0   'Gr8.8' 12.00   50.00   4     0
        4   'E'     2    4   12800.0     0   'Gr8.8' 12.00   50.00   4     0
        5   'E'     2    5   12800.0     0   'Gr8.8' 12.00   50.00   2     0
        6   'E'     4    5       0.0     0   'Gr8.8' 12.00   50.00   2     0
        7   'E'     4    4       0.0     0   'Gr8.8' 12.00   50.00   4     0
        8   'E'     4    3       0.0     0   'Gr8.8' 12.00   50.00   4     0
        9   'E'     4    2       0.0     0   'Gr8.8' 12.00   50.00   4     0
       10   'E'     4    1       0.0     0   'Gr8.8' 12.00   50.00   2     0
 
 
*(20)ROOF STRUTS:
*             Surf/ Bay
*No. Id Type  Wall   Id   Locate  Opt   Part       Rot
  0
 
*(21)CONNECTIONS:
*                   -----Plate_Size----  -------------------Bolts-------------------  Bolt  Weld
* No. Id  Type Opt  Width Length  Thick  Type      Dia Row1 Row2 Space1 Space2  Gage   Ref   Id
  10   1  'SS' '-' 200.00   0.00  16.00 'Gr8.8'  20.00   2    2  100.00 100.00 100.0     0    9
       2  'SS' '-' 200.00   0.00  16.00 'Gr8.8'  20.00   2    2  100.00 100.00 100.0     0   10
       3  'S3' '-' 200.00   0.00  10.00 'Gr8.8'  16.00   2    2  100.00  75.00 75.00     0   11
       4  'SS' '-' 200.00   0.00  16.00 'Gr8.8'  20.00   2    2  100.00 100.00 100.0     0   12
       5  'SS' '-' 200.00   0.00  16.00 'Gr8.8'  20.00   2    2  100.00 100.00 100.0     0   13
       6  'SS' '-' 200.00   0.00  16.00 'Gr8.8'  20.00   2    2  100.00 100.00 100.0     0   14
       7  'SS' '-' 200.00   0.00  16.00 'Gr8.8'  20.00   2    2  100.00 100.00 100.0     0   15
       8  'SS' '-' 200.00   0.00  16.00 'Gr8.8'  20.00   2    2  100.00 100.00 100.0     0   16
       9  'SS' '-' 200.00   0.00  16.00 'Gr8.8'  20.00   2    2  100.00 100.00 100.0     0   17
      10  'S3' '-' 200.00   0.00  10.00 'Gr8.8'  16.00   2    2  100.00  75.00 75.00     0   18
 
*(22)BEAM HOLES:
*     Ext  Line                                                              ----Hole---
*No.   Id    Id  Beam  Use  Locate  Orn    Dia   Length   Gage  Ref  Offset  No.  Locate
   0
 
*(23)WELDS:
*    Table      ---OS_Flange---  ---IS_Flange---  ------Web------
*No.  Id   Opt   Size Type Note   Size Type Note   Size Type Note
  18   1   '-'   4.00 'F1'  '-'   4.00 'F1'  '-'   4.00 'F1'  '-'
       2   '-'   4.00 'F1'  '-'   4.00 'F1'  '-'   4.00 'F1'  '-'
       3   '-'   4.00 'F1'  '-'   4.00 'F1'  '-'   4.00 'F1'  '-'
       4   '-'   4.00 'F1'  '-'   4.00 'F1'  '-'   4.00 'F1'  '-'
       5   '-'   4.00 'F1'  '-'   4.00 'F1'  '-'   4.00 'F1'  '-'
       6   '-'   4.00 'F1'  '-'   4.00 'F1'  '-'   4.00 'F1'  '-'
       7   '-'   4.00 'F1'  '-'   4.00 'F1'  '-'   4.00 'F1'  '-'
       8   '-'   4.00 'F1'  '-'   4.00 'F1'  '-'   4.00 'F1'  '-'
       9   '-'   4.00 'F2'  '-'   4.00 'F2'  '-'   4.00 'F1'  '-'
      10   '-'   4.00 'F2'  '-'   4.00 'F2'  '-'   4.00 'F1'  '-'
      11   '-'   4.00 'F1'  '-'   4.00 'F1'  '-'   4.00 'F1'  '-'
      12   '-'   4.00 'F2'  '-'   4.00 'F2'  '-'   4.00 'F1'  '-'
      13   '-'   4.00 'F2'  '-'   4.00 'F2'  '-'   4.00 'F1'  '-'
      14   '-'   4.00 'F2'  '-'   4.00 'F2'  '-'   4.00 'F1'  '-'
      15   '-'   4.00 'F2'  '-'   4.00 'F2'  '-'   4.00 'F1'  '-'
      16   '-'   4.00 'F2'  '-'   4.00 'F2'  '-'   4.00 'F1'  '-'
      17   '-'   4.00 'F2'  '-'   4.00 'F2'  '-'   4.00 'F1'  '-'
      18   '-'   4.00 'F1'  '-'   4.00 'F1'  '-'   4.00 'F1'  '-'
 
*(24)RIGID FRAME LOCATIONS:
*                              Line
*   No.     Id    Type    Quan  Id
     5       1    'RF-'    1     1
             2    'RF-'    1     2
             3    'RF-'    1     3
             4    'RF-'    1     4
             5    'RF-'    1     5
 
*(25)RIGID FRAME COORDINATES:
*Frame
* Id   No. X_Coord    Y_Coord     Thick
   1   16    236.0        0.0      6.00
             236.0     8549.5      6.00
             236.0     8549.5      5.00
             236.0     8917.6      5.00
             236.0     8917.6      5.00
             401.6     8934.1      5.00
             401.6     8934.1      5.00
            6400.0     9534.0      5.00
            6400.0     9534.0      5.00
           12398.4     8934.1      5.00
           12398.4     8934.1      5.00
           12564.0     8917.6      5.00
           12564.0     8917.6      5.00
           12564.0     8549.5      5.00
           12564.0     8549.5      6.00
           12564.0        0.0      6.00
   2   16    236.0        0.0      6.00
             236.0     8548.5      6.00
             236.0     8548.5      6.00
             236.0     8916.6      6.00
             236.0     8916.6      6.00
             401.6     8933.1      6.00
             401.6     8933.1      6.00
            6400.0     9533.0      6.00
            6400.0     9533.0      6.00
           12398.4     8933.1      6.00
           12398.4     8933.1      6.00
           12564.0     8916.6      6.00
           12564.0     8916.6      6.00
           12564.0     8548.5      6.00
           12564.0     8548.5      6.00
           12564.0        0.0      6.00
   3   16    236.0        0.0      6.00
             236.0     8549.5      6.00
             236.0     8549.5      5.00
             236.0     8917.6      5.00
             236.0     8917.6      5.00
             401.6     8934.1      5.00
             401.6     8934.1      5.00
            6400.0     9534.0      5.00
            6400.0     9534.0      5.00
           12398.4     8934.1      5.00
           12398.4     8934.1      5.00
           12564.0     8917.6      5.00
           12564.0     8917.6      5.00
           12564.0     8549.5      5.00
           12564.0     8549.5      6.00
           12564.0        0.0      6.00
   4   16    236.0        0.0      6.00
             236.0     8549.5      6.00
             236.0     8549.5      5.00
             236.0     8917.6      5.00
             236.0     8917.6      5.00
             401.6     8934.1      5.00
             401.6     8934.1      5.00
            6400.0     9534.0      5.00
            6400.0     9534.0      5.00
           12398.4     8934.1      5.00
           12398.4     8934.1      5.00
           12564.0     8917.6      5.00
           12564.0     8917.6      5.00
           12564.0     8549.5      5.00
           12564.0     8549.5      6.00
           12564.0        0.0      6.00
   5   16    236.0        0.0      6.00
             236.0     8549.5      6.00
             236.0     8549.5      5.00
             236.0     8917.6      5.00
             236.0     8917.6      5.00
             401.6     8934.1      5.00
             401.6     8934.1      5.00
            6400.0     9534.0      5.00
            6400.0     9534.0      5.00
           12398.4     8934.1      5.00
           12398.4     8934.1      5.00
           12564.0     8917.6      5.00
           12564.0     8917.6      5.00
           12564.0     8549.5      5.00
           12564.0     8549.5      6.00
           12564.0        0.0      6.00

================================================================================
 C463-002                Eave/Canopy(Rafter EB-1)           18/DEC/2025  2:50pm
================================================================================
  Quan:  1                         Mark: EB-1  
-------------------------------------------------------------------------------

 PLATES:
 -------
 Quan Mark   Part     Description   Width   Thick    Length   UnitWt  TotalWt
 ---- ----   -------- -----------   -----   -----  --------   ------  -------
   1  WB1             Web             385    4.00      1874    17.45    17.45
   1  OF1             OS Flange       125    5.00      1883     9.25     9.25
   1  IF1             IS Flange       125    5.00      1874     9.20     9.20
   1  EP1             End Plate       200   16.00       586    14.74    14.74
   1  SS1             EP Stiffen      120    5.00       109     0.51     0.51
   1  SS2             EP Stiffen      120    5.00       120     0.57     0.57
   1  GB11            Purl Clip       150    5.00       225     1.33     1.33
   1  GB1             Purl Clip       150    5.00       225     1.33     1.33
   1  BC1             Brace Clip       75    5.00        75     0.22     0.22
                                                                      -------
                                                                        54.59

 MEMBER CUTS:
 ------------
   Plate  Cut   -------Left-------  -------Right------
   Mark   Type      Cut       Le       Cut       Re
   -----  ----  --------- --------  --------- --------
    WB1    DU                 38 B       198      20 T

 HOLE LOCATIONS:
 ---------------
  Plate                        Slot/          Bolt
  Mark     Dia  Offset   Gage  Gage2   Angle   Ref Locate
  ----   -----  ------  -----  -----  ------  ---- -----------------------------------
  EP1       22       0    100      0     0.0    23        45       145       441 

                                                         541 
  GB11      14       0    100      0     0.0    11        25       175 
  GB1       14       0    100      0     0.0    10        25       175 
  BC1       14      50      0      0     0.0    12        25 

 PLATE LOCATIONS:
 ----------------
  Plate
  Type  Attach  Offset   Angle  Side  Locate
  ----- ------  ------  ------  ----  ------------------------------------
  EP1              97     0.00    -                 
  PC11     O        0     0.00    -        1768     
  GB1      O        0     0.00    -         650     
  BC1      W        0     0.00    B         650     

 WELDS:
 ------
                  Weld   Weld  Weld    Weld
   Plate  Plate2  Type   Size  Note  Length
   -----  ------  ----  -----  ----  ------
    OF1    WB      F1    4.00    -   1883.8
    IF1    WB1     F1    4.00    -   1874.5
    EP1    WB1     F1    4.00    -    345.6
    EP1    OF1     F2    4.00    -    125.0
    EP1    IF1     F2    4.00    -    125.0
    SS1    OF1     F1    4.00    -    120.6
    SS1    EP1     F1    4.00    -     96.6
    SS2    IF1     F1    4.00    -    120.6
    SS2    EP1     F1    4.00    -    120.0
    FC11   OF      F1    4.00    -      0.0
    FC1    OF      F1    4.00    -      0.0
    BC1    WB      F1    4.00    -     75.0
    BC1    IF      F1    4.00    -      0.0

 FINISH DIMENSIONS:
 ------------------
   Max     Overall     =     1921 
   Outside Flange Total=     1883 
   Inside  Flange Total=     1874 
   Outside Overall     =     1900 
   Inside  Overall     =     1890 
   Left    Overall     =      396 
   Right   Overall     =      207 
   Left  Extension     =      -39 
   Right Extension     =       21 

 CLIP DETAILING:
 ---------------
   Mark   Typ Thick Ang     A      B      C      D      E      F      G      H
   ------ --- ----- --- ------ ------ ------ ------ ------ ------ ------ ------
   EP1     z  16.00   0   0.00   0.00   0.00   0.00   0.00   0.00   0.00   0.00
   SS1     y   5.00   0   0.00   0.00  75.00   0.00   0.00   0.00   0.00   0.00
   SS2     y   5.00   0   0.00   0.00  75.00   0.00   0.00   0.00   0.00   0.00
   PC11    y   5.00   0  25.00 100.00  25.00 150.00  50.00   0.00   0.00   0.00
   PC1     y   5.00   0  25.00 100.00  25.00 150.00  50.00   0.00   0.00   0.00
   BC1     x   5.00   0  50.00   0.00  25.00  50.00   0.00   0.00   0.00   0.00

================================================================================
 C463-002                Eave/Canopy(Support EB-2)          18/DEC/2025  2:50pm
================================================================================
  Quan:  1                         Mark: EB-2              Part:W35a208 
-------------------------------------------------------------------------------

 PLATES:
 -------
 Quan Mark   Part     Description   Width   Thick    Length   UnitWt  TotalWt
 ---- ----   -------- -----------   -----   -----  --------   ------  -------
   1  WB1             Web             350    4.00      8114    90.88    90.88
   1  OF1             OS Flange       200    8.00      8114   101.99   101.99
   1  IF1             IS Flange       200    8.00      8114   101.99   101.99
   1  EP1             End Plate       200   16.00       556    13.98    13.98
   1  SS1             EP Stiffen      120    5.00        95     0.45     0.45
   1  SS2             EP Stiffen      120    5.00        95     0.45     0.45
   1  EP2             End Plate       200   10.00       416     6.54     6.54
                                                                      -------
                                                                       316.27

 MEMBER CUTS:
 ------------
   Plate  Cut   -------Left-------  -------Right------
   Mark   Type      Cut       Le       Cut       Re
   -----  ----  --------- --------  --------- --------
    WB1    PP        350                              

 HOLE LOCATIONS:
 ---------------
  Plate                        Slot/          Bolt
  Mark     Dia  Offset   Gage  Gage2   Angle   Ref Locate
  ----   -----  ------  -----  -----  ------  ---- -----------------------------------
  EP1       22       0    100      0     0.0    23        45       145       441 

                                                         541 
  EP2       18       0     75      0     0.0    17       158       258 

 PLATE LOCATIONS:
 ----------------
  Plate
  Type  Attach  Offset   Angle  Side  Locate
  ----- ------  ------  ------  ----  ------------------------------------
  EP1              95     0.00    -                 
  EP2              25     0.00    -                 

 WELDS:
 ------
                  Weld   Weld  Weld    Weld
   Plate  Plate2  Type   Size  Note  Length
   -----  ------  ----  -----  ----  ------
    OF1    WB      F1    4.00    -   8114.0
    IF1    WB1     F1    4.00    -   8114.0
    EP1    WB1     F1    4.00    -    350.0
    EP1    OF1     F2    4.00    -    200.0
    EP1    IF1     F2    4.00    -    200.0
    EP2    WB      F1    4.00    -    350.0
    EP2    OF      F2    4.00    -    200.0
    EP2    IF      F2    4.00    -    200.0
    SS1    OF      F1    4.00    -    120.0
    SS1    EP1     F1    4.00    -     95.0
    SS2    IF1     F1    4.00    -    120.0
    SS2    EP1     F1    4.00    -     95.0

 FINISH DIMENSIONS:
 ------------------
   Max     Overall     =     8140 
   Outside Flange Total=     8114 
   Inside  Flange Total=     8114 
   Outside Overall     =     8140 
   Inside  Overall     =     8140 
   Left    Overall     =      366 
   Right   Overall     =      366 
   Left  Extension     =          
   Right Extension     =          

 CLIP DETAILING:
 ---------------
   Mark   Typ Thick Ang     A      B      C      D      E      F      G      H
   ------ --- ----- --- ------ ------ ------ ------ ------ ------ ------ ------
   EP1     z  16.00   0   0.00   0.00   0.00   0.00   0.00   0.00   0.00   0.00
   SS1     y   5.00   0   0.00   0.00  75.00   0.00   0.00   0.00   0.00   0.00
   SS2     y   5.00   0   0.00   0.00  75.00   0.00   0.00   0.00   0.00   0.00
   EP2     z  10.00   0  62.50  75.00 158.02 100.00 158.02  18.00   0.00   0.00

================================================================================
 C463-002                Eave/Canopy(Rafter EB-3)           18/DEC/2025  2:50pm
================================================================================
  Quan:  2                         Mark: EB-3  
-------------------------------------------------------------------------------

 PLATES:
 -------
 Quan Mark   Part     Description   Width   Thick    Length   UnitWt  TotalWt
 ---- ----   -------- -----------   -----   -----  --------   ------  -------
   2  WB1             Web             346    4.00      1484    12.89    25.78
   2  OF1             OS Flange       125    5.00      1491     7.32    14.65
   2  IF1             IS Flange       125    5.00      1484     7.29    14.58
   2  EP1             End Plate       200   16.00       547    13.76    27.51
   2  SS1             EP Stiffen      120    5.00       109     0.51     1.02
   2  SS2             EP Stiffen      120    5.00       120     0.57     1.13
   2  GB11            Purl Clip       150    5.00       225     1.33     2.65
   2  GB1             Purl Clip       150    5.00       225     1.33     2.65
   2  BC1             Brace Clip       75    5.00        75     0.22     0.44
                                                                      -------
                                                                        90.42

 MEMBER CUTS:
 ------------
   Plate  Cut   -------Left-------  -------Right------
   Mark   Type      Cut       Le       Cut       Re
   -----  ----  --------- --------  --------- --------
    WB1    DU                 35 B       198      20 T

 HOLE LOCATIONS:
 ---------------
  Plate                        Slot/          Bolt
  Mark     Dia  Offset   Gage  Gage2   Angle   Ref Locate
  ----   -----  ------  -----  -----  ------  ---- -----------------------------------
  EP1       22       0    100      0     0.0    23        45       145       402 

                                                         502 
  GB11      14       0    100      0     0.0    11        25       175 
  GB1       14       0    100      0     0.0    10        25       175 
  BC1       14      50      0      0     0.0    12        25 

 PLATE LOCATIONS:
 ----------------
  Plate
  Type  Attach  Offset   Angle  Side  Locate
  ----- ------  ------  ------  ----  ------------------------------------
  EP1              97     0.00    -                 
  PC11     O        0     0.00    -        1376     
  GB1      O        0     0.00    -         258     
  BC1      W        0     0.00    F         258     

 WELDS:
 ------
                  Weld   Weld  Weld    Weld
   Plate  Plate2  Type   Size  Note  Length
   -----  ------  ----  -----  ----  ------
    OF1    WB      F1    4.00    -   1491.9
    IF1    WB1     F1    4.00    -   1484.5
    EP1    WB1     F1    4.00    -    345.6
    EP1    OF1     F2    4.00    -    125.0
    EP1    IF1     F2    4.00    -    125.0
    SS1    OF1     F1    4.00    -    120.6
    SS1    EP1     F1    4.00    -     96.6
    SS2    IF1     F1    4.00    -    120.6
    SS2    EP1     F1    4.00    -    120.0
    FC11   OF      F1    4.00    -      0.0
    FC1    OF      F1    4.00    -      0.0
    BC1    WB      F1    4.00    -     75.0
    BC1    IF      F1    4.00    -      0.0

 FINISH DIMENSIONS:
 ------------------
   Max     Overall     =     1529 
   Outside Flange Total=     1491 
   Inside  Flange Total=     1484 
   Outside Overall     =     1508 
   Inside  Overall     =     1500 
   Left    Overall     =      357 
   Right   Overall     =      207 
   Left  Extension     =      -36 
   Right Extension     =       21 

 CLIP DETAILING:
 ---------------
   Mark   Typ Thick Ang     A      B      C      D      E      F      G      H
   ------ --- ----- --- ------ ------ ------ ------ ------ ------ ------ ------
   EP1     z  16.00   0   0.00   0.00   0.00   0.00   0.00   0.00   0.00   0.00
   SS1     y   5.00   0   0.00   0.00  75.00   0.00   0.00   0.00   0.00   0.00
   SS2     y   5.00   0   0.00   0.00  75.00   0.00   0.00   0.00   0.00   0.00
   PC11    y   5.00   0  25.00 100.00  25.00 150.00  50.00   0.00   0.00   0.00
   PC1     y   5.00   0  25.00 100.00  25.00 150.00  50.00   0.00   0.00   0.00
   BC1     x   5.00   0  50.00   0.00  25.00  50.00   0.00   0.00   0.00   0.00

================================================================================
 C463-002                Eave/Canopy(Rafter EB-4)           18/DEC/2025  2:50pm
================================================================================
  Quan:  2                         Mark: EB-4  
-------------------------------------------------------------------------------

 PLATES:
 -------
 Quan Mark   Part     Description   Width   Thick    Length   UnitWt  TotalWt
 ---- ----   -------- -----------   -----   -----  --------   ------  -------
   2  WB1             Web             346    4.00      1484    12.89    25.78
   2  OF1             OS Flange       125    5.00      1491     7.32    14.65
   2  IF1             IS Flange       125    5.00      1484     7.29    14.58
   2  EP1             End Plate       200   16.00       547    13.76    27.51
   2  SS1             EP Stiffen      120    5.00       109     0.51     1.02
   2  SS2             EP Stiffen      120    5.00       120     0.57     1.13
   2  GB11            Purl Clip       150    5.00       225     1.33     2.65
   2  GB1             Purl Clip       150    5.00       225     1.33     2.65
   2  BC1             Brace Clip       75    5.00        75     0.22     0.44
                                                                      -------
                                                                        90.42

 MEMBER CUTS:
 ------------
   Plate  Cut   -------Left-------  -------Right------
   Mark   Type      Cut       Le       Cut       Re
   -----  ----  --------- --------  --------- --------
    WB1    DU                 35 B       198      20 T

 HOLE LOCATIONS:
 ---------------
  Plate                        Slot/          Bolt
  Mark     Dia  Offset   Gage  Gage2   Angle   Ref Locate
  ----   -----  ------  -----  -----  ------  ---- -----------------------------------
  EP1       22       0    100      0     0.0    23        45       145       402 

                                                         502 
  GB11      14       0    100      0     0.0    11        25       175 
  GB1       14       0    100      0     0.0    10        25       175 
  BC1       14      50      0      0     0.0    12        25 

 PLATE LOCATIONS:
 ----------------
  Plate
  Type  Attach  Offset   Angle  Side  Locate
  ----- ------  ------  ------  ----  ------------------------------------
  EP1              97     0.00    -                 
  PC11     O        0     0.00    -        1376     
  GB1      O        0     0.00    -         258     
  BC1      W        0     0.00    B         258     

 WELDS:
 ------
                  Weld   Weld  Weld    Weld
   Plate  Plate2  Type   Size  Note  Length
   -----  ------  ----  -----  ----  ------
    OF1    WB      F1    4.00    -   1491.9
    IF1    WB1     F1    4.00    -   1484.5
    EP1    WB1     F1    4.00    -    345.6
    EP1    OF1     F2    4.00    -    125.0
    EP1    IF1     F2    4.00    -    125.0
    SS1    OF1     F1    4.00    -    120.6
    SS1    EP1     F1    4.00    -     96.6
    SS2    IF1     F1    4.00    -    120.6
    SS2    EP1     F1    4.00    -    120.0
    FC11   OF      F1    4.00    -      0.0
    FC1    OF      F1    4.00    -      0.0
    BC1    WB      F1    4.00    -     75.0
    BC1    IF      F1    4.00    -      0.0

 FINISH DIMENSIONS:
 ------------------
   Max     Overall     =     1529 
   Outside Flange Total=     1491 
   Inside  Flange Total=     1484 
   Outside Overall     =     1508 
   Inside  Overall     =     1500 
   Left    Overall     =      357 
   Right   Overall     =      207 
   Left  Extension     =      -36 
   Right Extension     =       21 

 CLIP DETAILING:
 ---------------
   Mark   Typ Thick Ang     A      B      C      D      E      F      G      H
   ------ --- ----- --- ------ ------ ------ ------ ------ ------ ------ ------
   EP1     z  16.00   0   0.00   0.00   0.00   0.00   0.00   0.00   0.00   0.00
   SS1     y   5.00   0   0.00   0.00  75.00   0.00   0.00   0.00   0.00   0.00
   SS2     y   5.00   0   0.00   0.00  75.00   0.00   0.00   0.00   0.00   0.00
   PC11    y   5.00   0  25.00 100.00  25.00 150.00  50.00   0.00   0.00   0.00
   PC1     y   5.00   0  25.00 100.00  25.00 150.00  50.00   0.00   0.00   0.00
   BC1     x   5.00   0  50.00   0.00  25.00  50.00   0.00   0.00   0.00   0.00

================================================================================
 C463-002                Eave/Canopy(Rafter EB-5)           18/DEC/2025  2:50pm
================================================================================
  Quan:  1                         Mark: EB-5  
-------------------------------------------------------------------------------

 PLATES:
 -------
 Quan Mark   Part     Description   Width   Thick    Length   UnitWt  TotalWt
 ---- ----   -------- -----------   -----   -----  --------   ------  -------
   1  WB1             Web             385    4.00      1874    17.45    17.45
   1  OF1             OS Flange       125    5.00      1883     9.25     9.25
   1  IF1             IS Flange       125    5.00      1874     9.20     9.20
   1  EP1             End Plate       200   16.00       586    14.74    14.74
   1  SS1             EP Stiffen      120    5.00       109     0.51     0.51
   1  SS2             EP Stiffen      120    5.00       120     0.57     0.57
   1  GB11            Purl Clip       150    5.00       225     1.33     1.33
   1  GB1             Purl Clip       150    5.00       225     1.33     1.33
   1  BC1             Brace Clip       75    5.00        75     0.22     0.22
                                                                      -------
                                                                        54.59

 MEMBER CUTS:
 ------------
   Plate  Cut   -------Left-------  -------Right------
   Mark   Type      Cut       Le       Cut       Re
   -----  ----  --------- --------  --------- --------
    WB1    DU                 38 B       198      20 T

 HOLE LOCATIONS:
 ---------------
  Plate                        Slot/          Bolt
  Mark     Dia  Offset   Gage  Gage2   Angle   Ref Locate
  ----   -----  ------  -----  -----  ------  ---- -----------------------------------
  EP1       22       0    100      0     0.0    23        45       145       441 

                                                         541 
  GB11      14       0    100      0     0.0    11        25       175 
  GB1       14       0    100      0     0.0    10        25       175 
  BC1       14      50      0      0     0.0    12        25 

 PLATE LOCATIONS:
 ----------------
  Plate
  Type  Attach  Offset   Angle  Side  Locate
  ----- ------  ------  ------  ----  ------------------------------------
  EP1              97     0.00    -                 
  PC11     O        0     0.00    -        1768     
  GB1      O        0     0.00    -         650     
  BC1      W        0     0.00    F         650     

 WELDS:
 ------
                  Weld   Weld  Weld    Weld
   Plate  Plate2  Type   Size  Note  Length
   -----  ------  ----  -----  ----  ------
    OF1    WB      F1    4.00    -   1883.8
    IF1    WB1     F1    4.00    -   1874.5
    EP1    WB1     F1    4.00    -    345.6
    EP1    OF1     F2    4.00    -    125.0
    EP1    IF1     F2    4.00    -    125.0
    SS1    OF1     F1    4.00    -    120.6
    SS1    EP1     F1    4.00    -     96.6
    SS2    IF1     F1    4.00    -    120.6
    SS2    EP1     F1    4.00    -    120.0
    FC11   OF      F1    4.00    -      0.0
    FC1    OF      F1    4.00    -      0.0
    BC1    WB      F1    4.00    -     75.0
    BC1    IF      F1    4.00    -      0.0

 FINISH DIMENSIONS:
 ------------------
   Max     Overall     =     1921 
   Outside Flange Total=     1883 
   Inside  Flange Total=     1874 
   Outside Overall     =     1900 
   Inside  Overall     =     1890 
   Left    Overall     =      396 
   Right   Overall     =      207 
   Left  Extension     =      -39 
   Right Extension     =       21 

 CLIP DETAILING:
 ---------------
   Mark   Typ Thick Ang     A      B      C      D      E      F      G      H
   ------ --- ----- --- ------ ------ ------ ------ ------ ------ ------ ------
   EP1     z  16.00   0   0.00   0.00   0.00   0.00   0.00   0.00   0.00   0.00
   SS1     y   5.00   0   0.00   0.00  75.00   0.00   0.00   0.00   0.00   0.00
   SS2     y   5.00   0   0.00   0.00  75.00   0.00   0.00   0.00   0.00   0.00
   PC11    y   5.00   0  25.00 100.00  25.00 150.00  50.00   0.00   0.00   0.00
   PC1     y   5.00   0  25.00 100.00  25.00 150.00  50.00   0.00   0.00   0.00
   BC1     x   5.00   0  50.00   0.00  25.00  50.00   0.00   0.00   0.00   0.00

================================================================================
 C463-002                Eave/Canopy(Support EB-6)          18/DEC/2025  2:50pm
================================================================================
  Quan:  1                         Mark: EB-6              Part:W35a208 
-------------------------------------------------------------------------------

 PLATES:
 -------
 Quan Mark   Part     Description   Width   Thick    Length   UnitWt  TotalWt
 ---- ----   -------- -----------   -----   -----  --------   ------  -------
   1  WB1             Web             350    4.00      6619    74.13    74.13
   1  OF1             OS Flange       200    8.00      6619    83.20    83.20
   1  IF1             IS Flange       200    8.00      6619    83.20    83.20
   1  EP1             End Plate       200   16.00       556    13.98    13.98
   1  SS1             EP Stiffen      120    5.00        95     0.45     0.45
   1  SS2             EP Stiffen      120    5.00        95     0.45     0.45
   1  EP2             End Plate       200   10.00       416     6.54     6.54
                                                                      -------
                                                                       261.94

 MEMBER CUTS:
 ------------
   Plate  Cut   -------Left-------  -------Right------
   Mark   Type      Cut       Le       Cut       Re
   -----  ----  --------- --------  --------- --------
    WB1    PP        350                              

 HOLE LOCATIONS:
 ---------------
  Plate                        Slot/          Bolt
  Mark     Dia  Offset   Gage  Gage2   Angle   Ref Locate
  ----   -----  ------  -----  -----  ------  ---- -----------------------------------
  EP1       22       0    100      0     0.0    23        45       145       441 

                                                         541 
  EP2       18       0     75      0     0.0    17       158       258 

 PLATE LOCATIONS:
 ----------------
  Plate
  Type  Attach  Offset   Angle  Side  Locate
  ----- ------  ------  ------  ----  ------------------------------------
  EP1              95     0.00    -                 
  EP2              25     0.00    -                 

 WELDS:
 ------
                  Weld   Weld  Weld    Weld
   Plate  Plate2  Type   Size  Note  Length
   -----  ------  ----  -----  ----  ------
    OF1    WB      F1    4.00    -   6619.0
    IF1    WB1     F1    4.00    -   6619.0
    EP1    WB1     F1    4.00    -    350.0
    EP1    OF1     F2    4.00    -    200.0
    EP1    IF1     F2    4.00    -    200.0
    EP2    WB      F1    4.00    -    350.0
    EP2    OF      F2    4.00    -    200.0
    EP2    IF      F2    4.00    -    200.0
    SS1    OF      F1    4.00    -    120.0
    SS1    EP1     F1    4.00    -     95.0
    SS2    IF1     F1    4.00    -    120.0
    SS2    EP1     F1    4.00    -     95.0

 FINISH DIMENSIONS:
 ------------------
   Max     Overall     =     6645 
   Outside Flange Total=     6619 
   Inside  Flange Total=     6619 
   Outside Overall     =     6645 
   Inside  Overall     =     6645 
   Left    Overall     =      366 
   Right   Overall     =      366 
   Left  Extension     =          
   Right Extension     =          

 CLIP DETAILING:
 ---------------
   Mark   Typ Thick Ang     A      B      C      D      E      F      G      H
   ------ --- ----- --- ------ ------ ------ ------ ------ ------ ------ ------
   EP1     z  16.00   0   0.00   0.00   0.00   0.00   0.00   0.00   0.00   0.00
   SS1     y   5.00   0   0.00   0.00  75.00   0.00   0.00   0.00   0.00   0.00
   SS2     y   5.00   0   0.00   0.00  75.00   0.00   0.00   0.00   0.00   0.00
   EP2     z  10.00   0  62.50  75.00 158.02 100.00 158.02  18.00   0.00   0.00

================================================================================
 C463-002            Connection Bolt Summary                18/DEC/2025  2:50pm
================================================================================

  BOLTS:
  ------
     Mark   Locate  Qty  Type     Dia  Length  Part      DtBolt
     ------ ------  ---  -----  -----  ------  --------  ------
     EB-1   Start     8  Gr8.8  20.00   90.00  H20X90      23
     EB-2   Start     8  Gr8.8  20.00   90.00  H20X90      23
     EB-2   End       4  Gr8.8  16.00   70.00  --------     0
     EB-3   Start    16  Gr8.8  20.00   90.00  H20X90      23
     EB-4   Start    16  Gr8.8  20.00   90.00  H20X90      23
     EB-5   Start     8  Gr8.8  20.00   90.00  H20X90      23
     EB-6   Start     8  Gr8.8  20.00   90.00  H20X90      23
     EB-6   End       4  Gr8.8  16.00   70.00  --------     0

================================================================================
 C463-002            Weld Lengths                           18/DEC/2025  2:50pm
================================================================================


        Piece    Size    Web-Flange    ------Hand_Weld(mm)-----
  Qty   Mark     (mm)    Fillet(mm)     Fillet   Groove    Butt
  ---   -----   -----    ----------    -------  -------  ------
    1   EB-1     4.00        3758         1378        0       0
 
    1   EB-2     4.00       16228         2300        0       0
 
    2   EB-3     4.00        5953         2757        0       0
 
    2   EB-4     4.00        5953         2757        0       0
 
    1   EB-5     4.00        3758         1378        0       0
 
    1   EB-6     4.00       13238         2300        0       0

================================================================================
 C463-002            Flange Braces                          18/DEC/2025  2:50pm
================================================================================

 EXTENSION FLANGE BRACES:
 ------------------------
 Ext  Beam     Web    Brace                    Brace_At
 Id  Id Side  Depth    Dist  Length     Part   Purlin_Id
 --- -- ----  -----   -----  ------  --------  ---------
  1   1   R  331.48  330.00  480.00  L40X40X4    1
  1   2   L  331.48  330.00  480.00  L40X40X4    1
  2   3   R  331.48  330.00  480.00  L40X40X4    1
  2   4   L  331.48  330.00  480.00  L40X40X4    1
  3   2   R  331.48  330.00  480.00  L40X40X4    1
  3   3   L  331.48  330.00  480.00  L40X40X4    1

================================================================================
 C463-002            Bracing Attachments                    18/DEC/2025  2:50pm
================================================================================

    .. No Beam Slots

================================================================================
 C463-002            Cost Summary                           18/DEC/2025  2:50pm
================================================================================

        Piece                  End    Clip  Stiff         Surf   Set  Unit  Total
  Quan  Id     Flange    Web  Plate  Plate  Plate  Weld  Treat    Up  Cost   Cost
  ----  -----  ------    ---  -----  -----  -----  ----  -----  ----  ----  -----
    1   EB-1    
        Matrl:     14     13     11      2      1     0     0           40     40
        Labor:      0      0      0      0      0     0     0      0     0      0
               ------    ---  -----  -----  -----  ----  -----  ----  ----  -----
                   14     13     11      2      1     0     0      0    40     40 
    1   EB-2    
        Matrl:      0    218     15      0      1     0     0          234    234
        Labor:      0      0      0      0      0     0     0      0     0      0
               ------    ---  -----  -----  -----  ----  -----  ----  ----  -----
                    0    218     15      0      1     0     0      0   234    234 
    2   EB-3    
        Matrl:     11     10     10      2      1     0     0           33     67
        Labor:      0      0      0      0      0     0     0      0     0      0
               ------    ---  -----  -----  -----  ----  -----  ----  ----  -----
                   11     10     10      2      1     0     0      0    33     67 
    2   EB-4    
        Matrl:     11     10     10      2      1     0     0           33     67
        Labor:      0      0      0      0      0     0     0      0     0      0
               ------    ---  -----  -----  -----  ----  -----  ----  ----  -----
                   11     10     10      2      1     0     0      0    33     67 
    1   EB-5    
        Matrl:     14     13     11      2      1     0     0           40     40
        Labor:      0      0      0      0      0     0     0      0     0      0
               ------    ---  -----  -----  -----  ----  -----  ----  ----  -----
                   14     13     11      2      1     0     0      0    40     40 
    1   EB-6    
        Matrl:      0    178     15      0      1     0     0          194    194
        Labor:      0      0      0      0      0     0     0      0     0      0
               ------    ---  -----  -----  -----  ----  -----  ----  ----  -----
                    0    178     15      0      1     0     0      0   194    194 
 

 PLATE COST:
 -----------
  Piece  -------------Plate-------------        Material    Labor   Surface
  Mark   Mark  Part      Length   Weight  Qty       Cost     Cost  Treatment  File     Record    Adjust
  -----  ----  --------  ------   ------  ---   --------  -------  ---------  -------  --------  --------
  EB-1   WB1             1874.5    17.45    1      12.91     0.00      0.00   EW_COST  FRAME     @$W/L(F)
  EB-1   OF1             1883.3     9.25    1       6.84     0.00      0.00   EW_COST  FRAME     @$W/L(F)
  EB-1   IF1             1874.5     9.20    1       6.81     0.00      0.00   EW_COST  FRAME     @$W/L(F)
  EB-1   EP1              586.2    14.74    1      10.91     0.00      0.00   EW_COST  FRAME     @$W/L(F)
  EB-1   SS1              108.6     0.51    1       0.38     0.00      0.00   EW_COST  FRAME     @$W/L(F)
  EB-1   SS2              120.0     0.57    1       0.42     0.00      0.00   EW_COST  FRAME     @$W/L(F)
  EB-1   GB11             225.0     1.33    1       0.98     0.00      0.00   EW_COST  FRAME     @$W/L(F)
  EB-1   GB1              225.0     1.33    1       0.98     0.00      0.00   EW_COST  FRAME     @$W/L(F)
  EB-1   BC1               75.0     0.22    1       0.16     0.00      0.00   EW_COST  FRAME     @$W/L(F)
  EB-2   WB1             8114.0   294.86    1     218.20     0.00      0.00   EW_COST  FRAME     @$W/L(W)
  EB-2   EP1              556.0    13.98    1      10.34     0.00      0.00   EW_COST  FRAME     @$W/L(W)
  EB-2   SS1               95.0     0.45    1       0.33     0.00      0.00   EW_COST  FRAME     @$W/L(W)
  EB-2   SS2               95.0     0.45    1       0.33     0.00      0.00   EW_COST  FRAME     @$W/L(W)
  EB-2   EP2              416.0     6.54    1       4.84     0.00      0.00   EW_COST  FRAME     @$W/L(W)
  EB-3   WB1             1484.5    12.89    1       9.54     0.00      0.00   EW_COST  FRAME     @$W/L(F)
  EB-3   OF1             1491.4     7.32    1       5.42     0.00      0.00   EW_COST  FRAME     @$W/L(F)
  EB-3   IF1             1484.5     7.29    1       5.39     0.00      0.00   EW_COST  FRAME     @$W/L(F)
  EB-3   EP1              547.2    13.76    1      10.18     0.00      0.00   EW_COST  FRAME     @$W/L(F)
  EB-3   SS1              108.6     0.51    1       0.38     0.00      0.00   EW_COST  FRAME     @$W/L(F)
  EB-3   SS2              120.0     0.57    1       0.42     0.00      0.00   EW_COST  FRAME     @$W/L(F)
  EB-3   GB11             225.0     1.33    1       0.98     0.00      0.00   EW_COST  FRAME     @$W/L(F)
  EB-3   GB1              225.0     1.33    1       0.98     0.00      0.00   EW_COST  FRAME     @$W/L(F)
  EB-3   BC1               75.0     0.22    1       0.16     0.00      0.00   EW_COST  FRAME     @$W/L(F)
  EB-4   WB1             1484.5    12.89    1       9.54     0.00      0.00   EW_COST  FRAME     @$W/L(F)
  EB-4   OF1             1491.4     7.32    1       5.42     0.00      0.00   EW_COST  FRAME     @$W/L(F)
  EB-4   IF1             1484.5     7.29    1       5.39     0.00      0.00   EW_COST  FRAME     @$W/L(F)
  EB-4   EP1              547.2    13.76    1      10.18     0.00      0.00   EW_COST  FRAME     @$W/L(F)
  EB-4   SS1              108.6     0.51    1       0.38     0.00      0.00   EW_COST  FRAME     @$W/L(F)
  EB-4   SS2              120.0     0.57    1       0.42     0.00      0.00   EW_COST  FRAME     @$W/L(F)
  EB-4   GB11             225.0     1.33    1       0.98     0.00      0.00   EW_COST  FRAME     @$W/L(F)
  EB-4   GB1              225.0     1.33    1       0.98     0.00      0.00   EW_COST  FRAME     @$W/L(F)
  EB-4   BC1               75.0     0.22    1       0.16     0.00      0.00   EW_COST  FRAME     @$W/L(F)
  EB-5   WB1             1874.5    17.45    1      12.91     0.00      0.00   EW_COST  FRAME     @$W/L(F)
  EB-5   OF1             1883.3     9.25    1       6.84     0.00      0.00   EW_COST  FRAME     @$W/L(F)
  EB-5   IF1             1874.5     9.20    1       6.81     0.00      0.00   EW_COST  FRAME     @$W/L(F)
  EB-5   EP1              586.2    14.74    1      10.91     0.00      0.00   EW_COST  FRAME     @$W/L(F)
  EB-5   SS1              108.6     0.51    1       0.38     0.00      0.00   EW_COST  FRAME     @$W/L(F)
  EB-5   SS2              120.0     0.57    1       0.42     0.00      0.00   EW_COST  FRAME     @$W/L(F)
  EB-5   GB11             225.0     1.33    1       0.98     0.00      0.00   EW_COST  FRAME     @$W/L(F)
  EB-5   GB1              225.0     1.33    1       0.98     0.00      0.00   EW_COST  FRAME     @$W/L(F)
  EB-5   BC1               75.0     0.22    1       0.16     0.00      0.00   EW_COST  FRAME     @$W/L(F)
  EB-6   WB1             6619.0   240.53    1     177.99     0.00      0.00   EW_COST  FRAME     @$W/L(W)
  EB-6   EP1              556.0    13.98    1      10.34     0.00      0.00   EW_COST  FRAME     @$W/L(W)
  EB-6   SS1               95.0     0.45    1       0.33     0.00      0.00   EW_COST  FRAME     @$W/L(W)
  EB-6   SS2               95.0     0.45    1       0.33     0.00      0.00   EW_COST  FRAME     @$W/L(W)
  EB-6   EP2              416.0     6.54    1       4.84     0.00      0.00   EW_COST  FRAME     @$W/L(W)

================================================================================
 C463-002            Warning Summary                        18/DEC/2025  2:50pm
================================================================================


                   .. No Warnings
