*===============================================================================
*C463-002            Component Design Input                 17/DEC/2025  4:06pm
*===============================================================================
 
*( 1)JOBID:
    'C463-002'
 
*( 2)DESIGN CODE:
*        ---Steel_Code---             ---Build---            Seismic
* Code   Cold       Hot      Country  Code   Year   Label     Zone
  'WS'  'NAUS07  ' 'AISC05'  '    '  'MBMA'  '10'  'MBMA 10 ' 'C  '
 
*( 3)DESIGN CONSTANTS:
* -----------------------Steel_Yield-----------------------  Stress  Strength_Factor
* Web   Flg C_Sec W_Sec R_Sec P_Sec T_Sec U_Sec    EP    BP   Ratio    Wind  Seismic
  345   345   345   345   235   345   317   235   345   345    1.00  1.0000   1.0000
 
*( 4)DEFLECTION LIMITS:
* ---Eave_Extension--   ------Canopy-------   ----Horiz_Beam----- Vert_Facia
* Live   Wind   Total   Live   Wind   Total   Live   Wind   Total    Beam
  180.0  180.0  120.0   180.0  180.0  120.0   180.0  180.0  120.0   120.0
 
*( 5)REPORTS:
* Input  Ext   End  Flange
* Echo   Beam Plate Brace
  'I'    'Y'   'Y'   'Y'
 
*( 6)BUILDING LAYOUT:
*                          -------Left_Endwall------   ------Right_Endwall------
*  Type    Width   Length  Exp  Opt  Offset  Project   Exp  Opt  Offset  Project
  'FF-'    12800    30500  'Y ' '-'   390.0    230.0   'Y ' '-'   390.0    230.0
 
*( 7)WALL LAYOUT:
*                          -------Wall-------    Base    Wall
* No. Id  Use     Type Opt    Start    Length    Elev  Offset
   5  1  'LEFT  ' '-'  '-'      0.0   12800.0    0.00    0.00
      2  'FRONT ' '-'  '-'      0.0   30500.0    0.00    0.00
      3  'RIGHT ' '-'  '-'      0.0   12800.0    0.00    0.00
      4  'BACK  ' '-'  '-'      0.0   30500.0    0.00    0.00
      5  'ROOF  ' '-'  '-'      0.0   30500.0    0.00    0.00
 
*( 8)SURFACE SHAPE:
* No.   X_Coord  Y_Coord  Offset  Opt
   4        0.0   9100.0  230.00  '-'
         6400.0   9740.0  200.00  '-'
        12800.0   9100.0  200.00  '-'
        12800.0      0.0  230.00  '-'
 
*( 9)BAY SPACING:
*Wall  ----Offset---   No.   ---Bay_Set---
* Id    Left   Right  Sets     Width  Quan
   1  230.00  230.00    2     7685.0    1
                              5115.0    1
   2  390.00  390.00    4     8535.0    1
                              8210.0    1
                              6715.0    1
                              7040.0    1
   3  230.00  230.00    2     5115.0    1
                              7685.0    1
   4  390.00  390.00    4     7040.0    1
                              6715.0    1
                              8210.0    1
                              8535.0    1
   5  390.00  390.00    4     8535.0    1
                              8210.0    1
                              6715.0    1
                              7040.0    1
 
*(10)WALL COLUMNS:
*Wall                                         ---Flange---          ---Clearance--    Bolt Frame
* Id  No.  Id   Part       Rot  Opt   Height  Width  Thick  Splice    Roof    Wall  Offset   Id
  1    3    1  '--------'  'N'  '-'      0.0   0.00   0.00   '-'      0.00    0.00    0.00    0
            2  'W30a158 '  'N'  '-'   9081.6 150.00   8.00   '-'      0.00    0.00    0.00    0
            3  '--------'  'N'  '-'      0.0   0.00   0.00   '-'      0.00    0.00    0.00    0
  2    5    1  '--------'  'N'  '-'      0.0 150.00   6.00   'H'   1246.02  718.40    0.00    1
            2  '--------'  'N'  '-'      0.0 150.00   6.00   'H'   1246.02  718.40    0.00    2
            3  '--------'  'N'  '-'      0.0 150.00   6.00   'H'   1246.02  718.40    0.00    3
            4  '--------'  'N'  '-'      0.0 150.00   6.00   'H'   1246.02  718.40    0.00    4
            5  '--------'  'N'  '-'      0.0 150.00   6.00   'H'   1246.02  461.39    0.00    5
  3    3    1  '--------'  'N'  '-'      0.0   0.00   0.00   '-'      0.00    0.00    0.00    0
            2  'W30a158 '  'N'  '-'   9081.6 150.00   8.00   '-'      0.00    0.00    0.00    0
            3  '--------'  'N'  '-'      0.0   0.00   0.00   '-'      0.00    0.00    0.00    0
  4    5    1  '--------'  'N'  '-'      0.0 150.00   6.00   'H'   1246.02  461.39    0.00    5
            2  '--------'  'N'  '-'      0.0 150.00   6.00   'H'   1246.02  718.40    0.00    4
            3  '--------'  'N'  '-'      0.0 150.00   6.00   'H'   1246.02  718.40    0.00    3
            4  '--------'  'N'  '-'      0.0 150.00   6.00   'H'   1246.02  718.40    0.00    2
            5  '--------'  'N'  '-'      0.0 150.00   6.00   'H'   1246.02  718.40    0.00    1
 
*(11)WALL RAFTERS:
* Wall             Surf
*  Id   No.  Id     Id   Part      Rotate  Option
    1    2    1      2  '--------'   '-'     '-'
              2      3  '--------'   '-'     '-'
    2    0
    3    2    1      2  '--------'   '-'     '-'
              2      3  '--------'   '-'     '-'
    4    0
 
*(12)PURLIN LOCATION:
*Surf         Peak
* Id  Type   Space  No.  Locate
   2  'ZB'   300.0    4  1334.9   2933.9   4532.9   6131.9
   3  'ZB'   300.0    4   300.0   1899.0   3498.0   5097.0
 
*(13)EAVE STRUTS:
*Wall        Bays_With_Bending
* Id   Type  No.  Bay_Id
   2   'ZB'   4   1   2   3   4
   4   'ZB'   4   1   2   3   4
 
*(14)SPECIAL GIRT:
* Wall   No.    ---Bay---
*  Id   Sets    Start End   Height Type
    1     1        1    1   8280.0 'ZB'
    2     1        3    3   5180.0 'ZB'
    3     1        2    2   5250.0 'ZB'
    4     0
 
*(15)EXTENSION LAYOUT:
*        Wall                ---Bay---   -Edge_Extend-  End_Option  End_Support Frame
* No. Id  Id  Type Opt Mount Start End    Left   Right  Left Right   Left Right  Opt
   3   1   1  'EC' '-'  'B'    1     1     0.0     0.0  '-'  '-'     '-'   '-'   '-'
       2   2  'EC' '-'  'B'    3     3     0.0     0.0  '-'  '-'     '-'   '-'   '-'
       3   3  'EC' '-'  'B'    2     2     0.0     0.0  '-'  '-'     '-'   '-'   '-'
 
*(16)EXTENSION SIZE:
*      ----Horizontal_Size---   ---------Vertical_Size--------- --Orient--  ---Support_Column--- ---Concrete---
* Id     Elev   Width   Slope     Elev   Height   Slope Project Beam Panel  Offset   Elev Splice Extend    Elev
   1   8200.0  1500.0   10.00      0.0     0.0     0.00    0.00  '-'  '-'     0.00   0.00   '-'    0.00    0.00
   2   5200.0  1500.0   10.00      0.0     0.0     0.00    0.00  '-'  '-'     0.00   0.00   '-'    0.00    0.00
   3   5200.0  1500.0   10.00      0.0     0.0     0.00    0.00  '-'  '-'     0.00   0.00   '-'    0.00    0.00
 
*(17)EXTENSION BEAMS:
*     Ext Line                                                   Load  ------Depth------ Splice_Type
*No.   Id  Id   Use       Orn   Part       Type Shape Rot Opt    Width Set   Min    Max  Start   End Bracket
   8    1   1  'ATTACH  ' 'H'  '--------'  'S'   'H'  '-' '-'   3842.5 'N' 200.00   0.00  'SS'  '--'   'N'
        1   1  'ATT_SUPP' 'H'  'W35a208'  'W'   'H'  '-' '-'   3842.5 'N' 200.00   0.00  'SS'  'S3'   'N'
        1   2  'ATTACH  ' 'H'  '--------'  'S'   'H'  '-' '-'   3842.5 'N' 200.00   0.00  'SS'  '--'   'Y'
        2   3  'ATTACH  ' 'H'  '--------'  'S'   'H'  '-' '-'   3357.5 'N' 200.00   0.00  'SS'  '--'   'Y'
        2   4  'ATTACH  ' 'H'  '--------'  'S'   'H'  '-' '-'   3357.5 'N' 200.00   0.00  'SS'  '--'   'Y'
        3   2  'ATTACH  ' 'H'  '--------'  'S'   'H'  '-' '-'   3842.5 'N' 200.00   0.00  'SS'  '--'   'Y'
        3   3  'ATTACH  ' 'H'  '--------'  'S'   'H'  '-' '-'   3842.5 'N' 200.00   0.00  'SS'  '--'   'N'
        3   3  'ATT_SUPP' 'H'  'W35a208'  'W'   'H'  '-' '-'   3842.5 'N' 200.00   0.00  'SS'  'S3'   'N'
 
*(18)EXTENSION PURLINS:
*    Ext
*No.  Id  Use        Type  Rot  Row     Peak   Space   Part       Brace
  3    1 'ROOF    '  'ZB'  'U'    1    300.0     0.0  '250Z18  '   'Y'
       2 'ROOF    '  'ZB'  'U'    1    300.0     0.0  '250Z15  '   'Y'
       3 'ROOF    '  'ZB'  'U'    1    300.0     0.0  '250Z18  '   'Y'
 
*(19)EXTENSION EAVE STRUTS:
* Ext
* Id  Type  Rot  Opt  Part
   1  'ZB'  'U'  '-' '250Z18  '
   2  'ZB'  'U'  '-' '250Z15  '
   3  'ZB'  'U'  '-' '250Z18  '
 
*(20)LOAD GROUPS:
*    Group
*No.   Id   Description
   1  '-'  'Standard            '
 
*(21)BASIC LOADS:
*                                                   Deflection
*Group Ext                                   Basic  Load_Ratio
*  Id   Id  Dead  Coll   Live   Snow   Rain   Wind  Snow  Wind
  '-'    1 0.100 0.050  0.570  0.000  0.000  0.986  1.00  1.00
  '-'    2 0.100 0.050  0.570  0.000  0.000  0.986  1.00  1.00
  '-'    3 0.100 0.050  0.570  0.000  0.000  0.986  1.00  1.00
 
*(22)BASIC WIND LOADS:
*              -----Wind_Press-----    ------Wind_Suct-----
*Group Ext     Horz    Vert  Soffit    Horz    Vert  Soffit
*  Id   Id     Beam    Beam    Beam    Beam    Beam    Beam
  '-'    1   -1.647   0.000   0.000   0.479   0.000   0.000
  '-'    2   -1.647   0.000   0.000   0.479   0.000   0.000
  '-'    3   -1.647   0.000   0.000   0.479   0.000   0.000
 
*(23)EAVE STRUT BASIC LOADS:
*Group Wall                                   -----Wind----
*  Id   Id  Dead  Coll   Live   Snow   Rain   Press    Suct
  '-'    2 0.100 0.050  0.570  0.000  0.000  -1.647   0.479
  '-'    4 0.100 0.050  0.570  0.000  0.000  -1.647   0.479
 
*(24)LOAD COMBINATIONS - STRENGTH:
*    Load Group                                          Wind  Wind
*No.   Id   Id Dead  Coll  Live  Snow Drift Slide  Rain Press  Suct
  18    1  '-' 1.00  1.00  1.00  0.00  0.00  0.00  0.00  0.00  0.00
        2  '-' 1.00  1.00  0.00  1.00  0.00  0.00  0.00  0.00  0.00
        3  '-' 1.00  1.00  0.00  1.00  1.00  0.00  0.00  0.00  0.00
        4  '-' 1.00  1.00  0.00  1.00  0.00  1.00  0.00  0.00  0.00
        5  '-' 1.00  1.00  0.00  0.00  0.00  0.00  1.00  0.00  0.00
        6  '-' 1.00  1.00  0.00  0.00  0.00  0.00  0.00  0.00  0.00
        7  '-' 1.00  1.00  0.75  0.00  0.00  0.00  0.00  0.75  0.00
        8  '-' 1.00  1.00  0.75  0.00  0.00  0.00  0.00  0.00  0.75
        9  '-' 1.00  1.00  0.00  0.75  0.00  0.00  0.00  0.75  0.00
       10  '-' 1.00  1.00  0.00  0.75  0.00  0.00  0.00  0.00  0.75
       11  '-' 1.00  1.00  0.00  0.75  0.75  0.00  0.00  0.75  0.00
       12  '-' 1.00  1.00  0.00  0.75  0.75  0.00  0.00  0.00  0.75
       13  '-' 1.00  1.00  0.00  0.75  0.00  0.75  0.00  0.75  0.00
       14  '-' 1.00  1.00  0.00  0.75  0.00  0.75  0.00  0.00  0.75
       15  '-' 1.00  1.00  0.00  0.00  0.00  0.00  0.75  0.75  0.00
       16  '-' 1.00  1.00  0.00  0.00  0.00  0.00  0.75  0.00  0.75
       17  '-' 0.60  0.00  0.00  0.00  0.00  0.00  0.00  1.00  0.00
       18  '-' 0.60  0.00  0.00  0.00  0.00  0.00  0.00  0.00  1.00
 
*(25)LOAD COMBINATIONS - DEFLECTION:
*    Load Group                                          Wind  Wind
*No.   Id   Id Dead  Coll  Live  Snow Drift Slide  Rain Press  Suct
   0
 
*(26)ADDITIONAL LOADS:
*    Add  Group Ext  Basic    Load       Fx       Fy        Dx       Dy  .. Conc
*No.  Id    Id   Id  Load     Type       W1       W2        D1       D2  .. Dist
  0
 
*(27)DESIGN CODE OPTIONS:
*No.   Event                         Condition
  0
 
*(28)DESIGN PLATES:
*    Ext                    End  --Plate_Size--  -------Bolt------
*No.  Id  Line   Use        Loc   Width   Thick     Dia   Gage Row
  0
 
* Code files used:
*   MBMA.10N
*   COMPMBMA.10N Version 4.0
================================================================================
 C463-002            Extension Design Code                  18/DEC/2025  2:50pm
================================================================================

    STRUCTURAL CODE:
    ----------------
      Design Basis      : WS - Working Stress
      Hot  Rolled Steel : AISC05
      Cold Formed Steel : NAUS07

    BUILDING CODE:
    --------------
      Wind Code         : MBMA 10 
      Seismic Zone      : C 

    MODULUS OF ELASTICITY:
    ----------------------
      Hot  Rolled Steel : 199955 (MN/m2)
      Cold Rolled Steel : 203403 (MN/m2)


================================================================================
 C463-002            Canopy  1                              18/DEC/2025  2:50pm
================================================================================


 EXTENSION LAYOUT:
 -----------------
          Wall  --Bay_Id-  ---Horizontal_Size---   ----Vertical_Size---        
  Id Type  Id   Start End  Height   Width  Slope    Elev  Height  Slope        
  -- ---- ----  ----- ---  ------  ------  -----   -----  ------  -----        
   1  EC    1     1    1   8200.0  1500.0  10.00     0.0     0.0   0.00        

 BEAM SIZE:
 ----------
          Line                      -Web_Depth-   Web Flange Flange_Thick         ----Max_Load----
  Id       Id  Use     Orn Part     Start   End Thick  Width   Top Bottom  Weight  Id   UC Report
  ------- ---- ------  --- -------- ----- ----- ----- ------ ----- ------  ------ --- ---- -------
  Beam1     1  ATTACH   H  BuiltUp  345.6 195.6  4.00  125.0  5.00   5.00    27.6  17 0.11 Moment 
  Beam2     1  ATT_SUPP H  W35a208  350.0 350.0  4.00  200.0  8.00   8.00   294.0  17 0.16 Mom+Axl
  Beam3     2  ATTACH   H  BuiltUp  345.6 195.6  4.00  125.0  5.00   5.00    27.6  17 0.11 Moment 

 DESIGN PROPERTIES:
 ------------------
                                  ---Top_Flange---  --Bottom_Flange-
             Load   Major  Minor  Minor  Mom1       Minor  Mom1       ----KL/R---
   Id       Width      KL  Axial   Bend /Mom2   Cb   Bend /Mom2   Cb  Major Minor
   -------  -----  ------  -----  ----- ----- ----  ----- ----- ----  ----- -----
   Beam1   3842.5  3015.0 1207.5 1207.5  1.00 1.00 1207.5  1.00 1.00     21    48
   Beam2   3842.5  8145.0 8145.0 8145.0  1.00 1.00 8145.0  1.00 1.00     51   168
   Beam3   3842.5  3015.0 1207.5 1207.5  1.00 1.00 1207.5  1.00 1.00     21    48

 PLATE LIMITS:
 -------------
            -----Web----  -----Flange----
             Depth/Thick  Width/(2xThick)
   Id        Calc  Limit    Calc  Limit
   -------  -----  -----   -----  -----
  Beam1      86.4  180.0    12.5   16.5
  Beam2      87.5  180.0    12.5   16.5
  Beam3      86.4  180.0    12.5   16.5

 STRENGTH:              
 ---------
                --Axial(kN)-  --Shear(kN)-  -----Moment(kN-m)-----  Axial+  Shear+
          Load                                         Top     Bot  Moment  Moment   Max
  Id       Id    Calc  Limit   Calc  Limit    Calc   Limit   Limit      UC      UC    UC
  ------- ----  ----- ------  ----- ------  ------  ------  ------  ------  ------  ----
  Beam1     1   -0.44 544.02   4.41 103.39    3.31   69.95   59.45    0.05    0.00  0.05 
  Beam1     2   -0.11 544.02   1.14 103.39    0.85   69.95   59.45    0.01    0.00  0.01 
  Beam1     3   -0.11 544.02   1.14 103.39    0.85   69.95   59.45    0.01    0.00  0.01 
  Beam1     4   -0.11 544.02   1.14 103.39    0.85   69.95   59.45    0.01    0.00  0.01 
  Beam1     5   -0.11 544.02   1.14 103.39    0.85   69.95   59.45    0.01    0.00  0.01 
  Beam1     6   -0.11 544.02   1.14 103.39    0.85   69.95   59.45    0.01    0.00  0.01 
  Beam1     7   -0.36 544.02  -3.57 103.39   -2.70   59.45   69.95    0.04    0.00  0.04 
  Beam1     8   -0.36 544.02   5.67 103.39    4.27   69.95   59.45    0.07    0.00  0.07 
  Beam1     9   -0.11 544.02  -6.03 103.39   -4.55   59.45   69.95    0.08    0.00  0.08 
  Beam1    10   -0.11 544.02   3.22 103.39    2.42   69.95   59.45    0.04    0.00  0.04 
  Beam1    11   -0.11 544.02  -6.03 103.39   -4.55   59.45   69.95    0.08    0.00  0.08 
  Beam1    12   -0.11 544.02   3.22 103.39    2.42   69.95   59.45    0.04    0.00  0.04 
  Beam1    13   -0.11 544.02  -6.03 103.39   -4.55   59.45   69.95    0.08    0.00  0.08 
  Beam1    14   -0.11 544.02   3.22 103.39    2.42   69.95   59.45    0.04    0.00  0.04 
  Beam1    15   -0.11 544.02  -6.03 103.39   -4.55   59.45   69.95    0.08    0.00  0.08 
  Beam1    16   -0.11 544.02   3.22 103.39    2.42   69.95   59.45    0.04    0.00  0.04 
  Beam1    17   -0.05 544.02  -9.04 103.39   -6.82   59.45   69.95    0.11    0.00  0.11 
  Beam1    18   -0.05 544.02   3.29 103.39    2.47   69.95   59.45    0.04    0.00  0.04 
  Beam2     1    0.00 167.01   0.41 103.75    3.31  143.65   42.68    0.08    0.00  0.08 
  Beam2     2    0.00 167.01   0.10 103.75    0.85  143.65   42.68    0.02    0.00  0.02 
  Beam2     3    0.00 167.01   0.10 103.75    0.85  143.65   42.68    0.02    0.00  0.02 
  Beam2     4    0.00 167.01   0.10 103.75    0.85  143.65   42.68    0.02    0.00  0.02 
  Beam2     5    0.00 167.01   0.10 103.75    0.85  143.65   42.68    0.02    0.00  0.02 
  Beam2     6    0.00 167.01   0.10 103.75    0.85  143.65   42.68    0.02    0.00  0.02 
  Beam2     7    0.00 167.01  -0.33 103.75   -2.70   41.34  143.65    0.07    0.00  0.07 
  Beam2     8    0.00 167.01   0.52 103.75    4.27  143.65   42.68    0.10    0.00  0.10 
  Beam2     9    0.00 167.01  -0.56 103.75   -4.55   41.34  143.65    0.11    0.00  0.11 
  Beam2    10    0.00 167.01   0.30 103.75    2.42  143.65   42.68    0.06    0.00  0.06 
  Beam2    11    0.00 167.01  -0.56 103.75   -4.55   41.34  143.65    0.11    0.00  0.11 
  Beam2    12    0.00 167.01   0.30 103.75    2.42  143.65   42.68    0.06    0.00  0.06 
  Beam2    13    0.00 167.01  -0.56 103.75   -4.55   41.34  143.65    0.11    0.00  0.11 
  Beam2    14    0.00 167.01   0.30 103.75    2.42  143.65   42.68    0.06    0.00  0.06 
  Beam2    15    0.00 167.01  -0.56 103.75   -4.55   41.34  143.65    0.11    0.00  0.11 
  Beam2    16    0.00 167.01   0.30 103.75    2.42  143.65   42.68    0.06    0.00  0.06 
  Beam2    17    0.00 167.01  -0.84 103.75   -6.82   41.34  143.65    0.16    0.00  0.16 
  Beam2    18    0.00 167.01   0.30 103.75    2.47  143.65   42.68    0.06    0.00  0.06 
  Beam3     1   -0.44 544.02   4.41 103.39    3.31   69.95   59.45    0.05    0.00  0.05 
  Beam3     2   -0.11 544.02   1.14 103.39    0.85   69.95   59.45    0.01    0.00  0.01 
  Beam3     3   -0.11 544.02   1.14 103.39    0.85   69.95   59.45    0.01    0.00  0.01 
  Beam3     4   -0.11 544.02   1.14 103.39    0.85   69.95   59.45    0.01    0.00  0.01 
  Beam3     5   -0.11 544.02   1.14 103.39    0.85   69.95   59.45    0.01    0.00  0.01 
  Beam3     6   -0.11 544.02   1.14 103.39    0.85   69.95   59.45    0.01    0.00  0.01 
  Beam3     7   -0.36 544.02  -3.57 103.39   -2.70   59.45   69.95    0.04    0.00  0.04 
  Beam3     8   -0.36 544.02   5.67 103.39    4.27   69.95   59.45    0.07    0.00  0.07 
  Beam3     9   -0.11 544.02  -6.03 103.39   -4.55   59.45   69.95    0.08    0.00  0.08 
  Beam3    10   -0.11 544.02   3.22 103.39    2.42   69.95   59.45    0.04    0.00  0.04 
  Beam3    11   -0.11 544.02  -6.03 103.39   -4.55   59.45   69.95    0.08    0.00  0.08 
  Beam3    12   -0.11 544.02   3.22 103.39    2.42   69.95   59.45    0.04    0.00  0.04 
  Beam3    13   -0.11 544.02  -6.03 103.39   -4.55   59.45   69.95    0.08    0.00  0.08 
  Beam3    14   -0.11 544.02   3.22 103.39    2.42   69.95   59.45    0.04    0.00  0.04 
  Beam3    15   -0.11 544.02  -6.03 103.39   -4.55   59.45   69.95    0.08    0.00  0.08 
  Beam3    16   -0.11 544.02   3.22 103.39    2.42   69.95   59.45    0.04    0.00  0.04 
  Beam3    17   -0.05 544.02  -9.04 103.39   -6.82   59.45   69.95    0.11    0.00  0.11 
  Beam3    18   -0.05 544.02   3.29 103.39    2.47   69.95   59.45    0.04    0.00  0.04 

 DEFLECTION:             
 -----------
          Load  --Deflection(mm)--
  Id       Id     Calc  Limit   UC
  ------- ----  ------ ------ ----
  Beam1     1     -0.3   12.5 0.02 
  Beam1     2     -0.1   12.5 0.01 
  Beam1     3     -0.1   12.5 0.01 
  Beam1     4     -0.1   12.5 0.01 
  Beam1     5     -0.1   12.5 0.01 
  Beam1     6     -0.1   12.5 0.01 
  Beam1     7      0.2   12.5 0.02 
  Beam1     8     -0.4   12.5 0.03 
  Beam1     9      0.4   12.5 0.03 
  Beam1    10     -0.2   12.5 0.02 
  Beam1    11      0.4   12.5 0.03 
  Beam1    12     -0.2   12.5 0.02 
  Beam1    13      0.4   12.5 0.03 
  Beam1    14     -0.2   12.5 0.02 
  Beam1    15      0.4   12.5 0.03 
  Beam1    16     -0.2   12.5 0.02 
  Beam1    17      0.5    8.3 0.07 
  Beam1    18     -0.2    8.3 0.03 
  Beam2     1      0.6   12.5 0.05 
  Beam2     2      0.2   12.5 0.01 
  Beam2     3      0.2   12.5 0.01 
  Beam2     4      0.2   12.5 0.01 
  Beam2     5      0.2   12.5 0.01 
  Beam2     6      0.2   12.5 0.01 
  Beam2     7      0.5   12.5 0.04 
  Beam2     8      0.8   12.5 0.06 
  Beam2     9      0.8   12.5 0.07 
  Beam2    10      0.4   12.5 0.04 
  Beam2    11      0.8   12.5 0.07 
  Beam2    12      0.4   12.5 0.04 
  Beam2    13      0.8   12.5 0.07 
  Beam2    14      0.4   12.5 0.04 
  Beam2    15      0.8   12.5 0.07 
  Beam2    16      0.4   12.5 0.04 
  Beam2    17      1.2    8.3 0.15 
  Beam2    18      0.5    8.3 0.05 
  Beam3     1     -0.3   12.5 0.02 
  Beam3     2     -0.1   12.5 0.01 
  Beam3     3     -0.1   12.5 0.01 
  Beam3     4     -0.1   12.5 0.01 
  Beam3     5     -0.1   12.5 0.01 
  Beam3     6     -0.1   12.5 0.01 
  Beam3     7      0.2   12.5 0.02 
  Beam3     8     -0.4   12.5 0.03 
  Beam3     9      0.4   12.5 0.03 
  Beam3    10     -0.2   12.5 0.02 
  Beam3    11      0.4   12.5 0.03 
  Beam3    12     -0.2   12.5 0.02 
  Beam3    13      0.4   12.5 0.03 
  Beam3    14     -0.2   12.5 0.02 
  Beam3    15      0.4   12.5 0.03 
  Beam3    16     -0.2   12.5 0.02 
  Beam3    17      0.5    8.3 0.07 
  Beam3    18     -0.2    8.3 0.03 

 DESIGN CONSTANTS:
 -----------------
  Base Plate Yield     = 345.0 (MN/m2)
  End  Plate Yield     =2378.8 (MN/m2)
  Concrete Bearing     =   7.6 (MN/m2)                                    

 CONNECTION LAYOUT:
 ------------------
          --Splice--  -----Plate(mm)-----  -----------------Bolt(mm)---------------    Req   Req
  Id      Loc   Type   Width Length Thick  Type    Dia Row1 Space1 Row2 Space2 Gage  Thick   Dia
  ------- ----  ----  ------ ------ -----  ----- ----- ---- ------ ---- ------ ----  ----- -----
  Beam1   Start  SS      200    0.0 16.00  Gr8.8 20.00   2   100.0   2   100.0  100  13.85  4.53
  Beam2   Start  SS      200    0.0 16.00  Gr8.8 20.00   2   100.0   2   100.0  100  13.77  4.48
  Beam2   End    S3      200    0.0 10.00  Gr8.8 16.00   2   100.0   2    75.0 75.0   0.02  1.29
  Beam3   Start  SS      200    0.0 16.00  Gr8.8 20.00   2   100.0   2   100.0  100  14.96  4.53

                 S3 - Welded End Plate

 MOMENT CONNECTION REACTIONS:
 ----------------------------
          --Splice--  ------Top(kN,kN-m)------  ------Bot(kN,kN-m)------
  Id      Loc   Type  Load Axial  Shear Moment  Load Axial  Shear Moment
  ------- ----- ----  ---- -----  ----- ------  ---- -----  ----- ------
  Beam1   Start  SS     8  -0.36   5.67   4.27   17  -0.05  -9.04  -6.82
  Beam2   Start  SS     8   0.00   5.67   4.27   17   0.00  -9.04  -6.82
  Beam3   Start  SS     8  -0.36   5.67   4.27   17  -0.05  -9.04  -6.82

 SHEAR CONNECTION REACTIONS:
 ---------------------------
          --Splice--  --Max_Comp(kN)--  --Max_Tens(kN)--  --Max_Shear(kN)- Max_Shear+Tens(kN)
  Id      Loc   Type  Load Axial Shear  Load Axial Shear  Load Axial Shear  Load Axial Shear
  ------- ----- ----  ---- ----- -----  ---- ----- -----  ---- ----- -----  ---- ----- -----
  Beam2   End    S3    18   0.00  0.30   18   0.00  0.30   17   0.00 -0.84   17   0.00 -0.84    

 WELDS:
 ------
                 -Out_Flange_To_Plate-   --In_Flange_To_Plate-   -----Web_To_Plate----
                           Shear(kN/mm)            Shear(kN/mm)            Shear(kN/mm)
  Id      Loc     Size Typ  Calc Limit    Size Typ  Calc Limit    Size Typ  Calc Limit
  ------- -----  ----- --- ----- -----   ----- --- ----- -----   ----- --- ----- -----
  Beam1   Start   4.00  F2 0.036 0.410    4.00  F2 0.058 0.410    4.00  F1 0.026 0.410
  Beam2   Start   4.00  F2 0.027 0.410    4.00  F2 0.043 0.410    4.00  F1 0.026 0.410
  Beam2   End     4.00  F1 0.000 0.410    4.00  F1 0.000 0.410    4.00  F1 0.002 0.410
  Beam3   Start   4.00  F2 0.036 0.410    4.00  F2 0.058 0.410    4.00  F1 0.026 0.410

 WEB TO FLANGE WELD:
 -------------------
                                        ----Web_To_Flange----
            Load  Shear      Q     Ixx            Shear(kN/mm)
  Id         Id    (kN)  (cm3)   (cm4)   Size Typ  Calc Limit
  --------  ----  -----  -----  ------  ----- --- ----- -----
  Beam1      18     9.0    110    5217   4.00 F1  0.019 0.410
  Beam2      18     0.8    198   11684   4.00 F1  0.001 0.410
  Beam3      18     9.0    110    5217   4.00 F1  0.019 0.410
================================================================================
 C463-002            Canopy  2                              18/DEC/2025  2:50pm
================================================================================


 EXTENSION LAYOUT:
 -----------------
          Wall  --Bay_Id-  ---Horizontal_Size---   ----Vertical_Size---        
  Id Type  Id   Start End  Height   Width  Slope    Elev  Height  Slope        
  -- ---- ----  ----- ---  ------  ------  -----   -----  ------  -----        
   2  EC    2     3    3   5200.0  1500.0  10.00     0.0     0.0   0.00        

 BEAM SIZE:
 ----------
          Line                      -Web_Depth-   Web Flange Flange_Thick         ----Max_Load----
  Id       Id  Use     Orn Part     Start   End Thick  Width   Top Bottom  Weight  Id   UC Report
  ------- ---- ------  --- -------- ----- ----- ----- ------ ----- ------  ------ --- ---- -------
  Beam4     3  ATTACH   H  BuiltUp  345.6 195.6  4.00  125.0  5.00   5.00    27.6  17 0.10 Moment 
  Beam5     4  ATTACH   H  BuiltUp  345.6 195.6  4.00  125.0  5.00   5.00    27.6  17 0.10 Moment 

 DESIGN PROPERTIES:
 ------------------
                                  ---Top_Flange---  --Bottom_Flange-
             Load   Major  Minor  Minor  Mom1       Minor  Mom1       ----KL/R---
   Id       Width      KL  Axial   Bend /Mom2   Cb   Bend /Mom2   Cb  Major Minor
   -------  -----  ------  -----  ----- ----- ----  ----- ----- ----  ----- -----
   Beam4   3357.5  3015.0 1207.5 1207.5  1.00 1.00 1207.5  1.00 1.00     21    48
   Beam5   3357.5  3015.0 1207.5 1207.5  1.00 1.00 1207.5  1.00 1.00     21    48

 PLATE LIMITS:
 -------------
            -----Web----  -----Flange----
             Depth/Thick  Width/(2xThick)
   Id        Calc  Limit    Calc  Limit
   -------  -----  -----   -----  -----
  Beam4      86.4  180.0    12.5   16.5
  Beam5      86.4  180.0    12.5   16.5

 STRENGTH:              
 ---------
                --Axial(kN)-  --Shear(kN)-  -----Moment(kN-m)-----  Axial+  Shear+
          Load                                         Top     Bot  Moment  Moment   Max
  Id       Id    Calc  Limit   Calc  Limit    Calc   Limit   Limit      UC      UC    UC
  ------- ----  ----- ------  ----- ------  ------  ------  ------  ------  ------  ----
  Beam4     1   -0.39 544.02   3.89 103.39    2.92   69.95   59.45    0.05    0.00  0.05 
  Beam4     2   -0.10 544.02   1.03 103.39    0.77   69.95   59.45    0.01    0.00  0.01 
  Beam4     3   -0.10 544.02   1.03 103.39    0.77   69.95   59.45    0.01    0.00  0.01 
  Beam4     4   -0.10 544.02   1.03 103.39    0.77   69.95   59.45    0.01    0.00  0.01 
  Beam4     5   -0.10 544.02   1.03 103.39    0.77   69.95   59.45    0.01    0.00  0.01 
  Beam4     6   -0.10 544.02   1.03 103.39    0.77   69.95   59.45    0.01    0.00  0.01 
  Beam4     7   -0.32 544.02  -3.09 103.39   -2.34   59.45   69.95    0.04    0.00  0.04 
  Beam4     8   -0.32 544.02   4.99 103.39    3.75   69.95   59.45    0.06    0.00  0.06 
  Beam4     9   -0.10 544.02  -5.23 103.39   -3.95   59.45   69.95    0.07    0.00  0.07 
  Beam4    10   -0.10 544.02   2.85 103.39    2.14   69.95   59.45    0.04    0.00  0.04 
  Beam4    11   -0.10 544.02  -5.23 103.39   -3.95   59.45   69.95    0.07    0.00  0.07 
  Beam4    12   -0.10 544.02   2.85 103.39    2.14   69.95   59.45    0.04    0.00  0.04 
  Beam4    13   -0.10 544.02  -5.23 103.39   -3.95   59.45   69.95    0.07    0.00  0.07 
  Beam4    14   -0.10 544.02   2.85 103.39    2.14   69.95   59.45    0.04    0.00  0.04 
  Beam4    15   -0.10 544.02  -5.23 103.39   -3.95   59.45   69.95    0.07    0.00  0.07 
  Beam4    16   -0.10 544.02   2.85 103.39    2.14   69.95   59.45    0.04    0.00  0.04 
  Beam4    17   -0.05 544.02  -7.88 103.39   -5.94   59.45   69.95    0.10    0.00  0.10 
  Beam4    18   -0.05 544.02   2.89 103.39    2.17   69.95   59.45    0.04    0.00  0.04 
  Beam5     1   -0.39 544.02   3.89 103.39    2.92   69.95   59.45    0.05    0.00  0.05 
  Beam5     2   -0.10 544.02   1.03 103.39    0.77   69.95   59.45    0.01    0.00  0.01 
  Beam5     3   -0.10 544.02   1.03 103.39    0.77   69.95   59.45    0.01    0.00  0.01 
  Beam5     4   -0.10 544.02   1.03 103.39    0.77   69.95   59.45    0.01    0.00  0.01 
  Beam5     5   -0.10 544.02   1.03 103.39    0.77   69.95   59.45    0.01    0.00  0.01 
  Beam5     6   -0.10 544.02   1.03 103.39    0.77   69.95   59.45    0.01    0.00  0.01 
  Beam5     7   -0.32 544.02  -3.09 103.39   -2.34   59.45   69.95    0.04    0.00  0.04 
  Beam5     8   -0.32 544.02   4.99 103.39    3.75   69.95   59.45    0.06    0.00  0.06 
  Beam5     9   -0.10 544.02  -5.23 103.39   -3.95   59.45   69.95    0.07    0.00  0.07 
  Beam5    10   -0.10 544.02   2.85 103.39    2.14   69.95   59.45    0.04    0.00  0.04 
  Beam5    11   -0.10 544.02  -5.23 103.39   -3.95   59.45   69.95    0.07    0.00  0.07 
  Beam5    12   -0.10 544.02   2.85 103.39    2.14   69.95   59.45    0.04    0.00  0.04 
  Beam5    13   -0.10 544.02  -5.23 103.39   -3.95   59.45   69.95    0.07    0.00  0.07 
  Beam5    14   -0.10 544.02   2.85 103.39    2.14   69.95   59.45    0.04    0.00  0.04 
  Beam5    15   -0.10 544.02  -5.23 103.39   -3.95   59.45   69.95    0.07    0.00  0.07 
  Beam5    16   -0.10 544.02   2.85 103.39    2.14   69.95   59.45    0.04    0.00  0.04 
  Beam5    17   -0.05 544.02  -7.88 103.39   -5.94   59.45   69.95    0.10    0.00  0.10 
  Beam5    18   -0.05 544.02   2.89 103.39    2.17   69.95   59.45    0.04    0.00  0.04 

 DEFLECTION:             
 -----------
          Load  --Deflection(mm)--
  Id       Id     Calc  Limit   UC
  ------- ----  ------ ------ ----
  Beam4     1     -0.3   12.5 0.02 
  Beam4     2     -0.1   12.5 0.01 
  Beam4     3     -0.1   12.5 0.01 
  Beam4     4     -0.1   12.5 0.01 
  Beam4     5     -0.1   12.5 0.01 
  Beam4     6     -0.1   12.5 0.01 
  Beam4     7      0.2   12.5 0.01 
  Beam4     8     -0.3   12.5 0.03 
  Beam4     9      0.3   12.5 0.02 
  Beam4    10     -0.2   12.5 0.02 
  Beam4    11      0.3   12.5 0.02 
  Beam4    12     -0.2   12.5 0.02 
  Beam4    13      0.3   12.5 0.02 
  Beam4    14     -0.2   12.5 0.02 
  Beam4    15      0.3   12.5 0.02 
  Beam4    16     -0.2   12.5 0.02 
  Beam4    17      0.5    8.3 0.06 
  Beam4    18     -0.2    8.3 0.03 
  Beam5     1     -0.3   12.5 0.02 
  Beam5     2     -0.1   12.5 0.01 
  Beam5     3     -0.1   12.5 0.01 
  Beam5     4     -0.1   12.5 0.01 
  Beam5     5     -0.1   12.5 0.01 
  Beam5     6     -0.1   12.5 0.01 
  Beam5     7      0.2   12.5 0.01 
  Beam5     8     -0.3   12.5 0.03 
  Beam5     9      0.3   12.5 0.02 
  Beam5    10     -0.2   12.5 0.02 
  Beam5    11      0.3   12.5 0.02 
  Beam5    12     -0.2   12.5 0.02 
  Beam5    13      0.3   12.5 0.02 
  Beam5    14     -0.2   12.5 0.02 
  Beam5    15      0.3   12.5 0.02 
  Beam5    16     -0.2   12.5 0.02 
  Beam5    17      0.5    8.3 0.06 
  Beam5    18     -0.2    8.3 0.03 

 DESIGN CONSTANTS:
 -----------------
  Base Plate Yield     = 345.0 (MN/m2)
  End  Plate Yield     =2378.8 (MN/m2)
  Concrete Bearing     =   7.6 (MN/m2)                                    

 CONNECTION LAYOUT:
 ------------------
          --Splice--  -----Plate(mm)-----  -----------------Bolt(mm)---------------    Req   Req
  Id      Loc   Type   Width Length Thick  Type    Dia Row1 Space1 Row2 Space2 Gage  Thick   Dia
  ------- ----  ----  ------ ------ -----  ----- ----- ---- ------ ---- ------ ----  ----- -----
  Beam4   Start  SS      200    0.0 16.00  Gr8.8 20.00   2   100.0   2   100.0  100  14.96  4.23
  Beam5   Start  SS      200    0.0 16.00  Gr8.8 20.00   2   100.0   2   100.0  100  14.96  4.23

 MOMENT CONNECTION REACTIONS:
 ----------------------------
          --Splice--  ------Top(kN,kN-m)------  ------Bot(kN,kN-m)------
  Id      Loc   Type  Load Axial  Shear Moment  Load Axial  Shear Moment
  ------- ----- ----  ---- -----  ----- ------  ---- -----  ----- ------
  Beam4   Start  SS     8  -0.32   4.99   3.75   17  -0.05  -7.88  -5.94
  Beam5   Start  SS     8  -0.32   4.99   3.75   17  -0.05  -7.88  -5.94

 WELDS:
 ------
                 -Out_Flange_To_Plate-   --In_Flange_To_Plate-   -----Web_To_Plate----
                           Shear(kN/mm)            Shear(kN/mm)            Shear(kN/mm)
  Id      Loc     Size Typ  Calc Limit    Size Typ  Calc Limit    Size Typ  Calc Limit
  ------- -----  ----- --- ----- -----   ----- --- ----- -----   ----- --- ----- -----
  Beam4   Start   4.00  F2 0.032 0.410    4.00  F2 0.051 0.410    4.00  F1 0.023 0.410
  Beam5   Start   4.00  F2 0.032 0.410    4.00  F2 0.051 0.410    4.00  F1 0.023 0.410

 WEB TO FLANGE WELD:
 -------------------
                                        ----Web_To_Flange----
            Load  Shear      Q     Ixx            Shear(kN/mm)
  Id         Id    (kN)  (cm3)   (cm4)   Size Typ  Calc Limit
  --------  ----  -----  -----  ------  ----- --- ----- -----
  Beam4      18     7.9    110    5217   4.00 F1  0.017 0.410
  Beam5      18     7.9    110    5217   4.00 F1  0.017 0.410
================================================================================
 C463-002            Canopy  3                              18/DEC/2025  2:50pm
================================================================================


 EXTENSION LAYOUT:
 -----------------
          Wall  --Bay_Id-  ---Horizontal_Size---   ----Vertical_Size---        
  Id Type  Id   Start End  Height   Width  Slope    Elev  Height  Slope        
  -- ---- ----  ----- ---  ------  ------  -----   -----  ------  -----        
   3  EC    3     2    2   5200.0  1500.0  10.00     0.0     0.0   0.00        

 BEAM SIZE:
 ----------
          Line                      -Web_Depth-   Web Flange Flange_Thick         ----Max_Load----
  Id       Id  Use     Orn Part     Start   End Thick  Width   Top Bottom  Weight  Id   UC Report
  ------- ---- ------  --- -------- ----- ----- ----- ------ ----- ------  ------ --- ---- -------
  Beam6     2  ATTACH   H  BuiltUp  345.6 195.6  4.00  125.0  5.00   5.00    27.6  17 0.11 Moment 
  Beam7     3  ATTACH   H  BuiltUp  345.6 195.6  4.00  125.0  5.00   5.00    27.6  17 0.11 Moment 
  Beam8     3  ATT_SUPP H  W35a208  350.0 350.0  4.00  200.0  8.00   8.00   240.1  17 0.12 Mom+Axl

 DESIGN PROPERTIES:
 ------------------
                                  ---Top_Flange---  --Bottom_Flange-
             Load   Major  Minor  Minor  Mom1       Minor  Mom1       ----KL/R---
   Id       Width      KL  Axial   Bend /Mom2   Cb   Bend /Mom2   Cb  Major Minor
   -------  -----  ------  -----  ----- ----- ----  ----- ----- ----  ----- -----
   Beam6   3842.5  3015.0 1207.5 1207.5  1.00 1.00 1207.5  1.00 1.00     21    48
   Beam7   3842.5  3015.0 1207.5 1207.5  1.00 1.00 1207.5  1.00 1.00     21    48
   Beam8   3842.5  6650.0 6650.0 6650.0  1.00 1.00 6650.0  1.00 1.00     41   137

 PLATE LIMITS:
 -------------
            -----Web----  -----Flange----
             Depth/Thick  Width/(2xThick)
   Id        Calc  Limit    Calc  Limit
   -------  -----  -----   -----  -----
  Beam6      86.4  180.0    12.5   16.5
  Beam7      86.4  180.0    12.5   16.5
  Beam8      87.5  180.0    12.5   16.5

 STRENGTH:              
 ---------
                --Axial(kN)-  --Shear(kN)-  -----Moment(kN-m)-----  Axial+  Shear+
          Load                                         Top     Bot  Moment  Moment   Max
  Id       Id    Calc  Limit   Calc  Limit    Calc   Limit   Limit      UC      UC    UC
  ------- ----  ----- ------  ----- ------  ------  ------  ------  ------  ------  ----
  Beam6     1   -0.44 544.02   4.41 103.39    3.31   69.95   59.45    0.05    0.00  0.05 
  Beam6     2   -0.11 544.02   1.14 103.39    0.85   69.95   59.45    0.01    0.00  0.01 
  Beam6     3   -0.11 544.02   1.14 103.39    0.85   69.95   59.45    0.01    0.00  0.01 
  Beam6     4   -0.11 544.02   1.14 103.39    0.85   69.95   59.45    0.01    0.00  0.01 
  Beam6     5   -0.11 544.02   1.14 103.39    0.85   69.95   59.45    0.01    0.00  0.01 
  Beam6     6   -0.11 544.02   1.14 103.39    0.85   69.95   59.45    0.01    0.00  0.01 
  Beam6     7   -0.36 544.02  -3.57 103.39   -2.70   59.45   69.95    0.04    0.00  0.04 
  Beam6     8   -0.36 544.02   5.67 103.39    4.27   69.95   59.45    0.07    0.00  0.07 
  Beam6     9   -0.11 544.02  -6.03 103.39   -4.55   59.45   69.95    0.08    0.00  0.08 
  Beam6    10   -0.11 544.02   3.22 103.39    2.42   69.95   59.45    0.04    0.00  0.04 
  Beam6    11   -0.11 544.02  -6.03 103.39   -4.55   59.45   69.95    0.08    0.00  0.08 
  Beam6    12   -0.11 544.02   3.22 103.39    2.42   69.95   59.45    0.04    0.00  0.04 
  Beam6    13   -0.11 544.02  -6.03 103.39   -4.55   59.45   69.95    0.08    0.00  0.08 
  Beam6    14   -0.11 544.02   3.22 103.39    2.42   69.95   59.45    0.04    0.00  0.04 
  Beam6    15   -0.11 544.02  -6.03 103.39   -4.55   59.45   69.95    0.08    0.00  0.08 
  Beam6    16   -0.11 544.02   3.22 103.39    2.42   69.95   59.45    0.04    0.00  0.04 
  Beam6    17   -0.05 544.02  -9.04 103.39   -6.82   59.45   69.95    0.11    0.00  0.11 
  Beam6    18   -0.05 544.02   3.29 103.39    2.47   69.95   59.45    0.04    0.00  0.04 
  Beam7     1   -0.44 544.02   4.41 103.39    3.31   69.95   59.45    0.05    0.00  0.05 
  Beam7     2   -0.11 544.02   1.14 103.39    0.85   69.95   59.45    0.01    0.00  0.01 
  Beam7     3   -0.11 544.02   1.14 103.39    0.85   69.95   59.45    0.01    0.00  0.01 
  Beam7     4   -0.11 544.02   1.14 103.39    0.85   69.95   59.45    0.01    0.00  0.01 
  Beam7     5   -0.11 544.02   1.14 103.39    0.85   69.95   59.45    0.01    0.00  0.01 
  Beam7     6   -0.11 544.02   1.14 103.39    0.85   69.95   59.45    0.01    0.00  0.01 
  Beam7     7   -0.36 544.02  -3.57 103.39   -2.70   59.45   69.95    0.04    0.00  0.04 
  Beam7     8   -0.36 544.02   5.67 103.39    4.27   69.95   59.45    0.07    0.00  0.07 
  Beam7     9   -0.11 544.02  -6.03 103.39   -4.55   59.45   69.95    0.08    0.00  0.08 
  Beam7    10   -0.11 544.02   3.22 103.39    2.42   69.95   59.45    0.04    0.00  0.04 
  Beam7    11   -0.11 544.02  -6.03 103.39   -4.55   59.45   69.95    0.08    0.00  0.08 
  Beam7    12   -0.11 544.02   3.22 103.39    2.42   69.95   59.45    0.04    0.00  0.04 
  Beam7    13   -0.11 544.02  -6.03 103.39   -4.55   59.45   69.95    0.08    0.00  0.08 
  Beam7    14   -0.11 544.02   3.22 103.39    2.42   69.95   59.45    0.04    0.00  0.04 
  Beam7    15   -0.11 544.02  -6.03 103.39   -4.55   59.45   69.95    0.08    0.00  0.08 
  Beam7    16   -0.11 544.02   3.22 103.39    2.42   69.95   59.45    0.04    0.00  0.04 
  Beam7    17   -0.05 544.02  -9.04 103.39   -6.82   59.45   69.95    0.11    0.00  0.11 
  Beam7    18   -0.05 544.02   3.29 103.39    2.47   69.95   59.45    0.04    0.00  0.04 
  Beam8     1    0.00 250.54   0.50 103.75    3.31  143.65   60.01    0.06    0.00  0.06 
  Beam8     2    0.00 250.54   0.13 103.75    0.85  143.65   60.01    0.01    0.00  0.01 
  Beam8     3    0.00 250.54   0.13 103.75    0.85  143.65   60.01    0.01    0.00  0.01 
  Beam8     4    0.00 250.54   0.13 103.75    0.85  143.65   60.01    0.01    0.00  0.01 
  Beam8     5    0.00 250.54   0.13 103.75    0.85  143.65   60.01    0.01    0.00  0.01 
  Beam8     6    0.00 250.54   0.13 103.75    0.85  143.65   60.01    0.01    0.00  0.01 
  Beam8     7    0.00 250.54  -0.41 103.75   -2.70   58.03  143.65    0.05    0.00  0.05 
  Beam8     8    0.00 250.54   0.64 103.75    4.27  143.65   60.01    0.07    0.00  0.07 
  Beam8     9    0.00 250.54  -0.68 103.75   -4.55   58.03  143.65    0.08    0.00  0.08 
  Beam8    10    0.00 250.54   0.36 103.75    2.42  143.65   60.01    0.04    0.00  0.04 
  Beam8    11    0.00 250.54  -0.68 103.75   -4.55   58.03  143.65    0.08    0.00  0.08 
  Beam8    12    0.00 250.54   0.36 103.75    2.42  143.65   60.01    0.04    0.00  0.04 
  Beam8    13    0.00 250.54  -0.68 103.75   -4.55   58.03  143.65    0.08    0.00  0.08 
  Beam8    14    0.00 250.54   0.36 103.75    2.42  143.65   60.01    0.04    0.00  0.04 
  Beam8    15    0.00 250.54  -0.68 103.75   -4.55   58.03  143.65    0.08    0.00  0.08 
  Beam8    16    0.00 250.54   0.36 103.75    2.42  143.65   60.01    0.04    0.00  0.04 
  Beam8    17    0.00 250.54  -1.03 103.75   -6.82   58.03  143.65    0.12    0.00  0.12 
  Beam8    18    0.00 250.54   0.37 103.75    2.47  143.65   60.01    0.04    0.00  0.04 

 DEFLECTION:             
 -----------
          Load  --Deflection(mm)--
  Id       Id     Calc  Limit   UC
  ------- ----  ------ ------ ----
  Beam6     1     -0.3   12.5 0.02 
  Beam6     2     -0.1   12.5 0.01 
  Beam6     3     -0.1   12.5 0.01 
  Beam6     4     -0.1   12.5 0.01 
  Beam6     5     -0.1   12.5 0.01 
  Beam6     6     -0.1   12.5 0.01 
  Beam6     7      0.2   12.5 0.02 
  Beam6     8     -0.4   12.5 0.03 
  Beam6     9      0.4   12.5 0.03 
  Beam6    10     -0.2   12.5 0.02 
  Beam6    11      0.4   12.5 0.03 
  Beam6    12     -0.2   12.5 0.02 
  Beam6    13      0.4   12.5 0.03 
  Beam6    14     -0.2   12.5 0.02 
  Beam6    15      0.4   12.5 0.03 
  Beam6    16     -0.2   12.5 0.02 
  Beam6    17      0.5    8.3 0.07 
  Beam6    18     -0.2    8.3 0.03 
  Beam7     1     -0.3   12.5 0.02 
  Beam7     2     -0.1   12.5 0.01 
  Beam7     3     -0.1   12.5 0.01 
  Beam7     4     -0.1   12.5 0.01 
  Beam7     5     -0.1   12.5 0.01 
  Beam7     6     -0.1   12.5 0.01 
  Beam7     7      0.2   12.5 0.02 
  Beam7     8     -0.4   12.5 0.03 
  Beam7     9      0.4   12.5 0.03 
  Beam7    10     -0.2   12.5 0.02 
  Beam7    11      0.4   12.5 0.03 
  Beam7    12     -0.2   12.5 0.02 
  Beam7    13      0.4   12.5 0.03 
  Beam7    14     -0.2   12.5 0.02 
  Beam7    15      0.4   12.5 0.03 
  Beam7    16     -0.2   12.5 0.02 
  Beam7    17      0.5    8.3 0.07 
  Beam7    18     -0.2    8.3 0.03 
  Beam8     1      0.4   12.5 0.03 
  Beam8     2      0.1   12.5 0.01 
  Beam8     3      0.1   12.5 0.01 
  Beam8     4      0.1   12.5 0.01 
  Beam8     5      0.1   12.5 0.01 
  Beam8     6      0.1   12.5 0.01 
  Beam8     7      0.3   12.5 0.03 
  Beam8     8      0.5   12.5 0.04 
  Beam8     9      0.6   12.5 0.04 
  Beam8    10      0.3   12.5 0.02 
  Beam8    11      0.6   12.5 0.04 
  Beam8    12      0.3   12.5 0.02 
  Beam8    13      0.6   12.5 0.04 
  Beam8    14      0.3   12.5 0.02 
  Beam8    15      0.6   12.5 0.04 
  Beam8    16      0.3   12.5 0.02 
  Beam8    17      0.8    8.3 0.10 
  Beam8    18      0.3    8.3 0.04 

 DESIGN CONSTANTS:
 -----------------
  Base Plate Yield     = 345.0 (MN/m2)
  End  Plate Yield     =2378.8 (MN/m2)
  Concrete Bearing     =   7.6 (MN/m2)                                    

 CONNECTION LAYOUT:
 ------------------
          --Splice--  -----Plate(mm)-----  -----------------Bolt(mm)---------------    Req   Req
  Id      Loc   Type   Width Length Thick  Type    Dia Row1 Space1 Row2 Space2 Gage  Thick   Dia
  ------- ----  ----  ------ ------ -----  ----- ----- ---- ------ ---- ------ ----  ----- -----
  Beam6   Start  SS      200    0.0 16.00  Gr8.8 20.00   2   100.0   2   100.0  100  14.96  4.53
  Beam7   Start  SS      200    0.0 16.00  Gr8.8 20.00   2   100.0   2   100.0  100  13.85  4.53
  Beam8   Start  SS      200    0.0 16.00  Gr8.8 20.00   2   100.0   2   100.0  100  13.77  4.48
  Beam8   End    S3      200    0.0 10.00  Gr8.8 16.00   2   100.0   2    75.0 75.0   0.02  1.42

                 S3 - Welded End Plate

 MOMENT CONNECTION REACTIONS:
 ----------------------------
          --Splice--  ------Top(kN,kN-m)------  ------Bot(kN,kN-m)------
  Id      Loc   Type  Load Axial  Shear Moment  Load Axial  Shear Moment
  ------- ----- ----  ---- -----  ----- ------  ---- -----  ----- ------
  Beam6   Start  SS     8  -0.36   5.67   4.27   17  -0.05  -9.04  -6.82
  Beam7   Start  SS     8  -0.36   5.67   4.27   17  -0.05  -9.04  -6.82
  Beam8   Start  SS     8   0.00   5.67   4.27   17   0.00  -9.04  -6.82

 SHEAR CONNECTION REACTIONS:
 ---------------------------
          --Splice--  --Max_Comp(kN)--  --Max_Tens(kN)--  --Max_Shear(kN)- Max_Shear+Tens(kN)
  Id      Loc   Type  Load Axial Shear  Load Axial Shear  Load Axial Shear  Load Axial Shear
  ------- ----- ----  ---- ----- -----  ---- ----- -----  ---- ----- -----  ---- ----- -----
  Beam8   End    S3    18   0.00  0.37   18   0.00  0.37   17   0.00 -1.03   17   0.00 -1.03    

 WELDS:
 ------
                 -Out_Flange_To_Plate-   --In_Flange_To_Plate-   -----Web_To_Plate----
                           Shear(kN/mm)            Shear(kN/mm)            Shear(kN/mm)
  Id      Loc     Size Typ  Calc Limit    Size Typ  Calc Limit    Size Typ  Calc Limit
  ------- -----  ----- --- ----- -----   ----- --- ----- -----   ----- --- ----- -----
  Beam6   Start   4.00  F2 0.036 0.410    4.00  F2 0.058 0.410    4.00  F1 0.026 0.410
  Beam7   Start   4.00  F2 0.036 0.410    4.00  F2 0.058 0.410    4.00  F1 0.026 0.410
  Beam8   Start   4.00  F2 0.027 0.410    4.00  F2 0.043 0.410    4.00  F1 0.026 0.410
  Beam8   End     4.00  F1 0.000 0.410    4.00  F1 0.000 0.410    4.00  F1 0.003 0.410

 WEB TO FLANGE WELD:
 -------------------
                                        ----Web_To_Flange----
            Load  Shear      Q     Ixx            Shear(kN/mm)
  Id         Id    (kN)  (cm3)   (cm4)   Size Typ  Calc Limit
  --------  ----  -----  -----  ------  ----- --- ----- -----
  Beam6      18     9.0    110    5217   4.00 F1  0.019 0.410
  Beam7      18     9.0    110    5217   4.00 F1  0.019 0.410
  Beam8      18     1.0    198   11684   4.00 F1  0.002 0.410
 
 
================================================================================
 C463-002            Load Combinations                      18/DEC/2025  2:50pm
================================================================================


 LOAD COMBINATIONS:
 ------------------
  Strength       
     1   Dead+Collateral+Live
     2   Dead+Collateral+Snow
     3   Dead+Collateral+Snow+Snow_Drift
     4   Dead+Collateral+Snow+Slide_Snow
     5   Dead+Collateral+Rain
     6   Dead+Collateral
     7   Dead+Collateral+0.75Live+0.75Wind_Pressure
     8   Dead+Collateral+0.75Live+0.75Wind_Suction
     9   Dead+Collateral+0.75Snow+0.75Wind_Pressure
    10   Dead+Collateral+0.75Snow+0.75Wind_Suction
    11   Dead+Collateral+0.75Snow+0.75Wind_Pressure+0.75Snow_Drift
    12   Dead+Collateral+0.75Snow+0.75Wind_Suction+0.75Snow_Drift
    13   Dead+Collateral+0.75Snow+0.75Wind_Pressure+0.75Slide_Snow
    14   Dead+Collateral+0.75Snow+0.75Wind_Suction+0.75Slide_Snow
    15   Dead+Collateral+0.75Wind_Pressure+0.75Rain
    16   Dead+Collateral+0.75Wind_Suction+0.75Rain
    17   0.6Dead+Wind_Pressure
    18   0.6Dead+Wind_Suction
  
  Deflection     
     1   Dead+Collateral+Live
     2   Dead+Collateral+Snow
     3   Dead+Collateral+Snow+Snow_Drift
     4   Dead+Collateral+Snow+Slide_Snow
     5   Dead+Collateral+Rain
     6   Dead+Collateral
     7   Dead+Collateral+0.75Live+0.75Wind_Pressure
     8   Dead+Collateral+0.75Live+0.75Wind_Suction
     9   Dead+Collateral+0.75Snow+0.75Wind_Pressure
    10   Dead+Collateral+0.75Snow+0.75Wind_Suction
    11   Dead+Collateral+0.75Snow+0.75Wind_Pressure+0.75Snow_Drift
    12   Dead+Collateral+0.75Snow+0.75Wind_Suction+0.75Snow_Drift
    13   Dead+Collateral+0.75Snow+0.75Wind_Pressure+0.75Slide_Snow
    14   Dead+Collateral+0.75Snow+0.75Wind_Suction+0.75Slide_Snow
    15   Dead+Collateral+0.75Wind_Pressure+0.75Rain
    16   Dead+Collateral+0.75Wind_Suction+0.75Rain
    17   0.6Dead+Wind_Pressure
    18   0.6Dead+Wind_Suction
  

================================================================================
 C463-002            Weight Summary                         18/DEC/2025  2:50pm
================================================================================


              EXTENSION  1
                                            Weight
                 Description                  (kg)
                 -----------             ---------
                 Beam                  =    349.28
                                         ----------
                 Total                 =    349.28

              EXTENSION  2
                                            Weight
                 Description                  (kg)
                 -----------             ---------
                 Beam                  =     55.24
                                         ----------
                 Total                 =     55.24

              EXTENSION  3
                                            Weight
                 Description                  (kg)
                 -----------             ---------
                 Beam                  =    295.31
                                         ----------
                 Total                 =    295.31


================================================================================
 C463-002            Warning Report                         18/DEC/2025  2:50pm
================================================================================

                   .. No Warnings
