 
 
 
 
                               INFINITI SOLUTIONS
 
                                      PUNE
 
 
 
 
                       BUILDING WEIGHT & PRICE SUMMARY
                                      FOR
 
 
 
 
 
 
 
                               Proposed Warehouse
                                   Warehouse
                                      Vapi
                                    C463-002
 
 
 
 
                                 BUILDING LAYOUT
                        Width              (mm)=  12800
                        Length             (mm)=  30500
                        Eave Height        (mm)=   9100/  9100
                        Roof Slope   (rise/100)= 10.00/10.00
 
                                 BUILDING LOADS
                        Roof Dead Load  (kN/m2)=  0.10
                        Wall Dead Load
                          Left  Endwall (kN/m2)=  0.10
                          Right Endwall (kN/m2)=  0.10
                          Front Sidewall(kN/m2)=  0.10
                          Back  Sidewall(kN/m2)=  0.10
                        Live Load       (kN/m2)=  0.57
                        Collateral Load (kN/m2)=  0.05
                        Wind Speed       (m/s )=  44.0
                        Wind Code              = MBMA10
                        Exposure               = C
                        Closure                = Enclosed
                        Internal Wind Coeff    = -0.18, +0.18
                        Risk Category          = -
                        Importance - Wind      =  1.00
                        Importance - Seismic   =  1.00
                        Seismic Design Category= C
                        Seismic Coeff (Sms)    =  0.16
                        Temperature Change     =   20
                        -------------------------------
                        Designer : VVJ
                        Detailer :
 
 
 
 
                                     18/DEC/2025



                        BUILDING WEIGHT & PRICE SUMMARY
             ====================================================
             Description                   Weight(kg)      Price
             ====================================================
             Rigid Frames & Endwall Frames    11082.2     1156.39
             Door Jambs & Headers               590.5        0.26
             Purlins, Girts & Eave Struts      4857.2      116.32
             Roof & Wall Sheeting              4636.8        3.86
             Connection Plates                   68.5        1.44
             Angles                             732.8        7.29
             Trim                              1141.5        4.54
             Cables & Sealant                   803.8        5.62
             Accessories                         21.0        1.44
             Fasteners                          484.1      203.97
             ----------------------------------------------------
                                   Total:     24418.6     1501.13

             ----------------------------------------------------
             PRICE PER WEIGHT(kg)                            0.06
             PRICE PER FLOOR AREA(m2 )                       3.85
             WEIGHT PER FLOOR AREA(m2 )                     62.55
             ----------------------------------------------------


                             PRICE DISCOUNT SUMMARY
             ====================================================
             Desc.                 Qty                    Amount
             ====================================================
             Building Components                          1501.13

             ----------------------------------------------------
             ADJUSTED PRICE                               1501.13

             ----------------------------------------------------
             TAXABLE TOTAL                                1501.13

             ----------------------------------------------------
             FINAL PRICE                                  1501.13




                                  LEFT ENDWALL
             ====================================================
             Description                   Weight(kg)      Price
             ====================================================
             Columns                            290.1      214.66
             Door Jambs                         323.4        0.12
             Door Header                        133.4        0.02
             Eave Struts                         50.1        0.01
             Girts                              276.9        0.24
             Sheeting                           362.1        0.56
             Connection Plates                   30.6        0.76
             ----------------------------------------------------
             TOTAL:                            1466.6      216.37



                                 FRONT SIDEWALL
             ====================================================
             Description                   Weight(kg)      Price
             ====================================================
             Door Jambs                          45.3        0.04
             Door Header                         21.6        0.02
             Eave Struts                        227.5        0.09
             Girts                              834.2        0.40
             Sheeting                           955.3        0.88
             Cable                              174.4        0.08
             Connection Plates                    7.9        0.24
             ----------------------------------------------------
             TOTAL:                            2266.2        1.75



                                 RIGHT ENDWALL
             ====================================================
             Description                   Weight(kg)      Price
             ====================================================
             Columns                            291.1      215.39
             Door Jambs                          45.3        0.04
             Door Header                         21.6        0.02
             Eave Struts                         50.1        0.01
             Girts                              395.8        0.26
             Sheeting                           444.6        0.56
             Connection Plates                   30.0        0.70
             ----------------------------------------------------
             TOTAL:                            1278.4      216.98



                                 BACK SIDEWALL
             ====================================================
             Description                   Weight(kg)      Price
             ====================================================
             Eave Struts                        189.8        0.08
             Girts                              839.9        0.40
             Sheeting                           920.6        0.62
             Cable                              174.4        0.08
             ----------------------------------------------------
             TOTAL:                            2124.8        1.18



                                      ROOF
             ====================================================
             Description                   Weight(kg)      Price
             ====================================================
             Purlins                           1656.4        0.67
             Sheeting                          1954.1        1.24
             Cable                              186.0        0.08
             ----------------------------------------------------
             TOTAL:                            3796.6        1.99



                                  RIGID FRAMES
             ====================================================
             Description                   Weight(kg)      Price
             ====================================================
             Rigid Frame 1                     1132.7        0.12
             Rigid Frame 2                     1166.6        0.12
             Rigid Frame 3                     1144.6        0.12
             Rigid Frame 4                     1148.9        0.12
             Rigid Frame 5                     1131.8        0.12
             Ext Beams                          868.2      642.50
             Crane Supports                    4129.0       83.72
             ----------------------------------------------------
             TOTAL:                           10721.8      726.82



                                  ACCESSORIES
             ====================================================
             Description                   Weight(kg)      Price
             ====================================================
             Gutters & Downspouts               506.9        2.26
             ----------------------------------------------------
             TOTAL:                             506.9        2.26
                  NOTE: Gutter is included as part of the trim
                        category from the summary.



                                     OTHER
             ====================================================
             Description                   Weight(kg)      Price
             ====================================================
             Purlins, Girts & Eave Struts       336.4      114.16
             Angles                             512.0        6.81
             Trim                               634.6        2.28
             Cables & Sealant                   269.0        5.38
             Accessories                         21.0        1.44
             Fasteners                          484.1      203.97
             ----------------------------------------------------
             TOTAL:                            2257.3      334.04
