*===============================================================================
*C463-002            Crane Detail Input                     18/DEC/2025  2:50pm
*===============================================================================
 
*( 1)JOBID:
    'C463-002'
 
*( 2)BUILDING LAYOUT:
*                           L_Expand_EW  R_Expand_EW  Build
* Type     Width    Length  Use  Offset  Use  Offset  Slope
  'FF-'  12800.0   30500.0 'Y '  390.00 'Y '  390.00  10.00
 
*( 3)WALL LAYOUT:
*                           -------Wall-------    Wall
* No. Id  Use     Type Opt     Start    Length  Offset
   5  1  'LEFT  ' '-'  '-'         0     12800  230.00
      2  'FRONT ' '-'  '-'         0     30500  230.00
      3  'RIGHT ' '-'  '-'         0     12800  230.00
      4  'BACK  ' '-'  '-'         0     30500  230.00
      5  'ROOF  ' '-'  '-'         0     30500    0.00
 
*( 4)SURFACE SHAPE:
*                            ---Offset---
*  No.   X_Coord   Y_Coord   Left   Right
    4        0.0    9100.0  230.00 230.00
          6400.0    9740.0  200.00 200.00
         12800.0    9100.0  200.00 200.00
         12800.0       0.0  230.00 230.00
 
*( 5)BAY SPACING:
* Wall   --Offset---     No.   ---Bay_Set---
*  Id    Left  Right    Sets     Width  Quan
    1  230.00 230.00      2     7685.0    1
                                5115.0    1
    2  390.00 390.00      4     8535.0    1
                                8210.0    1
                                6715.0    1
                                7040.0    1
    3  230.00 230.00      2     5115.0    1
                                7685.0    1
    4  390.00 390.00      4     7040.0    1
                                6715.0    1
                                8210.0    1
                                8535.0    1
    5  390.00 390.00      4     8535.0    1
                                8210.0    1
                                6715.0    1
                                7040.0    1
 
*( 6)WALL COLUMNS:
*Wall                                    Base  Base   Flange    Web
* Id   No.  Id    Part       Rot  Opt    Elev  Thick   Thick  Thick
   1    3    1   '--------'  'N'  '-'    0.00  16.00    0.00   0.00
             2   'W30a158'   'N'  '-'    0.00   0.00  203.20   0.00
             3   '--------'  'N'  '-'    0.00   0.00    0.00   0.00
   2    5    1   '--------'  'N'  '-'    0.00   0.00    6.00   5.00
             2   '--------'  'N'  '-'    0.00   0.00    6.00   5.00
             3   '--------'  'N'  '-'    0.00   0.00    6.00   5.00
             4   '--------'  'N'  '-'    0.00   0.00    6.00   5.00
             5   '--------'  'N'  '-'    0.00   0.00    6.00   5.00
   3    3    1   '--------'  'N'  '-'    0.00  16.00    0.00   0.00
             2   'W30a158'   'N'  '-'    0.00   0.00  203.20   0.00
             3   '--------'  'N'  '-'    0.00   0.00    0.00   0.00
   4    5    1   '--------'  'N'  '-'    0.00   0.00    6.00   5.00
             2   '--------'  'N'  '-'    0.00   0.00    6.00   5.00
             3   '--------'  'N'  '-'    0.00   0.00    6.00   5.00
             4   '--------'  'N'  '-'    0.00   0.00    6.00   5.00
             5   '--------'  'N'  '-'    0.00   0.00    6.00   5.00
 
*( 7)RIGID FRAMES/INTERIOR COLUMNS:
* No.   Frame  Frame  Frame                                                 Web ----Flange---
*Frame  Line     Id    Type  No.  Id    Part       Rot   Locate    Elev   Depth OS_Flg IS_Flg
   5      1       1    'RF'   0
          2       2    'RF'   0
          3       3    'RF'   0
          4       4    'RF'   0
          5       5    'RF'   0
 
*( 8)CRANE RUNWAY LAYOUT:
*No. Sys Crane Runway -----------------Runway_Location----------------
*Sys Id  Type  Orn      Elev    Offset      Span      Start        End
  1   1  'TG'  'L'    7000.0    1200.0   10400.0        0.0    30500.0
 
*( 9)CRANES OPTIONS:
*System Runway ---Support---         -------Angles-------
* Id     Beam  Beam   Column  Stops  Lat  Long  Beam  Col
   1     'Y'   'N'    'N'     'N'    'Y'  'Y'   'Y'   'Y'
 
*(10)RUNWAY BEAM:
*    Sys Mem Rnwy                                                       Conn_Id   Stiff  ---Weld_Id--
* No. Id  Id Side   Locate Type Opt   Part       Beam       Channel   Left  Right   Id   Beam Channel
   8   1   1 'L'       0.0 'WB' '-'  'W50b3010' 'W50b3010' '--------'   0     0      4     1      0
       1   2 'R'       0.0 'WB' '-'  'W50b3010' 'W50b3010' '--------'   0     0      4     2      0
       1   3 'L'    8535.0 'WB' '-'  'W50b3010' 'W50b3010' '--------'   0     0      4     3      0
       1   4 'R'    8535.0 'WB' '-'  'W50b3010' 'W50b3010' '--------'   0     0      4     4      0
       1   5 'L'   16745.0 'WB' '-'  'W50b2510' 'W50b2510' '--------'   0     0      5     5      0
       1   6 'R'   16745.0 'WB' '-'  'W50b2510' 'W50b2510' '--------'   0     0      5     6      0
       1   7 'L'   23460.0 'WB' '-'  'W50b2510' 'W50b2510' '--------'   0     0      5     7      0
       1   8 'R'   23460.0 'WB' '-'  'W50b2510' 'W50b2510' '--------'   0     0      5     8      0
 
*(11)CRANE SUPPORT BEAM:
*    Sys Member Rnwy                              Conn_Id   Stiff  Weld
* No. Id   Id   Side   Locate Opt    Part       Left  Right   Id    Id
   0
 
*(12)CRANE SUPPORT COLUMN:
*    Sys Member Rnwy                                 Base  Base Cap Stiff  Weld
*No.  Id   Id   Side   Locate Rot Opt   Part         Elev   Id   Id   Id    Id
   0
 
*(13)CRANE BRACKET:
*        Sys Member Rnwy                           Stiff  Weld
*  No.    Id   Id   Side   Locate Opt   Part         Id    Id
   10      1    1   'L'       0.0 '-'  'W35b228 '     0     0
           1    2   'R'       0.0 '-'  'W35b228 '     0     0
           1    3   'L'    8535.0 '-'  'W35b228 '     0     0
           1    4   'R'    8535.0 '-'  'W35b228 '     0     0
           1    5   'L'   16745.0 '-'  'W35b228 '     0     0
           1    6   'R'   16745.0 '-'  'W35b228 '     0     0
           1    7   'L'   23460.0 '-'  'W35b228 '     0     0
           1    8   'R'   23460.0 '-'  'W35b228 '     0     0
           1    9   'L'   30500.0 '-'  'W35b228 '     0     0
           1   10   'R'   30500.0 '-'  'W35b228 '     0     0
 
*(14)CRANE STOP:
*    Sys Member Rnwy                           Conn  Stiff  Weld
* No. Id   Id   Side   Locate Opt   Part        Id     Id    Id
   0
 
*(15)CRANE ANGLES:
*        Sys  Rnwy                                            ---Conn_Id---
*  No.   Id   Side   Locate  Use     Offset  Opt   Part       Frame   Crane
   26     1   'L'       390 'LONG'      870  'R' 'L75X6   '     1       2
          1   'L'      8535 'LONG'      870  'L' 'L75X6   '     1       2
          1   'L'      8535 'LONG'      870  'R' 'L75X6   '     1       2
          1   'L'     16745 'LONG'      870  'L' 'L75X6   '     1       2
          1   'L'     16745 'LONG'      870  'R' 'L75X6   '     1       2
          1   'L'     23460 'LONG'      870  'L' 'L75X6   '     1       2
          1   'L'     23460 'LONG'      870  'R' 'L75X6   '     1       2
          1   'L'     30110 'LONG'      870  'L' 'L75X6   '     1       2
          1   'R'       390 'LONG'      870  'R' 'L75X6   '     1       2
          1   'R'      8535 'LONG'      870  'L' 'L75X6   '     1       2
          1   'R'      8535 'LONG'      870  'R' 'L75X6   '     1       2
          1   'R'     16745 'LONG'      870  'L' 'L75X6   '     1       2
          1   'R'     16745 'LONG'      870  'R' 'L75X6   '     1       2
          1   'R'     23460 'LONG'      870  'L' 'L75X6   '     1       2
          1   'R'     23460 'LONG'      870  'R' 'L75X6   '     1       2
          1   'R'     30110 'LONG'      870  'L' 'L75X6   '     1       2
          1   'L'       390 'LAT '        0  '1' 'L100X8  '     3       3
          1   'L'      8535 'LAT '        0  '2' 'L100X8  '     3       3
          1   'L'     16745 'LAT '        0  '2' 'L100X8  '     3       3
          1   'L'     23460 'LAT '        0  '2' 'L100X8  '     3       3
          1   'L'     30110 'LAT '        0  '1' 'L100X8  '     3       3
          1   'R'       390 'LAT '        0  '1' 'L100X8  '     3       3
          1   'R'      8535 'LAT '        0  '2' 'L100X8  '     3       3
          1   'R'     16745 'LAT '        0  '2' 'L100X8  '     3       3
          1   'R'     23460 'LAT '        0  '2' 'L100X8  '     3       3
          1   'R'     30110 'LAT '        0  '1' 'L100X8  '     3       3
 
*(16)INDEPENDENT DIAGONAL BRACING:
*      System  Rnwy    -----Locate-----       No.   Level                          Conn
* No.    Id    Side    Start        End Dir  Level  Height  Type   Part       Opt   Id
   0
 
*(17)CONNECTION TABLE:
*      Table            ------------Plate-----------    --------------------Bolt-------------------  Bolt  Weld
* No.   Id   Type  Opt  Part       Width Length Thick   Type     Dia Row1 Row2 Space1 Space2   Gage   Ref   Id
   5     1   'S9'  '-' '--------'   0.00   0.00  0.00  'Gr8.8' 20.00   1    1    0.00   0.00   0.00   128    0
         2   'S4'  '-' '--------'   0.00   0.00  0.00  'Gr8.8' 20.00   1    1    0.00   0.00   0.00   128    0
         3   'S9'  '-' '--------'   0.00   0.00  0.00  'Gr8.8' 20.00   1    1    0.00   0.00   0.00   127    0
         4   'ST'  '-' '--------' 140.00 400.00  6.00  'A325 ' 20.00   1    1    0.00   0.00   0.00     0    0
         5   'ST'  '-' '--------' 120.00 400.00  6.00  'A325 ' 20.00   1    1    0.00   0.00   0.00     0    0
 
*(18)WELDS:
*    Table      ---OS_Flange---  ---IS_Flange---  ------Web------  ----Stitch----
*No.  Id   Opt   Size Type Note   Size Type Note   Size Type Note  Length   Space
   8   1   '-'   4.00 'F2'  '-'   4.00 'F2'  '-'   0.00 '- '  '-'    0.00    0.00
       2   '-'   4.00 'F2'  '-'   4.00 'F2'  '-'   0.00 '- '  '-'    0.00    0.00
       3   '-'   4.00 'F2'  '-'   4.00 'F2'  '-'   0.00 '- '  '-'    0.00    0.00
       4   '-'   4.00 'F2'  '-'   4.00 'F2'  '-'   0.00 '- '  '-'    0.00    0.00
       5   '-'   4.00 'F2'  '-'   4.00 'F2'  '-'   0.00 '- '  '-'    0.00    0.00
       6   '-'   4.00 'F2'  '-'   4.00 'F2'  '-'   0.00 '- '  '-'    0.00    0.00
       7   '-'   4.00 'F2'  '-'   4.00 'F2'  '-'   0.00 '- '  '-'    0.00    0.00
       8   '-'   4.00 'F2'  '-'   4.00 'F2'  '-'   0.00 '- '  '-'    0.00    0.00
 
*(19)CRANE STRUT:
*    Sys Member Rnwy                            --Conn_Id--  Weld
* No. Id   Id   Side  Locate  Opt    Part       Left  Right   Id
   0
 
*(20)RIGID FRAME COORDINATES:
*                  No.
*No.   Id   Type  Coord  X_Y_Coordinates
  5     1   'RF-'   16      644          0
                            644       8549
                            637       8545
                            741       8561
                            741       8561
                            741       8561
                            741       8561
                           6401       9228
                           6399       9228
                          12059       8561
                          12059       8561
                          12059       8561
                          12059       8561
                          12163       8545
                          12156       8549
                          12156          0
        2   'RF-'   16      644          0
                            644       8548
                            637       8543
                            741       8559
                            741       8559
                            741       8559
                            741       8559
                           6401       9226
                           6399       9226
                          12059       8559
                          12059       8559
                          12059       8559
                          12059       8559
                          12163       8543
                          12156       8548
                          12156          0
        3   'RF-'   16      644          0
                            644       8549
                            637       8545
                            741       8561
                            741       8561
                            741       8561
                            741       8561
                           6401       9228
                           6399       9228
                          12059       8561
                          12059       8561
                          12059       8561
                          12059       8561
                          12163       8545
                          12156       8549
                          12156          0
        4   'RF-'   16      644          0
                            644       8549
                            637       8545
                            741       8561
                            741       8561
                            741       8561
                            741       8561
                           6401       9228
                           6399       9228
                          12059       8561
                          12059       8561
                          12059       8561
                          12059       8561
                          12163       8545
                          12156       8549
                          12156          0
        5   'RF-'   16      644          0
                            644       8549
                            637       8545
                            741       8561
                            741       8561
                            741       8561
                            741       8561
                           6401       9228
                           6399       9228
                          12059       8561
                          12059       8561
                          12059       8561
                          12059       8561
                          12163       8545
                          12156       8549
                          12156          0
 
*(21)ADDED HOLES:
*    Sys  Mem         Bolt    Slot                      ----Hole---
*No.  Id   Id  Use     Dia  Length   Gage  Offset  Row  No.  Locate
  0
 
*(22)ADDED PLATES:
*    Sys  Mem                                            --------Plate-------- ----Bolts---- Bolt_Holes
*No.  Id   Id  Opt  Att  Side  Locate  Offset  Orn  Rot   Width  Thick  Length    Dia   Gage No. Locate
  0

================================================================================
 C463-002                   Runway Beam  RB-1               18/DEC/2025  2:50pm
================================================================================
  Quan:  1                         Mark: RB-1              Part:W50b3010
-------------------------------------------------------------------------------

 PLATES:
 -------
 Quan Mark   Part     Description   Width   Thick    Length   UnitWt  TotalWt
 ---- ----   -------- -----------   -----   -----  --------   ------  -------
   1  WB1             Web             500    5.00      8300   163.07   163.07
   1  OF1             Flg-O           300   10.00      8300   195.69   195.69
   1  IF1             Flg-I           300   10.00      8300   195.69   195.69
   2  ST3             Web Stiff       140    6.00       400     2.64     5.28
   2  ST2             Web Stiff       140    6.00       400     2.64     5.28
   1  WV4             Vrt Web Clp     200    5.00       125     0.99     0.99
   1  WV1             Vrt Web Clp     200    5.00       125     0.99     0.99
   1  WV3    cl-001   Vrt Web Clp     120    8.00       150     1.13     1.13
   1  WV2    cl-001   Vrt Web Clp     120    8.00       150     1.13     1.13
                                                                      -------
                                                                       569.23

 HOLE LOCATIONS:
 ---------------
  Plate                        Slot/          Bolt
  Mark     Dia  Offset   Gage  Gage2   Angle   Ref Locate
  ----   -----  ------  -----  -----  ------  ---- -----------------------------------
  IF1       22       0    100      0     0.0   130        45      8090      8190 
  WV4       22       0      0      0     0.0   128       100 
  WV1       22       0      0      0     0.0   128       100 
  WV3       22      60      0      0     0.0   127       100 
  WV2       22      60      0      0     0.0   127       100 

 PLATE LOCATIONS:
 ----------------
  Plate
  Type  Attach  Offset   Angle  Side  Locate
  ----- ------  ------  ------  ----  ------------------------------------
  ST3      2        0     0.00    L          15     
  ST2      2        0     0.00    R        8140     
  WV4      F      150     0.00    R         765     
  WV1      F      150     0.00    L        7370     
  WV3      F      150     0.00    R          35     
  WV2      F      150     0.00    L        8100     

 WELDS:
 ------
                  Weld   Weld  Weld    Weld
   Plate  Plate2  Type   Size  Note  Length
   -----  ------  ----  -----  ----  ------
    OF1    WB1     F2    4.00    -   8300.0
    IF1    WB1     F2    4.00    -   8300.0
    ST3    WB      F2    4.00    -    400.0
    ST3    IF      F2    4.00    -    140.0
    ST2    WB      F2    4.00    -    400.0
    ST2    IF      F2    4.00    -    140.0
    WV4    WB1     F1    4.00    -    200.0
    WV1    WB1     F1    4.00    -    200.0
    WV3    WB1     F1    4.00    -    120.0
    WV2    WB1     F1    4.00    -    120.0

 FINISH DIMENSIONS:
 ------------------
   Left    Overall     =     8300 
   Right   Overall     =     8300 
   Max     Overall     =     8300 

 CLIP DETAILING:
 ---------------
   Mark   Typ Thick Ang     A      B      C      D      E      F      G      H
   ------ --- ----- --- ------ ------ ------ ------ ------ ------ ------ ------
   ST3     w   0.00   0 140.00 400.00   0.00   0.00   0.00   0.00   0.00   0.00
   ST2     w   0.00   0 140.00 400.00   0.00   0.00   0.00   0.00   0.00   0.00
   WV1     x   0.00   0 100.00   0.00 100.00  25.40   0.00   0.00   0.00   0.00
   WV4     x   0.00   0 100.00   0.00 100.00  25.40   0.00   0.00   0.00   0.00

================================================================================
 C463-002                   Runway Beam  RB-2               18/DEC/2025  2:50pm
================================================================================
  Quan:  1                         Mark: RB-2              Part:W50b3010
-------------------------------------------------------------------------------

 PLATES:
 -------
 Quan Mark   Part     Description   Width   Thick    Length   UnitWt  TotalWt
 ---- ----   -------- -----------   -----   -----  --------   ------  -------
   1  WB1             Web             500    5.00      8300   163.07   163.07
   1  OF1             Flg-O           300   10.00      8300   195.69   195.69
   1  IF1             Flg-I           300   10.00      8300   195.69   195.69
   2  ST2             Web Stiff       140    6.00       400     2.64     5.28
   2  ST3             Web Stiff       140    6.00       400     2.64     5.28
   1  WV1             Vrt Web Clp     200    5.00       125     0.99     0.99
   1  WV4             Vrt Web Clp     200    5.00       125     0.99     0.99
   1  WV2    cl-001   Vrt Web Clp     120    8.00       150     1.13     1.13
   1  WV3    cl-001   Vrt Web Clp     120    8.00       150     1.13     1.13
                                                                      -------
                                                                       569.23

 HOLE LOCATIONS:
 ---------------
  Plate                        Slot/          Bolt
  Mark     Dia  Offset   Gage  Gage2   Angle   Ref Locate
  ----   -----  ------  -----  -----  ------  ---- -----------------------------------
  IF1       22       0    100      0     0.0   130       110       210      8255 
  WV1       22       0      0      0     0.0   128       100 
  WV4       22       0      0      0     0.0   128       100 
  WV2       22      60      0      0     0.0   127       100 
  WV3       22      60      0      0     0.0   127       100 

 PLATE LOCATIONS:
 ----------------
  Plate
  Type  Attach  Offset   Angle  Side  Locate
  ----- ------  ------  ------  ----  ------------------------------------
  ST2      2        0     0.00    L         160     
  ST3      2        0     0.00    R        8285     
  WV1      F      150     0.00    R         930     
  WV4      F      150     0.00    L        7535     
  WV2      F      150     0.00    R         200     
  WV3      F      150     0.00    L        8265     

 WELDS:
 ------
                  Weld   Weld  Weld    Weld
   Plate  Plate2  Type   Size  Note  Length
   -----  ------  ----  -----  ----  ------
    OF1    WB1     F2    4.00    -   8300.0
    IF1    WB1     F2    4.00    -   8300.0
    ST2    WB      F2    4.00    -    400.0
    ST2    IF      F2    4.00    -    140.0
    ST3    WB      F2    4.00    -    400.0
    ST3    IF      F2    4.00    -    140.0
    WV1    WB1     F1    4.00    -    200.0
    WV4    WB1     F1    4.00    -    200.0
    WV2    WB1     F1    4.00    -    120.0
    WV3    WB1     F1    4.00    -    120.0

 FINISH DIMENSIONS:
 ------------------
   Left    Overall     =     8300 
   Right   Overall     =     8300 
   Max     Overall     =     8300 

 CLIP DETAILING:
 ---------------
   Mark   Typ Thick Ang     A      B      C      D      E      F      G      H
   ------ --- ----- --- ------ ------ ------ ------ ------ ------ ------ ------
   ST2     w   0.00   0 140.00 400.00   0.00   0.00   0.00   0.00   0.00   0.00
   ST3     w   0.00   0 140.00 400.00   0.00   0.00   0.00   0.00   0.00   0.00
   WV1     x   0.00   0 100.00   0.00 100.00  25.40   0.00   0.00   0.00   0.00
   WV4     x   0.00   0 100.00   0.00 100.00  25.40   0.00   0.00   0.00   0.00

================================================================================
 C463-002                   Runway Beam  RB-3               18/DEC/2025  2:50pm
================================================================================
  Quan:  2                         Mark: RB-3              Part:W50b3010
-------------------------------------------------------------------------------

 PLATES:
 -------
 Quan Mark   Part     Description   Width   Thick    Length   UnitWt  TotalWt
 ---- ----   -------- -----------   -----   -----  --------   ------  -------
   2  WB1             Web             500    5.00      8200   161.11   322.21
   2  OF1             Flg-O           300   10.00      8200   193.33   386.66
   2  IF1             Flg-I           300   10.00      8200   193.33   386.66
   4  ST3             Web Stiff       140    6.00       400     2.64    10.56
   4  ST2             Web Stiff       140    6.00       400     2.64    10.56
   2  WV4             Vrt Web Clp     200    5.00       125     0.99     1.97
   2  WV1             Vrt Web Clp     200    5.00       125     0.99     1.97
   2  WV3    cl-001   Vrt Web Clp     120    8.00       150     1.13     2.26
   2  WV2    cl-001   Vrt Web Clp     120    8.00       150     1.13     2.26
                                                                      -------
                                                                      1125.10

 HOLE LOCATIONS:
 ---------------
  Plate                        Slot/          Bolt
  Mark     Dia  Offset   Gage  Gage2   Angle   Ref Locate
  ----   -----  ------  -----  -----  ------  ---- -----------------------------------
  IF1       22       0    100      0     0.0   130        45      8155 
  WV4       22       0      0      0     0.0   128       100 
  WV1       22       0      0      0     0.0   128       100 
  WV3       22      60      0      0     0.0   127       100 
  WV2       22      60      0      0     0.0   127       100 

 PLATE LOCATIONS:
 ----------------
  Plate
  Type  Attach  Offset   Angle  Side  Locate
  ----- ------  ------  ------  ----  ------------------------------------
  ST3      2        0     0.00    L          15     
  ST2      2        0     0.00    R        8185     
  WV4      F      150     0.00    R         765     
  WV1      F      150     0.00    L        7435     
  WV3      F      150     0.00    R          35     
  WV2      F      150     0.00    L        8165     

 WELDS:
 ------
                  Weld   Weld  Weld    Weld
   Plate  Plate2  Type   Size  Note  Length
   -----  ------  ----  -----  ----  ------
    OF1    WB1     F2    4.00    -   8200.0
    IF1    WB1     F2    4.00    -   8200.0
    ST3    WB      F2    4.00    -    400.0
    ST3    IF      F2    4.00    -    140.0
    ST2    WB      F2    4.00    -    400.0
    ST2    IF      F2    4.00    -    140.0
    WV4    WB1     F1    4.00    -    200.0
    WV1    WB1     F1    4.00    -    200.0
    WV3    WB1     F1    4.00    -    120.0
    WV2    WB1     F1    4.00    -    120.0

 FINISH DIMENSIONS:
 ------------------
   Left    Overall     =     8200 
   Right   Overall     =     8200 
   Max     Overall     =     8200 

 CLIP DETAILING:
 ---------------
   Mark   Typ Thick Ang     A      B      C      D      E      F      G      H
   ------ --- ----- --- ------ ------ ------ ------ ------ ------ ------ ------
   ST3     w   0.00   0 140.00 400.00   0.00   0.00   0.00   0.00   0.00   0.00
   ST2     w   0.00   0 140.00 400.00   0.00   0.00   0.00   0.00   0.00   0.00
   WV1     x   0.00   0 100.00   0.00 100.00  25.40   0.00   0.00   0.00   0.00
   WV4     x   0.00   0 100.00   0.00 100.00  25.40   0.00   0.00   0.00   0.00

================================================================================
 C463-002                   Runway Beam  RB-4               18/DEC/2025  2:50pm
================================================================================
  Quan:  2                         Mark: RB-4              Part:W50b2510
-------------------------------------------------------------------------------

 PLATES:
 -------
 Quan Mark   Part     Description   Width   Thick    Length   UnitWt  TotalWt
 ---- ----   -------- -----------   -----   -----  --------   ------  -------
   2  WB1             Web             500    5.00      6705   131.64   263.28
   2  OF1             Flg-O           250   10.00      6705   131.64   263.28
   2  IF1             Flg-I           250   10.00      6705   131.64   263.28
   4  ST3             Web Stiff       120    6.00       400     2.26     9.05
   4  ST2             Web Stiff       120    6.00       400     2.26     9.05
   2  WV4             Vrt Web Clp     200    5.00       125     0.99     1.97
   2  WV1             Vrt Web Clp     200    5.00       125     0.99     1.97
   2  WV3    cl-001   Vrt Web Clp     120    8.00       150     1.13     2.26
   2  WV2    cl-001   Vrt Web Clp     120    8.00       150     1.13     2.26
                                                                      -------
                                                                       816.41

 HOLE LOCATIONS:
 ---------------
  Plate                        Slot/          Bolt
  Mark     Dia  Offset   Gage  Gage2   Angle   Ref Locate
  ----   -----  ------  -----  -----  ------  ---- -----------------------------------
  IF1       22       0    100      0     0.0   130        45      6660 
  WV4       22       0      0      0     0.0   128       100 
  WV1       22       0      0      0     0.0   128       100 
  WV3       22      60      0      0     0.0   127       100 
  WV2       22      60      0      0     0.0   127       100 

 PLATE LOCATIONS:
 ----------------
  Plate
  Type  Attach  Offset   Angle  Side  Locate
  ----- ------  ------  ------  ----  ------------------------------------
  ST3      2        0     0.00    L          15     
  ST2      2        0     0.00    R        6690     
  WV4      F      150     0.00    R         765     
  WV1      F      150     0.00    L        5940     
  WV3      F      150     0.00    R          35     
  WV2      F      150     0.00    L        6670     

 WELDS:
 ------
                  Weld   Weld  Weld    Weld
   Plate  Plate2  Type   Size  Note  Length
   -----  ------  ----  -----  ----  ------
    OF1    WB1     F2    4.00    -   6705.0
    IF1    WB1     F2    4.00    -   6705.0
    ST3    WB      F2    4.00    -    400.0
    ST3    IF      F2    4.00    -    120.0
    ST2    WB      F2    4.00    -    400.0
    ST2    IF      F2    4.00    -    120.0
    WV4    WB1     F1    4.00    -    200.0
    WV1    WB1     F1    4.00    -    200.0
    WV3    WB1     F1    4.00    -    120.0
    WV2    WB1     F1    4.00    -    120.0

 FINISH DIMENSIONS:
 ------------------
   Left    Overall     =     6705 
   Right   Overall     =     6705 
   Max     Overall     =     6705 

 CLIP DETAILING:
 ---------------
   Mark   Typ Thick Ang     A      B      C      D      E      F      G      H
   ------ --- ----- --- ------ ------ ------ ------ ------ ------ ------ ------
   ST3     w   0.00   0 120.00 400.00   0.00   0.00   0.00   0.00   0.00   0.00
   ST2     w   0.00   0 120.00 400.00   0.00   0.00   0.00   0.00   0.00   0.00
   WV1     x   0.00   0 100.00   0.00 100.00  25.40   0.00   0.00   0.00   0.00
   WV4     x   0.00   0 100.00   0.00 100.00  25.40   0.00   0.00   0.00   0.00

================================================================================
 C463-002                   Runway Beam  RB-5               18/DEC/2025  2:50pm
================================================================================
  Quan:  1                         Mark: RB-5              Part:W50b2510
-------------------------------------------------------------------------------

 PLATES:
 -------
 Quan Mark   Part     Description   Width   Thick    Length   UnitWt  TotalWt
 ---- ----   -------- -----------   -----   -----  --------   ------  -------
   1  WB1             Web             500    5.00      6805   133.61   133.61
   1  OF1             Flg-O           250   10.00      6805   133.61   133.61
   1  IF1             Flg-I           250   10.00      6805   133.61   133.61
   2  ST3             Web Stiff       120    6.00       400     2.26     4.53
   2  ST2             Web Stiff       120    6.00       400     2.26     4.53
   1  WV4             Vrt Web Clp     200    5.00       125     0.99     0.99
   1  WV1             Vrt Web Clp     200    5.00       125     0.99     0.99
   1  WV3    cl-001   Vrt Web Clp     120    8.00       150     1.13     1.13
   1  WV2    cl-001   Vrt Web Clp     120    8.00       150     1.13     1.13
                                                                      -------
                                                                       414.10

 HOLE LOCATIONS:
 ---------------
  Plate                        Slot/          Bolt
  Mark     Dia  Offset   Gage  Gage2   Angle   Ref Locate
  ----   -----  ------  -----  -----  ------  ---- -----------------------------------
  IF1       22       0    100      0     0.0   130       110       210      6760 
  WV4       22       0      0      0     0.0   128       100 
  WV1       22       0      0      0     0.0   128       100 
  WV3       22      60      0      0     0.0   127       100 
  WV2       22      60      0      0     0.0   127       100 

 PLATE LOCATIONS:
 ----------------
  Plate
  Type  Attach  Offset   Angle  Side  Locate
  ----- ------  ------  ------  ----  ------------------------------------
  ST3      2        0     0.00    L         160     
  ST2      2        0     0.00    R        6790     
  WV4      F      150     0.00    R         930     
  WV1      F      150     0.00    L        6040     
  WV3      F      150     0.00    R           0     
  WV2      F      150     0.00    L        6770     

 WELDS:
 ------
                  Weld   Weld  Weld    Weld
   Plate  Plate2  Type   Size  Note  Length
   -----  ------  ----  -----  ----  ------
    OF1    WB1     F2    4.00    -   6805.0
    IF1    WB1     F2    4.00    -   6805.0
    ST3    WB      F2    4.00    -    400.0
    ST3    IF      F2    4.00    -    120.0
    ST2    WB      F2    4.00    -    400.0
    ST2    IF      F2    4.00    -    120.0
    WV4    WB1     F1    4.00    -    200.0
    WV1    WB1     F1    4.00    -    200.0
    WV3    WB1     F1    4.00    -    120.0
    WV2    WB1     F1    4.00    -    120.0

 FINISH DIMENSIONS:
 ------------------
   Left    Overall     =     6805 
   Right   Overall     =     6805 
   Max     Overall     =     6805 

 CLIP DETAILING:
 ---------------
   Mark   Typ Thick Ang     A      B      C      D      E      F      G      H
   ------ --- ----- --- ------ ------ ------ ------ ------ ------ ------ ------
   ST3     w   0.00   0 120.00 400.00   0.00   0.00   0.00   0.00   0.00   0.00
   ST2     w   0.00   0 120.00 400.00   0.00   0.00   0.00   0.00   0.00   0.00
   WV1     x   0.00   0 100.00   0.00 100.00  25.40   0.00   0.00   0.00   0.00
   WV4     x   0.00   0 100.00   0.00 100.00  25.40   0.00   0.00   0.00   0.00

================================================================================
 C463-002                   Runway Beam  RB-6               18/DEC/2025  2:50pm
================================================================================
  Quan:  1                         Mark: RB-6              Part:W50b2510
-------------------------------------------------------------------------------

 PLATES:
 -------
 Quan Mark   Part     Description   Width   Thick    Length   UnitWt  TotalWt
 ---- ----   -------- -----------   -----   -----  --------   ------  -------
   1  WB1             Web             500    5.00      6805   133.61   133.61
   1  OF1             Flg-O           250   10.00      6805   133.61   133.61
   1  IF1             Flg-I           250   10.00      6805   133.61   133.61
   2  ST2             Web Stiff       120    6.00       400     2.26     4.53
   2  ST3             Web Stiff       120    6.00       400     2.26     4.53
   1  WV1             Vrt Web Clp     200    5.00       125     0.99     0.99
   1  WV4             Vrt Web Clp     200    5.00       125     0.99     0.99
   1  WV2    cl-001   Vrt Web Clp     120    8.00       150     1.13     1.13
   1  WV3    cl-001   Vrt Web Clp     120    8.00       150     1.13     1.13
                                                                      -------
                                                                       414.10

 HOLE LOCATIONS:
 ---------------
  Plate                        Slot/          Bolt
  Mark     Dia  Offset   Gage  Gage2   Angle   Ref Locate
  ----   -----  ------  -----  -----  ------  ---- -----------------------------------
  IF1       22       0    100      0     0.0   130        45      6595      6695 
  WV1       22       0      0      0     0.0   128       100 
  WV4       22       0      0      0     0.0   128       100 
  WV2       22      60      0      0     0.0   127       100 
  WV3       22      60      0      0     0.0   127       100 

 PLATE LOCATIONS:
 ----------------
  Plate
  Type  Attach  Offset   Angle  Side  Locate
  ----- ------  ------  ------  ----  ------------------------------------
  ST2      2        0     0.00    L          15     
  ST3      2        0     0.00    R        6645     
  WV1      F      150     0.00    R         765     
  WV4      F      150     0.00    L        5875     
  WV2      F      150     0.00    R          35     
  WV3      F      150     0.00    L        6805     

 WELDS:
 ------
                  Weld   Weld  Weld    Weld
   Plate  Plate2  Type   Size  Note  Length
   -----  ------  ----  -----  ----  ------
    OF1    WB1     F2    4.00    -   6805.0
    IF1    WB1     F2    4.00    -   6805.0
    ST2    WB      F2    4.00    -    400.0
    ST2    IF      F2    4.00    -    120.0
    ST3    WB      F2    4.00    -    400.0
    ST3    IF      F2    4.00    -    120.0
    WV1    WB1     F1    4.00    -    200.0
    WV4    WB1     F1    4.00    -    200.0
    WV2    WB1     F1    4.00    -    120.0
    WV3    WB1     F1    4.00    -    120.0

 FINISH DIMENSIONS:
 ------------------
   Left    Overall     =     6805 
   Right   Overall     =     6805 
   Max     Overall     =     6805 

 CLIP DETAILING:
 ---------------
   Mark   Typ Thick Ang     A      B      C      D      E      F      G      H
   ------ --- ----- --- ------ ------ ------ ------ ------ ------ ------ ------
   ST2     w   0.00   0 120.00 400.00   0.00   0.00   0.00   0.00   0.00   0.00
   ST3     w   0.00   0 120.00 400.00   0.00   0.00   0.00   0.00   0.00   0.00
   WV1     x   0.00   0 100.00   0.00 100.00  25.40   0.00   0.00   0.00   0.00
   WV4     x   0.00   0 100.00   0.00 100.00  25.40   0.00   0.00   0.00   0.00

================================================================================
 C463-002            Angles                                 18/DEC/2025  2:50pm
================================================================================

 LONGITUDINAL ANGLES:
 -------------------
 System  ---Runway---   Col  -Brace_Dist-
   Id    Side  Locate  Side  Depth  Width  Length  Part      Mark
 ------  ----  ------  ----  -----  -----  ------  --------  ------
    1      L      390    R   970.0  870.0 1209.5   L75X6     CA-1  
    1      L     8535    L   970.0  870.0 1209.5   L75X6     CA-1  
    1      L     8535    R   970.0  870.0 1209.5   L75X6     CA-1  
    1      L    16745    L   970.0  870.0 1209.5   L75X6     CA-1  
    1      L    16745    R   970.0  870.0 1209.5   L75X6     CA-1  
    1      L    23460    L   970.0  870.0 1209.5   L75X6     CA-1  
    1      L    23460    R   970.0  870.0 1209.5   L75X6     CA-1  
    1      L    30110    L   970.0  870.0 1209.5   L75X6     CA-1  
    1      R      390    R   970.0  870.0 1209.5   L75X6     CA-1  
    1      R     8535    L   970.0  870.0 1209.5   L75X6     CA-1  
    1      R     8535    R   970.0  870.0 1209.5   L75X6     CA-1  
    1      R    16745    L   970.0  870.0 1209.5   L75X6     CA-1  
    1      R    16745    R   970.0  870.0 1209.5   L75X6     CA-1  
    1      R    23460    L   970.0  870.0 1209.5   L75X6     CA-1  
    1      R    23460    R   970.0  870.0 1209.5   L75X6     CA-1  
    1      R    30110    L   970.0  870.0 1209.5   L75X6     CA-1  
 
 LATERAL ANGLES AT RIGID FRAME:
 ------------------------------
 System  ---Runway---   Col  -Brace_Dist-
   Id    Side  Locate  Side  Depth  Width  Length  Part      Mark
 ------  ----  ------  ----  -----  -----  ------  --------  ------
    1      L      390    1     0.0  556.0  453.5   L100X8    CA-2  
    1      L     8535    2     0.0  556.0  453.5   L100X8    CA-2  
    1      L    16745    2     0.0  556.0  453.5   L100X8    CA-2  
    1      L    23460    2     0.0  556.0  453.5   L100X8    CA-2  
    1      L    30110    1     0.0  556.0  453.5   L100X8    CA-2  
    1      R      390    1     0.0  556.0  453.5   L100X8    CA-2  
    1      R     8535    2     0.0  556.0  453.5   L100X8    CA-2  
    1      R    16745    2     0.0  556.0  453.5   L100X8    CA-2  
    1      R    23460    2     0.0  556.0  453.5   L100X8    CA-2  
    1      R    30110    1     0.0  556.0  453.5   L100X8    CA-2  
 
 LATERAL ANGLES AT SUPPORT BEAM:
 -------------------------------
 System  ---Runway---   Col  -Brace_Dist-
   Id    Side  Locate  Side  Depth  Width  Length  Part      Mark
 ------  ----  ------  ----  -----  -----  ------  --------  ------
 
 COLUMN ANGLES:
 --------------
 System  ---Runway---   Col
   Id    Side  Locate  Side  Height  Length  Part      Mark
 ------  ----  ------  ----  ------  ------  --------  ------

================================================================================
 C463-002            Connection Summary                     18/DEC/2025  2:50pm
================================================================================

 RUNWAY BEAM:
 ------------
   Sys  -----Beam----        ---------Plate(mm)--------  -------Bolt(mm)-------
    Id  Id Mark   End  Type  Mark   Thick  Width Length  Type    Dia Qty DtBolt
   ---  -- ------ ---  ----  ------ ----- ------ ------  ----  ----- --- ------
     1   1 RB-1    1    S4           0.00   0.00   0.00  Gr8.8 20.00   4   130
     1   1 RB-1    2    S4           0.00   0.00   0.00  Gr8.8 20.00   2   130
     1   2 RB-2    1    S4           0.00   0.00   0.00  Gr8.8 20.00   4   130
     1   2 RB-2    2    S4           0.00   0.00   0.00  Gr8.8 20.00   2   130
     1   3 RB-3    1    S4           0.00   0.00   0.00  Gr8.8 20.00   2   130
     1   3 RB-3    2    S4           0.00   0.00   0.00  Gr8.8 20.00   2   130
     1   4 RB-3    1    S4           0.00   0.00   0.00  Gr8.8 20.00   2   130
     1   4 RB-3    2    S4           0.00   0.00   0.00  Gr8.8 20.00   2   130
     1   5 RB-4    1    S4           0.00   0.00   0.00  Gr8.8 20.00   2   130
     1   5 RB-4    2    S4           0.00   0.00   0.00  Gr8.8 20.00   2   130
     1   6 RB-4    1    S4           0.00   0.00   0.00  Gr8.8 20.00   2   130
     1   6 RB-4    2    S4           0.00   0.00   0.00  Gr8.8 20.00   2   130
     1   7 RB-5    1    S4           0.00   0.00   0.00  Gr8.8 20.00   2   130
     1   7 RB-5    2    S4           0.00   0.00   0.00  Gr8.8 20.00   4   130
     1   8 RB-6    1    S4           0.00   0.00   0.00  Gr8.8 20.00   2   130
     1   8 RB-6    2    S4           0.00   0.00   0.00  Gr8.8 20.00   4   130
 
 SUPPORT COLUMN:
 ---------------
   Sys  -----Beam----        ---------Plate(mm)--------  -------Bolt(mm)-------
    Id  Id Mark   End  Type  Mark   Thick  Width Length  Type    Dia Qty DtBolt
   ---  -- ------ ---  ----  ------ ----- ------ ------  ----  ----- --- ------
 
 SUPPORT BEAM:
 -------------
   Sys  -----Beam----        ---------Plate(mm)--------  -------Bolt(mm)-------
    Id  Id Mark   End  Type  Mark   Thick  Width Length  Type    Dia Qty DtBolt
   ---  -- ------ ---  ----  ------ ----- ------ ------  ----  ----- --- ------
 
 ANGLES:
 ------
   Sys  -----Beam----        ---------Plate(mm)--------  -------Bolt(mm)-------
    Id  Id Mark   End  Type  Mark   Thick  Width Length  Type    Dia Qty DtBolt
   ---  -- ------ ---  ----  ------ ----- ------ ------  ----  ----- --- ------
     1   1 CA-1    1    S4           0.00   0.00   0.00  Gr8.8 20.00   1   128
     1   1 CA-1    2    S9           5.00 200.00 125.40  Gr8.8 20.00   1   128
     1   2 CA-1    1    S4           0.00   0.00   0.00  Gr8.8 20.00   1   128
     1   2 CA-1    2    S9           5.00 200.00 125.40  Gr8.8 20.00   1   128
     1   3 CA-1    1    S4           0.00   0.00   0.00  Gr8.8 20.00   1   128
     1   3 CA-1    2    S9           5.00 200.00 125.40  Gr8.8 20.00   1   128
     1   4 CA-1    1    S4           0.00   0.00   0.00  Gr8.8 20.00   1   128
     1   4 CA-1    2    S9           5.00 200.00 125.40  Gr8.8 20.00   1   128
     1   5 CA-1    1    S4           0.00   0.00   0.00  Gr8.8 20.00   1   128
     1   5 CA-1    2    S9           5.00 200.00 125.40  Gr8.8 20.00   1   128
     1   6 CA-1    1    S4           0.00   0.00   0.00  Gr8.8 20.00   1   128
     1   6 CA-1    2    S9           5.00 200.00 125.40  Gr8.8 20.00   1   128
     1   7 CA-1    1    S4           0.00   0.00   0.00  Gr8.8 20.00   1   128
     1   7 CA-1    2    S9           5.00 200.00 125.40  Gr8.8 20.00   1   128
     1   8 CA-1    1    S4           0.00   0.00   0.00  Gr8.8 20.00   1   128
     1   8 CA-1    2    S9           5.00 200.00 125.40  Gr8.8 20.00   1   128
     1   9 CA-1    1    S4           0.00   0.00   0.00  Gr8.8 20.00   1   128
     1   9 CA-1    2    S9           5.00 200.00 125.40  Gr8.8 20.00   1   128
     1  10 CA-1    1    S4           0.00   0.00   0.00  Gr8.8 20.00   1   128
     1  10 CA-1    2    S9           5.00 200.00 125.40  Gr8.8 20.00   1   128
     1  11 CA-1    1    S4           0.00   0.00   0.00  Gr8.8 20.00   1   128
     1  11 CA-1    2    S9           5.00 200.00 125.40  Gr8.8 20.00   1   128
     1  12 CA-1    1    S4           0.00   0.00   0.00  Gr8.8 20.00   1   128
     1  12 CA-1    2    S9           5.00 200.00 125.40  Gr8.8 20.00   1   128
     1  13 CA-1    1    S4           0.00   0.00   0.00  Gr8.8 20.00   1   128
     1  13 CA-1    2    S9           5.00 200.00 125.40  Gr8.8 20.00   1   128
     1  14 CA-1    1    S4           0.00   0.00   0.00  Gr8.8 20.00   1   128
     1  14 CA-1    2    S9           5.00 200.00 125.40  Gr8.8 20.00   1   128
     1  15 CA-1    1    S4           0.00   0.00   0.00  Gr8.8 20.00   1   128
     1  15 CA-1    2    S9           5.00 200.00 125.40  Gr8.8 20.00   1   128
     1  16 CA-1    1    S4           0.00   0.00   0.00  Gr8.8 20.00   1   128
     1  16 CA-1    2    S9           5.00 200.00 125.40  Gr8.8 20.00   1   128
     1  17 CA-2    1    S9           5.00 200.00 125.40  Gr8.8 20.00   1   127
     1  17 CA-2    2    S9           5.00 200.00 125.40  Gr8.8 20.00   1   127
     1  18 CA-2    1    S9           5.00 200.00 125.40  Gr8.8 20.00   1   127
     1  18 CA-2    2    S9           5.00 200.00 125.40  Gr8.8 20.00   1   127
     1  19 CA-2    1    S9           5.00 200.00 125.40  Gr8.8 20.00   1   127
     1  19 CA-2    2    S9           5.00 200.00 125.40  Gr8.8 20.00   1   127
     1  20 CA-2    1    S9           5.00 200.00 125.40  Gr8.8 20.00   1   127
     1  20 CA-2    2    S9           5.00 200.00 125.40  Gr8.8 20.00   1   127
     1  21 CA-2    1    S9           5.00 200.00 125.40  Gr8.8 20.00   1   127
     1  21 CA-2    2    S9           5.00 200.00 125.40  Gr8.8 20.00   1   127
     1  22 CA-2    1    S9           5.00 200.00 125.40  Gr8.8 20.00   1   127
     1  22 CA-2    2    S9           5.00 200.00 125.40  Gr8.8 20.00   1   127
     1  23 CA-2    1    S9           5.00 200.00 125.40  Gr8.8 20.00   1   127
     1  23 CA-2    2    S9           5.00 200.00 125.40  Gr8.8 20.00   1   127
     1  24 CA-2    1    S9           5.00 200.00 125.40  Gr8.8 20.00   1   127
     1  24 CA-2    2    S9           5.00 200.00 125.40  Gr8.8 20.00   1   127
     1  25 CA-2    1    S9           5.00 200.00 125.40  Gr8.8 20.00   1   127
     1  25 CA-2    2    S9           5.00 200.00 125.40  Gr8.8 20.00   1   127
     1  26 CA-2    1    S9           5.00 200.00 125.40  Gr8.8 20.00   1   127
     1  26 CA-2    2    S9           5.00 200.00 125.40  Gr8.8 20.00   1   127

================================================================================
 C463-002            Weld Lengths                           18/DEC/2025  2:50pm
================================================================================


        Piece    Size    Web-Flange    ------Hand_Weld(mm)-----
  Qty   Mark     (mm)    Fillet(mm)     Fillet   Groove    Butt
  ---   -----   -----    ----------    -------  -------  ------
    1    RB-1    4.00       33200         4960        0       0
 
    1    RB-2    4.00       33200         4960        0       0
 
    2    RB-3    4.00       65600         9920        0       0
 
    2    RB-4    4.00       53640         9600        0       0
 
    1    RB-5    4.00       27220         4800        0       0
 
    1    RB-6    4.00       27220         4800        0       0

================================================================================
 C463-002            Cost Summary                           18/DEC/2025  2:50pm
================================================================================

        Piece                  End    Clip  Stiff         Surf   Set  Unit  Total
  Quan  Id     Flange    Web  Plate  Plate  Plate  Weld  Treat    Up  Cost   Cost
  ----  -----  ------    ---  -----  -----  -----  ----  -----  ----  ----  -----
    1   RB-1    
        Matrl:      0      0      0      3      8     0     0           11     11
        Labor:      0      0      0      0      0     0     0      0     0      0
               ------    ---  -----  -----  -----  ----  -----  ----  ----  -----
                    0      0      0      3      8     0     0      0    11     11 
    1   RB-2    
        Matrl:      0      0      0      3      8     0     0           11     11
        Labor:      0      0      0      0      0     0     0      0     0      0
               ------    ---  -----  -----  -----  ----  -----  ----  ----  -----
                    0      0      0      3      8     0     0      0    11     11 
    2   RB-3    
        Matrl:      0      0      0      3      8     0     0           11     22
        Labor:      0      0      0      0      0     0     0      0     0      0
               ------    ---  -----  -----  -----  ----  -----  ----  ----  -----
                    0      0      0      3      8     0     0      0    11     22 
    2   RB-4    
        Matrl:      0      0      0      3      7     0     0           10     20
        Labor:      0      0      0      0      0     0     0      0     0      0
               ------    ---  -----  -----  -----  ----  -----  ----  ----  -----
                    0      0      0      3      7     0     0      0    10     20 
    1   RB-5    
        Matrl:      0      0      0      3      7     0     0           10     10
        Labor:      0      0      0      0      0     0     0      0     0      0
               ------    ---  -----  -----  -----  ----  -----  ----  ----  -----
                    0      0      0      3      7     0     0      0    10     10 
    1   RB-6    
        Matrl:      0      0      0      3      7     0     0           10     10
        Labor:      0      0      0      0      0     0     0      0     0      0
               ------    ---  -----  -----  -----  ----  -----  ----  ----  -----
                    0      0      0      3      7     0     0      0    10     10 
 

 PLATE COST:
 -----------
  Piece  -------------Plate-------------        Material    Labor   Surface
  Mark   Mark  Part      Length   Weight  Qty       Cost     Cost  Treatment  File     Record    Adjust
  -----  ----  --------  ------   ------  ---   --------  -------  ---------  -------  --------  --------
  RB-1   WB1   W50b3010  8300.0   554.44    1       0.01     0.01      0.00   DT_COST  W50b3010          
  RB-1   ST3              400.0     2.64    2       3.91     0.00      0.00   EW_COST  FRAME     @$W/L(F)
  RB-1   ST2              400.0     2.64    2       3.91     0.00      0.00   EW_COST  FRAME     @$W/L(F)
  RB-1   WV4              125.4     0.99    1       0.73     0.00      0.00   EW_COST  FRAME     @$W/L(F)
  RB-1   WV1              125.4     0.99    1       0.73     0.00      0.00   EW_COST  FRAME     @$W/L(F)
  RB-1   cl-0  cl-001     150.0     1.13    1       0.84     0.00      0.00   EW_COST  FRAME     @$W/L(F)
  RB-1   cl-0  cl-001     150.0     1.13    1       0.84     0.00      0.00   EW_COST  FRAME     @$W/L(F)
  RB-2   WB1   W50b3010  8300.0   554.44    1       0.01     0.01      0.00   DT_COST  W50b3010          
  RB-2   ST2              400.0     2.64    2       3.91     0.00      0.00   EW_COST  FRAME     @$W/L(F)
  RB-2   ST3              400.0     2.64    2       3.91     0.00      0.00   EW_COST  FRAME     @$W/L(F)
  RB-2   WV1              125.4     0.99    1       0.73     0.00      0.00   EW_COST  FRAME     @$W/L(F)
  RB-2   WV4              125.4     0.99    1       0.73     0.00      0.00   EW_COST  FRAME     @$W/L(F)
  RB-2   cl-0  cl-001     150.0     1.13    1       0.84     0.00      0.00   EW_COST  FRAME     @$W/L(F)
  RB-2   cl-0  cl-001     150.0     1.13    1       0.84     0.00      0.00   EW_COST  FRAME     @$W/L(F)
  RB-3   WB1   W50b3010  8200.0   547.76    1       0.01     0.01      0.00   DT_COST  W50b3010          
  RB-3   ST3              400.0     2.64    2       3.91     0.00      0.00   EW_COST  FRAME     @$W/L(F)
  RB-3   ST2              400.0     2.64    2       3.91     0.00      0.00   EW_COST  FRAME     @$W/L(F)
  RB-3   WV4              125.4     0.99    1       0.73     0.00      0.00   EW_COST  FRAME     @$W/L(F)
  RB-3   WV1              125.4     0.99    1       0.73     0.00      0.00   EW_COST  FRAME     @$W/L(F)
  RB-3   cl-0  cl-001     150.0     1.13    1       0.84     0.00      0.00   EW_COST  FRAME     @$W/L(F)
  RB-3   cl-0  cl-001     150.0     1.13    1       0.84     0.00      0.00   EW_COST  FRAME     @$W/L(F)
  RB-4   WB1   W50b2510  6705.0   394.93    1       0.01     0.01      0.00   DT_COST  W50b2510          
  RB-4   ST3              400.0     2.26    2       3.35     0.00      0.00   EW_COST  FRAME     @$W/L(F)
  RB-4   ST2              400.0     2.26    2       3.35     0.00      0.00   EW_COST  FRAME     @$W/L(F)
  RB-4   WV4              125.4     0.99    1       0.73     0.00      0.00   EW_COST  FRAME     @$W/L(F)
  RB-4   WV1              125.4     0.99    1       0.73     0.00      0.00   EW_COST  FRAME     @$W/L(F)
  RB-4   cl-0  cl-001     150.0     1.13    1       0.84     0.00      0.00   EW_COST  FRAME     @$W/L(F)
  RB-4   cl-0  cl-001     150.0     1.13    1       0.84     0.00      0.00   EW_COST  FRAME     @$W/L(F)
  RB-5   WB1   W50b2510  6805.0   400.82    1       0.01     0.01      0.00   DT_COST  W50b2510          
  RB-5   ST3              400.0     2.26    2       3.35     0.00      0.00   EW_COST  FRAME     @$W/L(F)
  RB-5   ST2              400.0     2.26    2       3.35     0.00      0.00   EW_COST  FRAME     @$W/L(F)
  RB-5   WV4              125.4     0.99    1       0.73     0.00      0.00   EW_COST  FRAME     @$W/L(F)
  RB-5   WV1              125.4     0.99    1       0.73     0.00      0.00   EW_COST  FRAME     @$W/L(F)
  RB-5   cl-0  cl-001     150.0     1.13    1       0.84     0.00      0.00   EW_COST  FRAME     @$W/L(F)
  RB-5   cl-0  cl-001     150.0     1.13    1       0.84     0.00      0.00   EW_COST  FRAME     @$W/L(F)
  RB-6   WB1   W50b2510  6805.0   400.82    1       0.01     0.01      0.00   DT_COST  W50b2510          
  RB-6   ST2              400.0     2.26    2       3.35     0.00      0.00   EW_COST  FRAME     @$W/L(F)
  RB-6   ST3              400.0     2.26    2       3.35     0.00      0.00   EW_COST  FRAME     @$W/L(F)
  RB-6   WV1              125.4     0.99    1       0.73     0.00      0.00   EW_COST  FRAME     @$W/L(F)
  RB-6   WV4              125.4     0.99    1       0.73     0.00      0.00   EW_COST  FRAME     @$W/L(F)
  RB-6   cl-0  cl-001     150.0     1.13    1       0.84     0.00      0.00   EW_COST  FRAME     @$W/L(F)
  RB-6   cl-0  cl-001     150.0     1.13    1       0.84     0.00      0.00   EW_COST  FRAME     @$W/L(F)

================================================================================
 C463-002            Warning Summary                        18/DEC/2025  2:50pm
================================================================================


                   .. No Warnings
