*===============================================================================
*C463-002            Crane Design Input                     18/DEC/2025  2:48pm
*===============================================================================
 
*( 1)JOBID:
    'C463-002'
 
*( 2)DESIGN CODE:
*Design  ---Steel_Code---             ---Build---   Code     Seismic
* Code   Cold       Hot      Country  Code   Year   Label     Zone
  'WS'  'NAUS07  ' 'AISC05'  '    '  'MBMA'  '10'  'MBMA 10 ' 'C  '
 
*( 3)DESIGN CONSTANTS:
*                                                      Wind     Load
* ---------------Steel_Yield----------------  Stress Strength   Ratio
* Web   Flg  C_Sec W_Sec R_Sec  U_Sec   EP    Ratio   Ratio    Factor
  345   345    345   345   235    235   345    1.00    1.0000  1.0000
 
*( 4)REPORTS:
* Input  Runway   ---Support---  Cable
* Echo    Beam    Beam   Column  Brace
   'I'    'Y'     'Y'     'Y'     'Y'
 
*( 5)BUILDING LAYOUT:
* Build   L_Expand_EW  R_Expand_EW
*  Type   Use  Offset  Use  Offset
  'FF-'   'Y ' 390.00  'Y ' 390.00
 
*( 6)SURFACE SHAPE:
*  No.     X_Coord  Y_Coord  Offset
     4          0      9100  230.00
             6400      9740  200.00
            12800      9100  200.00
            12800         0  230.00
 
*( 7)BAY SPACING:
* Wall   No.   ---Bay_Set---
*  Id   Sets     Width  Quan
    1     2       7685    1
                  5115    1
    2     4       8535    1
                  8210    1
                  6715    1
                  7040    1
    3     2       5115    1
                  7685    1
    4     4       7040    1
                  6715    1
                  8210    1
                  8535    1
    5     4       8535    1
                  8210    1
                  6715    1
                  7040    1
 
*( 8)CRANE RUNWAY LAYOUT:
*        Crane Runway -----------------Runway_Location----------------    Frame_Offset
*No. Id  Type  Orn      Elev    Offset      Span      Start        End    Left   Right
  1   1  'TG'  'L'      7000      1200     10400          0      30500     970     970
 
*( 9)CRANE OPTIONS:
*System Runway ---Support---        ----------Rail---------  Min_Crane   Set
* Id     Beam  Beam   Column Stops  Type  Depth Conn   Dead    Space    Order
   1     'Y-'  'N-'   'N-'   'N-'   'R-'  50.00 'H '   30.0        0     'Y'
 
*(10)CRANE SYSTEM OPTIMIZATION:
*    --------Runway_Beam--------  -----Support_Beam-----  ---------Support_Column---------
*Sys ------Depth-----   Deflect   -----Depth------  Defl  ---Left_Depth--  --Right_Depth--
* Id Opt  Min   Max    Horz Vert  Opt  Min    Max   Vert  Opt  Min   Max   Opt  Min   Max
   1 '-'   0.0   0.0  400.  600.  '-'   0.0    0.0  150.  '-'   0.0   0.0  '-'   0.0   0.0
 
*(11)CRANE RUNWAY BEAM:
*    Sys Mem Rnwy        Member                            ----Web----   Bot_Flange    Top_Flange
* No. Id  Id Side  Locate Type  Opt  Beam       Channel    Depth Thick  Width  Thick  Width  Thick
    8  1   1 'L'        0 'WB'  '-' '--------' '--------'   0.00  0.00   0.00   0.00   0.00   0.00
       1   2 'R'        0 'WB'  '-' '--------' '--------'   0.00  0.00   0.00   0.00   0.00   0.00
       1   3 'L'     8535 'WB'  '-' '--------' '--------'   0.00  0.00   0.00   0.00   0.00   0.00
       1   4 'R'     8535 'WB'  '-' '--------' '--------'   0.00  0.00   0.00   0.00   0.00   0.00
       1   5 'L'    16745 'WB'  '-' '--------' '--------'   0.00  0.00   0.00   0.00   0.00   0.00
       1   6 'R'    16745 'WB'  '-' '--------' '--------'   0.00  0.00   0.00   0.00   0.00   0.00
       1   7 'L'    23460 'WB'  '-' '--------' '--------'   0.00  0.00   0.00   0.00   0.00   0.00
       1   8 'R'    23460 'WB'  '-' '--------' '--------'   0.00  0.00   0.00   0.00   0.00   0.00
 
*(12)CRANE SUPPORT BEAM:
*    Sys Member Rnwy                                 Conn
* No. Id   Id   Side   Locate Type Opt    Part       Type
   0
 
*(13)CRANE SUPPORT COLUMN:
*    Sys Member Rnwy                                       Base      Max
* No. Id   Id   Side   Locate Type Rot   Opt  Part         Elev      UBL
   0
 
*(14)CRANE BRACKET:
*       Sys Member Rnwy  ------------Bracket----------- Conn
*  No.   Id   Id   Side    Locate Type  Opt   Part      Type
   10     1    1    'L'         0 'R '  '-'  'W15a125 ' '--'
          1    2    'R'         0 'R '  '-'  'W15a125 ' '--'
          1    3    'L'      8535 'R '  '-'  'W15a125 ' '--'
          1    4    'R'      8535 'R '  '-'  'W15a125 ' '--'
          1    5    'L'     16745 'R '  '-'  'W15a125 ' '--'
          1    6    'R'     16745 'R '  '-'  'W15a125 ' '--'
          1    7    'L'     23460 'R '  '-'  'W15a125 ' '--'
          1    8    'R'     23460 'R '  '-'  'W15a125 ' '--'
          1    9    'L'     30500 'R '  '-'  'W15a125 ' '--'
          1   10    'R'     30500 'R '  '-'  'W15a125 ' '--'
 
*(15)CRANE STOP:
*    Sys Member Rnwy                                Conn
* No. Id   Id   Side   Locate Type Opt   Part       Type
   0
 
*(16)CRANE MEMBER:
*     Sys                        --Wheel_Base--
*No.  Id  Id    Start      End      Out      In
  1    1   1        0    30500     2200       0
 
*(17)CRANE LOAD:
*                                                                Vertical_Impact
*     Sys               --------------Wheel_Loads-------------    Frame    Beam   Overload Service    No.
*No.  Id  Id  Capacity  Bridge  Hoist  Vertical  Lateral  Long   Factor  Factor    Factor    Class  Cycles
  1    1   1    75.00    6.53    1.25   38.00     4.00    3.80     1.10    1.10     0.00      'C'   500000
 
*(18)INDEPENDENT DIAGONAL BRACING:
*             Support_Beam  --------Runway_Brace---------
*System  Rnwy    Brace      Brace Brace    No.
*  Id    Side    Type       Type   Opt    Bays     Bay_Id
    1    'L'     'N '       'N '   '  '     0
    1    'R'     'N '       'N '   '  '     0
 
*(19)DESIGN CODE OPTIONS:
*No.   Event                         Condition
  0
 
* Code file used:
*   MBMA.10N


================================================================================
 C463-002            Design Code                            18/DEC/2025  2:48pm
================================================================================

 STRUCTURAL CODE:
 ----------------
   Design Basis      : WS - Working Stress
   Hot  Rolled Steel : AISC05
   Cold Formed Steel : NAUS07

 BUILDING CODE:
 --------------
   Wind Code         : MBMA 10
   Seismic Zone      : C  

 MODULUS OF ELASTICITY:
 ----------------------
   Hot  Rolled Steel : 199955 (MN/m2)
   Cold Formed Steel : 203403 (MN/m2)
 


================================================================================
 C463-002            Crane System  1                        18/DEC/2025  2:48pm
================================================================================

 CRANE SYSTEM:
 -------------
   -Crane-  Runway   --------------Runway_Location--------------
   Id Type  Orient      Elev   Offset     Span    Start      End
   -- ----  ------   -------  -------  -------  -------  -------
    1  TG      L      7000.0   1200.0  10400.0      0.0  30500.0

 CRANE LOADING:
 --------------
           Capacity  Wheel_Load(kN)   Wheel_Base(mm)  ----Range(mm)-----   Serv     No.
  Id           (kN)    Vert     Lat      Out      In     Start       End  Class  Cycles
  -------  --------  ------  ------  ------- -------  --------  --------  ----- -------
  Crane1      75.00   38.00    4.00   2200.0     0.0       0.0   30500.0     C   500000

  Lateral load based on total carried by both runway beams

 RUNWAY BEAM:
 ------------

  LAYOUT:
           Bay                           Beam      Channel   Ds_CrnBm  Unbrace_Len(mm)
   Id       Id Side   Start  Length Type Part      Part      Name       Major  Minor  Cb
   ------- --- ----  ------  ------ ---- --------  --------  --------  ------ ------ ----
   Beam1     1   L    390.0  8145.0  WB  W50b3010  --------  W50b3010  8145.0 3521.6 1.00
   Beam2     1   R    390.0  8145.0  WB  W50b3010  --------  W50b3010  8145.0 3521.6 1.00
   Beam3     2   L   8535.0  8210.0  WB  W50b3010  --------  W50b3010  8210.0 3555.4 1.00
   Beam4     2   R   8535.0  8210.0  WB  W50b3010  --------  W50b3010  8210.0 3555.4 1.00
   Beam5     3   L  16745.0  6715.0  WB  W50b2510  --------  W50b2510  6715.0 2813.0 1.00
   Beam6     3   R  16745.0  6715.0  WB  W50b2510  --------  W50b2510  6715.0 2813.0 1.00
   Beam7     4   L  23460.0  6650.0  WB  W50b2510  --------  W50b2510  6650.0 2778.2 1.00
   Beam8     4   R  23460.0  6650.0  WB  W50b2510  --------  W50b2510  6650.0 2778.2 1.00

  MEMBER SIZE:
             ----Web----   Top_Flange   Bot_Flange
   Part      Depth Thick  Width Thick  Width Thick
   --------  ----- -----  ----- -----  ----- -----
   W50b3010  500.0  5.00  300.0 10.00  300.0 10.00
   W50b2510  500.0  5.00  250.0 10.00  250.0 10.00

  BENDING:
           ------Compression_Flange(kN-m)------  -Tension_Flange(kN-m)-
           Ld Vertical_Load  Lateral_Load        Ld Vertical_Load
   Id      Id   Calc  Limit   Calc  Limit    UC  Id   Calc  Limit    UC
   ------- --  -----  -----  -----  -----  ----  --  -----  -----  ----
   Beam1    1 135.04 282.20a 12.18  28.66b 0.90   1 135.04 380.67c 0.35 
   Beam2    1 135.04 282.20a 12.18  28.66b 0.90   1 135.04 380.67c 0.35 
   Beam3    1 136.50 282.20a 12.31  28.66b 0.91   1 136.50 380.67c 0.36 
   Beam4    1 136.50 282.20a 12.31  28.66b 0.91   1 136.50 380.67c 0.36 
   Beam5    1 102.88 275.98a  9.39  25.18b 0.75   1 102.88 327.99c 0.31 
   Beam6    1 102.88 275.98a  9.39  25.18b 0.75   1 102.88 327.99c 0.31 
   Beam7    1 101.47 275.98a  9.26  25.18b 0.74   1 101.47 327.99c 0.31 
   Beam8    1 101.47 275.98a  9.26  25.18b 0.74   1 101.47 327.99c 0.31 

  SHEAR & SIDESWAY BUCKLING:
                                      --------Sidesway_Buckling---------
            -------Shear(kN)-------  [(dc/tw)/(L/bf)] Wheel_Load(kN)
   Id       Ld    Calc  Limit    UC    Calc  Limit    Calc   Limit    UC
   -------  --  ------ ------  ----   -----  -----   -----   -----  ----
   Beam1     1   76.07 141.07d 0.54    3.68   1.70   41.80    (a)        
   Beam2     1   76.07 141.07d 0.54    3.68   1.70   41.80    (a)        
   Beam3     1   76.13 141.07d 0.54    3.65   1.70   41.80    (a)        
   Beam4     1   76.13 141.07d 0.54    3.65   1.70   41.80    (a)        
   Beam5     1   72.83 141.07d 0.52    3.72   1.70   41.80    (a)        
   Beam6     1   72.83 141.07d 0.52    3.72   1.70   41.80    (a)        
   Beam7     1   72.55 141.07d 0.51    3.76   1.70   41.80    (a)        
   Beam8     1   72.55 141.07d 0.51    3.76   1.70   41.80    (a)        

   (a)Sidesway Buckling Does Not Apply

  WEB YIELDING & WEB CRIPPLING:
            --------Web_Yielding(kN)--------    --------Web_Crippling(kN)-------
            Ld  Bearing    Max                  Ld  Bearing    Max
   Id       Id    Width   Load   Limit    UC    Id    Width   Load   Limit    UC
   -------  --  ------- ------  ------  ----    --  ------- ------  ------  ----
   Beam1     1   100.00  41.80  158.18  0.26     1   100.00  41.80   70.74  0.59 
   Beam2     1   100.00  41.80  158.18  0.26     1   100.00  41.80   70.74  0.59 
   Beam3     1   100.00  41.80  158.18  0.26     1   100.00  41.80   70.74  0.59 
   Beam4     1   100.00  41.80  158.18  0.26     1   100.00  41.80   70.74  0.59 
   Beam5     1   100.00  41.80  158.18  0.26     1   100.00  41.80   70.74  0.59 
   Beam6     1   100.00  41.80  158.18  0.26     1   100.00  41.80   70.74  0.59 
   Beam7     1   100.00  41.80  158.18  0.26     1   100.00  41.80   70.74  0.59 
   Beam8     1   100.00  41.80  158.18  0.26     1   100.00  41.80   70.74  0.59 

   Code Reference
   --------------
    a)AISC05   - F4-12     
    b)AISC05   - F6-2      
    c)AISC05   - F2-1      
    d)AISC05   - G2-1      

  DEFLECTION:
            ----Vertical(mm)---  ----Lateral(mm)----
            Ld                   Ld
   Id       Id  Calc Limit   UC  Id  Calc Limit   UC
   -------  -- ----- ----- ----  -- ----- ----- ----
   Beam1     1   8.7  13.6 0.64   1  18.0  20.4 0.88 
   Beam2     1   8.7  13.6 0.64   1  18.0  20.4 0.88 
   Beam3     1   8.9  13.7 0.65   1  18.5  20.5 0.90 
   Beam4     1   8.9  13.7 0.65   1  18.5  20.5 0.90 
   Beam5     1   5.4  11.2 0.49   1  16.6  16.8 0.99 
   Beam6     1   5.4  11.2 0.49   1  16.6  16.8 0.99 
   Beam7     1   5.3  11.1 0.48   1  16.1  16.6 0.97 
   Beam8     1   5.3  11.1 0.48   1  16.1  16.6 0.97 

 FATIGUE CHECK:
 --------------

  BOTTOM FLANGE:
            Load  Moment(kN-m) Stress(MN/m2) Stress_Range(MN/m2)   Serv
   Id        Id     Max   Min     Max   Min    Calc Limit     UC  Class  Cycles
   -------  ----  ----- -----   ----- -----   ----- -----  -----  ----- -------
   Beam1      1   123.5   7.7      73     5      68   110c  0.62     C         
   Beam2      1   123.5   7.7      73     5      68   110c  0.62     C         
   Beam3      1   124.8   7.8      73     5      69   110c  0.62     C         
   Beam4      1   124.8   7.8      73     5      69   110c  0.62     C         
   Beam5      1    94.0   4.8      65     3      61   110c  0.56     C         
   Beam6      1    94.0   4.8      65     3      61   110c  0.56     C         
   Beam7      1    92.7   4.7      64     3      61   110c  0.55     C         
   Beam8      1    92.7   4.7      64     3      61   110c  0.55     C         

  TOP FLANGE:
            Load  Moment(kN-m) Stress(MN/m2) Stress_Range(MN/m2)   Serv
   Id        Id    Vert   Lat    Vert   Lat    Calc Limit     UC  Class  Cycles
   -------  ----  ----- -----   ----- -----   ----- -----  -----  ----- -------
   Beam1      1   123.5  12.2      73    81      13   110c  0.12     C         
   Beam2      1   123.5  12.2      73    81      13   110c  0.12     C         
   Beam3      1   124.8  12.3      73    82      13   110c  0.12     C         
   Beam4      1   124.8  12.3      73    82      13   110c  0.12     C         
   Beam5      1    94.0   9.4      65    90      29   110c  0.26     C         
   Beam6      1    94.0   9.4      65    90      29   110c  0.26     C         
   Beam7      1    92.7   9.3      64    89      28   110c  0.26     C         
   Beam8      1    92.7   9.3      64    89      28   110c  0.26     C         
 
   Notes
   -----
    c) - AISC05, Appendix 3, Table A-3.1, case 3.1, welded plate - No fatigue present 

 CRANE LOCATION @ MAX MOMENT:
 ----------------------------
           Ld  ---Crane--
  Id       Id  Id  Offset
  -------  --  --  ------
  Beam1     1   1  5011.6
  Beam2     1   1  5011.6
  Beam3     1   1 13190.4
  Beam4     1   1 13190.4
  Beam5     1   1 20658.0
  Beam6     1   1 20658.0
  Beam7     1   1 27338.2
  Beam8     1   1 27338.2

 CRANE COMBINATIONS:
 -------------------
  Load   Vert  Horz Crane    Vert  Horz Crane
   Id   Coeff Coeff   Id    Coeff Coeff   Id
  ----  ----- ----- -----   ----- ----- -----
    1    1.10  1.00    1


================================================================================
 C463-002            Web To Flange Weld (System  1)         18/DEC/2025  2:48pm
================================================================================

 WELDS:
 ------
                                           ---Fatigue--  --Stitch(mm)-
                             Shear(kN/mm)  Shear(kN/mm)    Min
  Id      Loc    Size  Type   Calc Limit    Calc  Limit  Length  Space
  ------- ----  -----  ----  ----- -----   -----  -----  ------  -----
  Beam1   Top    4.00  F2    0.066 0.410                              
          Bot    4.00  F2    0.066 0.410   0.062  0.235               
  Beam2   Top    4.00  F2    0.066 0.410                              
          Bot    4.00  F2    0.066 0.410   0.062  0.235               
  Beam3   Top    4.00  F2    0.066 0.410                              
          Bot    4.00  F2    0.066 0.410   0.062  0.235               
  Beam4   Top    4.00  F2    0.066 0.410                              
          Bot    4.00  F2    0.066 0.410   0.062  0.235               
  Beam5   Top    4.00  F2    0.062 0.410                              
          Bot    4.00  F2    0.062 0.410   0.059  0.235               
  Beam6   Top    4.00  F2    0.062 0.410                              
          Bot    4.00  F2    0.062 0.410   0.059  0.235               
  Beam7   Top    4.00  F2    0.061 0.410                              
          Bot    4.00  F2    0.061 0.410   0.059  0.235               
  Beam8   Top    4.00  F2    0.061 0.410                              
          Bot    4.00  F2    0.061 0.410   0.059  0.235               

 WELD FACTORS:
 -------------
                                            ---Fatigue(MN/m2)--
               Load  Shear     Q     Ixx    Shear  Stress_Range
  Id      Loc   Id    (kN)  (cm3)   (cm4)    (kN)   Calc  Limit
  ------- ---- ----  -----  -----  ------   -----  -----  -----
  Beam1   Top    1   76.07    765   44228                      
          Bot    1   76.07    765   44228   72.20   22.1   83.2
  Beam2   Top    1   76.07    765   44228                      
          Bot    1   76.07    765   44228   72.20   22.1   83.2
  Beam3   Top    1   76.13    765   44228                      
          Bot    1   76.13    765   44228   72.23   22.1   83.2
  Beam4   Top    1   76.13    765   44228                      
          Bot    1   76.13    765   44228   72.23   22.1   83.2
  Beam5   Top    1   72.83    638   37725                      
          Bot    1   72.83    638   37725   69.90   20.9   83.2
  Beam6   Top    1   72.83    638   37725                      
          Bot    1   72.83    638   37725   69.90   20.9   83.2
  Beam7   Top    1   72.55    638   37725                      
          Bot    1   72.55    638   37725   69.65   20.8   83.2
  Beam8   Top    1   72.55    638   37725                      
          Bot    1   72.55    638   37725   69.65   20.8   83.2


================================================================================
 C463-002            Crane Bracing                          18/DEC/2025  2:48pm
================================================================================


================================================================================
 C463-002            Crane Angles                           18/DEC/2025  2:48pm
================================================================================

 RUNWAY LONGITUDINAL ANGLE:
 --------------------------

  Angle Yield=  250 MN/m2
  Angle Bolt = 20.00 (Gr8.8)
  Connection
    Runway   = S9
    Frame    = S4

  System  ---Runway---   Col  -Brace_Dist- Design            Force  --Brace_UC--  --Bolt_UC-
    Id    Side  Locate  Side  Depth  Width Length  Part       (kN)   Comp   Tens  Shear Bear
  ------  ----  ------  ----  -----  ----- ------  --------  -----  -----  -----  ----- ----
     1      L    390.0    R   970.0  870.0 1117.2  L75X6      2.69   0.04   0.04   0.05 0.04
     1      L   8535.0    L   970.0  870.0 1117.2  L75X6      2.69   0.04   0.04   0.05 0.04
     1      L   8535.0    R   970.0  870.0 1117.2  L75X6      2.69   0.04   0.04   0.05 0.04
     1      L  16745.0    L   970.0  870.0 1117.2  L75X6      2.69   0.04   0.04   0.05 0.04
     1      L  16745.0    R   970.0  870.0 1117.2  L75X6      2.69   0.04   0.04   0.05 0.04
     1      L  23460.0    L   970.0  870.0 1117.2  L75X6      2.69   0.04   0.04   0.05 0.04
     1      L  23460.0    R   970.0  870.0 1117.2  L75X6      2.69   0.04   0.04   0.05 0.04
     1      L  30110.0    L   970.0  870.0 1117.2  L75X6      2.69   0.04   0.04   0.05 0.04
     1      R    390.0    R   970.0  870.0 1117.2  L75X6      2.69   0.04   0.04   0.05 0.04
     1      R   8535.0    L   970.0  870.0 1117.2  L75X6      2.69   0.04   0.04   0.05 0.04
     1      R   8535.0    R   970.0  870.0 1117.2  L75X6      2.69   0.04   0.04   0.05 0.04
     1      R  16745.0    L   970.0  870.0 1117.2  L75X6      2.69   0.04   0.04   0.05 0.04
     1      R  16745.0    R   970.0  870.0 1117.2  L75X6      2.69   0.04   0.04   0.05 0.04
     1      R  23460.0    L   970.0  870.0 1117.2  L75X6      2.69   0.04   0.04   0.05 0.04
     1      R  23460.0    R   970.0  870.0 1117.2  L75X6      2.69   0.04   0.04   0.05 0.04
     1      R  30110.0    L   970.0  870.0 1117.2  L75X6      2.69   0.04   0.04   0.05 0.04


 RUNWAY LATERAL ANGLE:
 ---------------------

  Angle Yield=  250 MN/m2
  Angle Bolt = 20.00 (Gr8.8)
  Connection
    Runway   = S9
    Frame    = S9

  System  ---Runway---  Design                 Force  -Angle_UC-  --Bolt_UC-
    Id    Side  Locate  Length  No.  Part       (kN)  Comp  Tens  Shear Bear
  ------  ----  ------  ------  ---  --------  -----  ----  ----  ----- ----
     1      L    390.0   457.2   1   L100X8     6.92  0.06  0.08   0.14 0.07
     1      L   8535.0   457.2   2   L100X8     6.91  0.06  0.08   0.14 0.07
     1      L  16745.0   457.2   2   L100X8     6.91  0.06  0.08   0.14 0.07
     1      L  23460.0   457.2   2   L100X8     6.69  0.06  0.08   0.13 0.07
     1      L  30110.0   457.2   1   L100X8     6.68  0.06  0.08   0.13 0.07
     1      R    390.0   457.2   1   L100X8     6.92  0.06  0.08   0.14 0.07
     1      R   8535.0   457.2   2   L100X8     6.91  0.06  0.08   0.14 0.07
     1      R  16745.0   457.2   2   L100X8     6.91  0.06  0.08   0.14 0.07
     1      R  23460.0   457.2   2   L100X8     6.69  0.06  0.08   0.13 0.07
     1      R  30110.0   457.2   1   L100X8     6.68  0.06  0.08   0.13 0.07



================================================================================
 C463-002            Crane System Reactions                 18/DEC/2025  2:48pm
================================================================================

 REACTIONS WITH SINGLE CRANE:
 ----------------------------

  System                 Horiz   -----Vertical(kN)-----  Crane
    Id    Side  Locate    (kN)      Min     Max    Dead    Id
  ------  ----  ------  ------   ------  ------  ------  -----
     1      L    390.0    6.92    15.16   76.16   17.32     1
     1      R    390.0    6.92    15.16   76.16   17.32     1
     1      L   8535.0    6.93    19.07   80.16   21.23     1
     1      R   8535.0    6.93    19.07   80.16   21.23     1
     1      L  16745.0    6.93    18.13   79.22   20.30     1
     1      R  16745.0    6.93    18.13   79.22   20.30     1
     1      L  23460.0    6.69    16.74   75.73   18.83     1
     1      R  23460.0    6.69    16.74   75.73   18.83     1
     1      L  30110.0    6.68    13.79   72.65   15.88     1
     1      R  30110.0    6.68    13.79   72.65   15.88     1


================================================================================
 C463-002            Weight Summary                         18/DEC/2025  2:48pm
================================================================================

               CRANE SYSTEM  1
                                            Weight
                 Description                  (kg)
                 -----------             ---------
                 Runway+Rail           =   5542.63
                 Angles                =    178.23
                                         ---------
                 Total                 =   5720.86


================================================================================
 C463-002            Warning Report                         18/DEC/2025  2:48pm
================================================================================

                   .. No Warnings
