================================================================================
 C463-002            Design Warning Summary                 18/DEC/2025  2:50pm
================================================================================

 LEFT ENDWALL
 ------------
     No Warnings!

 RIGHT ENDWALL
 -------------
     No Warnings!

 FRONT SIDEWALL
 --------------
     No Warnings!

 BACK SIDEWALL
 -------------
     No Warnings!

 ROOF
 ----
     WIND BENT
       Member
         WRN(WBM-413): Weld Size < Required

 EXTENSIONS
 ----------
     No Warnings!

 RIGID FRAME #1
 --------------
     No Warnings!

 RIGID FRAME #2
 --------------
     No Warnings!

 RIGID FRAME #3
 --------------
     FRAME RAFTER
       End Plate
         WRN(RFE-413): Weld Size < Required

 RIGID FRAME #4
 --------------
     FRAME RAFTER
       End Plate
         WRN(RFE-413): Weld Size < Required

 RIGID FRAME #5
 --------------
     No Warnings!

 CRANE SYSTEM
 ------------
     No Warnings!
