================================================================================
 C463-002            Detail Warning Summary                 18/DEC/2025  2:51pm
================================================================================

 ENDWALL
 -------
     No Warnings!

 EXTENSIONS
 ----------
     No Warnings!

 RIGID FRAME #1
 --------------
     CONFLICT
       SPLICE
         WRN(RFD-001): Purlin\Girt Near Splice

 RIGID FRAME #2
 --------------
     CONFLICT
       SPLICE
         WRN(RFD-001): Purlin\Girt Near Splice

 RIGID FRAME #3
 --------------
     CONFLICT
       SPLICE
         WRN(RFD-001): Purlin\Girt Near Splice

 RIGID FRAME #4
 --------------
     CONFLICT
       SPLICE
         WRN(RFD-001): Purlin\Girt Near Splice

 RIGID FRAME #5
 --------------
     CONFLICT
       SPLICE
         WRN(RFD-001): Purlin\Girt Near Splice

 CRANE SYSTEM
 ------------
     No Warnings!

 WIND FRAMING
 ------------
     No Warnings!

 BOM
 ---
   INPUT
   -----
         WRN(AB-105) : No anchor bolt record for diameter
           16.00                                             

   OUTPUT
   ------
     No Warnings!
