*         ------Record-----
*File     Part/Type    Size Field                Value Unit   Settings             Reference Description
*-------- --------- ------- ----------------- -------- ------ -------------------- --------- -----------
 DT_BUILD                   rtt                    0.0 mm       49.784 - 203.2     PX10      Inclusion of C or C section at end of...
 DT_BUILD                   rax                  200.0 mm            0 - 152.4     PR5       Slot location for large diameter rods
 DT_BUILD                   rce                    0.0 mm      100.076 - 457.2     PX10      Clip to clip - omitted below this val...
 DT_BUILD                   rib                    0.0 mm         6.35 - 50.8                Additional purlin deduct when a hip b...
 DT_BUILD                   rif                    0.0 mm         6.35 - 50.8                Additional eave strut deduct when a h...
 DT_BUILD                   rik                    0.0 mm         25.4 - 101.6               Horizontal offset of flange brace hol...
 DT_BUILD                   ril                    0.0 mm         25.4 - 50.8                Horizontal flange brace clip edge dis...
 DT_BUILD                   rim                    0.0 mm         25.4 - 50.8                Vertical offset of flange brace hole ...
 DT_BUILD                   rin                    0.0 mm         25.4 - 101.6               Vertical flange brace clip edge dista...
 DT_BUILD                   rip                    0.0 mm         12.7 - 76.2                Hip wing clip slot length on side whe...
 DT_BUILD                   riq                    0.0 mm         6.35 - 50.8                Clearance to maintain for the hip win...
 DT_BUILD                   rir                    0.0 mm         25.4 - 101.6               For the S2 and S8 stub beam end conne...
 DT_BUILD                   ris                    0.0 mm         50.8 - 152.4               For the S8 stub beam end connection, ...
 DT_BUILD                   riu                    0.0 mm         38.1 - 101.6               For the S9 hip beam end connection to...
 DT_BUILD                   riv                    0.0 mm         6.35 - 101.6               Offset of stub beam from top flange o...
 DT_BUILD                   riw                    0.0 mm         6.35 - 101.6               S9 connection plate offset from top o...
 DT_BUILD                   riy                    0.0 mm         25.4 - 101.6               Outside clip's bolt offset for S2 con...
 DT_BUILD                   riz                    0.0 mm         25.4 - 101.6               Inside clip's bolt offset for S2 conn...
 DT_BUILD                   lhh                  500.0 mm            0 - 406.4     PL84      Wind bents and wind column detailing
 DT_BUILD                   lii                 1200.0 mm            0 - 914.4     PA19,PA20,PA21 Height of gusset plate attachment on ...
 DT_BUILD                   ljj                 1200.0 mm       24.892 - 914.4     PA8,PA19,PA20 Wind Bents and Wind Column Detailing
 DT_BUILD                   lai                 2000.0 mm            0 - 1524      PL8       Maximum distance a bypass wall girt c...
 DT_BUILD                   lay                  500.0 mm            0 - 406.4     PL16,PL67 At exterior wall columns, minimum dis...
 DT_BUILD                   leg                   15.0 mm       24.892 - 50.8      PP4       Partition column deduct at top for 飇...
 DT_BUILD                   lew                  110.0 mm       24.892 - 101.6     PP3       Option 1 'D' orientated Partition raf...
 DT_BUILD                   lex                    0.0 mm       24.892 - 152.4     PP3       Option 1 Partition rafter - distance ...
 DT_BUILD                   lfi                  100.0 mm            0 - 50.8      PP5,PT32  Longitudinal partition - gap between ...
 DT_BUILD                   lif                    0.0 mm         76.2 - 152.4     PL102     Default extension of bump-out girt at...
 DT_BUILD                   lig                  120.0 mm            0 - 50.8      PL37,PL39 Deduct for door jamb when attaching u...
 DT_BUILD                   llr                  500.0 mm            0 - 406.4     PL68      Compared with DT_BUILD(lls) and causi...
 DT_BUILD                   llv                  500.0 mm            0 - 406.4     PL68      Compared with DT_BUILD(llw) and causi...
 DT_BUILD                   lnb                    0.0 mm       18.796 - 101.6               Bolted end plate hole offset for hori...
 DT_BUILD                   lnc                  300.0 mm       62.484 - 203.2     PL106     Offset distance from the outside flan...
 DT_BUILD                   lno                    0.0 mm         25.4 - 101.6     PE119     Jamb end plate with welded clip, offs...
 DT_BUILD                   lnt                    0.0 mm         25.4 - 101.6     PE119     Jamb end plate with welded clip, clea...
 DT_BUILD                   sss                 1500.0 mm            0 - 609.6     PR9       Location of rafter slot from steel li...
 DT_BUILD                   scj                   20.0 mm       49.784 - 254       PS34      Support beam deduct for beam to colum...
 DT_BUILD                   sck                   15.0 mm       49.784 - 254       PS34      Support beam deduct for beam to colum...
 DT_BUILD                   scr                  230.0 mm            0 - 152.4     PS36      Runway beam deduct from endwall steel...
 DT_BUILD                   edd                   50.0 mm            0 - 12.7      PA2,PA6,PA14 Round-up interval for base plate length
 DT_BUILD                   eew                    0.0 mm       49.784 - 508       PE62      Distance from end of building to cent...
 DT_BUILD                   eko                    0.0 mm         3048 - 18288     ER39      Maximum length of aligned roof suppor...
 DT_BUILD                   ekr                    0.0 mm       49.784 - 508       PE62      Rigid frame offset from end of buildi...
 DT_BUILD                   eks                    0.0 mm       49.784 - 508       PE62      Rigid frame offset from end of buildi...
 DT_BUILD                   ekt                    0.0 mm       49.784 - 508       PE62      Rigid frame offset from end of buildi...
 DT_BUILD                   ekw                    0.0 mm         50.8 - 304.8     PX37      Deduct for end frame line extension b...
 DT_BUILD                   fai                  200.0 mm            0 - 152.4     PX1,PX16,PF13,FP11 Connection of flush eave extension be...
 DT_BUILD                   fcp                  500.0 mm            0 - 406.4     PF27      For moment cap plate, minimum clearan...
 DT_BUILD                   fez                  200.0 mm            0 - 101.6     PF14,PS35 Width of support column brace clip
 DT_BUILD                   ffp                  200.0 mm            0 - 101.6     PF40      Required clearance from the edge of t...
 DT_BUILD                   ffq                  200.0 mm       24.892 - 101.6     PF40      Required clearance from the edge of t...
 DT_BUILD                   ffr                  200.0 mm            0 - 101.6     PF40      Required clearance from the edge of t...
 DT_BUILD                   fgw                   56.0 mm            0 - 50.8      PF14      Slot length for bracket that supports...
 DT_BUILD                   fky                    0.0 mm        101.6 - 406.4               Hip support beam offset from building...
 DT_BUILD                   ai                     0.0 mm       24.892 - 304.8     PA2,PA13,PA14 Location of anchor bolts for endwall ...
 DT_BUILD                   ak                     0.0 mm       24.892 - 304.8     PA4       Location of anchor bolts for sidewall...
 DT_BUILD                   aam                    0.0 mm       24.892 - 152.4     PA13      Second row of anchor bolts for 'C' en...
