/LDT_MEMBR /CDS_RCOL.SIZ /EDB-155  /TW /MDT_Membr Record Not Found /PMB100
/LDT_MEMBR /CDS_RCOL.SIZ /EDB-155  /TW /MDT_Membr Record Not Found /PMB125
/LDT_MEMBR /CDS_RCOL.SIZ /EDB-155  /TW /MDT_Membr Record Not Found /PMB150
/LDT_MEMBR /CDS_RCOL.SIZ /EDB-155  /TW /MDT_Membr Record Not Found /PMB175
/LDT_MEMBR /CDS_UCOL.SIZ /EDB-155  /TW /MDT_Membr Record Not Found /PISMC150
/LDT_MEMBR /CDS_UJAMB.SIZ /EDB-155  /TW /MDT_Membr Record Not Found /PISMC150
/LDT_MEMBR /CDS_UGIRT.SIZ /EDB-155  /TW /MDT_Membr Record Not Found /PISMC150
/LDT_MEMBR /CDS_TFRM.SIZ /EDB-155  /TW /MDT_Membr Record Not Found /PT25x20
/LDT_MEMBR /CDS_TFRM.SIZ /EDB-155  /TW /MDT_Membr Record Not Found /PT25x26
/LDT_MEMBR /CDS_TFRM.SIZ /EDB-155  /TW /MDT_Membr Record Not Found /PT32x20
/LDT_MEMBR /CDS_TFRM.SIZ /EDB-155  /TW /MDT_Membr Record Not Found /PT25x32
/LDT_MEMBR /CDS_TFRM.SIZ /EDB-155  /TW /MDT_Membr Record Not Found /PT32x26
/LDT_MEMBR /CDS_TFRM.SIZ /EDB-155  /TW /MDT_Membr Record Not Found /PT32x32
/LDT_MEMBR /CDS_TFRM.SIZ /EDB-155  /TW /MDT_Membr Record Not Found /PT38x26
/LDT_MEMBR /CDS_TFRM.SIZ /EDB-155  /TW /MDT_Membr Record Not Found /PT40x26
/LDT_MEMBR /CDS_TFRM.SIZ /EDB-155  /TW /MDT_Membr Record Not Found /PT38x32
/LDT_MEMBR /CDS_TFRM.SIZ /EDB-155  /TW /MDT_Membr Record Not Found /PT40x32
/LDT_MEMBR /CDS_TFRM.SIZ /EDB-155  /TW /MDT_Membr Record Not Found /PT50x26
/LDT_MEMBR /CDS_TFRM.SIZ /EDB-155  /TW /MDT_Membr Record Not Found /PT38x40
/LDT_MEMBR /CDS_TFRM.SIZ /EDB-155  /TW /MDT_Membr Record Not Found /PT50x29
/LDT_MEMBR /CDS_TFRM.SIZ /EDB-155  /TW /MDT_Membr Record Not Found /PT40x40
/LDT_MEMBR /CDS_TFRM.SIZ /EDB-155  /TW /MDT_Membr Record Not Found /PT60x26
/LDT_MEMBR /CDS_TFRM.SIZ /EDB-155  /TW /MDT_Membr Record Not Found /PT50x36
/LDT_MEMBR /CDS_TFRM.SIZ /EDB-155  /TW /MDT_Membr Record Not Found /PT60x32
/LDT_MEMBR /CDS_TFRM.SIZ /EDB-155  /TW /MDT_Membr Record Not Found /PT50x45
/LDT_MEMBR /CDS_TFRM.SIZ /EDB-155  /TW /MDT_Membr Record Not Found /PT72x32
/LDT_MEMBR /CDS_TFRM.SIZ /EDB-155  /TW /MDT_Membr Record Not Found /PT60x40
/LDT_MEMBR /CDS_TFRM.SIZ /EDB-155  /TW /MDT_Membr Record Not Found /PT60x48
/LDT_MEMBR /CDS_TFRM.SIZ /EDB-155  /TW /MDT_Membr Record Not Found /PT72x40
/LDT_MEMBR /CDS_TFRM.SIZ /EDB-155  /TW /MDT_Membr Record Not Found /PT72x48
/LDT_MEMBR /CDS_TFRM.SIZ /EDB-155  /TW /MDT_Membr Record Not Found /PT92x36
/LDT_MEMBR /CDS_TFRM.SIZ /EDB-155  /TW /MDT_Membr Record Not Found /PT92x45
/LDT_MEMBR /CDS_TFRM.SIZ /EDB-155  /TW /MDT_Membr Record Not Found /PT125x32
/LDT_MEMBR /CDS_TFRM.SIZ /EDB-155  /TW /MDT_Membr Record Not Found /PT92x54
/LDT_MEMBR /CDS_TFRM.SIZ /EDB-155  /TW /MDT_Membr Record Not Found /PT114x48
/LDT_MEMBR /CDS_TFRM.SIZ /EDB-155  /TW /MDT_Membr Record Not Found /PT114x54
/LDT_MEMBR /CDS_TFRM.SIZ /EDB-155  /TW /MDT_Membr Record Not Found /PT132x48
/LDT_MEMBR /CDS_TFRM.SIZ /EDB-155  /TW /MDT_Membr Record Not Found /PT132x54
/LDT_MEMBR /CDS_TFRM.SIZ /EDB-155  /TW /MDT_Membr Record Not Found /PT220x60
/LDT_MEMBR /CDS_TFRM.SIZ /EDB-155  /TW /MDT_Membr Record Not Found /PT220x80
/LDT_MEMBR /CDS_TFRM.SIZ /EDB-155  /TW /MDT_Membr Record Not Found /PT220x100
/LDT_MEMBR /CDS_TFRM.SIZ /EDB-155  /TW /MDT_Membr Record Not Found /PT220x120
/LDT_MEMBR /CDS_CRNBM.SIZ /EDB-155  /TW /MDT_Membr Record Not Found /P60WC2512
/LDT_MEMBR /CDS_CRNBM.SIZ /EDB-155  /TW /MDT_Membr Record Not Found /P70WC2814
/LDT_MEMBR /CDS_CRNBM.SIZ /EDB-155  /TW /MDT_Membr Record Not Found /P85WE316
/LDT_MEMBR /CDS_CRNBM.SIZ /EDB-155  /TW /MDT_Membr Record Not Found /P95WC2816
/LDT_MEMBR /CDS_CRNBM.SIZ /EDB-155  /TW /MDT_Membr Record Not Found /P95WG2716
/LDT_MEMBR /CDS_CRNBM.SIZ /EDB-155  /TW /MDT_Membr Record Not Found /P80WG2716
/LDT_MEMBR /CDS_CRNBM.SIZ /EDB-155  /TW /MDT_Membr Record Not Found /P60WC2614
/LDT_MEMBR /CDS_CRNBM.SIZ /EDB-155  /TW /MDT_Membr Record Not Found /P70wc208
/LDT_MEMBR /CDS_CRNBM.SIZ /EDB-155  /TW /MDT_Membr Record Not Found /P70wd186
/LDT_MEMBR /CDS_CRNBM.SIZ /EDB-155  /TW /MDT_Membr Record Not Found /P65wd188
/LDT_MEMBR /CDS_CRNBM.SIZ /EDB-155  /TW /MDT_Membr Record Not Found /P70wd1710
/LDT_MEMBR /CDS_CRNBM.SIZ /EDB-155  /TW /MDT_Membr Record Not Found /P70wc2010
/LDT_MEMBR /CDS_CRNBM.SIZ /EDB-155  /TW /MDT_Membr Record Not Found /P60wc2512
/LDT_MEMBR /CDS_CRNBM.SIZ /EDB-155  /TW /MDT_Membr Record Not Found /P70WD208
/LDT_MEMBR /CDS_CRNBM.SIZ /EDB-155  /TW /MDT_Membr Record Not Found /PISWB300
/LDT_MEMBR /CDS_CRNBM.SIZ /EDB-155  /TW /MDT_Membr Record Not Found /PISLB350
/LDT_MEMBR /CDS_CRNBM.SIZ /EDB-155  /TW /MDT_Membr Record Not Found /PISMB350
/LDT_MEMBR /CDS_CRNBM.SIZ /EDB-155  /TW /MDT_Membr Record Not Found /PISLB400
/LDT_MEMBR /CDS_CRNBM.SIZ /EDB-155  /TW /MDT_Membr Record Not Found /PISWB350
/LDT_MEMBR /CDS_CRNBM.SIZ /EDB-155  /TW /MDT_Membr Record Not Found /PISMB400
/LDT_MEMBR /CDS_CRNBM.SIZ /EDB-155  /TW /MDT_Membr Record Not Found /PISLB450
/LDT_MEMBR /CDS_CRNBM.SIZ /EDB-155  /TW /MDT_Membr Record Not Found /PISWB400
/LDT_MEMBR /CDS_CRNBM.SIZ /EDB-155  /TW /MDT_Membr Record Not Found /PISMB450
/LDT_MEMBR /CDS_CRNBM.SIZ /EDB-155  /TW /MDT_Membr Record Not Found /PISLB500
/LDT_MEMBR /CDS_CRNBM.SIZ /EDB-155  /TW /MDT_Membr Record Not Found /PISWB450
/LDT_MEMBR /CDS_CRNBM.SIZ /EDB-155  /TW /MDT_Membr Record Not Found /PISLB550
/LDT_MEMBR /CDS_CRNBM.SIZ /EDB-155  /TW /MDT_Membr Record Not Found /PISMB500
/LDT_MEMBR /CDS_CRNBM.SIZ /EDB-155  /TW /MDT_Membr Record Not Found /PISWB500
/LDT_MEMBR /CDS_CRNBM.SIZ /EDB-155  /TW /MDT_Membr Record Not Found /PISLB600
/LDT_MEMBR /CDS_CRNBM.SIZ /EDB-155  /TW /MDT_Membr Record Not Found /PISMB550
/LDT_MEMBR /CDS_CRNBM.SIZ /EDB-155  /TW /MDT_Membr Record Not Found /PISWB550
/LDT_MEMBR /CDS_CRNBM.SIZ /EDB-155  /TW /MDT_Membr Record Not Found /PISMB600
/LDT_MEMBR /CDS_CRNBM.SIZ /EDB-155  /TW /MDT_Membr Record Not Found /PISWB600b
