*===============================================================================
*C463-002            Endwall Design Input                   17/DEC/2025  4:05pm
*===============================================================================
 
*( 1)JOBID:
    'C463-002'
 
*( 2)PROGRAM OPTIONS:
* -Wall-   Run    Run  Run   Run
* Loc Id  Col/Raf Girt Brace Panel
  'R'  3    'Y'    'Y'  'N'   'Y'
 
*( 3)DESIGN CODE:
*Design  ---Steel_Code---             ---Build---   Code     Seismic
* Code   Cold       Hot      Country  Code   Year   Label     Zone
  'WS'  'NAUS07  ' 'AISC05'  '    '  'MBMA'  '10'  'MBMA 10 ' 'C  '
 
*( 4)DESIGN CONSTANTS:
*                     ---Strength_Factors--
* ---Stress_Ratio---          ---Seismic---
* Col/Raf Girt Panel    Wind   Frame  Brace
    1.00  1.00  1.00  1.0000  1.0000 1.0000
 
*( 5)STEEL YIELDS:
* Web   Flg  C_Sec  W_Sec  R_Sec  P_Sec  T_Sec  U_Sec    EP     BP
  345   345    345    345    235    345    317    235   345    345
 
*( 6)DEFLECTION LIMITS:
* -----Rafter-----          ---Girt---  --Panel---
* Live  Wind Total  Column  Wall Facia  Wall Facia  Brace
  180.  150.    0.   120.    90.  120.   90.  120.    60.
 
*( 7)REPORTS:
*   Input  Column  Wall  Door  Wall   Cable
*   Echo   Rafter  Girt  Jamb  Panel  Brace
    'Y'     'Y'    'Y'   'Y'    'Y'    'Y'
 
*( 8)BUILDING LAYOUT:
*                               ---------------Expand_EW---------------
* Type      Width     Length    Use Opt  Extend Offset Flange LoadWidth
 'FF-'    12800.0    30500.0   'Y ' '-'    0.00 390.00 125.00   4463.0
 
*( 9)WALL LAYOUT:
* Id  Use     Type Opt     Start   Length
   3 'RIGHT '  '-' '-'       0.0  12800.0
 
*(10)SURFACE SHAPE:
* No.    X_Coord  Y_Coord  Offset  Opt
   4         0.0   9100.0  200.00  '-'
          6400.0   9740.0  200.00  '-'
         12800.0   9100.0  200.00  '-'
         12800.0      0.0  200.00  '-'
 
 
*(11)BAY SPACING:
* No.   ---Bay_Set---
*Sets     Width  Quan
   2     5115.0    1
         7685.0    1
 
*(12)ROOF & SIDEWALL BAY:
* --Roof_Bay--   Frame    Left_SW_Bay   Right_SW_Bay
* No.    Width  Recess     Width Open     Width Open
   4    7040.0   390.0    7040.0  'N'    7040.0  'N'
 
*(13)WALL OPENINGS:
*         ----Bay---                            Sill   Base    Set  Panel  JambL/JambR/Header/Sill
*No.  Id  Id  Offset  Type    Width   Height  Height   Elev  Depth   Opt    Type    Part
  1    3   2  1843.0   51    4000.0   4000.0     0.0   0.00   0.00   'Y'    'C '   '--------'
                                                                            'C '   '--------'
                                                                            'C '   '--------'
                                                                            'C '   '--------'
 
*(14)WIDE OPENING LAYOUT:
*----Open--- Bay_Id  --Clear_Opening--   Wedge     Stub    Column  Total
*No. Id Type St End  Width      Height   Height    Elev     Mount  Weight
 0
 
*(15)WIDE OPENING & STRUT FRAMING:
*-Open- ------Door_Jamb------ Stub   Head Back_Brace Strut -Header_Beam- Deflection
*No. Id Type   FlgWid  FlgThk Type   Type Type  Loc  Type  Type Max_Spc  Horz  Vert
 0
 
*(16)WIDE OPENING HEADER LOCATION:
*-Open-    No.        Column
*No. Id    Location   Location
 0
 
*(17)PARTIAL WALLS:
*                --Bay_Id-  ----Offset----          Jamb Base  Top Full_Load  ------Panel------  Deflect_Limit
*No. Id  Use Opt Start End   Start     End   Height Type Type Type Girt  Col  Part      Opt Rot   Girt   Panel
  1   3  'P' 'O'    1    2     0.0     0.0   3000.0  '-'  '-'  '-'  'N'  'Y' '--------' '-' '-'   90.0    90.0
 
*(18)COLUMNS:
*          Max
*Same  UnBrace
*Depth  Length
  'Y'    12000
 
*(19)COLUMN PART & ELEVATION:
*                                              ---Base---  Rafter
*No. Id  Type    Part       Opt  Rot   Depth    Elev  Opt  Attach
  3   1  '-   ' '--------'  '-'  'N'    0.00    0.00  '-'   'F'
      2  'W   ' 'W30a158'  '-'  '-'    0.00    0.00  '-'   'F'
      3  '-   ' '--------'  '-'  'N'    0.00    0.00  '-'   'F'
*(20)COLUMN SPLICES:
*     Col
* No.  Id    Locate  Type
   0
 
*(21)RAFTERS:
*Rafter  Flange
* Same    Brace
   'Y'     'Y'
 
*(22)RAFTER PART:
*    Surf
*No.  Id   Type    Part       Opt  Rot  Depth
  2    2  'W   '  '--------'  '-'  '-'   0.00
       3  'W   '  '--------'  '-'  '-'   0.00
 
*(23)RAFTER SPLICES:
*     Surf
* No.  Id    Locate  Type  Opt
   3    2       0.0  '--'  '-'
        3       0.0  'M '  '-'
        3    6431.9  '--'  '-'
 
*(24)GIRT DESIGN:
*Girt  --Flange_Strap--                   --Depth--     Set     Max  Rafter
*Type  Out  In    Space  Offset  Project    Set Opt     Lap   Space  Attach
 'ZB'  'C'  'Y'  2250.0    0.00   230.00 200.00 'W'     0.0  3080.0    'N'
 
*(25)GIRT LOCATION:
* Set
* Loc   No.   Location
  'Y'    5     3080.0   4280.0   5780.0   7280.0   8280.0
 
*(26)SPECIAL GIRT:
*     --Bay_Id--
*No.  Start  End   Height  Type  Rot  Part       Use
  1      2     2   5250.0  'ZB'  'D' '--------'  'C'
 
*(27)SIDEWALL GIRT:
*Wall
* Id   Type  Depth Offset Project   No.   Location
   2   'ZB' 200.00   0.00  230.00    5     3080.0   4580.0   6080.0   7280.0   8280.0
   4   'ZB' 200.00   0.00  230.00    5     3080.0   4280.0   5780.0   7280.0   8280.0
 
*(28)ROOF PURLINS:
*Surf   Surf     Peak
* Id     Ext     Space  No.  Locate
   2       0     300.0   4   1334.9   2933.9   4532.9   6131.9
   3       0     300.0   4    300.0   1899.0   3498.0   5097.0
 
*(29)WALL PANELS:
*----Wall_Panel----  ------Insulation-----
* Part      Opt Rot  Use  Thick  Part
 '45250 .5' '-' '-'  'N'   0.00 '--------'
 
*(30)LINER PANELS:
*      --Bay_Id-                       Flange
*No.   Start End    Height   Part       Opt
  0
 
*(31)RIGID FRAME:
*Frame Interior_Column
*Type  Type  No.  Locate
 'RF ' '-'    0
 
*(32)WALL FRAMING OPTIONS:
*Panel  Diagonal  Brace            EW_Brace_To_Frame
*Shear  Bracing   Option  Height      Left     Right
  'N'     'N'      '--'      0.0    6400.0    6400.0
 
*(33)WALL BRACING:
*   Wind   Brace     No._Bay   Specified
*  Shear   Type     Specified  Bays_For_Bracing
   820.5    'R  '       0
 
*(34)WALL BRACING ATTACHMENT:
*                 --Bay_Id--            No.
* No.      Id     Start  End     Elev  Level         Level_Height
    1       1       1     2      0.00    0
 
*(35)EXTENSION LAYOUT:
*    Ext  Wall                   --Bay_Id-   --Edge_Extend--     Beam
*No.  Id   Id   Type  Opt  Mount Start End     Left    Right      Lap  Attach
   1   3    3   'EC'  '-'   'B'     2    2      0.0      0.0     0.00   'C'
 
*(36)EXTENSION SIZE:
*Ext  -----Horizontal_Size-----   ---------Vertical_Size--------
* Id    Height    Width   Slope      Elev  Height  Slope Project
   3    5200.0   1500.0   10.00       0.0     0.0   0.00    0.00
 
*(37)EXTENSION GIRTS:
*    Ext
*No.  Id   Use        Type  Rot  Depth
  0
 
*(38)EXTENSION PANELS:
*     Ext                               Angle
*No.  Id   Use        Part       Rot  Spacing
  0
 
*(39)LOAD GROUPS:
*    Group
*No.   Id   Description
   1  '-'  'Standard            '
 
*(40)BASIC LOADS:
*                                                                 ------Girts/Panels-----
*                                              ---Deflection---   --Strength-  Deflection
*Group  Dead  Coll   Live   Snow  Rain  Basic     Load_Ratio      Load_Factor  Load_Ratio
*  Id   Load  Load   Load   Load  Load   Wind  Snow  Wind  Seis   Wind   Seis  Wind  Seis
  '-'  0.100 0.050  0.570  0.000 0.000  0.986  1.00  1.00  1.00   1.00   1.00  1.00  1.00
 
*(41)EDGE ZONE:
*      ----------Endwall----------  ---------Sidewall----------  --------Ratio--------
*Group -Left_Corner-  Right_Corner  -Left_Corner-  Right_Corner   Girt/
*  Id   Width   Base   Width  Base   Width   Base  Width   Base   Jamb   Panel  Column
  '-'    1280      0   1280      0    1280      0   1280      0   1.07    1.00   1.07
 
*(42)BASIC LOADS AT EAVE:
*Group  Seis    Seis   Seis   --Torsion--   --Extension--   -Additional-
*  Id   Dead    Girt   Load   Wind   Seis     Wind   Seis    Wind   Seis
  '-'  0.096  0.0000   0.44   0.00   0.00     0.21   0.04    0.00   0.00
 
*(43)LONGITUDINAL BRACING LOADS:
*Group   ----Wind-----   ---Seismic---
*  Id    Horz    Vert    Horz    Vert
  '-'    0.00    0.00    0.00    0.00  .. Left  Column
  '-'    0.00    0.00    0.00    0.00  .. Right Column
 
*(44)WIND PRESSURE/SUCTION:
*Group   Wind     Wind
*  Id   Press     Suct
  '-'   0.862   -0.951    .. Column
  '-'   0.862   -0.951    .. Girt/Header
  '-'   0.862   -0.951    .. Jamb
  '-'   1.065   -1.154    .. Panel
  '-'   0.862   -0.951    .. Parapet Column
  '-'   1.770   -1.458    .. Parapet Girt
  '-'   1.480   -0.986    .. Transv Bracing, Facia/Parapet
 
*(45)WIND COEFFICIENTS:
*Group Surf  ---Wind_1--   ---Wind_2--     Long_Wind  Surface
*  Id   Id   Left  Right   Left  Right      1      2  Friction
  '-'    1   0.35  -0.56   0.71  -0.20  -0.63  -0.27    0.00
  '-'    2  -1.10  -0.65  -0.74  -0.29  -0.87  -0.51    0.00
  '-'    3  -0.65  -1.10  -0.29  -0.74  -0.87  -0.51    0.00
  '-'    4  -0.56   0.35  -0.20   0.71  -0.63  -0.27    0.00
 
*(46)COLUMN, RAFTER, BRACING LOAD COMBINATIONS - STRENGTH:
*    Load Group            ---Live---        -Add_Snow-        --Wind_1--  --Wind_2--   Long_Wind Column_Wind  -Seismic--  Aux_Loa
*No.  Id    Id Dead  Coll  Roof Floor  Snow Drift Slide  Rain  Left Right  Left Right     1     2 Press  Suct  Long  Tran  Id  Coe
  65   1   '-' 1.00  1.00  1.00  0.00  0.00  0.00  0.00  0.00  0.00  0.00  0.00  0.00  0.00  0.00  0.00  0.00  0.00  0.00   0  0.0
       2   '-' 1.00  1.00  0.00  1.00  0.00  0.00  0.00  0.00  0.00  0.00  0.00  0.00  0.00  0.00  0.00  0.00  0.00  0.00   0  0.0
       3   '-' 1.00  1.00  0.00  0.00  1.00  0.00  0.00  0.00  0.00  0.00  0.00  0.00  0.00  0.00  0.00  0.00  0.00  0.00   0  0.0
       4   '-' 1.00  1.00  0.00  0.00  1.00  1.00  0.00  0.00  0.00  0.00  0.00  0.00  0.00  0.00  0.00  0.00  0.00  0.00   0  0.0
       5   '-' 1.00  1.00  0.00  0.00  1.00  0.00  1.00  0.00  0.00  0.00  0.00  0.00  0.00  0.00  0.00  0.00  0.00  0.00   0  0.0
       6   '-' 1.00  1.00  0.75  0.75  0.00  0.00  0.00  0.00  0.00  0.00  0.75  0.00  0.00  0.00  0.00  0.75  0.00  0.00   0  0.0
       7   '-' 1.00  1.00  0.75  0.75  0.00  0.00  0.00  0.00  0.00  0.00  0.00  0.75  0.00  0.00  0.00  0.75  0.00  0.00   0  0.0
       8   '-' 1.00  1.00  0.75  0.75  0.00  0.00  0.00  0.00  0.00  0.00  0.00  0.00  0.75  0.00  0.00  0.75  0.00  0.00   0  0.0
       9   '-' 1.00  1.00  0.75  0.75  0.00  0.00  0.00  0.00  0.00  0.00  0.00  0.00  0.00  0.75  0.00  0.75  0.00  0.00   0  0.0
      10   '-' 1.00  1.00  0.00  0.75  0.75  0.00  0.00  0.00  0.00  0.00  0.75  0.00  0.00  0.00  0.00  0.75  0.00  0.00   0  0.0
      11   '-' 1.00  1.00  0.00  0.75  0.75  0.00  0.00  0.00  0.00  0.00  0.00  0.75  0.00  0.00  0.00  0.75  0.00  0.00   0  0.0
      12   '-' 1.00  1.00  0.00  0.75  0.75  0.00  0.00  0.00  0.00  0.00  0.00  0.00  0.75  0.00  0.00  0.75  0.00  0.00   0  0.0
      13   '-' 1.00  1.00  0.00  0.75  0.75  0.00  0.00  0.00  0.00  0.00  0.00  0.00  0.00  0.75  0.00  0.75  0.00  0.00   0  0.0
      14   '-' 1.00  1.00  0.00  0.75  0.75  0.75  0.00  0.00  0.00  0.00  0.75  0.00  0.00  0.00  0.00  0.75  0.00  0.00   0  0.0
      15   '-' 1.00  1.00  0.00  0.75  0.75  0.75  0.00  0.00  0.00  0.00  0.00  0.75  0.00  0.00  0.00  0.75  0.00  0.00   0  0.0
      16   '-' 1.00  1.00  0.00  0.75  0.75  0.75  0.00  0.00  0.00  0.00  0.00  0.00  0.75  0.00  0.00  0.75  0.00  0.00   0  0.0
      17   '-' 1.00  1.00  0.00  0.75  0.75  0.75  0.00  0.00  0.00  0.00  0.00  0.00  0.00  0.75  0.00  0.75  0.00  0.00   0  0.0
      18   '-' 1.00  1.00  0.00  0.75  0.75  0.00  0.75  0.00  0.00  0.00  0.75  0.00  0.00  0.00  0.00  0.75  0.00  0.00   0  0.0
      19   '-' 1.00  1.00  0.00  0.75  0.75  0.00  0.75  0.00  0.00  0.00  0.00  0.75  0.00  0.00  0.00  0.75  0.00  0.00   0  0.0
      20   '-' 1.00  1.00  0.00  0.75  0.75  0.00  0.75  0.00  0.00  0.00  0.00  0.00  0.75  0.00  0.00  0.75  0.00  0.00   0  0.0
      21   '-' 1.00  1.00  0.00  0.75  0.75  0.00  0.75  0.00  0.00  0.00  0.00  0.00  0.00  0.75  0.00  0.75  0.00  0.00   0  0.0
      22   '-' 0.60  0.00  0.00  0.00  0.00  0.00  0.00  0.00  0.00  0.00  0.00  0.00  1.00  0.00  1.00  0.00  0.00  0.00   0  0.0
      23   '-' 0.60  0.00  0.00  0.00  0.00  0.00  0.00  0.00  0.00  0.00  0.00  0.00  0.00  1.00  1.00  0.00  0.00  0.00   0  0.0
      24   '-' 0.60  0.00  0.00  0.00  0.00  0.00  0.00  0.00  0.00  0.00  0.00  0.00  1.00  0.00  0.00  1.00  0.00  0.00   0  0.0
      25   '-' 0.60  0.00  0.00  0.00  0.00  0.00  0.00  0.00  0.00  0.00  0.00  0.00  0.00  1.00  0.00  1.00  0.00  0.00   0  0.0
      26   '-' 0.60  0.00  0.00  0.00  0.00  0.00  0.00  0.00  1.00  0.00  0.00  0.00  0.00  0.00  0.00  1.00  0.00  0.00   0  0.0
      27   '-' 0.60  0.00  0.00  0.00  0.00  0.00  0.00  0.00  0.00  1.00  0.00  0.00  0.00  0.00  0.00  1.00  0.00  0.00   0  0.0
      28   '-' 0.60  0.00  0.00  0.00  0.00  0.00  0.00  0.00  0.00  0.00  1.00  0.00  0.00  0.00  0.00  1.00  0.00  0.00   0  0.0
      29   '-' 0.60  0.00  0.00  0.00  0.00  0.00  0.00  0.00  0.00  0.00  0.00  1.00  0.00  0.00  0.00  1.00  0.00  0.00   0  0.0
      30   '-' 1.01  1.01  0.00  0.00  0.00  0.00  0.00  0.00  0.00  0.00  0.00  0.00  0.00  0.00  0.00  0.00  0.00  0.70   0  0.0
      31   '-' 1.01  1.01  0.00  0.00  0.00  0.00  0.00  0.00  0.00  0.00  0.00  0.00  0.00  0.00  0.00  0.00  0.00 -0.70   0  0.0
      32   '-' 1.01  1.01  0.75  0.75  0.00  0.00  0.00  0.00  0.00  0.00  0.00  0.00  0.00  0.00  0.00  0.00  0.00  0.52   0  0.0
      33   '-' 1.01  1.01  0.75  0.75  0.00  0.00  0.00  0.00  0.00  0.00  0.00  0.00  0.00  0.00  0.00  0.00  0.00 -0.52   0  0.0
      34   '-' 1.01  1.01  0.00  0.75  0.00  0.00  0.00  0.00  0.00  0.00  0.00  0.00  0.00  0.00  0.00  0.00  0.00  0.52   0  0.0
      35   '-' 1.01  1.01  0.00  0.75  0.00  0.00  0.00  0.00  0.00  0.00  0.00  0.00  0.00  0.00  0.00  0.00  0.00 -0.52   0  0.0
      36   '-' 0.59  0.00  0.00  0.00  0.00  0.00  0.00  0.00  0.00  0.00  0.00  0.00  0.00  0.00  0.00  0.00  0.00  0.70   0  0.0
      37   '-' 0.59  0.00  0.00  0.00  0.00  0.00  0.00  0.00  0.00  0.00  0.00  0.00  0.00  0.00  0.00  0.00  0.00 -0.70   0  0.0
      38   '-' 0.60  0.00  0.00  0.00  0.00  0.00  0.00  0.00  1.00  0.00  0.00  0.00  0.00  0.00  0.00  0.00  0.00  0.00   0  0.0
      39   '-' 0.60  0.00  0.00  0.00  0.00  0.00  0.00  0.00  0.00  1.00  0.00  0.00  0.00  0.00  0.00  0.00  0.00  0.00   0  0.0
      40   '-' 0.60  0.00  0.00  0.00  0.00  0.00  0.00  0.00  0.00  0.00  1.00  0.00  0.00  0.00  0.00  0.00  0.00  0.00   0  0.0
      41   '-' 0.60  0.00  0.00  0.00  0.00  0.00  0.00  0.00  0.00  0.00  0.00  1.00  0.00  0.00  0.00  0.00  0.00  0.00   0  0.0
      42   '-' 0.60  0.00  0.00  0.00  0.00  0.00  0.00  0.00  0.00  0.00  0.00  0.00  1.00  0.00  0.00  0.00  0.00  0.00   3  1.0
      43   '-' 0.60  0.00  0.00  0.00  0.00  0.00  0.00  0.00  0.00  0.00  0.00  0.00  1.00  0.00  0.00  0.00  0.00  0.00   4  1.0
      44   '-' 0.60  0.00  0.00  0.00  0.00  0.00  0.00  0.00  0.00  0.00  0.00  0.00  0.00  1.00  0.00  0.00  0.00  0.00   5  1.0
      45   '-' 0.60  0.00  0.00  0.00  0.00  0.00  0.00  0.00  0.00  0.00  0.00  0.00  0.00  1.00  0.00  0.00  0.00  0.00   6  1.0
      46   '-' 1.00  1.00  0.00  0.00  0.00  0.00  0.00  0.00  0.00  0.00  0.00  0.00  0.00  0.00  0.00  0.00  0.00  0.70   0  0.0
      47   '-' 1.00  1.00  0.00  0.00  0.00  0.00  0.00  0.00  0.00  0.00  0.00  0.00  0.00  0.00  0.00  0.00  0.00 -0.70   0  0.0
      48   '-' 1.00  1.00  0.75  0.00  0.00  0.00  0.00  0.00  0.00  0.00  0.00  0.00  0.00  0.00  0.00  0.00  0.00  0.70   0  0.0
      49   '-' 1.00  1.00  0.75  0.00  0.00  0.00  0.00  0.00  0.00  0.00  0.00  0.00  0.00  0.00  0.00  0.00  0.00 -0.70   0  0.0
      50   '-' 1.00  1.00  0.00  0.00  0.00  0.00  0.00  0.00  0.00  0.00  0.00  0.00  0.00  0.00  0.00  0.00  0.00  0.52   0  0.0
      51   '-' 1.00  1.00  0.00  0.00  0.00  0.00  0.00  0.00  0.00  0.00  0.00  0.00  0.00  0.00  0.00  0.00  0.00 -0.52   0  0.0
      52   '-' 0.60  0.00  0.00  0.00  0.00  0.00  0.00  0.00  0.00  0.00  0.00  0.00  0.00  0.00  0.00  0.00  0.00  0.70   0  0.0
      53   '-' 0.60  0.00  0.00  0.00  0.00  0.00  0.00  0.00  0.00  0.00  0.00  0.00  0.00  0.00  0.00  0.00  0.00 -0.70   0  0.0
      54   '-' 1.00  1.00  0.01  0.00  0.00  0.00  0.00  0.00  0.00  0.00  0.00  0.00  0.00  0.00  0.00  0.00  0.00  0.00   1  1.0
      55   '-' 1.00  1.00  0.01  0.00  0.00  0.00  0.00  0.00  0.00  0.00  0.00  0.00  0.00  0.00  0.00  0.00  0.00  0.00   2  1.0
      56   '-' 1.00  1.00  0.00  0.00  0.75  0.00  0.00  0.00  0.00  0.00  0.75  0.00  0.00  0.00  0.00  0.75  0.00  0.00   0  0.0
      57   '-' 1.00  1.00  0.00  0.00  0.75  0.00  0.00  0.00  0.00  0.00  0.00  0.75  0.00  0.00  0.00  0.75  0.00  0.00   0  0.0
      58   '-' 1.00  1.00  0.00  0.00  0.75  0.75  0.00  0.00  0.00  0.00  0.75  0.00  0.00  0.00  0.00  0.75  0.00  0.00   0  0.0
      59   '-' 1.00  1.00  0.00  0.00  0.75  0.75  0.00  0.00  0.00  0.00  0.00  0.75  0.00  0.00  0.00  0.75  0.00  0.00   0  0.0
      60   '-' 1.00  1.00  0.00  0.00  0.75  0.75  0.00  0.00  0.00  0.00  0.00  0.00  0.75  0.00  0.00  0.75  0.00  0.00   0  0.0
      61   '-' 1.00  1.00  0.00  0.00  0.75  0.75  0.00  0.00  0.00  0.00  0.00  0.00  0.00  0.75  0.00  0.75  0.00  0.00   0  0.0
      62   '-' 1.00  1.00  0.00  0.00  0.75  0.00  0.75  0.00  0.00  0.00  0.75  0.00  0.00  0.00  0.00  0.75  0.00  0.00   0  0.0
      63   '-' 1.00  1.00  0.00  0.00  0.75  0.00  0.75  0.00  0.00  0.00  0.00  0.75  0.00  0.00  0.00  0.75  0.00  0.00   0  0.0
      64   '-' 1.00  1.00  0.00  0.00  0.75  0.00  0.75  0.00  0.00  0.00  0.00  0.00  0.75  0.00  0.00  0.75  0.00  0.00   0  0.0
      65   '-' 1.00  1.00  0.00  0.00  0.75  0.00  0.75  0.00  0.00  0.00  0.00  0.00  0.00  0.75  0.00  0.75  0.00  0.00   0  0.0
 
*(47)COLUMN, RAFTER, BRACING LOAD COMBINATIONS - DEFLECTION:
*    Load Group            ---Live---        -Add_Snow-        --Wind_1--  --Wind_2--   Long_Wind Column_Wind  -Seismic--  Aux_Loa
*No.  Id    Id Dead  Coll  Roof Floor  Snow Drift Slide  Rain  Left Right  Left Right     1     2 Press  Suct  Long  Tran  Id  Coe
   0
 
*(48)AUXILIARY LOADS:
*                        No._Add   Add_Load
* No.   Id   Name         Combs   Id    Coef
   6     1   'E2PAT_LL_1'   1      1    1.00
         2   'E2PAT_LL_2'   2      2    1.00
                                   3    1.00
         3   'LWIND1_L  '   1      4    1.00
         4   'LWIND1_R  '   1      5    1.00
         5   'LWIND2_L  '   1      4    1.00
         6   'LWIND2_R  '   1      5    1.00
 
*(49)ADDITIONAL LOADS:
*    Add  Group Loc  Basic        Load       Fx        Fy      Mom        Dx        Dy  .. Conc
*No.  Id    Id   Id  Load         Type       W1        W2       Co       Dl1       Dl2  .. Dist
  15   1   '-'    2 'U_LIVE    '  'D '    -2.10     -2.10    0.100       0.0    5140.5
       2   '-'    2 'U_LIVE    '  'D '    -2.10     -2.10    0.100    5140.5    6431.9
       3   '-'    3 'U_LIVE    '  'D '    -2.10     -2.10   -0.100       0.0    6431.9
       4   '-'    2 'U_WIND    '  'D '     1.39      1.39    0.000       0.0    2560.0
       5   '-'    3 'U_WIND    '  'D '     1.39      1.39    0.000    3871.9    6431.9
       6   '-'    2 'DEAD      '  'I '    0.000    -0.579    0.435       0.0    5200.0
       7   '-'    2 'COLLAT    '  'I '    0.000    -0.290    0.217       0.0    5200.0
       8   '-'    2 'LIVE      '  'I '    0.000    -3.285    2.466       0.0    5200.0
       9   '-'    2 'WINDP     '  'I '   -0.847     8.471   -6.423       0.0    5200.0
      10   '-'    2 'WINDS     '  'I '   -0.213     2.133   -1.617       0.0    5200.0
      11   '-'    3 'DEAD      '  'I '    0.000    -0.579    0.000       0.0    5200.0
      12   '-'    3 'COLLAT    '  'I '    0.000    -0.290    0.000       0.0    5200.0
      13   '-'    3 'LIVE      '  'I '    0.000    -3.285    0.000       0.0    5200.0
      14   '-'    3 'WINDP     '  'I '    0.000     8.471    0.000       0.0    5200.0
      15   '-'    3 'WINDS     '  'I '    0.000     2.133    0.000       0.0    5200.0
 
*(50)GIRT LAPS:
*      Data  ------Set_1-------  ------Set_2-------  ------Set_3-------
* Opt  Sets  Left    Right Quan  Left    Right Quan  Left    Right Quan
  '-'   0
 
*(51)GIRT STRAPS:
*     Data  ---Set_1---  ---Set_2---  ---Set_3---  ---Set_4---
*Opt  Sets  Strap  Quan  Strap  Quan  Strap  Quan  Strap  Quan
 '-'   0
 
*(52)PANEL SCREWS:
* No.                                    Washer
*Zone Zone   Part          Dia    Limit     Dia  -------Spacing------
   3 'INT ' '14x20SDS'    4.80   13.700   19.00  250.00 125.00  83.33
     'EDGE' '14x20SDS'    4.80   13.700   19.00  250.00 125.00  83.33
     'BASE' '14x20SDS'    4.80   13.700   19.00  250.00 125.00  83.33
 
*(53)BEAMS:
*     Bay
*No.   Id Use    Height   Offset  Locate1  Locate2
  0
 
*(54)STEPPED LOAD COEFFICIENTS:
*    Group Basic    Location   No.  ----Step_1---   ----Step_2---   ----Step_3---
*No.   Id  Load      Use  Id  Step  Locate   Coef   Locate   Coef   Locate   Coef
  4   '-' 'WINDL1'   'R'   2    2   6400.0  1.000   6431.9  0.595
      '-' 'WINDR1'   'R'   3    2     31.9  0.595   6431.9  1.000
      '-' 'WINDL2'   'R'   2    2   6400.0  1.000   6431.9  0.396
      '-' 'WINDR2'   'R'   3    2     31.9  0.396   6431.9  1.000
 
*(55)ADDITIONAL COLUMNS:
*No.  Id   Locate  Type  Rot  Opt  Part           Elev
  0
 
*(56)RIGID FRAME COORDINATES:
*Frame Frame                           Flange
*  Id   Type  No.  X_Coord    Y_Coord   Width
    5   'RF'   8     636.0        0.0   150.0
                     636.0     8555.6   150.0
                     636.0     8555.6   125.0
                    6400.0     9232.5   125.0
                    6400.0     9232.5   125.0
                   12164.0     8555.6   125.0
                   12164.0     8555.6   150.0
                   12164.0        0.0   150.0
 
*(57)DESIGN CODE OPTIONS:
*No.   Event                         Condition
  0
 
*(58)DESIGN PLATES:
*     ----Plate---   --Plate_Size-   Bolt   Bolt  ----Top---  --Bottom--   Plate  Bolt
*No.  Type      Id   Width   Thick    Dia   Gage  Row  Space  Row  Space  Offset  Edge
  0
 
*(59)GIRT LAYOUT:
*      Bay                                    -----Extend----   Frame_Opt  -Frame_Id-
*  No.  Id   Locate  Type  Rot Opt  Part         Left   Right  Left Right  Left Right
    0
 
*(60)COLUMN FLANGE BRACE:
*      Col
*No.   Id   Girt   Side  Opt
  0
 
*AUXILIARY LOAD DESCRIPTIONS:
* Aux
*  Id  Description
*   1  Pattern live load
*   2  Pattern live load
*   3  Longitudinal wind load, case 1 zone 2
*   4  Longitudinal wind load, case 1 zone 3
*   5  Longitudinal wind load, case 2 zone 2
*   6  Longitudinal wind load, case 2 zone 3
*
*ADDITIONAL LOAD DESCRIPTIONS:
* Add
*  Id  Description
*   1  Pattern live load bay 1
*   2  Pattern live load bay 2
*   3  Pattern live load surface 3
*   4  Longitudinal wind load zone 2
*   5  Longitudinal wind load zone 3
*   6  Extension Id 3, Column Id 2, Dead =  0.100
*   7  Extension Id 3, Column Id 2, Collateral =  0.050
*   8  Extension Id 3, Column Id 2, Live =  0.570
*   9  Extension Id 3, Column Id 2, Wind =  -1.470
*  10  Extension Id 3, Column Id 2, Wind =  -0.370
*  11  Extension Id 3, Column Id 3, Dead =  0.100
*  12  Extension Id 3, Column Id 3, Collateral =  0.050
*  13  Extension Id 3, Column Id 3, Live =  0.570
*  14  Extension Id 3, Column Id 3, Wind =  -1.470
*  15  Extension Id 3, Column Id 3, Wind =  -0.370
*
* Code files used:
*   MBMA.10N
*   EW_MBMA.10N Version 4.0
*
*BASIC LOADS AT EAVE - Extension_Brace
* Ext
*  Id   Wind    Seismic
*   3   0.21      0.04

================================================================================
 C463-002            Wall 3 - Design Code                   18/DEC/2025  2:50pm
================================================================================

 STRUCTURAL CODE:
 ----------------
   Design Basis      :  WS - Working Stress
   Hot  Rolled Steel :  AISC05
   Cold Formed Steel :  NAUS07  

 BUILDING CODE:
 --------------
   Wind Code         :  MBMA 10
   Seismic Zone      :  C  

 MODULUS OF ELASTICITY:
 ----------------------
   Hot  Rolled Steel :  199955 (MN/m2)
   Cold Formed Steel :  203403 (MN/m2)
 
================================================================================
 C463-002            Wall 3 - Column & Rafter Design        18/DEC/2025  2:50pm
================================================================================

 MEMBER LAYOUT:
 --------------
         Locate             ---Web(mm)-- -Flange(mm)- Length Weight ----Max_Load----
  Id       (mm) Part        Depth  Thick Width  Thick   (mm)   (kg)  Id   UC Report
  ------ ------ ----------- -----  ----- -----  ----- ------ ------ --- ---- -------
  Col1        0
  Col2     5115 W30a158     300.0   4.00 150.0   8.00   9082  257.0  24 0.92 Mom+Axl
  Col3    12800
                                                            -------
                                                  Total=      257.0


 DESIGN ACTIONS/STRENGTH:
 ------------------------
         Load  ---Axial(kN)--  ---Shear(kN)--  -Moment(kN-m)-
  Id      Id     Calc   Limit    Calc   Limit    Calc   Limit
  -----  ----  ------  ------  ------  ------  ------  ------
  Col2     1     6.67  406.42    0.34  121.93   -1.78   94.12
  Col2     2     3.39  406.42    0.07  121.93   -0.37   94.12
  Col2     3     3.39  406.42    0.07  121.93   -0.37   94.12
  Col2     4     3.39  406.42    0.07  121.93   -0.37   94.12
  Col2     5     3.39  406.42    0.07  121.93   -0.37   94.12
  Col2     6     4.25  406.42   26.17  121.93   58.54   86.45
  Col2     7     4.25  406.42   26.17  121.93   58.54   86.45
  Col2     8     4.25  406.42   26.17  121.93   58.54   86.45
  Col2     9     4.25  406.42   26.17  121.93   58.54   86.45
  Col2    10     1.79  406.42  -26.07  121.93   59.46   86.57
  Col2    11     1.79  406.42  -26.07  121.93   59.46   86.57
  Col2    12     1.79  406.42  -26.07  121.93   59.46   86.57
  Col2    13     1.79  406.42  -26.07  121.93   59.46   86.57
  Col2    14     1.79  406.42  -26.07  121.93   59.46   86.57
  Col2    15     1.79  406.42  -26.07  121.93   59.46   86.57
  Col2    16     1.79  406.42  -26.07  121.93   59.46   86.57
  Col2    17     1.79  406.42  -26.07  121.93   59.46   86.57
  Col2    18     1.79  406.42  -26.07  121.93   59.46   86.57
  Col2    19     1.79  406.42  -26.07  121.93   59.46   86.57
  Col2    20     1.79  406.42  -26.07  121.93   59.46   86.57
  Col2    21     1.79  406.42  -26.07  121.93   59.46   86.57
  Col2    22    -6.99  743.98  -31.54  121.93  -70.39   94.12
  Col2    23    -6.99  743.98  -31.54  121.93  -70.39   94.12
  Col2    24    -1.53  743.98  -34.82  121.93   79.59   86.60
  Col2    25    -1.53  743.98  -34.82  121.93   79.59   86.60
  Col2    26    -1.53  743.98  -34.82  121.93   79.59   86.60
  Col2    27    -1.53  743.98  -34.82  121.93   79.59   86.60
  Col2    28    -1.53  743.98  -34.82  121.93   79.59   86.60
  Col2    29    -1.53  743.98  -34.82  121.93   79.59   86.60
  Col2    30     3.42  406.42    0.07  121.93   -0.38   94.12
  Col2    31     3.42  406.42    0.07  121.93   -0.38   94.12
  Col2    32     5.89  406.42    0.28  121.93   -1.44   94.12
  Col2    33     5.89  406.42    0.28  121.93   -1.44   94.12
  Col2    34     3.42  406.42    0.07  121.93   -0.38   94.12
  Col2    35     3.42  406.42    0.07  121.93   -0.38   94.12
  Col2    36     1.83  406.42    0.03  121.93   -0.15   94.12
  Col2    37     1.83  406.42    0.03  121.93   -0.15   94.12
  Col2    38     1.86  406.42    0.03  121.93   -0.15   94.12
  Col2    39     1.86  406.42    0.03  121.93   -0.15   94.12
  Col2    40     1.86  406.42    0.03  121.93   -0.15   94.12
  Col2    41     1.86  406.42    0.03  121.93   -0.15   94.12
  Col2    42     1.86  406.42    0.03  121.93   -0.15   94.12
  Col2    43     1.86  406.42    0.03  121.93   -0.15   94.12
  Col2    44     1.86  406.42    0.03  121.93   -0.15   94.12
  Col2    45     1.86  406.42    0.03  121.93   -0.15   94.12
  Col2    46     3.39  406.42    0.07  121.93   -0.37   94.12
  Col2    47     3.39  406.42    0.07  121.93   -0.37   94.12
  Col2    48     5.85  406.42    0.28  121.93   -1.43   94.12
  Col2    49     5.85  406.42    0.28  121.93   -1.43   94.12
  Col2    50     3.39  406.42    0.07  121.93   -0.37   94.12
  Col2    51     3.39  406.42    0.07  121.93   -0.37   94.12
  Col2    52     1.86  406.42    0.03  121.93   -0.15   94.12
  Col2    53     1.86  406.42    0.03  121.93   -0.15   94.12
  Col2    54     3.39  406.42    0.07  121.93   -0.37   94.12
  Col2    55     3.39  406.42    0.07  121.93   -0.37   94.12
  Col2    56     1.79  406.42  -26.07  121.93   59.46   86.57
  Col2    57     1.79  406.42  -26.07  121.93   59.46   86.57
  Col2    58     1.79  406.42  -26.07  121.93   59.46   86.57
  Col2    59     1.79  406.42  -26.07  121.93   59.46   86.57
  Col2    60     1.79  406.42  -26.07  121.93   59.46   86.57
  Col2    61     1.79  406.42  -26.07  121.93   59.46   86.57
  Col2    62     1.79  406.42  -26.07  121.93   59.46   86.57
  Col2    63     1.79  406.42  -26.07  121.93   59.46   86.57
  Col2    64     1.79  406.42  -26.07  121.93   59.46   86.57
  Col2    65     1.79  406.42  -26.07  121.93   59.46   86.57

 STRENGTH RATIO:
 ---------------
         Load                        Axial+  Shear+    Max
   Id     Id   Axial  Shear  Moment  Moment  Moment     UC
   ----- ----  -----  -----  ------  ------  ------  -----
   Col2    1    0.02   0.00    0.02    0.03           0.03 
   Col2    2    0.01   0.00    0.00    0.01           0.01 
   Col2    3    0.01   0.00    0.00    0.01           0.01 
   Col2    4    0.01   0.00    0.00    0.01           0.01 
   Col2    5    0.01   0.00    0.00    0.01           0.01 
   Col2    6    0.01   0.21    0.68    0.68           0.68 
   Col2    7    0.01   0.21    0.68    0.68           0.68 
   Col2    8    0.01   0.21    0.68    0.68           0.68 
   Col2    9    0.01   0.21    0.68    0.68           0.68 
   Col2   10    0.00   0.21    0.69    0.69           0.69 
   Col2   11    0.00   0.21    0.69    0.69           0.69 
   Col2   12    0.00   0.21    0.69    0.69           0.69 
   Col2   13    0.00   0.21    0.69    0.69           0.69 
   Col2   14    0.00   0.21    0.69    0.69           0.69 
   Col2   15    0.00   0.21    0.69    0.69           0.69 
   Col2   16    0.00   0.21    0.69    0.69           0.69 
   Col2   17    0.00   0.21    0.69    0.69           0.69 
   Col2   18    0.00   0.21    0.69    0.69           0.69 
   Col2   19    0.00   0.21    0.69    0.69           0.69 
   Col2   20    0.00   0.21    0.69    0.69           0.69 
   Col2   21    0.00   0.21    0.69    0.69           0.69 
   Col2   22    0.01   0.26    0.75    0.75           0.75 
   Col2   23    0.01   0.26    0.75    0.75           0.75 
   Col2   24    0.00   0.29    0.92    0.92           0.92 
   Col2   25    0.00   0.29    0.92    0.92           0.92 
   Col2   26    0.00   0.29    0.92    0.92           0.92 
   Col2   27    0.00   0.29    0.92    0.92           0.92 
   Col2   28    0.00   0.29    0.92    0.92           0.92 
   Col2   29    0.00   0.29    0.92    0.92           0.92 
   Col2   30    0.01   0.00    0.00    0.01           0.01 
   Col2   31    0.01   0.00    0.00    0.01           0.01 
   Col2   32    0.01   0.00    0.02    0.02           0.02 
   Col2   33    0.01   0.00    0.02    0.02           0.02 
   Col2   34    0.01   0.00    0.00    0.01           0.01 
   Col2   35    0.01   0.00    0.00    0.01           0.01 
   Col2   36    0.00   0.00    0.00    0.00           0.00 
   Col2   37    0.00   0.00    0.00    0.00           0.00 
   Col2   38    0.00   0.00    0.00    0.00           0.00 
   Col2   39    0.00   0.00    0.00    0.00           0.00 
   Col2   40    0.00   0.00    0.00    0.00           0.00 
   Col2   41    0.00   0.00    0.00    0.00           0.00 
   Col2   42    0.00   0.00    0.00    0.00           0.00 
   Col2   43    0.00   0.00    0.00    0.00           0.00 
   Col2   44    0.00   0.00    0.00    0.00           0.00 
   Col2   45    0.00   0.00    0.00    0.00           0.00 
   Col2   46    0.01   0.00    0.00    0.01           0.01 
   Col2   47    0.01   0.00    0.00    0.01           0.01 
   Col2   48    0.01   0.00    0.02    0.02           0.02 
   Col2   49    0.01   0.00    0.02    0.02           0.02 
   Col2   50    0.01   0.00    0.00    0.01           0.01 
   Col2   51    0.01   0.00    0.00    0.01           0.01 
   Col2   52    0.00   0.00    0.00    0.00           0.00 
   Col2   53    0.00   0.00    0.00    0.00           0.00 
   Col2   54    0.01   0.00    0.00    0.01           0.01 
   Col2   55    0.01   0.00    0.00    0.01           0.01 
   Col2   56    0.00   0.21    0.69    0.69           0.69 
   Col2   57    0.00   0.21    0.69    0.69           0.69 
   Col2   58    0.00   0.21    0.69    0.69           0.69 
   Col2   59    0.00   0.21    0.69    0.69           0.69 
   Col2   60    0.00   0.21    0.69    0.69           0.69 
   Col2   61    0.00   0.21    0.69    0.69           0.69 
   Col2   62    0.00   0.21    0.69    0.69           0.69 
   Col2   63    0.00   0.21    0.69    0.69           0.69 
   Col2   64    0.00   0.21    0.69    0.69           0.69 
   Col2   65    0.00   0.21    0.69    0.69           0.69 
 

 COLUMN REACTIONS:
 -----------------
          Load            In_Plane  --Out_Plane_Horz--
   Id      Id   Vert(kN)  Horz(kN)  Base(kN)  Roof(kN)
   -----  ----  --------  --------  --------  --------
   Col2     1      6.67      0.00      -0.34      0.34
   Col2     2      3.39      0.00      -0.07      0.07
   Col2     3      3.39      0.00      -0.07      0.07
   Col2     4      3.39      0.00      -0.07      0.07
   Col2     5      3.39      0.00      -0.07      0.07
   Col2     6      4.25      0.00      25.86     26.17
   Col2     7      4.25      0.00      25.86     26.17
   Col2     8      4.25      0.00      25.86     26.17
   Col2     9      4.25      0.00      25.86     26.17
   Col2    10      1.79      0.00      26.07     25.97
   Col2    11      1.79      0.00      26.07     25.97
   Col2    12      1.79      0.00      26.07     25.97
   Col2    13      1.79      0.00      26.07     25.97
   Col2    14      1.79      0.00      26.07     25.97
   Col2    15      1.79      0.00      26.07     25.97
   Col2    16      1.79      0.00      26.07     25.97
   Col2    17      1.79      0.00      26.07     25.97
   Col2    18      1.79      0.00      26.07     25.97
   Col2    19      1.79      0.00      26.07     25.97
   Col2    20      1.79      0.00      26.07     25.97
   Col2    21      1.79      0.00      26.07     25.97
   Col2    22     -6.61      0.00     -30.31    -31.54
   Col2    23     -6.61      0.00     -30.31    -31.54
   Col2    24     -0.27      0.00      34.82     34.56
   Col2    25     -0.27      0.00      34.82     34.56
   Col2    26     -0.27      0.00      34.82     34.56
   Col2    27     -0.27      0.00      34.82     34.56
   Col2    28     -0.27      0.00      34.82     34.56
   Col2    29     -0.27      0.00      34.82     34.56
   Col2    30      3.42      0.00      -0.07      0.07
   Col2    31      3.42      0.00      -0.07      0.07
   Col2    32      5.89      0.00      -0.28      0.28
   Col2    33      5.89      0.00      -0.28      0.28
   Col2    34      3.42      0.00      -0.07      0.07
   Col2    35      3.42      0.00      -0.07      0.07
   Col2    36      1.83      0.00      -0.03      0.03
   Col2    37      1.83      0.00      -0.03      0.03
   Col2    38      1.86      0.00      -0.03      0.03
   Col2    39      1.86      0.00      -0.03      0.03
   Col2    40      1.86      0.00      -0.03      0.03
   Col2    41      1.86      0.00      -0.03      0.03
   Col2    42      1.86      0.00      -0.03      0.03
   Col2    43      1.86      0.00      -0.03      0.03
   Col2    44      1.86      0.00      -0.03      0.03
   Col2    45      1.86      0.00      -0.03      0.03
   Col2    46      3.39      0.00      -0.07      0.07
   Col2    47      3.39      0.00      -0.07      0.07
   Col2    48      5.85      0.00      -0.28      0.28
   Col2    49      5.85      0.00      -0.28      0.28
   Col2    50      3.39      0.00      -0.07      0.07
   Col2    51      3.39      0.00      -0.07      0.07
   Col2    52      1.86      0.00      -0.03      0.03
   Col2    53      1.86      0.00      -0.03      0.03
   Col2    54      3.39      0.00      -0.07      0.07
   Col2    55      3.39      0.00      -0.07      0.07
   Col2    56      1.79      0.00      26.07     25.97
   Col2    57      1.79      0.00      26.07     25.97
   Col2    58      1.79      0.00      26.07     25.97
   Col2    59      1.79      0.00      26.07     25.97
   Col2    60      1.79      0.00      26.07     25.97
   Col2    61      1.79      0.00      26.07     25.97
   Col2    62      1.79      0.00      26.07     25.97
   Col2    63      1.79      0.00      26.07     25.97
   Col2    64      1.79      0.00      26.07     25.97
   Col2    65      1.79      0.00      26.07     25.97

 COLUMN DEFLECTIONS:
 -------------------
          Load   Deflection(mm)
   Id      Id      Calc   Limit
   -----  ----   ------  ------
   Col2     1      -0.3    75.7
   Col2     2      -0.1    75.7
   Col2     3      -0.1    75.7
   Col2     4      -0.1    75.7
   Col2     5      -0.1    75.7
   Col2     6      38.4    75.7
   Col2     7      38.4    75.7
   Col2     8      38.4    75.7
   Col2     9      38.4    75.7
   Col2    10      38.6    75.7
   Col2    11      38.6    75.7
   Col2    12      38.6    75.7
   Col2    13      38.6    75.7
   Col2    14      38.6    75.7
   Col2    15      38.6    75.7
   Col2    16      38.6    75.7
   Col2    17      38.6    75.7
   Col2    18      38.6    75.7
   Col2    19      38.6    75.7
   Col2    20      38.6    75.7
   Col2    21      38.6    75.7
   Col2    22     -44.7    75.7
   Col2    23     -44.7    75.7
   Col2    24      51.5    75.7
   Col2    25      51.5    75.7
   Col2    26      51.5    75.7
   Col2    27      51.5    75.7
   Col2    28      51.5    75.7
   Col2    29      51.5    75.7
   Col2    30      -0.1    75.7
   Col2    31      -0.1    75.7
   Col2    32      -0.3    75.7
   Col2    33      -0.3    75.7
   Col2    34      -0.1    75.7
   Col2    35      -0.1    75.7
   Col2    36       0.0    75.7
   Col2    37       0.0    75.7
   Col2    38       0.0    75.7
   Col2    39       0.0    75.7
   Col2    40       0.0    75.7
   Col2    41       0.0    75.7
   Col2    42       0.0    75.7
   Col2    43       0.0    75.7
   Col2    44       0.0    75.7
   Col2    45       0.0    75.7
   Col2    46      -0.1    75.7
   Col2    47      -0.1    75.7
   Col2    48      -0.3    75.7
   Col2    49      -0.3    75.7
   Col2    50      -0.1    75.7
   Col2    51      -0.1    75.7
   Col2    52       0.0    75.7
   Col2    53       0.0    75.7
   Col2    54      -0.1    75.7
   Col2    55      -0.1    75.7
   Col2    56      38.6    75.7
   Col2    57      38.6    75.7
   Col2    58      38.6    75.7
   Col2    59      38.6    75.7
   Col2    60      38.6    75.7
   Col2    61      38.6    75.7
   Col2    62      38.6    75.7
   Col2    63      38.6    75.7
   Col2    64      38.6    75.7
   Col2    65      38.6    75.7

 UNBRACED LENGTH:
 ----------------
            Major  --Minor(mm)--  ----KL/R----
   Id        (mm)    Bend  Axial  Major  Minor
   ------  ------  ------ ------  -----  -----
   Col2      9082    3832   3080     67     87
 
 

 LOAD COMBINATIONS:
 ------------------
     1   Dead+Collateral+Live
     2   Dead+Collateral+Floor_Live
     3   Dead+Collateral+Snow
     4   Dead+Collateral+Snow+Snow_Drift
     5   Dead+Collateral+Snow+Slide_Snow
     6   Dead+Collateral+0.75Live+0.75Wind_Left2+0.75Wind_Suction+0.75Floor_Live
     7   Dead+Collateral+0.75Live+0.75Wind_Right2+0.75Wind_Suction+0.75Floor_Live
     8   Dead+Collateral+0.75Live+0.75Wind_Suction+0.75Wind_Long1+0.75Floor_Live
     9   Dead+Collateral+0.75Live+0.75Wind_Suction+0.75Wind_Long2+0.75Floor_Live
    10   Dead+Collateral+0.75Snow+0.75Wind_Left2+0.75Wind_Suction+0.75Floor_Live
    11   Dead+Collateral+0.75Snow+0.75Wind_Right2+0.75Wind_Suction+0.75Floor_Live
    12   Dead+Collateral+0.75Snow+0.75Wind_Suction+0.75Wind_Long1+0.75Floor_Live
    13   Dead+Collateral+0.75Snow+0.75Wind_Suction+0.75Wind_Long2+0.75Floor_Live
    14   Dead+Collateral+0.75Snow+0.75Wind_Left2+0.75Wind_Suction+0.75Snow_Drift+0.75Floo
    15   Dead+Collateral+0.75Snow+0.75Wind_Right2+0.75Wind_Suction+0.75Snow_Drift+0.75Flo
    16   Dead+Collateral+0.75Snow+0.75Wind_Suction+0.75Wind_Long1+0.75Snow_Drift+0.75Floo
    17   Dead+Collateral+0.75Snow+0.75Wind_Suction+0.75Wind_Long2+0.75Snow_Drift+0.75Floo
    18   Dead+Collateral+0.75Snow+0.75Wind_Left2+0.75Wind_Suction+0.75Slide_Snow+0.75Floo
    19   Dead+Collateral+0.75Snow+0.75Wind_Right2+0.75Wind_Suction+0.75Slide_Snow+0.75Flo
    20   Dead+Collateral+0.75Snow+0.75Wind_Suction+0.75Wind_Long1+0.75Slide_Snow+0.75Floo
    21   Dead+Collateral+0.75Snow+0.75Wind_Suction+0.75Wind_Long2+0.75Slide_Snow+0.75Floo
    22   0.6Dead+Wind_Pressure+Wind_Long1
    23   0.6Dead+Wind_Pressure+Wind_Long2
    24   0.6Dead+Wind_Suction+Wind_Long1
    25   0.6Dead+Wind_Suction+Wind_Long2
    26   0.6Dead+Wind_Left1+Wind_Suction
    27   0.6Dead+Wind_Right1+Wind_Suction
    28   0.6Dead+Wind_Left2+Wind_Suction
    29   0.6Dead+Wind_Right2+Wind_Suction
    30   1.01Dead+1.01Collateral+0.7Seismic_L
    31   1.01Dead+1.01Collateral+0.7Seismic_R
    32   1.01Dead+1.01Collateral+0.75Live+0.52Seismic_L+0.75Floor_Live
    33   1.01Dead+1.01Collateral+0.75Live+0.52Seismic_R+0.75Floor_Live
    34   1.01Dead+1.01Collateral+0.52Seismic_L+0.75Floor_Live
    35   1.01Dead+1.01Collateral+0.52Seismic_R+0.75Floor_Live
    36   0.59Dead+0.7Seismic_L
    37   0.59Dead+0.7Seismic_R
    38   0.6Dead+Wind_Left1
    39   0.6Dead+Wind_Right1
    40   0.6Dead+Wind_Left2
    41   0.6Dead+Wind_Right2
    42   0.6Dead+Wind_Long1+LWIND1_L
    43   0.6Dead+Wind_Long1+LWIND1_R
    44   0.6Dead+Wind_Long2+LWIND2_L
    45   0.6Dead+Wind_Long2+LWIND2_R
    46   Dead+Collateral+0.7Seismic_L
    47   Dead+Collateral+0.7Seismic_R
    48   Dead+Collateral+0.75Live+0.7Seismic_L
    49   Dead+Collateral+0.75Live+0.7Seismic_R
    50   Dead+Collateral+0.52Seismic_L
    51   Dead+Collateral+0.52Seismic_R
    52   0.6Dead+0.7Seismic_L
    53   0.6Dead+0.7Seismic_R
    54   Dead+Collateral+E2PAT_LL_1
    55   Dead+Collateral+E2PAT_LL_2
    56   Dead+Collateral+0.75Snow+0.75Wind_Left2+0.75Wind_Suction
    57   Dead+Collateral+0.75Snow+0.75Wind_Right2+0.75Wind_Suction
    58   Dead+Collateral+0.75Snow+0.75Wind_Left2+0.75Wind_Suction+0.75Snow_Drift
    59   Dead+Collateral+0.75Snow+0.75Wind_Right2+0.75Wind_Suction+0.75Snow_Drift
    60   Dead+Collateral+0.75Snow+0.75Wind_Suction+0.75Wind_Long1+0.75Snow_Drift
    61   Dead+Collateral+0.75Snow+0.75Wind_Suction+0.75Wind_Long2+0.75Snow_Drift
    62   Dead+Collateral+0.75Snow+0.75Wind_Left2+0.75Wind_Suction+0.75Slide_Snow
    63   Dead+Collateral+0.75Snow+0.75Wind_Right2+0.75Wind_Suction+0.75Slide_Snow
    64   Dead+Collateral+0.75Snow+0.75Wind_Suction+0.75Wind_Long1+0.75Slide_Snow
    65   Dead+Collateral+0.75Snow+0.75Wind_Suction+0.75Wind_Long2+0.75Slide_Snow
 
================================================================================
 C463-002            Wall 3 - Web To Flange Weld            18/DEC/2025  2:50pm
================================================================================

 WELDS:
 ------
                                        ----Web_To_Flange----
            Load  Shear      Q     Ixx            Shear(kN/mm)
  Id         Id    (kN)  (cm3)   (cm4)   Size Typ  Calc Limit
  --------  ----  -----  -----  ------  ----- --- ----- -----
  Col2       24    34.8    185    6593   4.00 F1  0.098 0.410
 
================================================================================
 C463-002            Wall 3 - Column Flange Brace           18/DEC/2025  2:50pm
================================================================================

 COLUMN FLANGE BRACES:
 ---------------------
          Column            Brace_At
   Id      Side   Part      Girt_Id
   -----  ------  --------  ----------
   Col2      R    L40X40X4   1   3
================================================================================
 C463-002            Wall 3 - Base Plate Design             18/DEC/2025  2:50pm
================================================================================

 DESIGN CONSTANTS:
 -----------------
  Base Plate Yield     = 345.0(MN/m2)
  Concrete Bearing     =   7.0(MN/m2)
  Bolt Type            = A36  
  Bolt Shear   Stress  =  80.0(MN/m2)
  Bolt Tension Stress  = 150.0(MN/m2)


 BASE SIZE:
 ----------

         -----Base(mm)----  --Plate_Size(mm)--  ------Bolts(mm)------    Req   Req
  Id     Type Depth   Elev  Width Thick Length    Dia Row Space  Gage  Thick   Dia
  -----  ---- -----  -----  ----- ----- ------  ----- --- ----- -----  ----- -----
  Col2    S3  316.0      0  200.0 16.00  350.0  20.00  2  100.0 100.0   4.00 11.77
 
          S3 - Welded Plate


 BASE REACTIONS:
 ---------------
                        Max_Tension+Shear                Max_Shear+Tension
          --Max_Comp-         Tens  Shear  -Max_Shear-        Shear   Tens
  Id      Load Fy(kN)  Load Fy(kN) Fx(kN)  Load Fx(kN)  Load Fx(kN) Fy(kN)
  ------  ---- ------  ---- ------ ------  ---- ------  ---- ------ ------
  Col2      1    6.67   22   -6.61  30.31   24   34.82   24   34.82  -0.27

 WELDS:
 ------
            -Top_Flange_To_Plate-  -Bot_Flange_To_Plate-  -----Web_To_Plate----
                      Shear(kN/mm)           Shear(kN/mm)           Shear(kN/mm)
  Id         Size Typ  Calc Limit   Size Typ  Calc Limit   Size Typ  Calc Limit
  ------    ----- --- ----- -----  ----- --- ----- -----  ----- --- ----- -----
  Col2       4.00 F1  0.022 0.410   4.00 F1  0.022 0.410   4.00 F1  0.116 0.410

 LOAD COMBINATIONS:
 ------------------
     1   Dead+Collateral+Live
    22   0.6Dead+Wind_Pressure+Wind_Long1
    24   0.6Dead+Wind_Suction+Wind_Long1
 
 
================================================================================
 C463-002            Wall 3 - Bypass Girt Layout            18/DEC/2025  2:50pm
================================================================================

 GIRT LAYOUT:
 ------------
         Des Bay             Bay_Offset Design ---Extend--         ----Max_Load---
  Locate  Id  Id Part       Start   End Length  Left Right Weight  Id   UC Report  Rot
  ------ --- --- --------   ----- ----- ------ ----- ----- ------  -- ---- ------- ---
    3080   1   1 200Z15         0  5115   5115     0     0   20.8  WS 0.35 Moment   D
               2 200Z15         0  1843   1741     0     0    7.1  WS 0.35 Moment   D
           2   2 200Z15      5843  7685   1740     0     0    7.1  WS 0.05 Moment   D
  ------ --- --- --------   ----- ----- ------ ----- ----- ------  -- ---- ------- ---
    4280   3   1 200ZN18 (a)    0  5115   5115     0   660   56.2  WS 0.59 Moment   D
               2 200ZN18 (a)    0  7685   7685   660     0   81.3  WS 0.78 Moment   D
  ------ --- --- --------   ----- ----- ------ ----- ----- ------  -- ---- ------- ---
    5250   4   2 200Z18         0  7685   7685     0     0   37.4  WS 0.89 Moment   D
  ------ --- --- --------   ----- ----- ------ ----- ----- ------  -- ---- ------- ---
    5780   5   1 200Z15         0  5115   5115     0   660   23.4  WS 0.73 Moment   D
               2 200Z15         0  7685   7685   660     0   33.9  WS 0.98 Moment   D
  ------ --- --- --------   ----- ----- ------ ----- ----- ------  -- ---- ------- ---
    7280   6   1 200Z18         0  5115   5115     0   660   28.1  WS 0.72 Moment   D
               2 200Z18         0  7685   7685   660     0   40.6  WS 0.97 Moment   D
  ------ --- --- --------   ----- ----- ------ ----- ----- ------  -- ---- ------- ---
    8280   7   1 200Z18         0  5115   5115     0   660   28.1  WS 0.58 Moment   D
               2 200Z18         0  7685   7685   660     0   40.6  WS 0.79 Moment   D
 
                         (a)Nested girt
                                      WS - Wind Suction                  
 

 GIRT INSIDE FLANGE BRACE:
 -------------------------
  No._Brace/Bay
    1   2
  --- ---
    2   3
================================================================================
 C463-002            Wall 3 - Girt Design  1 (Locate  3080) 18/DEC/2025  2:50pm
================================================================================

 GIRT LAYOUT:
 ------------
                                                                     Available
                                                                     Reduction
  Bay                     Design  --Lap(mm)--   Load   No.             Factor
   Id  Part       Locate  Length  Left  Right  Width  Brace  Weight   Out   In
  --- --------   -------  ------  ----  -----  -----  -----  ------  ---- ----
    1 200Z15      3080.0    5115                 640    2      20.8  0.00 0.65
    2 200Z15      3080.0    1741                 640    0       7.1  0.00 0.65
                                                             ------
                                                               27.8


 LOAD ID - Wind_Pressure:
 ---------------------------------------

 GIRT ACTIONS:
       ---------Shear(kN)--------   --------------Moment(kN-m)--------------
  Bay   Left   Left  Right  Right    Left   Left     Mid-Span   Right  Right
   Id    Sup    Lap    Lap    Sup     Sup    Lap    Mom    Loc    Lap    Sup
  ---  -----  -----  -----  -----   -----  -----  -----  -----  -----  -----
    1   1.14                -1.69    0.00         -1.17   2062          1.40
    2   1.29                 0.32    1.40          0.49    871          0.00

 STRENGTH/DEFLECTION:
  Bay  -------Shear(kN)------  -----Moment(kN-m)-----  -Mom+Shr-  Deflect(mm)
   Id  Loc    Calc Limit   UC  Loc    Calc Limit   UC  Loc    UC   Calc Limit
  ---  ---- ------ ----- ----  ---- ------ ----- ----  ---- ----  ----- -----
    1  RSup  -1.69  11.2 0.15  RSup   1.40  4.86 0.29  RSup 0.29   -4.3  56.8
    2  LSup   1.29  11.2 0.11  LSup   1.40  4.74 0.30  LSup 0.27    0.3  19.3



 LOAD ID - Wind Suction:
 ---------------------------------------

 GIRT ACTIONS:
       ---------Shear(kN)--------   --------------Moment(kN-m)--------------
  Bay   Left   Left  Right  Right    Left   Left     Mid-Span   Right  Right
   Id    Sup    Lap    Lap    Sup     Sup    Lap    Mom    Loc    Lap    Sup
  ---  -----  -----  -----  -----   -----  -----  -----  -----  -----  -----
    1  -1.30                 1.87    0.00          1.31   2099         -1.56
    2  -1.43                -0.36   -1.56         -0.55    871          0.00

 STRENGTH/DEFLECTION:
  Bay  -------Shear(kN)------  -----Moment(kN-m)-----  -Mom+Shr-  Deflect(mm)
   Id  Loc    Calc Limit   UC  Loc    Calc Limit   UC  Loc    UC   Calc Limit
  ---  ---- ------ ----- ----  ---- ------ ----- ----  ---- ----  ----- -----
    1  RSup   1.87  11.2 0.17  RSup  -1.56  4.46 0.35  RSup 0.32    4.8  56.8
    2  LSup  -1.43  11.2 0.13  LSup  -1.56  4.46 0.35  LSup 0.30   -0.4  19.3

================================================================================
 C463-002            Wall 3 - Girt Design  2 (Locate  3080) 18/DEC/2025  2:50pm
================================================================================

 GIRT LAYOUT:
 ------------
                                                                     Available
                                                                     Reduction
  Bay                     Design  --Lap(mm)--   Load   No.             Factor
   Id  Part       Locate  Length  Left  Right  Width  Brace  Weight   Out   In
  --- --------   -------  ------  ----  -----  -----  -----  ------  ---- ----
    2 200Z15      3080.0    1740                 640    0       7.1  0.00 0.65
                                                             ------
                                                                7.1


 LOAD ID - Wind_Pressure:
 ---------------------------------------

 GIRT ACTIONS:
       ---------Shear(kN)--------   --------------Moment(kN-m)--------------
  Bay   Left   Left  Right  Right    Left   Left     Mid-Span   Right  Right
   Id    Sup    Lap    Lap    Sup     Sup    Lap    Mom    Loc    Lap    Sup
  ---  -----  -----  -----  -----   -----  -----  -----  -----  -----  -----
    2   0.48                -0.48    0.00         -0.21    870          0.00

 STRENGTH/DEFLECTION:
  Bay  -------Shear(kN)------  -----Moment(kN-m)-----  -Mom+Shr-  Deflect(mm)
   Id  Loc    Calc Limit   UC  Loc    Calc Limit   UC  Loc    UC   Calc Limit
  ---  ---- ------ ----- ----  ---- ------ ----- ----  ---- ----  ----- -----
    2  LSup   0.48  11.2 0.04  MidS  -0.21  4.46 0.05  LLap 0.04   -0.1  19.3



 LOAD ID - Wind Suction:
 ---------------------------------------

 GIRT ACTIONS:
       ---------Shear(kN)--------   --------------Moment(kN-m)--------------
  Bay   Left   Left  Right  Right    Left   Left     Mid-Span   Right  Right
   Id    Sup    Lap    Lap    Sup     Sup    Lap    Mom    Loc    Lap    Sup
  ---  -----  -----  -----  -----   -----  -----  -----  -----  -----  -----
    2  -0.55                 0.56    0.00          0.24    859          0.00

 STRENGTH/DEFLECTION:
  Bay  -------Shear(kN)------  -----Moment(kN-m)-----  -Mom+Shr-  Deflect(mm)
   Id  Loc    Calc Limit   UC  Loc    Calc Limit   UC  Loc    UC   Calc Limit
  ---  ---- ------ ----- ----  ---- ------ ----- ----  ---- ----  ----- -----
    2  RSup   0.56  11.2 0.05  MidS   0.24  4.46 0.05  RLap 0.04    0.1  19.3

================================================================================
 C463-002            Wall 3 - Girt Design  3 (Locate  4280) 18/DEC/2025  2:50pm
================================================================================

 GIRT LAYOUT:
 ------------
                                                                     Available
                                                                     Reduction
  Bay                     Design  --Lap(mm)--   Load   No.             Factor
   Id  Part       Locate  Length  Left  Right  Width  Brace  Weight   Out   In
  --- --------   -------  ------  ----  -----  -----  -----  ------  ---- ----
    1 200ZN18 (a) 4280.0    5115          660   1350    2      56.2  0.00 0.65
    2 200ZN18 (a) 4280.0    7685   660          1085    3      81.3  0.00 0.65

              (a)Nested Girt
                                                             ------
                                                              137.5


 LOAD ID - Wind_Pressure:
 ---------------------------------------

 GIRT ACTIONS:
       ---------Shear(kN)--------   --------------Moment(kN-m)--------------
  Bay   Left   Left  Right  Right    Left   Left     Mid-Span   Right  Right
   Id    Sup    Lap    Lap    Sup     Sup    Lap    Mom    Loc    Lap    Sup
  ---  -----  -----  -----  -----   -----  -----  -----  -----  -----  -----
    1   1.19         -4.00  -4.77    0.00         -0.61   1020   6.27   9.16
    2   7.81   7.20         -5.43    9.16   4.21  -8.41   5844          0.00

 STRENGTH/DEFLECTION:
  Bay  -------Shear(kN)------  -----Moment(kN-m)-----  -Mom+Shr-  Deflect(mm)
   Id  Loc    Calc Limit   UC  Loc    Calc Limit   UC  Loc    UC   Calc Limit
  ---  ---- ------ ----- ----  ---- ------ ----- ----  ---- ----  ----- -----
    1  RLap  -4.00  38.8 0.10  RLap   6.27 12.32 0.51  RLap 0.45    3.1  56.8
    2  LLap   7.20  38.8 0.19  MidS  -8.41 11.68 0.72  LLap 0.34  -29.0  85.4


 LAP BOLT SHEAR/BEARING:

  Bolt Size =12.00 (Gr8.8)

   Bay  Member    --Member_Left_End(kN)-  -Member_Right_End(kN)-
    Id  Part       Calc Shear  Bear   UC   Calc Shear  Bear   UC
  ----  --------  ----- ----- ----- ----  ----- ----- ----- ----
    1   200ZN18                            3.47 15.37  8.72 0.40
    2   200ZN18    3.47 15.37  8.72 0.40



 LOAD ID - Wind Suction:
 ---------------------------------------

 GIRT ACTIONS:
       ---------Shear(kN)--------   --------------Moment(kN-m)--------------
  Bay   Left   Left  Right  Right    Left   Left     Mid-Span   Right  Right
   Id    Sup    Lap    Lap    Sup     Sup    Lap    Mom    Loc    Lap    Sup
  ---  -----  -----  -----  -----   -----  -----  -----  -----  -----  -----
    1  -1.41          4.44   5.28    0.00          0.72   1074  -6.93 -10.14
    2  -8.63  -7.95          6.07  -10.14  -4.67   9.32   5842          0.00

 STRENGTH/DEFLECTION:
  Bay  -------Shear(kN)------  -----Moment(kN-m)-----  -Mom+Shr-  Deflect(mm)
   Id  Loc    Calc Limit   UC  Loc    Calc Limit   UC  Loc    UC   Calc Limit
  ---  ---- ------ ----- ----  ---- ------ ----- ----  ---- ----  ----- -----
    1  RLap   4.44  38.8 0.11  RLap  -6.93 11.68 0.59  RLap 0.49   -3.4  56.8
    2  LLap  -7.95  38.8 0.20  RLap   9.28 11.88 0.78  LLap 0.38   32.0  85.4


 LAP BOLT SHEAR/BEARING:

  Bolt Size =12.00 (Gr8.8)

   Bay  Member    --Member_Left_End(kN)-  -Member_Right_End(kN)-
    Id  Part       Calc Shear  Bear   UC   Calc Shear  Bear   UC
  ----  --------  ----- ----- ----- ----  ----- ----- ----- ----
    1   200ZN18                            3.84 15.37  8.72 0.44
    2   200ZN18    3.84 15.37  8.72 0.44

================================================================================
 C463-002            Wall 3 - Girt Design  4 (Locate  5250) 18/DEC/2025  2:50pm
================================================================================

 GIRT LAYOUT:
 ------------
                                                                     Available
                                                                     Reduction
  Bay                     Design  --Lap(mm)--   Load   No.             Factor
   Id  Part       Locate  Length  Left  Right  Width  Brace  Weight   Out   In
  --- --------   -------  ------  ----  -----  -----  -----  ------  ---- ----
    2 200Z18      5250.0    7685                 750    3      37.4  0.00 0.65
                                                             ------
                                                               37.4


 LOAD ID - Wind_Pressure:
 ---------------------------------------

 GIRT ACTIONS:
       ---------Shear(kN)--------   --------------Moment(kN-m)--------------
  Bay   Left   Left  Right  Right    Left   Left     Mid-Span   Right  Right
   Id    Sup    Lap    Lap    Sup     Sup    Lap    Mom    Loc    Lap    Sup
  ---  -----  -----  -----  -----   -----  -----  -----  -----  -----  -----
    2   2.49                -2.49    0.00         -4.78   3842          0.00

 STRENGTH/DEFLECTION:
  Bay  -------Shear(kN)------  -----Moment(kN-m)-----  -Mom+Shr-  Deflect(mm)
   Id  Loc    Calc Limit   UC  Loc    Calc Limit   UC  Loc    UC   Calc Limit
  ---  ---- ------ ----- ----  ---- ------ ----- ----  ---- ----  ----- -----
    2  LSup   2.49  19.4 0.13  MidS  -4.78  5.84 0.82  RLap 0.50  -40.2  85.4



 LOAD ID - Wind Suction:
 ---------------------------------------

 GIRT ACTIONS:
       ---------Shear(kN)--------   --------------Moment(kN-m)--------------
  Bay   Left   Left  Right  Right    Left   Left     Mid-Span   Right  Right
   Id    Sup    Lap    Lap    Sup     Sup    Lap    Mom    Loc    Lap    Sup
  ---  -----  -----  -----  -----   -----  -----  -----  -----  -----  -----
    2  -2.75                 2.80    0.00          5.29   3806          0.00

 STRENGTH/DEFLECTION:
  Bay  -------Shear(kN)------  -----Moment(kN-m)-----  -Mom+Shr-  Deflect(mm)
   Id  Loc    Calc Limit   UC  Loc    Calc Limit   UC  Loc    UC   Calc Limit
  ---  ---- ------ ----- ----  ---- ------ ----- ----  ---- ----  ----- -----
    2  RSup   2.80  19.4 0.14  MidS   5.29  5.96 0.89  RLap 0.56   44.5  85.4

================================================================================
 C463-002            Wall 3 - Girt Design  5 (Locate  5780) 18/DEC/2025  2:50pm
================================================================================

 GIRT LAYOUT:
 ------------
                                                                     Available
                                                                     Reduction
  Bay                     Design  --Lap(mm)--   Load   No.             Factor
   Id  Part       Locate  Length  Left  Right  Width  Brace  Weight   Out   In
  --- --------   -------  ------  ----  -----  -----  -----  ------  ---- ----
    1 200Z15      5780.0    5115          660   1500    2      23.4  0.00 0.65
    2 200Z15      5780.0    7685   660          1015    3      33.9  0.00 0.65
                                                             ------
                                                               57.3


 LOAD ID - Wind_Pressure:
 ---------------------------------------

 GIRT ACTIONS:
       ---------Shear(kN)--------   --------------Moment(kN-m)--------------
  Bay   Left   Left  Right  Right    Left   Left     Mid-Span   Right  Right
   Id    Sup    Lap    Lap    Sup     Sup    Lap    Mom    Loc    Lap    Sup
  ---  -----  -----  -----  -----   -----  -----  -----  -----  -----  -----
    1   2.22         -3.55  -4.40    0.00         -1.90   1716   2.95   5.57
    2   4.09   3.51         -2.64    5.57   3.06  -3.98   4671          0.00

 STRENGTH/DEFLECTION:
  Bay  -------Shear(kN)------  -----Moment(kN-m)-----  -Mom+Shr-  Deflect(mm)
   Id  Loc    Calc Limit   UC  Loc    Calc Limit   UC  Loc    UC   Calc Limit
  ---  ---- ------ ----- ----  ---- ------ ----- ----  ---- ----  ----- -----
    1  RLap  -3.55  11.2 0.32  RLap   2.95  4.85 0.61  RLap 0.57   -4.0  56.8
    2  LLap   3.51  11.2 0.31  MidS  -3.98  4.46 0.89  RLap 0.62  -31.4  85.4


 LAP BOLT SHEAR/BEARING:

  Bolt Size =12.00 (Gr8.8)

   Bay  Member    --Member_Left_End(kN)-  -Member_Right_End(kN)-
    Id  Part       Calc Shear  Bear   UC   Calc Shear  Bear   UC
  ----  --------  ----- ----- ----- ----  ----- ----- ----- ----
    1   200Z15                             2.11 15.37  7.27 0.29
    2   200Z15     2.11 15.37  7.27 0.29



 LOAD ID - Wind Suction:
 ---------------------------------------

 GIRT ACTIONS:
       ---------Shear(kN)--------   --------------Moment(kN-m)--------------
  Bay   Left   Left  Right  Right    Left   Left     Mid-Span   Right  Right
   Id    Sup    Lap    Lap    Sup     Sup    Lap    Mom    Loc    Lap    Sup
  ---  -----  -----  -----  -----   -----  -----  -----  -----  -----  -----
    1  -2.56          3.93   4.88    0.00          2.14   1759  -3.27  -6.18
    2  -4.52  -3.89          2.99   -6.18  -3.40   4.41   4628          0.00

 STRENGTH/DEFLECTION:
  Bay  -------Shear(kN)------  -----Moment(kN-m)-----  -Mom+Shr-  Deflect(mm)
   Id  Loc    Calc Limit   UC  Loc    Calc Limit   UC  Loc    UC   Calc Limit
  ---  ---- ------ ----- ----  ---- ------ ----- ----  ---- ----  ----- -----
    1  RLap   3.93  11.2 0.35  RLap  -3.27  4.46 0.73  RLap 0.63    4.5  56.8
    2  LLap  -3.89  11.2 0.35  MidS   4.41  4.49 0.98  RLap 0.69   34.8  85.4


 LAP BOLT SHEAR/BEARING:

  Bolt Size =12.00 (Gr8.8)

   Bay  Member    --Member_Left_End(kN)-  -Member_Right_End(kN)-
    Id  Part       Calc Shear  Bear   UC   Calc Shear  Bear   UC
  ----  --------  ----- ----- ----- ----  ----- ----- ----- ----
    1   200Z15                             2.34 15.37  7.27 0.32
    2   200Z15     2.34 15.37  7.27 0.32

================================================================================
 C463-002            Wall 3 - Girt Design  6 (Locate  7280) 18/DEC/2025  2:50pm
================================================================================

 GIRT LAYOUT:
 ------------
                                                                     Available
                                                                     Reduction
  Bay                     Design  --Lap(mm)--   Load   No.             Factor
   Id  Part       Locate  Length  Left  Right  Width  Brace  Weight   Out   In
  --- --------   -------  ------  ----  -----  -----  -----  ------  ---- ----
    1 200Z18      7280.0    5115          660   1250    2      28.1  0.00 0.65
    2 200Z18      7280.0    7685   660          1250    3      40.6  0.00 0.65
                                                             ------
                                                               68.8


 LOAD ID - Wind_Pressure:
 ---------------------------------------

 GIRT ACTIONS:
       ---------Shear(kN)--------   --------------Moment(kN-m)--------------
  Bay   Left   Left  Right  Right    Left   Left     Mid-Span   Right  Right
   Id    Sup    Lap    Lap    Sup     Sup    Lap    Mom    Loc    Lap    Sup
  ---  -----  -----  -----  -----   -----  -----  -----  -----  -----  -----
    1   1.55         -3.26  -3.97    0.00         -1.11   1435   3.81   6.19
    2   4.95   4.24         -3.34    6.19   3.16  -5.17   4589          0.00

 STRENGTH/DEFLECTION:
  Bay  -------Shear(kN)------  -----Moment(kN-m)-----  -Mom+Shr-  Deflect(mm)
   Id  Loc    Calc Limit   UC  Loc    Calc Limit   UC  Loc    UC   Calc Limit
  ---  ---- ------ ----- ----  ---- ------ ----- ----  ---- ----  ----- -----
    1  RLap  -3.26  19.4 0.17  RLap   3.81  6.22 0.61  RLap 0.55    0.7  56.8
    2  LLap   4.24  19.4 0.22  MidS  -5.17  5.84 0.88  RLap 0.62  -35.7  85.4


 LAP BOLT SHEAR/BEARING:

  Bolt Size =12.00 (Gr8.8)

   Bay  Member    --Member_Left_End(kN)-  -Member_Right_End(kN)-
    Id  Part       Calc Shear  Bear   UC   Calc Shear  Bear   UC
  ----  --------  ----- ----- ----- ----  ----- ----- ----- ----
    1   200Z18                             2.34 15.37  8.72 0.27
    2   200Z18     2.34 15.37  8.72 0.27



 LOAD ID - Wind Suction:
 ---------------------------------------

 GIRT ACTIONS:
       ---------Shear(kN)--------   --------------Moment(kN-m)--------------
  Bay   Left   Left  Right  Right    Left   Left     Mid-Span   Right  Right
   Id    Sup    Lap    Lap    Sup     Sup    Lap    Mom    Loc    Lap    Sup
  ---  -----  -----  -----  -----   -----  -----  -----  -----  -----  -----
    1  -1.80          3.61   4.40    0.00          1.26   1482  -4.22  -6.86
    2  -5.47  -4.69          3.78   -6.86  -3.51   5.73   4547          0.00

 STRENGTH/DEFLECTION:
  Bay  -------Shear(kN)------  -----Moment(kN-m)-----  -Mom+Shr-  Deflect(mm)
   Id  Loc    Calc Limit   UC  Loc    Calc Limit   UC  Loc    UC   Calc Limit
  ---  ---- ------ ----- ----  ---- ------ ----- ----  ---- ----  ----- -----
    1  RLap   3.61  19.4 0.19  RLap  -4.22  5.84 0.72  RLap 0.61   -0.7  56.8
    2  LLap  -4.69  19.4 0.24  MidS   5.73  5.90 0.97  RLap 0.69   39.6  85.4


 LAP BOLT SHEAR/BEARING:

  Bolt Size =12.00 (Gr8.8)

   Bay  Member    --Member_Left_End(kN)-  -Member_Right_End(kN)-
    Id  Part       Calc Shear  Bear   UC   Calc Shear  Bear   UC
  ----  --------  ----- ----- ----- ----  ----- ----- ----- ----
    1   200Z18                             2.60 15.37  8.72 0.30
    2   200Z18     2.60 15.37  8.72 0.30

================================================================================
 C463-002            Wall 3 - Girt Design  7 (Locate  8280) 18/DEC/2025  2:50pm
================================================================================

 GIRT LAYOUT:
 ------------
                                                                     Available
                                                                     Reduction
  Bay                     Design  --Lap(mm)--   Load   No.             Factor
   Id  Part       Locate  Length  Left  Right  Width  Brace  Weight   Out   In
  --- --------   -------  ------  ----  -----  -----  -----  ------  ---- ----
    1 200Z18      8280.0    5115          660    975    2      28.1  0.00 0.65
    2 200Z18      8280.0    7685   660          1008    3      40.6  0.00 0.65
                                                             ------
                                                               68.8


 LOAD ID - Wind_Pressure:
 ---------------------------------------

 GIRT ACTIONS:
       ---------Shear(kN)--------   --------------Moment(kN-m)--------------
  Bay   Left   Left  Right  Right    Left   Left     Mid-Span   Right  Right
   Id    Sup    Lap    Lap    Sup     Sup    Lap    Mom    Loc    Lap    Sup
  ---  -----  -----  -----  -----   -----  -----  -----  -----  -----  -----
    1   1.18         -2.57  -3.12    0.00         -0.83   1407   3.08   4.95
    2   3.99   3.41         -2.70    4.95   2.51  -4.18   4584          0.00

 STRENGTH/DEFLECTION:
  Bay  -------Shear(kN)------  -----Moment(kN-m)-----  -Mom+Shr-  Deflect(mm)
   Id  Loc    Calc Limit   UC  Loc    Calc Limit   UC  Loc    UC   Calc Limit
  ---  ---- ------ ----- ----  ---- ------ ----- ----  ---- ----  ----- -----
    1  RLap  -2.57  19.4 0.13  RLap   3.08  6.21 0.50  RLap 0.45    0.8  56.8
    2  LLap   3.41  19.4 0.18  MidS  -4.18  5.84 0.72  RLap 0.50  -29.0  85.4


 LAP BOLT SHEAR/BEARING:

  Bolt Size =12.00 (Gr8.8)

   Bay  Member    --Member_Left_End(kN)-  -Member_Right_End(kN)-
    Id  Part       Calc Shear  Bear   UC   Calc Shear  Bear   UC
  ----  --------  ----- ----- ----- ----  ----- ----- ----- ----
    1   200Z18                             1.88 15.37  8.72 0.22
    2   200Z18     1.88 15.37  8.72 0.22



 LOAD ID - Wind Suction:
 ---------------------------------------

 GIRT ACTIONS:
       ---------Shear(kN)--------   --------------Moment(kN-m)--------------
  Bay   Left   Left  Right  Right    Left   Left     Mid-Span   Right  Right
   Id    Sup    Lap    Lap    Sup     Sup    Lap    Mom    Loc    Lap    Sup
  ---  -----  -----  -----  -----   -----  -----  -----  -----  -----  -----
    1  -1.37          2.85   3.46    0.00          0.95   1454  -3.41  -5.49
    2  -4.41  -3.77          3.05   -5.49  -2.79   4.63   4542          0.00

 STRENGTH/DEFLECTION:
  Bay  -------Shear(kN)------  -----Moment(kN-m)-----  -Mom+Shr-  Deflect(mm)
   Id  Loc    Calc Limit   UC  Loc    Calc Limit   UC  Loc    UC   Calc Limit
  ---  ---- ------ ----- ----  ---- ------ ----- ----  ---- ----  ----- -----
    1  RLap   2.85  19.4 0.15  RLap  -3.41  5.84 0.58  RLap 0.49   -0.8  56.8
    2  LLap  -3.77  19.4 0.19  MidS   4.63  5.90 0.79  RLap 0.55   32.1  85.4


 LAP BOLT SHEAR/BEARING:

  Bolt Size =12.00 (Gr8.8)

   Bay  Member    --Member_Left_End(kN)-  -Member_Right_End(kN)-
    Id  Part       Calc Shear  Bear   UC   Calc Shear  Bear   UC
  ----  --------  ----- ----- ----- ----  ----- ----- ----- ----
    1   200Z18                             2.08 15.37  8.72 0.24
    2   200Z18     2.08 15.37  8.72 0.24

================================================================================
 C463-002            Wall 3 - Door Jamb & Header Design     18/DEC/2025  2:50pm
================================================================================

 LAYOUT:
 -------
                                                      Reduction
  Open  Bay                             Load            Factor
   Id    Id  Locate  Part      Length  Width  Weight   Out   In
  ----  ---  ------  --------  ------  -----  ------  ---- ----
    3     2  JambL   200C20      4280   2000    23.2  0.00 0.65
             JambR   200C20      4280   2000    23.2  0.00 0.65
             Header  200C20      4000    140    21.7  0.00 0.65

 STRENGTH/DEFLECTION:
 --------------------
  Open         Load  --Shear(kN)-  --Moment(mm,kN-m)-   Mom+   Max  Deflect(mm)
   Id  Member   Id     Calc Limit    Loc   Calc Limit  Shear    UC   Calc Limit
  ---- ------  ----  ------ -----  ----- ------ -----  -----  ----  ----- -----
    3  JambL    WP    -4.06 25.68   2223  -4.26  7.85   0.00  0.54  -10.1  47.6 
                WS     4.48 25.68   2223   4.70  5.31   0.00  0.89   11.1  47.6 
       JambR    WP    -4.06 25.68   2223  -4.26  7.85   0.00  0.54  -10.1  47.6 
                WS     4.48 25.68   2223   4.70  5.31   0.00  0.89   11.1  47.6 
       Header   WP    -0.24 25.68   2000  -0.24  7.23   0.00  0.03   -0.5  44.4 
                WS     0.27 25.68   2000   0.27  7.23   0.03  0.04    0.5  44.4 
 
                WP - Wind_Pressure                  
                WS - Wind Suction                   
 
================================================================================
 C463-002            Wall 3 - Wall Panel Design             18/DEC/2025  2:50pm
================================================================================

 PANEL DATA:
 -----------
  Bay                                       Rotation   Panel
   Id   Part      Rot  Type  Thick  Yield  Stiffness  Height
  ---   --------  ---  ----  -----  -----  ---------  ------
    1   45250 .5   N    4525  0.50    250     0.00      9231

 MOMENTS & DEFLECTION:
 ---------------------
                            --------------Moment(m-N/m   )-------------
  Span    Locate(mm)            Start       Midspan        End      Max  Deflect(mm)
   Id    Start   End  Load   Calc Limit   Calc Limit   Calc Limit    UC   Calc Limit
  ----   ----- -----  ----  ----- -----  ----- -----  ----- -----  ----  ----- -----
    1     3000  3080   WP       0   940     50  1800    101  1800  0.06    0.0   0.9
                       WS       0   940    -54   940   -110   940  0.12    0.0   0.9
    2     3080  4280   WP     101  1800    -59   940    168  1800  0.09   -0.1  13.3
                       WS    -110   940     64  1800   -182   940  0.19    0.1  13.3
    3     4280  5780   WP     168  1800   -106   940    220  1800  0.12   -0.5  16.7
                       WS    -182   940    115  1800   -239   940  0.25    0.5  16.7
    4     5780  7280   WP     220  1800   -116   940    149  1800  0.12   -0.6  16.7
                       WS    -239   940    126  1800   -162   940  0.25    0.6  16.7
    5     7280  8280   WP     149  1800    -16   940     89  1800  0.08    0.0  11.1
                       WS    -162   940     17  1800    -96   940  0.17    0.0  11.1
    6     8280  9231   WP      89  1800    -80   940      0  1800  0.09   -0.2  10.6
                       WS     -96   940     87  1800      0  1800  0.10    0.2  10.6
 
                      WP - Wind_Pressure                  
                      WS - Wind Suction                   
 
================================================================================
 C463-002            Wall 3 - Panel Zones                   18/DEC/2025  2:50pm
================================================================================

 PANEL:
 ------
                             Tensile
            Thick   Yield   Strength
  Part       (mm)  (MN/m2)   (MN/m2)
  --------  -----  -------  --------
  45250 .5   0.50   250.0     325.0

 GIRT SCREWS:
 ------------
              Dia  Washer  Limit
  Part       (mm)    (mm)   (kN)
  --------  -----  ------  -----
  14x20SDS    4.8    19.0  13.70

 PANEL ZONE LAYOUT:
 ------------------
                                            --Girt(mm,mm,mm)--  Panel
  Zone                 ----Wall(mm)---  Bay         Load   Min   Span
   Id   Description    Offset1 Offset2   Id Locate Width Thick   (mm)
  ----  -------------  ------- -------  --- ------ ----- -----  -----
    1   Interior          1280   11520    1   7280  1500  1.50   1500
    2   Lt Edge              0    1280    1   5780  1500  1.50   1500
    3   Rt Edge          11520   12800    2   7280  1250  1.50   1500

 GIRT SCREW CHECK:
 -----------------
        Screw     Wind         --------Limit(kN)-------
  Zone  Space  Suction   Load     Girt    Panel   Screw   Max
   Id    (mm)  (kN/m2)   (kN)  Pullout Pullover Tension    UC
  ----  -----  -------  -----  ------- -------- -------  ----
    1     250    1.154   0.43     0.92     1.54    3.65  0.47
    2     250    1.154   0.43     0.92     1.54    3.65  0.47
    3     250    1.154   0.36     0.92     1.54    3.65  0.39

 BASE SCREWS:
 ------------
              Dia  Washer  Limit
  Part       (mm)    (mm)   (kN)
  --------  -----  ------  -----
  14x20SDS    4.8    19.0  13.70

 BASE SCREW CHECK:
 -----------------
          Screw   Force/Screw  Shear
    Base  Space   Wind   Seis  Limit   Max
  Length   (mm)   (kN)   (kN)   (kN)    UC
  ------  -----  -----  -----  -----  ----
       0    250  0.000  0.000  0.702  0.00    
 
================================================================================
 C463-002            Wall 3 - Weight Summary                18/DEC/2025  2:50pm
================================================================================
 

                                            Weight
                 Description                  (kg)
                 -----------               -------
                 Columns               =    257.01
                 Girts                 =    404.71
                 Wall Openings         =     68.08
                 Clips                 =     17.98
                                         ---------
                 Total                 =    747.78

================================================================================
 C463-002            Wall 3 - Warning Summary               18/DEC/2025  2:50pm
================================================================================

                   .. No Warnings
