 -------------------------------------------------------------------------------
 
 LOADING 1        
 
 INPUT
 
   M, Moment                                                         =     75.69 kN-m
   P, Axial                                                          =     63.68 kN
   V, Shear                                                          =     16.92 kN
   CF, Code Factor for AISC05                                        =      0.90
   Fy, Splice Yield                                                  =     345.0
   Fyg, Gusset Yield                                                 =     345.0
   fp, Allowable Bearing                                             =       7.0 MN/m2
   MaxUC, Max Unity Check                                            =      1.00
   Ptlen, Plate Length                                               =     707.0 mm
   t, Plate Thickness                                                =      16.0 mm
   d, Member Depth                                                   =     414.0 mm
   WebDep, Member web depth                                          =     400.0 mm
   WebThk, Member web thick                                          =       5.0 mm
   FlgWid, Member Flange width                                       =     150.0 mm
   FlgThk, Member Flange thick                                       =       6.0 mm
   B, Plate Width                                                    =     250.0 mm
   G, Bolt Gage                                                      =     100.0 mm
   D, Bolt Dia                                                       =      24.0 mm
   Edge, distance from end of plate to last bolt                     =      75.0 mm
   Flange gusset slope                                               =      1.00
   Flange gusset outside height                                      =      50.0 mm
   Space1, spacing between bolts on each side of flange              =     150.0 mm
   Space2, space between bolt rows on outside of flange              =     150.0 mm
   Flange gusset thick                                               =      12.0 mm
   NOut, number of outside rows of bolts                             =         1
   NRow, number rows of bolts                                        =         2
 
 DETERMINE BASE PLATE BENDING (BOLTS)
 
   eccentricty e = M/P                                               =    1188.9 mm
   Since e > Pltlen/2, eccentricity is large.                        =
   Max Bearing, MaxBr = fp                                           =       7.0 MN/m2
   L2, Distance from center of web to center of bolts on side 1      =     203.5 mm
   L1, Distance from end of plate to center of bolts on side 1       =     557.0 mm
   J = fp*B*L1/2.0                                                   =    487.55 kN
   Bearing length, A = J - (J^2-4*(fp*B/6)*(P*L2+M))^0.5/(fp*B/3)    =     207.7 mm
   L3                                                                =     407.0 mm
   MinLd = MIN(0,P/2+M/L3)                                           =     -6.07 kN/mm
   MaxLd = MAX(0,P/2-M/L3)                                           =      8.58 kN/mm
   A < L1
   Tension per bolt, Ten=(fp*A*B/2-P)/Nrow/2                         =     29.53 kN
   a, distance from flange to edge of plate                          =     156.8 mm
   A >= a, therefore M=fp*(a^2/2-a^3/6/A)                            =      1.64 kN-m
   a2, distance from flange to nearest bolt + 0.025*d                =      81.8 mm
   perf, percentage of force to flange = (G/2)^3/ ((G/2)^3+(a2)^3)   =      0.19
   gwid, flange gusset width = (pltlen-d)/2                          =     146.5 mm
   Bolt head dia, HeadDia                                            =      39.6 mm
   xbar1 = distance from center of flange to farthest bolt           =       0.0 mm
   Percentage of force to flange, Perf=(G/2)^3/(xbar1^3 + (G/2)^3)   =      0.00 mm
   xbar=xbar1-headdia/2-(flgthk)/2                                   =      52.2 mm
   ybar=G/2-Headdia-(Flg gusset thick)/2                             =      24.2 mm
   M1=Perf*Ten*xbar/(MIN(HeadDia+2*xbar , B/2-(flg gusset thick)/2)) =    0.0752 kN-m
   wid = MIN(HeadDia+2*ybar , (pltlen-d)/2)                          =      88.0 mm
   M2=(1-Perf)*Ten*Ybar/Wid                                          =    0.1591 kN-m
   M3=MAX(M1,M2)                                                     =    0.1591 kN-m
   Required plate thickness=(6*M3/CF/Fy/MaxUc)^0.5                   =      11.0 mm
   Base plate bending on bolts = 6*M3/t^2                            =      2.41 kN-m
 
 DETERMINE BASE PLATE BENDING (BEARING)
 
   From mombase.out report:
 
   M                                                                 =      1.52 kN-m
   required thickness based on bearing, (6*M/CF/Fy/Maxuc)^0.5        =      12.4 mm
   maximum of both required thicknesses                              =      12.4 mm
 
 FLANGE GUSSET DESIGN
 
   For 1 bolt row, D1=Edge/2.0+(PltLen-d)/4.0                        =     110.8 mm
   D1<A so C=(1.0-D1/AA/2.0)*MaxBr*D1*B                              =    142.19 kN
   b=(pltlen-d)/2.0                                                  =     146.5 mm
   0<Gusset slope <1 so min gusset thickness=b/(Gusset Slope)/250*(Fy=       4.1 mm
   Selected gusset thickness, tg                                     =      12.0 mm
   h1 = (gusset slope)*b+(gusset height)                             =     196.5 mm
   Ang = ATAN(h1/b)                                                  =      0.93 mm
   Side gusset not used, so h2=h1-D1/2*TAN(Ang)                      =     122.2 mm
   ht=(h2^2+(b-d1/2)^2)^0.5                                          =     152.5 mm
   klr=0.75*ht/tg*3.464                                              =     33.01
   cc=(2*Pi^2*29000/Fy)^0.5                                          =    106.96
   klr < cc, therefore
   Allowable compression in gusset =
     Fyg*(1-(klr/cc)^2/2)/(5/3+3/8*klr/cc-(klr/cc)^3/8)              =       0.0 MN/m2
   Actual compression in gusset = C/tg/D1/sin(ang)^2                 =     166.4 MN/m2
   Allowable tension in gusset = 0.6*Fyg                             =     207.0 MN/m2
   TenAct=Ten*2*(1-Perf)                                             =     45.56 kN
   Actual tension in gusset = TenAct/tg/D1/SIN(Ang)^2                =      53.3 MN/m2
 
 WELDS TO FLANGE GUSSET
 
   Perf, percentage of force to flange = (G/2)^3/((G/2)^3+a^3)       =      0.19
   Actual shear in weld, flange gusset to base plate
     = 2*Ten/(PltLen-d) * (1-Perf)                                   =      0.16 kN/mm
   Calculations for flange gusset to flange weld
     F = Ten/h1 * (1-perf)                                           =      0.12 kN/mm
     D1<A so C=(1.0-D1/AA/2.0)*MaxBr*D1*B/2                          =     71.09 kN
     Actual shear in weld, flange gusset to flange
     = MAX(F,C/(2*h1))                                               =      0.18 kN/mm
 
 FLANGE WELD TO BASE PLATE
   Fo, space from flange to first outside row                        =      72.0 mm
   Beff, effective width = (FlgWid-G)/2+Fo                           =      97.0 mm
   Compression in bolts, so F2=Ten*2                                 =     59.05 kN
   Flange gusset used, so F=F2/2
   Splice type not FA, so F=F/2
   Splice type FI, so F=F+F2/4
   Actual shear in weld, =F/beff                                     =      0.30 kN/mm
 
 WEB WELD TO BASE PLATE
   With DM 194=3 or 4, Actual shear in weld = V/Webdep/2             =      0.02 kN/mm
 
 WEB WELD TO BASE PLATE AT BOLTS
   F1 = V/Webdep/2                                                   =      0.02 kN/mm
   fw = G/2 - WebThk/2                                               =      47.5 mm
   fo = space from outside of flange to first bolt                   =      72.0 mm
   F2 = Ten/2/(fo+fw)                                                =      0.02 kN/mm
    Actual shear in weld = SQRT(F1^2+F2^2)                           =      0.13 kN/mm
 -------------------------------------------------------------------------------
 
 LOADING 2        
 
 INPUT
 
   M, Moment                                                         =     92.40 kN-m
   P, Axial                                                          =    -21.38 kN
   V, Shear                                                          =     31.72 kN
   CF, Code Factor for AISC05                                        =      0.90
   Fy, Splice Yield                                                  =     345.0
   Fyg, Gusset Yield                                                 =     345.0
   fp, Allowable Bearing                                             =       7.0 MN/m2
   MaxUC, Max Unity Check                                            =      1.00
   Ptlen, Plate Length                                               =     707.0 mm
   t, Plate Thickness                                                =      16.0 mm
   d, Member Depth                                                   =     414.0 mm
   WebDep, Member web depth                                          =     400.0 mm
   WebThk, Member web thick                                          =       5.0 mm
   FlgWid, Member Flange width                                       =       0.0 mm
   FlgThk, Member Flange thick                                       =       8.0 mm
   B, Plate Width                                                    =     250.0 mm
   G, Bolt Gage                                                      =     100.0 mm
   D, Bolt Dia                                                       =      24.0 mm
   Edge, distance from end of plate to last bolt                     =      75.0 mm
   Flange gusset slope                                               =      1.00
   Flange gusset outside height                                      =      50.0 mm
   Space1, spacing between bolts on each side of flange              =     150.0 mm
   Space2, space between bolt rows on outside of flange              =     150.0 mm
   Flange gusset thick                                               =      12.0 mm
   NOut, number of outside rows of bolts                             =         1
   NRow, number rows of bolts                                        =         2
 
 DETERMINE BASE PLATE BENDING (BOLTS)
 
   eccentricty e = M/P                                               =    4322.6 mm
   Axial <= 0 so eccentricity is large.
   Set MaxBr equal to fp                                             =       7.0 MN/m2
   L2, Distance from center of web to center of bolts on side 2      =     203.5 mm
   L1, Distance from end of plate to center of bolts on side 2       =     557.0 mm
   J = fp*B*L1/2.0                                                   =    487.55 kN
   Bearing length, A = J - (J^2-4*(fp*B/6)*(P*L2+M))^0.5/(fp*B/3)    =     206.1 mm
   L3                                                                =     407.0 mm
   MinLd = MIN(0,P/2+M/L3)                                           =     -9.36 kN/mm
   MaxLd = MAX(0,P/2-M/L3)                                           =      8.52 kN/mm
   A < L1
   Tension per bolt, Ten=(fp*A*B/2-P)/Nrow/2                         =     50.44 kN
   a, distance from flange to edge of plate                          =     156.8 mm
   A >= a, therefore M=fp*(a^2/2-a^3/6/A)                            =      1.63 kN-m
   a2, distance from flange to nearest bolt + 0.025*d                =      81.8 mm
   perf, percentage of force to flange = (G/2)^3/ ((G/2)^3+(a2)^3)   =      0.19
   gwid, flange gusset width = (pltlen-d)/2                          =     146.5 mm
   Bolt head dia, HeadDia                                            =      39.6 mm
   xbar1 = distance from center of flange to farthest bolt           =       0.0 mm
   Percentage of force to flange, Perf=(G/2)^3/(xbar1^3 + (G/2)^3)   =      0.00 mm
   xbar=xbar1-headdia/2-(flgthk)/2                                   =      51.2 mm
   ybar=G/2-Headdia-(Flg gusset thick)/2                             =      24.2 mm
   M1=Perf*Ten*xbar/(MIN(HeadDia+2*xbar , B/2-(flg gusset thick)/2)) =    0.1260 kN-m
   wid = MIN(HeadDia+2*ybar , (pltlen-d)/2)                          =      88.0 mm
   M2=(1-Perf)*Ten*Ybar/Wid                                          =    0.2717 kN-m
   M3=MAX(M1,M2)                                                     =    0.2717 kN-m
   Required plate thickness=(6*M3/CF/Fy/MaxUc)^0.5                   =      14.3 mm
   Base plate bending on bolts = 6*M3/t^2                            =      4.11 kN-m
 
 DETERMINE BASE PLATE BENDING (BEARING)
 
   From mombase.out report:
 
   M                                                                 =      1.50 kN-m
   required thickness based on bearing, (6*M/CF/Fy/Maxuc)^0.5        =      12.4 mm
   maximum of both required thicknesses                              =      14.3 mm
 
 FLANGE GUSSET DESIGN
 
   For 1 bolt row, D1=Edge/2.0+(PltLen-d)/4.0                        =     110.8 mm
   D1<A so C=(1.0-D1/AA/2.0)*MaxBr*D1*B                              =    141.78 kN
   b=(pltlen-d)/2.0                                                  =     146.5 mm
   0<Gusset slope <1 so min gusset thickness=b/(Gusset Slope)/250*(Fy=       4.1 mm
   Selected gusset thickness, tg                                     =      12.0 mm
   h1 = (gusset slope)*b+(gusset height)                             =     196.5 mm
   Ang = ATAN(h1/b)                                                  =      0.93 mm
   Side gusset not used, so h2=h1-D1/2*TAN(Ang)                      =     122.2 mm
   ht=(h2^2+(b-d1/2)^2)^0.5                                          =     152.5 mm
   klr=0.75*ht/tg*3.464                                              =     33.01
   cc=(2*Pi^2*29000/Fy)^0.5                                          =    106.96
   klr < cc, therefore
   Allowable compression in gusset =
     Fyg*(1-(klr/cc)^2/2)/(5/3+3/8*klr/cc-(klr/cc)^3/8)              =       0.0 MN/m2
   Actual compression in gusset = C/tg/D1/sin(ang)^2                 =     165.9 MN/m2
   Allowable tension in gusset = 0.6*Fyg                             =     207.0 MN/m2
   TenAct=Ten*2*(1-Perf)                                             =     77.81 kN
   Actual tension in gusset = TenAct/tg/D1/SIN(Ang)^2                =      91.1 MN/m2
 
 WELDS TO FLANGE GUSSET
 
   Perf, percentage of force to flange = (G/2)^3/((G/2)^3+a^3)       =      0.19
   Actual shear in weld, flange gusset to base plate
     = 2*Ten/(PltLen-d) * (1-Perf)                                   =      0.28 kN/mm
   Calculations for flange gusset to flange weld
     F = Ten/h1 * (1-perf)                                           =      0.21 kN/mm
     D1<A so C=(1.0-D1/AA/2.0)*MaxBr*D1*B/2                          =     70.89 kN
     Actual shear in weld, flange gusset to flange
     = MAX(F,C/(2*h1))                                               =      0.21 kN/mm
 
 FLANGE WELD TO BASE PLATE
   Fo, space from flange to first outside row                        =      71.0 mm
   Beff, effective width = (FlgWid-G)/2+Fo                           =      96.0 mm
   Compression in bolts, so F2=Ten*2                                 =    100.87 kN
   Flange gusset used, so F=F2/2
   Splice type not FA, so F=F/2
   Splice type FI, so F=F+F2/4
   Actual shear in weld, =F/beff                                     =      0.53 kN/mm
 
 WEB WELD TO BASE PLATE
   With DM 194=3 or 4, Actual shear in weld = V/Webdep/2             =      0.04 kN/mm
 
 WEB WELD TO BASE PLATE AT BOLTS
   F1 = V/Webdep/2                                                   =      0.04 kN/mm
   fw = G/2 - WebThk/2                                               =      47.5 mm
   fo = space from outside of flange to first bolt                   =      71.0 mm
   F2 = Ten/2/(fo+fw)                                                =      0.04 kN/mm
    Actual shear in weld = SQRT(F1^2+F2^2)                           =      0.22 kN/mm
 -------------------------------------------------------------------------------
 
 LOADING 1        
 
 INPUT
 
   M, Moment                                                         =     75.69 kN-m
   P, Axial                                                          =     63.69 kN
   V, Shear                                                          =     16.91 kN
   CF, Code Factor for AISC05                                        =      0.90
   Fy, Splice Yield                                                  =     345.0
   Fyg, Gusset Yield                                                 =     345.0
   fp, Allowable Bearing                                             =       7.0 MN/m2
   MaxUC, Max Unity Check                                            =      1.00
   Ptlen, Plate Length                                               =     707.0 mm
   t, Plate Thickness                                                =      16.0 mm
   d, Member Depth                                                   =     414.0 mm
   WebDep, Member web depth                                          =     400.0 mm
   WebThk, Member web thick                                          =       5.0 mm
   FlgWid, Member Flange width                                       =     150.0 mm
   FlgThk, Member Flange thick                                       =       6.0 mm
   B, Plate Width                                                    =     250.0 mm
   G, Bolt Gage                                                      =     100.0 mm
   D, Bolt Dia                                                       =      24.0 mm
   Edge, distance from end of plate to last bolt                     =      75.0 mm
   Flange gusset slope                                               =      1.00
   Flange gusset outside height                                      =      50.0 mm
   Space1, spacing between bolts on each side of flange              =     150.0 mm
   Space2, space between bolt rows on outside of flange              =     150.0 mm
   Flange gusset thick                                               =      12.0 mm
   NOut, number of outside rows of bolts                             =         1
   NRow, number rows of bolts                                        =         2
 
 DETERMINE BASE PLATE BENDING (BOLTS)
 
   eccentricty e = M/P                                               =    1188.9 mm
   Since e > Pltlen/2, eccentricity is large.                        =
   Max Bearing, MaxBr = fp                                           =       7.0 MN/m2
   L2, Distance from center of web to center of bolts on side 1      =     203.5 mm
   L1, Distance from end of plate to center of bolts on side 1       =     557.0 mm
   J = fp*B*L1/2.0                                                   =    487.55 kN
   Bearing length, A = J - (J^2-4*(fp*B/6)*(P*L2+M))^0.5/(fp*B/3)    =     207.7 mm
   L3                                                                =     407.0 mm
   MinLd = MIN(0,P/2+M/L3)                                           =     -6.07 kN/mm
   MaxLd = MAX(0,P/2-M/L3)                                           =      8.58 kN/mm
   A < L1
   Tension per bolt, Ten=(fp*A*B/2-P)/Nrow/2                         =     29.53 kN
   a, distance from flange to edge of plate                          =     156.8 mm
   A >= a, therefore M=fp*(a^2/2-a^3/6/A)                            =      1.64 kN-m
   a2, distance from flange to nearest bolt + 0.025*d                =      81.8 mm
   perf, percentage of force to flange = (G/2)^3/ ((G/2)^3+(a2)^3)   =      0.19
   gwid, flange gusset width = (pltlen-d)/2                          =     146.5 mm
   Bolt head dia, HeadDia                                            =      39.6 mm
   xbar1 = distance from center of flange to farthest bolt           =       0.0 mm
   Percentage of force to flange, Perf=(G/2)^3/(xbar1^3 + (G/2)^3)   =      0.00 mm
   xbar=xbar1-headdia/2-(flgthk)/2                                   =      52.2 mm
   ybar=G/2-Headdia-(Flg gusset thick)/2                             =      24.2 mm
   M1=Perf*Ten*xbar/(MIN(HeadDia+2*xbar , B/2-(flg gusset thick)/2)) =    0.0752 kN-m
   wid = MIN(HeadDia+2*ybar , (pltlen-d)/2)                          =      88.0 mm
   M2=(1-Perf)*Ten*Ybar/Wid                                          =    0.1591 kN-m
   M3=MAX(M1,M2)                                                     =    0.1591 kN-m
   Required plate thickness=(6*M3/CF/Fy/MaxUc)^0.5                   =      11.0 mm
   Base plate bending on bolts = 6*M3/t^2                            =      2.41 kN-m
 
 DETERMINE BASE PLATE BENDING (BEARING)
 
   From mombase.out report:
 
   M                                                                 =      1.52 kN-m
   required thickness based on bearing, (6*M/CF/Fy/Maxuc)^0.5        =      12.4 mm
   maximum of both required thicknesses                              =      12.4 mm
 
 FLANGE GUSSET DESIGN
 
   For 1 bolt row, D1=Edge/2.0+(PltLen-d)/4.0                        =     110.8 mm
   D1<A so C=(1.0-D1/AA/2.0)*MaxBr*D1*B                              =    142.19 kN
   b=(pltlen-d)/2.0                                                  =     146.5 mm
   0<Gusset slope <1 so min gusset thickness=b/(Gusset Slope)/250*(Fy=       4.1 mm
   Selected gusset thickness, tg                                     =      12.0 mm
   h1 = (gusset slope)*b+(gusset height)                             =     196.5 mm
   Ang = ATAN(h1/b)                                                  =      0.93 mm
   Side gusset not used, so h2=h1-D1/2*TAN(Ang)                      =     122.2 mm
   ht=(h2^2+(b-d1/2)^2)^0.5                                          =     152.5 mm
   klr=0.75*ht/tg*3.464                                              =     33.01
   cc=(2*Pi^2*29000/Fy)^0.5                                          =    106.96
   klr < cc, therefore
   Allowable compression in gusset =
     Fyg*(1-(klr/cc)^2/2)/(5/3+3/8*klr/cc-(klr/cc)^3/8)              =       0.0 MN/m2
   Actual compression in gusset = C/tg/D1/sin(ang)^2                 =     166.4 MN/m2
   Allowable tension in gusset = 0.6*Fyg                             =     207.0 MN/m2
   TenAct=Ten*2*(1-Perf)                                             =     45.56 kN
   Actual tension in gusset = TenAct/tg/D1/SIN(Ang)^2                =      53.3 MN/m2
 
 WELDS TO FLANGE GUSSET
 
   Perf, percentage of force to flange = (G/2)^3/((G/2)^3+a^3)       =      0.19
   Actual shear in weld, flange gusset to base plate
     = 2*Ten/(PltLen-d) * (1-Perf)                                   =      0.16 kN/mm
   Calculations for flange gusset to flange weld
     F = Ten/h1 * (1-perf)                                           =      0.12 kN/mm
     D1<A so C=(1.0-D1/AA/2.0)*MaxBr*D1*B/2                          =     71.09 kN
     Actual shear in weld, flange gusset to flange
     = MAX(F,C/(2*h1))                                               =      0.18 kN/mm
 
 FLANGE WELD TO BASE PLATE
   Fo, space from flange to first outside row                        =      72.0 mm
   Beff, effective width = (FlgWid-G)/2+Fo                           =      97.0 mm
   Compression in bolts, so F2=Ten*2                                 =     59.05 kN
   Flange gusset used, so F=F2/2
   Splice type not FA, so F=F/2
   Splice type FI, so F=F+F2/4
   Actual shear in weld, =F/beff                                     =      0.30 kN/mm
 
 WEB WELD TO BASE PLATE
   With DM 194=3 or 4, Actual shear in weld = V/Webdep/2             =      0.02 kN/mm
 
 WEB WELD TO BASE PLATE AT BOLTS
   F1 = V/Webdep/2                                                   =      0.02 kN/mm
   fw = G/2 - WebThk/2                                               =      47.5 mm
   fo = space from outside of flange to first bolt                   =      72.0 mm
   F2 = Ten/2/(fo+fw)                                                =      0.02 kN/mm
    Actual shear in weld = SQRT(F1^2+F2^2)                           =      0.13 kN/mm
 -------------------------------------------------------------------------------
 
 LOADING 2        
 
 INPUT
 
   M, Moment                                                         =     92.41 kN-m
   P, Axial                                                          =    -21.38 kN
   V, Shear                                                          =     31.72 kN
   CF, Code Factor for AISC05                                        =      0.90
   Fy, Splice Yield                                                  =     345.0
   Fyg, Gusset Yield                                                 =     345.0
   fp, Allowable Bearing                                             =       7.0 MN/m2
   MaxUC, Max Unity Check                                            =      1.00
   Ptlen, Plate Length                                               =     707.0 mm
   t, Plate Thickness                                                =      16.0 mm
   d, Member Depth                                                   =     414.0 mm
   WebDep, Member web depth                                          =     400.0 mm
   WebThk, Member web thick                                          =       5.0 mm
   FlgWid, Member Flange width                                       =       0.0 mm
   FlgThk, Member Flange thick                                       =       8.0 mm
   B, Plate Width                                                    =     250.0 mm
   G, Bolt Gage                                                      =     100.0 mm
   D, Bolt Dia                                                       =      24.0 mm
   Edge, distance from end of plate to last bolt                     =      75.0 mm
   Flange gusset slope                                               =      1.00
   Flange gusset outside height                                      =      50.0 mm
   Space1, spacing between bolts on each side of flange              =     150.0 mm
   Space2, space between bolt rows on outside of flange              =     150.0 mm
   Flange gusset thick                                               =      12.0 mm
   NOut, number of outside rows of bolts                             =         1
   NRow, number rows of bolts                                        =         2
 
 DETERMINE BASE PLATE BENDING (BOLTS)
 
   eccentricty e = M/P                                               =    4323.4 mm
   Axial <= 0 so eccentricity is large.
   Set MaxBr equal to fp                                             =       7.0 MN/m2
   L2, Distance from center of web to center of bolts on side 2      =     203.5 mm
   L1, Distance from end of plate to center of bolts on side 2       =     557.0 mm
   J = fp*B*L1/2.0                                                   =    487.55 kN
   Bearing length, A = J - (J^2-4*(fp*B/6)*(P*L2+M))^0.5/(fp*B/3)    =     206.1 mm
   L3                                                                =     407.0 mm
   MinLd = MIN(0,P/2+M/L3)                                           =     -9.36 kN/mm
   MaxLd = MAX(0,P/2-M/L3)                                           =      8.52 kN/mm
   A < L1
   Tension per bolt, Ten=(fp*A*B/2-P)/Nrow/2                         =     50.44 kN
   a, distance from flange to edge of plate                          =     156.8 mm
   A >= a, therefore M=fp*(a^2/2-a^3/6/A)                            =      1.63 kN-m
   a2, distance from flange to nearest bolt + 0.025*d                =      81.8 mm
   perf, percentage of force to flange = (G/2)^3/ ((G/2)^3+(a2)^3)   =      0.19
   gwid, flange gusset width = (pltlen-d)/2                          =     146.5 mm
   Bolt head dia, HeadDia                                            =      39.6 mm
   xbar1 = distance from center of flange to farthest bolt           =       0.0 mm
   Percentage of force to flange, Perf=(G/2)^3/(xbar1^3 + (G/2)^3)   =      0.00 mm
   xbar=xbar1-headdia/2-(flgthk)/2                                   =      51.2 mm
   ybar=G/2-Headdia-(Flg gusset thick)/2                             =      24.2 mm
   M1=Perf*Ten*xbar/(MIN(HeadDia+2*xbar , B/2-(flg gusset thick)/2)) =    0.1260 kN-m
   wid = MIN(HeadDia+2*ybar , (pltlen-d)/2)                          =      88.0 mm
   M2=(1-Perf)*Ten*Ybar/Wid                                          =    0.2717 kN-m
   M3=MAX(M1,M2)                                                     =    0.2717 kN-m
   Required plate thickness=(6*M3/CF/Fy/MaxUc)^0.5                   =      14.3 mm
   Base plate bending on bolts = 6*M3/t^2                            =      4.11 kN-m
 
 DETERMINE BASE PLATE BENDING (BEARING)
 
   From mombase.out report:
 
   M                                                                 =      1.50 kN-m
   required thickness based on bearing, (6*M/CF/Fy/Maxuc)^0.5        =      12.4 mm
   maximum of both required thicknesses                              =      14.3 mm
 
 FLANGE GUSSET DESIGN
 
   For 1 bolt row, D1=Edge/2.0+(PltLen-d)/4.0                        =     110.8 mm
   D1<A so C=(1.0-D1/AA/2.0)*MaxBr*D1*B                              =    141.78 kN
   b=(pltlen-d)/2.0                                                  =     146.5 mm
   0<Gusset slope <1 so min gusset thickness=b/(Gusset Slope)/250*(Fy=       4.1 mm
   Selected gusset thickness, tg                                     =      12.0 mm
   h1 = (gusset slope)*b+(gusset height)                             =     196.5 mm
   Ang = ATAN(h1/b)                                                  =      0.93 mm
   Side gusset not used, so h2=h1-D1/2*TAN(Ang)                      =     122.2 mm
   ht=(h2^2+(b-d1/2)^2)^0.5                                          =     152.5 mm
   klr=0.75*ht/tg*3.464                                              =     33.01
   cc=(2*Pi^2*29000/Fy)^0.5                                          =    106.96
   klr < cc, therefore
   Allowable compression in gusset =
     Fyg*(1-(klr/cc)^2/2)/(5/3+3/8*klr/cc-(klr/cc)^3/8)              =       0.0 MN/m2
   Actual compression in gusset = C/tg/D1/sin(ang)^2                 =     165.9 MN/m2
   Allowable tension in gusset = 0.6*Fyg                             =     207.0 MN/m2
   TenAct=Ten*2*(1-Perf)                                             =     77.82 kN
   Actual tension in gusset = TenAct/tg/D1/SIN(Ang)^2                =      91.1 MN/m2
 
 WELDS TO FLANGE GUSSET
 
   Perf, percentage of force to flange = (G/2)^3/((G/2)^3+a^3)       =      0.19
   Actual shear in weld, flange gusset to base plate
     = 2*Ten/(PltLen-d) * (1-Perf)                                   =      0.28 kN/mm
   Calculations for flange gusset to flange weld
     F = Ten/h1 * (1-perf)                                           =      0.21 kN/mm
     D1<A so C=(1.0-D1/AA/2.0)*MaxBr*D1*B/2                          =     70.89 kN
     Actual shear in weld, flange gusset to flange
     = MAX(F,C/(2*h1))                                               =      0.21 kN/mm
 
 FLANGE WELD TO BASE PLATE
   Fo, space from flange to first outside row                        =      71.0 mm
   Beff, effective width = (FlgWid-G)/2+Fo                           =      96.0 mm
   Compression in bolts, so F2=Ten*2                                 =    100.88 kN
   Flange gusset used, so F=F2/2
   Splice type not FA, so F=F/2
   Splice type FI, so F=F+F2/4
   Actual shear in weld, =F/beff                                     =      0.53 kN/mm
 
 WEB WELD TO BASE PLATE
   With DM 194=3 or 4, Actual shear in weld = V/Webdep/2             =      0.04 kN/mm
 
 WEB WELD TO BASE PLATE AT BOLTS
   F1 = V/Webdep/2                                                   =      0.04 kN/mm
   fw = G/2 - WebThk/2                                               =      47.5 mm
   fo = space from outside of flange to first bolt                   =      71.0 mm
   F2 = Ten/2/(fo+fw)                                                =      0.04 kN/mm
    Actual shear in weld = SQRT(F1^2+F2^2)                           =      0.22 kN/mm
 -------------------------------------------------------------------------------
 
 LOADING 1        
 
 INPUT
 
   M, Moment                                                         =     75.69 kN-m
   P, Axial                                                          =     63.68 kN
   V, Shear                                                          =     16.92 kN
   CF, Code Factor for AISC05                                        =      0.90
   Fy, Splice Yield                                                  =     345.0
   Fyg, Gusset Yield                                                 =     345.0
   fp, Allowable Bearing                                             =       7.0 MN/m2
   MaxUC, Max Unity Check                                            =      1.00
   Ptlen, Plate Length                                               =     707.0 mm
   t, Plate Thickness                                                =      16.0 mm
   d, Member Depth                                                   =     414.0 mm
   WebDep, Member web depth                                          =     400.0 mm
   WebThk, Member web thick                                          =       5.0 mm
   FlgWid, Member Flange width                                       =     150.0 mm
   FlgThk, Member Flange thick                                       =       6.0 mm
   B, Plate Width                                                    =     250.0 mm
   G, Bolt Gage                                                      =     100.0 mm
   D, Bolt Dia                                                       =      24.0 mm
   Edge, distance from end of plate to last bolt                     =      75.0 mm
   Flange gusset slope                                               =      1.00
   Flange gusset outside height                                      =      50.0 mm
   Space1, spacing between bolts on each side of flange              =     150.0 mm
   Space2, space between bolt rows on outside of flange              =     150.0 mm
   Flange gusset thick                                               =      12.0 mm
   NOut, number of outside rows of bolts                             =         1
   NRow, number rows of bolts                                        =         2
 
 DETERMINE BASE PLATE BENDING (BOLTS)
 
   eccentricty e = M/P                                               =    1188.9 mm
   Since e > Pltlen/2, eccentricity is large.                        =
   Max Bearing, MaxBr = fp                                           =       7.0 MN/m2
   L2, Distance from center of web to center of bolts on side 1      =     203.5 mm
   L1, Distance from end of plate to center of bolts on side 1       =     557.0 mm
   J = fp*B*L1/2.0                                                   =    487.55 kN
   Bearing length, A = J - (J^2-4*(fp*B/6)*(P*L2+M))^0.5/(fp*B/3)    =     207.7 mm
   L3                                                                =     407.0 mm
   MinLd = MIN(0,P/2+M/L3)                                           =     -6.07 kN/mm
   MaxLd = MAX(0,P/2-M/L3)                                           =      8.58 kN/mm
   A < L1
   Tension per bolt, Ten=(fp*A*B/2-P)/Nrow/2                         =     29.53 kN
   a, distance from flange to edge of plate                          =     156.8 mm
   A >= a, therefore M=fp*(a^2/2-a^3/6/A)                            =      1.64 kN-m
   a2, distance from flange to nearest bolt + 0.025*d                =      81.8 mm
   perf, percentage of force to flange = (G/2)^3/ ((G/2)^3+(a2)^3)   =      0.19
   gwid, flange gusset width = (pltlen-d)/2                          =     146.5 mm
   Bolt head dia, HeadDia                                            =      39.6 mm
   xbar1 = distance from center of flange to farthest bolt           =       0.0 mm
   Percentage of force to flange, Perf=(G/2)^3/(xbar1^3 + (G/2)^3)   =      0.00 mm
   xbar=xbar1-headdia/2-(flgthk)/2                                   =      52.2 mm
   ybar=G/2-Headdia-(Flg gusset thick)/2                             =      24.2 mm
   M1=Perf*Ten*xbar/(MIN(HeadDia+2*xbar , B/2-(flg gusset thick)/2)) =    0.0752 kN-m
   wid = MIN(HeadDia+2*ybar , (pltlen-d)/2)                          =      88.0 mm
   M2=(1-Perf)*Ten*Ybar/Wid                                          =    0.1591 kN-m
   M3=MAX(M1,M2)                                                     =    0.1591 kN-m
   Required plate thickness=(6*M3/CF/Fy/MaxUc)^0.5                   =      11.0 mm
   Base plate bending on bolts = 6*M3/t^2                            =      2.41 kN-m
 
 DETERMINE BASE PLATE BENDING (BEARING)
 
   From mombase.out report:
 
   M                                                                 =      1.52 kN-m
   required thickness based on bearing, (6*M/CF/Fy/Maxuc)^0.5        =      12.4 mm
   maximum of both required thicknesses                              =      12.4 mm
 
 FLANGE GUSSET DESIGN
 
   For 1 bolt row, D1=Edge/2.0+(PltLen-d)/4.0                        =     110.8 mm
   D1<A so C=(1.0-D1/AA/2.0)*MaxBr*D1*B                              =    142.19 kN
   b=(pltlen-d)/2.0                                                  =     146.5 mm
   0<Gusset slope <1 so min gusset thickness=b/(Gusset Slope)/250*(Fy=       4.1 mm
   Selected gusset thickness, tg                                     =      12.0 mm
   h1 = (gusset slope)*b+(gusset height)                             =     196.5 mm
   Ang = ATAN(h1/b)                                                  =      0.93 mm
   Side gusset not used, so h2=h1-D1/2*TAN(Ang)                      =     122.2 mm
   ht=(h2^2+(b-d1/2)^2)^0.5                                          =     152.5 mm
   klr=0.75*ht/tg*3.464                                              =     33.01
   cc=(2*Pi^2*29000/Fy)^0.5                                          =    106.96
   klr < cc, therefore
   Allowable compression in gusset =
     Fyg*(1-(klr/cc)^2/2)/(5/3+3/8*klr/cc-(klr/cc)^3/8)              =       0.0 MN/m2
   Actual compression in gusset = C/tg/D1/sin(ang)^2                 =     166.4 MN/m2
   Allowable tension in gusset = 0.6*Fyg                             =     207.0 MN/m2
   TenAct=Ten*2*(1-Perf)                                             =     45.56 kN
   Actual tension in gusset = TenAct/tg/D1/SIN(Ang)^2                =      53.3 MN/m2
 
 WELDS TO FLANGE GUSSET
 
   Perf, percentage of force to flange = (G/2)^3/((G/2)^3+a^3)       =      0.19
   Actual shear in weld, flange gusset to base plate
     = 2*Ten/(PltLen-d) * (1-Perf)                                   =      0.16 kN/mm
   Calculations for flange gusset to flange weld
     F = Ten/h1 * (1-perf)                                           =      0.12 kN/mm
     D1<A so C=(1.0-D1/AA/2.0)*MaxBr*D1*B/2                          =     71.09 kN
     Actual shear in weld, flange gusset to flange
     = MAX(F,C/(2*h1))                                               =      0.18 kN/mm
 
 FLANGE WELD TO BASE PLATE
   Fo, space from flange to first outside row                        =      72.0 mm
   Beff, effective width = (FlgWid-G)/2+Fo                           =      97.0 mm
   Compression in bolts, so F2=Ten*2                                 =     59.05 kN
   Flange gusset used, so F=F2/2
   Splice type not FA, so F=F/2
   Splice type FI, so F=F+F2/4
   Actual shear in weld, =F/beff                                     =      0.30 kN/mm
 
 WEB WELD TO BASE PLATE
   With DM 194=3 or 4, Actual shear in weld = V/Webdep/2             =      0.02 kN/mm
 
 WEB WELD TO BASE PLATE AT BOLTS
   F1 = V/Webdep/2                                                   =      0.02 kN/mm
   fw = G/2 - WebThk/2                                               =      47.5 mm
   fo = space from outside of flange to first bolt                   =      72.0 mm
   F2 = Ten/2/(fo+fw)                                                =      0.02 kN/mm
    Actual shear in weld = SQRT(F1^2+F2^2)                           =      0.13 kN/mm
 -------------------------------------------------------------------------------
 
 LOADING 2        
 
 INPUT
 
   M, Moment                                                         =     92.40 kN-m
   P, Axial                                                          =    -21.38 kN
   V, Shear                                                          =     31.72 kN
   CF, Code Factor for AISC05                                        =      0.90
   Fy, Splice Yield                                                  =     345.0
   Fyg, Gusset Yield                                                 =     345.0
   fp, Allowable Bearing                                             =       7.0 MN/m2
   MaxUC, Max Unity Check                                            =      1.00
   Ptlen, Plate Length                                               =     707.0 mm
   t, Plate Thickness                                                =      16.0 mm
   d, Member Depth                                                   =     414.0 mm
   WebDep, Member web depth                                          =     400.0 mm
   WebThk, Member web thick                                          =       5.0 mm
   FlgWid, Member Flange width                                       =       0.0 mm
   FlgThk, Member Flange thick                                       =       8.0 mm
   B, Plate Width                                                    =     250.0 mm
   G, Bolt Gage                                                      =     100.0 mm
   D, Bolt Dia                                                       =      24.0 mm
   Edge, distance from end of plate to last bolt                     =      75.0 mm
   Flange gusset slope                                               =      1.00
   Flange gusset outside height                                      =      50.0 mm
   Space1, spacing between bolts on each side of flange              =     150.0 mm
   Space2, space between bolt rows on outside of flange              =     150.0 mm
   Flange gusset thick                                               =      12.0 mm
   NOut, number of outside rows of bolts                             =         1
   NRow, number rows of bolts                                        =         2
 
 DETERMINE BASE PLATE BENDING (BOLTS)
 
   eccentricty e = M/P                                               =    4322.6 mm
   Axial <= 0 so eccentricity is large.
   Set MaxBr equal to fp                                             =       7.0 MN/m2
   L2, Distance from center of web to center of bolts on side 2      =     203.5 mm
   L1, Distance from end of plate to center of bolts on side 2       =     557.0 mm
   J = fp*B*L1/2.0                                                   =    487.55 kN
   Bearing length, A = J - (J^2-4*(fp*B/6)*(P*L2+M))^0.5/(fp*B/3)    =     206.1 mm
   L3                                                                =     407.0 mm
   MinLd = MIN(0,P/2+M/L3)                                           =     -9.36 kN/mm
   MaxLd = MAX(0,P/2-M/L3)                                           =      8.52 kN/mm
   A < L1
   Tension per bolt, Ten=(fp*A*B/2-P)/Nrow/2                         =     50.44 kN
   a, distance from flange to edge of plate                          =     156.8 mm
   A >= a, therefore M=fp*(a^2/2-a^3/6/A)                            =      1.63 kN-m
   a2, distance from flange to nearest bolt + 0.025*d                =      81.8 mm
   perf, percentage of force to flange = (G/2)^3/ ((G/2)^3+(a2)^3)   =      0.19
   gwid, flange gusset width = (pltlen-d)/2                          =     146.5 mm
   Bolt head dia, HeadDia                                            =      39.6 mm
   xbar1 = distance from center of flange to farthest bolt           =       0.0 mm
   Percentage of force to flange, Perf=(G/2)^3/(xbar1^3 + (G/2)^3)   =      0.00 mm
   xbar=xbar1-headdia/2-(flgthk)/2                                   =      51.2 mm
   ybar=G/2-Headdia-(Flg gusset thick)/2                             =      24.2 mm
   M1=Perf*Ten*xbar/(MIN(HeadDia+2*xbar , B/2-(flg gusset thick)/2)) =    0.1260 kN-m
   wid = MIN(HeadDia+2*ybar , (pltlen-d)/2)                          =      88.0 mm
   M2=(1-Perf)*Ten*Ybar/Wid                                          =    0.2717 kN-m
   M3=MAX(M1,M2)                                                     =    0.2717 kN-m
   Required plate thickness=(6*M3/CF/Fy/MaxUc)^0.5                   =      14.3 mm
   Base plate bending on bolts = 6*M3/t^2                            =      4.11 kN-m
 
 DETERMINE BASE PLATE BENDING (BEARING)
 
   From mombase.out report:
 
   M                                                                 =      1.50 kN-m
   required thickness based on bearing, (6*M/CF/Fy/Maxuc)^0.5        =      12.4 mm
   maximum of both required thicknesses                              =      14.3 mm
 
 FLANGE GUSSET DESIGN
 
   For 1 bolt row, D1=Edge/2.0+(PltLen-d)/4.0                        =     110.8 mm
   D1<A so C=(1.0-D1/AA/2.0)*MaxBr*D1*B                              =    141.78 kN
   b=(pltlen-d)/2.0                                                  =     146.5 mm
   0<Gusset slope <1 so min gusset thickness=b/(Gusset Slope)/250*(Fy=       4.1 mm
   Selected gusset thickness, tg                                     =      12.0 mm
   h1 = (gusset slope)*b+(gusset height)                             =     196.5 mm
   Ang = ATAN(h1/b)                                                  =      0.93 mm
   Side gusset not used, so h2=h1-D1/2*TAN(Ang)                      =     122.2 mm
   ht=(h2^2+(b-d1/2)^2)^0.5                                          =     152.5 mm
   klr=0.75*ht/tg*3.464                                              =     33.01
   cc=(2*Pi^2*29000/Fy)^0.5                                          =    106.96
   klr < cc, therefore
   Allowable compression in gusset =
     Fyg*(1-(klr/cc)^2/2)/(5/3+3/8*klr/cc-(klr/cc)^3/8)              =       0.0 MN/m2
   Actual compression in gusset = C/tg/D1/sin(ang)^2                 =     165.9 MN/m2
   Allowable tension in gusset = 0.6*Fyg                             =     207.0 MN/m2
   TenAct=Ten*2*(1-Perf)                                             =     77.81 kN
   Actual tension in gusset = TenAct/tg/D1/SIN(Ang)^2                =      91.1 MN/m2
 
 WELDS TO FLANGE GUSSET
 
   Perf, percentage of force to flange = (G/2)^3/((G/2)^3+a^3)       =      0.19
   Actual shear in weld, flange gusset to base plate
     = 2*Ten/(PltLen-d) * (1-Perf)                                   =      0.28 kN/mm
   Calculations for flange gusset to flange weld
     F = Ten/h1 * (1-perf)                                           =      0.21 kN/mm
     D1<A so C=(1.0-D1/AA/2.0)*MaxBr*D1*B/2                          =     70.89 kN
     Actual shear in weld, flange gusset to flange
     = MAX(F,C/(2*h1))                                               =      0.21 kN/mm
 
 FLANGE WELD TO BASE PLATE
   Fo, space from flange to first outside row                        =      71.0 mm
   Beff, effective width = (FlgWid-G)/2+Fo                           =      96.0 mm
   Compression in bolts, so F2=Ten*2                                 =    100.87 kN
   Flange gusset used, so F=F2/2
   Splice type not FA, so F=F/2
   Splice type FI, so F=F+F2/4
   Actual shear in weld, =F/beff                                     =      0.53 kN/mm
 
 WEB WELD TO BASE PLATE
   With DM 194=3 or 4, Actual shear in weld = V/Webdep/2             =      0.04 kN/mm
 
 WEB WELD TO BASE PLATE AT BOLTS
   F1 = V/Webdep/2                                                   =      0.04 kN/mm
   fw = G/2 - WebThk/2                                               =      47.5 mm
   fo = space from outside of flange to first bolt                   =      71.0 mm
   F2 = Ten/2/(fo+fw)                                                =      0.04 kN/mm
    Actual shear in weld = SQRT(F1^2+F2^2)                           =      0.22 kN/mm
 -------------------------------------------------------------------------------
 
 LOADING 1        
 
 INPUT
 
   M, Moment                                                         =     75.69 kN-m
   P, Axial                                                          =     63.69 kN
   V, Shear                                                          =     16.91 kN
   CF, Code Factor for AISC05                                        =      0.90
   Fy, Splice Yield                                                  =     345.0
   Fyg, Gusset Yield                                                 =     345.0
   fp, Allowable Bearing                                             =       7.0 MN/m2
   MaxUC, Max Unity Check                                            =      1.00
   Ptlen, Plate Length                                               =     707.0 mm
   t, Plate Thickness                                                =      16.0 mm
   d, Member Depth                                                   =     414.0 mm
   WebDep, Member web depth                                          =     400.0 mm
   WebThk, Member web thick                                          =       5.0 mm
   FlgWid, Member Flange width                                       =     150.0 mm
   FlgThk, Member Flange thick                                       =       6.0 mm
   B, Plate Width                                                    =     250.0 mm
   G, Bolt Gage                                                      =     100.0 mm
   D, Bolt Dia                                                       =      24.0 mm
   Edge, distance from end of plate to last bolt                     =      75.0 mm
   Flange gusset slope                                               =      1.00
   Flange gusset outside height                                      =      50.0 mm
   Space1, spacing between bolts on each side of flange              =     150.0 mm
   Space2, space between bolt rows on outside of flange              =     150.0 mm
   Flange gusset thick                                               =      12.0 mm
   NOut, number of outside rows of bolts                             =         1
   NRow, number rows of bolts                                        =         2
 
 DETERMINE BASE PLATE BENDING (BOLTS)
 
   eccentricty e = M/P                                               =    1188.9 mm
   Since e > Pltlen/2, eccentricity is large.                        =
   Max Bearing, MaxBr = fp                                           =       7.0 MN/m2
   L2, Distance from center of web to center of bolts on side 1      =     203.5 mm
   L1, Distance from end of plate to center of bolts on side 1       =     557.0 mm
   J = fp*B*L1/2.0                                                   =    487.55 kN
   Bearing length, A = J - (J^2-4*(fp*B/6)*(P*L2+M))^0.5/(fp*B/3)    =     207.7 mm
   L3                                                                =     407.0 mm
   MinLd = MIN(0,P/2+M/L3)                                           =     -6.07 kN/mm
   MaxLd = MAX(0,P/2-M/L3)                                           =      8.58 kN/mm
   A < L1
   Tension per bolt, Ten=(fp*A*B/2-P)/Nrow/2                         =     29.53 kN
   a, distance from flange to edge of plate                          =     156.8 mm
   A >= a, therefore M=fp*(a^2/2-a^3/6/A)                            =      1.64 kN-m
   a2, distance from flange to nearest bolt + 0.025*d                =      81.8 mm
   perf, percentage of force to flange = (G/2)^3/ ((G/2)^3+(a2)^3)   =      0.19
   gwid, flange gusset width = (pltlen-d)/2                          =     146.5 mm
   Bolt head dia, HeadDia                                            =      39.6 mm
   xbar1 = distance from center of flange to farthest bolt           =       0.0 mm
   Percentage of force to flange, Perf=(G/2)^3/(xbar1^3 + (G/2)^3)   =      0.00 mm
   xbar=xbar1-headdia/2-(flgthk)/2                                   =      52.2 mm
   ybar=G/2-Headdia-(Flg gusset thick)/2                             =      24.2 mm
   M1=Perf*Ten*xbar/(MIN(HeadDia+2*xbar , B/2-(flg gusset thick)/2)) =    0.0752 kN-m
   wid = MIN(HeadDia+2*ybar , (pltlen-d)/2)                          =      88.0 mm
   M2=(1-Perf)*Ten*Ybar/Wid                                          =    0.1591 kN-m
   M3=MAX(M1,M2)                                                     =    0.1591 kN-m
   Required plate thickness=(6*M3/CF/Fy/MaxUc)^0.5                   =      11.0 mm
   Base plate bending on bolts = 6*M3/t^2                            =      2.41 kN-m
 
 DETERMINE BASE PLATE BENDING (BEARING)
 
   From mombase.out report:
 
   M                                                                 =      1.52 kN-m
   required thickness based on bearing, (6*M/CF/Fy/Maxuc)^0.5        =      12.4 mm
   maximum of both required thicknesses                              =      12.4 mm
 
 FLANGE GUSSET DESIGN
 
   For 1 bolt row, D1=Edge/2.0+(PltLen-d)/4.0                        =     110.8 mm
   D1<A so C=(1.0-D1/AA/2.0)*MaxBr*D1*B                              =    142.19 kN
   b=(pltlen-d)/2.0                                                  =     146.5 mm
   0<Gusset slope <1 so min gusset thickness=b/(Gusset Slope)/250*(Fy=       4.1 mm
   Selected gusset thickness, tg                                     =      12.0 mm
   h1 = (gusset slope)*b+(gusset height)                             =     196.5 mm
   Ang = ATAN(h1/b)                                                  =      0.93 mm
   Side gusset not used, so h2=h1-D1/2*TAN(Ang)                      =     122.2 mm
   ht=(h2^2+(b-d1/2)^2)^0.5                                          =     152.5 mm
   klr=0.75*ht/tg*3.464                                              =     33.01
   cc=(2*Pi^2*29000/Fy)^0.5                                          =    106.96
   klr < cc, therefore
   Allowable compression in gusset =
     Fyg*(1-(klr/cc)^2/2)/(5/3+3/8*klr/cc-(klr/cc)^3/8)              =       0.0 MN/m2
   Actual compression in gusset = C/tg/D1/sin(ang)^2                 =     166.4 MN/m2
   Allowable tension in gusset = 0.6*Fyg                             =     207.0 MN/m2
   TenAct=Ten*2*(1-Perf)                                             =     45.56 kN
   Actual tension in gusset = TenAct/tg/D1/SIN(Ang)^2                =      53.3 MN/m2
 
 WELDS TO FLANGE GUSSET
 
   Perf, percentage of force to flange = (G/2)^3/((G/2)^3+a^3)       =      0.19
   Actual shear in weld, flange gusset to base plate
     = 2*Ten/(PltLen-d) * (1-Perf)                                   =      0.16 kN/mm
   Calculations for flange gusset to flange weld
     F = Ten/h1 * (1-perf)                                           =      0.12 kN/mm
     D1<A so C=(1.0-D1/AA/2.0)*MaxBr*D1*B/2                          =     71.09 kN
     Actual shear in weld, flange gusset to flange
     = MAX(F,C/(2*h1))                                               =      0.18 kN/mm
 
 FLANGE WELD TO BASE PLATE
   Fo, space from flange to first outside row                        =      72.0 mm
   Beff, effective width = (FlgWid-G)/2+Fo                           =      97.0 mm
   Compression in bolts, so F2=Ten*2                                 =     59.05 kN
   Flange gusset used, so F=F2/2
   Splice type not FA, so F=F/2
   Splice type FI, so F=F+F2/4
   Actual shear in weld, =F/beff                                     =      0.30 kN/mm
 
 WEB WELD TO BASE PLATE
   With DM 194=3 or 4, Actual shear in weld = V/Webdep/2             =      0.02 kN/mm
 
 WEB WELD TO BASE PLATE AT BOLTS
   F1 = V/Webdep/2                                                   =      0.02 kN/mm
   fw = G/2 - WebThk/2                                               =      47.5 mm
   fo = space from outside of flange to first bolt                   =      72.0 mm
   F2 = Ten/2/(fo+fw)                                                =      0.02 kN/mm
    Actual shear in weld = SQRT(F1^2+F2^2)                           =      0.13 kN/mm
 -------------------------------------------------------------------------------
 
 LOADING 2        
 
 INPUT
 
   M, Moment                                                         =     92.41 kN-m
   P, Axial                                                          =    -21.38 kN
   V, Shear                                                          =     31.72 kN
   CF, Code Factor for AISC05                                        =      0.90
   Fy, Splice Yield                                                  =     345.0
   Fyg, Gusset Yield                                                 =     345.0
   fp, Allowable Bearing                                             =       7.0 MN/m2
   MaxUC, Max Unity Check                                            =      1.00
   Ptlen, Plate Length                                               =     707.0 mm
   t, Plate Thickness                                                =      16.0 mm
   d, Member Depth                                                   =     414.0 mm
   WebDep, Member web depth                                          =     400.0 mm
   WebThk, Member web thick                                          =       5.0 mm
   FlgWid, Member Flange width                                       =       0.0 mm
   FlgThk, Member Flange thick                                       =       8.0 mm
   B, Plate Width                                                    =     250.0 mm
   G, Bolt Gage                                                      =     100.0 mm
   D, Bolt Dia                                                       =      24.0 mm
   Edge, distance from end of plate to last bolt                     =      75.0 mm
   Flange gusset slope                                               =      1.00
   Flange gusset outside height                                      =      50.0 mm
   Space1, spacing between bolts on each side of flange              =     150.0 mm
   Space2, space between bolt rows on outside of flange              =     150.0 mm
   Flange gusset thick                                               =      12.0 mm
   NOut, number of outside rows of bolts                             =         1
   NRow, number rows of bolts                                        =         2
 
 DETERMINE BASE PLATE BENDING (BOLTS)
 
   eccentricty e = M/P                                               =    4323.4 mm
   Axial <= 0 so eccentricity is large.
   Set MaxBr equal to fp                                             =       7.0 MN/m2
   L2, Distance from center of web to center of bolts on side 2      =     203.5 mm
   L1, Distance from end of plate to center of bolts on side 2       =     557.0 mm
   J = fp*B*L1/2.0                                                   =    487.55 kN
   Bearing length, A = J - (J^2-4*(fp*B/6)*(P*L2+M))^0.5/(fp*B/3)    =     206.1 mm
   L3                                                                =     407.0 mm
   MinLd = MIN(0,P/2+M/L3)                                           =     -9.36 kN/mm
   MaxLd = MAX(0,P/2-M/L3)                                           =      8.52 kN/mm
   A < L1
   Tension per bolt, Ten=(fp*A*B/2-P)/Nrow/2                         =     50.44 kN
   a, distance from flange to edge of plate                          =     156.8 mm
   A >= a, therefore M=fp*(a^2/2-a^3/6/A)                            =      1.63 kN-m
   a2, distance from flange to nearest bolt + 0.025*d                =      81.8 mm
   perf, percentage of force to flange = (G/2)^3/ ((G/2)^3+(a2)^3)   =      0.19
   gwid, flange gusset width = (pltlen-d)/2                          =     146.5 mm
   Bolt head dia, HeadDia                                            =      39.6 mm
   xbar1 = distance from center of flange to farthest bolt           =       0.0 mm
   Percentage of force to flange, Perf=(G/2)^3/(xbar1^3 + (G/2)^3)   =      0.00 mm
   xbar=xbar1-headdia/2-(flgthk)/2                                   =      51.2 mm
   ybar=G/2-Headdia-(Flg gusset thick)/2                             =      24.2 mm
   M1=Perf*Ten*xbar/(MIN(HeadDia+2*xbar , B/2-(flg gusset thick)/2)) =    0.1260 kN-m
   wid = MIN(HeadDia+2*ybar , (pltlen-d)/2)                          =      88.0 mm
   M2=(1-Perf)*Ten*Ybar/Wid                                          =    0.2717 kN-m
   M3=MAX(M1,M2)                                                     =    0.2717 kN-m
   Required plate thickness=(6*M3/CF/Fy/MaxUc)^0.5                   =      14.3 mm
   Base plate bending on bolts = 6*M3/t^2                            =      4.11 kN-m
 
 DETERMINE BASE PLATE BENDING (BEARING)
 
   From mombase.out report:
 
   M                                                                 =      1.50 kN-m
   required thickness based on bearing, (6*M/CF/Fy/Maxuc)^0.5        =      12.4 mm
   maximum of both required thicknesses                              =      14.3 mm
 
 FLANGE GUSSET DESIGN
 
   For 1 bolt row, D1=Edge/2.0+(PltLen-d)/4.0                        =     110.8 mm
   D1<A so C=(1.0-D1/AA/2.0)*MaxBr*D1*B                              =    141.78 kN
   b=(pltlen-d)/2.0                                                  =     146.5 mm
   0<Gusset slope <1 so min gusset thickness=b/(Gusset Slope)/250*(Fy=       4.1 mm
   Selected gusset thickness, tg                                     =      12.0 mm
   h1 = (gusset slope)*b+(gusset height)                             =     196.5 mm
   Ang = ATAN(h1/b)                                                  =      0.93 mm
   Side gusset not used, so h2=h1-D1/2*TAN(Ang)                      =     122.2 mm
   ht=(h2^2+(b-d1/2)^2)^0.5                                          =     152.5 mm
   klr=0.75*ht/tg*3.464                                              =     33.01
   cc=(2*Pi^2*29000/Fy)^0.5                                          =    106.96
   klr < cc, therefore
   Allowable compression in gusset =
     Fyg*(1-(klr/cc)^2/2)/(5/3+3/8*klr/cc-(klr/cc)^3/8)              =       0.0 MN/m2
   Actual compression in gusset = C/tg/D1/sin(ang)^2                 =     165.9 MN/m2
   Allowable tension in gusset = 0.6*Fyg                             =     207.0 MN/m2
   TenAct=Ten*2*(1-Perf)                                             =     77.82 kN
   Actual tension in gusset = TenAct/tg/D1/SIN(Ang)^2                =      91.1 MN/m2
 
 WELDS TO FLANGE GUSSET
 
   Perf, percentage of force to flange = (G/2)^3/((G/2)^3+a^3)       =      0.19
   Actual shear in weld, flange gusset to base plate
     = 2*Ten/(PltLen-d) * (1-Perf)                                   =      0.28 kN/mm
   Calculations for flange gusset to flange weld
     F = Ten/h1 * (1-perf)                                           =      0.21 kN/mm
     D1<A so C=(1.0-D1/AA/2.0)*MaxBr*D1*B/2                          =     70.89 kN
     Actual shear in weld, flange gusset to flange
     = MAX(F,C/(2*h1))                                               =      0.21 kN/mm
 
 FLANGE WELD TO BASE PLATE
   Fo, space from flange to first outside row                        =      71.0 mm
   Beff, effective width = (FlgWid-G)/2+Fo                           =      96.0 mm
   Compression in bolts, so F2=Ten*2                                 =    100.88 kN
   Flange gusset used, so F=F2/2
   Splice type not FA, so F=F/2
   Splice type FI, so F=F+F2/4
   Actual shear in weld, =F/beff                                     =      0.53 kN/mm
 
 WEB WELD TO BASE PLATE
   With DM 194=3 or 4, Actual shear in weld = V/Webdep/2             =      0.04 kN/mm
 
 WEB WELD TO BASE PLATE AT BOLTS
   F1 = V/Webdep/2                                                   =      0.04 kN/mm
   fw = G/2 - WebThk/2                                               =      47.5 mm
   fo = space from outside of flange to first bolt                   =      71.0 mm
   F2 = Ten/2/(fo+fw)                                                =      0.04 kN/mm
    Actual shear in weld = SQRT(F1^2+F2^2)                           =      0.22 kN/mm
 -------------------------------------------------------------------------------
 
 LOADING 1        
 
 INPUT
 
   M, Moment                                                         =     75.69 kN-m
   P, Axial                                                          =     63.68 kN
   V, Shear                                                          =     16.92 kN
   CF, Code Factor for AISC05                                        =      0.90
   Fy, Splice Yield                                                  =     345.0
   Fyg, Gusset Yield                                                 =     345.0
   fp, Allowable Bearing                                             =       7.0 MN/m2
   MaxUC, Max Unity Check                                            =      1.00
   Ptlen, Plate Length                                               =     707.0 mm
   t, Plate Thickness                                                =      16.0 mm
   d, Member Depth                                                   =     414.0 mm
   WebDep, Member web depth                                          =     400.0 mm
   WebThk, Member web thick                                          =       5.0 mm
   FlgWid, Member Flange width                                       =     150.0 mm
   FlgThk, Member Flange thick                                       =       6.0 mm
   B, Plate Width                                                    =     250.0 mm
   G, Bolt Gage                                                      =     100.0 mm
   D, Bolt Dia                                                       =      24.0 mm
   Edge, distance from end of plate to last bolt                     =      75.0 mm
   Flange gusset slope                                               =      1.00
   Flange gusset outside height                                      =      50.0 mm
   Space1, spacing between bolts on each side of flange              =     150.0 mm
   Space2, space between bolt rows on outside of flange              =     150.0 mm
   Flange gusset thick                                               =      12.0 mm
   NOut, number of outside rows of bolts                             =         1
   NRow, number rows of bolts                                        =         2
 
 DETERMINE BASE PLATE BENDING (BOLTS)
 
   eccentricty e = M/P                                               =    1188.9 mm
   Since e > Pltlen/2, eccentricity is large.                        =
   Max Bearing, MaxBr = fp                                           =       7.0 MN/m2
   L2, Distance from center of web to center of bolts on side 1      =     203.5 mm
   L1, Distance from end of plate to center of bolts on side 1       =     557.0 mm
   J = fp*B*L1/2.0                                                   =    487.55 kN
   Bearing length, A = J - (J^2-4*(fp*B/6)*(P*L2+M))^0.5/(fp*B/3)    =     207.7 mm
   L3                                                                =     407.0 mm
   MinLd = MIN(0,P/2+M/L3)                                           =     -6.07 kN/mm
   MaxLd = MAX(0,P/2-M/L3)                                           =      8.58 kN/mm
   A < L1
   Tension per bolt, Ten=(fp*A*B/2-P)/Nrow/2                         =     29.53 kN
   a, distance from flange to edge of plate                          =     156.8 mm
   A >= a, therefore M=fp*(a^2/2-a^3/6/A)                            =      1.64 kN-m
   a2, distance from flange to nearest bolt + 0.025*d                =      81.8 mm
   perf, percentage of force to flange = (G/2)^3/ ((G/2)^3+(a2)^3)   =      0.19
   gwid, flange gusset width = (pltlen-d)/2                          =     146.5 mm
   Bolt head dia, HeadDia                                            =      39.6 mm
   xbar1 = distance from center of flange to farthest bolt           =       0.0 mm
   Percentage of force to flange, Perf=(G/2)^3/(xbar1^3 + (G/2)^3)   =      0.00 mm
   xbar=xbar1-headdia/2-(flgthk)/2                                   =      52.2 mm
   ybar=G/2-Headdia-(Flg gusset thick)/2                             =      24.2 mm
   M1=Perf*Ten*xbar/(MIN(HeadDia+2*xbar , B/2-(flg gusset thick)/2)) =    0.0752 kN-m
   wid = MIN(HeadDia+2*ybar , (pltlen-d)/2)                          =      88.0 mm
   M2=(1-Perf)*Ten*Ybar/Wid                                          =    0.1591 kN-m
   M3=MAX(M1,M2)                                                     =    0.1591 kN-m
   Required plate thickness=(6*M3/CF/Fy/MaxUc)^0.5                   =      11.0 mm
   Base plate bending on bolts = 6*M3/t^2                            =      2.41 kN-m
 
 DETERMINE BASE PLATE BENDING (BEARING)
 
   From mombase.out report:
 
   M                                                                 =      1.52 kN-m
   required thickness based on bearing, (6*M/CF/Fy/Maxuc)^0.5        =      12.4 mm
   maximum of both required thicknesses                              =      12.4 mm
 
 FLANGE GUSSET DESIGN
 
   For 1 bolt row, D1=Edge/2.0+(PltLen-d)/4.0                        =     110.8 mm
   D1<A so C=(1.0-D1/AA/2.0)*MaxBr*D1*B                              =    142.19 kN
   b=(pltlen-d)/2.0                                                  =     146.5 mm
   0<Gusset slope <1 so min gusset thickness=b/(Gusset Slope)/250*(Fy=       4.1 mm
   Selected gusset thickness, tg                                     =      12.0 mm
   h1 = (gusset slope)*b+(gusset height)                             =     196.5 mm
   Ang = ATAN(h1/b)                                                  =      0.93 mm
   Side gusset not used, so h2=h1-D1/2*TAN(Ang)                      =     122.2 mm
   ht=(h2^2+(b-d1/2)^2)^0.5                                          =     152.5 mm
   klr=0.75*ht/tg*3.464                                              =     33.01
   cc=(2*Pi^2*29000/Fy)^0.5                                          =    106.96
   klr < cc, therefore
   Allowable compression in gusset =
     Fyg*(1-(klr/cc)^2/2)/(5/3+3/8*klr/cc-(klr/cc)^3/8)              =       0.0 MN/m2
   Actual compression in gusset = C/tg/D1/sin(ang)^2                 =     166.4 MN/m2
   Allowable tension in gusset = 0.6*Fyg                             =     207.0 MN/m2
   TenAct=Ten*2*(1-Perf)                                             =     45.56 kN
   Actual tension in gusset = TenAct/tg/D1/SIN(Ang)^2                =      53.3 MN/m2
 
 WELDS TO FLANGE GUSSET
 
   Perf, percentage of force to flange = (G/2)^3/((G/2)^3+a^3)       =      0.19
   Actual shear in weld, flange gusset to base plate
     = 2*Ten/(PltLen-d) * (1-Perf)                                   =      0.16 kN/mm
   Calculations for flange gusset to flange weld
     F = Ten/h1 * (1-perf)                                           =      0.12 kN/mm
     D1<A so C=(1.0-D1/AA/2.0)*MaxBr*D1*B/2                          =     71.09 kN
     Actual shear in weld, flange gusset to flange
     = MAX(F,C/(2*h1))                                               =      0.18 kN/mm
 
 FLANGE WELD TO BASE PLATE
   Fo, space from flange to first outside row                        =      72.0 mm
   Beff, effective width = (FlgWid-G)/2+Fo                           =      97.0 mm
   Compression in bolts, so F2=Ten*2                                 =     59.05 kN
   Flange gusset used, so F=F2/2
   Splice type not FA, so F=F/2
   Splice type FI, so F=F+F2/4
   Actual shear in weld, =F/beff                                     =      0.30 kN/mm
 
 WEB WELD TO BASE PLATE
   With DM 194=3 or 4, Actual shear in weld = V/Webdep/2             =      0.02 kN/mm
 
 WEB WELD TO BASE PLATE AT BOLTS
   F1 = V/Webdep/2                                                   =      0.02 kN/mm
   fw = G/2 - WebThk/2                                               =      47.5 mm
   fo = space from outside of flange to first bolt                   =      72.0 mm
   F2 = Ten/2/(fo+fw)                                                =      0.02 kN/mm
    Actual shear in weld = SQRT(F1^2+F2^2)                           =      0.13 kN/mm
 -------------------------------------------------------------------------------
 
 LOADING 2        
 
 INPUT
 
   M, Moment                                                         =     92.40 kN-m
   P, Axial                                                          =    -21.38 kN
   V, Shear                                                          =     31.72 kN
   CF, Code Factor for AISC05                                        =      0.90
   Fy, Splice Yield                                                  =     345.0
   Fyg, Gusset Yield                                                 =     345.0
   fp, Allowable Bearing                                             =       7.0 MN/m2
   MaxUC, Max Unity Check                                            =      1.00
   Ptlen, Plate Length                                               =     707.0 mm
   t, Plate Thickness                                                =      16.0 mm
   d, Member Depth                                                   =     414.0 mm
   WebDep, Member web depth                                          =     400.0 mm
   WebThk, Member web thick                                          =       5.0 mm
   FlgWid, Member Flange width                                       =       0.0 mm
   FlgThk, Member Flange thick                                       =       8.0 mm
   B, Plate Width                                                    =     250.0 mm
   G, Bolt Gage                                                      =     100.0 mm
   D, Bolt Dia                                                       =      24.0 mm
   Edge, distance from end of plate to last bolt                     =      75.0 mm
   Flange gusset slope                                               =      1.00
   Flange gusset outside height                                      =      50.0 mm
   Space1, spacing between bolts on each side of flange              =     150.0 mm
   Space2, space between bolt rows on outside of flange              =     150.0 mm
   Flange gusset thick                                               =      12.0 mm
   NOut, number of outside rows of bolts                             =         1
   NRow, number rows of bolts                                        =         2
 
 DETERMINE BASE PLATE BENDING (BOLTS)
 
   eccentricty e = M/P                                               =    4322.6 mm
   Axial <= 0 so eccentricity is large.
   Set MaxBr equal to fp                                             =       7.0 MN/m2
   L2, Distance from center of web to center of bolts on side 2      =     203.5 mm
   L1, Distance from end of plate to center of bolts on side 2       =     557.0 mm
   J = fp*B*L1/2.0                                                   =    487.55 kN
   Bearing length, A = J - (J^2-4*(fp*B/6)*(P*L2+M))^0.5/(fp*B/3)    =     206.1 mm
   L3                                                                =     407.0 mm
   MinLd = MIN(0,P/2+M/L3)                                           =     -9.36 kN/mm
   MaxLd = MAX(0,P/2-M/L3)                                           =      8.52 kN/mm
   A < L1
   Tension per bolt, Ten=(fp*A*B/2-P)/Nrow/2                         =     50.44 kN
   a, distance from flange to edge of plate                          =     156.8 mm
   A >= a, therefore M=fp*(a^2/2-a^3/6/A)                            =      1.63 kN-m
   a2, distance from flange to nearest bolt + 0.025*d                =      81.8 mm
   perf, percentage of force to flange = (G/2)^3/ ((G/2)^3+(a2)^3)   =      0.19
   gwid, flange gusset width = (pltlen-d)/2                          =     146.5 mm
   Bolt head dia, HeadDia                                            =      39.6 mm
   xbar1 = distance from center of flange to farthest bolt           =       0.0 mm
   Percentage of force to flange, Perf=(G/2)^3/(xbar1^3 + (G/2)^3)   =      0.00 mm
   xbar=xbar1-headdia/2-(flgthk)/2                                   =      51.2 mm
   ybar=G/2-Headdia-(Flg gusset thick)/2                             =      24.2 mm
   M1=Perf*Ten*xbar/(MIN(HeadDia+2*xbar , B/2-(flg gusset thick)/2)) =    0.1260 kN-m
   wid = MIN(HeadDia+2*ybar , (pltlen-d)/2)                          =      88.0 mm
   M2=(1-Perf)*Ten*Ybar/Wid                                          =    0.2717 kN-m
   M3=MAX(M1,M2)                                                     =    0.2717 kN-m
   Required plate thickness=(6*M3/CF/Fy/MaxUc)^0.5                   =      14.3 mm
   Base plate bending on bolts = 6*M3/t^2                            =      4.11 kN-m
 
 DETERMINE BASE PLATE BENDING (BEARING)
 
   From mombase.out report:
 
   M                                                                 =      1.50 kN-m
   required thickness based on bearing, (6*M/CF/Fy/Maxuc)^0.5        =      12.4 mm
   maximum of both required thicknesses                              =      14.3 mm
 
 FLANGE GUSSET DESIGN
 
   For 1 bolt row, D1=Edge/2.0+(PltLen-d)/4.0                        =     110.8 mm
   D1<A so C=(1.0-D1/AA/2.0)*MaxBr*D1*B                              =    141.78 kN
   b=(pltlen-d)/2.0                                                  =     146.5 mm
   0<Gusset slope <1 so min gusset thickness=b/(Gusset Slope)/250*(Fy=       4.1 mm
   Selected gusset thickness, tg                                     =      12.0 mm
   h1 = (gusset slope)*b+(gusset height)                             =     196.5 mm
   Ang = ATAN(h1/b)                                                  =      0.93 mm
   Side gusset not used, so h2=h1-D1/2*TAN(Ang)                      =     122.2 mm
   ht=(h2^2+(b-d1/2)^2)^0.5                                          =     152.5 mm
   klr=0.75*ht/tg*3.464                                              =     33.01
   cc=(2*Pi^2*29000/Fy)^0.5                                          =    106.96
   klr < cc, therefore
   Allowable compression in gusset =
     Fyg*(1-(klr/cc)^2/2)/(5/3+3/8*klr/cc-(klr/cc)^3/8)              =       0.0 MN/m2
   Actual compression in gusset = C/tg/D1/sin(ang)^2                 =     165.9 MN/m2
   Allowable tension in gusset = 0.6*Fyg                             =     207.0 MN/m2
   TenAct=Ten*2*(1-Perf)                                             =     77.81 kN
   Actual tension in gusset = TenAct/tg/D1/SIN(Ang)^2                =      91.1 MN/m2
 
 WELDS TO FLANGE GUSSET
 
   Perf, percentage of force to flange = (G/2)^3/((G/2)^3+a^3)       =      0.19
   Actual shear in weld, flange gusset to base plate
     = 2*Ten/(PltLen-d) * (1-Perf)                                   =      0.28 kN/mm
   Calculations for flange gusset to flange weld
     F = Ten/h1 * (1-perf)                                           =      0.21 kN/mm
     D1<A so C=(1.0-D1/AA/2.0)*MaxBr*D1*B/2                          =     70.89 kN
     Actual shear in weld, flange gusset to flange
     = MAX(F,C/(2*h1))                                               =      0.21 kN/mm
 
 FLANGE WELD TO BASE PLATE
   Fo, space from flange to first outside row                        =      71.0 mm
   Beff, effective width = (FlgWid-G)/2+Fo                           =      96.0 mm
   Compression in bolts, so F2=Ten*2                                 =    100.87 kN
   Flange gusset used, so F=F2/2
   Splice type not FA, so F=F/2
   Splice type FI, so F=F+F2/4
   Actual shear in weld, =F/beff                                     =      0.53 kN/mm
 
 WEB WELD TO BASE PLATE
   With DM 194=3 or 4, Actual shear in weld = V/Webdep/2             =      0.04 kN/mm
 
 WEB WELD TO BASE PLATE AT BOLTS
   F1 = V/Webdep/2                                                   =      0.04 kN/mm
   fw = G/2 - WebThk/2                                               =      47.5 mm
   fo = space from outside of flange to first bolt                   =      71.0 mm
   F2 = Ten/2/(fo+fw)                                                =      0.04 kN/mm
    Actual shear in weld = SQRT(F1^2+F2^2)                           =      0.22 kN/mm
 -------------------------------------------------------------------------------
 
 LOADING 1        
 
 INPUT
 
   M, Moment                                                         =     75.69 kN-m
   P, Axial                                                          =     63.69 kN
   V, Shear                                                          =     16.91 kN
   CF, Code Factor for AISC05                                        =      0.90
   Fy, Splice Yield                                                  =     345.0
   Fyg, Gusset Yield                                                 =     345.0
   fp, Allowable Bearing                                             =       7.0 MN/m2
   MaxUC, Max Unity Check                                            =      1.00
   Ptlen, Plate Length                                               =     707.0 mm
   t, Plate Thickness                                                =      16.0 mm
   d, Member Depth                                                   =     414.0 mm
   WebDep, Member web depth                                          =     400.0 mm
   WebThk, Member web thick                                          =       5.0 mm
   FlgWid, Member Flange width                                       =     150.0 mm
   FlgThk, Member Flange thick                                       =       6.0 mm
   B, Plate Width                                                    =     250.0 mm
   G, Bolt Gage                                                      =     100.0 mm
   D, Bolt Dia                                                       =      24.0 mm
   Edge, distance from end of plate to last bolt                     =      75.0 mm
   Flange gusset slope                                               =      1.00
   Flange gusset outside height                                      =      50.0 mm
   Space1, spacing between bolts on each side of flange              =     150.0 mm
   Space2, space between bolt rows on outside of flange              =     150.0 mm
   Flange gusset thick                                               =      12.0 mm
   NOut, number of outside rows of bolts                             =         1
   NRow, number rows of bolts                                        =         2
 
 DETERMINE BASE PLATE BENDING (BOLTS)
 
   eccentricty e = M/P                                               =    1188.9 mm
   Since e > Pltlen/2, eccentricity is large.                        =
   Max Bearing, MaxBr = fp                                           =       7.0 MN/m2
   L2, Distance from center of web to center of bolts on side 1      =     203.5 mm
   L1, Distance from end of plate to center of bolts on side 1       =     557.0 mm
   J = fp*B*L1/2.0                                                   =    487.55 kN
   Bearing length, A = J - (J^2-4*(fp*B/6)*(P*L2+M))^0.5/(fp*B/3)    =     207.7 mm
   L3                                                                =     407.0 mm
   MinLd = MIN(0,P/2+M/L3)                                           =     -6.07 kN/mm
   MaxLd = MAX(0,P/2-M/L3)                                           =      8.58 kN/mm
   A < L1
   Tension per bolt, Ten=(fp*A*B/2-P)/Nrow/2                         =     29.53 kN
   a, distance from flange to edge of plate                          =     156.8 mm
   A >= a, therefore M=fp*(a^2/2-a^3/6/A)                            =      1.64 kN-m
   a2, distance from flange to nearest bolt + 0.025*d                =      81.8 mm
   perf, percentage of force to flange = (G/2)^3/ ((G/2)^3+(a2)^3)   =      0.19
   gwid, flange gusset width = (pltlen-d)/2                          =     146.5 mm
   Bolt head dia, HeadDia                                            =      39.6 mm
   xbar1 = distance from center of flange to farthest bolt           =       0.0 mm
   Percentage of force to flange, Perf=(G/2)^3/(xbar1^3 + (G/2)^3)   =      0.00 mm
   xbar=xbar1-headdia/2-(flgthk)/2                                   =      52.2 mm
   ybar=G/2-Headdia-(Flg gusset thick)/2                             =      24.2 mm
   M1=Perf*Ten*xbar/(MIN(HeadDia+2*xbar , B/2-(flg gusset thick)/2)) =    0.0752 kN-m
   wid = MIN(HeadDia+2*ybar , (pltlen-d)/2)                          =      88.0 mm
   M2=(1-Perf)*Ten*Ybar/Wid                                          =    0.1591 kN-m
   M3=MAX(M1,M2)                                                     =    0.1591 kN-m
   Required plate thickness=(6*M3/CF/Fy/MaxUc)^0.5                   =      11.0 mm
   Base plate bending on bolts = 6*M3/t^2                            =      2.41 kN-m
 
 DETERMINE BASE PLATE BENDING (BEARING)
 
   From mombase.out report:
 
   M                                                                 =      1.52 kN-m
   required thickness based on bearing, (6*M/CF/Fy/Maxuc)^0.5        =      12.4 mm
   maximum of both required thicknesses                              =      12.4 mm
 
 FLANGE GUSSET DESIGN
 
   For 1 bolt row, D1=Edge/2.0+(PltLen-d)/4.0                        =     110.8 mm
   D1<A so C=(1.0-D1/AA/2.0)*MaxBr*D1*B                              =    142.19 kN
   b=(pltlen-d)/2.0                                                  =     146.5 mm
   0<Gusset slope <1 so min gusset thickness=b/(Gusset Slope)/250*(Fy=       4.1 mm
   Selected gusset thickness, tg                                     =      12.0 mm
   h1 = (gusset slope)*b+(gusset height)                             =     196.5 mm
   Ang = ATAN(h1/b)                                                  =      0.93 mm
   Side gusset not used, so h2=h1-D1/2*TAN(Ang)                      =     122.2 mm
   ht=(h2^2+(b-d1/2)^2)^0.5                                          =     152.5 mm
   klr=0.75*ht/tg*3.464                                              =     33.01
   cc=(2*Pi^2*29000/Fy)^0.5                                          =    106.96
   klr < cc, therefore
   Allowable compression in gusset =
     Fyg*(1-(klr/cc)^2/2)/(5/3+3/8*klr/cc-(klr/cc)^3/8)              =       0.0 MN/m2
   Actual compression in gusset = C/tg/D1/sin(ang)^2                 =     166.4 MN/m2
   Allowable tension in gusset = 0.6*Fyg                             =     207.0 MN/m2
   TenAct=Ten*2*(1-Perf)                                             =     45.56 kN
   Actual tension in gusset = TenAct/tg/D1/SIN(Ang)^2                =      53.3 MN/m2
 
 WELDS TO FLANGE GUSSET
 
   Perf, percentage of force to flange = (G/2)^3/((G/2)^3+a^3)       =      0.19
   Actual shear in weld, flange gusset to base plate
     = 2*Ten/(PltLen-d) * (1-Perf)                                   =      0.16 kN/mm
   Calculations for flange gusset to flange weld
     F = Ten/h1 * (1-perf)                                           =      0.12 kN/mm
     D1<A so C=(1.0-D1/AA/2.0)*MaxBr*D1*B/2                          =     71.09 kN
     Actual shear in weld, flange gusset to flange
     = MAX(F,C/(2*h1))                                               =      0.18 kN/mm
 
 FLANGE WELD TO BASE PLATE
   Fo, space from flange to first outside row                        =      72.0 mm
   Beff, effective width = (FlgWid-G)/2+Fo                           =      97.0 mm
   Compression in bolts, so F2=Ten*2                                 =     59.05 kN
   Flange gusset used, so F=F2/2
   Splice type not FA, so F=F/2
   Splice type FI, so F=F+F2/4
   Actual shear in weld, =F/beff                                     =      0.30 kN/mm
 
 WEB WELD TO BASE PLATE
   With DM 194=3 or 4, Actual shear in weld = V/Webdep/2             =      0.02 kN/mm
 
 WEB WELD TO BASE PLATE AT BOLTS
   F1 = V/Webdep/2                                                   =      0.02 kN/mm
   fw = G/2 - WebThk/2                                               =      47.5 mm
   fo = space from outside of flange to first bolt                   =      72.0 mm
   F2 = Ten/2/(fo+fw)                                                =      0.02 kN/mm
    Actual shear in weld = SQRT(F1^2+F2^2)                           =      0.13 kN/mm
 -------------------------------------------------------------------------------
 
 LOADING 2        
 
 INPUT
 
   M, Moment                                                         =     92.41 kN-m
   P, Axial                                                          =    -21.38 kN
   V, Shear                                                          =     31.72 kN
   CF, Code Factor for AISC05                                        =      0.90
   Fy, Splice Yield                                                  =     345.0
   Fyg, Gusset Yield                                                 =     345.0
   fp, Allowable Bearing                                             =       7.0 MN/m2
   MaxUC, Max Unity Check                                            =      1.00
   Ptlen, Plate Length                                               =     707.0 mm
   t, Plate Thickness                                                =      16.0 mm
   d, Member Depth                                                   =     414.0 mm
   WebDep, Member web depth                                          =     400.0 mm
   WebThk, Member web thick                                          =       5.0 mm
   FlgWid, Member Flange width                                       =       0.0 mm
   FlgThk, Member Flange thick                                       =       8.0 mm
   B, Plate Width                                                    =     250.0 mm
   G, Bolt Gage                                                      =     100.0 mm
   D, Bolt Dia                                                       =      24.0 mm
   Edge, distance from end of plate to last bolt                     =      75.0 mm
   Flange gusset slope                                               =      1.00
   Flange gusset outside height                                      =      50.0 mm
   Space1, spacing between bolts on each side of flange              =     150.0 mm
   Space2, space between bolt rows on outside of flange              =     150.0 mm
   Flange gusset thick                                               =      12.0 mm
   NOut, number of outside rows of bolts                             =         1
   NRow, number rows of bolts                                        =         2
 
 DETERMINE BASE PLATE BENDING (BOLTS)
 
   eccentricty e = M/P                                               =    4323.4 mm
   Axial <= 0 so eccentricity is large.
   Set MaxBr equal to fp                                             =       7.0 MN/m2
   L2, Distance from center of web to center of bolts on side 2      =     203.5 mm
   L1, Distance from end of plate to center of bolts on side 2       =     557.0 mm
   J = fp*B*L1/2.0                                                   =    487.55 kN
   Bearing length, A = J - (J^2-4*(fp*B/6)*(P*L2+M))^0.5/(fp*B/3)    =     206.1 mm
   L3                                                                =     407.0 mm
   MinLd = MIN(0,P/2+M/L3)                                           =     -9.36 kN/mm
   MaxLd = MAX(0,P/2-M/L3)                                           =      8.52 kN/mm
   A < L1
   Tension per bolt, Ten=(fp*A*B/2-P)/Nrow/2                         =     50.44 kN
   a, distance from flange to edge of plate                          =     156.8 mm
   A >= a, therefore M=fp*(a^2/2-a^3/6/A)                            =      1.63 kN-m
   a2, distance from flange to nearest bolt + 0.025*d                =      81.8 mm
   perf, percentage of force to flange = (G/2)^3/ ((G/2)^3+(a2)^3)   =      0.19
   gwid, flange gusset width = (pltlen-d)/2                          =     146.5 mm
   Bolt head dia, HeadDia                                            =      39.6 mm
   xbar1 = distance from center of flange to farthest bolt           =       0.0 mm
   Percentage of force to flange, Perf=(G/2)^3/(xbar1^3 + (G/2)^3)   =      0.00 mm
   xbar=xbar1-headdia/2-(flgthk)/2                                   =      51.2 mm
   ybar=G/2-Headdia-(Flg gusset thick)/2                             =      24.2 mm
   M1=Perf*Ten*xbar/(MIN(HeadDia+2*xbar , B/2-(flg gusset thick)/2)) =    0.1260 kN-m
   wid = MIN(HeadDia+2*ybar , (pltlen-d)/2)                          =      88.0 mm
   M2=(1-Perf)*Ten*Ybar/Wid                                          =    0.2717 kN-m
   M3=MAX(M1,M2)                                                     =    0.2717 kN-m
   Required plate thickness=(6*M3/CF/Fy/MaxUc)^0.5                   =      14.3 mm
   Base plate bending on bolts = 6*M3/t^2                            =      4.11 kN-m
 
 DETERMINE BASE PLATE BENDING (BEARING)
 
   From mombase.out report:
 
   M                                                                 =      1.50 kN-m
   required thickness based on bearing, (6*M/CF/Fy/Maxuc)^0.5        =      12.4 mm
   maximum of both required thicknesses                              =      14.3 mm
 
 FLANGE GUSSET DESIGN
 
   For 1 bolt row, D1=Edge/2.0+(PltLen-d)/4.0                        =     110.8 mm
   D1<A so C=(1.0-D1/AA/2.0)*MaxBr*D1*B                              =    141.78 kN
   b=(pltlen-d)/2.0                                                  =     146.5 mm
   0<Gusset slope <1 so min gusset thickness=b/(Gusset Slope)/250*(Fy=       4.1 mm
   Selected gusset thickness, tg                                     =      12.0 mm
   h1 = (gusset slope)*b+(gusset height)                             =     196.5 mm
   Ang = ATAN(h1/b)                                                  =      0.93 mm
   Side gusset not used, so h2=h1-D1/2*TAN(Ang)                      =     122.2 mm
   ht=(h2^2+(b-d1/2)^2)^0.5                                          =     152.5 mm
   klr=0.75*ht/tg*3.464                                              =     33.01
   cc=(2*Pi^2*29000/Fy)^0.5                                          =    106.96
   klr < cc, therefore
   Allowable compression in gusset =
     Fyg*(1-(klr/cc)^2/2)/(5/3+3/8*klr/cc-(klr/cc)^3/8)              =       0.0 MN/m2
   Actual compression in gusset = C/tg/D1/sin(ang)^2                 =     165.9 MN/m2
   Allowable tension in gusset = 0.6*Fyg                             =     207.0 MN/m2
   TenAct=Ten*2*(1-Perf)                                             =     77.82 kN
   Actual tension in gusset = TenAct/tg/D1/SIN(Ang)^2                =      91.1 MN/m2
 
 WELDS TO FLANGE GUSSET
 
   Perf, percentage of force to flange = (G/2)^3/((G/2)^3+a^3)       =      0.19
   Actual shear in weld, flange gusset to base plate
     = 2*Ten/(PltLen-d) * (1-Perf)                                   =      0.28 kN/mm
   Calculations for flange gusset to flange weld
     F = Ten/h1 * (1-perf)                                           =      0.21 kN/mm
     D1<A so C=(1.0-D1/AA/2.0)*MaxBr*D1*B/2                          =     70.89 kN
     Actual shear in weld, flange gusset to flange
     = MAX(F,C/(2*h1))                                               =      0.21 kN/mm
 
 FLANGE WELD TO BASE PLATE
   Fo, space from flange to first outside row                        =      71.0 mm
   Beff, effective width = (FlgWid-G)/2+Fo                           =      96.0 mm
   Compression in bolts, so F2=Ten*2                                 =    100.88 kN
   Flange gusset used, so F=F2/2
   Splice type not FA, so F=F/2
   Splice type FI, so F=F+F2/4
   Actual shear in weld, =F/beff                                     =      0.53 kN/mm
 
 WEB WELD TO BASE PLATE
   With DM 194=3 or 4, Actual shear in weld = V/Webdep/2             =      0.04 kN/mm
 
 WEB WELD TO BASE PLATE AT BOLTS
   F1 = V/Webdep/2                                                   =      0.04 kN/mm
   fw = G/2 - WebThk/2                                               =      47.5 mm
   fo = space from outside of flange to first bolt                   =      71.0 mm
   F2 = Ten/2/(fo+fw)                                                =      0.04 kN/mm
    Actual shear in weld = SQRT(F1^2+F2^2)                           =      0.22 kN/mm
