*===============================================================================
*C463-002            Partition Detail Input                 18/DEC/2025  2:50pm
*===============================================================================
 
*( 1)JOBID:
    'C463-002'
 
*( 2)PROGRAM OPTIONS:
*  Build  L_Expand_EW  R_Expand_EW  --Rafter_Type-
*  Type   Use  Offset  Use  Offset  -Left-- -Right-
   'FF'   'Y ' 390.00  'Y ' 390.00   '-'     '-'
 
*( 3)SURFACE SHAPE:
* No.    X_Coord   Y_Coord   Offset
    4        0.0    9100.0   230.00
          6400.0    9740.0   200.00
         12800.0    9100.0   200.00
         12800.0       0.0   230.00
 
*( 4)PARTITION WALL LOCATION:
*                         -----------Start------------  ------------End-------------
*Sets_Of     Orient Wall                    Adj Tie_in                   Adj Tie_in  --Location--
*Walls  Id   (L/T)  Dir.   Offset   Extend Wall Option   Offset   Extend Wall Option No.   Offset
   0
 
*( 5)COLUMN INFO. FOR INTERSECTION OF TWO CONTINUOUS PARTITIONS:
*      First_Partn     Second_Partn
*          Col  Col        Col  Col
* No.  Id  Type Opt    Id  Type Opt
   0
 
*( 6)BAY SPACING:
* Wall  ----Offset---    No.   ---Bay_Set---
*  Id    Left  Right    Sets     Width  Quan
    1  230.00 230.00      2     7685.0    1
                                5115.0    1
    2  390.00 390.00      4     8535.0    1
                                8210.0    1
                                6715.0    1
                                7040.0    1
    3  230.00 230.00      2     5115.0    1
                                7685.0    1
    4  390.00 390.00      4     7040.0    1
                                6715.0    1
                                8210.0    1
                                8535.0    1
    5  390.00 390.00      4     8535.0    1
                                8210.0    1
                                6715.0    1
                                7040.0    1
 
*( 7)PARTITION WALL BAY SPACING:
*Partn   No.   ---Bay_Set---
*  Id   Sets     Width  Quan
 
*( 8)WALL COLUMNS:
*Wall
* Id   No.  Id    Part       Rot  Opt
   1    3    1   '--------'  'N'  '-'
             2   'W30a158'   'N'  '-'
             3   '--------'  'N'  '-'
   2    0
   3    3    1   '--------'  'N'  '-'
             2   'W30a158'   'N'  '-'
             3   '--------'  'N'  '-'
   4    0
 
*( 9)PARTITION COLUMNS:
*Partn                                               Frame  ConnBase ConnCap  Weld
* Id   No.  Id    Part       Rot   Opt    Elev      Height  Id  Opt  Id  Opt   Id
 
*(10)PARTITION RAFTERS:
*Partn                                             Weld
* Id   No.  Id   Offset    Part       Rot  Option   Id
 
*(11)BUILDING WALL OPENINGS:
*Wall       Bay                                 Sill    Base  Header     Sill
* Id   No.  Id    Width  Height  Offset Type  Height    Elev  Part       Part
   1    1    1   6000.0  7000.0   843.0   1      0.0    0.00 'ISMC200'  'ISMC200'
   2    1    3   4000.0  4000.0  1358.0   1      0.0    0.00 '200C20'   '200C20'
   3    1    2   4000.0  4000.0  1843.0   1      0.0    0.00 '200C20'   '200C20'
   4    0
 
*(12)PARTITION WALL OPENINGS:
*Partn      Bay                                 Sill    Base  Header     Sill
* Id   No.  Id    Width  Height  Offset Type  Height    Elev  Part       Part
 
*(13)BUILDING PARTIAL WALLS:
*Wall Sets_Of   Base       Top         --Bay_Id--
* Id   Bays     Part       Part        Start  End   Height
   1     1     '--------' '--------'     1     2    3000.0
   2     1     '--------' '--------'     1     4    3000.0
   3     1     '--------' '--------'     1     2    3000.0
   4     1     '--------' '--------'     1     4    3000.0
 
*(14)PARTITION PARTIAL WALLS:
*Wall Sets_Of   Base       Top         --Bay_Id--
* Id   Bays     Part       Part        Start  End   Height
 
*(15)PURLIN TYPE:
*   Surf
*    Id    Type   Offset  Project   Part
      2    'ZB'     0.00     0.00  '200Z25'
      3    'ZB'     0.00     0.00  '200Z25'
 
*(16)PURLIN LOCATION:
*Surf    Peak
* Id    Space  No.  Locate
   2    300.0    4    1335     2934     4533     6132
   3    300.0    4     300     1899     3498     5097
 
*(17)BUILDING GIRT LAYOUT:
*Wall   Girt
* Id    Type        Offset  Project
   1    'ZB'          0.00   230.00
   2    'ZB'          0.00   230.00
   3    'ZB'          0.00   230.00
   4    'ZB'          0.00   230.00
 
*(18)BUILDING WALL GIRTS:
*Wall  No.  Bay
* Id   Bay  Id  Part        No.  Location
   1    2    1 '200ZN18'     5   3080.0   4280.0   5780.0   7280.0   8280.0
             2 '200ZN18'     5   3080.0   4280.0   5780.0   7280.0   8280.0
   2    4    1 '200Z25'      5   3080.0   4280.0   5780.0   7280.0   8280.0
             2 '200Z18'      5   3080.0   4280.0   5780.0   7280.0   8280.0
             3 '200Z18'      6   3080.0   4280.0   5280.0   5780.0   7280.0
                                 8280.0
             4 '200Z18'      5   3080.0   4280.0   5780.0   7280.0   8280.0
   3    2    1 '200ZN18'     5   3080.0   4280.0   5780.0   7280.0   8280.0
             2 '200ZN18'     6   3080.0   4280.0   5250.0   5780.0   7280.0
                                 8280.0
   4    4    1 '200Z18'      5   3080.0   4280.0   5780.0   7280.0   8280.0
             2 '200Z25'      5   3080.0   4280.0   5780.0   7280.0   8280.0
             3 '200Z20'      5   3080.0   4280.0   5780.0   7280.0   8280.0
             4 '200Z25'      5   3080.0   4280.0   5780.0   7280.0   8280.0
 
*(19)BUILDING SPECIAL GIRT:
* Wall Sets_Of  --Bay_Id--   Girt  Girt   Girt   Girt
*  Id   Girts   Start  End  Height Type  Rotate  Size
    1     0
    2     0
    3     0
    4     0
 
*(20)PARTITION GIRT LAYOUT:
*Partn  Girt  Top
* Id    Type  Type  Offset  Project
 
*(21)PARTITION WALL GIRTS:
*Partn No.  Bay
* Id   Bay  Id  Part        No.  Location
 
*(22)PARTITION SPECIAL GIRT:
*Partn Sets_Of  --Bay_Id--   Girt  Girt   Girt   Girt
*  Id   Girts   Start  End  Height Type  Rotate  Size
 
*(23)EAVE STRUTS, GUTTER:
*Wall                   Gutter
* Id   Type   Part      Type
   2   'ZB'  '200Z25'   'Y'
   4   'ZB'  '200Z25'   'Y'
 
*(24)ADDITIONAL COLUMNS:
*    Wall Column                                                -Connect-
*No.  Id   Id   Type  Part      Rot  Opt      Elev     Height   Base  Cap
  0
 
*(25)CONNECTIONS:
*                    -----Plate_Size----  -------------------Bolts-------------------  Bolt  Weld
*No.  Id  Type  Opt  Width Length  Thick  Type      Dia Row1 Row2 Space1 Space2  Gage   Ref   Id
   0
 
*(26)WELDS:
*    Table      ---OS_Flange---  ---IS_Flange---  ------Web------
*No.  Id   Opt   Size Type Note   Size Type Note   Size Type Note
   0
 
*(27)RIGID FRAME LOCATIONS:
*                              Line
*   No.     Id    Type    Quan  Id
     5       1    'RF-'    1     1
             2    'RF-'    1     2
             3    'RF-'    1     3
             4    'RF-'    1     4
             5    'RF-'    1     5
 
*(28)INTERIOR COLUMNS:
* Frame                                                 Max    Flange
*  Id     Type    Rot      No.  Location   Part        Depth    Width
    1     'S'     'N'       0
    2     '-'     'N'       0
    3     '-'     'N'       0
    4     '-'     'N'       0
    5     'S'     'N'       0
 
*(29)BLOCK/BRIDGING EAVE STRUT HOLES:
*     Bay           Hole   Slot
*No.   Id   Offset   Dia  Length
  0
 
*(30)COLUMN FLANGE BRACES:
*Wall  Column
* Id   No. Id   No.    Loc  Side  Type  Offset  Opt  Ref
 

================================================================================
 C463-002            Weld Lengths                           18/DEC/2025  2:50pm
================================================================================


        Piece    Size    Web-Flange    ------Hand_Weld(mm)-----
  Qty   Mark     (mm)    Fillet(mm)     Fillet   Groove    Butt
  ---   -----   -----    ----------    -------  -------  ------
 
