================================================================================
 C463-002            PLATE SUMMARY REPORT                   18/DEC/2025  2:51pm
================================================================================

 ----------
 BAR STOCK:
 ----------
                                          Surface
   Width  Thickness    Length    Weight      Area
    (mm)     (mm)        (mm)      (kg)     (cm2)
   -----  ---------  --------   -------  --------
    60.0     6.00      1600.0       4.5      2112   
    60.0     8.00      4320.0      16.6      5875   
    60.0    10.00      2880.0      13.8      4032   
    70.0     6.00     12000.0      40.3     18240   
   100.0    10.00       400.0       3.1       880   
   120.0     6.00      6400.0      36.2     16128   
   120.0     8.00      2400.0      18.1      6144   
   125.0     5.00    120646.4     601.4    313681   
   125.0     6.00     24878.1     149.3     65181   
   140.0     6.00     12400.0      82.6     36208   
   150.0     5.00     22114.0     132.4     68553   
   150.0     6.00     85164.8     613.2    265714   
   150.0     8.00    121005.6    1155.7    382378   
   150.0    10.00      4502.0      53.6     14406   
   200.0     8.00     29466.0     370.4    122579   
   200.0    10.00       832.1      13.1      3495   
   200.0    16.00     24372.7     621.1    105290   
   225.0     8.00     15120.0     217.7     70459   
   250.0    10.00     54040.0    1061.0    281008   
   250.0    16.00      5656.0     181.0     30090   
   250.0    20.00      1414.0      56.6      7636   
   300.0     8.00      1500.0      28.3      9240   
   300.0    10.00     66000.0    1556.1    409200   
                                -------  --------
                      Total =    7025.9   2238528 

 ----------------
 WEB PLATE STOCK:
 ----------------
                                   Surface
   Thickness    Area     Weight       Area
      (mm)     (cm2)       (kg)      (cm2)
   ---------  ------     ------   --------
      4.00    355486     1117.1     710971   
      5.00    647009     2541.5    1294019   
                         ------   --------
      Total =            3658.6    2004990 

 -----------------
 MISC PLATE STOCK:
 -----------------
                                              Surface
   Width   Thickness    Length   Weight          Area
    (mm)      (mm)        (mm)     (kg)         (cm2)
   -----   ---------  --------   ------     ---------
     346      4.00       856.0      9.4          5917                 
      75      5.00      7125.0     21.3         10687                 
     120      5.00      7052.7     32.5         16927                 
     151      5.00      2255.0     13.4          6801                 
     200      5.00      2006.4     15.8          8026                 
     230      5.00      1150.0     10.6          5290                 
     350      5.00      7560.0    105.8         52920                 
     536      5.00      3780.0     81.1         40558                 
     536      5.00      3780.0     81.1         40558                 
     144      5.00     12069.3     68.5         34868                 
     197     12.00       735.0     13.9          2896                 
     196     12.00       730.0     13.7          2862                 
     197     12.00       735.0     13.9          2896                 
     196     12.00       730.0     13.7          2862                 
                                 ------     ---------
        Total =                   494.8        234066 

 ----------------------
 INDIVIDUAL WEB PLATES:
 ----------------------
                                   -----Width-----
             Thickness    Length     Wide   Narrow
   Quantity     (mm)        (mm)     (mm)     (mm)
   --------  ---------   -------   ------   ------
       4        4.00     1484.50   345.60   198.13   
       2        4.00     1874.50   384.60   198.13   
      10        4.00     6213.70   400.50   299.46   
       1        4.00     6619.00   350.00   350.00   
       1        4.00     8114.00   350.00   350.00   
       2        4.00     8960.20   300.00   300.00   
 
       2        5.00     6705.00   500.00   500.00   
       2        5.00     6805.00   500.00   500.00   
       2        5.00     8200.00   500.00   500.00   
       2        5.00     8300.00   500.00   500.00   
       2        5.00     8512.48   400.00   400.00   
       8        5.00     8517.48   400.00   400.00   

 -------
 PLATES:
 -------
                                   Surface
   Thick       Area     Weight        Area
    (mm)      (cm2)       (kg)       (cm2)
  ------    -------    -------   ---------
    4.00     358444     1126.5      716888
    5.00     946443     3705.4     1892886
    6.00     201791      926.1      403583
    8.00     298337     1806.8      596675
   10.00     356511     2700.6      713021
   12.00       5757       55.3       11515
   16.00      67690      802.0      135380
   20.00       3818       56.6        7636
                       -------   --------
                       11179.2     4477584

 -------------------
 HOT ROLLED MEMBERS:
 -------------------
                                    Total             Surface
                        Length     Length   Weight       Area
 Part       Quantity      (mm)       (mm)     (kg)      (cm2)
 ---------- --------  --------   --------   ------   --------
 ISMC200        1       5980.0     5980.0    133.4      43845    
 ISMC200        2       7180.0    14360.0    320.2     105287    
 T125x32        2       7842.5    15685.0    188.2      78425    
 T92x36         2       6347.5    12695.0    122.8      46464    
                                            ------   --------
                     Total =                 764.6     274021

 --------------------
 COLD FORMED MEMBERS:
 --------------------
              Flange            Total    Total     Surface   Blank
       Depth   Width  Thick    Length   Weight        Area   Width
 Type   (mm)    (mm)             (mm)     (kg)       (cm2)    (mm)
 ----  -----  ------  -----  --------  -------    --------  ------
   C  200.00   60.00  2.00    24680.0    133.8      170292  345.00    
   Z  200.00   60.00  1.50   179354.6    728.2     1237545  345.00    
   Z  200.00   60.00  1.80   485604.0   2364.9     3350663  345.00    
   Z  200.00   60.00  2.00    47329.9    256.5      326576  345.00    
   Z  200.00   60.00  2.50   132289.7    895.6      912798  345.00    
   Z  250.00   80.00  1.50    14230.0     75.4      128070  450.00    
   Z  250.00   80.00  1.80    31529.9    200.2      283068  448.89    
                                       -------    --------
                 Cold Formed Total =    4654.6     6409011

 -------
 PANELS:
 -------
                                            Total     Total     Surface
                                  Width    Length    Weight        Area
  Part       Type  Thick  Color    (mm)      (mm)      (kg)       (cm2)
  --------   ----- -----  -----  ------  --------   -------    --------
  45250 .5   4525  0.50    A2    1000.0  524162.8    2510.7     5241628  
  45250 .5   4525  0.50    A3    1000.0  443849.2    2126.0     4438492  
                                                    -------    --------
                   Panel Total =                     4636.8     9680120

 -----
 TRIM:
 -----

                            Total    Total      Surface
                 Width     Length   Weight         Area
   Thick  Color   (mm)       (mm)     (kg)        (cm2)
   -----  -----  -----    -------   ------      -------
   0.40    --   501.65   179200.0    281.3      1795656    
   0.40    --   531.81      600.0      1.0         6385    
   0.40    --   601.66    67200.0    126.6       808212    
   0.40    --  1368.42    22400.0     96.0       612866    
   0.40    --  6381.75      100.0      2.0        12764    
   0.40    A3   301.63    33600.0     31.7       202244    
   0.40    A3  2279.65    35700.1    255.0      1627876    
   0.40    HA   301.63   145600.0    137.3       876392    
   0.40    HA   317.50    84000.0     83.7       534348    
   0.40    HA   400.05    56000.0     70.3       448804    
   0.50    HA   215.00       50.0      0.0          213    
   2.00    HA   152.40       50.0      0.1          153    
   2.00    HA   600.08     6000.0     56.5        71981    
                                    ------      -------
                Trim Total =        1141.5      6997894

 ------
 ANGLE:
 ------
                            Total    Total      Surface
                           Length   Weight         Area
  Part         Thick         (mm)     (kg)        (cm2)
  --------     -----      -------   ------      -------
  L100X8       8.00        7256.0     88.5        28170   
  L40X40X4     4.00       40804.3     98.8        62873   
  L75X100      2.00       45000.0    141.3       179953   
  L75X6        6.00       19351.3    132.6        56244   
  SROD12      12.00      175517.3    189.6        40215   
  SROD12      12.00      169063.8     82.4        17478   
                                    ------      -------
                Angle Total =        733.1       384932

 --------
 BRACING:
 --------
                            Total    Total      Surface
                 Dia       Length   Weight         Area
  Part          (mm)         (mm)     (kg)        (cm2)
  --------     -----      -------   ------      -------
  ROD20        20.00     216920.0    534.9       136295   
                                    ------      -------
                Bracing Total =      534.9       136295

 -----
 BOLTS:
 -----
            Bolt       Dia   Length             Total
  Part      Type      (mm)     (mm)     Quan   Weight
  --------  -----    -----   ------   ------   ------
  AB20      A36      20.00   624.99        8     13.5   
  AB24      A36      24.00   730.00       80    245.6   
  H12X50    Gr8.8    12.00    50.01      435     21.3   
  H16X70    Gr8.8    16.00    70.00       25      3.6   
  H20X90    Gr8.8    20.00    89.99      302     90.5   
  M12X50    Gr8.8    12.00    50.01      840     44.2   
  M16X70    Gr8.8    16.00    70.00        4      0.2   

 ------
 SCREWS:
 ------
                   Length             Total
  Part      Color    (mm)     Quan   Weight
  --------  -----  ------   ------   ------
  12x20SDS    --    20.00      300      2.0                   No. 10-12X20 SDS
  12x20SDS    A2    20.00     1200      8.2                   No. 10-12X20 SDS
  12x20SDS    A3    20.00     1400      9.5                   No. 10-12X20 SDS
  12x20SDS    HA    20.00     1100      7.5                   No. 10-12X20 SDS
  14x20SDS    A2    20.00     2700     18.4                   No. 12-14x20 SDS
  14x55SDS    A3    55.00     1700     11.6                   No. 12-14x55 SDS
  Rivet       --    11.00      200      1.4                   Pop Rivet
  Rivet       A3    11.00      400      2.7                   Pop Rivet
  Rivet       HA    11.00      100      0.7                   Pop Rivet

 ------
 WELDS:
 ------

                         Web-Flange   -------Hand_Weld--------
                  Size      Fillet     Fillet   Groove    Butt
  Member Type     (mm)        (mm)       (mm)     (mm)    (mm)
  ------------   -----   ----------   -------  -------  ------
  Welded Plate    0.00           0       3464        0       0
                  3.00           0       2507        0       0
                  4.00      493716     220600     1600       0
                  5.00           0       2800        0       0
                  6.00           0      14110      250     250
                  8.00           0       7200        0       0
                 10.00           0       1200        0       0
