*===============================================================================
*C463-002            Rigid Frame Design Input               17/DEC/2025  4:15pm
*===============================================================================
 
*( 1)JOBID:
    'C463-002'
 
*( 2)FRAME DESIGN OPTIONS:
*--Frame-    -------Frame_Space-------  Section  Web_Stiffener     P
*Id  Type      L_Col    R_Col   Rafter    Space  Use Ratio Side  Delta
  4 'RF '     6683.0   6683.0   6683.0    500.0  'N'  0.00 'Y '  'EL'
 
*( 3)FRAME LINES:
*No.    Line_Id
   1    4
 
*( 4)OPTIMIZATION OPTIONS:
*Plate  Depth  Frame  -L_Col_Depth_Opt-  -R_Col_Depth_Opt-    Rafter_Depth_Opt
* Opt    Opt    Sym   Typ    Min    Max  Typ    Min    Max   Typ    Min    Max
  'N'    'N'    'S'  'T '  250.0 1400.0 'T '  250.0 1400.0  'T '  300.0 1400.0
 
*( 5)DESIGN CODE:
*Design  ---Steel_Code---             ---Build---   Code      Seismic
* Code   Cold       Hot      Country  Code   Year   Label      Zone
  'WS ' 'NAUS07  ' 'AISC05'  '    '  'MBMA'  '10'  'MBMA 10 '  'C  '
 
*( 6)DESIGN CONSTANTS:
*                        ---Strength_Factor---
* ----Stress_Ratio----           ---Seismic---
* Frame  Col   EP   BP     Wind   Frame  SpcEP
   1.00 1.00 1.00 1.00   1.0000  1.0000 1.0000
 
*( 7)STEEL YIELDS:
* Web   Flg  C_Sec  W_Sec  R_Sec  P_Sec  T_Sec  U_Sec    EP     BP
  345   345    345    345    235    345    317    235   345    345
 
*( 8)DEFLECTION LIMITS:
* ------Vertical-----  -------Horizontal-------  -Weak_Axis-
*  Live   Wind  Total  Total  Seis  Crane Floor   Wind  Seis
  150.0    0.0  150.0  100.0  50.0  100.0   0.0   60.0  50.0
 
*( 9)REPORTS:
* Input Design   End  Base  Revise Action Sec  Flange Segment Unbrc Floor  Diag
* Echo  Summary Plate Plate Input  Stress Prop Brace  Displ.   Len  React Brace
  'Y'    'Y'     'Y'   'Y'   'Y'    'N'   'N'   'Y'     'N'    'N'   'N'   'N'
 
*(10)BUILDING LAYOUT:
*                             -----------Wall-----------
* Type      Width     Length  Type Opt   Offset   Length
  'FF'    12800.0    30500.0   '-' '-'     0.00  12800.0
 
*(11)SURFACE SHAPE:
* No.    X_Coord   Y_Coord  Offset
   4         0.0    9100.0  230.00
          6400.0    9740.0  200.00
         12800.0    9100.0  200.00
         12800.0       0.0  230.00
 
 
*(12)MEMBER DEPTHS:
*Surf   ----Depth----  No.   --Interior_Depth-
* Id    Start     End  Dep    Locate     Depth
   1   400.00  400.00   0
   2   400.00  300.00   0
   3   300.00  400.00   0
   4   400.00  400.00   0
 
*(13)MEMBER SPLICES:
*Surf
* Id   No.    Locate   Type
   1    0
   2    1        0.0  'HSS '
   3    1        0.0  '-SS '
   4    1        0.0  'HSS '
 
*(14)SEGMENT PLATES:
*    Surf Mem ---Segment--    Member      Flange  ----Plate_Thickness---
*No.  Id   Id  Id   Length    Part         Width     Web  OS_Flg  IS_Flg
   4   1    1   1      0.0   '--------'   150.00    5.00    6.00    8.00
       2    2   2      0.0   '--------'   125.00    4.00    5.00    5.00
       3    3   3      0.0   '--------'   125.00    4.00    5.00    5.00
       4    4   4      0.0   '--------'   150.00    5.00    6.00    8.00
 
*(15)INTERIOR COLUMNS:
*      --------Column-------  Cap   Rafter   Unbrace_Length  ----Column---
* No.  Id  Typ  Rot   Locate  Conn   Opt     Major    Minor  Set  Part
   0
 
*(16)INTERIOR COLUMN PLATES:
* -Column- -----Depth----  No.    Start  ---Web_Depth--     Web    Flg  --Thickness--
* Id Shape    Min     Max  Mem   Locate   Start     End   Thick  Width  OS_Flg IS_Flg
 
*(17)INTERIOR COLUMN SPLICES:
*         Col
* No. Id   Id    Locate  Type
   0
 
*(18)BASE & WALL OPTIONS:
*----------Base----------      Open  Brace
* Id   Conn   Opt    Elev    Height   Opt
   1   'FI'   '-'    0.00       0.0   '-'   Left  Column
   2   'FI'   '-'    0.00       0.0   '-'   Right Column
 
*(19)BASE DISPLACEMENT:
*Base
* Id   Opt  Dir  Displace
   0   '-'  '-'     0.00
 
*(20)BASE SPRINGS:
*      Base         --Spring_Constants--
* No.   Id    Elev    Horz   Vert Rotate
   0
 
*(21)WALL GIRT:
*Surf                                       Bay
* Id  Type  Part       Depth   Proj     Lap  Id  No.  Locate Type
   1  'ZB' '200Z15  ' 200.00 230.00   660.0   2   5   3080.0 'ZB'
                                                      4580.0 'ZB'
                                                      6080.0 'ZB'
                                                      7280.0 'ZB'
                                                      8280.0 'ZB'
   4  'ZB' '200Z15  ' 200.00 230.00   660.0   3   6   3080.0 'ZB'
                                                      4580.0 'ZB'
                                                      5150.0 'ZB'
                                                      6080.0 'ZB'
                                                      7280.0 'ZB'
                                                      8280.0 'ZB'
 
*(22)ROOF PURLIN:
*Surf
* Id  Type  Part       Depth   Proj     Lap
   2  'ZB' '200Z18  ' 200.00   0.00   960.0
   3  'ZB' '200Z18  ' 200.00   0.00   960.0
 
*(23)ROOF PURLIN LOCATION:
*Surf    Peak
* Id    Space  No.  Locate
   2    300.0   4   1334.9   2933.9   4532.9   6131.9
   3    300.0   4    300.0   1899.0   3498.0   5097.0
 
*(24)FLANGE BRACE:
*Surf       Locate  Side
* Id  No.     Id     Opt
   1   5       1     '-'
               2     '-'
               3     '-'
               4     '-'
               5     '-'
   2   4       1     '-'
               2     '-'
               3     '-'
               4     'N'
   3   4       1     'N'
               2     '-'
               3     '-'
               4     '-'
   4   6       1     '-'
               2     '-'
               3     '-'
               4     '-'
               5     '-'
               6     '-'
 
*(25)COLUMN ADDITIONAL BRACE LOCATIONS:
*     Col                  -Minor-
*No.   Id   Height  Major  Out  In
  2     0   6850.0   'N'   'N'  'Y'
        1   6850.0   'N'   'N'  'Y'
 
 
*(26)EXTENSIONS:
*Surf                   ----Horizontal_Size----   -----Vertical_Size-----     Load
* Id  No.  Id  Type Opt     Elev    Width  Slope     Elev   Height  Slope    Width
   1   0
   4   1    2  'EC' '-'   5100.0   1500.0   10.0      0.0      0.0    0.0   3357.5
 
*(27)LOAD GROUPS:
*    Group
*No.   Id   Description
   1  '-'  'Standard       '
 
*(28)BASIC LOADS:
*                                             ---Deflection---
*Group Dead  Coll   Live   Snow  Rain  Basic     Load_Ratio       Temp
*  Id  Load  Load   Load   Load  Load   Wind  Snow  Wind  Seis   Change
  '-' 0.100 0.050  0.570  0.000  0.00  0.986  1.00  1.00  1.00     20.0
 
*(29)BASIC LOADS AT EAVE:
*Group Seis   --Torsion--   --EW_Brace-   --Extension--  -Additional-
*  Id  Load   Wind   Seis   Wind   Seis    Wind   Seis    Wind   Seis
  '-'  1.02   0.00   0.00   0.00   0.00    0.00   0.00    0.00   0.00
 
*(30)WIND COEFFICIENT:
*Group Surf  ---Wind_1--   ---Wind_2--   ---Wind_3--   ---Wind_4--     Long_Wind  Surface
*  Id   Id   Left  Right   Left  Right   Left  Right   Left  Right      1      2  Friction
  '-'    1   0.23  -0.48   0.59  -0.12   0.00   0.00   0.00   0.00  -0.63  -0.27    0.00
  '-'    2  -0.87  -0.56  -0.51  -0.20   0.00   0.00   0.00   0.00  -0.87  -0.51    0.00
  '-'    3  -0.56  -0.87  -0.20  -0.51   0.00   0.00   0.00   0.00  -0.87  -0.51    0.00
  '-'    4  -0.48   0.23  -0.12   0.59   0.00   0.00   0.00   0.00  -0.63  -0.27    0.00
 
*(31)LONGITUDINAL & WEAK AXIS BRACING LOADS:
*Group  ----Wind----    ---Seismic--   -Weak_Axis-
*  Id   Horz    Vert    Horz    Vert   Wind   Seis
  '-'  12.56   15.97    0.74    0.94   0.00   0.00  Left  Column
  '-'  12.53   15.92    0.74    0.94   0.00   0.00  Right Column
 
*(32)DESIGN LOADS:Strength
*                -----------------------------------------------------Load_Coefficients-----------------------------------------------------
*         Group             ---Live---       --Add_Snow-        --Wind_1--  --Wind_2--  --Wind_3--  --Wind_4--   Long_Wind  --Seismic-         Aux_Load
*No.   Id   Id  Dead  Coll  Roof Floor  Snow Drift Slide  Rain    Lt    Rt    Lt    Rt    Lt    Rt    Lt    Rt     1     2  Long  Tran  Temp  Id  Coeff
 126    1  '-'  1.00  1.00  1.00  0.00  0.00  0.00  0.00  0.00  0.00  0.00  0.00  0.00  0.00  0.00  0.00  0.00  0.00  0.00  0.00  0.00  0.00   0   0.00
        2  '-'  1.00  1.00  1.00  0.00  0.00  0.00  0.00  0.00  0.00  0.00  0.00  0.00  0.00  0.00  0.00  0.00  0.00  0.00  0.00  0.00  0.00   0   0.00
        3  '-'  1.00  1.00  0.00  1.00  0.00  0.00  0.00  0.00  0.00  0.00  0.00  0.00  0.00  0.00  0.00  0.00  0.00  0.00  0.00  0.00  0.00   0   0.00
        4  '-'  1.00  1.00  0.00  1.00  0.00  0.00  0.00  0.00  0.00  0.00  0.00  0.00  0.00  0.00  0.00  0.00  0.00  0.00  0.00  0.00  0.00   0   0.00
        5  '-'  1.00  1.00  0.00  0.00  1.00  0.00  0.00  0.00  0.00  0.00  0.00  0.00  0.00  0.00  0.00  0.00  0.00  0.00  0.00  0.00  0.00   0   0.00
        6  '-'  1.00  1.00  0.00  0.00  1.00  0.00  0.00  0.00  0.00  0.00  0.00  0.00  0.00  0.00  0.00  0.00  0.00  0.00  0.00  0.00  0.00   0   0.00
        7  '-'  1.00  1.00  0.00  0.00  1.00  1.00  0.00  0.00  0.00  0.00  0.00  0.00  0.00  0.00  0.00  0.00  0.00  0.00  0.00  0.00  0.00   0   0.00
        8  '-'  1.00  1.00  0.00  0.00  1.00  1.00  0.00  0.00  0.00  0.00  0.00  0.00  0.00  0.00  0.00  0.00  0.00  0.00  0.00  0.00  0.00   0   0.00
        9  '-'  1.00  1.00  0.00  0.00  1.00  0.00  1.00  0.00  0.00  0.00  0.00  0.00  0.00  0.00  0.00  0.00  0.00  0.00  0.00  0.00  0.00   0   0.00
       10  '-'  1.00  1.00  0.00  0.00  1.00  0.00  1.00  0.00  0.00  0.00  0.00  0.00  0.00  0.00  0.00  0.00  0.00  0.00  0.00  0.00  0.00   0   0.00
       11  '-'  1.00  0.00  0.00  0.00  0.00  0.00  0.00  0.00  0.00  0.00  0.00  0.00  0.00  0.00  0.00  0.00  0.00  0.00  0.00  0.00  0.00   0   0.00
       12  '-'  1.00  0.00  0.00  0.00  0.00  0.00  0.00  0.00  0.00  0.00  0.00  0.00  0.00  0.00  0.00  0.00  0.00  0.00  0.00  0.00  0.00   0   0.00
       13  '-'  1.00  1.00  0.00  0.75  0.75  0.00  0.00  0.00  0.00  0.00  0.00  0.00  0.00  0.00  0.00  0.00  0.00  0.00  0.00  0.00  0.00   0   0.00
       14  '-'  1.00  1.00  0.00  0.75  0.75  0.00  0.00  0.00  0.00  0.00  0.00  0.00  0.00  0.00  0.00  0.00  0.00  0.00  0.00  0.00  0.00   0   0.00
       15  '-'  1.00  1.00  0.00  0.75  0.75  0.75  0.00  0.00  0.00  0.00  0.00  0.00  0.00  0.00  0.00  0.00  0.00  0.00  0.00  0.00  0.00   0   0.00
       16  '-'  1.00  1.00  0.00  0.75  0.75  0.75  0.00  0.00  0.00  0.00  0.00  0.00  0.00  0.00  0.00  0.00  0.00  0.00  0.00  0.00  0.00   0   0.00
       17  '-'  1.00  1.00  0.00  0.75  0.75  0.00  0.75  0.00  0.00  0.00  0.00  0.00  0.00  0.00  0.00  0.00  0.00  0.00  0.00  0.00  0.00   0   0.00
       18  '-'  1.00  1.00  0.00  0.75  0.75  0.00  0.75  0.00  0.00  0.00  0.00  0.00  0.00  0.00  0.00  0.00  0.00  0.00  0.00  0.00  0.00   0   0.00
       19  '-'  1.00  1.00  0.75  0.75  0.00  0.00  0.00  0.00  0.75  0.00  0.00  0.00  0.00  0.00  0.00  0.00  0.00  0.00  0.00  0.00  0.00   0   0.00
       20  '-'  1.00  1.00  0.75  0.75  0.00  0.00  0.00  0.00  0.00  0.75  0.00  0.00  0.00  0.00  0.00  0.00  0.00  0.00  0.00  0.00  0.00   0   0.00
       21  '-'  1.00  1.00  0.75  0.75  0.00  0.00  0.00  0.00  0.00  0.00  0.75  0.00  0.00  0.00  0.00  0.00  0.00  0.00  0.00  0.00  0.00   0   0.00
       22  '-'  1.00  1.00  0.75  0.75  0.00  0.00  0.00  0.00  0.00  0.00  0.00  0.75  0.00  0.00  0.00  0.00  0.00  0.00  0.00  0.00  0.00   0   0.00
       23  '-'  1.00  1.00  0.75  0.75  0.00  0.00  0.00  0.00  0.00  0.00  0.00  0.00  0.00  0.00  0.00  0.00  0.75  0.00  0.00  0.00  0.00   5   0.75
       24  '-'  1.00  1.00  0.75  0.75  0.00  0.00  0.00  0.00  0.00  0.00  0.00  0.00  0.00  0.00  0.00  0.00  0.75  0.00  0.00  0.00  0.00   6   0.75
       25  '-'  1.00  1.00  0.75  0.75  0.00  0.00  0.00  0.00  0.00  0.00  0.00  0.00  0.00  0.00  0.00  0.00 -0.75  0.00  0.00  0.00  0.00   5   0.75
       26  '-'  1.00  1.00  0.75  0.75  0.00  0.00  0.00  0.00  0.00  0.00  0.00  0.00  0.00  0.00  0.00  0.00 -0.75  0.00  0.00  0.00  0.00   6   0.75
       27  '-'  1.00  1.00  0.75  0.75  0.00  0.00  0.00  0.00  0.00  0.00  0.00  0.00  0.00  0.00  0.00  0.00  0.00  0.75  0.00  0.00  0.00   7   0.75
       28  '-'  1.00  1.00  0.75  0.75  0.00  0.00  0.00  0.00  0.00  0.00  0.00  0.00  0.00  0.00  0.00  0.00  0.00  0.75  0.00  0.00  0.00   8   0.75
       29  '-'  1.00  1.00  0.75  0.75  0.00  0.00  0.00  0.00  0.00  0.00  0.00  0.00  0.00  0.00  0.00  0.00  0.00 -0.75  0.00  0.00  0.00   7   0.75
       30  '-'  1.00  1.00  0.75  0.75  0.00  0.00  0.00  0.00  0.00  0.00  0.00  0.00  0.00  0.00  0.00  0.00  0.00 -0.75  0.00  0.00  0.00   8   0.75
       31  '-'  1.00  1.00  0.00  0.75  0.75  0.00  0.00  0.00  0.75  0.00  0.00  0.00  0.00  0.00  0.00  0.00  0.00  0.00  0.00  0.00  0.00   0   0.00
       32  '-'  1.00  1.00  0.00  0.75  0.75  0.75  0.00  0.00  0.75  0.00  0.00  0.00  0.00  0.00  0.00  0.00  0.00  0.00  0.00  0.00  0.00   0   0.00
       33  '-'  1.00  1.00  0.00  0.75  0.75  0.00  0.75  0.00  0.75  0.00  0.00  0.00  0.00  0.00  0.00  0.00  0.00  0.00  0.00  0.00  0.00   0   0.00
       34  '-'  1.00  1.00  0.00  0.75  0.75  0.00  0.00  0.00  0.00  0.75  0.00  0.00  0.00  0.00  0.00  0.00  0.00  0.00  0.00  0.00  0.00   0   0.00
       35  '-'  1.00  1.00  0.00  0.75  0.75  0.75  0.00  0.00  0.00  0.75  0.00  0.00  0.00  0.00  0.00  0.00  0.00  0.00  0.00  0.00  0.00   0   0.00
       36  '-'  1.00  1.00  0.00  0.75  0.75  0.00  0.75  0.00  0.00  0.75  0.00  0.00  0.00  0.00  0.00  0.00  0.00  0.00  0.00  0.00  0.00   0   0.00
       37  '-'  1.00  1.00  0.00  0.75  0.75  0.00  0.00  0.00  0.00  0.00  0.75  0.00  0.00  0.00  0.00  0.00  0.00  0.00  0.00  0.00  0.00   0   0.00
       38  '-'  1.00  1.00  0.00  0.75  0.75  0.75  0.00  0.00  0.00  0.00  0.75  0.00  0.00  0.00  0.00  0.00  0.00  0.00  0.00  0.00  0.00   0   0.00
       39  '-'  1.00  1.00  0.00  0.75  0.75  0.00  0.75  0.00  0.00  0.00  0.75  0.00  0.00  0.00  0.00  0.00  0.00  0.00  0.00  0.00  0.00   0   0.00
       40  '-'  1.00  1.00  0.00  0.75  0.75  0.00  0.00  0.00  0.00  0.00  0.00  0.75  0.00  0.00  0.00  0.00  0.00  0.00  0.00  0.00  0.00   0   0.00
       41  '-'  1.00  1.00  0.00  0.75  0.75  0.75  0.00  0.00  0.00  0.00  0.00  0.75  0.00  0.00  0.00  0.00  0.00  0.00  0.00  0.00  0.00   0   0.00
       42  '-'  1.00  1.00  0.00  0.75  0.75  0.00  0.75  0.00  0.00  0.00  0.00  0.75  0.00  0.00  0.00  0.00  0.00  0.00  0.00  0.00  0.00   0   0.00
       43  '-'  1.00  1.00  0.00  0.75  0.75  0.00  0.00  0.00  0.00  0.00  0.00  0.00  0.00  0.00  0.00  0.00  0.45  0.00  0.00  0.00  0.00   5   0.45
       44  '-'  1.00  1.00  0.00  0.75  0.75  0.00  0.00  0.00  0.00  0.00  0.00  0.00  0.00  0.00  0.00  0.00  0.45  0.00  0.00  0.00  0.00   6   0.45
       45  '-'  1.00  1.00  0.00  0.75  0.75  0.00  0.00  0.00  0.00  0.00  0.00  0.00  0.00  0.00  0.00  0.00 -0.45  0.00  0.00  0.00  0.00   5   0.45
       46  '-'  1.00  1.00  0.00  0.75  0.75  0.00  0.00  0.00  0.00  0.00  0.00  0.00  0.00  0.00  0.00  0.00 -0.45  0.00  0.00  0.00  0.00   6   0.45
       47  '-'  1.00  1.00  0.00  0.75  0.75  0.75  0.00  0.00  0.00  0.00  0.00  0.00  0.00  0.00  0.00  0.00  0.45  0.00  0.00  0.00  0.00   5   0.45
       48  '-'  1.00  1.00  0.00  0.75  0.75  0.75  0.00  0.00  0.00  0.00  0.00  0.00  0.00  0.00  0.00  0.00  0.45  0.00  0.00  0.00  0.00   6   0.45
       49  '-'  1.00  1.00  0.00  0.75  0.75  0.75  0.00  0.00  0.00  0.00  0.00  0.00  0.00  0.00  0.00  0.00 -0.45  0.00  0.00  0.00  0.00   5   0.45
       50  '-'  1.00  1.00  0.00  0.75  0.75  0.75  0.00  0.00  0.00  0.00  0.00  0.00  0.00  0.00  0.00  0.00 -0.45  0.00  0.00  0.00  0.00   6   0.45
       51  '-'  1.00  1.00  0.00  0.75  0.75  0.00  0.75  0.00  0.00  0.00  0.00  0.00  0.00  0.00  0.00  0.00  0.45  0.00  0.00  0.00  0.00   5   0.45
       52  '-'  1.00  1.00  0.00  0.75  0.75  0.00  0.75  0.00  0.00  0.00  0.00  0.00  0.00  0.00  0.00  0.00  0.45  0.00  0.00  0.00  0.00   6   0.45
       53  '-'  1.00  1.00  0.00  0.75  0.75  0.00  0.75  0.00  0.00  0.00  0.00  0.00  0.00  0.00  0.00  0.00 -0.45  0.00  0.00  0.00  0.00   5   0.45
       54  '-'  1.00  1.00  0.00  0.75  0.75  0.00  0.75  0.00  0.00  0.00  0.00  0.00  0.00  0.00  0.00  0.00 -0.45  0.00  0.00  0.00  0.00   6   0.45
       55  '-'  1.00  1.00  0.00  0.75  0.75  0.00  0.00  0.00  0.00  0.00  0.00  0.00  0.00  0.00  0.00  0.00  0.00  0.45  0.00  0.00  0.00   7   0.45
       56  '-'  1.00  1.00  0.00  0.75  0.75  0.00  0.00  0.00  0.00  0.00  0.00  0.00  0.00  0.00  0.00  0.00  0.00  0.45  0.00  0.00  0.00   8   0.45
       57  '-'  1.00  1.00  0.00  0.75  0.75  0.00  0.00  0.00  0.00  0.00  0.00  0.00  0.00  0.00  0.00  0.00  0.00 -0.45  0.00  0.00  0.00   7   0.45
       58  '-'  1.00  1.00  0.00  0.75  0.75  0.00  0.00  0.00  0.00  0.00  0.00  0.00  0.00  0.00  0.00  0.00  0.00 -0.45  0.00  0.00  0.00   8   0.45
       59  '-'  1.00  1.00  0.00  0.75  0.75  0.75  0.00  0.00  0.00  0.00  0.00  0.00  0.00  0.00  0.00  0.00  0.00  0.45  0.00  0.00  0.00   7   0.45
       60  '-'  1.00  1.00  0.00  0.75  0.75  0.75  0.00  0.00  0.00  0.00  0.00  0.00  0.00  0.00  0.00  0.00  0.00  0.45  0.00  0.00  0.00   8   0.45
       61  '-'  1.00  1.00  0.00  0.75  0.75  0.75  0.00  0.00  0.00  0.00  0.00  0.00  0.00  0.00  0.00  0.00  0.00 -0.45  0.00  0.00  0.00   7   0.45
       62  '-'  1.00  1.00  0.00  0.75  0.75  0.75  0.00  0.00  0.00  0.00  0.00  0.00  0.00  0.00  0.00  0.00  0.00 -0.45  0.00  0.00  0.00   8   0.45
       63  '-'  1.00  1.00  0.00  0.75  0.75  0.00  0.75  0.00  0.00  0.00  0.00  0.00  0.00  0.00  0.00  0.00  0.00  0.45  0.00  0.00  0.00   7   0.45
       64  '-'  1.00  1.00  0.00  0.75  0.75  0.00  0.75  0.00  0.00  0.00  0.00  0.00  0.00  0.00  0.00  0.00  0.00  0.45  0.00  0.00  0.00   8   0.45
       65  '-'  1.00  1.00  0.00  0.75  0.75  0.00  0.75  0.00  0.00  0.00  0.00  0.00  0.00  0.00  0.00  0.00  0.00 -0.45  0.00  0.00  0.00   7   0.45
       66  '-'  1.00  1.00  0.00  0.75  0.75  0.00  0.75  0.00  0.00  0.00  0.00  0.00  0.00  0.00  0.00  0.00  0.00 -0.45  0.00  0.00  0.00   8   0.45
       67  '-'  0.60  0.00  0.00  0.00  0.00  0.00  0.00  0.00  1.00  0.00  0.00  0.00  0.00  0.00  0.00  0.00  0.00  0.00  0.00  0.00  0.00   0   0.00
       68  '-'  0.60  0.00  0.00  0.00  0.00  0.00  0.00  0.00  0.00  1.00  0.00  0.00  0.00  0.00  0.00  0.00  0.00  0.00  0.00  0.00  0.00   0   0.00
       69  '-'  0.60  0.00  0.00  0.00  0.00  0.00  0.00  0.00  0.00  0.00  1.00  0.00  0.00  0.00  0.00  0.00  0.00  0.00  0.00  0.00  0.00   0   0.00
       70  '-'  0.60  0.00  0.00  0.00  0.00  0.00  0.00  0.00  0.00  0.00  0.00  1.00  0.00  0.00  0.00  0.00  0.00  0.00  0.00  0.00  0.00   0   0.00
       71  '-'  0.60  0.00  0.00  0.00  0.00  0.00  0.00  0.00  0.00  0.00  0.00  0.00  0.00  0.00  0.00  0.00  1.00  0.00  0.00  0.00  0.00   5   1.00
       72  '-'  0.60  0.00  0.00  0.00  0.00  0.00  0.00  0.00  0.00  0.00  0.00  0.00  0.00  0.00  0.00  0.00  1.00  0.00  0.00  0.00  0.00   6   1.00
       73  '-'  0.60  0.00  0.00  0.00  0.00  0.00  0.00  0.00  0.00  0.00  0.00  0.00  0.00  0.00  0.00  0.00 -1.00  0.00  0.00  0.00  0.00   5   1.00
       74  '-'  0.60  0.00  0.00  0.00  0.00  0.00  0.00  0.00  0.00  0.00  0.00  0.00  0.00  0.00  0.00  0.00 -1.00  0.00  0.00  0.00  0.00   6   1.00
       75  '-'  0.60  0.00  0.00  0.00  0.00  0.00  0.00  0.00  0.00  0.00  0.00  0.00  0.00  0.00  0.00  0.00  0.00  1.00  0.00  0.00  0.00   7   1.00
       76  '-'  0.60  0.00  0.00  0.00  0.00  0.00  0.00  0.00  0.00  0.00  0.00  0.00  0.00  0.00  0.00  0.00  0.00  1.00  0.00  0.00  0.00   8   1.00
       77  '-'  0.60  0.00  0.00  0.00  0.00  0.00  0.00  0.00  0.00  0.00  0.00  0.00  0.00  0.00  0.00  0.00  0.00 -1.00  0.00  0.00  0.00   7   1.00
       78  '-'  0.60  0.00  0.00  0.00  0.00  0.00  0.00  0.00  0.00  0.00  0.00  0.00  0.00  0.00  0.00  0.00  0.00 -1.00  0.00  0.00  0.00   8   1.00
       79  '-'  1.01  1.01  0.00  0.00  0.00  0.00  0.00  0.00  0.00  0.00  0.00  0.00  0.00  0.00  0.00  0.00  0.00  0.00  0.00  0.70  0.00   0   0.00
       80  '-'  1.01  1.01  0.00  0.00  0.00  0.00  0.00  0.00  0.00  0.00  0.00  0.00  0.00  0.00  0.00  0.00  0.00  0.00  0.00 -0.70  0.00   0   0.00
       81  '-'  1.01  1.01  0.75  0.75  0.00  0.00  0.00  0.00  0.00  0.00  0.00  0.00  0.00  0.00  0.00  0.00  0.00  0.00  0.00  0.52  0.00   0   0.00
       82  '-'  1.01  1.01  0.75  0.75  0.00  0.00  0.00  0.00  0.00  0.00  0.00  0.00  0.00  0.00  0.00  0.00  0.00  0.00  0.00 -0.52  0.00   0   0.00
       83  '-'  1.01  1.01  0.00  0.75  0.00  0.00  0.00  0.00  0.00  0.00  0.00  0.00  0.00  0.00  0.00  0.00  0.00  0.00  0.00  0.52  0.00   0   0.00
       84  '-'  1.01  1.01  0.00  0.75  0.00  0.00  0.00  0.00  0.00  0.00  0.00  0.00  0.00  0.00  0.00  0.00  0.00  0.00  0.00 -0.52  0.00   0   0.00
       85  '-'  0.59  0.00  0.00  0.00  0.00  0.00  0.00  0.00  0.00  0.00  0.00  0.00  0.00  0.00  0.00  0.00  0.00  0.00  0.00  0.70  0.00   0   0.00
       86  '-'  0.59  0.00  0.00  0.00  0.00  0.00  0.00  0.00  0.00  0.00  0.00  0.00  0.00  0.00  0.00  0.00  0.00  0.00  0.00 -0.70  0.00   0   0.00
       87  '-'  1.01  1.01  0.00  0.00  0.00  0.00  0.00  0.00  0.00  0.00  0.00  0.00  0.00  0.00  0.00  0.00  0.00  0.00  0.70  0.00  0.00   0   0.00
       88  '-'  1.01  1.01  0.00  0.00  0.00  0.00  0.00  0.00  0.00  0.00  0.00  0.00  0.00  0.00  0.00  0.00  0.00  0.00 -0.70  0.00  0.00   0   0.00
       89  '-'  1.01  1.01  0.75  0.75  0.00  0.00  0.00  0.00  0.00  0.00  0.00  0.00  0.00  0.00  0.00  0.00  0.00  0.00  0.52  0.00  0.00   0   0.00
       90  '-'  1.01  1.01  0.75  0.75  0.00  0.00  0.00  0.00  0.00  0.00  0.00  0.00  0.00  0.00  0.00  0.00  0.00  0.00 -0.52  0.00  0.00   0   0.00
       91  '-'  1.01  1.01  0.00  0.75  0.00  0.00  0.00  0.00  0.00  0.00  0.00  0.00  0.00  0.00  0.00  0.00  0.00  0.00  0.52  0.00  0.00   0   0.00
       92  '-'  1.01  1.01  0.00  0.75  0.00  0.00  0.00  0.00  0.00  0.00  0.00  0.00  0.00  0.00  0.00  0.00  0.00  0.00 -0.52  0.00  0.00   0   0.00
       93  '-'  0.59  0.00  0.00  0.00  0.00  0.00  0.00  0.00  0.00  0.00  0.00  0.00  0.00  0.00  0.00  0.00  0.00  0.00  0.70  0.00  0.00   0   0.00
       94  '-'  0.59  0.00  0.00  0.00  0.00  0.00  0.00  0.00  0.00  0.00  0.00  0.00  0.00  0.00  0.00  0.00  0.00  0.00 -0.70  0.00  0.00   0   0.00
       95  '-'  1.00  1.00  0.00  0.00  0.00  0.00  0.00  0.00  0.00  0.00  0.00  0.00  0.00  0.00  0.00  0.00  0.00  0.00  0.00  0.00  0.00   1   1.00
       96  '-'  1.00  1.00  0.00  0.00  0.00  0.00  0.00  0.00  0.00  0.00  0.00  0.00  0.00  0.00  0.00  0.00  0.00  0.00  0.00  0.00  0.00   2   1.00
       97  '-'  1.00  1.00  0.00  0.00  0.00  0.00  0.00  0.00  0.00  0.00  0.00  0.00  0.00  0.00  0.00  0.00  0.00  0.00  0.00  0.00  0.00   3   1.00
       98  '-'  1.00  1.00  0.00  0.00  0.00  0.00  0.00  0.00  0.00  0.00  0.00  0.00  0.00  0.00  0.00  0.00  0.00  0.00  0.00  0.00  0.00   4   1.00
       99  '-'  1.00  0.00  0.00  0.00  0.00  0.00  0.00  0.00  0.50  0.00  0.00  0.00  0.00  0.00  0.00  0.00  0.00  0.00  0.00  0.00  0.00   1   1.00
      100  '-'  1.00  0.00  0.00  0.00  0.00  0.00  0.00  0.00  0.00  0.00  0.50  0.00  0.00  0.00  0.00  0.00  0.00  0.00  0.00  0.00  0.00   1   1.00
      101  '-'  1.00  0.00  0.00  0.00  0.00  0.00  0.00  0.00  0.00  0.50  0.00  0.00  0.00  0.00  0.00  0.00  0.00  0.00  0.00  0.00  0.00   2   1.00
      102  '-'  1.00  0.00  0.00  0.00  0.00  0.00  0.00  0.00  0.00  0.00  0.00  0.50  0.00  0.00  0.00  0.00  0.00  0.00  0.00  0.00  0.00   2   1.00
      103  '-'  1.00  0.00  0.00  0.00  0.00  0.00  0.00  0.00  0.50  0.00  0.00  0.00  0.00  0.00  0.00  0.00  0.00  0.00  0.00  0.00  0.00   3   1.00
      104  '-'  1.00  0.00  0.00  0.00  0.00  0.00  0.00  0.00  0.00  0.00  0.50  0.00  0.00  0.00  0.00  0.00  0.00  0.00  0.00  0.00  0.00   3   1.00
      105  '-'  1.00  0.00  0.00  0.00  0.00  0.00  0.00  0.00  0.00  0.50  0.00  0.00  0.00  0.00  0.00  0.00  0.00  0.00  0.00  0.00  0.00   4   1.00
      106  '-'  1.00  0.00  0.00  0.00  0.00  0.00  0.00  0.00  0.00  0.00  0.00  0.50  0.00  0.00  0.00  0.00  0.00  0.00  0.00  0.00  0.00   4   1.00
      107  '-'  1.00  0.00  0.00  1.00  0.00  0.00  0.00  0.00  0.00  0.00  0.00  0.00  0.00  0.00  0.00  0.00  0.00  0.00  0.00  0.00  1.00   0   0.00
      108  '-'  1.00  0.00  0.00  1.00  0.00  0.00  0.00  0.00  0.00  0.00  0.00  0.00  0.00  0.00  0.00  0.00  0.00  0.00  0.00  0.00  1.00   0   0.00
      109  '-'  1.00  0.00  0.00  1.00  0.00  0.00  0.00  0.00  0.00  0.00  0.00  0.00  0.00  0.00  0.00  0.00  0.00  0.00  0.00  0.00 -1.00   0   0.00
      110  '-'  1.00  0.00  0.00  1.00  0.00  0.00  0.00  0.00  0.00  0.00  0.00  0.00  0.00  0.00  0.00  0.00  0.00  0.00  0.00  0.00 -1.00   0   0.00
      111  '-'  1.00  1.00  0.75  0.75  0.00  0.00  0.00  0.00  0.00  0.00  0.00  0.00  0.00  0.00  0.00  0.00  0.00  0.00  0.00  0.00  0.75   0   0.00
      112  '-'  1.00  1.00  0.75  0.75  0.00  0.00  0.00  0.00  0.00  0.00  0.00  0.00  0.00  0.00  0.00  0.00  0.00  0.00  0.00  0.00  0.75   0   0.00
      113  '-'  1.00  1.00  0.75  0.75  0.00  0.00  0.00  0.00  0.00  0.00  0.00  0.00  0.00  0.00  0.00  0.00  0.00  0.00  0.00  0.00 -0.75   0   0.00
      114  '-'  1.00  1.00  0.75  0.75  0.00  0.00  0.00  0.00  0.00  0.00  0.00  0.00  0.00  0.00  0.00  0.00  0.00  0.00  0.00  0.00 -0.75   0   0.00
      115  '-'  1.00  1.00  0.00  0.75  0.75  0.00  0.00  0.00  0.00  0.00  0.00  0.00  0.00  0.00  0.00  0.00  0.00  0.00  0.00  0.00  0.75   0   0.00
      116  '-'  1.00  1.00  0.00  0.75  0.75  0.00  0.00  0.00  0.00  0.00  0.00  0.00  0.00  0.00  0.00  0.00  0.00  0.00  0.00  0.00  0.75   0   0.00
      117  '-'  1.00  1.00  0.00  0.75  0.75  0.75  0.00  0.00  0.00  0.00  0.00  0.00  0.00  0.00  0.00  0.00  0.00  0.00  0.00  0.00  0.75   0   0.00
      118  '-'  1.00  1.00  0.00  0.75  0.75  0.75  0.00  0.00  0.00  0.00  0.00  0.00  0.00  0.00  0.00  0.00  0.00  0.00  0.00  0.00  0.75   0   0.00
      119  '-'  1.00  1.00  0.00  0.75  0.75  0.00  0.75  0.00  0.00  0.00  0.00  0.00  0.00  0.00  0.00  0.00  0.00  0.00  0.00  0.00  0.75   0   0.00
      120  '-'  1.00  1.00  0.00  0.75  0.75  0.00  0.75  0.00  0.00  0.00  0.00  0.00  0.00  0.00  0.00  0.00  0.00  0.00  0.00  0.00  0.75   0   0.00
      121  '-'  1.00  1.00  0.00  0.75  0.75  0.00  0.00  0.00  0.00  0.00  0.00  0.00  0.00  0.00  0.00  0.00  0.00  0.00  0.00  0.00 -0.75   0   0.00
      122  '-'  1.00  1.00  0.00  0.75  0.75  0.00  0.00  0.00  0.00  0.00  0.00  0.00  0.00  0.00  0.00  0.00  0.00  0.00  0.00  0.00 -0.75   0   0.00
      123  '-'  1.00  1.00  0.00  0.75  0.75  0.75  0.00  0.00  0.00  0.00  0.00  0.00  0.00  0.00  0.00  0.00  0.00  0.00  0.00  0.00 -0.75   0   0.00
      124  '-'  1.00  1.00  0.00  0.75  0.75  0.75  0.00  0.00  0.00  0.00  0.00  0.00  0.00  0.00  0.00  0.00  0.00  0.00  0.00  0.00 -0.75   0   0.00
      125  '-'  1.00  1.00  0.00  0.75  0.75  0.00  0.75  0.00  0.00  0.00  0.00  0.00  0.00  0.00  0.00  0.00  0.00  0.00  0.00  0.00 -0.75   0   0.00
      126  '-'  1.00  1.00  0.00  0.75  0.75  0.00  0.75  0.00  0.00  0.00  0.00  0.00  0.00  0.00  0.00  0.00  0.00  0.00  0.00  0.00 -0.75   0   0.00
 
 
*(33)DESIGN LOADS:Deflection
*                -----------------------------------------------------Load_Coefficients-----------------------------------------------------
*         Group             ---Live---       --Add_Snow-        --Wind_1--  --Wind_2--  --Wind_3--  --Wind_4--   Long_Wind  --Seismic-         Aux_Load
*No.   Id   Id  Dead  Coll  Roof Floor  Snow Drift Slide  Rain    Lt    Rt    Lt    Rt    Lt    Rt    Lt    Rt     1     2  Long  Tran  Temp  Id  Coeff
 0
 
*(34)DESIGN LOADS:Special
*                                 -----------------------------------------------------Load_Coefficients-----------------------------------------------------
*Load     Group                              ---Live---        -Add_Snow-        --Wind_1--  --Wind_2--   --Wind_3-- --Wind_4--   Long_Wind  --Seismic-         Aux_Load
*No.   Id   Id   Use  Code        Dead Coll  Roof Floor  Snow Drift Slide  Rain    Lt    Rt    Lt    Rt    Lt    Rt    Lt    Rt     1     2  Long  Tran  Temp  Id  Coeff
  16  127  '-'  'EP' '---------'  1.01 1.01  0.00  0.00  0.00  0.00  0.00  0.00  0.00  0.00  0.00  0.00  0.00  0.00  0.00  0.00  0.00  0.00  0.00  2.10  0.00   0   0.00
      128  '-'  'EP' '---------'  1.01 1.01  0.00  0.00  0.00  0.00  0.00  0.00  0.00  0.00  0.00  0.00  0.00  0.00  0.00  0.00  0.00  0.00  0.00 -2.10  0.00   0   0.00
      129  '-'  'EP' '---------'  1.01 1.01  0.75  0.75  0.00  0.00  0.00  0.00  0.00  0.00  0.00  0.00  0.00  0.00  0.00  0.00  0.00  0.00  0.00  1.57  0.00   0   0.00
      130  '-'  'EP' '---------'  1.01 1.01  0.75  0.75  0.00  0.00  0.00  0.00  0.00  0.00  0.00  0.00  0.00  0.00  0.00  0.00  0.00  0.00  0.00 -1.57  0.00   0   0.00
      131  '-'  'EP' '---------'  1.01 1.01  0.00  0.75  0.00  0.00  0.00  0.00  0.00  0.00  0.00  0.00  0.00  0.00  0.00  0.00  0.00  0.00  0.00  1.57  0.00   0   0.00
      132  '-'  'EP' '---------'  1.01 1.01  0.00  0.75  0.00  0.00  0.00  0.00  0.00  0.00  0.00  0.00  0.00  0.00  0.00  0.00  0.00  0.00  0.00 -1.57  0.00   0   0.00
      133  '-'  'EP' '---------'  0.59 0.00  0.00  0.00  0.00  0.00  0.00  0.00  0.00  0.00  0.00  0.00  0.00  0.00  0.00  0.00  0.00  0.00  0.00  2.10  0.00   0   0.00
      134  '-'  'EP' '---------'  0.59 0.00  0.00  0.00  0.00  0.00  0.00  0.00  0.00  0.00  0.00  0.00  0.00  0.00  0.00  0.00  0.00  0.00  0.00 -2.10  0.00   0   0.00
      135  '-'  'BP' '---------'  1.01 1.01  0.00  0.00  0.00  0.00  0.00  0.00  0.00  0.00  0.00  0.00  0.00  0.00  0.00  0.00  0.00  0.00  0.00  2.10  0.00   0   0.00
      136  '-'  'BP' '---------'  1.01 1.01  0.00  0.00  0.00  0.00  0.00  0.00  0.00  0.00  0.00  0.00  0.00  0.00  0.00  0.00  0.00  0.00  0.00 -2.10  0.00   0   0.00
      137  '-'  'BP' '---------'  1.01 1.01  0.75  0.75  0.00  0.00  0.00  0.00  0.00  0.00  0.00  0.00  0.00  0.00  0.00  0.00  0.00  0.00  0.00  1.57  0.00   0   0.00
      138  '-'  'BP' '---------'  1.01 1.01  0.75  0.75  0.00  0.00  0.00  0.00  0.00  0.00  0.00  0.00  0.00  0.00  0.00  0.00  0.00  0.00  0.00 -1.57  0.00   0   0.00
      139  '-'  'BP' '---------'  1.01 1.01  0.00  0.75  0.00  0.00  0.00  0.00  0.00  0.00  0.00  0.00  0.00  0.00  0.00  0.00  0.00  0.00  0.00  1.57  0.00   0   0.00
      140  '-'  'BP' '---------'  1.01 1.01  0.00  0.75  0.00  0.00  0.00  0.00  0.00  0.00  0.00  0.00  0.00  0.00  0.00  0.00  0.00  0.00  0.00 -1.57  0.00   0   0.00
      141  '-'  'BP' '---------'  0.59 0.00  0.00  0.00  0.00  0.00  0.00  0.00  0.00  0.00  0.00  0.00  0.00  0.00  0.00  0.00  0.00  0.00  0.00  2.10  0.00   0   0.00
      142  '-'  'BP' '---------'  0.59 0.00  0.00  0.00  0.00  0.00  0.00  0.00  0.00  0.00  0.00  0.00  0.00  0.00  0.00  0.00  0.00  0.00  0.00 -2.10  0.00   0   0.00
 
 
*(35)AUXILIARY LOAD:
*     Aux                No._Add    Add_Comb
*No.   Id   Name          Loads   Id    Coeff
   8    1  'F4CRANEA1 '      4     1   -76.80
                                   2     6.75
                                   3   -17.28
                                   4     6.75
        2  'F4CRANEA2 '      4     1   -76.80
                                   2    -6.75
                                   3   -17.28
                                   4    -6.75
        3  'F4CRANEA3 '      4     1   -17.28
                                   2     6.75
                                   3   -76.80
                                   4     6.75
        4  'F4CRANEA4 '      4     1   -17.28
                                   2    -6.75
                                   3   -76.80
                                   4    -6.75
        5  'LWIND1_L2E'      1     5     1.00
        6  'LWIND1_R2E'      1     6     1.00
        7  'LWIND2_L2E'      1     5     1.00
        8  'LWIND2_R2E'      1     6     1.00
 
 
*(36)ADDITIONAL LOADS:
*     Add Group Loc  Basic        Load       Fx        Fy      Mom        Dx        Dy  .. Conc
*No.   Id   Id   Id  Load         Type       W1        W2       Co       Dl1       Dl2  .. Dist
  13    1  '-'    1 '------    '  'C '    0.000     1.000    0.000    1200.0    6327.6
        2  '-'    1 '------    '  'C '    1.000     0.000    0.000    1200.0    7000.0
        3  '-'    4 '------    '  'C '    0.000     1.000    0.000   -1200.0   -2772.4
        4  '-'    4 '------    '  'C '    1.000     0.000    0.000   -1200.0   -2100.0
        5  '-'    2 'U_WIND    '  'D '     2.51      2.51    0.000       0.0    2560.0
        6  '-'    3 'U_WIND    '  'D '     2.51      2.51    0.000    3871.9    6431.9
        7  '-'    4 'DEAD      '  'C '    0.000    -0.507   -0.380       0.0   -4000.0
        8  '-'    4 'COLLAT    '  'C '    0.000    -0.253   -0.190       0.0   -4000.0
        9  '-'    4 'LIVE      '  'C '    0.000    -2.874   -2.155       0.0   -4000.0
       10  '-'    4 'WINDL1    '  'C '    0.186     1.865    1.412       0.0   -4000.0
       11  '-'    4 'WINDR1    '  'C '    0.741     7.411    5.612       0.0   -4000.0
       12  '-'    4 'WINDL2    '  'C '    0.186     1.865    1.412       0.0   -4000.0
       13  '-'    4 'WINDR2    '  'C '    0.741     7.411    5.612       0.0   -4000.0
 
 
*(37)STEPPED LOAD COEFFICIENTS:
*    Group Basic    Loc   No.  ----Step_1---   ----Step_2---   ----Step_3---
*No.   Id  Load      Id  Step  Locate   Coef   Locate   Coef   Locate   Coef
  4   '-' 'WINDL1  '  2    2   6400.0  1.000   6431.9  0.638
      '-' 'WINDR1  '  3    2     31.9  0.638   6431.9  1.000
      '-' 'WINDL2  '  2    2   6400.0  1.000   6431.9  0.383
      '-' 'WINDR2  '  3    2     31.9  0.383   6431.9  1.000
 
 
*(38)FLOOR BEAMS:
* Bay                      Con_Type   Con_Loc     --Properties--
*  Id   No.  Id   Height   Lt    Rt   Lt    Rt    Area       Ixx
    1    0
 
*(39)DIAGONAL BRACING:
*Bay
* Id   No.     Id   Level   Opt    Area
   1    0
 
*(40)CRANE BRACKET:
*        Span ----Crane----  ----Beam----    ----Offset----  ------Bracket-----  Col_Sup
*No. Id Lt Rt Type   Height  Depth  Width     Left    Right  Type Opt  Select     Lt  Rt    Load
  1   1  1  1 'TG'   7000.0 520.00 300.00   1200.0   1200.0  'WW' '1' '--------' 'N' 'N'   76.80
 
 
*(41)DESIGN PLATES:
*     ----Plate---   --Plate_Size-   Bolt   Bolt  ----Top---  --Bottom--   Bolt
*No.  Type      Id   Width   Thick    Dia   Gage  Row  Space  Row  Space  Gage2
  2  'BASE    '  1   250.0    0.00  24.00    0.0   1     0.0   1     0.0    0.0
     'BASE    '  2   250.0    0.00  24.00    0.0   1     0.0   1     0.0    0.0
 
 
*(42)ENDWALL COLUMNS:
*Wall   Expand_EW                                    Max_Deflect
* Id   Use  Offset    No.   Locate  Offset  Option   Down     Up
   1  'Y '  390.00     0
   3  'Y '  390.00     0
 
*(43)JACK BEAMS:
*                                                 Spring_Constant
*No.    Id   Offset   Height   Length   Part        Horz    Vert
  0
 
*(44)LINER:
*---Wall_Height---
*    F_SW     B_SW  Roof
      0.0      0.0  'N'
 
*(45)ADDITIONAL COLUMNS:
*No.  Id  Type  Rot  Opt  Part           Elev
  0
 
*(46)DESIGN CODE OPTIONS:
*No.   Event                         Condition
  0
 
*(47)CORNER BRACE:
*      Loc   Member
* No.   Id   Size
   0
 
*COLUMN ADDITIONAL BRACE LOCATION DESCRIPTIONS:
*  Id  Description
*   1  Crane System 1
*   2  Crane System 1
 
*AUXILIARY LOAD DESCRIPTIONS:
* Aux
*  Id  Description
*   1  Crane load
*   2  Crane load
*   3  Crane load
*   4  Crane load
*   5  Longitudinal wind load, case 1
*   6  Longitudinal wind load, case 1
*   7  Longitudinal wind load, case 2
*   8  Longitudinal wind load, case 2
*
*ADDITIONAL LOAD DESCRIPTIONS:
* Add
*  Id  Description
*   1  Crane load vertical on aisle 1 left column
*   2  Crane load horizontal to right on aisle 1 left column
*   3  Crane load vertical on aisle 1 right column
*   4  Crane load horizontal to left on aisle 1 right column
*   5  Longitudinal wind load
*   6  Longitudinal wind load
*   7  Extension Id 2, Surface Id 4, Dead = 0.100
*   8  Extension Id 2, Surface Id 4, Collateral = 0.050
*   9  Extension Id 2, Surface Id 4, Live = 0.570
*  10  Extension Id 2, Surface Id 4, Wind1 Left = -0.370
*  11  Extension Id 2, Surface Id 4, Wind1 Right = -1.470
*  12  Extension Id 2, Surface Id 4, Wind2 Left = -0.370
*  13  Extension Id 2, Surface Id 4, Wind2 Right = -1.470
*
* Code files used:
*   MBMA.10N
*   RF_MBMA.10N Version 4.0
*
*DS_RFDEP.Siz
*Surface  Span  --Required-   -----------Selected----------
*  Id      Id   Type   Span   Type   Span  #Depth  #Splice
*   1       1    W     9100    No record selected
*   2       1    C     6400    C     7000     1       0
*   3       1    C     6400    C     7000     1       0
*   4       1    W     9100    No record selected
*
* Calculated Seismic Mass, W = 67.16 kN
================================================================================
 C463-002            Frame  4 - Design Code                 18/DEC/2025  2:49pm
================================================================================

 STRUCTURAL CODE:
 ----------------
   Design Basis      : WS  - Working Stress
   Hot  Rolled Steel : AISC05
   Cold Formed Steel : NAUS07  

 BUILDING CODE:
 --------------
   Wind Code         : MBMA 10
   Seismic Zone      : C  

 MODULUS OF ELASTICITY:
 ----------------------
   Hot  Rolled Steel : 199955 (MN/m2)
   Cold Formed Steel : 203403 (MN/m2)
 
================================================================================
 C463-002            Frame  4 - Base Plates and Anchor Bolt 18/DEC/2025  2:49pm
================================================================================

 DESIGN CONSTANTS:
 -----------------
  Base Plate Yield     = 345.0 (MN/m2)
  Concrete Bearing     =   7.0 (MN/m2)                                    
  Bolt Type            = A36  
  Bolt Shear   Stress  =  80.0 (MN/m2)
  Bolt Tension Stress  = 150.0 (MN/m2)
 

 BASE PLATE & BOLT SIZE:
 -----------------------

                                                  Bolt_Row
 --Column_Base--  --Plate_Size(mm)--  Bolt(A36  ) Near_Flg  --Bolt_Space(mm)-
 Id    Typ Depth  Width Length Thick   Dia  Gage  Out   In   End   Out   Flg
 ----- --- -----  ----- ------ -----  ----- ----  ---  ---  ----- ----- -----
 Left   FI   414   250  707.0  16.00  24.00  100    1    1  75.00  0.00 150.0
 Right  FI   414   250  707.0  16.00  24.00  100    1    1  75.00  0.00 150.0
 

         Base_Bending  Web_Tension  ---------------Bolts(kN)--------------
 Col         (MN/m2)      (MN/m2)   Bolt_Tension  -Bolt_Comp-   Bolt_Shear  Max   Req   Req
 Loc   Ld  Calc Limit   Calc Limit   Calc  Limit   Calc Limit   Calc Limit   UC Thick   Dia
 ----- -- ----- -----  ----- -----  -----  -----  ----- -----  ----- ----- ---- ----- -----
 Left 105   126   311    128   207   41.5   67.9    0.0  67.9    2.7  36.2 0.62 12.47 18.77
 Left  69   125   311    154   207   50.1   67.9    0.0  67.9    4.1  36.2 0.75 12.47 18.77
 Right 99   125   311    127   207   41.0   67.9    0.0  67.9    2.7  36.2 0.61 12.46 18.66
 Right 70   125   311    157   207   51.0   67.9    0.0  67.9    3.9  36.2 0.76 12.46 18.66

 BASE REACTIONS:
 ---------------

 Column  -Max_Compression(kN,kN-m)-   --Max_Tension(kN,kN-m)---
 Loc      Ld   Axial  Shear  Moment    Ld  Axial  Shear  Moment
 ------  ----  -----  -----  ------   ---- -----  -----  ------
 Left    105    18.6   21.9    86.1    69  -17.3   32.6    92.7
 Right    99    18.0   21.8    85.1    70  -24.7   31.5    92.7

 GUSSET PLATES:
 --------------

 Column  Gusset    --Plate_Size(mm)--      -Max_Comp(MN/m2)  Max_Tension(MN/m2)
 Locate  Locate    Width Thick Length  Ld  Calc  Limit   UC   Calc Limit   UC
 ------  --------  ----- ----- ------  --  ----- ----- ----  ----- ----- ----
 Left    Flg_Base  146.5 12.00  196.5 105  167.3 184.7 0.91   75.0 207.0 0.36
                                       69  166.8 184.7 0.90   90.4 207.0 0.44
 Right   Flg_Base  146.5 12.00  196.5  99  166.5 184.7 0.90   74.1 207.0 0.36
                                       70  165.6 184.7 0.90   92.1 207.0 0.45

 CONCRETE:
 ---------

          Comp_in
 Column   Bolt_Or       --Bearing(MN/m2)--   Bearing
 Locate   Concrete  Ld   Calc  Limit    UC  Length(mm)
 ------   --------  --  -----  -----  ----  ----------
 Left        C     105    7.0    7.0  1.00    210.9            
                    69    7.0    7.0  1.00    209.0            
 Right       C      99    7.0    7.0  1.00    208.1            
                    70    7.0    7.0  1.00    204.9            
 

 WELDS:
 ------
          Outside_Flange_To_Base  Inside_Flange_To_Base   -----Web_To_Base-----
 Base               Shear(kN/mm)            Shear(kN/mm)            Shear(kN/mm)
 Id       Size  Typ  Calc Limit   Size  Typ  Calc Limit   Size  Typ  Calc Limit
 -----    ----- --- ----- -----   ----- --- ----- -----   ----- --- ----- -----
 Left      6.00  F2 0.522 0.620    6.00  F2 0.522 0.620    4.00  F2 0.041 0.410
 Right     6.00  F2 0.531 0.620    6.00  F2 0.531 0.620    4.00  F2 0.039 0.410


                    ----Gusset_To_Base---   ---Gusset_To_Column--
 Column  Gusset               Shear(kN/mm)            Shear(kN/mm)
 Locate  Locate     Size  Typ  Calc Limit   Size  Typ  Calc Limit
 ------  --------   ----- --- ----- -----   ----- --- ----- -----
 Left    Flg_Base    6.00  F2 0.278 0.620    4.00  F2 0.208 0.410
 Right   Flg_Base    6.00  F2 0.284 0.620    4.00  F2 0.211 0.410
 

 LOAD COMBINATIONS:
 ------------------
    69   0.6Dead+Wind_Left2
    70   0.6Dead+Wind_Right2
    99   Dead+Wind_Left1/2+F4CRANEA1
   105   Dead+Wind_Right1/2+F4CRANEA4
 
================================================================================
 C463-002            Frame  4 - Bolted-End-Plates           18/DEC/2025  2:49pm
================================================================================

 DESIGN CONSTANTS:
 -----------------
  Splice Yield         = 345.0 (MN/m2)
  Bolt Type            = Gr8.8 Snug-Tightened
  Bolt Shear   Stress  = 160.0 (MN/m2)
  Bolt Tension Stress  = 299.9 (MN/m2)


 PLATE SIZE:
 -----------
  Splice  Member    Web   Splice(mm)  -----------------Bolts(Gr8.8)-----------------
  Id Typ  Locate  Depth  Width Thick    Dia  Gage Gage2 RowT SpaceT RowB SpaceB RowI
  -- ---  ------  -----  ----- -----  ----- ----- ----- ---- ------ ---- ------ ----
   1 HSS   1- 2   400.0    200 16.00  20.00 100.0 100.0   2  100.0    2  100.0    0
   2 -SS   2- 3   301.5    200 16.00  20.00 100.0 100.0   2  100.0    2  100.0    0
   3 HSS   3- 4   400.0    200 16.00  20.00 100.0 100.0   2  100.0    2  100.0    0

 PLATE DESIGN:
 -------------
             -------Max_Moment------  -------Max_Shear------
  Splice Ten Load Axial Shear Moment  Load Axial Shear Moment    Req   Req  Bolt
  Id Typ Loc  Id   (kN)  (kN) (kN-m)   Id   (kN)  (kN) (kN-m)  Thick   Dia    UC
  -- --- --- ---- ----- ----- ------  ---- ----- ----- ------  ----- ----- -----
   1 HSS Top   2   32.2  -9.4   51.9    2   32.2  -9.4   51.9   8.19 11.60  0.34
         Bot  67  -34.0  10.8  -65.5   74  -17.9  23.2  -53.2   9.19 13.03  0.42
   2 -SS Top  68  -13.5   1.2   22.3  106    6.8   4.8    4.3   6.19  9.41  0.22
         Bot   1    9.3  -0.4  -29.6   95    7.5  -4.5   -6.0   7.13 10.83  0.29
   3 HSS Top   1   32.5   9.5   53.8    1   32.5   9.5   53.8   8.34 11.81  0.35
         Bot  68  -34.3 -10.4  -67.3   73  -17.9 -23.2  -53.0   9.31 13.21  0.44

 WELDS:
 ------
          Outside_Flange_To_Bep   Inside_Flange_To_Bep    -----Web_To_Bep------
 Splice             Shear(kN/mm)            Shear(kN/mm)            Shear(kN/mm)
 Id Side   Size Typ  Calc Limit    Size Typ  Calc Limit    Size Typ  Calc Limit
 -- ----  ----- --- ----- -----   ----- --- ----- -----   ----- --- ----- -----
  1   L    4.00  F2 0.305 0.410    5.00  F2 0.448 0.510    4.00  F2 0.029 0.410
  1   R    4.00  F2 0.367 0.410    4.00  G1 0.925 0.938    4.00  F2 0.029 0.410
  2   L    4.00  F2 0.226 0.410    4.00  F2 0.299 0.410    4.00  F2 0.008 0.410
  2   R    4.00  F2 0.226 0.410    4.00  F2 0.299 0.410    4.00  F2 0.008 0.410
* 3   L    4.00  F2 0.380 0.410    4.00* G1 0.950 0.938    4.00  F2 0.029 0.410
  3   R    4.00  F2 0.316 0.410    5.00  F2 0.460 0.510    4.00  F2 0.029 0.410
 
*WRN(RFE-413) Weld Size < Required

 LOAD COMBINATIONS:
 ------------------
     1   Dead+Collateral+Live
     2   Dead+Collateral+Live
    67   0.6Dead+Wind_Left1
    68   0.6Dead+Wind_Right1
    73   0.6Dead-Wind_Long1+LWIND1_L2E
    74   0.6Dead-Wind_Long1+LWIND1_R2E
    95   Dead+Collateral+F4CRANEA1
   106   Dead+Wind_Right2/2+F4CRANEA4
 
================================================================================
 C463-002            Frame  4 - Bearing Stiffeners          18/DEC/2025  2:49pm
================================================================================

 Stiffener Yield =  345 (MN/m2)
 Corner Cut      = 15.0 (mm)

 STIFFENER SIZE:
 ---------------
  ----Stiffener---  --Web(mm)--  ----Stiffener_Size(mm)---
  Location  Offset  Depth Thick  Width  Thick  Length  No.
  --------  ------  ----- -----  -----  -----  ------  ---
  Lt Col         0  400.0  4.00   60.0   8.00   400.0   1
  Rt Col     12800  400.0  4.00   60.0   8.00   400.0   1

 STIFFENER DESIGN:
 -----------------
            ----Tension(kN)---  --Compression(kN)-   Max
  Location  Load   Calc  Limit  Load   Calc  Limit    UC
  --------  ----  -----  -----  ----  -----  -----  ----
  Lt Col      67  144.4  148.8     2  116.0  231.5  0.97 
  Rt Col      68  148.2  148.8     1  119.9  231.5  1.00 

 WELDS:
 ------
                     ---Stiff_To_Flg/EP---   -----Stiff_To_Web----
  Stiffener                    Shear(kN/mm)            Shear(kN/mm)
  Location            Size Typ  Calc Limit    Size Typ  Calc Limit
  ----------         ----- --- ----- -----   ----- --- ----- -----
  Lt Col              8.00  F2 0.802 0.820    4.00  F2 0.075 0.410
  Rt Col             10.00  F2 0.823 1.020    4.00  F2 0.078 0.410
 

 LOAD COMBINATIONS:
 ------------------
     1   Dead+Collateral+Live
     2   Dead+Collateral+Live
    67   0.6Dead+Wind_Left1
    68   0.6Dead+Wind_Right1
 
================================================================================
 C463-002            Frame  4 - Flange Braces               18/DEC/2025  2:49pm
================================================================================

 DESIGN CONSTANTS:
 -----------------
  Flange Brace Yield   = 345.0 MN/m2
  Girt/Purlin  Yield   = 345.0 MN/m2
  Flange Brace Bolt    = Gr8.8 (0 Washers)
  Bolt Shear  Stress   = 160.0 MN/m2

  Flange Brace Force
    Inside flange, max of bending compression                        

 LAYOUT:
 -------
  Surf                   Seg   Web  Brace Angle Design -----Bolt_Dia----- --Attachment-
   Id  Loc Side Part      Id Depth Offset   Deg Length Frame Purlin  Clip Frame  Purlin Ref
  ---- --- ---- -------- --- ----- ------ ----- ------ ----- ------ ----- ------ ------ -----
    1    1   2  L40X40X4   1 400.0  330.0  32.7  518.2 12.00  12.00       Clip   Web         
         3   2  L40X40X4   1 400.0  330.0  32.7  518.2 12.00  12.00       Clip   Web         
    2    1   2  L40X40X4   2 386.8  330.0  35.5  481.6 12.00  12.00       Clip   Web         
         3   2  L40X40X4   2 332.0  330.0  39.7  438.1 12.00  12.00       Clip   Web         
    3    2   2  L40X40X4   3 332.0  330.0  39.7  438.1 12.00  12.00       Clip   Web         
         4   2  L40X40X4   3 386.8  330.0  35.5  481.6 12.00  12.00       Clip   Web         
    4    1   2  L40X40X4   4 400.0  330.0  32.7  518.2 12.00  12.00       Clip   Web         
         4   2  L40X40X4   4 400.0  330.0  32.7  518.2 12.00  12.00       Clip   Web         

 DESIGN:
 -------
  Surf        Load(kN-m)  Force  -Brace_UC-  ---Connection_UC---
   Id   Loc    Id Moment   (kN)  Comp  Tens  Frame  Purlin  Clip
  ----  ---  ---- ------  -----  ----  ----  -----  ------  ----
    1     1    99   35.2   1.34  0.07  0.09   0.07    0.09      
          3    96   44.5   1.69  0.09  0.11   0.09    0.12      
    2     1     2   29.3   0.93  0.05  0.06   0.05    0.06      
          3    68   21.3   0.75  0.04  0.05   0.04    0.05      
    3     2    67   20.7   0.73  0.04  0.05   0.04    0.05      
          4     1   30.9   0.98  0.05  0.07   0.05    0.06      
    4     1   105   36.6   1.39  0.07  0.09   0.08    0.10      
          4    97   44.8   1.70  0.09  0.11   0.09    0.12      

 LOAD COMBINATIONS:
 ------------------
     1   Dead+Collateral+Live
     2   Dead+Collateral+Live
    67   0.6Dead+Wind_Left1
    68   0.6Dead+Wind_Right1
    96   Dead+Collateral+F4CRANEA2
    97   Dead+Collateral+F4CRANEA3
    99   Dead+Wind_Left1/2+F4CRANEA1
   105   Dead+Wind_Right1/2+F4CRANEA4
 
================================================================================
 C463-002            Frame  4 - Web To Flange Weld          18/DEC/2025  2:49pm
================================================================================

                                                        ---Web_Flange_Weld---
  Surf  Mem  Seg  Sec  Load  Shear     Ixx           Q           Shear(kN/mm)
   Id    Id   Id   Id    Id   (kN)   (cm4)  Flg  (cm3)   Size Typ  Calc Limit
  ----  ---  ---  ---  ----  -----  ------  ---  -----  ----- --- ----- -----
    1     1    1    1    69   32.5   11276  Out    196   4.00  F1 0.057 0.410
                                            In     227   4.00  F1 0.065 0.410
    2     2    2   20    71   31.8    7259  Out    127   4.00  F1 0.056 0.410
                                            In     127   4.00  F1 0.056 0.410
    3     3    3   45    72   31.8    7259  Out    127   4.00  F1 0.055 0.410
                                            In     127   4.00  F1 0.055 0.410
    4     4    4   64    70   31.4   11276  Out    196   4.00  F1 0.055 0.410
                                            In     227   4.00  F1 0.063 0.410

 LOAD COMBINATIONS:
 ------------------
    69   0.6Dead+Wind_Left2
    70   0.6Dead+Wind_Right2
    71   0.6Dead+Wind_Long1+LWIND1_L2E
    72   0.6Dead+Wind_Long1+LWIND1_R2E
 
================================================================================
 C463-002            Frame  4 - Special Segments            18/DEC/2025  2:49pm
================================================================================

  FLANGE PLATE:
  ----------------
            --Initial--   ---Final---
            Width Thick   Width Thick
   Locate    (mm)  (mm)    (mm)  (mm)
   ------   ----- -----   ----- -----
   Lt Col     125  5.00     125  5.00
   Rt Col     125  5.00     125  5.00



  WEB PLATE:
  ----------
                                Calc  ---Initial--  ------Final------
           ------Actions-----    Web    Web  Shear    Web  Shear
                Axial  Moment  Shear  Thick  Limit  Thick  Limit
   Locate   Id   (kN)  (kN-m)   (kN)   (mm)   (kN)   (mm)   (kN)   UC  Note
   ------  ---  -----  ------  -----  -----  -----  -----  ----- ----  -------------
   Lt Col   67  -34.0   -65.5  146.8   4.00  184.6   4.00  184.6 0.79  G3-2           
   Rt Col   68  -34.3   -67.3  151.1   4.00  184.6   4.00  184.6 0.82  G3-2           
 

  REQUIRED WEB DESIGN:
  --------------------
               Web  Stiff
   Locate    Depth  Space
   ------    -----  -----
   Lt Col    380.1  380.0
   Rt Col    380.1  380.0

 LOAD COMBINATIONS:
 ------------------
    67   0.6Dead+Wind_Left1
    68   0.6Dead+Wind_Right1
 
================================================================================
 C463-002            Frame  4 - Design Summary              18/DEC/2025  2:49pm
================================================================================

 FRAME:
 ------
   Id        =   4
   Type      =  RF
   Line Id   =   4
   Load Width=   6683
   UC   Limit=   1.00
   KL/R Limit= 200.00

 MEMBERS:
 --------
                                                                -----Max_Axial+Moment----
 Srf Mem Seg --Flange- Web_Depth -Plate_Thickness- --Max_Shear- ----O-Flg--- ----I-Flg---  Max
  Id  Id  Id  Len  Wid Strt  End   Web O-flg I-flg  Id  Ld  Ucv  Id  Ld  Uco  Id  Ld  Uci KL/R
 --- --- --- ---- ---- ---- ---- ----- ----- ----- --- --- ---- --- --- ---- --- --- ---- ----
   1   1   1 8918  150  400  400  5.00  6.00  8.00   1  69 0.19   1 105 0.85   1  69 0.71   99
   2   2   2 6195  125  400  300  4.00  5.00  5.00  20  71 0.36  20  67 0.87  31  68 0.88  145
   3   3   3 6195  125  300  400  4.00  5.00  5.00  45  72 0.36  45  68 0.90  34  67 0.87  145
   4   4   4 8918  150  400  400  5.00  6.00  8.00  64  70 0.18  64  99 0.84  64  70 0.70   99
 

 LOAD COMBINATIONS:
 ------------------
      #  Controlling Load Combination In Design Summary

  Strength & Deflection Combinations:
     1   Dead+Collateral+Live
     2   Dead+Collateral+Live
     3   Dead+Collateral+Floor_Live
     4   Dead+Collateral+Floor_Live
     5   Dead+Collateral+Snow
     6   Dead+Collateral+Snow
     7   Dead+Collateral+Snow+Snow_Drift
     8   Dead+Collateral+Snow+Snow_Drift
     9   Dead+Collateral+Snow+Slide_Snow
    10   Dead+Collateral+Snow+Slide_Snow
    11   Dead
    12   Dead
    13   Dead+Collateral+0.75Snow+0.75Floor_Live
    14   Dead+Collateral+0.75Snow+0.75Floor_Live
    15   Dead+Collateral+0.75Snow+0.75Snow_Drift+0.75Floor_Live
    16   Dead+Collateral+0.75Snow+0.75Snow_Drift+0.75Floor_Live
    17   Dead+Collateral+0.75Snow+0.75Slide_Snow+0.75Floor_Live
    18   Dead+Collateral+0.75Snow+0.75Slide_Snow+0.75Floor_Live
    19   Dead+Collateral+0.75Live+0.75Wind_Left1+0.75Floor_Live
    20   Dead+Collateral+0.75Live+0.75Wind_Right1+0.75Floor_Live
    21   Dead+Collateral+0.75Live+0.75Wind_Left2+0.75Floor_Live
    22   Dead+Collateral+0.75Live+0.75Wind_Right2+0.75Floor_Live
    23   Dead+Collateral+0.75Live+0.75Wind_Long1+0.75Floor_Live+0.75LWIND1_L2E
    24   Dead+Collateral+0.75Live+0.75Wind_Long1+0.75Floor_Live+0.75LWIND1_R2E
    25   Dead+Collateral+0.75Live-0.75Wind_Long1+0.75Floor_Live+0.75LWIND1_L2E
    26   Dead+Collateral+0.75Live-0.75Wind_Long1+0.75Floor_Live+0.75LWIND1_R2E
    27   Dead+Collateral+0.75Live+0.75Wind_Long2+0.75Floor_Live+0.75LWIND2_L2E
    28   Dead+Collateral+0.75Live+0.75Wind_Long2+0.75Floor_Live+0.75LWIND2_R2E
    29   Dead+Collateral+0.75Live-0.75Wind_Long2+0.75Floor_Live+0.75LWIND2_L2E
    30   Dead+Collateral+0.75Live-0.75Wind_Long2+0.75Floor_Live+0.75LWIND2_R2E
    31   Dead+Collateral+0.75Snow+0.75Wind_Left1+0.75Floor_Live
    32   Dead+Collateral+0.75Snow+0.75Wind_Left1+0.75Snow_Drift+0.75Floor_Live
    33   Dead+Collateral+0.75Snow+0.75Wind_Left1+0.75Slide_Snow+0.75Floor_Live
    34   Dead+Collateral+0.75Snow+0.75Wind_Right1+0.75Floor_Live
    35   Dead+Collateral+0.75Snow+0.75Wind_Right1+0.75Snow_Drift+0.75Floor_Live
    36   Dead+Collateral+0.75Snow+0.75Wind_Right1+0.75Slide_Snow+0.75Floor_Live
    37   Dead+Collateral+0.75Snow+0.75Wind_Left2+0.75Floor_Live
    38   Dead+Collateral+0.75Snow+0.75Wind_Left2+0.75Snow_Drift+0.75Floor_Live
    39   Dead+Collateral+0.75Snow+0.75Wind_Left2+0.75Slide_Snow+0.75Floor_Live
    40   Dead+Collateral+0.75Snow+0.75Wind_Right2+0.75Floor_Live
    41   Dead+Collateral+0.75Snow+0.75Wind_Right2+0.75Snow_Drift+0.75Floor_Live
    42   Dead+Collateral+0.75Snow+0.75Wind_Right2+0.75Slide_Snow+0.75Floor_Live
    43   Dead+Collateral+0.75Snow+0.45Wind_Long1+0.75Floor_Live+0.45LWIND1_L2E
    44   Dead+Collateral+0.75Snow+0.45Wind_Long1+0.75Floor_Live+0.45LWIND1_R2E
    45   Dead+Collateral+0.75Snow-0.45Wind_Long1+0.75Floor_Live+0.45LWIND1_L2E
    46   Dead+Collateral+0.75Snow-0.45Wind_Long1+0.75Floor_Live+0.45LWIND1_R2E
    47   Dead+Collateral+0.75Snow+0.45Wind_Long1+0.75Snow_Drift+0.75Floor_Live+0.45LWIND1
    48   Dead+Collateral+0.75Snow+0.45Wind_Long1+0.75Snow_Drift+0.75Floor_Live+0.45LWIND1
    49   Dead+Collateral+0.75Snow-0.45Wind_Long1+0.75Snow_Drift+0.75Floor_Live+0.45LWIND1
    50   Dead+Collateral+0.75Snow-0.45Wind_Long1+0.75Snow_Drift+0.75Floor_Live+0.45LWIND1
    51   Dead+Collateral+0.75Snow+0.45Wind_Long1+0.75Slide_Snow+0.75Floor_Live+0.45LWIND1
    52   Dead+Collateral+0.75Snow+0.45Wind_Long1+0.75Slide_Snow+0.75Floor_Live+0.45LWIND1
    53   Dead+Collateral+0.75Snow-0.45Wind_Long1+0.75Slide_Snow+0.75Floor_Live+0.45LWIND1
    54   Dead+Collateral+0.75Snow-0.45Wind_Long1+0.75Slide_Snow+0.75Floor_Live+0.45LWIND1
    55   Dead+Collateral+0.75Snow+0.45Wind_Long2+0.75Floor_Live+0.45LWIND2_L2E
    56   Dead+Collateral+0.75Snow+0.45Wind_Long2+0.75Floor_Live+0.45LWIND2_R2E
    57   Dead+Collateral+0.75Snow-0.45Wind_Long2+0.75Floor_Live+0.45LWIND2_L2E
    58   Dead+Collateral+0.75Snow-0.45Wind_Long2+0.75Floor_Live+0.45LWIND2_R2E
    59   Dead+Collateral+0.75Snow+0.45Wind_Long2+0.75Snow_Drift+0.75Floor_Live+0.45LWIND2
    60   Dead+Collateral+0.75Snow+0.45Wind_Long2+0.75Snow_Drift+0.75Floor_Live+0.45LWIND2
    61   Dead+Collateral+0.75Snow-0.45Wind_Long2+0.75Snow_Drift+0.75Floor_Live+0.45LWIND2
    62   Dead+Collateral+0.75Snow-0.45Wind_Long2+0.75Snow_Drift+0.75Floor_Live+0.45LWIND2
    63   Dead+Collateral+0.75Snow+0.45Wind_Long2+0.75Slide_Snow+0.75Floor_Live+0.45LWIND2
    64   Dead+Collateral+0.75Snow+0.45Wind_Long2+0.75Slide_Snow+0.75Floor_Live+0.45LWIND2
    65   Dead+Collateral+0.75Snow-0.45Wind_Long2+0.75Slide_Snow+0.75Floor_Live+0.45LWIND2
    66   Dead+Collateral+0.75Snow-0.45Wind_Long2+0.75Slide_Snow+0.75Floor_Live+0.45LWIND2
    67#  0.6Dead+Wind_Left1
    68#  0.6Dead+Wind_Right1
    69#  0.6Dead+Wind_Left2
    70#  0.6Dead+Wind_Right2
    71#  0.6Dead+Wind_Long1+LWIND1_L2E
    72#  0.6Dead+Wind_Long1+LWIND1_R2E
    73   0.6Dead-Wind_Long1+LWIND1_L2E
    74   0.6Dead-Wind_Long1+LWIND1_R2E
    75   0.6Dead+Wind_Long2+LWIND2_L2E
    76   0.6Dead+Wind_Long2+LWIND2_R2E
    77   0.6Dead-Wind_Long2+LWIND2_L2E
    78   0.6Dead-Wind_Long2+LWIND2_R2E
    79   1.01Dead+1.01Collateral+0.7Seismic_L
    80   1.01Dead+1.01Collateral+0.7Seismic_R
    81   1.01Dead+1.01Collateral+0.75Live+0.52Seismic_L+0.75Floor_Live
    82   1.01Dead+1.01Collateral+0.75Live+0.52Seismic_R+0.75Floor_Live
    83   1.01Dead+1.01Collateral+0.52Seismic_L+0.75Floor_Live
    84   1.01Dead+1.01Collateral+0.52Seismic_R+0.75Floor_Live
    85   0.59Dead+0.7Seismic_L
    86   0.59Dead+0.7Seismic_R
    87   1.01Dead+1.01Collateral+0.7Seismic_Long
    88   1.01Dead+1.01Collateral-0.7Seismic_Long
    89   1.01Dead+1.01Collateral+0.75Live+0.52Seismic_Long+0.75Floor_Live
    90   1.01Dead+1.01Collateral+0.75Live-0.52Seismic_Long+0.75Floor_Live
    91   1.01Dead+1.01Collateral+0.52Seismic_Long+0.75Floor_Live
    92   1.01Dead+1.01Collateral-0.52Seismic_Long+0.75Floor_Live
    93   0.59Dead+0.7Seismic_Long
    94   0.59Dead-0.7Seismic_Long
    95   Dead+Collateral+F4CRANEA1
    96   Dead+Collateral+F4CRANEA2
    97   Dead+Collateral+F4CRANEA3
    98   Dead+Collateral+F4CRANEA4
    99#  Dead+Wind_Left1/2+F4CRANEA1
   100   Dead+Wind_Left2/2+F4CRANEA1
   101   Dead+Wind_Right1/2+F4CRANEA2
   102   Dead+Wind_Right2/2+F4CRANEA2
   103   Dead+Wind_Left1/2+F4CRANEA3
   104   Dead+Wind_Left2/2+F4CRANEA3
   105#  Dead+Wind_Right1/2+F4CRANEA4
   106   Dead+Wind_Right2/2+F4CRANEA4
   107   Dead+20Degree+Floor_Live
   108   Dead+20Degree+Floor_Live
   109   Dead-20Degree+Floor_Live
   110   Dead-20Degree+Floor_Live
   111   Dead+Collateral+0.75Live+15Degree+0.75Floor_Live
   112   Dead+Collateral+0.75Live+15Degree+0.75Floor_Live
   113   Dead+Collateral+0.75Live-15Degree+0.75Floor_Live
   114   Dead+Collateral+0.75Live-15Degree+0.75Floor_Live
   115   Dead+Collateral+0.75Snow+15Degree+0.75Floor_Live
   116   Dead+Collateral+0.75Snow+15Degree+0.75Floor_Live
   117   Dead+Collateral+0.75Snow+15Degree+0.75Snow_Drift+0.75Floor_Live
   118   Dead+Collateral+0.75Snow+15Degree+0.75Snow_Drift+0.75Floor_Live
   119   Dead+Collateral+0.75Snow+15Degree+0.75Slide_Snow+0.75Floor_Live
   120   Dead+Collateral+0.75Snow+15Degree+0.75Slide_Snow+0.75Floor_Live
   121   Dead+Collateral+0.75Snow-15Degree+0.75Floor_Live
   122   Dead+Collateral+0.75Snow-15Degree+0.75Floor_Live
   123   Dead+Collateral+0.75Snow-15Degree+0.75Snow_Drift+0.75Floor_Live
   124   Dead+Collateral+0.75Snow-15Degree+0.75Snow_Drift+0.75Floor_Live
   125   Dead+Collateral+0.75Snow-15Degree+0.75Slide_Snow+0.75Floor_Live
   126   Dead+Collateral+0.75Snow-15Degree+0.75Slide_Snow+0.75Floor_Live
  Special Combinations:
   127   1.01Dead+1.01Collateral+2.1Seismic_L
   128   1.01Dead+1.01Collateral+2.1Seismic_R
   129   1.01Dead+1.01Collateral+0.75Live+1.57Seismic_L+0.75Floor_Live
   130   1.01Dead+1.01Collateral+0.75Live+1.57Seismic_R+0.75Floor_Live
   131   1.01Dead+1.01Collateral+1.57Seismic_L+0.75Floor_Live
   132   1.01Dead+1.01Collateral+1.57Seismic_R+0.75Floor_Live
   133   0.59Dead+2.1Seismic_L
   134   0.59Dead+2.1Seismic_R
   135   1.01Dead+1.01Collateral+2.1Seismic_L
   136   1.01Dead+1.01Collateral+2.1Seismic_R
   137   1.01Dead+1.01Collateral+0.75Live+1.57Seismic_L+0.75Floor_Live
   138   1.01Dead+1.01Collateral+0.75Live+1.57Seismic_R+0.75Floor_Live
   139   1.01Dead+1.01Collateral+1.57Seismic_L+0.75Floor_Live
   140   1.01Dead+1.01Collateral+1.57Seismic_R+0.75Floor_Live
   141   0.59Dead+2.1Seismic_L
   142   0.59Dead+2.1Seismic_R

 PLATE LIMITS:
 -------------
       -----Web----  -----Flange----                  Web_Depth/     Web_Area/
  Seg   Depth/Thick  Width/(2xThick)  ---Flange---  Flange_Width   Flange_Area
   Id   Calc  Limit    Calc  Limit    Thick    Min   Calc  Limit   Calc  Limit
  ---  -----  -----   -----  -----    -----  -----  -----  -----  -----  -----
    1   80.0  180.0    12.5   16.5     6.00           2.7           2.2   10.0
    2  100.0  180.0    12.5   16.5     5.00           3.2           2.6   10.0
    3  100.0  180.0    12.5   16.5     5.00           3.2           2.6   10.0
    4   80.0  180.0    12.5   16.5     6.00           2.7           2.2   10.0

 FRAME AREA:
 ----------
    Frame    Area=    11.6
    Building Area=   120.7
            Ratio=    0.10


 WEIGHTS:
 --------

    Member             1     2     3     4
    ----------     ----- ----- ----- -----
    Weight (kg)      277   129   129   277 

                      Total Weight (kg)
                        Frame         =      813
                        Splice Plate  =       85
                        Base   Plate  =       44
                                        --------
                                             942
 


 REACTIONS - Sidewall Columns:
 -----------------------------

   Load   ----------Left_Column----------   ----------Right_Column---------
     Id   Fx(kN)  Fy(kN)  Fz(kN)  M(kN-m)   Fx(kN)  Fy(kN)  Fz(kN)  M(kN-m)  
   ----   ------ ------- ------- --------   ------ ------- ------- --------
      1     9.31   34.63    0.00   -27.86    -9.31   38.70    0.00    31.82
      2     9.32   34.75    0.00   -29.16    -9.32   38.57    0.00    30.51
      3     2.25   10.39    0.00    -6.72    -2.25   11.25    0.00     7.65
      4     2.25   10.42    0.00    -7.11    -2.25   11.21    0.00     7.26
      5     2.25   10.39    0.00    -6.72    -2.25   11.25    0.00     7.65
      6     2.25   10.42    0.00    -7.11    -2.25   11.21    0.00     7.26
      7     2.25   10.39    0.00    -6.72    -2.25   11.25    0.00     7.65
      8     2.25   10.42    0.00    -7.11    -2.25   11.21    0.00     7.26
      9     2.25   10.39    0.00    -6.72    -2.25   11.25    0.00     7.65
     10     2.25   10.42    0.00    -7.11    -2.25   11.21    0.00     7.26
     11     1.63    8.25    0.00    -4.86    -1.63    8.83    0.00     5.52
     12     1.63    8.28    0.00    -5.16    -1.63    8.80    0.00     5.22
     13     2.25   10.39    0.00    -6.72    -2.25   11.25    0.00     7.65
     14     2.25   10.42    0.00    -7.11    -2.25   11.21    0.00     7.26
     15     2.25   10.39    0.00    -6.72    -2.25   11.25    0.00     7.65
     16     2.25   10.42    0.00    -7.11    -2.25   11.21    0.00     7.26
     17     2.25   10.39    0.00    -6.72    -2.25   11.25    0.00     7.65
     18     2.25   10.42    0.00    -7.11    -2.25   11.21    0.00     7.26
     19   -11.18    0.46    0.00    42.06   -19.95   13.31    0.00    60.97
     20    20.07   11.79    0.00   -60.84    10.37   -2.17    0.00   -40.19
     21   -17.63   11.83    0.00    49.40   -13.49   24.75    0.00    54.32
     22    13.61   23.22    0.00   -54.18    16.82    9.19    0.00   -47.52
     23    16.56  -15.30    9.42   -29.23   -16.08   -8.11    9.40    27.75
     24    16.09  -11.31    9.42   -25.73   -16.57  -12.10    9.40    31.25
     25    16.55    8.66    0.00   -29.24   -16.07   15.77    0.00    27.74
     26    16.07   12.64    0.00   -25.69   -16.55   11.79    0.00    31.29
     27    10.11   -3.90    9.42   -22.23    -9.63    3.28    9.40    20.75
     28     9.63    0.08    9.42   -18.69   -10.11   -0.69    9.40    24.29
     29    10.10   20.06    0.00   -22.24    -9.62   27.16    0.00    20.75
     30     9.62   24.04    0.00   -18.66   -10.10   23.19    0.00    24.33
     31   -16.49  -17.71    0.00    57.74   -14.63   -7.29    0.00    42.69
     32   -16.49  -17.71    0.00    57.74   -14.63   -7.29    0.00    42.69
     33   -16.49  -17.71    0.00    57.74   -14.63   -7.29    0.00    42.69
     34    14.75   -6.48    0.00   -44.06    15.68  -22.67    0.00   -57.37
     35    14.75   -6.48    0.00   -44.06    15.68  -22.67    0.00   -57.37
     36    14.75   -6.48    0.00   -44.06    15.68  -22.67    0.00   -57.37
     37   -22.94   -6.34    0.00    65.08    -8.19    4.14    0.00    36.03
     38   -22.94   -6.34    0.00    65.08    -8.19    4.14    0.00    36.03
     39   -22.94   -6.34    0.00    65.08    -8.19    4.14    0.00    36.03
     40     8.30    4.95    0.00   -37.40    22.13  -11.30    0.00   -64.71
     41     8.30    4.95    0.00   -37.40    22.13  -11.30    0.00   -64.71
     42     8.30    4.95    0.00   -37.40    22.13  -11.30    0.00   -64.71
     43     7.65  -15.94    5.65   -10.56    -7.36  -12.71    5.64     8.99
     44     7.36  -13.55    5.65    -8.47    -7.65  -15.10    5.64    11.08
     45     7.65   -1.57    0.00   -10.57    -7.36    1.62    0.00     8.99
     46     7.36    0.82    0.00    -8.47    -7.65   -0.77    0.00    11.09
     47     7.65  -15.94    5.65   -10.56    -7.36  -12.71    5.64     8.99
     48     7.36  -13.55    5.65    -8.47    -7.65  -15.10    5.64    11.08
     49     7.65   -1.57    0.00   -10.57    -7.36    1.62    0.00     8.99
     50     7.36    0.82    0.00    -8.47    -7.65   -0.77    0.00    11.09
     51     7.65  -15.94    5.65   -10.56    -7.36  -12.71    5.64     8.99
     52     7.36  -13.55    5.65    -8.47    -7.65  -15.10    5.64    11.08
     53     7.65   -1.57    0.00   -10.57    -7.36    1.62    0.00     8.99
     54     7.36    0.82    0.00    -8.47    -7.65   -0.77    0.00    11.09
     55     3.78   -9.10    5.65    -6.37    -3.49   -5.87    5.64     4.79
     56     3.49   -6.71    5.65    -4.26    -3.78   -8.26    5.64     6.89
     57     3.78    5.27    0.00    -6.38    -3.49    8.46    0.00     4.79
     58     3.49    7.66    0.00    -4.26    -3.78    6.07    0.00     6.91
     59     3.78   -9.10    5.65    -6.37    -3.49   -5.87    5.64     4.79
     60     3.49   -6.71    5.65    -4.26    -3.78   -8.26    5.64     6.89
     61     3.78    5.27    0.00    -6.38    -3.49    8.46    0.00     4.79
     62     3.49    7.66    0.00    -4.26    -3.78    6.07    0.00     6.91
     63     3.78   -9.10    5.65    -6.37    -3.49   -5.87    5.64     4.79
     64     3.49   -6.71    5.65    -4.26    -3.78   -8.26    5.64     6.89
     65     3.78    5.27    0.00    -6.38    -3.49    8.46    0.00     4.79
     66     3.49    7.66    0.00    -4.26    -3.78    6.07    0.00     6.91
     67   -24.04  -32.48    0.00    82.75   -17.47  -19.44    0.00    49.75
     68    17.62  -17.61    0.00   -52.03    22.96  -39.86    0.00   -82.71
     69   -32.63  -17.34    0.00    92.67    -8.88   -4.19    0.00    41.01
     70     9.03   -2.35    0.00   -43.32    31.55  -24.72    0.00   -92.66
     71    12.96  -53.60   12.56   -11.05   -12.32  -47.90   12.53     6.70
     72    12.32  -48.28   12.56    -6.52   -12.96  -53.22   12.53    11.23
     73    12.95  -21.66    0.00   -11.09   -12.31  -16.06    0.00     6.66
     74    12.31  -16.34    0.00    -6.48   -12.95  -21.38    0.00    11.27
     75     4.37  -38.40   12.56    -1.75    -3.73  -32.70   12.53    -2.66
     76     3.73  -33.08   12.56     2.85    -4.37  -38.02   12.53     1.94
     77     4.36   -6.46    0.00    -1.78    -3.72   -0.86    0.00    -2.69
     78     3.72   -1.15    0.00     2.89    -4.36   -6.17    0.00     1.98
     79     1.56   10.13    0.00    -2.98    -2.99   11.72    0.00    11.53
     80     2.99   10.89    0.00   -10.99    -1.56   10.96    0.00     3.53
     81     7.04   28.43    0.00   -20.16    -8.10   32.18    0.00    28.32
     82     8.10   29.01    0.00   -26.20    -7.04   31.61    0.00    22.29
     83     1.74   10.23    0.00    -4.01    -2.80   11.63    0.00    10.50
     84     2.80   10.79    0.00    -9.96    -1.74   11.06    0.00     4.56
     85     0.25    4.50    0.00     1.03    -1.67    5.58    0.00     7.15
     86     1.67    5.26    0.00    -6.94    -0.25    4.82    0.00    -0.82
     87     2.27    9.85    0.52    -6.99    -2.27   10.68    0.52     7.53
     88     2.27   11.17    0.00    -6.99    -2.27   12.00    0.00     7.53
     89     7.57   28.23    0.38   -23.18    -7.57   31.41    0.38    25.30
     90     7.57   29.21    0.00   -23.18    -7.57   32.38    0.00    25.31
     91     2.27   10.02    0.38    -6.99    -2.27   10.85    0.38     7.53
     92     2.27   11.00    0.00    -6.99    -2.27   11.83    0.00     7.53
     93     0.96    4.22    0.52    -2.96    -0.96    4.54    0.52     3.17
     94     0.96    5.53    0.00    -2.96    -0.96    5.86    0.00     3.17
     95     0.75   82.78    0.00    25.88   -14.25   32.93    0.00    65.32
     96    14.12   87.63    0.00   -43.64    -0.62   28.09    0.00    -4.14
     97     0.61   27.26    0.00     4.68   -14.11   88.45    0.00    44.18
     98    14.26   32.11    0.00   -64.79    -0.76   83.61    0.00   -25.33
     99   -12.48   62.06    0.00    69.25   -21.78   18.02    0.00    85.13
    100   -16.78   69.61    0.00    74.37   -17.48   25.66    0.00    80.92
    101    21.91   74.13    0.00   -65.41    11.87    3.17    0.00   -48.39
    102    17.62   81.75    0.00   -60.96    16.17   10.75    0.00   -53.27
    103   -12.42    6.48    0.00    48.63   -21.84   73.59    0.00    64.49
    104   -16.71   14.06    0.00    53.51   -17.54   81.21    0.00    60.04
    105    21.85   18.55    0.00   -86.05    11.93   58.75    0.00   -69.01
    106    17.56   26.20    0.00   -81.84    16.23   66.30    0.00   -74.13
    107     1.81    8.25    0.00    -6.17    -1.81    8.83    0.00     6.83
    108     1.81    8.28    0.00    -6.47    -1.81    8.80    0.00     6.53
    109     1.44    8.25    0.00    -3.55    -1.44    8.83    0.00     4.21
    110     1.45    8.28    0.00    -3.85    -1.45    8.80    0.00     3.91
    111     7.68   28.57    0.00   -23.56    -7.68   31.84    0.00    26.75
    112     7.69   28.67    0.00   -24.64    -7.69   31.73    0.00    25.67
    113     7.41   28.57    0.00   -21.60    -7.41   31.84    0.00    24.79
    114     7.42   28.67    0.00   -22.67    -7.42   31.73    0.00    23.71
    115     2.39   10.39    0.00    -7.71    -2.39   11.25    0.00     8.63
    116     2.39   10.42    0.00    -8.09    -2.39   11.21    0.00     8.25
    117     2.39   10.39    0.00    -7.71    -2.39   11.25    0.00     8.63
    118     2.39   10.42    0.00    -8.09    -2.39   11.21    0.00     8.25
    119     2.39   10.39    0.00    -7.71    -2.39   11.25    0.00     8.63
    120     2.39   10.42    0.00    -8.09    -2.39   11.21    0.00     8.25
    121     2.11   10.39    0.00    -5.74    -2.11   11.25    0.00     6.67
    122     2.12   10.42    0.00    -6.13    -2.12   11.21    0.00     6.28
    123     2.11   10.39    0.00    -5.74    -2.11   11.25    0.00     6.67
    124     2.12   10.42    0.00    -6.13    -2.12   11.21    0.00     6.28
    125     2.11   10.39    0.00    -5.74    -2.11   11.25    0.00     6.67
    126     2.12   10.42    0.00    -6.13    -2.12   11.21    0.00     6.28


 DEFLECTIONS:
 ------------

          Lateral Defl
  Load    @ Top Of Col   Vert Defl
   Id     Left   Right   On Rafter
  ----    ----   -----  ---------
    1     -1.7     5.8    -35.6
    2     -2.7     4.8    -35.6
    3     -0.4     1.4     -8.6
    4     -0.7     1.1     -8.6
    5     -0.4     1.4     -8.6
    6     -0.7     1.1     -8.6
    7     -0.4     1.4     -8.6
    8     -0.7     1.1     -8.6
    9     -0.4     1.4     -8.6
   10     -0.7     1.1     -8.6
   11     -0.3     1.0     -6.2
   12     -0.6     0.7     -6.2
   13     -0.4     1.4     -8.6
   14     -0.7     1.1     -8.6
   15     -0.4     1.4     -8.6
   16     -0.7     1.1     -8.6
   17     -0.4     1.4     -8.6
   18     -0.7     1.1     -8.6
   19     28.4    29.7     -5.8
   20    -29.4   -28.1     -5.6
   21     27.9    30.7    -13.6
   22    -30.4   -27.6    -13.5
   23     -1.4     0.2     -6.1
   24      2.2     3.8     -6.1
   25     -1.4     0.2     -6.2
   26      2.2     3.8     -6.2
   27     -2.2     1.0    -14.0
   28      1.5     4.6    -14.0
   29     -2.2     0.9    -14.1
   30      1.5     4.6    -14.1
   31     29.2    26.2     14.5
   32     29.2    26.2     14.5
   33     29.2    26.2     14.5
   34    -27.7   -30.7     14.6
   35    -27.7   -30.7     14.6
   36    -27.7   -30.7     14.6
   37     28.7    27.2      6.6
   38     28.7    27.2      6.6
   39     28.7    27.2      6.6
   40    -28.7   -30.2      6.7
   41    -28.7   -30.2      6.7
   42    -28.7   -30.2      6.7
   43     -0.3    -1.2      5.1
   44      1.8     1.0      5.1
   45     -0.4    -1.2      5.0
   46      1.8     1.0      5.0
   47     -0.3    -1.2      5.1
   48      1.8     1.0      5.1
   49     -0.4    -1.2      5.0
   50      1.8     1.0      5.0
   51     -0.3    -1.2      5.1
   52      1.8     1.0      5.1
   53     -0.4    -1.2      5.0
   54      1.8     1.0      5.0
   55     -0.8    -0.8      0.4
   56      1.4     1.4      0.4
   57     -0.8    -0.8      0.3
   58      1.4     1.4      0.4
   59     -0.8    -0.8      0.4
   60      1.4     1.4      0.4
   61     -0.8    -0.8      0.3
   62      1.4     1.4      0.4
   63     -0.8    -0.8      0.4
   64      1.4     1.4      0.4
   65     -0.8    -0.8      0.3
   66      1.4     1.4      0.4
   67     39.0    33.5     27.0
   68    -36.0   -41.6     27.2
   69     38.5    34.9     16.5
   70    -37.5   -41.1     16.7
   71      0.3    -4.8     26.6
   72      5.0    -0.1     26.6
   73      0.3    -4.8     26.4
   74      5.0    -0.1     26.4
   75     -0.7    -3.8     16.1
   76      4.0     0.9     16.1
   77     -0.7    -3.9     15.9
   78      4.1     0.9     15.9
   79      2.6     4.5     -8.6
   80     -3.8    -2.0     -8.6
   81      0.6     6.7    -28.9
   82     -4.2     1.8    -28.9
   83      1.8     3.6     -8.6
   84     -3.0    -1.2     -8.6
   85      3.0     3.7     -3.6
   86     -3.5    -2.7     -3.6
   87     -0.6     1.2     -8.6
   88     -0.6     1.2     -8.6
   89     -1.8     4.3    -28.9
   90     -1.8     4.3    -28.9
   91     -0.6     1.2     -8.6
   92     -0.6     1.2     -8.6
   93     -0.3     0.5     -3.6
   94     -0.3     0.5     -3.6
   95     39.2    40.9    -10.7
   96    -10.2    -8.5     -8.9
   97      9.1    10.8     -8.9
   98    -40.3   -38.6    -10.6
   99     57.9    55.9     11.2
  100     57.8    56.8      8.5
  101    -27.2   -29.3      9.0
  102    -27.9   -28.9      3.7
  103     28.3    26.3      8.9
  104     27.9    26.9      3.7
  105    -56.9   -58.9     11.4
  106    -57.7   -58.8      8.7
  107     -1.6     2.3     -3.3
  108     -1.9     2.1     -3.3
  109      1.0    -0.3     -9.1
  110      0.8    -0.6     -9.1
  111     -2.3     5.7    -26.6
  112     -3.2     4.8    -26.6
  113     -0.4     3.7    -31.0
  114     -1.2     2.8    -31.0
  115     -1.4     2.4     -6.4
  116     -1.7     2.0     -6.4
  117     -1.4     2.4     -6.4
  118     -1.7     2.0     -6.4
  119     -1.4     2.4     -6.4
  120     -1.7     2.0     -6.4
  121      0.6     0.4    -10.7
  122      0.3     0.1    -10.7
  123      0.6     0.4    -10.7
  124      0.3     0.1    -10.7
  125      0.6     0.4    -10.7
  126      0.3     0.1    -10.7


 DEFLECTIONS RATIO:
 ------------------

          Lateral Defl
  Load    @ Top Of Col   Vert Defl
   Id     Left   Right   On Rafter
  ----    ----   -----  ---------
    1     5399    1533     359 
    2     3296    1873     359 
    3    21151    6501    1496 
    4    12172    8409    1496 
    5    21151    6501    1496 
    6    12172    8409    1496 
    7    21151    6501    1496 
    8    12172    8409    1496 
    9    21151    6501    1496 
   10    12172    8409    1496 
   11    28689    9078    2073 
   12    16028   12106    2074 
   13    21151    6501    1496 
   14    12172    8409    1496 
   15    21151    6501    1496 
   16    12172    8409    1496 
   17    21151    6501    1496 
   18    12172    8409    1496 
   19      314     300    2225 
   20      303     317    2269 
   21      319     290     938 
   22      293     322     946 
   23     6249   40332    2097 
   24     4117    2338    2097 
   25     6220   41392    2054 
   26     4063    2320    2054 
   27     4142    9359     915 
   28     6061    1948     915 
   29     4129    9414     906 
   30     5944    1935     906 
   31      305     340     882 
   32      305     340     882 
   33      305     340     882 
   34      322     290     875 
   35      322     290     875 
   36      322     290     875 
   37      310     327    1933 
   38      310     327    1933 
   39      310     327    1933 
   40      310     295    1900 
   41      310     295    1900 
   42      310     295    1900 
   43    25764    7477    2524 
   44     4952    9345    2524 
   45    25404    7449    2563 
   46     4930    9264    2563 
   47    25766    7477    2524 
   48     4952    9345    2524 
   49    25406    7449    2563 
   50     4930    9264    2563 
   51    25768    7477    2524 
   52     4952    9345    2524 
   53    25408    7450    2563 
   54     4930    9264    2563 
   55    11390   11810   34240 
   56     6484    6355   28596 
   57    11319   11742   42897 
   58     6447    6317   34333 
   59    11390   11810   34240 
   60     6484    6355   28596 
   61    11319   11742   42898 
   62     6447    6317   34333 
   63    11390   11810   34240 
   64     6484    6355   28596 
   65    11319   11742   42898 
   66     6447    6317   34334 
   67      228     266     473 
   68      247     214     470 
   69      231     255     774 
   70      238     216     767 
   71    29259    1864     481 
   72     1789   85349     481 
   73    32375    1852     484 
   74     1778   99999     484 
   75    13069    2329     797 
   76     2202    9872     797 
   77    12518    2311     805 
   78     2184    9521     805 
   79     3369    2000    1481 
   80     2339    4456    1481 
   81    13748    1327     442 
   82     2111    4839     443 
   83     4910    2458    1481 
   84     2990    7616    1481 
   85     3011    2394    3514 
   86     2567    3290    3516 
   87    15299    7260    1481 
   88    15303    7259    1480 
   89     4986    2084     442 
   90     4987    2084     442 
   91    15299    7260    1481 
   92    15302    7259    1480 
   93    34827   17595    3515 
   94    34833   17592    3508 
   95      227     218    1193 
   96      876    1047    1445 
   97      974     824    1445 
   98      221     230    1203 
   99      153     159    1143 
  100      154     157    1504 
  101      327     304    1423 
  102      319     308    3423 
  103      315     339    1435 
  104      319     331    3497 
  105      156     151    1124 
  106      154     151    1472 
  107     5483    3880    3903 
  108     4764    4345    3904 
  109     8877   26739    1412 
  110    11748   15397    1412 
  111     3818    1568     480 
  112     2783    1850     480 
  113    24630    2401     413 
  114     7249    3135     413 
  115     6332    3781    2005 
  116     5187    4355    2005 
  117     6332    3781    2005 
  118     5187    4355    2005 
  119     6332    3781    2005 
  120     5187    4355    2005 
  121    15785   23175    1193 
  122    35115   99999    1193 
  123    15785   23175    1193 
  124    35115   99999    1193 
  125    15785   23175    1193 
  126    35115   99999    1193 

 MAX DEFLECTION:
 ---------------
                      Load  Deflect  Span/Deflect
    Type                Id     (mm)   Calc  Limit
    ----------------  ----  -------  -----  -----
    Live  Vertical            -27.0   474.   150.
    Total Vertical       1    -35.6   360.   150.
    Horizontal Drift   105    -58.9   151.   100.
    Horizontal Total   105    -58.9   151.   100.

    Horizontal Spring Constant= 0.445 kN/mm

 CRANE/FLOOR DEFLECTION:
 -----------------------
                         Height  Load  Deflect    Span/
    Id       Locate        (mm)    Id     (mm)  Deflect   Limit
    -------  ----------  ------  ----  -------  -------  ------
    Crane1   Left  Col     7000    99     47.0     149.    100.
    Crane1   Right Col     7000   105    -47.8     146.    100.


 P-DELTA - Effective Length:
 -----------------------------
  CONVERGENCE CHECK:
                Max
            Deflect
    Column    Ratio
    ------  -------
    Left     0.0341   
    Right    0.0442   

  MAXIMUM DRIFT CHECK:
           Max_Drift(mm)  Second/
    Load  First   Second   First
     Id    Order   Order   Ratio
    ----  ------  ------  -------
    121      0.4     0.6    1.39
 
================================================================================
 C463-002            Frame  4 - Crane Brackets              18/DEC/2025  2:49pm
================================================================================

 CRANE LAYOUT:
 -------------
   Crane        Span  -Offset(mm)-
     Id   Type   Id    Left  Right
   -----  ----  ----  -----  -----
      1    TG     1    1200   1200

 BRACKET DESIGN:
 --------------
   Crane                   Factored_Shear(kN)  Factored_Moment(kN-m)
     Id   Side   Part       Calc  Limit    UC    Calc  Limit    UC
   -----  -----  --------  -----  -----  ----   -----  -----  ----
      1   Left   W35b228   76.80 191.96  0.40   42.69 120.40  0.35
      1   Right  W35b228   76.80 191.96  0.40   42.69 120.40  0.35
 

 STIFFENER DESIGN:
 -----------------
   Crane                     -Stiffener_Size(mm)-  -----Force(kN)----
     Id   Side   Locate      Width  Thick  Length   Calc  Limit    UC
   -----  -----  ----------  -----  -----  ------  -----  -----  ----
      1   Left   Top Flange   70.0   6.00   400.0 -116.7 136.40  0.86
      1   Left   Bot Flange   70.0   6.00   400.0 116.67 265.56  0.44
      1   Left   Crane Beam  140.0   6.00   400.0   0.00 309.99  0.00
      1   Left   Diagonal    (a)     
      1   Left   Bracket     (a)     
      1   Right  Top Flange   70.0   6.00   400.0 -116.7 136.40  0.86
      1   Right  Bot Flange   70.0   6.00   400.0 116.67 265.56  0.44
      1   Right  Crane Beam  140.0   6.00   400.0   0.00 309.99  0.00
      1   Right  Diagonal    (a)     
      1   Right  Bracket     (a)     

                             (a)Not Required
================================================================================
 C463-002            Frame  4 - Rigid Frame Clearances      18/DEC/2025  2:49pm
================================================================================

 VERTICAL CLEARANCE:
 -------------------
   Location                          Span    X_Coord    Y_Coord
   ------------------------       -------   --------   --------
   Left                              8551        641       8551 
   Right                             8551      12159       8551 
   Midspan                           9227       6400       9227 

 HORIZONTAL CLEARANCE:
 ---------------------
   Location                          Span   X_CoordL   X_CoordR
   ------------------------       -------   --------   --------
   Left  - Right                    11512        644      12156 



 CRANE VERTICAL CLEARANCE:
 -------------------------
   Crane  Location          Clear    X_Coord   Y_Coord
   -----  ----------    ---------   --------  --------
      1   Right              1551      12159      8551 

 CRANE HORIZONTAL CLEARANCE:
 ----------------------------
   Crane  Location          Clear    X_Coord   Y_Coord
   -----  ----------    ---------   --------  --------
      1   Left                414        636      7000 
      1   Right               414      12164      7000 
================================================================================
 C463-002            Frame  4 - Weight Summary              18/DEC/2025  2:49pm
================================================================================

                      Total Weight (kg)
                        Frame         =      813
                        Splice Plate  =       85
                        Base   Plate  =       44
                                        --------
                                             942
 
================================================================================
 C463-002            Frame  4 - Warning Summary             18/DEC/2025  2:49pm
================================================================================

  FRAME RAFTER
    End Plate
      WRN(RFE-413): Weld Size < Required
