*===============================================================================
*C463-002            Rigid Frame Design Input               17/DEC/2025  4:15pm
*===============================================================================
 
*( 1)JOBID:
    'C463-002'
 
*( 2)FRAME DESIGN OPTIONS:
*--Frame-    -------Frame_Space-------  Section  Web_Stiffener     P
*Id  Type      L_Col    R_Col   Rafter    Space  Use Ratio Side  Delta
  5 'RFE'     4463.0   4463.0   4463.0    500.0  'N'  0.00 'Y '  'EL'
 
*( 3)FRAME LINES:
*No.    Line_Id
   1    5
 
*( 4)OPTIMIZATION OPTIONS:
*Plate  Depth  Frame  -L_Col_Depth_Opt-  -R_Col_Depth_Opt-    Rafter_Depth_Opt
* Opt    Opt    Sym   Typ    Min    Max  Typ    Min    Max   Typ    Min    Max
  'N'    'N'    'S'  'T '  250.0 1400.0 'T '  250.0 1400.0  'T '  300.0 1400.0
 
*( 5)DESIGN CODE:
*Design  ---Steel_Code---             ---Build---   Code      Seismic
* Code   Cold       Hot      Country  Code   Year   Label      Zone
  'WS ' 'NAUS07  ' 'AISC05'  '    '  'MBMA'  '10'  'MBMA 10 '  'C  '
 
*( 6)DESIGN CONSTANTS:
*                        ---Strength_Factor---
* ----Stress_Ratio----           ---Seismic---
* Frame  Col   EP   BP     Wind   Frame  SpcEP
   1.00 1.00 1.00 1.00   1.0000  1.0000 1.0000
 
*( 7)STEEL YIELDS:
* Web   Flg  C_Sec  W_Sec  R_Sec  P_Sec  T_Sec  U_Sec    EP     BP
  345   345    345    345    235    345    317    235   345    345
 
*( 8)DEFLECTION LIMITS:
* ------Vertical-----  -------Horizontal-------  -Weak_Axis-
*  Live   Wind  Total  Total  Seis  Crane Floor   Wind  Seis
  150.0    0.0  150.0  100.0  50.0  100.0   0.0   60.0  50.0
 
*( 9)REPORTS:
* Input Design   End  Base  Revise Action Sec  Flange Segment Unbrc Floor  Diag
* Echo  Summary Plate Plate Input  Stress Prop Brace  Displ.   Len  React Brace
  'Y'    'Y'     'Y'   'Y'   'Y'    'N'   'N'   'Y'     'N'    'N'   'N'   'N'
 
*(10)BUILDING LAYOUT:
*                             -----------Wall-----------
* Type      Width     Length  Type Opt   Offset   Length
  'FF'    12800.0    30500.0   '-' '-'     0.00  12800.0
 
*(11)SURFACE SHAPE:
* No.    X_Coord   Y_Coord  Offset
   4         0.0    9100.0  230.00
          6400.0    9740.0  200.00
         12800.0    9100.0  200.00
         12800.0       0.0  230.00
 
 
*(12)MEMBER DEPTHS:
*Surf   ----Depth----  No.   --Interior_Depth-
* Id    Start     End  Dep    Locate     Depth
   1   400.00  400.00   0
   2   400.00  300.00   0
   3   300.00  400.00   0
   4   400.00  400.00   0
 
*(13)MEMBER SPLICES:
*Surf
* Id   No.    Locate   Type
   1    0
   2    1        0.0  'HSS '
   3    1        0.0  '-SS '
   4    1        0.0  'HSS '
 
*(14)SEGMENT PLATES:
*    Surf Mem ---Segment--    Member      Flange  ----Plate_Thickness---
*No.  Id   Id  Id   Length    Part         Width     Web  OS_Flg  IS_Flg
   4   1    1   1      0.0   '--------'   150.00    5.00    6.00    8.00
       2    2   2      0.0   '--------'   125.00    4.00    5.00    5.00
       3    3   3      0.0   '--------'   125.00    4.00    5.00    5.00
       4    4   4      0.0   '--------'   150.00    5.00    6.00    8.00
 
*(15)INTERIOR COLUMNS:
*      --------Column-------  Cap   Rafter   Unbrace_Length  ----Column---
* No.  Id  Typ  Rot   Locate  Conn   Opt     Major    Minor  Set  Part
   0
 
*(16)INTERIOR COLUMN PLATES:
* -Column- -----Depth----  No.    Start  ---Web_Depth--     Web    Flg  --Thickness--
* Id Shape    Min     Max  Mem   Locate   Start     End   Thick  Width  OS_Flg IS_Flg
 
*(17)INTERIOR COLUMN SPLICES:
*         Col
* No. Id   Id    Locate  Type
   0
 
*(18)BASE & WALL OPTIONS:
*----------Base----------      Open  Brace
* Id   Conn   Opt    Elev    Height   Opt
   1   'FI'   '-'    0.00       0.0   '-'   Left  Column
   2   'FI'   '-'    0.00       0.0   '-'   Right Column
 
*(19)BASE DISPLACEMENT:
*Base
* Id   Opt  Dir  Displace
   0   '-'  '-'     0.00
 
*(20)BASE SPRINGS:
*      Base         --Spring_Constants--
* No.   Id    Elev    Horz   Vert Rotate
   0
 
*(21)WALL GIRT:
*Surf                                       Bay
* Id  Type  Part       Depth   Proj     Lap  Id  No.  Locate Type
   1  'ZB' '200Z15  ' 200.00 230.00   660.0   1   5   3080.0 'ZB'
                                                      4580.0 'ZB'
                                                      6080.0 'ZB'
                                                      7280.0 'ZB'
                                                      8280.0 'ZB'
   4  'ZB' '200Z15  ' 200.00 230.00   660.0   4   5   3080.0 'ZB'
                                                      4580.0 'ZB'
                                                      6080.0 'ZB'
                                                      7280.0 'ZB'
                                                      8280.0 'ZB'
 
*(22)ROOF PURLIN:
*Surf
* Id  Type  Part       Depth   Proj     Lap
   2  'ZB' '200Z18  ' 200.00   0.00   960.0
   3  'ZB' '200Z18  ' 200.00   0.00   960.0
 
*(23)ROOF PURLIN LOCATION:
*Surf    Peak
* Id    Space  No.  Locate
   2    300.0   4   1334.9   2933.9   4532.9   6131.9
   3    300.0   4    300.0   1899.0   3498.0   5097.0
 
*(24)FLANGE BRACE:
*Surf       Locate  Side
* Id  No.     Id     Opt
   1   5       1     'L'
               2     'L'
               3     'L'
               4     'L'
               5     'L'
   2   4       1     'L'
               2     'L'
               3     'L'
               4     'N'
   3   4       1     'N'
               2     'L'
               3     'L'
               4     'L'
   4   5       1     'L'
               2     'L'
               3     'L'
               4     'L'
               5     'L'
 
*(25)COLUMN ADDITIONAL BRACE LOCATIONS:
*     Col                  -Minor-
*No.   Id   Height  Major  Out  In
  2     0   6850.0   'N'   'N'  'Y'
        1   6850.0   'N'   'N'  'Y'
 
 
*(26)EXTENSIONS:
*Surf                   ----Horizontal_Size----   -----Vertical_Size-----     Load
* Id  No.  Id  Type Opt     Elev    Width  Slope     Elev   Height  Slope    Width
   1   0
   4   0
 
*(27)LOAD GROUPS:
*    Group
*No.   Id   Description
   1  '-'  'Standard       '
 
*(28)BASIC LOADS:
*                                             ---Deflection---
*Group Dead  Coll   Live   Snow  Rain  Basic     Load_Ratio       Temp
*  Id  Load  Load   Load   Load  Load   Wind  Snow  Wind  Seis   Change
  '-' 0.100 0.050  0.570  0.000  0.00  0.986  1.00  1.00  1.00     20.0
 
*(29)BASIC LOADS AT EAVE:
*Group Seis   --Torsion--   --EW_Brace-   --Extension--  -Additional-
*  Id  Load   Wind   Seis   Wind   Seis    Wind   Seis    Wind   Seis
  '-'  0.86   0.00   0.00   0.00   0.00    0.21   0.05    0.00   0.00
 
*(30)WIND COEFFICIENT:
*Group Surf  ---Wind_1--   ---Wind_2--   ---Wind_3--   ---Wind_4--     Long_Wind  Surface
*  Id   Id   Left  Right   Left  Right   Left  Right   Left  Right      1      2  Friction
  '-'    1   0.44  -0.62   0.80  -0.26   0.00   0.00   0.00   0.00  -0.63  -0.27    0.00
  '-'    2  -1.25  -0.72  -0.89  -0.36   0.00   0.00   0.00   0.00  -0.87  -0.51    0.00
  '-'    3  -0.72  -1.25  -0.36  -0.89   0.00   0.00   0.00   0.00  -0.87  -0.51    0.00
  '-'    4  -0.62   0.44  -0.26   0.80   0.00   0.00   0.00   0.00  -0.63  -0.27    0.00
 
*(31)LONGITUDINAL & WEAK AXIS BRACING LOADS:
*Group  ----Wind----    ---Seismic--   -Weak_Axis-
*  Id   Horz    Vert    Horz    Vert   Wind   Seis
  '-'  12.56   15.97    0.74    0.94   0.00   0.00  Left  Column
  '-'  12.53   15.92    0.74    0.94   0.00   0.00  Right Column
 
*(32)DESIGN LOADS:Strength
*                -----------------------------------------------------Load_Coefficients-----------------------------------------------------
*         Group             ---Live---       --Add_Snow-        --Wind_1--  --Wind_2--  --Wind_3--  --Wind_4--   Long_Wind  --Seismic-         Aux_Load
*No.   Id   Id  Dead  Coll  Roof Floor  Snow Drift Slide  Rain    Lt    Rt    Lt    Rt    Lt    Rt    Lt    Rt     1     2  Long  Tran  Temp  Id  Coeff
 126    1  '-'  1.00  1.00  1.00  0.00  0.00  0.00  0.00  0.00  0.00  0.00  0.00  0.00  0.00  0.00  0.00  0.00  0.00  0.00  0.00  0.00  0.00   0   0.00
        2  '-'  1.00  1.00  1.00  0.00  0.00  0.00  0.00  0.00  0.00  0.00  0.00  0.00  0.00  0.00  0.00  0.00  0.00  0.00  0.00  0.00  0.00   0   0.00
        3  '-'  1.00  1.00  0.00  1.00  0.00  0.00  0.00  0.00  0.00  0.00  0.00  0.00  0.00  0.00  0.00  0.00  0.00  0.00  0.00  0.00  0.00   0   0.00
        4  '-'  1.00  1.00  0.00  1.00  0.00  0.00  0.00  0.00  0.00  0.00  0.00  0.00  0.00  0.00  0.00  0.00  0.00  0.00  0.00  0.00  0.00   0   0.00
        5  '-'  1.00  1.00  0.00  0.00  1.00  0.00  0.00  0.00  0.00  0.00  0.00  0.00  0.00  0.00  0.00  0.00  0.00  0.00  0.00  0.00  0.00   0   0.00
        6  '-'  1.00  1.00  0.00  0.00  1.00  0.00  0.00  0.00  0.00  0.00  0.00  0.00  0.00  0.00  0.00  0.00  0.00  0.00  0.00  0.00  0.00   0   0.00
        7  '-'  1.00  1.00  0.00  0.00  1.00  1.00  0.00  0.00  0.00  0.00  0.00  0.00  0.00  0.00  0.00  0.00  0.00  0.00  0.00  0.00  0.00   0   0.00
        8  '-'  1.00  1.00  0.00  0.00  1.00  1.00  0.00  0.00  0.00  0.00  0.00  0.00  0.00  0.00  0.00  0.00  0.00  0.00  0.00  0.00  0.00   0   0.00
        9  '-'  1.00  1.00  0.00  0.00  1.00  0.00  1.00  0.00  0.00  0.00  0.00  0.00  0.00  0.00  0.00  0.00  0.00  0.00  0.00  0.00  0.00   0   0.00
       10  '-'  1.00  1.00  0.00  0.00  1.00  0.00  1.00  0.00  0.00  0.00  0.00  0.00  0.00  0.00  0.00  0.00  0.00  0.00  0.00  0.00  0.00   0   0.00
       11  '-'  1.00  0.00  0.00  0.00  0.00  0.00  0.00  0.00  0.00  0.00  0.00  0.00  0.00  0.00  0.00  0.00  0.00  0.00  0.00  0.00  0.00   0   0.00
       12  '-'  1.00  0.00  0.00  0.00  0.00  0.00  0.00  0.00  0.00  0.00  0.00  0.00  0.00  0.00  0.00  0.00  0.00  0.00  0.00  0.00  0.00   0   0.00
       13  '-'  1.00  1.00  0.00  0.75  0.75  0.00  0.00  0.00  0.00  0.00  0.00  0.00  0.00  0.00  0.00  0.00  0.00  0.00  0.00  0.00  0.00   0   0.00
       14  '-'  1.00  1.00  0.00  0.75  0.75  0.00  0.00  0.00  0.00  0.00  0.00  0.00  0.00  0.00  0.00  0.00  0.00  0.00  0.00  0.00  0.00   0   0.00
       15  '-'  1.00  1.00  0.00  0.75  0.75  0.75  0.00  0.00  0.00  0.00  0.00  0.00  0.00  0.00  0.00  0.00  0.00  0.00  0.00  0.00  0.00   0   0.00
       16  '-'  1.00  1.00  0.00  0.75  0.75  0.75  0.00  0.00  0.00  0.00  0.00  0.00  0.00  0.00  0.00  0.00  0.00  0.00  0.00  0.00  0.00   0   0.00
       17  '-'  1.00  1.00  0.00  0.75  0.75  0.00  0.75  0.00  0.00  0.00  0.00  0.00  0.00  0.00  0.00  0.00  0.00  0.00  0.00  0.00  0.00   0   0.00
       18  '-'  1.00  1.00  0.00  0.75  0.75  0.00  0.75  0.00  0.00  0.00  0.00  0.00  0.00  0.00  0.00  0.00  0.00  0.00  0.00  0.00  0.00   0   0.00
       19  '-'  1.00  1.00  0.75  0.75  0.00  0.00  0.00  0.00  0.75  0.00  0.00  0.00  0.00  0.00  0.00  0.00  0.00  0.00  0.00  0.00  0.00   0   0.00
       20  '-'  1.00  1.00  0.75  0.75  0.00  0.00  0.00  0.00  0.00  0.75  0.00  0.00  0.00  0.00  0.00  0.00  0.00  0.00  0.00  0.00  0.00   0   0.00
       21  '-'  1.00  1.00  0.75  0.75  0.00  0.00  0.00  0.00  0.00  0.00  0.75  0.00  0.00  0.00  0.00  0.00  0.00  0.00  0.00  0.00  0.00   0   0.00
       22  '-'  1.00  1.00  0.75  0.75  0.00  0.00  0.00  0.00  0.00  0.00  0.00  0.75  0.00  0.00  0.00  0.00  0.00  0.00  0.00  0.00  0.00   0   0.00
       23  '-'  1.00  1.00  0.75  0.75  0.00  0.00  0.00  0.00  0.00  0.00  0.00  0.00  0.00  0.00  0.00  0.00  0.75  0.00  0.00  0.00  0.00   5   0.75
       24  '-'  1.00  1.00  0.75  0.75  0.00  0.00  0.00  0.00  0.00  0.00  0.00  0.00  0.00  0.00  0.00  0.00  0.75  0.00  0.00  0.00  0.00   6   0.75
       25  '-'  1.00  1.00  0.75  0.75  0.00  0.00  0.00  0.00  0.00  0.00  0.00  0.00  0.00  0.00  0.00  0.00 -0.75  0.00  0.00  0.00  0.00   5   0.75
       26  '-'  1.00  1.00  0.75  0.75  0.00  0.00  0.00  0.00  0.00  0.00  0.00  0.00  0.00  0.00  0.00  0.00 -0.75  0.00  0.00  0.00  0.00   6   0.75
       27  '-'  1.00  1.00  0.75  0.75  0.00  0.00  0.00  0.00  0.00  0.00  0.00  0.00  0.00  0.00  0.00  0.00  0.00  0.75  0.00  0.00  0.00   7   0.75
       28  '-'  1.00  1.00  0.75  0.75  0.00  0.00  0.00  0.00  0.00  0.00  0.00  0.00  0.00  0.00  0.00  0.00  0.00  0.75  0.00  0.00  0.00   8   0.75
       29  '-'  1.00  1.00  0.75  0.75  0.00  0.00  0.00  0.00  0.00  0.00  0.00  0.00  0.00  0.00  0.00  0.00  0.00 -0.75  0.00  0.00  0.00   7   0.75
       30  '-'  1.00  1.00  0.75  0.75  0.00  0.00  0.00  0.00  0.00  0.00  0.00  0.00  0.00  0.00  0.00  0.00  0.00 -0.75  0.00  0.00  0.00   8   0.75
       31  '-'  1.00  1.00  0.00  0.75  0.75  0.00  0.00  0.00  0.75  0.00  0.00  0.00  0.00  0.00  0.00  0.00  0.00  0.00  0.00  0.00  0.00   0   0.00
       32  '-'  1.00  1.00  0.00  0.75  0.75  0.75  0.00  0.00  0.75  0.00  0.00  0.00  0.00  0.00  0.00  0.00  0.00  0.00  0.00  0.00  0.00   0   0.00
       33  '-'  1.00  1.00  0.00  0.75  0.75  0.00  0.75  0.00  0.75  0.00  0.00  0.00  0.00  0.00  0.00  0.00  0.00  0.00  0.00  0.00  0.00   0   0.00
       34  '-'  1.00  1.00  0.00  0.75  0.75  0.00  0.00  0.00  0.00  0.75  0.00  0.00  0.00  0.00  0.00  0.00  0.00  0.00  0.00  0.00  0.00   0   0.00
       35  '-'  1.00  1.00  0.00  0.75  0.75  0.75  0.00  0.00  0.00  0.75  0.00  0.00  0.00  0.00  0.00  0.00  0.00  0.00  0.00  0.00  0.00   0   0.00
       36  '-'  1.00  1.00  0.00  0.75  0.75  0.00  0.75  0.00  0.00  0.75  0.00  0.00  0.00  0.00  0.00  0.00  0.00  0.00  0.00  0.00  0.00   0   0.00
       37  '-'  1.00  1.00  0.00  0.75  0.75  0.00  0.00  0.00  0.00  0.00  0.75  0.00  0.00  0.00  0.00  0.00  0.00  0.00  0.00  0.00  0.00   0   0.00
       38  '-'  1.00  1.00  0.00  0.75  0.75  0.75  0.00  0.00  0.00  0.00  0.75  0.00  0.00  0.00  0.00  0.00  0.00  0.00  0.00  0.00  0.00   0   0.00
       39  '-'  1.00  1.00  0.00  0.75  0.75  0.00  0.75  0.00  0.00  0.00  0.75  0.00  0.00  0.00  0.00  0.00  0.00  0.00  0.00  0.00  0.00   0   0.00
       40  '-'  1.00  1.00  0.00  0.75  0.75  0.00  0.00  0.00  0.00  0.00  0.00  0.75  0.00  0.00  0.00  0.00  0.00  0.00  0.00  0.00  0.00   0   0.00
       41  '-'  1.00  1.00  0.00  0.75  0.75  0.75  0.00  0.00  0.00  0.00  0.00  0.75  0.00  0.00  0.00  0.00  0.00  0.00  0.00  0.00  0.00   0   0.00
       42  '-'  1.00  1.00  0.00  0.75  0.75  0.00  0.75  0.00  0.00  0.00  0.00  0.75  0.00  0.00  0.00  0.00  0.00  0.00  0.00  0.00  0.00   0   0.00
       43  '-'  1.00  1.00  0.00  0.75  0.75  0.00  0.00  0.00  0.00  0.00  0.00  0.00  0.00  0.00  0.00  0.00  0.45  0.00  0.00  0.00  0.00   5   0.45
       44  '-'  1.00  1.00  0.00  0.75  0.75  0.00  0.00  0.00  0.00  0.00  0.00  0.00  0.00  0.00  0.00  0.00  0.45  0.00  0.00  0.00  0.00   6   0.45
       45  '-'  1.00  1.00  0.00  0.75  0.75  0.00  0.00  0.00  0.00  0.00  0.00  0.00  0.00  0.00  0.00  0.00 -0.45  0.00  0.00  0.00  0.00   5   0.45
       46  '-'  1.00  1.00  0.00  0.75  0.75  0.00  0.00  0.00  0.00  0.00  0.00  0.00  0.00  0.00  0.00  0.00 -0.45  0.00  0.00  0.00  0.00   6   0.45
       47  '-'  1.00  1.00  0.00  0.75  0.75  0.75  0.00  0.00  0.00  0.00  0.00  0.00  0.00  0.00  0.00  0.00  0.45  0.00  0.00  0.00  0.00   5   0.45
       48  '-'  1.00  1.00  0.00  0.75  0.75  0.75  0.00  0.00  0.00  0.00  0.00  0.00  0.00  0.00  0.00  0.00  0.45  0.00  0.00  0.00  0.00   6   0.45
       49  '-'  1.00  1.00  0.00  0.75  0.75  0.75  0.00  0.00  0.00  0.00  0.00  0.00  0.00  0.00  0.00  0.00 -0.45  0.00  0.00  0.00  0.00   5   0.45
       50  '-'  1.00  1.00  0.00  0.75  0.75  0.75  0.00  0.00  0.00  0.00  0.00  0.00  0.00  0.00  0.00  0.00 -0.45  0.00  0.00  0.00  0.00   6   0.45
       51  '-'  1.00  1.00  0.00  0.75  0.75  0.00  0.75  0.00  0.00  0.00  0.00  0.00  0.00  0.00  0.00  0.00  0.45  0.00  0.00  0.00  0.00   5   0.45
       52  '-'  1.00  1.00  0.00  0.75  0.75  0.00  0.75  0.00  0.00  0.00  0.00  0.00  0.00  0.00  0.00  0.00  0.45  0.00  0.00  0.00  0.00   6   0.45
       53  '-'  1.00  1.00  0.00  0.75  0.75  0.00  0.75  0.00  0.00  0.00  0.00  0.00  0.00  0.00  0.00  0.00 -0.45  0.00  0.00  0.00  0.00   5   0.45
       54  '-'  1.00  1.00  0.00  0.75  0.75  0.00  0.75  0.00  0.00  0.00  0.00  0.00  0.00  0.00  0.00  0.00 -0.45  0.00  0.00  0.00  0.00   6   0.45
       55  '-'  1.00  1.00  0.00  0.75  0.75  0.00  0.00  0.00  0.00  0.00  0.00  0.00  0.00  0.00  0.00  0.00  0.00  0.45  0.00  0.00  0.00   7   0.45
       56  '-'  1.00  1.00  0.00  0.75  0.75  0.00  0.00  0.00  0.00  0.00  0.00  0.00  0.00  0.00  0.00  0.00  0.00  0.45  0.00  0.00  0.00   8   0.45
       57  '-'  1.00  1.00  0.00  0.75  0.75  0.00  0.00  0.00  0.00  0.00  0.00  0.00  0.00  0.00  0.00  0.00  0.00 -0.45  0.00  0.00  0.00   7   0.45
       58  '-'  1.00  1.00  0.00  0.75  0.75  0.00  0.00  0.00  0.00  0.00  0.00  0.00  0.00  0.00  0.00  0.00  0.00 -0.45  0.00  0.00  0.00   8   0.45
       59  '-'  1.00  1.00  0.00  0.75  0.75  0.75  0.00  0.00  0.00  0.00  0.00  0.00  0.00  0.00  0.00  0.00  0.00  0.45  0.00  0.00  0.00   7   0.45
       60  '-'  1.00  1.00  0.00  0.75  0.75  0.75  0.00  0.00  0.00  0.00  0.00  0.00  0.00  0.00  0.00  0.00  0.00  0.45  0.00  0.00  0.00   8   0.45
       61  '-'  1.00  1.00  0.00  0.75  0.75  0.75  0.00  0.00  0.00  0.00  0.00  0.00  0.00  0.00  0.00  0.00  0.00 -0.45  0.00  0.00  0.00   7   0.45
       62  '-'  1.00  1.00  0.00  0.75  0.75  0.75  0.00  0.00  0.00  0.00  0.00  0.00  0.00  0.00  0.00  0.00  0.00 -0.45  0.00  0.00  0.00   8   0.45
       63  '-'  1.00  1.00  0.00  0.75  0.75  0.00  0.75  0.00  0.00  0.00  0.00  0.00  0.00  0.00  0.00  0.00  0.00  0.45  0.00  0.00  0.00   7   0.45
       64  '-'  1.00  1.00  0.00  0.75  0.75  0.00  0.75  0.00  0.00  0.00  0.00  0.00  0.00  0.00  0.00  0.00  0.00  0.45  0.00  0.00  0.00   8   0.45
       65  '-'  1.00  1.00  0.00  0.75  0.75  0.00  0.75  0.00  0.00  0.00  0.00  0.00  0.00  0.00  0.00  0.00  0.00 -0.45  0.00  0.00  0.00   7   0.45
       66  '-'  1.00  1.00  0.00  0.75  0.75  0.00  0.75  0.00  0.00  0.00  0.00  0.00  0.00  0.00  0.00  0.00  0.00 -0.45  0.00  0.00  0.00   8   0.45
       67  '-'  0.60  0.00  0.00  0.00  0.00  0.00  0.00  0.00  1.00  0.00  0.00  0.00  0.00  0.00  0.00  0.00  0.00  0.00  0.00  0.00  0.00   0   0.00
       68  '-'  0.60  0.00  0.00  0.00  0.00  0.00  0.00  0.00  0.00  1.00  0.00  0.00  0.00  0.00  0.00  0.00  0.00  0.00  0.00  0.00  0.00   0   0.00
       69  '-'  0.60  0.00  0.00  0.00  0.00  0.00  0.00  0.00  0.00  0.00  1.00  0.00  0.00  0.00  0.00  0.00  0.00  0.00  0.00  0.00  0.00   0   0.00
       70  '-'  0.60  0.00  0.00  0.00  0.00  0.00  0.00  0.00  0.00  0.00  0.00  1.00  0.00  0.00  0.00  0.00  0.00  0.00  0.00  0.00  0.00   0   0.00
       71  '-'  0.60  0.00  0.00  0.00  0.00  0.00  0.00  0.00  0.00  0.00  0.00  0.00  0.00  0.00  0.00  0.00  1.00  0.00  0.00  0.00  0.00   5   1.00
       72  '-'  0.60  0.00  0.00  0.00  0.00  0.00  0.00  0.00  0.00  0.00  0.00  0.00  0.00  0.00  0.00  0.00  1.00  0.00  0.00  0.00  0.00   6   1.00
       73  '-'  0.60  0.00  0.00  0.00  0.00  0.00  0.00  0.00  0.00  0.00  0.00  0.00  0.00  0.00  0.00  0.00 -1.00  0.00  0.00  0.00  0.00   5   1.00
       74  '-'  0.60  0.00  0.00  0.00  0.00  0.00  0.00  0.00  0.00  0.00  0.00  0.00  0.00  0.00  0.00  0.00 -1.00  0.00  0.00  0.00  0.00   6   1.00
       75  '-'  0.60  0.00  0.00  0.00  0.00  0.00  0.00  0.00  0.00  0.00  0.00  0.00  0.00  0.00  0.00  0.00  0.00  1.00  0.00  0.00  0.00   7   1.00
       76  '-'  0.60  0.00  0.00  0.00  0.00  0.00  0.00  0.00  0.00  0.00  0.00  0.00  0.00  0.00  0.00  0.00  0.00  1.00  0.00  0.00  0.00   8   1.00
       77  '-'  0.60  0.00  0.00  0.00  0.00  0.00  0.00  0.00  0.00  0.00  0.00  0.00  0.00  0.00  0.00  0.00  0.00 -1.00  0.00  0.00  0.00   7   1.00
       78  '-'  0.60  0.00  0.00  0.00  0.00  0.00  0.00  0.00  0.00  0.00  0.00  0.00  0.00  0.00  0.00  0.00  0.00 -1.00  0.00  0.00  0.00   8   1.00
       79  '-'  1.01  1.01  0.00  0.00  0.00  0.00  0.00  0.00  0.00  0.00  0.00  0.00  0.00  0.00  0.00  0.00  0.00  0.00  0.00  0.70  0.00   0   0.00
       80  '-'  1.01  1.01  0.00  0.00  0.00  0.00  0.00  0.00  0.00  0.00  0.00  0.00  0.00  0.00  0.00  0.00  0.00  0.00  0.00 -0.70  0.00   0   0.00
       81  '-'  1.01  1.01  0.75  0.75  0.00  0.00  0.00  0.00  0.00  0.00  0.00  0.00  0.00  0.00  0.00  0.00  0.00  0.00  0.00  0.52  0.00   0   0.00
       82  '-'  1.01  1.01  0.75  0.75  0.00  0.00  0.00  0.00  0.00  0.00  0.00  0.00  0.00  0.00  0.00  0.00  0.00  0.00  0.00 -0.52  0.00   0   0.00
       83  '-'  1.01  1.01  0.00  0.75  0.00  0.00  0.00  0.00  0.00  0.00  0.00  0.00  0.00  0.00  0.00  0.00  0.00  0.00  0.00  0.52  0.00   0   0.00
       84  '-'  1.01  1.01  0.00  0.75  0.00  0.00  0.00  0.00  0.00  0.00  0.00  0.00  0.00  0.00  0.00  0.00  0.00  0.00  0.00 -0.52  0.00   0   0.00
       85  '-'  0.59  0.00  0.00  0.00  0.00  0.00  0.00  0.00  0.00  0.00  0.00  0.00  0.00  0.00  0.00  0.00  0.00  0.00  0.00  0.70  0.00   0   0.00
       86  '-'  0.59  0.00  0.00  0.00  0.00  0.00  0.00  0.00  0.00  0.00  0.00  0.00  0.00  0.00  0.00  0.00  0.00  0.00  0.00 -0.70  0.00   0   0.00
       87  '-'  1.01  1.01  0.00  0.00  0.00  0.00  0.00  0.00  0.00  0.00  0.00  0.00  0.00  0.00  0.00  0.00  0.00  0.00  0.70  0.00  0.00   0   0.00
       88  '-'  1.01  1.01  0.00  0.00  0.00  0.00  0.00  0.00  0.00  0.00  0.00  0.00  0.00  0.00  0.00  0.00  0.00  0.00 -0.70  0.00  0.00   0   0.00
       89  '-'  1.01  1.01  0.75  0.75  0.00  0.00  0.00  0.00  0.00  0.00  0.00  0.00  0.00  0.00  0.00  0.00  0.00  0.00  0.52  0.00  0.00   0   0.00
       90  '-'  1.01  1.01  0.75  0.75  0.00  0.00  0.00  0.00  0.00  0.00  0.00  0.00  0.00  0.00  0.00  0.00  0.00  0.00 -0.52  0.00  0.00   0   0.00
       91  '-'  1.01  1.01  0.00  0.75  0.00  0.00  0.00  0.00  0.00  0.00  0.00  0.00  0.00  0.00  0.00  0.00  0.00  0.00  0.52  0.00  0.00   0   0.00
       92  '-'  1.01  1.01  0.00  0.75  0.00  0.00  0.00  0.00  0.00  0.00  0.00  0.00  0.00  0.00  0.00  0.00  0.00  0.00 -0.52  0.00  0.00   0   0.00
       93  '-'  0.59  0.00  0.00  0.00  0.00  0.00  0.00  0.00  0.00  0.00  0.00  0.00  0.00  0.00  0.00  0.00  0.00  0.00  0.70  0.00  0.00   0   0.00
       94  '-'  0.59  0.00  0.00  0.00  0.00  0.00  0.00  0.00  0.00  0.00  0.00  0.00  0.00  0.00  0.00  0.00  0.00  0.00 -0.70  0.00  0.00   0   0.00
       95  '-'  1.00  1.00  0.00  0.00  0.00  0.00  0.00  0.00  0.00  0.00  0.00  0.00  0.00  0.00  0.00  0.00  0.00  0.00  0.00  0.00  0.00   1   1.00
       96  '-'  1.00  1.00  0.00  0.00  0.00  0.00  0.00  0.00  0.00  0.00  0.00  0.00  0.00  0.00  0.00  0.00  0.00  0.00  0.00  0.00  0.00   2   1.00
       97  '-'  1.00  1.00  0.00  0.00  0.00  0.00  0.00  0.00  0.00  0.00  0.00  0.00  0.00  0.00  0.00  0.00  0.00  0.00  0.00  0.00  0.00   3   1.00
       98  '-'  1.00  1.00  0.00  0.00  0.00  0.00  0.00  0.00  0.00  0.00  0.00  0.00  0.00  0.00  0.00  0.00  0.00  0.00  0.00  0.00  0.00   4   1.00
       99  '-'  1.00  0.00  0.00  0.00  0.00  0.00  0.00  0.00  0.50  0.00  0.00  0.00  0.00  0.00  0.00  0.00  0.00  0.00  0.00  0.00  0.00   1   1.00
      100  '-'  1.00  0.00  0.00  0.00  0.00  0.00  0.00  0.00  0.00  0.00  0.50  0.00  0.00  0.00  0.00  0.00  0.00  0.00  0.00  0.00  0.00   1   1.00
      101  '-'  1.00  0.00  0.00  0.00  0.00  0.00  0.00  0.00  0.00  0.50  0.00  0.00  0.00  0.00  0.00  0.00  0.00  0.00  0.00  0.00  0.00   2   1.00
      102  '-'  1.00  0.00  0.00  0.00  0.00  0.00  0.00  0.00  0.00  0.00  0.00  0.50  0.00  0.00  0.00  0.00  0.00  0.00  0.00  0.00  0.00   2   1.00
      103  '-'  1.00  0.00  0.00  0.00  0.00  0.00  0.00  0.00  0.50  0.00  0.00  0.00  0.00  0.00  0.00  0.00  0.00  0.00  0.00  0.00  0.00   3   1.00
      104  '-'  1.00  0.00  0.00  0.00  0.00  0.00  0.00  0.00  0.00  0.00  0.50  0.00  0.00  0.00  0.00  0.00  0.00  0.00  0.00  0.00  0.00   3   1.00
      105  '-'  1.00  0.00  0.00  0.00  0.00  0.00  0.00  0.00  0.00  0.50  0.00  0.00  0.00  0.00  0.00  0.00  0.00  0.00  0.00  0.00  0.00   4   1.00
      106  '-'  1.00  0.00  0.00  0.00  0.00  0.00  0.00  0.00  0.00  0.00  0.00  0.50  0.00  0.00  0.00  0.00  0.00  0.00  0.00  0.00  0.00   4   1.00
      107  '-'  1.00  0.00  0.00  1.00  0.00  0.00  0.00  0.00  0.00  0.00  0.00  0.00  0.00  0.00  0.00  0.00  0.00  0.00  0.00  0.00  1.00   0   0.00
      108  '-'  1.00  0.00  0.00  1.00  0.00  0.00  0.00  0.00  0.00  0.00  0.00  0.00  0.00  0.00  0.00  0.00  0.00  0.00  0.00  0.00  1.00   0   0.00
      109  '-'  1.00  0.00  0.00  1.00  0.00  0.00  0.00  0.00  0.00  0.00  0.00  0.00  0.00  0.00  0.00  0.00  0.00  0.00  0.00  0.00 -1.00   0   0.00
      110  '-'  1.00  0.00  0.00  1.00  0.00  0.00  0.00  0.00  0.00  0.00  0.00  0.00  0.00  0.00  0.00  0.00  0.00  0.00  0.00  0.00 -1.00   0   0.00
      111  '-'  1.00  1.00  0.75  0.75  0.00  0.00  0.00  0.00  0.00  0.00  0.00  0.00  0.00  0.00  0.00  0.00  0.00  0.00  0.00  0.00  0.75   0   0.00
      112  '-'  1.00  1.00  0.75  0.75  0.00  0.00  0.00  0.00  0.00  0.00  0.00  0.00  0.00  0.00  0.00  0.00  0.00  0.00  0.00  0.00  0.75   0   0.00
      113  '-'  1.00  1.00  0.75  0.75  0.00  0.00  0.00  0.00  0.00  0.00  0.00  0.00  0.00  0.00  0.00  0.00  0.00  0.00  0.00  0.00 -0.75   0   0.00
      114  '-'  1.00  1.00  0.75  0.75  0.00  0.00  0.00  0.00  0.00  0.00  0.00  0.00  0.00  0.00  0.00  0.00  0.00  0.00  0.00  0.00 -0.75   0   0.00
      115  '-'  1.00  1.00  0.00  0.75  0.75  0.00  0.00  0.00  0.00  0.00  0.00  0.00  0.00  0.00  0.00  0.00  0.00  0.00  0.00  0.00  0.75   0   0.00
      116  '-'  1.00  1.00  0.00  0.75  0.75  0.00  0.00  0.00  0.00  0.00  0.00  0.00  0.00  0.00  0.00  0.00  0.00  0.00  0.00  0.00  0.75   0   0.00
      117  '-'  1.00  1.00  0.00  0.75  0.75  0.75  0.00  0.00  0.00  0.00  0.00  0.00  0.00  0.00  0.00  0.00  0.00  0.00  0.00  0.00  0.75   0   0.00
      118  '-'  1.00  1.00  0.00  0.75  0.75  0.75  0.00  0.00  0.00  0.00  0.00  0.00  0.00  0.00  0.00  0.00  0.00  0.00  0.00  0.00  0.75   0   0.00
      119  '-'  1.00  1.00  0.00  0.75  0.75  0.00  0.75  0.00  0.00  0.00  0.00  0.00  0.00  0.00  0.00  0.00  0.00  0.00  0.00  0.00  0.75   0   0.00
      120  '-'  1.00  1.00  0.00  0.75  0.75  0.00  0.75  0.00  0.00  0.00  0.00  0.00  0.00  0.00  0.00  0.00  0.00  0.00  0.00  0.00  0.75   0   0.00
      121  '-'  1.00  1.00  0.00  0.75  0.75  0.00  0.00  0.00  0.00  0.00  0.00  0.00  0.00  0.00  0.00  0.00  0.00  0.00  0.00  0.00 -0.75   0   0.00
      122  '-'  1.00  1.00  0.00  0.75  0.75  0.00  0.00  0.00  0.00  0.00  0.00  0.00  0.00  0.00  0.00  0.00  0.00  0.00  0.00  0.00 -0.75   0   0.00
      123  '-'  1.00  1.00  0.00  0.75  0.75  0.75  0.00  0.00  0.00  0.00  0.00  0.00  0.00  0.00  0.00  0.00  0.00  0.00  0.00  0.00 -0.75   0   0.00
      124  '-'  1.00  1.00  0.00  0.75  0.75  0.75  0.00  0.00  0.00  0.00  0.00  0.00  0.00  0.00  0.00  0.00  0.00  0.00  0.00  0.00 -0.75   0   0.00
      125  '-'  1.00  1.00  0.00  0.75  0.75  0.00  0.75  0.00  0.00  0.00  0.00  0.00  0.00  0.00  0.00  0.00  0.00  0.00  0.00  0.00 -0.75   0   0.00
      126  '-'  1.00  1.00  0.00  0.75  0.75  0.00  0.75  0.00  0.00  0.00  0.00  0.00  0.00  0.00  0.00  0.00  0.00  0.00  0.00  0.00 -0.75   0   0.00
 
 
*(33)DESIGN LOADS:Deflection
*                -----------------------------------------------------Load_Coefficients-----------------------------------------------------
*         Group             ---Live---       --Add_Snow-        --Wind_1--  --Wind_2--  --Wind_3--  --Wind_4--   Long_Wind  --Seismic-         Aux_Load
*No.   Id   Id  Dead  Coll  Roof Floor  Snow Drift Slide  Rain    Lt    Rt    Lt    Rt    Lt    Rt    Lt    Rt     1     2  Long  Tran  Temp  Id  Coeff
 0
 
*(34)DESIGN LOADS:Special
*                                 -----------------------------------------------------Load_Coefficients-----------------------------------------------------
*Load     Group                              ---Live---        -Add_Snow-        --Wind_1--  --Wind_2--   --Wind_3-- --Wind_4--   Long_Wind  --Seismic-         Aux_Load
*No.   Id   Id   Use  Code        Dead Coll  Roof Floor  Snow Drift Slide  Rain    Lt    Rt    Lt    Rt    Lt    Rt    Lt    Rt     1     2  Long  Tran  Temp  Id  Coeff
  16  127  '-'  'EP' '---------'  1.01 1.01  0.00  0.00  0.00  0.00  0.00  0.00  0.00  0.00  0.00  0.00  0.00  0.00  0.00  0.00  0.00  0.00  0.00  2.10  0.00   0   0.00
      128  '-'  'EP' '---------'  1.01 1.01  0.00  0.00  0.00  0.00  0.00  0.00  0.00  0.00  0.00  0.00  0.00  0.00  0.00  0.00  0.00  0.00  0.00 -2.10  0.00   0   0.00
      129  '-'  'EP' '---------'  1.01 1.01  0.75  0.75  0.00  0.00  0.00  0.00  0.00  0.00  0.00  0.00  0.00  0.00  0.00  0.00  0.00  0.00  0.00  1.57  0.00   0   0.00
      130  '-'  'EP' '---------'  1.01 1.01  0.75  0.75  0.00  0.00  0.00  0.00  0.00  0.00  0.00  0.00  0.00  0.00  0.00  0.00  0.00  0.00  0.00 -1.57  0.00   0   0.00
      131  '-'  'EP' '---------'  1.01 1.01  0.00  0.75  0.00  0.00  0.00  0.00  0.00  0.00  0.00  0.00  0.00  0.00  0.00  0.00  0.00  0.00  0.00  1.57  0.00   0   0.00
      132  '-'  'EP' '---------'  1.01 1.01  0.00  0.75  0.00  0.00  0.00  0.00  0.00  0.00  0.00  0.00  0.00  0.00  0.00  0.00  0.00  0.00  0.00 -1.57  0.00   0   0.00
      133  '-'  'EP' '---------'  0.59 0.00  0.00  0.00  0.00  0.00  0.00  0.00  0.00  0.00  0.00  0.00  0.00  0.00  0.00  0.00  0.00  0.00  0.00  2.10  0.00   0   0.00
      134  '-'  'EP' '---------'  0.59 0.00  0.00  0.00  0.00  0.00  0.00  0.00  0.00  0.00  0.00  0.00  0.00  0.00  0.00  0.00  0.00  0.00  0.00 -2.10  0.00   0   0.00
      135  '-'  'BP' '---------'  1.01 1.01  0.00  0.00  0.00  0.00  0.00  0.00  0.00  0.00  0.00  0.00  0.00  0.00  0.00  0.00  0.00  0.00  0.00  2.10  0.00   0   0.00
      136  '-'  'BP' '---------'  1.01 1.01  0.00  0.00  0.00  0.00  0.00  0.00  0.00  0.00  0.00  0.00  0.00  0.00  0.00  0.00  0.00  0.00  0.00 -2.10  0.00   0   0.00
      137  '-'  'BP' '---------'  1.01 1.01  0.75  0.75  0.00  0.00  0.00  0.00  0.00  0.00  0.00  0.00  0.00  0.00  0.00  0.00  0.00  0.00  0.00  1.57  0.00   0   0.00
      138  '-'  'BP' '---------'  1.01 1.01  0.75  0.75  0.00  0.00  0.00  0.00  0.00  0.00  0.00  0.00  0.00  0.00  0.00  0.00  0.00  0.00  0.00 -1.57  0.00   0   0.00
      139  '-'  'BP' '---------'  1.01 1.01  0.00  0.75  0.00  0.00  0.00  0.00  0.00  0.00  0.00  0.00  0.00  0.00  0.00  0.00  0.00  0.00  0.00  1.57  0.00   0   0.00
      140  '-'  'BP' '---------'  1.01 1.01  0.00  0.75  0.00  0.00  0.00  0.00  0.00  0.00  0.00  0.00  0.00  0.00  0.00  0.00  0.00  0.00  0.00 -1.57  0.00   0   0.00
      141  '-'  'BP' '---------'  0.59 0.00  0.00  0.00  0.00  0.00  0.00  0.00  0.00  0.00  0.00  0.00  0.00  0.00  0.00  0.00  0.00  0.00  0.00  2.10  0.00   0   0.00
      142  '-'  'BP' '---------'  0.59 0.00  0.00  0.00  0.00  0.00  0.00  0.00  0.00  0.00  0.00  0.00  0.00  0.00  0.00  0.00  0.00  0.00  0.00 -2.10  0.00   0   0.00
 
 
*(35)AUXILIARY LOAD:
*     Aux                No._Add    Add_Comb
*No.   Id   Name          Loads   Id    Coeff
   8    1  'F5CRANEA1 '      4     1   -73.87
                                   2     6.75
                                   3   -14.36
                                   4     6.75
        2  'F5CRANEA2 '      4     1   -73.87
                                   2    -6.75
                                   3   -14.36
                                   4    -6.75
        3  'F5CRANEA3 '      4     1   -14.36
                                   2     6.75
                                   3   -73.87
                                   4     6.75
        4  'F5CRANEA4 '      4     1   -14.36
                                   2    -6.75
                                   3   -73.87
                                   4    -6.75
        5  'LWIND1_L2E'      1     5     1.00
        6  'LWIND1_R2E'      1     6     1.00
        7  'LWIND2_L2E'      1     5     1.00
        8  'LWIND2_R2E'      1     6     1.00
 
 
*(36)ADDITIONAL LOADS:
*     Add Group Loc  Basic        Load       Fx        Fy      Mom        Dx        Dy  .. Conc
*No.   Id   Id   Id  Load         Type       W1        W2       Co       Dl1       Dl2  .. Dist
   6    1  '-'    1 '------    '  'C '    0.000     1.000    0.000    1200.0    6327.6
        2  '-'    1 '------    '  'C '    1.000     0.000    0.000    1200.0    7000.0
        3  '-'    4 '------    '  'C '    0.000     1.000    0.000   -1200.0   -2772.4
        4  '-'    4 '------    '  'C '    1.000     0.000    0.000   -1200.0   -2100.0
        5  '-'    2 'U_WIND    '  'D '     1.67      1.67    0.000       0.0    2560.0
        6  '-'    3 'U_WIND    '  'D '     1.67      1.67    0.000    3871.9    6431.9
 
 
*(37)STEPPED LOAD COEFFICIENTS:
*    Group Basic    Loc   No.  ----Step_1---   ----Step_2---   ----Step_3---
*No.   Id  Load      Id  Step  Locate   Coef   Locate   Coef   Locate   Coef
  4   '-' 'WINDL1  '  2    2   6400.0  1.000   6431.9  0.574
      '-' 'WINDR1  '  3    2     31.9  0.574   6431.9  1.000
      '-' 'WINDL2  '  2    2   6400.0  1.000   6431.9  0.402
      '-' 'WINDR2  '  3    2     31.9  0.402   6431.9  1.000
 
 
*(38)FLOOR BEAMS:
* Bay                      Con_Type   Con_Loc     --Properties--
*  Id   No.  Id   Height   Lt    Rt   Lt    Rt    Area       Ixx
    1    0
 
*(39)DIAGONAL BRACING:
*Bay
* Id   No.     Id   Level   Opt    Area
   1    0
 
*(40)CRANE BRACKET:
*        Span ----Crane----  ----Beam----    ----Offset----  ------Bracket-----  Col_Sup
*No. Id Lt Rt Type   Height  Depth  Width     Left    Right  Type Opt  Select     Lt  Rt    Load
  1   1  1  1 'TG'   7000.0 520.00 300.00   1200.0   1200.0  'WW' '1' '--------' 'N' 'N'   73.87
 
 
*(41)DESIGN PLATES:
*     ----Plate---   --Plate_Size-   Bolt   Bolt  ----Top---  --Bottom--   Bolt
*No.  Type      Id   Width   Thick    Dia   Gage  Row  Space  Row  Space  Gage2
  2  'BASE    '  1   250.0    0.00  24.00    0.0   1     0.0   1     0.0    0.0
     'BASE    '  2   250.0    0.00  24.00    0.0   1     0.0   1     0.0    0.0
 
 
*(42)ENDWALL COLUMNS:
*Wall   Expand_EW                                    Max_Deflect
* Id   Use  Offset    No.   Locate  Offset  Option   Down     Up
   1  'Y '  390.00     0
   3  'Y '  390.00     1    7685.0  642.00    'C'    0.00   0.00
 
*(43)JACK BEAMS:
*                                                 Spring_Constant
*No.    Id   Offset   Height   Length   Part        Horz    Vert
  0
 
*(44)LINER:
*---Wall_Height---
*    F_SW     B_SW  Roof
      0.0      0.0  'N'
 
*(45)ADDITIONAL COLUMNS:
*No.  Id  Type  Rot  Opt  Part           Elev
  0
 
*(46)DESIGN CODE OPTIONS:
*No.   Event                         Condition
  0
 
*(47)CORNER BRACE:
*      Loc   Member
* No.   Id   Size
   0
 
*COLUMN ADDITIONAL BRACE LOCATION DESCRIPTIONS:
*  Id  Description
*   1  Crane System 1
*   2  Crane System 1
 
*AUXILIARY LOAD DESCRIPTIONS:
* Aux
*  Id  Description
*   1  Crane load
*   2  Crane load
*   3  Crane load
*   4  Crane load
*   5  Longitudinal wind load, case 1
*   6  Longitudinal wind load, case 1
*   7  Longitudinal wind load, case 2
*   8  Longitudinal wind load, case 2
*
*ADDITIONAL LOAD DESCRIPTIONS:
* Add
*  Id  Description
*   1  Crane load vertical on aisle 1 left column
*   2  Crane load horizontal to right on aisle 1 left column
*   3  Crane load vertical on aisle 1 right column
*   4  Crane load horizontal to left on aisle 1 right column
*   5  Longitudinal wind load
*   6  Longitudinal wind load
*
* Code files used:
*   MBMA.10N
*   RF_MBMA.10N Version 4.0
*
*BASIC LOADS AT EAVE - Extension_Brace
* Ext
*  Id   Wind    Seismic
*   3   0.21      0.05
*
*DS_RFDEP.Siz
*Surface  Span  --Required-   -----------Selected----------
*  Id      Id   Type   Span   Type   Span  #Depth  #Splice
*   1       1    W     9100    No record selected
*   2       1    C     6400    C     7000     1       0
*   3       1    C     6400    C     7000     1       0
*   4       1    W     9100    No record selected
*
* Calculated Seismic Mass, W = 56.65 kN
================================================================================
 C463-002            Frame  5 - Design Code                 18/DEC/2025  2:49pm
================================================================================

 STRUCTURAL CODE:
 ----------------
   Design Basis      : WS  - Working Stress
   Hot  Rolled Steel : AISC05
   Cold Formed Steel : NAUS07  

 BUILDING CODE:
 --------------
   Wind Code         : MBMA 10
   Seismic Zone      : C  

 MODULUS OF ELASTICITY:
 ----------------------
   Hot  Rolled Steel : 199955 (MN/m2)
   Cold Formed Steel : 203403 (MN/m2)
 
================================================================================
 C463-002            Frame  5 - Base Plates and Anchor Bolt 18/DEC/2025  2:49pm
================================================================================

 DESIGN CONSTANTS:
 -----------------
  Base Plate Yield     = 345.0 (MN/m2)
  Concrete Bearing     =   7.0 (MN/m2)                                    
  Bolt Type            = A36  
  Bolt Shear   Stress  =  80.0 (MN/m2)
  Bolt Tension Stress  = 150.0 (MN/m2)
 

 BASE PLATE & BOLT SIZE:
 -----------------------

                                                  Bolt_Row
 --Column_Base--  --Plate_Size(mm)--  Bolt(A36  ) Near_Flg  --Bolt_Space(mm)-
 Id    Typ Depth  Width Length Thick   Dia  Gage  Out   In   End   Out   Flg
 ----- --- -----  ----- ------ -----  ----- ----  ---  ---  ----- ----- -----
 Left   FI   414   250  707.0  16.00  24.00  100    1    1  75.00  0.00 150.0
 Right  FI   414   250  707.0  16.00  24.00  100    1    1  75.00  0.00 150.0
 

         Base_Bending  Web_Tension  ---------------Bolts(kN)--------------
 Col         (MN/m2)      (MN/m2)   Bolt_Tension  -Bolt_Comp-   Bolt_Shear  Max   Req   Req
 Loc   Ld  Calc Limit   Calc Limit   Calc  Limit   Calc Limit   Calc Limit   UC Thick   Dia
 ----- -- ----- -----  ----- -----  -----  -----  ----- -----  ----- ----- ---- ----- -----
 Left 100   125   311     91   207   29.5   67.9    0.0  67.9    2.1  36.2 0.44 12.45 15.83
 Left  69   125   311    156   207   50.4   67.9    0.0  67.9    4.0  36.2 0.75 12.45 15.83
 Right106   125   311     91   207   29.5   67.9    0.0  67.9    2.1  36.2 0.44 12.45 15.83
 Right 70   125   311    156   207   50.4   67.9    0.0  67.9    4.0  36.2 0.75 12.45 15.83

 BASE REACTIONS:
 ---------------

 Column  -Max_Compression(kN,kN-m)-   --Max_Tension(kN,kN-m)---
 Loc      Ld   Axial  Shear  Moment    Ld  Axial  Shear  Moment
 ------  ----  -----  -----  ------   ---- -----  -----  ------
 Left    100    63.7   16.9    75.7    69  -21.4   31.7    92.4
 Right   106    63.7   16.9    75.7    70  -21.4   31.7    92.4

 GUSSET PLATES:
 --------------

 Column  Gusset    --Plate_Size(mm)--      -Max_Comp(MN/m2)  Max_Tension(MN/m2)
 Locate  Locate    Width Thick Length  Ld  Calc  Limit   UC   Calc Limit   UC
 ------  --------  ----- ----- ------  --  ----- ----- ----  ----- ----- ----
 Left    Flg_Base  146.5 12.00  196.5 100  166.4 184.7 0.90   53.3 207.0 0.26
                                       69  165.9 184.7 0.90   91.1 207.0 0.44
 Right   Flg_Base  146.5 12.00  196.5 106  166.4 184.7 0.90   53.3 207.0 0.26
                                       70  165.9 184.7 0.90   91.1 207.0 0.44

 CONCRETE:
 ---------

          Comp_in
 Column   Bolt_Or       --Bearing(MN/m2)--   Bearing
 Locate   Concrete  Ld   Calc  Limit    UC  Length(mm)
 ------   --------  --  -----  -----  ----  ----------
 Left        C     100    7.0    7.0  1.00    207.7            
                    69    7.0    7.0  1.00    206.1            
 Right       C     106    7.0    7.0  1.00    207.7            
                    70    7.0    7.0  1.00    206.1            
 

 WELDS:
 ------
          Outside_Flange_To_Base  Inside_Flange_To_Base   -----Web_To_Base-----
 Base               Shear(kN/mm)            Shear(kN/mm)            Shear(kN/mm)
 Id       Size  Typ  Calc Limit   Size  Typ  Calc Limit   Size  Typ  Calc Limit
 -----    ----- --- ----- -----   ----- --- ----- -----   ----- --- ----- -----
 Left      6.00  F2 0.525 0.620    6.00  F2 0.525 0.620    4.00  F2 0.040 0.410
 Right     6.00  F2 0.525 0.620    6.00  F2 0.525 0.620    4.00  F2 0.040 0.410


                    ----Gusset_To_Base---   ---Gusset_To_Column--
 Column  Gusset               Shear(kN/mm)            Shear(kN/mm)
 Locate  Locate     Size  Typ  Calc Limit   Size  Typ  Calc Limit
 ------  --------   ----- --- ----- -----   ----- --- ----- -----
 Left    Flg_Base    6.00  F2 0.280 0.620    4.00  F2 0.209 0.410
 Right   Flg_Base    6.00  F2 0.280 0.620    4.00  F2 0.209 0.410
 

 LOAD COMBINATIONS:
 ------------------
    69   0.6Dead+Wind_Left2
    70   0.6Dead+Wind_Right2
   100   Dead+Wind_Left2/2+F5CRANEA1
   106   Dead+Wind_Right2/2+F5CRANEA4
 
================================================================================
 C463-002            Frame  5 - Bolted-End-Plates           18/DEC/2025  2:49pm
================================================================================

 DESIGN CONSTANTS:
 -----------------
  Splice Yield         = 345.0 (MN/m2)
  Bolt Type            = Gr8.8 Snug-Tightened
  Bolt Shear   Stress  = 160.0 (MN/m2)
  Bolt Tension Stress  = 299.9 (MN/m2)


 PLATE SIZE:
 -----------
  Splice  Member    Web   Splice(mm)  -----------------Bolts(Gr8.8)-----------------
  Id Typ  Locate  Depth  Width Thick    Dia  Gage Gage2 RowT SpaceT RowB SpaceB RowI
  -- ---  ------  -----  ----- -----  ----- ----- ----- ---- ------ ---- ------ ----
   1 HSS   1- 2   400.0    200 16.00  20.00 100.0 100.0   2  100.0    2  100.0    0
   2 -SS   2- 3   301.5    200 16.00  20.00 100.0 100.0   2  100.0    2  100.0    0
   3 HSS   3- 4   400.0    200 16.00  20.00 100.0 100.0   2  100.0    2  100.0    0

 PLATE DESIGN:
 -------------
             -------Max_Moment------  -------Max_Shear------
  Splice Ten Load Axial Shear Moment  Load Axial Shear Moment    Req   Req  Bolt
  Id Typ Loc  Id   (kN)  (kN) (kN-m)   Id   (kN)  (kN) (kN-m)  Thick   Dia    UC
  -- --- --- ---- ----- ----- ------  ---- ----- ----- ------  ----- ----- -----
   1 HSS Top   2   22.1  -6.6   35.9  130   18.8  -6.8   33.3   6.82  9.65  0.23
         Bot  67  -33.0   9.2  -63.7   74   -6.3  15.4  -35.1   9.06 12.85  0.41
   2 -SS Top  68  -11.6   0.5   21.7  106    4.7   4.5    6.3   6.10  9.27  0.21
         Bot   1    6.5  -0.2  -20.1   95    6.6  -4.4   -4.1   5.87  8.91  0.20
   3 HSS Top   1   22.1   6.6   35.9  129   18.8   6.8   33.3   6.81  9.64  0.23
         Bot  68  -33.0  -9.2  -63.7   73   -6.4 -15.4  -35.1   9.06 12.85  0.41

 WELDS:
 ------
          Outside_Flange_To_Bep   Inside_Flange_To_Bep    -----Web_To_Bep------
 Splice             Shear(kN/mm)            Shear(kN/mm)            Shear(kN/mm)
 Id Side   Size Typ  Calc Limit    Size Typ  Calc Limit    Size Typ  Calc Limit
 -- ----  ----- --- ----- -----   ----- --- ----- -----   ----- --- ----- -----
  1   L    4.00  F2 0.211 0.410    5.00  F2 0.436 0.510    4.00  F2 0.019 0.410
  1   R    4.00  F2 0.254 0.410    4.00  G1 0.900 0.938    4.00  F2 0.019 0.410
  2   L    4.00  F2 0.219 0.410    4.00  F2 0.203 0.410    4.00  F2 0.008 0.410
  2   R    4.00  F2 0.219 0.410    4.00  F2 0.203 0.410    4.00  F2 0.008 0.410
  3   L    4.00  F2 0.253 0.410    4.00  G1 0.900 0.938    4.00  F2 0.019 0.410
  3   R    4.00  F2 0.211 0.410    5.00  F2 0.436 0.510    4.00  F2 0.019 0.410
 

 LOAD COMBINATIONS:
 ------------------
     1   Dead+Collateral+Live
     2   Dead+Collateral+Live
    67   0.6Dead+Wind_Left1
    68   0.6Dead+Wind_Right1
    73   0.6Dead-Wind_Long1+LWIND1_L2E
    74   0.6Dead-Wind_Long1+LWIND1_R2E
    95   Dead+Collateral+F5CRANEA1
   106   Dead+Wind_Right2/2+F5CRANEA4
   129   1.01Dead+1.01Collateral+0.75Live+1.57Seismic_L+0.75Floor_Live
   130   1.01Dead+1.01Collateral+0.75Live+1.57Seismic_R+0.75Floor_Live
 
================================================================================
 C463-002            Frame  5 - Bearing Stiffeners          18/DEC/2025  2:49pm
================================================================================

 Stiffener Yield =  345 (MN/m2)
 Corner Cut      = 15.0 (mm)

 STIFFENER SIZE:
 ---------------
  ----Stiffener---  --Web(mm)--  ----Stiffener_Size(mm)---
  Location  Offset  Depth Thick  Width  Thick  Length  No.
  --------  ------  ----- -----  -----  -----  ------  ---
  Lt Col         0  400.0  4.00   60.0   8.00   400.0   1
  Rt Col     12800  400.0  4.00   60.0   8.00   400.0   1

 STIFFENER DESIGN:
 -----------------
            ----Tension(kN)---  --Compression(kN)-   Max
  Location  Load   Calc  Limit  Load   Calc  Limit    UC
  --------  ----  -----  -----  ----  -----  -----  ----
  Lt Col      67  140.5  148.8     2   80.2  231.5  0.94 
  Rt Col      68  140.5  148.8     1   80.1  231.5  0.94 

 WELDS:
 ------
                     ---Stiff_To_Flg/EP---   -----Stiff_To_Web----
  Stiffener                    Shear(kN/mm)            Shear(kN/mm)
  Location            Size Typ  Calc Limit    Size Typ  Calc Limit
  ----------         ----- --- ----- -----   ----- --- ----- -----
  Lt Col              8.00  F2 0.781 0.820    4.00  F2 0.052 0.410
  Rt Col              8.00  F2 0.780 0.820    4.00  F2 0.052 0.410
 

 LOAD COMBINATIONS:
 ------------------
     1   Dead+Collateral+Live
     2   Dead+Collateral+Live
    67   0.6Dead+Wind_Left1
    68   0.6Dead+Wind_Right1
 
================================================================================
 C463-002            Frame  5 - Web Crippling               18/DEC/2025  2:49pm
================================================================================

 LOAD COMBINATIONS:
 ------------------
 
================================================================================
 C463-002            Frame  5 - Flange Braces               18/DEC/2025  2:49pm
================================================================================

 DESIGN CONSTANTS:
 -----------------
  Flange Brace Yield   = 345.0 MN/m2
  Girt/Purlin  Yield   = 345.0 MN/m2
  Flange Brace Bolt    = Gr8.8 (0 Washers)
  Bolt Shear  Stress   = 160.0 MN/m2

  Flange Brace Force
    Inside flange, max of bending compression                        

 LAYOUT:
 -------
  Surf                   Seg   Web  Brace Angle Design -----Bolt_Dia----- --Attachment-
   Id  Loc Side Part      Id Depth Offset   Deg Length Frame Purlin  Clip Frame  Purlin Ref
  ---- --- ---- -------- --- ----- ------ ----- ------ ----- ------ ----- ------ ------ -----
    1    1   1  L40X40X4   1 400.0  330.0  32.7  518.2 12.00  12.00       Clip   Web         
         3   1  L40X40X4   1 400.0  330.0  32.7  518.2 12.00  12.00       Clip   Web         
    2    1   1  L40X40X4   2 386.8  330.0  35.5  481.6 12.00  12.00       Clip   Web         
         3   1  L40X40X4   2 332.0  330.0  39.7  438.1 12.00  12.00       Clip   Web         
    3    2   1  L40X40X4   3 332.0  330.0  39.7  438.1 12.00  12.00       Clip   Web         
         4   1  L40X40X4   3 386.8  330.0  35.5  481.6 12.00  12.00       Clip   Web         
    4    1   1  L40X40X4   4 400.0  330.0  32.7  518.2 12.00  12.00       Clip   Web         
         3   1  L40X40X4   4 400.0  330.0  32.7  518.2 12.00  12.00       Clip   Web         

 DESIGN:
 -------
  Surf        Load(kN-m)  Force  -Brace_UC-  ---Connection_UC---
   Id   Loc    Id Moment   (kN)  Comp  Tens  Frame  Purlin  Clip
  ----  ---  ---- ------  -----  ----  ----  -----  ------  ----
    1     1    99   34.4   2.61  0.14  0.17   0.14    0.36      
          3    96   41.4   3.14  0.17  0.21   0.17    0.43      
    2     1    98   25.6   1.62  0.08  0.11   0.09    0.19      
          3    68   19.8   1.39  0.07  0.09   0.08    0.16      
    3     2    67   19.8   1.39  0.07  0.09   0.08    0.16      
          4    95   25.6   1.62  0.08  0.11   0.09    0.19      
    4     1   105   34.4   2.62  0.14  0.17   0.14    0.36      
          3    97   41.4   3.14  0.17  0.21   0.17    0.43      

 LOAD COMBINATIONS:
 ------------------
    67   0.6Dead+Wind_Left1
    68   0.6Dead+Wind_Right1
    95   Dead+Collateral+F5CRANEA1
    96   Dead+Collateral+F5CRANEA2
    97   Dead+Collateral+F5CRANEA3
    98   Dead+Collateral+F5CRANEA4
    99   Dead+Wind_Left1/2+F5CRANEA1
   105   Dead+Wind_Right1/2+F5CRANEA4
 
================================================================================
 C463-002            Frame  5 - Web To Flange Weld          18/DEC/2025  2:49pm
================================================================================

                                                        ---Web_Flange_Weld---
  Surf  Mem  Seg  Sec  Load  Shear     Ixx           Q           Shear(kN/mm)
   Id    Id   Id   Id    Id   (kN)   (cm4)  Flg  (cm3)   Size Typ  Calc Limit
  ----  ---  ---  ---  ----  -----  ------  ---  -----  ----- --- ----- -----
    1     1    1    1    69   31.6   11276  Out    196   4.00  F1 0.055 0.410
                                            In     227   4.00  F1 0.063 0.410
    2     2    2   20    67   29.1    7259  Out    127   4.00  F1 0.051 0.410
                                            In     127   4.00  F1 0.051 0.410
    3     3    3   45    68   29.1    7259  Out    127   4.00  F1 0.051 0.410
                                            In     127   4.00  F1 0.051 0.410
    4     4    4   64    70   31.6   11276  Out    196   4.00  F1 0.055 0.410
                                            In     227   4.00  F1 0.063 0.410

 LOAD COMBINATIONS:
 ------------------
    67   0.6Dead+Wind_Left1
    68   0.6Dead+Wind_Right1
    69   0.6Dead+Wind_Left2
    70   0.6Dead+Wind_Right2
 
================================================================================
 C463-002            Frame  5 - Special Segments            18/DEC/2025  2:49pm
================================================================================

  FLANGE PLATE:
  ----------------
            --Initial--   ---Final---
            Width Thick   Width Thick
   Locate    (mm)  (mm)    (mm)  (mm)
   ------   ----- -----   ----- -----
   Lt Col     125  5.00     125  5.00
   Rt Col     125  5.00     125  5.00



  WEB PLATE:
  ----------
                                Calc  ---Initial--  ------Final------
           ------Actions-----    Web    Web  Shear    Web  Shear
                Axial  Moment  Shear  Thick  Limit  Thick  Limit
   Locate   Id   (kN)  (kN-m)   (kN)   (mm)   (kN)   (mm)   (kN)   UC  Note
   ------  ---  -----  ------  -----  -----  -----  -----  ----- ----  -------------
   Lt Col   67  -33.0   -63.7  142.9   4.00  184.6   4.00  184.6 0.77  G3-2           
   Rt Col   68  -33.0   -63.7  142.8   4.00  184.6   4.00  184.6 0.77  G3-2           
 

  REQUIRED WEB DESIGN:
  --------------------
               Web  Stiff
   Locate    Depth  Space
   ------    -----  -----
   Lt Col    380.1  380.0
   Rt Col    380.1  380.0

 LOAD COMBINATIONS:
 ------------------
    67   0.6Dead+Wind_Left1
    68   0.6Dead+Wind_Right1
 
================================================================================
 C463-002            Frame  5 - Design Summary              18/DEC/2025  2:49pm
================================================================================

 FRAME:
 ------
   Id        =   5
   Type      =  RF
   Line Id   =   5
   Load Width=   4463
   UC   Limit=   1.00
   KL/R Limit= 200.00

 MEMBERS:
 --------
                                                                -----Max_Axial+Moment----
 Srf Mem Seg --Flange- Web_Depth -Plate_Thickness- --Max_Shear- ----O-Flg--- ----I-Flg---  Max
  Id  Id  Id  Len  Wid Strt  End   Web O-flg I-flg  Id  Ld  Ucv  Id  Ld  Uco  Id  Ld  Uci KL/R
 --- --- --- ---- ---- ---- ---- ----- ----- ----- --- --- ---- --- --- ---- --- --- ---- ----
   1   1   1 8918  150  400  400  5.00  6.00  8.00   1  69 0.18   1 105 0.80   1  69 0.70   99
   2   2   2 6195  125  400  300  4.00  5.00  5.00  20  67 0.33  20  67 0.85  32  68 0.85  145
   3   3   3 6195  125  300  400  4.00  5.00  5.00  45  68 0.33  45  68 0.85  33  67 0.85  145
   4   4   4 8918  150  400  400  5.00  6.00  8.00  64  70 0.18  64  99 0.80  64  70 0.70   99
 

 LOAD COMBINATIONS:
 ------------------
      #  Controlling Load Combination In Design Summary

  Strength & Deflection Combinations:
     1   Dead+Collateral+Live
     2   Dead+Collateral+Live
     3   Dead+Collateral+Floor_Live
     4   Dead+Collateral+Floor_Live
     5   Dead+Collateral+Snow
     6   Dead+Collateral+Snow
     7   Dead+Collateral+Snow+Snow_Drift
     8   Dead+Collateral+Snow+Snow_Drift
     9   Dead+Collateral+Snow+Slide_Snow
    10   Dead+Collateral+Snow+Slide_Snow
    11   Dead
    12   Dead
    13   Dead+Collateral+0.75Snow+0.75Floor_Live
    14   Dead+Collateral+0.75Snow+0.75Floor_Live
    15   Dead+Collateral+0.75Snow+0.75Snow_Drift+0.75Floor_Live
    16   Dead+Collateral+0.75Snow+0.75Snow_Drift+0.75Floor_Live
    17   Dead+Collateral+0.75Snow+0.75Slide_Snow+0.75Floor_Live
    18   Dead+Collateral+0.75Snow+0.75Slide_Snow+0.75Floor_Live
    19   Dead+Collateral+0.75Live+0.75Wind_Left1+0.75Floor_Live
    20   Dead+Collateral+0.75Live+0.75Wind_Right1+0.75Floor_Live
    21   Dead+Collateral+0.75Live+0.75Wind_Left2+0.75Floor_Live
    22   Dead+Collateral+0.75Live+0.75Wind_Right2+0.75Floor_Live
    23   Dead+Collateral+0.75Live+0.75Wind_Long1+0.75Floor_Live+0.75LWIND1_L2E
    24   Dead+Collateral+0.75Live+0.75Wind_Long1+0.75Floor_Live+0.75LWIND1_R2E
    25   Dead+Collateral+0.75Live-0.75Wind_Long1+0.75Floor_Live+0.75LWIND1_L2E
    26   Dead+Collateral+0.75Live-0.75Wind_Long1+0.75Floor_Live+0.75LWIND1_R2E
    27   Dead+Collateral+0.75Live+0.75Wind_Long2+0.75Floor_Live+0.75LWIND2_L2E
    28   Dead+Collateral+0.75Live+0.75Wind_Long2+0.75Floor_Live+0.75LWIND2_R2E
    29   Dead+Collateral+0.75Live-0.75Wind_Long2+0.75Floor_Live+0.75LWIND2_L2E
    30   Dead+Collateral+0.75Live-0.75Wind_Long2+0.75Floor_Live+0.75LWIND2_R2E
    31   Dead+Collateral+0.75Snow+0.75Wind_Left1+0.75Floor_Live
    32   Dead+Collateral+0.75Snow+0.75Wind_Left1+0.75Snow_Drift+0.75Floor_Live
    33   Dead+Collateral+0.75Snow+0.75Wind_Left1+0.75Slide_Snow+0.75Floor_Live
    34   Dead+Collateral+0.75Snow+0.75Wind_Right1+0.75Floor_Live
    35   Dead+Collateral+0.75Snow+0.75Wind_Right1+0.75Snow_Drift+0.75Floor_Live
    36   Dead+Collateral+0.75Snow+0.75Wind_Right1+0.75Slide_Snow+0.75Floor_Live
    37   Dead+Collateral+0.75Snow+0.75Wind_Left2+0.75Floor_Live
    38   Dead+Collateral+0.75Snow+0.75Wind_Left2+0.75Snow_Drift+0.75Floor_Live
    39   Dead+Collateral+0.75Snow+0.75Wind_Left2+0.75Slide_Snow+0.75Floor_Live
    40   Dead+Collateral+0.75Snow+0.75Wind_Right2+0.75Floor_Live
    41   Dead+Collateral+0.75Snow+0.75Wind_Right2+0.75Snow_Drift+0.75Floor_Live
    42   Dead+Collateral+0.75Snow+0.75Wind_Right2+0.75Slide_Snow+0.75Floor_Live
    43   Dead+Collateral+0.75Snow+0.45Wind_Long1+0.75Floor_Live+0.45LWIND1_L2E
    44   Dead+Collateral+0.75Snow+0.45Wind_Long1+0.75Floor_Live+0.45LWIND1_R2E
    45   Dead+Collateral+0.75Snow-0.45Wind_Long1+0.75Floor_Live+0.45LWIND1_L2E
    46   Dead+Collateral+0.75Snow-0.45Wind_Long1+0.75Floor_Live+0.45LWIND1_R2E
    47   Dead+Collateral+0.75Snow+0.45Wind_Long1+0.75Snow_Drift+0.75Floor_Live+0.45LWIND1
    48   Dead+Collateral+0.75Snow+0.45Wind_Long1+0.75Snow_Drift+0.75Floor_Live+0.45LWIND1
    49   Dead+Collateral+0.75Snow-0.45Wind_Long1+0.75Snow_Drift+0.75Floor_Live+0.45LWIND1
    50   Dead+Collateral+0.75Snow-0.45Wind_Long1+0.75Snow_Drift+0.75Floor_Live+0.45LWIND1
    51   Dead+Collateral+0.75Snow+0.45Wind_Long1+0.75Slide_Snow+0.75Floor_Live+0.45LWIND1
    52   Dead+Collateral+0.75Snow+0.45Wind_Long1+0.75Slide_Snow+0.75Floor_Live+0.45LWIND1
    53   Dead+Collateral+0.75Snow-0.45Wind_Long1+0.75Slide_Snow+0.75Floor_Live+0.45LWIND1
    54   Dead+Collateral+0.75Snow-0.45Wind_Long1+0.75Slide_Snow+0.75Floor_Live+0.45LWIND1
    55   Dead+Collateral+0.75Snow+0.45Wind_Long2+0.75Floor_Live+0.45LWIND2_L2E
    56   Dead+Collateral+0.75Snow+0.45Wind_Long2+0.75Floor_Live+0.45LWIND2_R2E
    57   Dead+Collateral+0.75Snow-0.45Wind_Long2+0.75Floor_Live+0.45LWIND2_L2E
    58   Dead+Collateral+0.75Snow-0.45Wind_Long2+0.75Floor_Live+0.45LWIND2_R2E
    59   Dead+Collateral+0.75Snow+0.45Wind_Long2+0.75Snow_Drift+0.75Floor_Live+0.45LWIND2
    60   Dead+Collateral+0.75Snow+0.45Wind_Long2+0.75Snow_Drift+0.75Floor_Live+0.45LWIND2
    61   Dead+Collateral+0.75Snow-0.45Wind_Long2+0.75Snow_Drift+0.75Floor_Live+0.45LWIND2
    62   Dead+Collateral+0.75Snow-0.45Wind_Long2+0.75Snow_Drift+0.75Floor_Live+0.45LWIND2
    63   Dead+Collateral+0.75Snow+0.45Wind_Long2+0.75Slide_Snow+0.75Floor_Live+0.45LWIND2
    64   Dead+Collateral+0.75Snow+0.45Wind_Long2+0.75Slide_Snow+0.75Floor_Live+0.45LWIND2
    65   Dead+Collateral+0.75Snow-0.45Wind_Long2+0.75Slide_Snow+0.75Floor_Live+0.45LWIND2
    66   Dead+Collateral+0.75Snow-0.45Wind_Long2+0.75Slide_Snow+0.75Floor_Live+0.45LWIND2
    67#  0.6Dead+Wind_Left1
    68#  0.6Dead+Wind_Right1
    69#  0.6Dead+Wind_Left2
    70#  0.6Dead+Wind_Right2
    71   0.6Dead+Wind_Long1+LWIND1_L2E
    72   0.6Dead+Wind_Long1+LWIND1_R2E
    73   0.6Dead-Wind_Long1+LWIND1_L2E
    74   0.6Dead-Wind_Long1+LWIND1_R2E
    75   0.6Dead+Wind_Long2+LWIND2_L2E
    76   0.6Dead+Wind_Long2+LWIND2_R2E
    77   0.6Dead-Wind_Long2+LWIND2_L2E
    78   0.6Dead-Wind_Long2+LWIND2_R2E
    79   1.01Dead+1.01Collateral+0.7Seismic_L
    80   1.01Dead+1.01Collateral+0.7Seismic_R
    81   1.01Dead+1.01Collateral+0.75Live+0.52Seismic_L+0.75Floor_Live
    82   1.01Dead+1.01Collateral+0.75Live+0.52Seismic_R+0.75Floor_Live
    83   1.01Dead+1.01Collateral+0.52Seismic_L+0.75Floor_Live
    84   1.01Dead+1.01Collateral+0.52Seismic_R+0.75Floor_Live
    85   0.59Dead+0.7Seismic_L
    86   0.59Dead+0.7Seismic_R
    87   1.01Dead+1.01Collateral+0.7Seismic_Long
    88   1.01Dead+1.01Collateral-0.7Seismic_Long
    89   1.01Dead+1.01Collateral+0.75Live+0.52Seismic_Long+0.75Floor_Live
    90   1.01Dead+1.01Collateral+0.75Live-0.52Seismic_Long+0.75Floor_Live
    91   1.01Dead+1.01Collateral+0.52Seismic_Long+0.75Floor_Live
    92   1.01Dead+1.01Collateral-0.52Seismic_Long+0.75Floor_Live
    93   0.59Dead+0.7Seismic_Long
    94   0.59Dead-0.7Seismic_Long
    95   Dead+Collateral+F5CRANEA1
    96   Dead+Collateral+F5CRANEA2
    97   Dead+Collateral+F5CRANEA3
    98   Dead+Collateral+F5CRANEA4
    99#  Dead+Wind_Left1/2+F5CRANEA1
   100   Dead+Wind_Left2/2+F5CRANEA1
   101   Dead+Wind_Right1/2+F5CRANEA2
   102   Dead+Wind_Right2/2+F5CRANEA2
   103   Dead+Wind_Left1/2+F5CRANEA3
   104   Dead+Wind_Left2/2+F5CRANEA3
   105#  Dead+Wind_Right1/2+F5CRANEA4
   106   Dead+Wind_Right2/2+F5CRANEA4
   107   Dead+20Degree+Floor_Live
   108   Dead+20Degree+Floor_Live
   109   Dead-20Degree+Floor_Live
   110   Dead-20Degree+Floor_Live
   111   Dead+Collateral+0.75Live+15Degree+0.75Floor_Live
   112   Dead+Collateral+0.75Live+15Degree+0.75Floor_Live
   113   Dead+Collateral+0.75Live-15Degree+0.75Floor_Live
   114   Dead+Collateral+0.75Live-15Degree+0.75Floor_Live
   115   Dead+Collateral+0.75Snow+15Degree+0.75Floor_Live
   116   Dead+Collateral+0.75Snow+15Degree+0.75Floor_Live
   117   Dead+Collateral+0.75Snow+15Degree+0.75Snow_Drift+0.75Floor_Live
   118   Dead+Collateral+0.75Snow+15Degree+0.75Snow_Drift+0.75Floor_Live
   119   Dead+Collateral+0.75Snow+15Degree+0.75Slide_Snow+0.75Floor_Live
   120   Dead+Collateral+0.75Snow+15Degree+0.75Slide_Snow+0.75Floor_Live
   121   Dead+Collateral+0.75Snow-15Degree+0.75Floor_Live
   122   Dead+Collateral+0.75Snow-15Degree+0.75Floor_Live
   123   Dead+Collateral+0.75Snow-15Degree+0.75Snow_Drift+0.75Floor_Live
   124   Dead+Collateral+0.75Snow-15Degree+0.75Snow_Drift+0.75Floor_Live
   125   Dead+Collateral+0.75Snow-15Degree+0.75Slide_Snow+0.75Floor_Live
   126   Dead+Collateral+0.75Snow-15Degree+0.75Slide_Snow+0.75Floor_Live
  Special Combinations:
   127   1.01Dead+1.01Collateral+2.1Seismic_L
   128   1.01Dead+1.01Collateral+2.1Seismic_R
   129   1.01Dead+1.01Collateral+0.75Live+1.57Seismic_L+0.75Floor_Live
   130   1.01Dead+1.01Collateral+0.75Live+1.57Seismic_R+0.75Floor_Live
   131   1.01Dead+1.01Collateral+1.57Seismic_L+0.75Floor_Live
   132   1.01Dead+1.01Collateral+1.57Seismic_R+0.75Floor_Live
   133   0.59Dead+2.1Seismic_L
   134   0.59Dead+2.1Seismic_R
   135   1.01Dead+1.01Collateral+2.1Seismic_L
   136   1.01Dead+1.01Collateral+2.1Seismic_R
   137   1.01Dead+1.01Collateral+0.75Live+1.57Seismic_L+0.75Floor_Live
   138   1.01Dead+1.01Collateral+0.75Live+1.57Seismic_R+0.75Floor_Live
   139   1.01Dead+1.01Collateral+1.57Seismic_L+0.75Floor_Live
   140   1.01Dead+1.01Collateral+1.57Seismic_R+0.75Floor_Live
   141   0.59Dead+2.1Seismic_L
   142   0.59Dead+2.1Seismic_R

 PLATE LIMITS:
 -------------
       -----Web----  -----Flange----                  Web_Depth/     Web_Area/
  Seg   Depth/Thick  Width/(2xThick)  ---Flange---  Flange_Width   Flange_Area
   Id   Calc  Limit    Calc  Limit    Thick    Min   Calc  Limit   Calc  Limit
  ---  -----  -----   -----  -----    -----  -----  -----  -----  -----  -----
    1   80.0  180.0    12.5   16.5     6.00           2.7           2.2   10.0
    2  100.0  180.0    12.5   16.5     5.00           3.2           2.6   10.0
    3  100.0  180.0    12.5   16.5     5.00           3.2           2.6   10.0
    4   80.0  180.0    12.5   16.5     6.00           2.7           2.2   10.0

 FRAME AREA:
 ----------
    Frame    Area=    11.6
    Building Area=   120.7
            Ratio=    0.10


 WEIGHTS:
 --------

    Member             1     2     3     4
    ----------     ----- ----- ----- -----
    Weight (kg)      277   129   129   277 

                      Total Weight (kg)
                        Frame         =      813
                        Splice Plate  =       85
                        Base   Plate  =       44
                                        --------
                                             942
 


 REACTIONS - Sidewall Columns:
 -----------------------------

   Load   ----------Left_Column----------   ----------Right_Column---------
     Id   Fx(kN)  Fy(kN)  Fz(kN)  M(kN-m)   Fx(kN)  Fy(kN)  Fz(kN)  M(kN-m)  
   ----   ------ ------- ------- --------   ------ ------- ------- --------
      1     6.55   24.55    0.00   -20.19    -6.55   24.63    0.00    21.09
      2     6.55   24.64    0.00   -21.07    -6.55   24.55    0.00    20.21
      3     1.67    8.28    0.00    -5.11    -1.67    8.31    0.00     5.41
      4     1.67    8.31    0.00    -5.41    -1.67    8.28    0.00     5.12
      5     1.67    8.28    0.00    -5.11    -1.67    8.31    0.00     5.41
      6     1.67    8.31    0.00    -5.41    -1.67    8.28    0.00     5.12
      7     1.67    8.28    0.00    -5.11    -1.67    8.31    0.00     5.41
      8     1.67    8.31    0.00    -5.41    -1.67    8.28    0.00     5.12
      9     1.67    8.28    0.00    -5.11    -1.67    8.31    0.00     5.41
     10     1.67    8.31    0.00    -5.41    -1.67    8.28    0.00     5.12
     11     1.24    6.85    0.00    -3.78    -1.24    6.87    0.00     4.03
     12     1.24    6.87    0.00    -4.03    -1.24    6.85    0.00     3.79
     13     1.67    8.28    0.00    -5.11    -1.67    8.31    0.00     5.41
     14     1.67    8.31    0.00    -5.41    -1.67    8.28    0.00     5.12
     15     1.67    8.28    0.00    -5.11    -1.67    8.31    0.00     5.41
     16     1.67    8.31    0.00    -5.41    -1.67    8.28    0.00     5.12
     17     1.67    8.28    0.00    -5.11    -1.67    8.31    0.00     5.41
     18     1.67    8.31    0.00    -5.41    -1.67    8.28    0.00     5.12
     19   -14.69   -6.25    0.00    49.95   -16.22    5.68    0.00    50.56
     20    16.22    5.68    0.00   -50.57    14.69   -6.25    0.00   -49.95
     21   -19.00    1.34    0.00    54.85   -11.91   13.32    0.00    46.11
     22    11.92   13.32    0.00   -46.11    19.00    1.34    0.00   -54.84
     23    11.35  -12.78    9.42   -20.85   -11.03  -10.09    9.40    18.51
     24    11.03  -10.13    9.42   -18.51   -11.35  -12.74    9.40    20.85
     25    11.34   11.18    0.00   -20.86   -11.02   13.79    0.00    18.50
     26    11.02   13.83    0.00   -18.50   -11.34   11.14    0.00    20.86
     27     7.04   -5.16    9.42   -16.18    -6.72   -2.48    9.40    13.83
     28     6.72   -2.52    9.42   -13.83    -7.04   -5.13    9.40    16.19
     29     7.03   18.79    0.00   -16.20    -6.71   21.40    0.00    13.82
     30     6.71   21.44    0.00   -13.82    -7.03   18.75    0.00    16.20
     31   -18.36  -18.44    0.00    61.12   -12.55   -6.57    0.00    38.67
     32   -18.36  -18.44    0.00    61.12   -12.55   -6.57    0.00    38.67
     33   -18.36  -18.44    0.00    61.12   -12.55   -6.57    0.00    38.67
     34    12.55   -6.57    0.00   -38.69    18.36  -18.44    0.00   -61.13
     35    12.55   -6.57    0.00   -38.69    18.36  -18.44    0.00   -61.13
     36    12.55   -6.57    0.00   -38.69    18.36  -18.44    0.00   -61.13
     37   -22.66  -10.85    0.00    66.02    -8.25    1.06    0.00    34.22
     38   -22.66  -10.85    0.00    66.02    -8.25    1.06    0.00    34.22
     39   -22.66  -10.85    0.00    66.02    -8.25    1.06    0.00    34.22
     40     8.25    1.06    0.00   -34.23    22.66  -10.85    0.00   -66.02
     41     8.25    1.06    0.00   -34.23    22.66  -10.85    0.00   -66.02
     42     8.25    1.06    0.00   -34.23    22.66  -10.85    0.00   -66.02
     43     5.28  -11.68    5.65    -7.69    -5.09  -10.07    5.64     6.30
     44     5.09  -10.09    5.65    -6.30    -5.28  -11.66    5.64     7.69
     45     5.27    2.69    0.00    -7.70    -5.08    4.26    0.00     6.29
     46     5.08    4.28    0.00    -6.30    -5.27    2.67    0.00     7.70
     47     5.28  -11.68    5.65    -7.69    -5.09  -10.07    5.64     6.30
     48     5.09  -10.09    5.65    -6.30    -5.28  -11.66    5.64     7.69
     49     5.27    2.69    0.00    -7.70    -5.08    4.26    0.00     6.29
     50     5.08    4.28    0.00    -6.30    -5.27    2.67    0.00     7.70
     51     5.28  -11.68    5.65    -7.69    -5.09  -10.07    5.64     6.30
     52     5.09  -10.09    5.65    -6.30    -5.28  -11.66    5.64     7.69
     53     5.27    2.69    0.00    -7.70    -5.08    4.26    0.00     6.29
     54     5.08    4.28    0.00    -6.30    -5.27    2.67    0.00     7.70
     55     2.69   -7.12    5.65    -4.89    -2.50   -5.50    5.64     3.49
     56     2.50   -5.53    5.65    -3.49    -2.69   -7.09    5.64     4.89
     57     2.69    7.26    0.00    -4.90    -2.49    8.82    0.00     3.49
     58     2.49    8.85    0.00    -3.49    -2.69    7.24    0.00     4.90
     59     2.69   -7.12    5.65    -4.89    -2.50   -5.50    5.64     3.49
     60     2.50   -5.53    5.65    -3.49    -2.69   -7.09    5.64     4.89
     61     2.69    7.26    0.00    -4.90    -2.49    8.82    0.00     3.49
     62     2.49    8.85    0.00    -3.49    -2.69    7.24    0.00     4.90
     63     2.69   -7.12    5.65    -4.89    -2.50   -5.50    5.64     3.49
     64     2.50   -5.53    5.65    -3.49    -2.69   -7.09    5.64     4.89
     65     2.69    7.26    0.00    -4.90    -2.49    8.82    0.00     3.49
     66     2.49    8.85    0.00    -3.49    -2.69    7.24    0.00     4.90
     67   -25.98  -31.49    0.00    85.77   -15.23  -15.74    0.00    46.50
     68    15.24  -15.75    0.00   -46.52    25.98  -31.49    0.00   -85.79
     69   -31.72  -21.38    0.00    92.40    -9.50   -5.56    0.00    40.66
     70     9.50   -5.56    0.00   -40.68    31.72  -21.38    0.00   -92.41
     71     8.75  -40.28   12.56    -7.73    -8.33  -36.69   12.53     4.66
     72     8.33  -36.74   12.56    -4.68    -8.75  -40.23   12.53     7.71
     73     8.74   -8.34    0.00    -7.75    -8.32   -4.85    0.00     4.64
     74     8.32   -4.81    0.00    -4.65    -8.74   -8.39    0.00     7.74
     75     3.01  -30.13   12.56    -1.51    -2.59  -26.54   12.53    -1.58
     76     2.59  -26.60   12.56     1.57    -3.01  -30.08   12.53     1.50
     77     3.00    1.81    0.00    -1.54    -2.58    5.29    0.00    -1.60
     78     2.58    5.34    0.00     1.60    -3.00    1.76    0.00     1.53
     79     1.07    8.05    0.00    -1.85    -2.31    8.71    0.00     8.79
     80     2.31    8.71    0.00    -8.78    -1.07    8.05    0.00     1.85
     81     4.89   20.35    0.00   -14.24    -5.81   20.85    0.00    19.46
     82     5.81   20.85    0.00   -19.44    -4.89   20.35    0.00    14.25
     83     1.23    8.13    0.00    -2.74    -2.15    8.62    0.00     7.89
     84     2.15    8.62    0.00    -7.89    -1.23    8.13    0.00     2.74
     85     0.11    3.72    0.00     1.15    -1.35    4.38    0.00     5.76
     86     1.35    4.38    0.00    -5.76    -0.11    3.71    0.00    -1.15
     87     1.69    7.72    0.52    -5.31    -1.69    7.72    0.52     5.32
     88     1.69    9.04    0.00    -5.31    -1.69    9.03    0.00     5.32
     89     5.35   20.11    0.38   -16.84    -5.35   20.11    0.38    16.85
     90     5.35   21.09    0.00   -16.84    -5.35   21.09    0.00    16.85
     91     1.69    7.89    0.38    -5.31    -1.69    7.89    0.38     5.32
     92     1.69    8.87    0.00    -5.31    -1.69    8.87    0.00     5.32
     93     0.73    3.39    0.52    -2.30    -0.73    3.39    0.52     2.31
     94     0.73    4.70    0.00    -2.30    -0.73    4.70    0.00     2.31
     95    -0.15   77.76    0.00    28.13   -13.35   27.06    0.00    62.17
     96    13.21   82.58    0.00   -41.09     0.29   22.24    0.00    -7.00
     97    -0.29   22.24    0.00     7.00   -13.21   82.58    0.00    41.10
     98    13.35   27.06    0.00   -62.17     0.15   77.76    0.00   -28.12
     99   -14.05   58.64    0.00    72.28   -20.06   15.57    0.00    81.66
    100   -16.92   63.68    0.00    75.69   -17.19   20.68    0.00    78.85
    101    20.13   71.14    0.00   -61.04    13.98    3.07    0.00   -51.67
    102    17.26   76.23    0.00   -58.07    16.85    8.14    0.00   -54.93
    103   -13.98    3.07    0.00    51.66   -20.13   71.14    0.00    61.03
    104   -16.85    8.13    0.00    54.92   -17.26   76.23    0.00    58.06
    105    20.07   15.57    0.00   -81.68    14.04   58.64    0.00   -72.28
    106    17.20   20.67    0.00   -78.86    16.91   63.69    0.00   -75.69
    107     1.42    6.85    0.00    -5.09    -1.42    6.87    0.00     5.34
    108     1.42    6.87    0.00    -5.34    -1.42    6.85    0.00     5.10
    109     1.06    6.85    0.00    -2.48    -1.06    6.87    0.00     2.72
    110     1.06    6.87    0.00    -2.72    -1.06    6.85    0.00     2.48
    111     5.46   20.48    0.00   -17.40    -5.46   20.55    0.00    18.15
    112     5.46   20.55    0.00   -18.14    -5.46   20.48    0.00    17.42
    113     5.20   20.48    0.00   -15.44    -5.20   20.55    0.00    16.18
    114     5.20   20.55    0.00   -16.17    -5.20   20.48    0.00    15.45
    115     1.81    8.28    0.00    -6.10    -1.81    8.31    0.00     6.40
    116     1.81    8.31    0.00    -6.39    -1.81    8.28    0.00     6.10
    117     1.81    8.28    0.00    -6.10    -1.81    8.31    0.00     6.40
    118     1.81    8.31    0.00    -6.39    -1.81    8.28    0.00     6.10
    119     1.81    8.28    0.00    -6.10    -1.81    8.31    0.00     6.40
    120     1.81    8.31    0.00    -6.39    -1.81    8.28    0.00     6.10
    121     1.53    8.28    0.00    -4.13    -1.53    8.31    0.00     4.43
    122     1.53    8.31    0.00    -4.43    -1.53    8.28    0.00     4.14
    123     1.53    8.28    0.00    -4.13    -1.53    8.31    0.00     4.43
    124     1.53    8.31    0.00    -4.43    -1.53    8.28    0.00     4.14
    125     1.53    8.28    0.00    -4.13    -1.53    8.31    0.00     4.43
    126     1.53    8.31    0.00    -4.43    -1.53    8.28    0.00     4.14


 DEFLECTIONS:
 ------------

          Lateral Defl
  Load    @ Top Of Col   Vert Defl
   Id     Left   Right   On Rafter
  ----    ----   -----  ---------
    1     -2.2     2.9    -24.1
    2     -2.9     2.2    -24.1
    3     -0.5     0.8     -6.2
    4     -0.8     0.5     -6.2
    5     -0.5     0.8     -6.2
    6     -0.8     0.5     -6.2
    7     -0.5     0.8     -6.2
    8     -0.8     0.5     -6.2
    9     -0.5     0.8     -6.2
   10     -0.8     0.5     -6.2
   11     -0.4     0.6     -4.6
   12     -0.6     0.4     -4.6
   13     -0.5     0.8     -6.2
   14     -0.8     0.5     -6.2
   15     -0.5     0.8     -6.2
   16     -0.8     0.5     -6.2
   17     -0.5     0.8     -6.2
   18     -0.8     0.5     -6.2
   19     28.0    27.6      3.5
   20    -27.6   -28.0      3.5
   21     27.7    28.2     -3.8
   22    -28.2   -27.7     -3.8
   23     -1.8    -0.6     -4.5
   24      0.6     1.8     -4.5
   25     -1.8    -0.6     -4.6
   26      0.6     1.8     -4.6
   27     -2.3    -0.1     -9.7
   28      0.1     2.3     -9.7
   29     -2.3    -0.1     -9.8
   30      0.1     2.3     -9.8
   31     29.1    25.9     15.7
   32     29.1    25.9     15.7
   33     29.1    25.9     15.7
   34    -25.9   -29.1     15.7
   35    -25.9   -29.1     15.7
   36    -25.9   -29.1     15.7
   37     28.8    26.5     10.4
   38     28.8    26.5     10.4
   39     28.8    26.5     10.4
   40    -26.5   -28.8     10.5
   41    -26.5   -28.8     10.5
   42    -26.5   -28.8     10.5
   43     -0.5    -1.0      2.9
   44      0.9     0.5      2.9
   45     -0.5    -1.0      2.9
   46      1.0     0.5      2.9
   47     -0.5    -1.0      2.9
   48      0.9     0.5      2.9
   49     -0.5    -1.0      2.9
   50      1.0     0.5      2.9
   51     -0.5    -1.0      2.9
   52      0.9     0.5      2.9
   53     -0.5    -1.0      2.9
   54      1.0     0.5      2.9
   55     -0.8    -0.7     -0.3
   56      0.7     0.8     -0.3
   57     -0.8    -0.7     -0.4
   58      0.7     0.8     -0.4
   59     -0.8    -0.7     -0.3
   60      0.7     0.8     -0.3
   61     -0.8    -0.7     -0.4
   62      0.7     0.8     -0.4
   63     -0.8    -0.7     -0.3
   64      0.7     0.8     -0.3
   65     -0.8    -0.7     -0.4
   66      0.7     0.8     -0.4
   67     39.1    33.6     26.4
   68    -33.6   -39.1     26.4
   69     38.7    34.6     19.4
   70    -34.6   -38.8     19.4
   71      0.1    -3.3     17.5
   72      3.2    -0.1     17.5
   73      0.1    -3.3     17.3
   74      3.2    -0.1     17.3
   75     -0.6    -2.6     10.4
   76      2.6     0.6     10.4
   77     -0.6    -2.6     10.3
   78      2.6     0.6     10.3
   79      2.2     3.5     -6.2
   80     -3.4    -2.1     -6.2
   81      0.1     4.2    -19.7
   82     -4.2     0.0    -19.7
   83      1.4     2.7     -6.2
   84     -2.7    -1.4     -6.2
   85      2.5     3.1     -2.7
   86     -3.1    -2.5     -2.7
   87     -0.6     0.7     -6.2
   88     -0.6     0.7     -6.2
   89     -2.1     2.1    -19.7
   90     -2.1     2.1    -19.7
   91     -0.6     0.7     -6.2
   92     -0.6     0.7     -6.2
   93     -0.3     0.3     -2.7
   94     -0.3     0.3     -2.7
   95     39.0    40.2     -9.3
   96    -10.2    -9.0     -6.4
   97      9.0    10.2     -6.4
   98    -40.2   -39.0     -9.3
   99     57.9    55.7     11.6
  100     57.8    56.2      9.8
  101    -26.0   -28.2      9.7
  102    -26.5   -28.0      6.2
  103     28.2    26.0      9.7
  104     28.0    26.5      6.2
  105    -55.7   -57.9     11.6
  106    -56.3   -57.8      9.8
  107     -1.7     1.9     -1.7
  108     -1.9     1.7     -1.7
  109      0.9    -0.7     -7.5
  110      0.7    -0.9     -7.5
  111     -2.7     3.4    -17.4
  112     -3.3     2.8    -17.4
  113     -0.8     1.4    -21.8
  114     -1.4     0.8    -21.8
  115     -1.5     1.8     -4.0
  116     -1.7     1.5     -4.0
  117     -1.5     1.8     -4.0
  118     -1.7     1.5     -4.0
  119     -1.5     1.8     -4.0
  120     -1.7     1.5     -4.0
  121      0.5    -0.2     -8.3
  122      0.2    -0.5     -8.3
  123      0.5    -0.2     -8.3
  124      0.2    -0.5     -8.3
  125      0.5    -0.2     -8.3
  126      0.2    -0.5     -8.3


 DEFLECTIONS RATIO:
 ------------------

          Lateral Defl
  Load    @ Top Of Col   Vert Defl
   Id     Left   Right   On Rafter
  ----    ----   -----  ---------
    1     4128    3079     531 
    2     3110    4074     531 
    3    17096   11620    2079 
    4    11732   16861    2079 
    5    17096   11620    2079 
    6    11732   16861    2079 
    7    17096   11620    2079 
    8    11732   16861    2079 
    9    17096   11620    2079 
   10    11732   16861    2079 
   11    23643   15381    2798 
   12    15526   23309    2798 
   13    17096   11620    2079 
   14    11732   16861    2079 
   15    17096   11620    2079 
   16    11732   16861    2079 
   17    17096   11620    2079 
   18    11732   16861    2079 
   19      318     323    3698 
   20      323     318    3690 
   21      322     315    3394 
   22      315     322    3401 
   23     4994   14630    2873 
   24    14653    4996    2873 
   25     4959   14359    2792 
   26    14388    4962    2792 
   27     3920   71343    1316 
   28    66672    3905    1316 
   29     3899   65246    1299 
   30    61438    3884    1299 
   31      306     344     814 
   32      306     344     814 
   33      306     344     814 
   34      344     306     814 
   35      344     306     814 
   36      344     306     814 
   37      309     336    1225 
   38      309     336    1225 
   39      309     336    1225 
   40      335     309    1223 
   41      335     309    1223 
   42      335     309    1223 
   43    18460    9321    4353 
   44     9391   18735    4354 
   45    18285    9281    4470 
   46     9353   18564    4471 
   47    18460    9321    4353 
   48     9391   18735    4354 
   49    18286    9281    4470 
   50     9353   18564    4471 
   51    18461    9321    4353 
   52     9391   18734    4354 
   53    18286    9281    4470 
   54     9353   18563    4471 
   55    11511   13423   37055 
   56    13451   11531   37032 
   57    11443   13340   30332 
   58    13372   11466   30307 
   59    11511   13423   37055 
   60    13451   11531   37032 
   61    11443   13340   30332 
   62    13372   11466   30307 
   63    11511   13423   37055 
   64    13451   11531   37032 
   65    11443   13340   30332 
   66    13372   11466   30307 
   67      228     265     484 
   68      265     228     484 
   69      230     257     660 
   70      257     230     659 
   71    99999    2738     732 
   72     2762   78139     732 
   73    99999    2721     739 
   74     2745   95246     740 
   75    15691    3412    1224 
   76     3433   16136    1225 
   77    15112    3385    1245 
   78     3406   15542    1245 
   79     4141    2581    2059 
   80     2587    4155    2059 
   81    99999    2135     650 
   82     2147   99999     650 
   83     6222    3261    2059 
   84     3270    6254    2059 
   85     3549    2899    4746 
   86     2902    3554    4749 
   87    13777   13622    2058 
   88    13776   13622    2056 
   89     4346    4296     650 
   90     4346    4296     650 
   91    13777   13622    2058 
   92    13777   13622    2056 
   93    31769   31413    4743 
   94    31766   31410    4730 
   95      228     221    1376 
   96      878     992    1986 
   97      992     877    1986 
   98      221     228    1378 
   99      154     160    1100 
  100      154     158    1302 
  101      342     315    1313 
  102      336     318    2051 
  103      316     342    1314 
  104      318     336    2054 
  105      160     154    1099 
  106      158     154    1300 
  107     5268    4704    7613 
  108     4718    5251    7613 
  109     9504   12116    1714 
  110    12034    9556    1714 
  111     3258    2661     733 
  112     2680    3230     733 
  113    11676    6476     587 
  114     6587   11331     587 
  115     5912    5083    3210 
  116     5105    5883    3210 
  117     5912    5083    3210 
  118     5105    5883    3210 
  119     5912    5083    3210 
  120     5105    5883    3210 
  121    19179   40645    1537 
  122    39377   19474    1537 
  123    19179   40645    1537 
  124    39377   19474    1537 
  125    19179   40645    1537 
  126    39377   19474    1537 

 MAX DEFLECTION:
 ---------------
                      Load  Deflect  Span/Deflect
    Type                Id     (mm)   Calc  Limit
    ----------------  ----  -------  -----  -----
    Live  Vertical            -17.9   713.   150.
    Total Vertical      68     26.4   484.   150.
    Horizontal Drift   105    -57.9   154.   100.
    Horizontal Total   105    -57.9   154.   100.

    Horizontal Spring Constant= 0.445 kN/mm

 CRANE/FLOOR DEFLECTION:
 -----------------------
                         Height  Load  Deflect    Span/
    Id       Locate        (mm)    Id     (mm)  Deflect   Limit
    -------  ----------  ------  ----  -------  -------  ------
    Crane1   Left  Col     7000    99     47.3     148.    100.
    Crane1   Right Col     7000   105    -47.3     148.    100.


 P-DELTA - Effective Length:
 -----------------------------
  CONVERGENCE CHECK:
                Max
            Deflect
    Column    Ratio
    ------  -------
    Left     0.0331   
    Right    0.0351   

  MAXIMUM DRIFT CHECK:
           Max_Drift(mm)  Second/
    Load  First   Second   First
     Id    Order   Order   Ratio
    ----  ------  ------  -------
    121      0.3     0.5    1.35
 

 ENDWALL VERTICAL DEFLECTION:
 ----------------------------
    Column            --Vertical_Down(mm)-   ---Vertical_Up(mm)--
    Locate   Use      Load  Deflect  Limit   Load  Deflect  Limit
   -------   ------   ----  -------  -----   ----  -------  -----
      7685   Column     2      22.1    0.0    67      25.6    0.0
 
================================================================================
 C463-002            Frame  5 - Crane Brackets              18/DEC/2025  2:49pm
================================================================================

 CRANE LAYOUT:
 -------------
   Crane        Span  -Offset(mm)-
     Id   Type   Id    Left  Right
   -----  ----  ----  -----  -----
      1    TG     1    1200   1200

 BRACKET DESIGN:
 --------------
   Crane                   Factored_Shear(kN)  Factored_Moment(kN-m)
     Id   Side   Part       Calc  Limit    UC    Calc  Limit    UC
   -----  -----  --------  -----  -----  ----   -----  -----  ----
      1   Left   W35b228   73.87 191.96  0.38   41.06 120.40  0.34
      1   Right  W35b228   73.87 191.96  0.38   41.06 120.40  0.34
 

 STIFFENER DESIGN:
 -----------------
   Crane                     -Stiffener_Size(mm)-  -----Force(kN)----
     Id   Side   Locate      Width  Thick  Length   Calc  Limit    UC
   -----  -----  ----------  -----  -----  ------  -----  -----  ----
      1   Left   Top Flange   70.0   6.00   400.0 -112.2 136.40  0.82
      1   Left   Bot Flange   70.0   6.00   400.0 112.22 265.56  0.42
      1   Left   Crane Beam  140.0   6.00   400.0   0.00 309.99  0.00
      1   Left   Diagonal    (a)     
      1   Left   Bracket     (a)     
      1   Right  Top Flange   70.0   6.00   400.0 -112.2 136.40  0.82
      1   Right  Bot Flange   70.0   6.00   400.0 112.22 265.56  0.42
      1   Right  Crane Beam  140.0   6.00   400.0   0.00 309.99  0.00
      1   Right  Diagonal    (a)     
      1   Right  Bracket     (a)     

                             (a)Not Required
================================================================================
 C463-002            Frame  5 - Rigid Frame Clearances      18/DEC/2025  2:49pm
================================================================================

 VERTICAL CLEARANCE:
 -------------------
   Location                          Span    X_Coord    Y_Coord
   ------------------------       -------   --------   --------
   Left                              8551        641       8551 
   Right                             8551      12159       8551 
   Midspan                           9227       6400       9227 

 HORIZONTAL CLEARANCE:
 ---------------------
   Location                          Span   X_CoordL   X_CoordR
   ------------------------       -------   --------   --------
   Left  - Right                    11512        644      12156 



 CRANE VERTICAL CLEARANCE:
 -------------------------
   Crane  Location          Clear    X_Coord   Y_Coord
   -----  ----------    ---------   --------  --------
      1   Right              1551      12159      8551 

 CRANE HORIZONTAL CLEARANCE:
 ----------------------------
   Crane  Location          Clear    X_Coord   Y_Coord
   -----  ----------    ---------   --------  --------
      1   Left                414        636      7000 
      1   Right               414      12164      7000 
================================================================================
 C463-002            Frame  5 - Weight Summary              18/DEC/2025  2:49pm
================================================================================

                      Total Weight (kg)
                        Frame         =      813
                        Splice Plate  =       85
                        Base   Plate  =       44
                                        --------
                                             942
 
================================================================================
 C463-002            Frame  5 - Warning Summary             18/DEC/2025  2:49pm
================================================================================

                   .. No Warnings
