*===============================================================================
*C463-002            Rigid Frame Design Input               17/DEC/2025  5:37pm
*===============================================================================
 
*( 1)JOBID:
    'C463-002'
 
*( 2)FRAME DESIGN OPTIONS:
*--Frame-    -------Frame_Space-------  Section  Web_Stiffener     P
*Id  Type      L_Col    R_Col   Rafter    Space  Use Ratio Side  Delta
  2 'RF '     8178.0   8178.0   8178.0    500.0  'N'  0.00 'Y '  'EL'
 
*( 3)FRAME LINES:
*No.    Line_Id
   1    2
 
*( 4)OPTIMIZATION OPTIONS:
*Plate  Depth  Frame  -L_Col_Depth_Opt-  -R_Col_Depth_Opt-    Rafter_Depth_Opt
* Opt    Opt    Sym   Typ    Min    Max  Typ    Min    Max   Typ    Min    Max
  'N'    'N'    'S'  'T '  250.0 1400.0 'T '  250.0 1400.0  'T '  300.0 1400.0
 
*( 5)DESIGN CODE:
*Design  ---Steel_Code---             ---Build---   Code      Seismic
* Code   Cold       Hot      Country  Code   Year   Label      Zone
  'WS ' 'NAUS07  ' 'AISC05'  '    '  'MBMA'  '10'  'MBMA 10 '  'C  '
 
*( 6)DESIGN CONSTANTS:
*                        ---Strength_Factor---
* ----Stress_Ratio----           ---Seismic---
* Frame  Col   EP   BP     Wind   Frame  SpcEP
   1.00 1.00 1.00 1.00   1.0000  1.0000 1.0000
 
*( 7)STEEL YIELDS:
* Web   Flg  C_Sec  W_Sec  R_Sec  P_Sec  T_Sec  U_Sec    EP     BP
  345   345    345    345    235    345    317    235   345    345
 
*( 8)DEFLECTION LIMITS:
* ------Vertical-----  -------Horizontal-------  -Weak_Axis-
*  Live   Wind  Total  Total  Seis  Crane Floor   Wind  Seis
  150.0    0.0  150.0  100.0  50.0  100.0   0.0   60.0  50.0
 
*( 9)REPORTS:
* Input Design   End  Base  Revise Action Sec  Flange Segment Unbrc Floor  Diag
* Echo  Summary Plate Plate Input  Stress Prop Brace  Displ.   Len  React Brace
  'Y'    'Y'     'Y'   'Y'   'Y'    'N'   'N'   'Y'     'N'    'N'   'N'   'N'
 
*(10)BUILDING LAYOUT:
*                             -----------Wall-----------
* Type      Width     Length  Type Opt   Offset   Length
  'FF'    12800.0    30500.0   '-' '-'     0.00  12800.0
 
*(11)SURFACE SHAPE:
* No.    X_Coord   Y_Coord  Offset
   4         0.0    9100.0  230.00
          6400.0    9740.0  200.00
         12800.0    9100.0  200.00
         12800.0       0.0  230.00
 
 
*(12)MEMBER DEPTHS:
*Surf   ----Depth----  No.   --Interior_Depth-
* Id    Start     End  Dep    Locate     Depth
   1   400.00  400.00   0
   2   400.00  300.00   0
   3   300.00  400.00   0
   4   400.00  400.00   0
 
*(13)MEMBER SPLICES:
*Surf
* Id   No.    Locate   Type
   1    0
   2    1        0.0  'HSS '
   3    1        0.0  '-SS '
   4    1        0.0  'HSS '
 
*(14)SEGMENT PLATES:
*    Surf Mem ---Segment--    Member      Flange  ----Plate_Thickness---
*No.  Id   Id  Id   Length    Part         Width     Web  OS_Flg  IS_Flg
   4   1    1   1      0.0   '--------'   150.00    5.00    6.00    8.00
       2    2   2      0.0   '--------'   125.00    4.00    6.00    6.00
       3    3   3      0.0   '--------'   125.00    4.00    6.00    6.00
       4    4   4      0.0   '--------'   150.00    5.00    6.00    8.00
 
*(15)INTERIOR COLUMNS:
*      --------Column-------  Cap   Rafter   Unbrace_Length  ----Column---
* No.  Id  Typ  Rot   Locate  Conn   Opt     Major    Minor  Set  Part
   0
 
*(16)INTERIOR COLUMN PLATES:
* -Column- -----Depth----  No.    Start  ---Web_Depth--     Web    Flg  --Thickness--
* Id Shape    Min     Max  Mem   Locate   Start     End   Thick  Width  OS_Flg IS_Flg
 
*(17)INTERIOR COLUMN SPLICES:
*         Col
* No. Id   Id    Locate  Type
   0
 
*(18)BASE & WALL OPTIONS:
*----------Base----------      Open  Brace
* Id   Conn   Opt    Elev    Height   Opt
   1   'FI'   '-'    0.00       0.0   '-'   Left  Column
   2   'FI'   '-'    0.00       0.0   '-'   Right Column
 
*(19)BASE DISPLACEMENT:
*Base
* Id   Opt  Dir  Displace
   0   '-'  '-'     0.00
 
*(20)BASE SPRINGS:
*      Base         --Spring_Constants--
* No.   Id    Elev    Horz   Vert Rotate
   0
 
*(21)WALL GIRT:
*Surf                                       Bay
* Id  Type  Part       Depth   Proj     Lap  Id  No.  Locate Type
   1  'ZB' '200Z15  ' 200.00 230.00   660.0   4   5   3080.0 'ZB'
                                                      4580.0 'ZB'
                                                      6080.0 'ZB'
                                                      7280.0 'ZB'
                                                      8280.0 'ZB'
   4  'ZB' '200Z15  ' 200.00 230.00   660.0   2   5   3080.0 'ZB'
                                                      4580.0 'ZB'
                                                      6080.0 'ZB'
                                                      7280.0 'ZB'
                                                      8280.0 'ZB'
 
*(22)ROOF PURLIN:
*Surf
* Id  Type  Part       Depth   Proj     Lap
   2  'ZB' '200Z18  ' 200.00   0.00   960.0
   3  'ZB' '200Z18  ' 200.00   0.00   960.0
 
*(23)ROOF PURLIN LOCATION:
*Surf    Peak
* Id    Space  No.  Locate
   2    300.0   4   1334.9   2933.9   4532.9   6131.9
   3    300.0   4    300.0   1899.0   3498.0   5097.0
 
*(24)FLANGE BRACE:
*Surf       Locate  Side
* Id  No.     Id     Opt
   1   5       1     '-'
               2     '-'
               3     '-'
               4     '-'
               5     '-'
   2   4       1     '-'
               2     '-'
               3     '-'
               4     'N'
   3   4       1     'N'
               2     '-'
               3     '-'
               4     '-'
   4   5       1     '-'
               2     '-'
               3     '-'
               4     '-'
               5     '-'
 
*(25)COLUMN ADDITIONAL BRACE LOCATIONS:
*     Col                  -Minor-
*No.   Id   Height  Major  Out  In
  2     0   6850.0   'N'   'N'  'Y'
        1   6850.0   'N'   'N'  'Y'
 
 
*(26)EXTENSIONS:
*Surf                   ----Horizontal_Size----   -----Vertical_Size-----     Load
* Id  No.  Id  Type Opt     Elev    Width  Slope     Elev   Height  Slope    Width
   1   0
   4   0
 
*(27)LOAD GROUPS:
*    Group
*No.   Id   Description
   1  '-'  'Standard       '
 
*(28)BASIC LOADS:
*                                             ---Deflection---
*Group Dead  Coll   Live   Snow  Rain  Basic     Load_Ratio       Temp
*  Id  Load  Load   Load   Load  Load   Wind  Snow  Wind  Seis   Change
  '-' 0.100 0.050  0.570  0.000  0.00  0.986  1.00  1.00  1.00     20.0
 
*(29)BASIC LOADS AT EAVE:
*Group Seis   --Torsion--   --EW_Brace-   --Extension--  -Additional-
*  Id  Load   Wind   Seis   Wind   Seis    Wind   Seis    Wind   Seis
  '-'  1.16   0.00   0.00   0.00   0.00    0.00   0.00    0.00   0.00
 
*(30)WIND COEFFICIENT:
*Group Surf  ---Wind_1--   ---Wind_2--   ---Wind_3--   ---Wind_4--     Long_Wind  Surface
*  Id   Id   Left  Right   Left  Right   Left  Right   Left  Right      1      2  Friction
  '-'    1   0.23  -0.48   0.59  -0.12   0.00   0.00   0.00   0.00  -0.63  -0.27    0.00
  '-'    2  -0.87  -0.56  -0.51  -0.20   0.00   0.00   0.00   0.00  -0.87  -0.40    0.00
  '-'    3  -0.56  -0.87  -0.20  -0.51   0.00   0.00   0.00   0.00  -0.87  -0.40    0.00
  '-'    4  -0.48   0.23  -0.12   0.59   0.00   0.00   0.00   0.00  -0.63  -0.27    0.00
 
*(31)LONGITUDINAL & WEAK AXIS BRACING LOADS:
*Group  ----Wind----    ---Seismic--   -Weak_Axis-
*  Id   Horz    Vert    Horz    Vert   Wind   Seis
  '-'  12.56   13.04    0.74    0.77   0.00   0.00  Left  Column
  '-'  12.53   13.00    0.74    0.77   0.00   0.00  Right Column
 
*(32)DESIGN LOADS:Strength
*                -----------------------------------------------------Load_Coefficients-----------------------------------------------------
*         Group             ---Live---       --Add_Snow-        --Wind_1--  --Wind_2--  --Wind_3--  --Wind_4--   Long_Wind  --Seismic-         Aux_Load
*No.   Id   Id  Dead  Coll  Roof Floor  Snow Drift Slide  Rain    Lt    Rt    Lt    Rt    Lt    Rt    Lt    Rt     1     2  Long  Tran  Temp  Id  Coeff
 126    1  '-'  1.00  1.00  1.00  0.00  0.00  0.00  0.00  0.00  0.00  0.00  0.00  0.00  0.00  0.00  0.00  0.00  0.00  0.00  0.00  0.00  0.00   0   0.00
        2  '-'  1.00  1.00  1.00  0.00  0.00  0.00  0.00  0.00  0.00  0.00  0.00  0.00  0.00  0.00  0.00  0.00  0.00  0.00  0.00  0.00  0.00   0   0.00
        3  '-'  1.00  1.00  0.00  1.00  0.00  0.00  0.00  0.00  0.00  0.00  0.00  0.00  0.00  0.00  0.00  0.00  0.00  0.00  0.00  0.00  0.00   0   0.00
        4  '-'  1.00  1.00  0.00  1.00  0.00  0.00  0.00  0.00  0.00  0.00  0.00  0.00  0.00  0.00  0.00  0.00  0.00  0.00  0.00  0.00  0.00   0   0.00
        5  '-'  1.00  1.00  0.00  0.00  1.00  0.00  0.00  0.00  0.00  0.00  0.00  0.00  0.00  0.00  0.00  0.00  0.00  0.00  0.00  0.00  0.00   0   0.00
        6  '-'  1.00  1.00  0.00  0.00  1.00  0.00  0.00  0.00  0.00  0.00  0.00  0.00  0.00  0.00  0.00  0.00  0.00  0.00  0.00  0.00  0.00   0   0.00
        7  '-'  1.00  1.00  0.00  0.00  1.00  1.00  0.00  0.00  0.00  0.00  0.00  0.00  0.00  0.00  0.00  0.00  0.00  0.00  0.00  0.00  0.00   0   0.00
        8  '-'  1.00  1.00  0.00  0.00  1.00  1.00  0.00  0.00  0.00  0.00  0.00  0.00  0.00  0.00  0.00  0.00  0.00  0.00  0.00  0.00  0.00   0   0.00
        9  '-'  1.00  1.00  0.00  0.00  1.00  0.00  1.00  0.00  0.00  0.00  0.00  0.00  0.00  0.00  0.00  0.00  0.00  0.00  0.00  0.00  0.00   0   0.00
       10  '-'  1.00  1.00  0.00  0.00  1.00  0.00  1.00  0.00  0.00  0.00  0.00  0.00  0.00  0.00  0.00  0.00  0.00  0.00  0.00  0.00  0.00   0   0.00
       11  '-'  1.00  0.00  0.00  0.00  0.00  0.00  0.00  0.00  0.00  0.00  0.00  0.00  0.00  0.00  0.00  0.00  0.00  0.00  0.00  0.00  0.00   0   0.00
       12  '-'  1.00  0.00  0.00  0.00  0.00  0.00  0.00  0.00  0.00  0.00  0.00  0.00  0.00  0.00  0.00  0.00  0.00  0.00  0.00  0.00  0.00   0   0.00
       13  '-'  1.00  1.00  0.00  0.75  0.75  0.00  0.00  0.00  0.00  0.00  0.00  0.00  0.00  0.00  0.00  0.00  0.00  0.00  0.00  0.00  0.00   0   0.00
       14  '-'  1.00  1.00  0.00  0.75  0.75  0.00  0.00  0.00  0.00  0.00  0.00  0.00  0.00  0.00  0.00  0.00  0.00  0.00  0.00  0.00  0.00   0   0.00
       15  '-'  1.00  1.00  0.00  0.75  0.75  0.75  0.00  0.00  0.00  0.00  0.00  0.00  0.00  0.00  0.00  0.00  0.00  0.00  0.00  0.00  0.00   0   0.00
       16  '-'  1.00  1.00  0.00  0.75  0.75  0.75  0.00  0.00  0.00  0.00  0.00  0.00  0.00  0.00  0.00  0.00  0.00  0.00  0.00  0.00  0.00   0   0.00
       17  '-'  1.00  1.00  0.00  0.75  0.75  0.00  0.75  0.00  0.00  0.00  0.00  0.00  0.00  0.00  0.00  0.00  0.00  0.00  0.00  0.00  0.00   0   0.00
       18  '-'  1.00  1.00  0.00  0.75  0.75  0.00  0.75  0.00  0.00  0.00  0.00  0.00  0.00  0.00  0.00  0.00  0.00  0.00  0.00  0.00  0.00   0   0.00
       19  '-'  1.00  1.00  0.75  0.75  0.00  0.00  0.00  0.00  0.75  0.00  0.00  0.00  0.00  0.00  0.00  0.00  0.00  0.00  0.00  0.00  0.00   0   0.00
       20  '-'  1.00  1.00  0.75  0.75  0.00  0.00  0.00  0.00  0.00  0.75  0.00  0.00  0.00  0.00  0.00  0.00  0.00  0.00  0.00  0.00  0.00   0   0.00
       21  '-'  1.00  1.00  0.75  0.75  0.00  0.00  0.00  0.00  0.00  0.00  0.75  0.00  0.00  0.00  0.00  0.00  0.00  0.00  0.00  0.00  0.00   0   0.00
       22  '-'  1.00  1.00  0.75  0.75  0.00  0.00  0.00  0.00  0.00  0.00  0.00  0.75  0.00  0.00  0.00  0.00  0.00  0.00  0.00  0.00  0.00   0   0.00
       23  '-'  1.00  1.00  0.75  0.75  0.00  0.00  0.00  0.00  0.00  0.00  0.00  0.00  0.00  0.00  0.00  0.00  0.75  0.00  0.00  0.00  0.00   5   0.75
       24  '-'  1.00  1.00  0.75  0.75  0.00  0.00  0.00  0.00  0.00  0.00  0.00  0.00  0.00  0.00  0.00  0.00  0.75  0.00  0.00  0.00  0.00   6   0.75
       25  '-'  1.00  1.00  0.75  0.75  0.00  0.00  0.00  0.00  0.00  0.00  0.00  0.00  0.00  0.00  0.00  0.00 -0.75  0.00  0.00  0.00  0.00   5   0.75
       26  '-'  1.00  1.00  0.75  0.75  0.00  0.00  0.00  0.00  0.00  0.00  0.00  0.00  0.00  0.00  0.00  0.00 -0.75  0.00  0.00  0.00  0.00   6   0.75
       27  '-'  1.00  1.00  0.75  0.75  0.00  0.00  0.00  0.00  0.00  0.00  0.00  0.00  0.00  0.00  0.00  0.00  0.00  0.75  0.00  0.00  0.00   7   0.75
       28  '-'  1.00  1.00  0.75  0.75  0.00  0.00  0.00  0.00  0.00  0.00  0.00  0.00  0.00  0.00  0.00  0.00  0.00  0.75  0.00  0.00  0.00   8   0.75
       29  '-'  1.00  1.00  0.75  0.75  0.00  0.00  0.00  0.00  0.00  0.00  0.00  0.00  0.00  0.00  0.00  0.00  0.00 -0.75  0.00  0.00  0.00   7   0.75
       30  '-'  1.00  1.00  0.75  0.75  0.00  0.00  0.00  0.00  0.00  0.00  0.00  0.00  0.00  0.00  0.00  0.00  0.00 -0.75  0.00  0.00  0.00   8   0.75
       31  '-'  1.00  1.00  0.00  0.75  0.75  0.00  0.00  0.00  0.75  0.00  0.00  0.00  0.00  0.00  0.00  0.00  0.00  0.00  0.00  0.00  0.00   0   0.00
       32  '-'  1.00  1.00  0.00  0.75  0.75  0.75  0.00  0.00  0.75  0.00  0.00  0.00  0.00  0.00  0.00  0.00  0.00  0.00  0.00  0.00  0.00   0   0.00
       33  '-'  1.00  1.00  0.00  0.75  0.75  0.00  0.75  0.00  0.75  0.00  0.00  0.00  0.00  0.00  0.00  0.00  0.00  0.00  0.00  0.00  0.00   0   0.00
       34  '-'  1.00  1.00  0.00  0.75  0.75  0.00  0.00  0.00  0.00  0.75  0.00  0.00  0.00  0.00  0.00  0.00  0.00  0.00  0.00  0.00  0.00   0   0.00
       35  '-'  1.00  1.00  0.00  0.75  0.75  0.75  0.00  0.00  0.00  0.75  0.00  0.00  0.00  0.00  0.00  0.00  0.00  0.00  0.00  0.00  0.00   0   0.00
       36  '-'  1.00  1.00  0.00  0.75  0.75  0.00  0.75  0.00  0.00  0.75  0.00  0.00  0.00  0.00  0.00  0.00  0.00  0.00  0.00  0.00  0.00   0   0.00
       37  '-'  1.00  1.00  0.00  0.75  0.75  0.00  0.00  0.00  0.00  0.00  0.75  0.00  0.00  0.00  0.00  0.00  0.00  0.00  0.00  0.00  0.00   0   0.00
       38  '-'  1.00  1.00  0.00  0.75  0.75  0.75  0.00  0.00  0.00  0.00  0.75  0.00  0.00  0.00  0.00  0.00  0.00  0.00  0.00  0.00  0.00   0   0.00
       39  '-'  1.00  1.00  0.00  0.75  0.75  0.00  0.75  0.00  0.00  0.00  0.75  0.00  0.00  0.00  0.00  0.00  0.00  0.00  0.00  0.00  0.00   0   0.00
       40  '-'  1.00  1.00  0.00  0.75  0.75  0.00  0.00  0.00  0.00  0.00  0.00  0.75  0.00  0.00  0.00  0.00  0.00  0.00  0.00  0.00  0.00   0   0.00
       41  '-'  1.00  1.00  0.00  0.75  0.75  0.75  0.00  0.00  0.00  0.00  0.00  0.75  0.00  0.00  0.00  0.00  0.00  0.00  0.00  0.00  0.00   0   0.00
       42  '-'  1.00  1.00  0.00  0.75  0.75  0.00  0.75  0.00  0.00  0.00  0.00  0.75  0.00  0.00  0.00  0.00  0.00  0.00  0.00  0.00  0.00   0   0.00
       43  '-'  1.00  1.00  0.00  0.75  0.75  0.00  0.00  0.00  0.00  0.00  0.00  0.00  0.00  0.00  0.00  0.00  0.45  0.00  0.00  0.00  0.00   5   0.45
       44  '-'  1.00  1.00  0.00  0.75  0.75  0.00  0.00  0.00  0.00  0.00  0.00  0.00  0.00  0.00  0.00  0.00  0.45  0.00  0.00  0.00  0.00   6   0.45
       45  '-'  1.00  1.00  0.00  0.75  0.75  0.00  0.00  0.00  0.00  0.00  0.00  0.00  0.00  0.00  0.00  0.00 -0.45  0.00  0.00  0.00  0.00   5   0.45
       46  '-'  1.00  1.00  0.00  0.75  0.75  0.00  0.00  0.00  0.00  0.00  0.00  0.00  0.00  0.00  0.00  0.00 -0.45  0.00  0.00  0.00  0.00   6   0.45
       47  '-'  1.00  1.00  0.00  0.75  0.75  0.75  0.00  0.00  0.00  0.00  0.00  0.00  0.00  0.00  0.00  0.00  0.45  0.00  0.00  0.00  0.00   5   0.45
       48  '-'  1.00  1.00  0.00  0.75  0.75  0.75  0.00  0.00  0.00  0.00  0.00  0.00  0.00  0.00  0.00  0.00  0.45  0.00  0.00  0.00  0.00   6   0.45
       49  '-'  1.00  1.00  0.00  0.75  0.75  0.75  0.00  0.00  0.00  0.00  0.00  0.00  0.00  0.00  0.00  0.00 -0.45  0.00  0.00  0.00  0.00   5   0.45
       50  '-'  1.00  1.00  0.00  0.75  0.75  0.75  0.00  0.00  0.00  0.00  0.00  0.00  0.00  0.00  0.00  0.00 -0.45  0.00  0.00  0.00  0.00   6   0.45
       51  '-'  1.00  1.00  0.00  0.75  0.75  0.00  0.75  0.00  0.00  0.00  0.00  0.00  0.00  0.00  0.00  0.00  0.45  0.00  0.00  0.00  0.00   5   0.45
       52  '-'  1.00  1.00  0.00  0.75  0.75  0.00  0.75  0.00  0.00  0.00  0.00  0.00  0.00  0.00  0.00  0.00  0.45  0.00  0.00  0.00  0.00   6   0.45
       53  '-'  1.00  1.00  0.00  0.75  0.75  0.00  0.75  0.00  0.00  0.00  0.00  0.00  0.00  0.00  0.00  0.00 -0.45  0.00  0.00  0.00  0.00   5   0.45
       54  '-'  1.00  1.00  0.00  0.75  0.75  0.00  0.75  0.00  0.00  0.00  0.00  0.00  0.00  0.00  0.00  0.00 -0.45  0.00  0.00  0.00  0.00   6   0.45
       55  '-'  1.00  1.00  0.00  0.75  0.75  0.00  0.00  0.00  0.00  0.00  0.00  0.00  0.00  0.00  0.00  0.00  0.00  0.45  0.00  0.00  0.00   7   0.45
       56  '-'  1.00  1.00  0.00  0.75  0.75  0.00  0.00  0.00  0.00  0.00  0.00  0.00  0.00  0.00  0.00  0.00  0.00  0.45  0.00  0.00  0.00   8   0.45
       57  '-'  1.00  1.00  0.00  0.75  0.75  0.00  0.00  0.00  0.00  0.00  0.00  0.00  0.00  0.00  0.00  0.00  0.00 -0.45  0.00  0.00  0.00   7   0.45
       58  '-'  1.00  1.00  0.00  0.75  0.75  0.00  0.00  0.00  0.00  0.00  0.00  0.00  0.00  0.00  0.00  0.00  0.00 -0.45  0.00  0.00  0.00   8   0.45
       59  '-'  1.00  1.00  0.00  0.75  0.75  0.75  0.00  0.00  0.00  0.00  0.00  0.00  0.00  0.00  0.00  0.00  0.00  0.45  0.00  0.00  0.00   7   0.45
       60  '-'  1.00  1.00  0.00  0.75  0.75  0.75  0.00  0.00  0.00  0.00  0.00  0.00  0.00  0.00  0.00  0.00  0.00  0.45  0.00  0.00  0.00   8   0.45
       61  '-'  1.00  1.00  0.00  0.75  0.75  0.75  0.00  0.00  0.00  0.00  0.00  0.00  0.00  0.00  0.00  0.00  0.00 -0.45  0.00  0.00  0.00   7   0.45
       62  '-'  1.00  1.00  0.00  0.75  0.75  0.75  0.00  0.00  0.00  0.00  0.00  0.00  0.00  0.00  0.00  0.00  0.00 -0.45  0.00  0.00  0.00   8   0.45
       63  '-'  1.00  1.00  0.00  0.75  0.75  0.00  0.75  0.00  0.00  0.00  0.00  0.00  0.00  0.00  0.00  0.00  0.00  0.45  0.00  0.00  0.00   7   0.45
       64  '-'  1.00  1.00  0.00  0.75  0.75  0.00  0.75  0.00  0.00  0.00  0.00  0.00  0.00  0.00  0.00  0.00  0.00  0.45  0.00  0.00  0.00   8   0.45
       65  '-'  1.00  1.00  0.00  0.75  0.75  0.00  0.75  0.00  0.00  0.00  0.00  0.00  0.00  0.00  0.00  0.00  0.00 -0.45  0.00  0.00  0.00   7   0.45
       66  '-'  1.00  1.00  0.00  0.75  0.75  0.00  0.75  0.00  0.00  0.00  0.00  0.00  0.00  0.00  0.00  0.00  0.00 -0.45  0.00  0.00  0.00   8   0.45
       67  '-'  0.60  0.00  0.00  0.00  0.00  0.00  0.00  0.00  1.00  0.00  0.00  0.00  0.00  0.00  0.00  0.00  0.00  0.00  0.00  0.00  0.00   0   0.00
       68  '-'  0.60  0.00  0.00  0.00  0.00  0.00  0.00  0.00  0.00  1.00  0.00  0.00  0.00  0.00  0.00  0.00  0.00  0.00  0.00  0.00  0.00   0   0.00
       69  '-'  0.60  0.00  0.00  0.00  0.00  0.00  0.00  0.00  0.00  0.00  1.00  0.00  0.00  0.00  0.00  0.00  0.00  0.00  0.00  0.00  0.00   0   0.00
       70  '-'  0.60  0.00  0.00  0.00  0.00  0.00  0.00  0.00  0.00  0.00  0.00  1.00  0.00  0.00  0.00  0.00  0.00  0.00  0.00  0.00  0.00   0   0.00
       71  '-'  0.60  0.00  0.00  0.00  0.00  0.00  0.00  0.00  0.00  0.00  0.00  0.00  0.00  0.00  0.00  0.00  1.00  0.00  0.00  0.00  0.00   5   1.00
       72  '-'  0.60  0.00  0.00  0.00  0.00  0.00  0.00  0.00  0.00  0.00  0.00  0.00  0.00  0.00  0.00  0.00  1.00  0.00  0.00  0.00  0.00   6   1.00
       73  '-'  0.60  0.00  0.00  0.00  0.00  0.00  0.00  0.00  0.00  0.00  0.00  0.00  0.00  0.00  0.00  0.00 -1.00  0.00  0.00  0.00  0.00   5   1.00
       74  '-'  0.60  0.00  0.00  0.00  0.00  0.00  0.00  0.00  0.00  0.00  0.00  0.00  0.00  0.00  0.00  0.00 -1.00  0.00  0.00  0.00  0.00   6   1.00
       75  '-'  0.60  0.00  0.00  0.00  0.00  0.00  0.00  0.00  0.00  0.00  0.00  0.00  0.00  0.00  0.00  0.00  0.00  1.00  0.00  0.00  0.00   7   1.00
       76  '-'  0.60  0.00  0.00  0.00  0.00  0.00  0.00  0.00  0.00  0.00  0.00  0.00  0.00  0.00  0.00  0.00  0.00  1.00  0.00  0.00  0.00   8   1.00
       77  '-'  0.60  0.00  0.00  0.00  0.00  0.00  0.00  0.00  0.00  0.00  0.00  0.00  0.00  0.00  0.00  0.00  0.00 -1.00  0.00  0.00  0.00   7   1.00
       78  '-'  0.60  0.00  0.00  0.00  0.00  0.00  0.00  0.00  0.00  0.00  0.00  0.00  0.00  0.00  0.00  0.00  0.00 -1.00  0.00  0.00  0.00   8   1.00
       79  '-'  1.01  1.01  0.00  0.00  0.00  0.00  0.00  0.00  0.00  0.00  0.00  0.00  0.00  0.00  0.00  0.00  0.00  0.00  0.00  0.70  0.00   0   0.00
       80  '-'  1.01  1.01  0.00  0.00  0.00  0.00  0.00  0.00  0.00  0.00  0.00  0.00  0.00  0.00  0.00  0.00  0.00  0.00  0.00 -0.70  0.00   0   0.00
       81  '-'  1.01  1.01  0.75  0.75  0.00  0.00  0.00  0.00  0.00  0.00  0.00  0.00  0.00  0.00  0.00  0.00  0.00  0.00  0.00  0.52  0.00   0   0.00
       82  '-'  1.01  1.01  0.75  0.75  0.00  0.00  0.00  0.00  0.00  0.00  0.00  0.00  0.00  0.00  0.00  0.00  0.00  0.00  0.00 -0.52  0.00   0   0.00
       83  '-'  1.01  1.01  0.00  0.75  0.00  0.00  0.00  0.00  0.00  0.00  0.00  0.00  0.00  0.00  0.00  0.00  0.00  0.00  0.00  0.52  0.00   0   0.00
       84  '-'  1.01  1.01  0.00  0.75  0.00  0.00  0.00  0.00  0.00  0.00  0.00  0.00  0.00  0.00  0.00  0.00  0.00  0.00  0.00 -0.52  0.00   0   0.00
       85  '-'  0.59  0.00  0.00  0.00  0.00  0.00  0.00  0.00  0.00  0.00  0.00  0.00  0.00  0.00  0.00  0.00  0.00  0.00  0.00  0.70  0.00   0   0.00
       86  '-'  0.59  0.00  0.00  0.00  0.00  0.00  0.00  0.00  0.00  0.00  0.00  0.00  0.00  0.00  0.00  0.00  0.00  0.00  0.00 -0.70  0.00   0   0.00
       87  '-'  1.01  1.01  0.00  0.00  0.00  0.00  0.00  0.00  0.00  0.00  0.00  0.00  0.00  0.00  0.00  0.00  0.00  0.00  0.70  0.00  0.00   0   0.00
       88  '-'  1.01  1.01  0.00  0.00  0.00  0.00  0.00  0.00  0.00  0.00  0.00  0.00  0.00  0.00  0.00  0.00  0.00  0.00 -0.70  0.00  0.00   0   0.00
       89  '-'  1.01  1.01  0.75  0.75  0.00  0.00  0.00  0.00  0.00  0.00  0.00  0.00  0.00  0.00  0.00  0.00  0.00  0.00  0.52  0.00  0.00   0   0.00
       90  '-'  1.01  1.01  0.75  0.75  0.00  0.00  0.00  0.00  0.00  0.00  0.00  0.00  0.00  0.00  0.00  0.00  0.00  0.00 -0.52  0.00  0.00   0   0.00
       91  '-'  1.01  1.01  0.00  0.75  0.00  0.00  0.00  0.00  0.00  0.00  0.00  0.00  0.00  0.00  0.00  0.00  0.00  0.00  0.52  0.00  0.00   0   0.00
       92  '-'  1.01  1.01  0.00  0.75  0.00  0.00  0.00  0.00  0.00  0.00  0.00  0.00  0.00  0.00  0.00  0.00  0.00  0.00 -0.52  0.00  0.00   0   0.00
       93  '-'  0.59  0.00  0.00  0.00  0.00  0.00  0.00  0.00  0.00  0.00  0.00  0.00  0.00  0.00  0.00  0.00  0.00  0.00  0.70  0.00  0.00   0   0.00
       94  '-'  0.59  0.00  0.00  0.00  0.00  0.00  0.00  0.00  0.00  0.00  0.00  0.00  0.00  0.00  0.00  0.00  0.00  0.00 -0.70  0.00  0.00   0   0.00
       95  '-'  1.00  1.00  0.00  0.00  0.00  0.00  0.00  0.00  0.00  0.00  0.00  0.00  0.00  0.00  0.00  0.00  0.00  0.00  0.00  0.00  0.00   1   1.00
       96  '-'  1.00  1.00  0.00  0.00  0.00  0.00  0.00  0.00  0.00  0.00  0.00  0.00  0.00  0.00  0.00  0.00  0.00  0.00  0.00  0.00  0.00   2   1.00
       97  '-'  1.00  1.00  0.00  0.00  0.00  0.00  0.00  0.00  0.00  0.00  0.00  0.00  0.00  0.00  0.00  0.00  0.00  0.00  0.00  0.00  0.00   3   1.00
       98  '-'  1.00  1.00  0.00  0.00  0.00  0.00  0.00  0.00  0.00  0.00  0.00  0.00  0.00  0.00  0.00  0.00  0.00  0.00  0.00  0.00  0.00   4   1.00
       99  '-'  1.00  0.00  0.00  0.00  0.00  0.00  0.00  0.00  0.50  0.00  0.00  0.00  0.00  0.00  0.00  0.00  0.00  0.00  0.00  0.00  0.00   1   1.00
      100  '-'  1.00  0.00  0.00  0.00  0.00  0.00  0.00  0.00  0.00  0.00  0.50  0.00  0.00  0.00  0.00  0.00  0.00  0.00  0.00  0.00  0.00   1   1.00
      101  '-'  1.00  0.00  0.00  0.00  0.00  0.00  0.00  0.00  0.00  0.50  0.00  0.00  0.00  0.00  0.00  0.00  0.00  0.00  0.00  0.00  0.00   2   1.00
      102  '-'  1.00  0.00  0.00  0.00  0.00  0.00  0.00  0.00  0.00  0.00  0.00  0.50  0.00  0.00  0.00  0.00  0.00  0.00  0.00  0.00  0.00   2   1.00
      103  '-'  1.00  0.00  0.00  0.00  0.00  0.00  0.00  0.00  0.50  0.00  0.00  0.00  0.00  0.00  0.00  0.00  0.00  0.00  0.00  0.00  0.00   3   1.00
      104  '-'  1.00  0.00  0.00  0.00  0.00  0.00  0.00  0.00  0.00  0.00  0.50  0.00  0.00  0.00  0.00  0.00  0.00  0.00  0.00  0.00  0.00   3   1.00
      105  '-'  1.00  0.00  0.00  0.00  0.00  0.00  0.00  0.00  0.00  0.50  0.00  0.00  0.00  0.00  0.00  0.00  0.00  0.00  0.00  0.00  0.00   4   1.00
      106  '-'  1.00  0.00  0.00  0.00  0.00  0.00  0.00  0.00  0.00  0.00  0.00  0.50  0.00  0.00  0.00  0.00  0.00  0.00  0.00  0.00  0.00   4   1.00
      107  '-'  1.00  0.00  0.00  1.00  0.00  0.00  0.00  0.00  0.00  0.00  0.00  0.00  0.00  0.00  0.00  0.00  0.00  0.00  0.00  0.00  1.00   0   0.00
      108  '-'  1.00  0.00  0.00  1.00  0.00  0.00  0.00  0.00  0.00  0.00  0.00  0.00  0.00  0.00  0.00  0.00  0.00  0.00  0.00  0.00  1.00   0   0.00
      109  '-'  1.00  0.00  0.00  1.00  0.00  0.00  0.00  0.00  0.00  0.00  0.00  0.00  0.00  0.00  0.00  0.00  0.00  0.00  0.00  0.00 -1.00   0   0.00
      110  '-'  1.00  0.00  0.00  1.00  0.00  0.00  0.00  0.00  0.00  0.00  0.00  0.00  0.00  0.00  0.00  0.00  0.00  0.00  0.00  0.00 -1.00   0   0.00
      111  '-'  1.00  1.00  0.75  0.75  0.00  0.00  0.00  0.00  0.00  0.00  0.00  0.00  0.00  0.00  0.00  0.00  0.00  0.00  0.00  0.00  0.75   0   0.00
      112  '-'  1.00  1.00  0.75  0.75  0.00  0.00  0.00  0.00  0.00  0.00  0.00  0.00  0.00  0.00  0.00  0.00  0.00  0.00  0.00  0.00  0.75   0   0.00
      113  '-'  1.00  1.00  0.75  0.75  0.00  0.00  0.00  0.00  0.00  0.00  0.00  0.00  0.00  0.00  0.00  0.00  0.00  0.00  0.00  0.00 -0.75   0   0.00
      114  '-'  1.00  1.00  0.75  0.75  0.00  0.00  0.00  0.00  0.00  0.00  0.00  0.00  0.00  0.00  0.00  0.00  0.00  0.00  0.00  0.00 -0.75   0   0.00
      115  '-'  1.00  1.00  0.00  0.75  0.75  0.00  0.00  0.00  0.00  0.00  0.00  0.00  0.00  0.00  0.00  0.00  0.00  0.00  0.00  0.00  0.75   0   0.00
      116  '-'  1.00  1.00  0.00  0.75  0.75  0.00  0.00  0.00  0.00  0.00  0.00  0.00  0.00  0.00  0.00  0.00  0.00  0.00  0.00  0.00  0.75   0   0.00
      117  '-'  1.00  1.00  0.00  0.75  0.75  0.75  0.00  0.00  0.00  0.00  0.00  0.00  0.00  0.00  0.00  0.00  0.00  0.00  0.00  0.00  0.75   0   0.00
      118  '-'  1.00  1.00  0.00  0.75  0.75  0.75  0.00  0.00  0.00  0.00  0.00  0.00  0.00  0.00  0.00  0.00  0.00  0.00  0.00  0.00  0.75   0   0.00
      119  '-'  1.00  1.00  0.00  0.75  0.75  0.00  0.75  0.00  0.00  0.00  0.00  0.00  0.00  0.00  0.00  0.00  0.00  0.00  0.00  0.00  0.75   0   0.00
      120  '-'  1.00  1.00  0.00  0.75  0.75  0.00  0.75  0.00  0.00  0.00  0.00  0.00  0.00  0.00  0.00  0.00  0.00  0.00  0.00  0.00  0.75   0   0.00
      121  '-'  1.00  1.00  0.00  0.75  0.75  0.00  0.00  0.00  0.00  0.00  0.00  0.00  0.00  0.00  0.00  0.00  0.00  0.00  0.00  0.00 -0.75   0   0.00
      122  '-'  1.00  1.00  0.00  0.75  0.75  0.00  0.00  0.00  0.00  0.00  0.00  0.00  0.00  0.00  0.00  0.00  0.00  0.00  0.00  0.00 -0.75   0   0.00
      123  '-'  1.00  1.00  0.00  0.75  0.75  0.75  0.00  0.00  0.00  0.00  0.00  0.00  0.00  0.00  0.00  0.00  0.00  0.00  0.00  0.00 -0.75   0   0.00
      124  '-'  1.00  1.00  0.00  0.75  0.75  0.75  0.00  0.00  0.00  0.00  0.00  0.00  0.00  0.00  0.00  0.00  0.00  0.00  0.00  0.00 -0.75   0   0.00
      125  '-'  1.00  1.00  0.00  0.75  0.75  0.00  0.75  0.00  0.00  0.00  0.00  0.00  0.00  0.00  0.00  0.00  0.00  0.00  0.00  0.00 -0.75   0   0.00
      126  '-'  1.00  1.00  0.00  0.75  0.75  0.00  0.75  0.00  0.00  0.00  0.00  0.00  0.00  0.00  0.00  0.00  0.00  0.00  0.00  0.00 -0.75   0   0.00
 
 
*(33)DESIGN LOADS:Deflection
*                -----------------------------------------------------Load_Coefficients-----------------------------------------------------
*         Group             ---Live---       --Add_Snow-        --Wind_1--  --Wind_2--  --Wind_3--  --Wind_4--   Long_Wind  --Seismic-         Aux_Load
*No.   Id   Id  Dead  Coll  Roof Floor  Snow Drift Slide  Rain    Lt    Rt    Lt    Rt    Lt    Rt    Lt    Rt     1     2  Long  Tran  Temp  Id  Coeff
 0
 
*(34)DESIGN LOADS:Special
*                                 -----------------------------------------------------Load_Coefficients-----------------------------------------------------
*Load     Group                              ---Live---        -Add_Snow-        --Wind_1--  --Wind_2--   --Wind_3-- --Wind_4--   Long_Wind  --Seismic-         Aux_Load
*No.   Id   Id   Use  Code        Dead Coll  Roof Floor  Snow Drift Slide  Rain    Lt    Rt    Lt    Rt    Lt    Rt    Lt    Rt     1     2  Long  Tran  Temp  Id  Coeff
  16  127  '-'  'EP' '---------'  1.01 1.01  0.00  0.00  0.00  0.00  0.00  0.00  0.00  0.00  0.00  0.00  0.00  0.00  0.00  0.00  0.00  0.00  0.00  2.10  0.00   0   0.00
      128  '-'  'EP' '---------'  1.01 1.01  0.00  0.00  0.00  0.00  0.00  0.00  0.00  0.00  0.00  0.00  0.00  0.00  0.00  0.00  0.00  0.00  0.00 -2.10  0.00   0   0.00
      129  '-'  'EP' '---------'  1.01 1.01  0.75  0.75  0.00  0.00  0.00  0.00  0.00  0.00  0.00  0.00  0.00  0.00  0.00  0.00  0.00  0.00  0.00  1.57  0.00   0   0.00
      130  '-'  'EP' '---------'  1.01 1.01  0.75  0.75  0.00  0.00  0.00  0.00  0.00  0.00  0.00  0.00  0.00  0.00  0.00  0.00  0.00  0.00  0.00 -1.57  0.00   0   0.00
      131  '-'  'EP' '---------'  1.01 1.01  0.00  0.75  0.00  0.00  0.00  0.00  0.00  0.00  0.00  0.00  0.00  0.00  0.00  0.00  0.00  0.00  0.00  1.57  0.00   0   0.00
      132  '-'  'EP' '---------'  1.01 1.01  0.00  0.75  0.00  0.00  0.00  0.00  0.00  0.00  0.00  0.00  0.00  0.00  0.00  0.00  0.00  0.00  0.00 -1.57  0.00   0   0.00
      133  '-'  'EP' '---------'  0.59 0.00  0.00  0.00  0.00  0.00  0.00  0.00  0.00  0.00  0.00  0.00  0.00  0.00  0.00  0.00  0.00  0.00  0.00  2.10  0.00   0   0.00
      134  '-'  'EP' '---------'  0.59 0.00  0.00  0.00  0.00  0.00  0.00  0.00  0.00  0.00  0.00  0.00  0.00  0.00  0.00  0.00  0.00  0.00  0.00 -2.10  0.00   0   0.00
      135  '-'  'BP' '---------'  1.01 1.01  0.00  0.00  0.00  0.00  0.00  0.00  0.00  0.00  0.00  0.00  0.00  0.00  0.00  0.00  0.00  0.00  0.00  2.10  0.00   0   0.00
      136  '-'  'BP' '---------'  1.01 1.01  0.00  0.00  0.00  0.00  0.00  0.00  0.00  0.00  0.00  0.00  0.00  0.00  0.00  0.00  0.00  0.00  0.00 -2.10  0.00   0   0.00
      137  '-'  'BP' '---------'  1.01 1.01  0.75  0.75  0.00  0.00  0.00  0.00  0.00  0.00  0.00  0.00  0.00  0.00  0.00  0.00  0.00  0.00  0.00  1.57  0.00   0   0.00
      138  '-'  'BP' '---------'  1.01 1.01  0.75  0.75  0.00  0.00  0.00  0.00  0.00  0.00  0.00  0.00  0.00  0.00  0.00  0.00  0.00  0.00  0.00 -1.57  0.00   0   0.00
      139  '-'  'BP' '---------'  1.01 1.01  0.00  0.75  0.00  0.00  0.00  0.00  0.00  0.00  0.00  0.00  0.00  0.00  0.00  0.00  0.00  0.00  0.00  1.57  0.00   0   0.00
      140  '-'  'BP' '---------'  1.01 1.01  0.00  0.75  0.00  0.00  0.00  0.00  0.00  0.00  0.00  0.00  0.00  0.00  0.00  0.00  0.00  0.00  0.00 -1.57  0.00   0   0.00
      141  '-'  'BP' '---------'  0.59 0.00  0.00  0.00  0.00  0.00  0.00  0.00  0.00  0.00  0.00  0.00  0.00  0.00  0.00  0.00  0.00  0.00  0.00  2.10  0.00   0   0.00
      142  '-'  'BP' '---------'  0.59 0.00  0.00  0.00  0.00  0.00  0.00  0.00  0.00  0.00  0.00  0.00  0.00  0.00  0.00  0.00  0.00  0.00  0.00 -2.10  0.00   0   0.00
 
 
*(35)AUXILIARY LOAD:
*     Aux                No._Add    Add_Comb
*No.   Id   Name          Loads   Id    Coeff
   8    1  'F2CRANEA1 '      4     1   -80.77
                                   2     6.97
                                   3   -19.32
                                   4     6.97
        2  'F2CRANEA2 '      4     1   -80.77
                                   2    -6.97
                                   3   -19.32
                                   4    -6.97
        3  'F2CRANEA3 '      4     1   -19.32
                                   2     6.97
                                   3   -80.77
                                   4     6.97
        4  'F2CRANEA4 '      4     1   -19.32
                                   2    -6.97
                                   3   -80.77
                                   4    -6.97
        5  'LWIND1_L2E'      1     5     1.00
        6  'LWIND1_R2E'      1     6     1.00
        7  'LWIND2_L2E'      1     7     1.00
        8  'LWIND2_R2E'      1     8     1.00
 
 
*(36)ADDITIONAL LOADS:
*     Add Group Loc  Basic        Load       Fx        Fy      Mom        Dx        Dy  .. Conc
*No.   Id   Id   Id  Load         Type       W1        W2       Co       Dl1       Dl2  .. Dist
   8    1  '-'    1 '------    '  'C '    0.000     1.000    0.000    1200.0    6327.6
        2  '-'    1 '------    '  'C '    1.000     0.000    0.000    1200.0    7000.0
        3  '-'    4 '------    '  'C '    0.000     1.000    0.000   -1200.0   -2772.4
        4  '-'    4 '------    '  'C '    1.000     0.000    0.000   -1200.0   -2100.0
        5  '-'    2 'U_WIND    '  'D '     1.53      1.53    0.000       0.0    2560.0
        6  '-'    3 'U_WIND    '  'D '     1.53      1.53    0.000    3871.9    6431.9
        7  '-'    2 'U_WIND    '  'D '     2.44      2.44    0.000       0.0    2560.0
        8  '-'    3 'U_WIND    '  'D '     2.44      2.44    0.000    3871.9    6431.9
 
 
*(37)STEPPED LOAD COEFFICIENTS:
*    Group Basic    Loc   No.  ----Step_1---   ----Step_2---   ----Step_3---
*No.   Id  Load      Id  Step  Locate   Coef   Locate   Coef   Locate   Coef
  4   '-' 'WINDL1  '  2    2   6400.0  1.000   6431.9  0.638
      '-' 'WINDR1  '  3    2     31.9  0.638   6431.9  1.000
      '-' 'WINDL2  '  2    2   6400.0  1.000   6431.9  0.383
      '-' 'WINDR2  '  3    2     31.9  0.383   6431.9  1.000
 
 
*(38)FLOOR BEAMS:
* Bay                      Con_Type   Con_Loc     --Properties--
*  Id   No.  Id   Height   Lt    Rt   Lt    Rt    Area       Ixx
    1    0
 
*(39)DIAGONAL BRACING:
*Bay
* Id   No.     Id   Level   Opt    Area
   1    0
 
*(40)CRANE BRACKET:
*        Span ----Crane----  ----Beam----    ----Offset----  ------Bracket-----  Col_Sup
*No. Id Lt Rt Type   Height  Depth  Width     Left    Right  Type Opt  Select     Lt  Rt    Load
  1   1  1  1 'TG'   7000.0 520.00 300.00   1200.0   1200.0  'WW' '1' '--------' 'N' 'N'   80.77
 
 
*(41)DESIGN PLATES:
*     ----Plate---   --Plate_Size-   Bolt   Bolt  ----Top---  --Bottom--   Bolt
*No.  Type      Id   Width   Thick    Dia   Gage  Row  Space  Row  Space  Gage2
  2  'BASE    '  1   250.0    0.00  24.00    0.0   1     0.0   1     0.0    0.0
     'BASE    '  2   250.0    0.00  24.00    0.0   1     0.0   1     0.0    0.0
 
 
*(42)ENDWALL COLUMNS:
*Wall   Expand_EW                                    Max_Deflect
* Id   Use  Offset    No.   Locate  Offset  Option   Down     Up
   1  'Y '  390.00     0
   3  'Y '  390.00     0
 
*(43)JACK BEAMS:
*                                                 Spring_Constant
*No.    Id   Offset   Height   Length   Part        Horz    Vert
  0
 
*(44)LINER:
*---Wall_Height---
*    F_SW     B_SW  Roof
      0.0      0.0  'N'
 
*(45)ADDITIONAL COLUMNS:
*No.  Id  Type  Rot  Opt  Part           Elev
  0
 
*(46)DESIGN CODE OPTIONS:
*No.   Event                         Condition
  0
 
*(47)CORNER BRACE:
*      Loc   Member
* No.   Id   Size
   0
 
*COLUMN ADDITIONAL BRACE LOCATION DESCRIPTIONS:
*  Id  Description
*   1  Crane System 1
*   2  Crane System 1
 
*AUXILIARY LOAD DESCRIPTIONS:
* Aux
*  Id  Description
*   1  Crane load
*   2  Crane load
*   3  Crane load
*   4  Crane load
*   5  Longitudinal wind load, case 1
*   6  Longitudinal wind load, case 1
*   7  Longitudinal wind load, case 2
*   8  Longitudinal wind load, case 2
*
*ADDITIONAL LOAD DESCRIPTIONS:
* Add
*  Id  Description
*   1  Crane load vertical on aisle 1 left column
*   2  Crane load horizontal to right on aisle 1 left column
*   3  Crane load vertical on aisle 1 right column
*   4  Crane load horizontal to left on aisle 1 right column
*   5  Longitudinal wind load
*   6  Longitudinal wind load
*   7  Longitudinal wind load
*   8  Longitudinal wind load
*
* Code files used:
*   MBMA.10N
*   RF_MBMA.10N Version 4.0
*
*DS_RFDEP.Siz
*Surface  Span  --Required-   -----------Selected----------
*  Id      Id   Type   Span   Type   Span  #Depth  #Splice
*   1       1    W     9100    No record selected
*   2       1    C     6400    C     7000     1       0
*   3       1    C     6400    C     7000     1       0
*   4       1    W     9100    No record selected
*
* Calculated Seismic Mass, W = 75.87 kN
================================================================================
 C463-002            Frame  2 - Design Code                 18/DEC/2025  2:49pm
================================================================================

 STRUCTURAL CODE:
 ----------------
   Design Basis      : WS  - Working Stress
   Hot  Rolled Steel : AISC05
   Cold Formed Steel : NAUS07  

 BUILDING CODE:
 --------------
   Wind Code         : MBMA 10
   Seismic Zone      : C  

 MODULUS OF ELASTICITY:
 ----------------------
   Hot  Rolled Steel : 199955 (MN/m2)
   Cold Formed Steel : 203403 (MN/m2)
 
================================================================================
 C463-002            Frame  2 - Base Plates and Anchor Bolt 18/DEC/2025  2:49pm
================================================================================

 DESIGN CONSTANTS:
 -----------------
  Base Plate Yield     = 345.0 (MN/m2)
  Concrete Bearing     =   7.0 (MN/m2)                                    
  Bolt Type            = A36  
  Bolt Shear   Stress  =  80.0 (MN/m2)
  Bolt Tension Stress  = 150.0 (MN/m2)
 

 BASE PLATE & BOLT SIZE:
 -----------------------

                                                  Bolt_Row
 --Column_Base--  --Plate_Size(mm)--  Bolt(A36  ) Near_Flg  --Bolt_Space(mm)-
 Id    Typ Depth  Width Length Thick   Dia  Gage  Out   In   End   Out   Flg
 ----- --- -----  ----- ------ -----  ----- ----  ---  ---  ----- ----- -----
 Left   FI   414   250  707.0  20.00  24.00  100    1    1  75.00  0.00 150.0
 Right  FI   414   250  707.0  20.00  24.00  100    1    1  75.00  0.00 150.0
 

         Base_Bending  Web_Tension  ---------------Bolts(kN)--------------
 Col         (MN/m2)      (MN/m2)   Bolt_Tension  -Bolt_Comp-   Bolt_Shear  Max   Req   Req
 Loc   Ld  Calc Limit   Calc Limit   Calc  Limit   Calc Limit   Calc Limit   UC Thick   Dia
 ----- -- ----- -----  ----- -----  -----  -----  ----- -----  ----- ----- ---- ----- -----
 Left  69    84   311    195   207   63.1   67.9    0.0  67.9    5.0  36.2 0.94 12.74 23.15
 Right 70    84   311    195   207   63.1   67.9    0.0  67.9    5.0  36.2 0.94 12.74 23.15

 BASE REACTIONS:
 ---------------

 Column  -Max_Compression(kN,kN-m)-   --Max_Tension(kN,kN-m)---
 Loc      Ld   Axial  Shear  Moment    Ld  Axial  Shear  Moment
 ------  ----  -----  -----  ------   ---- -----  -----  ------
 Left     69   -21.9   39.9   112.6    69  -21.9   39.9   112.6
 Right    70   -21.9   39.9   112.7    70  -21.9   39.9   112.7

 GUSSET PLATES:
 --------------

 Column  Gusset    --Plate_Size(mm)--      -Max_Comp(MN/m2)  Max_Tension(MN/m2)
 Locate  Locate    Width Thick Length  Ld  Calc  Limit   UC   Calc Limit   UC
 ------  --------  ----- ----- ------  --  ----- ----- ----  ----- ----- ----
 Left    Flg_Base  146.5 12.00  196.5  69  179.2 184.7 0.97  114.0 207.0 0.55
 Right   Flg_Base  146.5 12.00  196.5  70  179.2 184.7 0.97  114.0 207.0 0.55

 CONCRETE:
 ---------

          Comp_in
 Column   Bolt_Or       --Bearing(MN/m2)--   Bearing
 Locate   Concrete  Ld   Calc  Limit    UC  Length(mm)
 ------   --------  --  -----  -----  ----  ----------
 Left        C      69    7.0    7.0  1.00    263.6            
                    69    0.0    7.0  0.00      0.0            
 Right       C      70    7.0    7.0  1.00    263.6            
                    70    0.0    7.0  0.00      0.0            
 

 WELDS:
 ------
          Outside_Flange_To_Base  Inside_Flange_To_Base   -----Web_To_Base-----
 Base               Shear(kN/mm)            Shear(kN/mm)            Shear(kN/mm)
 Id       Size  Typ  Calc Limit   Size  Typ  Calc Limit   Size  Typ  Calc Limit
 -----    ----- --- ----- -----   ----- --- ----- -----   ----- --- ----- -----
 Left      4.00  G1 0.651 0.938    4.00  G1 0.651 0.938    4.00  F2 0.050 0.410
 Right     4.00  G1 0.651 0.938    4.00  G1 0.651 0.938    4.00  F2 0.050 0.410


                    ----Gusset_To_Base---   ---Gusset_To_Column--
 Column  Gusset               Shear(kN/mm)            Shear(kN/mm)
 Locate  Locate     Size  Typ  Calc Limit   Size  Typ  Calc Limit
 ------  --------   ----- --- ----- -----   ----- --- ----- -----
 Left    Flg_Base    6.00  F2 0.351 0.620    4.00  F2 0.262 0.410
 Right   Flg_Base    6.00  F2 0.351 0.620    4.00  F2 0.262 0.410
 

 LOAD COMBINATIONS:
 ------------------
    69   0.6Dead+Wind_Left2
    70   0.6Dead+Wind_Right2
 
================================================================================
 C463-002            Frame  2 - Bolted-End-Plates           18/DEC/2025  2:49pm
================================================================================

 DESIGN CONSTANTS:
 -----------------
  Splice Yield         = 345.0 (MN/m2)
  Bolt Type            = Gr8.8 Snug-Tightened
  Bolt Shear   Stress  = 160.0 (MN/m2)
  Bolt Tension Stress  = 299.9 (MN/m2)


 PLATE SIZE:
 -----------
  Splice  Member    Web   Splice(mm)  -----------------Bolts(Gr8.8)-----------------
  Id Typ  Locate  Depth  Width Thick    Dia  Gage Gage2 RowT SpaceT RowB SpaceB RowI
  -- ---  ------  -----  ----- -----  ----- ----- ----- ---- ------ ---- ------ ----
   1 HSS   1- 2   400.0    200 16.00  20.00 100.0 100.0   2  100.0    2  100.0    0
   2 -SS   2- 3   301.5    200 16.00  20.00 100.0 100.0   2  100.0    2  100.0    0
   3 HSS   3- 4   400.0    200 16.00  20.00 100.0 100.0   2  100.0    2  100.0    0

 PLATE DESIGN:
 -------------
             -------Max_Moment------  -------Max_Shear------
  Splice Ten Load Axial Shear Moment  Load Axial Shear Moment    Req   Req  Bolt
  Id Typ Loc  Id   (kN)  (kN) (kN-m)   Id   (kN)  (kN) (kN-m)  Thick   Dia    UC
  -- --- --- ---- ----- ----- ------  ---- ----- ----- ------  ----- ----- -----
   1 HSS Top   2   39.4 -11.6   63.0    2   39.4 -11.6   63.0   9.03 12.78  0.41
         Bot  67  -41.9  13.1  -80.4   74  -28.2  27.9  -63.2  10.18 14.44  0.52
   2 -SS Top  68  -17.0   1.3   28.3  100    7.2  -5.2    5.3   6.95 10.57  0.28
         Bot   1   11.5  -0.3  -37.4   95    8.3  -4.8   -7.8   7.99 12.14  0.37
   3 HSS Top   1   39.4  11.6   63.0    1   39.4  11.6   63.0   9.03 12.78  0.41
         Bot  68  -41.9 -13.1  -80.4   73  -28.2 -27.9  -63.1  10.18 14.43  0.52

 WELDS:
 ------
          Outside_Flange_To_Bep   Inside_Flange_To_Bep    -----Web_To_Bep------
 Splice             Shear(kN/mm)            Shear(kN/mm)            Shear(kN/mm)
 Id Side   Size Typ  Calc Limit    Size Typ  Calc Limit    Size Typ  Calc Limit
 -- ----  ----- --- ----- -----   ----- --- ----- -----   ----- --- ----- -----
  1   L    4.00  F2 0.371 0.410    6.00  F2 0.550 0.620    4.00  F2 0.035 0.410
  1   R    5.00  F2 0.468 0.510    6.00  G1 1.195 1.407    4.00  F2 0.035 0.410
  2   L    4.00  F2 0.298 0.410    4.00  F2 0.394 0.410    4.00  F2 0.009 0.410
  2   R    4.00  F2 0.298 0.410    4.00  F2 0.394 0.410    4.00  F2 0.009 0.410
  3   L    5.00  F2 0.468 0.510    6.00  G1 1.195 1.407    4.00  F2 0.035 0.410
  3   R    4.00  F2 0.371 0.410    6.00  F2 0.550 0.620    4.00  F2 0.035 0.410
 

 LOAD COMBINATIONS:
 ------------------
     1   Dead+Collateral+Live
     2   Dead+Collateral+Live
    67   0.6Dead+Wind_Left1
    68   0.6Dead+Wind_Right1
    73   0.6Dead-Wind_Long1+LWIND1_L2E
    74   0.6Dead-Wind_Long1+LWIND1_R2E
    95   Dead+Collateral+F2CRANEA1
   100   Dead+Wind_Left2/2+F2CRANEA1
 
================================================================================
 C463-002            Frame  2 - Bearing Stiffeners          18/DEC/2025  2:49pm
================================================================================

 Stiffener Yield =  345 (MN/m2)
 Corner Cut      = 15.0 (mm)

 STIFFENER SIZE:
 ---------------
  ----Stiffener---  --Web(mm)--  ----Stiffener_Size(mm)---
  Location  Offset  Depth Thick  Width  Thick  Length  No.
  --------  ------  ----- -----  -----  -----  ------  ---
  Lt Col         0  400.0  4.00   60.0  10.00   400.0   1
  Rt Col     12800  400.0  4.00   60.0  10.00   400.0   1

 STIFFENER DESIGN:
 -----------------
            ----Tension(kN)---  --Compression(kN)-   Max
  Location  Load   Calc  Limit  Load   Calc  Limit    UC
  --------  ----  -----  -----  ----  -----  -----  ----
  Lt Col      67  177.3  186.0     2  140.9  268.7  0.95 
  Rt Col      68  177.3  186.0     1  140.8  268.7  0.95 

 WELDS:
 ------
                     ---Stiff_To_Flg/EP---   -----Stiff_To_Web----
  Stiffener                    Shear(kN/mm)            Shear(kN/mm)
  Location            Size Typ  Calc Limit    Size Typ  Calc Limit
  ----------         ----- --- ----- -----   ----- --- ----- -----
  Lt Col             10.00  F2 0.985 1.020    4.00  F2 0.091 0.410
  Rt Col             10.00  F2 0.985 1.020    4.00  F2 0.091 0.410
 

 LOAD COMBINATIONS:
 ------------------
     1   Dead+Collateral+Live
     2   Dead+Collateral+Live
    67   0.6Dead+Wind_Left1
    68   0.6Dead+Wind_Right1
 
================================================================================
 C463-002            Frame  2 - Flange Braces               18/DEC/2025  2:49pm
================================================================================

 DESIGN CONSTANTS:
 -----------------
  Flange Brace Yield   = 345.0 MN/m2
  Girt/Purlin  Yield   = 345.0 MN/m2
  Flange Brace Bolt    = Gr8.8 (0 Washers)
  Bolt Shear  Stress   = 160.0 MN/m2

  Flange Brace Force
    Inside flange, max of bending compression                        

 LAYOUT:
 -------
  Surf                   Seg   Web  Brace Angle Design -----Bolt_Dia----- --Attachment-
   Id  Loc Side Part      Id Depth Offset   Deg Length Frame Purlin  Clip Frame  Purlin Ref
  ---- --- ---- -------- --- ----- ------ ----- ------ ----- ------ ----- ------ ------ -----
    1    1   2  L40X40X4   1 400.0  330.0  32.7  518.2 12.00  12.00       Clip   Web         
         3   2  L40X40X4   1 400.0  330.0  32.7  518.2 12.00  12.00       Clip   Web         
    2    1   2  L40X40X4   2 386.8  330.0  35.5  482.4 12.00  12.00       Clip   Web         
         3   2  L40X40X4   2 332.0  330.0  39.6  438.9 12.00  12.00       Clip   Web         
    3    2   2  L40X40X4   3 332.0  330.0  39.6  438.9 12.00  12.00       Clip   Web         
         4   2  L40X40X4   3 386.8  330.0  35.5  482.4 12.00  12.00       Clip   Web         
    4    1   2  L40X40X4   4 400.0  330.0  32.7  518.2 12.00  12.00       Clip   Web         
         3   2  L40X40X4   4 400.0  330.0  32.7  518.2 12.00  12.00       Clip   Web         

 DESIGN:
 -------
  Surf        Load(kN-m)  Force  -Brace_UC-  ---Connection_UC---
   Id   Loc    Id Moment   (kN)  Comp  Tens  Frame  Purlin  Clip
  ----  ---  ---- ------  -----  ----  ----  -----  ------  ----
    1     1    99   36.6   1.39  0.07  0.09   0.08    0.10      
          3    96   47.6   1.81  0.10  0.12   0.10    0.12      
    2     1     2   35.3   1.18  0.06  0.08   0.07    0.08      
          3    68   26.8   0.99  0.05  0.07   0.05    0.06      
    3     2    67   26.8   0.98  0.05  0.07   0.05    0.06      
          4     1   35.3   1.18  0.06  0.08   0.07    0.08      
    4     1   105   36.6   1.39  0.07  0.09   0.08    0.10      
          3    97   47.6   1.81  0.10  0.12   0.10    0.12      

 LOAD COMBINATIONS:
 ------------------
     1   Dead+Collateral+Live
     2   Dead+Collateral+Live
    67   0.6Dead+Wind_Left1
    68   0.6Dead+Wind_Right1
    96   Dead+Collateral+F2CRANEA2
    97   Dead+Collateral+F2CRANEA3
    99   Dead+Wind_Left1/2+F2CRANEA1
   105   Dead+Wind_Right1/2+F2CRANEA4
 
================================================================================
 C463-002            Frame  2 - Web To Flange Weld          18/DEC/2025  2:49pm
================================================================================

                                                        ---Web_Flange_Weld---
  Surf  Mem  Seg  Sec  Load  Shear     Ixx           Q           Shear(kN/mm)
   Id    Id   Id   Id    Id   (kN)   (cm4)  Flg  (cm3)   Size Typ  Calc Limit
  ----  ---  ---  ---  ----  -----  ------  ---  -----  ----- --- ----- -----
    1     1    1    1    69   39.8   11276  Out    196   4.00  F1 0.069 0.410
                                            In     227   4.00  F1 0.080 0.410
    2     2    2   20    67   36.7    8315  Out    152   4.00  F1 0.067 0.410
                                            In     152   4.00  F1 0.067 0.410
    3     3    3   45    68   36.7    8315  Out    152   4.00  F1 0.067 0.410
                                            In     152   4.00  F1 0.067 0.410
    4     4    4   64    70   39.8   11276  Out    196   4.00  F1 0.069 0.410
                                            In     227   4.00  F1 0.080 0.410

 LOAD COMBINATIONS:
 ------------------
    67   0.6Dead+Wind_Left1
    68   0.6Dead+Wind_Right1
    69   0.6Dead+Wind_Left2
    70   0.6Dead+Wind_Right2
 
================================================================================
 C463-002            Frame  2 - Special Segments            18/DEC/2025  2:49pm
================================================================================

  FLANGE PLATE:
  ----------------
            --Initial--   ---Final---
            Width Thick   Width Thick
   Locate    (mm)  (mm)    (mm)  (mm)
   ------   ----- -----   ----- -----
   Lt Col     125  6.00     125  6.00
   Rt Col     125  6.00     125  6.00



  WEB PLATE:
  ----------
                                Calc  ---Initial--  ------Final------
           ------Actions-----    Web    Web  Shear    Web  Shear
                Axial  Moment  Shear  Thick  Limit  Thick  Limit
   Locate   Id   (kN)  (kN-m)   (kN)   (mm)   (kN)   (mm)   (kN)   UC  Note
   ------  ---  -----  ------  -----  -----  -----  -----  ----- ----  -------------
   Lt Col   67  -41.9   -80.4  180.1   4.00  185.6   4.00  185.6 0.97  G3-2           
   Rt Col   68  -41.9   -80.4  180.0   4.00  185.6   4.00  185.6 0.97  G3-2           
 

  REQUIRED WEB DESIGN:
  --------------------
               Web  Stiff
   Locate    Depth  Space
   ------    -----  -----
   Lt Col    380.1  380.0
   Rt Col    380.1  380.0

 LOAD COMBINATIONS:
 ------------------
    67   0.6Dead+Wind_Left1
    68   0.6Dead+Wind_Right1
 
================================================================================
 C463-002            Frame  2 - Design Summary              18/DEC/2025  2:49pm
================================================================================

 FRAME:
 ------
   Id        =   2
   Type      =  RF
   Line Id   =   2
   Load Width=   8178
   UC   Limit=   1.00
   KL/R Limit= 200.00

 MEMBERS:
 --------
                                                                -----Max_Axial+Moment----
 Srf Mem Seg --Flange- Web_Depth -Plate_Thickness- --Max_Shear- ----O-Flg--- ----I-Flg---  Max
  Id  Id  Id  Len  Wid Strt  End   Web O-flg I-flg  Id  Ld  Ucv  Id  Ld  Uco  Id  Ld  Uci KL/R
 --- --- --- ---- ---- ---- ---- ----- ----- ----- --- --- ---- --- --- ---- --- --- ---- ----
   1   1   1 8917  150  400  400  5.00  6.00  8.00   1  69 0.23   1 105 0.90   1  69 0.86   99
   2   2   2 6195  125  400  300  4.00  6.00  6.00  20  67 0.41  20  67 0.85  31  68 0.91  138
   3   3   3 6195  125  300  400  4.00  6.00  6.00  45  68 0.41  45  68 0.85  34  67 0.91  138
   4   4   4 8917  150  400  400  5.00  6.00  8.00  64  70 0.23  64  99 0.90  64  70 0.86   99
 

 LOAD COMBINATIONS:
 ------------------
      #  Controlling Load Combination In Design Summary

  Strength & Deflection Combinations:
     1   Dead+Collateral+Live
     2   Dead+Collateral+Live
     3   Dead+Collateral+Floor_Live
     4   Dead+Collateral+Floor_Live
     5   Dead+Collateral+Snow
     6   Dead+Collateral+Snow
     7   Dead+Collateral+Snow+Snow_Drift
     8   Dead+Collateral+Snow+Snow_Drift
     9   Dead+Collateral+Snow+Slide_Snow
    10   Dead+Collateral+Snow+Slide_Snow
    11   Dead
    12   Dead
    13   Dead+Collateral+0.75Snow+0.75Floor_Live
    14   Dead+Collateral+0.75Snow+0.75Floor_Live
    15   Dead+Collateral+0.75Snow+0.75Snow_Drift+0.75Floor_Live
    16   Dead+Collateral+0.75Snow+0.75Snow_Drift+0.75Floor_Live
    17   Dead+Collateral+0.75Snow+0.75Slide_Snow+0.75Floor_Live
    18   Dead+Collateral+0.75Snow+0.75Slide_Snow+0.75Floor_Live
    19   Dead+Collateral+0.75Live+0.75Wind_Left1+0.75Floor_Live
    20   Dead+Collateral+0.75Live+0.75Wind_Right1+0.75Floor_Live
    21   Dead+Collateral+0.75Live+0.75Wind_Left2+0.75Floor_Live
    22   Dead+Collateral+0.75Live+0.75Wind_Right2+0.75Floor_Live
    23   Dead+Collateral+0.75Live+0.75Wind_Long1+0.75Floor_Live+0.75LWIND1_L2E
    24   Dead+Collateral+0.75Live+0.75Wind_Long1+0.75Floor_Live+0.75LWIND1_R2E
    25   Dead+Collateral+0.75Live-0.75Wind_Long1+0.75Floor_Live+0.75LWIND1_L2E
    26   Dead+Collateral+0.75Live-0.75Wind_Long1+0.75Floor_Live+0.75LWIND1_R2E
    27   Dead+Collateral+0.75Live+0.75Wind_Long2+0.75Floor_Live+0.75LWIND2_L2E
    28   Dead+Collateral+0.75Live+0.75Wind_Long2+0.75Floor_Live+0.75LWIND2_R2E
    29   Dead+Collateral+0.75Live-0.75Wind_Long2+0.75Floor_Live+0.75LWIND2_L2E
    30   Dead+Collateral+0.75Live-0.75Wind_Long2+0.75Floor_Live+0.75LWIND2_R2E
    31   Dead+Collateral+0.75Snow+0.75Wind_Left1+0.75Floor_Live
    32   Dead+Collateral+0.75Snow+0.75Wind_Left1+0.75Snow_Drift+0.75Floor_Live
    33   Dead+Collateral+0.75Snow+0.75Wind_Left1+0.75Slide_Snow+0.75Floor_Live
    34   Dead+Collateral+0.75Snow+0.75Wind_Right1+0.75Floor_Live
    35   Dead+Collateral+0.75Snow+0.75Wind_Right1+0.75Snow_Drift+0.75Floor_Live
    36   Dead+Collateral+0.75Snow+0.75Wind_Right1+0.75Slide_Snow+0.75Floor_Live
    37   Dead+Collateral+0.75Snow+0.75Wind_Left2+0.75Floor_Live
    38   Dead+Collateral+0.75Snow+0.75Wind_Left2+0.75Snow_Drift+0.75Floor_Live
    39   Dead+Collateral+0.75Snow+0.75Wind_Left2+0.75Slide_Snow+0.75Floor_Live
    40   Dead+Collateral+0.75Snow+0.75Wind_Right2+0.75Floor_Live
    41   Dead+Collateral+0.75Snow+0.75Wind_Right2+0.75Snow_Drift+0.75Floor_Live
    42   Dead+Collateral+0.75Snow+0.75Wind_Right2+0.75Slide_Snow+0.75Floor_Live
    43   Dead+Collateral+0.75Snow+0.45Wind_Long1+0.75Floor_Live+0.45LWIND1_L2E
    44   Dead+Collateral+0.75Snow+0.45Wind_Long1+0.75Floor_Live+0.45LWIND1_R2E
    45   Dead+Collateral+0.75Snow-0.45Wind_Long1+0.75Floor_Live+0.45LWIND1_L2E
    46   Dead+Collateral+0.75Snow-0.45Wind_Long1+0.75Floor_Live+0.45LWIND1_R2E
    47   Dead+Collateral+0.75Snow+0.45Wind_Long1+0.75Snow_Drift+0.75Floor_Live+0.45LWIND1
    48   Dead+Collateral+0.75Snow+0.45Wind_Long1+0.75Snow_Drift+0.75Floor_Live+0.45LWIND1
    49   Dead+Collateral+0.75Snow-0.45Wind_Long1+0.75Snow_Drift+0.75Floor_Live+0.45LWIND1
    50   Dead+Collateral+0.75Snow-0.45Wind_Long1+0.75Snow_Drift+0.75Floor_Live+0.45LWIND1
    51   Dead+Collateral+0.75Snow+0.45Wind_Long1+0.75Slide_Snow+0.75Floor_Live+0.45LWIND1
    52   Dead+Collateral+0.75Snow+0.45Wind_Long1+0.75Slide_Snow+0.75Floor_Live+0.45LWIND1
    53   Dead+Collateral+0.75Snow-0.45Wind_Long1+0.75Slide_Snow+0.75Floor_Live+0.45LWIND1
    54   Dead+Collateral+0.75Snow-0.45Wind_Long1+0.75Slide_Snow+0.75Floor_Live+0.45LWIND1
    55   Dead+Collateral+0.75Snow+0.45Wind_Long2+0.75Floor_Live+0.45LWIND2_L2E
    56   Dead+Collateral+0.75Snow+0.45Wind_Long2+0.75Floor_Live+0.45LWIND2_R2E
    57   Dead+Collateral+0.75Snow-0.45Wind_Long2+0.75Floor_Live+0.45LWIND2_L2E
    58   Dead+Collateral+0.75Snow-0.45Wind_Long2+0.75Floor_Live+0.45LWIND2_R2E
    59   Dead+Collateral+0.75Snow+0.45Wind_Long2+0.75Snow_Drift+0.75Floor_Live+0.45LWIND2
    60   Dead+Collateral+0.75Snow+0.45Wind_Long2+0.75Snow_Drift+0.75Floor_Live+0.45LWIND2
    61   Dead+Collateral+0.75Snow-0.45Wind_Long2+0.75Snow_Drift+0.75Floor_Live+0.45LWIND2
    62   Dead+Collateral+0.75Snow-0.45Wind_Long2+0.75Snow_Drift+0.75Floor_Live+0.45LWIND2
    63   Dead+Collateral+0.75Snow+0.45Wind_Long2+0.75Slide_Snow+0.75Floor_Live+0.45LWIND2
    64   Dead+Collateral+0.75Snow+0.45Wind_Long2+0.75Slide_Snow+0.75Floor_Live+0.45LWIND2
    65   Dead+Collateral+0.75Snow-0.45Wind_Long2+0.75Slide_Snow+0.75Floor_Live+0.45LWIND2
    66   Dead+Collateral+0.75Snow-0.45Wind_Long2+0.75Slide_Snow+0.75Floor_Live+0.45LWIND2
    67#  0.6Dead+Wind_Left1
    68#  0.6Dead+Wind_Right1
    69#  0.6Dead+Wind_Left2
    70#  0.6Dead+Wind_Right2
    71   0.6Dead+Wind_Long1+LWIND1_L2E
    72   0.6Dead+Wind_Long1+LWIND1_R2E
    73   0.6Dead-Wind_Long1+LWIND1_L2E
    74   0.6Dead-Wind_Long1+LWIND1_R2E
    75   0.6Dead+Wind_Long2+LWIND2_L2E
    76   0.6Dead+Wind_Long2+LWIND2_R2E
    77   0.6Dead-Wind_Long2+LWIND2_L2E
    78   0.6Dead-Wind_Long2+LWIND2_R2E
    79   1.01Dead+1.01Collateral+0.7Seismic_L
    80   1.01Dead+1.01Collateral+0.7Seismic_R
    81   1.01Dead+1.01Collateral+0.75Live+0.52Seismic_L+0.75Floor_Live
    82   1.01Dead+1.01Collateral+0.75Live+0.52Seismic_R+0.75Floor_Live
    83   1.01Dead+1.01Collateral+0.52Seismic_L+0.75Floor_Live
    84   1.01Dead+1.01Collateral+0.52Seismic_R+0.75Floor_Live
    85   0.59Dead+0.7Seismic_L
    86   0.59Dead+0.7Seismic_R
    87   1.01Dead+1.01Collateral+0.7Seismic_Long
    88   1.01Dead+1.01Collateral-0.7Seismic_Long
    89   1.01Dead+1.01Collateral+0.75Live+0.52Seismic_Long+0.75Floor_Live
    90   1.01Dead+1.01Collateral+0.75Live-0.52Seismic_Long+0.75Floor_Live
    91   1.01Dead+1.01Collateral+0.52Seismic_Long+0.75Floor_Live
    92   1.01Dead+1.01Collateral-0.52Seismic_Long+0.75Floor_Live
    93   0.59Dead+0.7Seismic_Long
    94   0.59Dead-0.7Seismic_Long
    95   Dead+Collateral+F2CRANEA1
    96   Dead+Collateral+F2CRANEA2
    97   Dead+Collateral+F2CRANEA3
    98   Dead+Collateral+F2CRANEA4
    99#  Dead+Wind_Left1/2+F2CRANEA1
   100   Dead+Wind_Left2/2+F2CRANEA1
   101   Dead+Wind_Right1/2+F2CRANEA2
   102   Dead+Wind_Right2/2+F2CRANEA2
   103   Dead+Wind_Left1/2+F2CRANEA3
   104   Dead+Wind_Left2/2+F2CRANEA3
   105#  Dead+Wind_Right1/2+F2CRANEA4
   106   Dead+Wind_Right2/2+F2CRANEA4
   107   Dead+20Degree+Floor_Live
   108   Dead+20Degree+Floor_Live
   109   Dead-20Degree+Floor_Live
   110   Dead-20Degree+Floor_Live
   111   Dead+Collateral+0.75Live+15Degree+0.75Floor_Live
   112   Dead+Collateral+0.75Live+15Degree+0.75Floor_Live
   113   Dead+Collateral+0.75Live-15Degree+0.75Floor_Live
   114   Dead+Collateral+0.75Live-15Degree+0.75Floor_Live
   115   Dead+Collateral+0.75Snow+15Degree+0.75Floor_Live
   116   Dead+Collateral+0.75Snow+15Degree+0.75Floor_Live
   117   Dead+Collateral+0.75Snow+15Degree+0.75Snow_Drift+0.75Floor_Live
   118   Dead+Collateral+0.75Snow+15Degree+0.75Snow_Drift+0.75Floor_Live
   119   Dead+Collateral+0.75Snow+15Degree+0.75Slide_Snow+0.75Floor_Live
   120   Dead+Collateral+0.75Snow+15Degree+0.75Slide_Snow+0.75Floor_Live
   121   Dead+Collateral+0.75Snow-15Degree+0.75Floor_Live
   122   Dead+Collateral+0.75Snow-15Degree+0.75Floor_Live
   123   Dead+Collateral+0.75Snow-15Degree+0.75Snow_Drift+0.75Floor_Live
   124   Dead+Collateral+0.75Snow-15Degree+0.75Snow_Drift+0.75Floor_Live
   125   Dead+Collateral+0.75Snow-15Degree+0.75Slide_Snow+0.75Floor_Live
   126   Dead+Collateral+0.75Snow-15Degree+0.75Slide_Snow+0.75Floor_Live
  Special Combinations:
   127   1.01Dead+1.01Collateral+2.1Seismic_L
   128   1.01Dead+1.01Collateral+2.1Seismic_R
   129   1.01Dead+1.01Collateral+0.75Live+1.57Seismic_L+0.75Floor_Live
   130   1.01Dead+1.01Collateral+0.75Live+1.57Seismic_R+0.75Floor_Live
   131   1.01Dead+1.01Collateral+1.57Seismic_L+0.75Floor_Live
   132   1.01Dead+1.01Collateral+1.57Seismic_R+0.75Floor_Live
   133   0.59Dead+2.1Seismic_L
   134   0.59Dead+2.1Seismic_R
   135   1.01Dead+1.01Collateral+2.1Seismic_L
   136   1.01Dead+1.01Collateral+2.1Seismic_R
   137   1.01Dead+1.01Collateral+0.75Live+1.57Seismic_L+0.75Floor_Live
   138   1.01Dead+1.01Collateral+0.75Live+1.57Seismic_R+0.75Floor_Live
   139   1.01Dead+1.01Collateral+1.57Seismic_L+0.75Floor_Live
   140   1.01Dead+1.01Collateral+1.57Seismic_R+0.75Floor_Live
   141   0.59Dead+2.1Seismic_L
   142   0.59Dead+2.1Seismic_R

 PLATE LIMITS:
 -------------
       -----Web----  -----Flange----                  Web_Depth/     Web_Area/
  Seg   Depth/Thick  Width/(2xThick)  ---Flange---  Flange_Width   Flange_Area
   Id   Calc  Limit    Calc  Limit    Thick    Min   Calc  Limit   Calc  Limit
  ---  -----  -----   -----  -----    -----  -----  -----  -----  -----  -----
    1   80.0  180.0    12.5   16.5     6.00           2.7           2.2   10.0
    2  100.0  180.0    10.4   16.5     6.00           3.2           2.1   10.0
    3  100.0  180.0    10.4   16.5     6.00           3.2           2.1   10.0
    4   80.0  180.0    12.5   16.5     6.00           2.7           2.2   10.0

 FRAME AREA:
 ----------
    Frame    Area=    11.6
    Building Area=   120.7
            Ratio=    0.10


 WEIGHTS:
 --------

    Member             1     2     3     4
    ----------     ----- ----- ----- -----
    Weight (kg)      277   141   141   277 

                      Total Weight (kg)
                        Frame         =      837
                        Splice Plate  =       85
                        Base   Plate  =       56
                                        --------
                                             978
 


 REACTIONS - Sidewall Columns:
 -----------------------------

   Load   ----------Left_Column----------   ----------Right_Column---------
     Id   Fx(kN)  Fy(kN)  Fz(kN)  M(kN-m)   Fx(kN)  Fy(kN)  Fz(kN)  M(kN-m)  
   ----   ------ ------- ------- --------   ------ ------- ------- --------
      1    11.45   41.80    0.00   -35.22   -11.45   41.94    0.00    36.71
      2    11.45   41.94    0.00   -36.68   -11.45   41.79    0.00    35.25
      3     2.72   11.98    0.00    -8.32    -2.72   12.02    0.00     8.74
      4     2.72   12.02    0.00    -8.74    -2.72   11.98    0.00     8.32
      5     2.72   11.98    0.00    -8.32    -2.72   12.02    0.00     8.74
      6     2.72   12.02    0.00    -8.74    -2.72   11.98    0.00     8.32
      7     2.72   11.98    0.00    -8.32    -2.72   12.02    0.00     8.74
      8     2.72   12.02    0.00    -8.74    -2.72   11.98    0.00     8.32
      9     2.72   11.98    0.00    -8.32    -2.72   12.02    0.00     8.74
     10     2.72   12.02    0.00    -8.74    -2.72   11.98    0.00     8.32
     11     1.95    9.35    0.00    -5.95    -1.95    9.38    0.00     6.28
     12     1.95    9.38    0.00    -6.27    -1.95    9.35    0.00     5.95
     13     2.72   11.98    0.00    -8.32    -2.72   12.02    0.00     8.74
     14     2.72   12.02    0.00    -8.74    -2.72   11.98    0.00     8.32
     15     2.72   11.98    0.00    -8.32    -2.72   12.02    0.00     8.74
     16     2.72   12.02    0.00    -8.74    -2.72   11.98    0.00     8.32
     17     2.72   11.98    0.00    -8.32    -2.72   12.02    0.00     8.74
     18     2.72   12.02    0.00    -8.74    -2.72   11.98    0.00     8.32
     19   -13.60   -0.23    0.00    50.05   -24.33   13.68    0.00    72.77
     20    24.33   13.68    0.00   -72.77    13.60   -0.23    0.00   -50.04
     21   -21.53   13.67    0.00    59.25   -16.39   27.68    0.00    64.52
     22    16.39   27.68    0.00   -64.51    21.53   13.67    0.00   -59.23
     23    20.45  -11.76    9.42   -36.44   -20.16   -9.32    9.40    34.39
     24    20.16   -9.35    9.42   -34.39   -20.45  -11.73    9.40    36.44
     25    20.44    7.80    0.00   -36.45   -20.15   10.18    0.00    34.38
     26    20.15   10.21    0.00   -34.38   -20.44    7.77    0.00    36.45
     27    13.75    4.87    9.42   -31.94   -13.28    8.74    9.40    28.63
     28    13.28    8.71    9.42   -28.62   -13.75    4.90    9.40    31.95
     29    13.73   24.43    0.00   -31.95   -13.27   28.24    0.00    28.62
     30    13.27   28.27    0.00   -28.61   -13.73   24.40    0.00    31.96
     31   -20.17  -22.55    0.00    69.85   -17.75   -8.79    0.00    51.42
     32   -20.17  -22.55    0.00    69.85   -17.75   -8.79    0.00    51.42
     33   -20.17  -22.55    0.00    69.85   -17.75   -8.79    0.00    51.42
     34    17.75   -8.79    0.00   -51.44    20.17  -22.55    0.00   -69.86
     35    17.75   -8.79    0.00   -51.44    20.17  -22.55    0.00   -69.86
     36    17.75   -8.79    0.00   -51.44    20.17  -22.55    0.00   -69.86
     37   -28.10   -8.65    0.00    79.05    -9.83    5.20    0.00    43.17
     38   -28.10   -8.65    0.00    79.05    -9.83    5.20    0.00    43.17
     39   -28.10   -8.65    0.00    79.05    -9.83    5.20    0.00    43.17
     40     9.83    5.20    0.00   -43.18    28.09   -8.65    0.00   -79.05
     41     9.83    5.20    0.00   -43.18    28.09   -8.65    0.00   -79.05
     42     9.83    5.20    0.00   -43.18    28.09   -8.65    0.00   -79.05
     43     9.42  -15.70    5.65   -12.93    -9.24  -14.23    5.64    11.70
     44     9.24  -14.25    5.65   -11.71    -9.42  -15.68    5.64    12.92
     45     9.41   -3.96    0.00   -12.94    -9.24   -2.53    0.00    11.70
     46     9.24   -2.51    0.00   -11.71    -9.41   -3.98    0.00    12.93
     47     9.42  -15.70    5.65   -12.93    -9.24  -14.23    5.64    11.70
     48     9.24  -14.25    5.65   -11.71    -9.42  -15.68    5.64    12.92
     49     9.41   -3.96    0.00   -12.94    -9.24   -2.53    0.00    11.70
     50     9.24   -2.51    0.00   -11.71    -9.41   -3.98    0.00    12.93
     51     9.42  -15.70    5.65   -12.93    -9.24  -14.23    5.64    11.70
     52     9.24  -14.25    5.65   -11.71    -9.42  -15.68    5.64    12.92
     53     9.41   -3.96    0.00   -12.94    -9.24   -2.53    0.00    11.70
     54     9.24   -2.51    0.00   -11.71    -9.41   -3.98    0.00    12.93
     55     5.40   -5.72    5.65   -10.22    -5.12   -3.39    5.64     8.25
     56     5.12   -3.41    5.65    -8.25    -5.40   -5.70    5.64    10.22
     57     5.39    6.02    0.00   -10.23    -5.11    8.31    0.00     8.25
     58     5.11    8.32    0.00    -8.25    -5.39    6.00    0.00    10.23
     59     5.40   -5.72    5.65   -10.22    -5.12   -3.39    5.64     8.25
     60     5.12   -3.41    5.65    -8.25    -5.40   -5.70    5.64    10.22
     61     5.39    6.02    0.00   -10.23    -5.11    8.31    0.00     8.25
     62     5.11    8.32    0.00    -8.25    -5.39    6.00    0.00    10.23
     63     5.40   -5.72    5.65   -10.22    -5.12   -3.39    5.64     8.25
     64     5.12   -3.41    5.65    -8.25    -5.40   -5.70    5.64    10.22
     65     5.39    6.02    0.00   -10.23    -5.11    8.31    0.00     8.25
     66     5.11    8.32    0.00    -8.25    -5.39    6.00    0.00    10.23
     67   -29.38  -40.39    0.00   100.17   -21.18  -22.17    0.00    60.20
     68    21.18  -22.17    0.00   -60.23    29.38  -40.38    0.00  -100.19
     69   -39.94  -21.87    0.00   112.65   -10.62   -3.49    0.00    49.41
     70    10.62   -3.49    0.00   -49.42    39.94  -21.87    0.00  -112.65
     71    16.03  -55.93   12.56   -13.42   -15.64  -52.66   12.53    10.76
     72    15.64  -52.70   12.56   -10.78   -16.03  -55.89   12.53    13.39
     73    16.02  -29.85    0.00   -13.44   -15.63  -26.66    0.00    10.74
     74    15.63  -26.63    0.00   -10.77   -16.02  -29.89    0.00    13.41
     75     7.12  -33.76   12.56    -7.39    -6.49  -28.58   12.53     3.09
     76     6.49  -28.63   12.56    -3.10    -7.12  -33.72   12.53     7.38
     77     7.11   -7.68    0.00    -7.42    -6.48   -2.59    0.00     3.06
     78     6.48   -2.55    0.00    -3.07    -7.11   -7.72    0.00     7.41
     79     1.93   11.67    0.00    -4.16    -3.56   12.57    0.00    13.07
     80     3.56   12.57    0.00   -13.07    -1.94   11.67    0.00     4.16
     81     8.70   34.18    0.00   -25.81    -9.90   34.86    0.00    32.57
     82     9.90   34.86    0.00   -32.55    -8.70   34.18    0.00    25.83
     83     2.14   11.79    0.00    -5.30    -3.35   12.46    0.00    11.93
     84     3.35   12.46    0.00   -11.92    -2.14   11.79    0.00     5.31
     85     0.34    5.08    0.00     0.83    -1.96    5.98    0.00     8.04
     86     1.96    5.98    0.00    -8.04    -0.34    5.08    0.00    -0.83
     87     2.75   11.58    0.52    -8.61    -2.75   11.58    0.52     8.62
     88     2.75   12.66    0.00    -8.61    -2.75   12.66    0.00     8.62
     89     9.30   34.12    0.38   -29.18    -9.30   34.12    0.38    29.20
     90     9.30   34.92    0.00   -29.18    -9.30   34.92    0.00    29.20
     91     2.75   11.72    0.38    -8.61    -2.75   11.72    0.38     8.62
     92     2.75   12.52    0.00    -8.61    -2.75   12.52    0.00     8.62
     93     1.15    4.99    0.52    -3.60    -1.15    4.99    0.52     3.61
     94     1.15    6.07    0.00    -3.60    -1.15    6.07    0.00     3.61
     95     1.33   88.02    0.00    23.99   -15.27   36.07    0.00    67.71
     96    15.13   93.23    0.00   -46.79    -1.19   30.86    0.00    -3.01
     97     1.19   30.86    0.00     3.02   -15.13   93.23    0.00    46.80
     98    15.27   36.07    0.00   -67.71    -1.33   88.02    0.00   -23.98
     99   -14.82   62.53    0.00    76.89   -24.40   19.40    0.00    92.16
    100   -20.11   71.77    0.00    83.27   -19.12   28.75    0.00    86.91
    101    24.47   76.62    0.00   -71.84    14.75    5.31    0.00   -56.59
    102    19.19   85.95    0.00   -66.31    20.03   14.58    0.00   -62.70
    103   -14.75    5.30    0.00    56.58   -24.47   76.62    0.00    71.83
    104   -20.03   14.57    0.00    62.70   -19.19   85.95    0.00    66.31
    105    24.40   19.40    0.00   -92.17    14.82   62.53    0.00   -76.89
    106    19.12   28.75    0.00   -86.92    20.10   71.77    0.00   -83.27
    107     2.14    9.35    0.00    -7.28    -2.14    9.38    0.00     7.61
    108     2.14    9.38    0.00    -7.61    -2.14    9.35    0.00     7.28
    109     1.76    9.35    0.00    -4.61    -1.76    9.38    0.00     4.94
    110     1.76    9.38    0.00    -4.94    -1.76    9.35    0.00     4.62
    111     9.41   34.34    0.00   -29.50    -9.41   34.46    0.00    30.72
    112     9.41   34.46    0.00   -30.70    -9.41   34.34    0.00    29.52
    113     9.13   34.34    0.00   -27.50    -9.13   34.46    0.00    28.72
    114     9.13   34.46    0.00   -28.69    -9.13   34.34    0.00    27.52
    115     2.86   11.98    0.00    -9.32    -2.86   12.02    0.00     9.74
    116     2.86   12.02    0.00    -9.74    -2.86   11.98    0.00     9.32
    117     2.86   11.98    0.00    -9.32    -2.86   12.02    0.00     9.74
    118     2.86   12.02    0.00    -9.74    -2.86   11.98    0.00     9.32
    119     2.86   11.98    0.00    -9.32    -2.86   12.02    0.00     9.74
    120     2.86   12.02    0.00    -9.74    -2.86   11.98    0.00     9.32
    121     2.58   12.00    0.00    -7.53    -2.58   12.00    0.00     7.53
    122     2.58   12.00    0.00    -7.53    -2.58   12.00    0.00     7.53
    123     2.58   12.00    0.00    -7.53    -2.58   12.00    0.00     7.53
    124     2.58   12.00    0.00    -7.53    -2.58   12.00    0.00     7.53
    125     2.58   12.00    0.00    -7.53    -2.58   12.00    0.00     7.53
    126     2.58   12.00    0.00    -7.53    -2.58   12.00    0.00     7.53


 DEFLECTIONS:
 ------------

          Lateral Defl
  Load    @ Top Of Col   Vert Defl
   Id     Left   Right   On Rafter
  ----    ----   -----  ---------
    1     -3.6     4.8    -39.6
    2     -4.7     3.6    -39.6
    3     -0.8     1.2     -9.4
    4     -1.1     0.8     -9.4
    5     -0.8     1.2     -9.4
    6     -1.1     0.8     -9.4
    7     -0.8     1.2     -9.4
    8     -1.1     0.8     -9.4
    9     -0.8     1.2     -9.4
   10     -1.1     0.8     -9.4
   11     -0.6     0.8     -6.7
   12     -0.8     0.6     -6.7
   13     -0.8     1.2     -9.4
   14     -1.1     0.8     -9.4
   15     -0.8     1.2     -9.4
   16     -1.1     0.8     -9.4
   17     -0.8     1.2     -9.4
   18     -1.1     0.8     -9.4
   19     32.8    34.2     -6.3
   20    -34.2   -32.8     -6.2
   21     32.3    35.3    -14.9
   22    -35.3   -32.3    -14.9
   23     -2.0    -0.1     -7.2
   24      0.1     2.0     -7.2
   25     -2.0    -0.1     -7.3
   26      0.1     2.0     -7.3
   27     -3.8     0.5    -20.0
   28     -0.5     3.8    -20.0
   29     -3.8     0.5    -20.1
   30     -0.5     3.9    -20.1
   31     34.5    31.2     16.4
   32     34.5    31.2     16.4
   33     34.5    31.2     16.4
   34    -31.2   -34.5     16.4
   35    -31.2   -34.5     16.4
   36    -31.2   -34.5     16.4
   37     34.1    32.4      7.7
   38     34.1    32.4      7.7
   39     34.1    32.4      7.7
   40    -32.4   -34.1      7.8
   41    -32.4   -34.1      7.8
   42    -32.4   -34.1      7.8
   43     -0.2    -1.1      5.5
   44      1.1     0.1      5.5
   45     -0.2    -1.1      5.4
   46      1.1     0.2      5.4
   47     -0.2    -1.1      5.5
   48      1.1     0.1      5.5
   49     -0.2    -1.1      5.4
   50      1.1     0.2      5.4
   51     -0.2    -1.1      5.5
   52      1.1     0.1      5.5
   53     -0.2    -1.1      5.4
   54      1.1     0.2      5.4
   55     -1.3    -0.7     -2.1
   56      0.7     1.3     -2.1
   57     -1.3    -0.7     -2.2
   58      0.7     1.3     -2.2
   59     -1.3    -0.7     -2.1
   60      0.7     1.3     -2.1
   61     -1.3    -0.7     -2.2
   62      0.7     1.3     -2.2
   63     -1.3    -0.7     -2.1
   64      0.7     1.3     -2.1
   65     -1.3    -0.7     -2.2
   66      0.7     1.3     -2.2
   67     46.4    40.2     30.4
   68    -40.2   -46.4     30.4
   69     46.0    41.9     18.8
   70    -41.9   -46.0     18.8
   71      1.4    -4.1     29.1
   72      4.1    -1.5     29.1
   73      1.4    -4.1     28.9
   74      4.1    -1.5     28.9
   75     -1.0    -3.3     12.1
   76      3.3     1.0     12.1
   77     -1.0    -3.3     12.0
   78      3.3     1.0     12.0
   79      2.5     4.5     -9.5
   80     -4.5    -2.5     -9.5
   81     -0.7     6.0    -32.2
   82     -6.0     0.7    -32.2
   83      1.6     3.6     -9.5
   84     -3.6    -1.6     -9.5
   85      3.1     3.9     -4.0
   86     -3.9    -3.1     -4.0
   87     -1.0     1.0     -9.5
   88     -1.0     1.0     -9.5
   89     -3.4     3.4    -32.2
   90     -3.4     3.4    -32.2
   91     -1.0     1.0     -9.5
   92     -1.0     1.0     -9.5
   93     -0.4     0.4     -4.0
   94     -0.4     0.4     -4.0
   95     38.4    40.3    -11.0
   96    -10.8    -8.9     -9.8
   97      8.9    10.8     -9.8
   98    -40.3   -38.4    -10.9
   99     61.0    58.8     11.7
  100     60.9    59.7      8.7
  101    -29.8   -32.0     10.1
  102    -30.5   -31.7      4.3
  103     32.0    29.8     10.1
  104     31.7    30.5      4.3
  105    -58.8   -61.0     11.7
  106    -59.7   -60.9      8.8
  107     -1.9     2.2     -3.9
  108     -2.1     1.9     -3.9
  109      0.7    -0.5     -9.6
  110      0.5    -0.7     -9.6
  111     -3.9     4.8    -29.9
  112     -4.8     3.9    -29.9
  113     -1.9     2.9    -34.2
  114     -2.8     1.9    -34.2
  115     -1.8     2.1     -7.3
  116     -2.1     1.8     -7.3
  117     -1.8     2.1     -7.3
  118     -2.1     1.8     -7.3
  119     -1.8     2.1     -7.3
  120     -2.1     1.8     -7.3
  121      0.0     0.0    -11.6
  122      0.0     0.0    -11.6
  123      0.0     0.0    -11.6
  124      0.0     0.0    -11.6
  125      0.0     0.0    -11.6
  126      0.0     0.0    -11.6


 DEFLECTIONS RATIO:
 ------------------

          Lateral Defl
  Load    @ Top Of Col   Vert Defl
   Id     Left   Right   On Rafter
  ----    ----   -----  ---------
    1     2503    1874     322 
    2     1892    2471     322 
    3    10922    7712    1359 
    4     7783   10783    1359 
    5    10922    7712    1359 
    6     7783   10783    1359 
    7    10922    7712    1359 
    8     7783   10783    1359 
    9    10922    7712    1359 
   10     7783   10783    1359 
   11    15526   10629    1896 
   12    10726   15325    1896 
   13    10922    7712    1359 
   14     7783   10783    1359 
   15    10922    7712    1359 
   16     7783   10783    1359 
   17    10922    7712    1359 
   18     7783   10783    1359 
   19      272     260    2046 
   20      260     272    2050 
   21      275     252     857 
   22      252     275     858 
   23     4493   99999    1768 
   24    99999    4498    1768 
   25     4474   99999    1743 
   26    99999    4480    1743 
   27     2331   16385     641 
   28    16941    2320     641 
   29     2323   16761     638 
   30    17336    2312     638 
   31      258     285     779 
   32      258     285     779 
   33      258     285     779 
   34      285     258     779 
   35      285     258     779 
   36      285     258     779 
   37      261     275    1651 
   38      261     275    1651 
   39      261     275    1651 
   40      275     261    1648 
   41      275     261    1648 
   42      275     261    1648 
   43    55735    8322    2329 
   44     8419   60381    2329 
   45    54675    8300    2355 
   46     8398   59213    2355 
   47    55744    8322    2329 
   48     8418   60366    2329 
   49    54684    8300    2355 
   50     8398   59203    2355 
   51    55753    8322    2329 
   52     8418   60356    2329 
   53    54694    8301    2355 
   54     8398   59192    2356 
   55     7092   12699    5996 
   56    12706    7094    5995 
   57     7065   12620    5825 
   58    12630    7068    5824 
   59     7092   12699    5996 
   60    12706    7094    5995 
   61     7065   12620    5825 
   62    12630    7068    5824 
   63     7092   12699    5996 
   64    12706    7094    5995 
   65     7065   12620    5825 
   66    12630    7068    5824 
   67      192     222     421 
   68      221     192     421 
   69      193     212     679 
   70      212     193     679 
   71     6221    2160     440 
   72     2184    6032     440 
   73     6285    2153     442 
   74     2177    6089     442 
   75     8856    2695    1055 
   76     2711    9028    1055 
   77     8659    2677    1068 
   78     2693    8829    1068 
   79     3543    1977    1346 
   80     1982    3558    1346 
   81    12657    1474     397 
   82     1483   12030     397 
   83     5523    2472    1346 
   84     2479    5559    1346 
   85     2897    2279    3214 
   86     2282    2901    3215 
   87     8999    8903    1346 
   88     8999    8903    1345 
   89     2655    2627     397 
   90     2655    2627     397 
   91     8999    8903    1346 
   92     8999    8903    1345 
   93    21505   21276    3215 
   94    21504   21275    3210 
   95      232     221    1168 
   96      826    1000    1301 
   97      999     826    1301 
   98      221     232    1170 
   99      146     151    1090 
  100      146     149    1464 
  101      299     278    1270 
  102      292     281    2975 
  103      278     299    1271 
  104      281     292    2982 
  105      151     146    1089 
  106      149     146    1461 
  107     4713    4134    3306 
  108     4149    4694    3306 
  109    12000   18622    1330 
  110    18346   12118    1330 
  111     2307    1840     427 
  112     1854    2285     427 
  113     4723    3109     373 
  114     3149    4634     373 
  115     4941    4158    1764 
  116     4179    4912    1764 
  117     4941    4158    1764 
  118     4179    4912    1764 
  119     4941    4158    1764 
  120     4179    4912    1764 
  121    99999   99999    1106 
  122    99999   99999    1106 
  123    99999   99999    1106 
  124    99999   99999    1106 
  125    99999   99999    1106 
  126    99999   99999    1106 

 MAX DEFLECTION:
 ---------------
                      Load  Deflect  Span/Deflect
    Type                Id     (mm)   Calc  Limit
    ----------------  ----  -------  -----  -----
    Live  Vertical            -30.2   423.   150.
    Total Vertical       1    -39.6   323.   150.
    Horizontal Drift   105    -61.0   146.   100.
    Horizontal Total   105    -61.0   146.   100.

    Horizontal Spring Constant= 0.467 kN/mm

 CRANE/FLOOR DEFLECTION:
 -----------------------
                         Height  Load  Deflect    Span/
    Id       Locate        (mm)    Id     (mm)  Deflect   Limit
    -------  ----------  ------  ----  -------  -------  ------
    Crane1   Left  Col     7000    99     50.2     139.    100.
    Crane1   Right Col     7000   105    -50.2     139.    100.


 P-DELTA - Effective Length:
 -----------------------------
  CONVERGENCE CHECK:
                Max
            Deflect
    Column    Ratio
    ------  -------
    Left     0.0499   
    Right    0.0479   

  MAXIMUM DRIFT CHECK:
           Max_Drift(mm)  Second/
    Load  First   Second   First
     Id    Order   Order   Ratio
    ----  ------  ------  -------
    109      0.6     0.7    1.21
 
================================================================================
 C463-002            Frame  2 - Crane Brackets              18/DEC/2025  2:49pm
================================================================================

 CRANE LAYOUT:
 -------------
   Crane        Span  -Offset(mm)-
     Id   Type   Id    Left  Right
   -----  ----  ----  -----  -----
      1    TG     1    1200   1200

 BRACKET DESIGN:
 --------------
   Crane                   Factored_Shear(kN)  Factored_Moment(kN-m)
     Id   Side   Part       Calc  Limit    UC    Calc  Limit    UC
   -----  -----  --------  -----  -----  ----   -----  -----  ----
      1   Left   W35b228   80.77 191.96  0.42   44.90 120.40  0.37
      1   Right  W35b228   80.77 191.96  0.42   44.90 120.40  0.37
 

 STIFFENER DESIGN:
 -----------------
   Crane                     -Stiffener_Size(mm)-  -----Force(kN)----
     Id   Side   Locate      Width  Thick  Length   Calc  Limit    UC
   -----  -----  ----------  -----  -----  ------  -----  -----  ----
      1   Left   Top Flange   70.0   6.00   400.0 -122.7 136.40  0.90
      1   Left   Bot Flange   70.0   6.00   400.0 122.70 265.56  0.46
      1   Left   Crane Beam  140.0   6.00   400.0   0.00 309.99  0.00
      1   Left   Diagonal    (a)     
      1   Left   Bracket     (a)     
      1   Right  Top Flange   70.0   6.00   400.0 -122.7 136.40  0.90
      1   Right  Bot Flange   70.0   6.00   400.0 122.70 265.56  0.46
      1   Right  Crane Beam  140.0   6.00   400.0   0.00 309.99  0.00
      1   Right  Diagonal    (a)     
      1   Right  Bracket     (a)     

                             (a)Not Required
================================================================================
 C463-002            Frame  2 - Rigid Frame Clearances      18/DEC/2025  2:49pm
================================================================================

 VERTICAL CLEARANCE:
 -------------------
   Location                          Span    X_Coord    Y_Coord
   ------------------------       -------   --------   --------
   Left                              8549        642       8549 
   Right                             8549      12158       8549 
   Midspan                           9225       6400       9225 

 HORIZONTAL CLEARANCE:
 ---------------------
   Location                          Span   X_CoordL   X_CoordR
   ------------------------       -------   --------   --------
   Left  - Right                    11512        644      12156 



 CRANE VERTICAL CLEARANCE:
 -------------------------
   Crane  Location          Clear    X_Coord   Y_Coord
   -----  ----------    ---------   --------  --------
      1   Right              1549      12158      8549 

 CRANE HORIZONTAL CLEARANCE:
 ----------------------------
   Crane  Location          Clear    X_Coord   Y_Coord
   -----  ----------    ---------   --------  --------
      1   Left                414        636      7000 
      1   Right               414      12164      7000 
================================================================================
 C463-002            Frame  2 - Weight Summary              18/DEC/2025  2:49pm
================================================================================

                      Total Weight (kg)
                        Frame         =      837
                        Splice Plate  =       85
                        Base   Plate  =       56
                                        --------
                                             978
 
================================================================================
 C463-002            Frame  2 - Warning Summary             18/DEC/2025  2:49pm
================================================================================

                   .. No Warnings
