*===============================================================================
*C463-002            Rigid Frame Design Input               17/DEC/2025  4:14pm
*===============================================================================
 
*( 1)JOBID:
    'C463-002'
 
*( 2)FRAME DESIGN OPTIONS:
*--Frame-    -------Frame_Space-------  Section  Web_Stiffener     P
*Id  Type      L_Col    R_Col   Rafter    Space  Use Ratio Side  Delta
  3 'RF '     7463.0   7463.0   7463.0    500.0  'N'  0.00 'Y '  'EL'
 
*( 3)FRAME LINES:
*No.    Line_Id
   1    3
 
*( 4)OPTIMIZATION OPTIONS:
*Plate  Depth  Frame  -L_Col_Depth_Opt-  -R_Col_Depth_Opt-    Rafter_Depth_Opt
* Opt    Opt    Sym   Typ    Min    Max  Typ    Min    Max   Typ    Min    Max
  'N'    'N'    'S'  'T '  250.0 1400.0 'T '  250.0 1400.0  'T '  300.0 1400.0
 
*( 5)DESIGN CODE:
*Design  ---Steel_Code---             ---Build---   Code      Seismic
* Code   Cold       Hot      Country  Code   Year   Label      Zone
  'WS ' 'NAUS07  ' 'AISC05'  '    '  'MBMA'  '10'  'MBMA 10 '  'C  '
 
*( 6)DESIGN CONSTANTS:
*                        ---Strength_Factor---
* ----Stress_Ratio----           ---Seismic---
* Frame  Col   EP   BP     Wind   Frame  SpcEP
   1.00 1.00 1.00 1.00   1.0000  1.0000 1.0000
 
*( 7)STEEL YIELDS:
* Web   Flg  C_Sec  W_Sec  R_Sec  P_Sec  T_Sec  U_Sec    EP     BP
  345   345    345    345    235    345    317    235   345    345
 
*( 8)DEFLECTION LIMITS:
* ------Vertical-----  -------Horizontal-------  -Weak_Axis-
*  Live   Wind  Total  Total  Seis  Crane Floor   Wind  Seis
  150.0    0.0  150.0  100.0  50.0  100.0   0.0   60.0  50.0
 
*( 9)REPORTS:
* Input Design   End  Base  Revise Action Sec  Flange Segment Unbrc Floor  Diag
* Echo  Summary Plate Plate Input  Stress Prop Brace  Displ.   Len  React Brace
  'Y'    'Y'     'Y'   'Y'   'Y'    'N'   'N'   'Y'     'N'    'N'   'N'   'N'
 
*(10)BUILDING LAYOUT:
*                             -----------Wall-----------
* Type      Width     Length  Type Opt   Offset   Length
  'FF'    12800.0    30500.0   '-' '-'     0.00  12800.0
 
*(11)SURFACE SHAPE:
* No.    X_Coord   Y_Coord  Offset
   4         0.0    9100.0  230.00
          6400.0    9740.0  200.00
         12800.0    9100.0  200.00
         12800.0       0.0  230.00
 
 
*(12)MEMBER DEPTHS:
*Surf   ----Depth----  No.   --Interior_Depth-
* Id    Start     End  Dep    Locate     Depth
   1   400.00  400.00   0
   2   400.00  300.00   0
   3   300.00  400.00   0
   4   400.00  400.00   0
 
*(13)MEMBER SPLICES:
*Surf
* Id   No.    Locate   Type
   1    0
   2    1        0.0  'HSS '
   3    1        0.0  '-SS '
   4    1        0.0  'HSS '
 
*(14)SEGMENT PLATES:
*    Surf Mem ---Segment--    Member      Flange  ----Plate_Thickness---
*No.  Id   Id  Id   Length    Part         Width     Web  OS_Flg  IS_Flg
   4   1    1   1      0.0   '--------'   150.00    5.00    6.00    8.00
       2    2   2      0.0   '--------'   125.00    4.00    5.00    5.00
       3    3   3      0.0   '--------'   125.00    4.00    5.00    5.00
       4    4   4      0.0   '--------'   150.00    5.00    6.00    8.00
 
*(15)INTERIOR COLUMNS:
*      --------Column-------  Cap   Rafter   Unbrace_Length  ----Column---
* No.  Id  Typ  Rot   Locate  Conn   Opt     Major    Minor  Set  Part
   0
 
*(16)INTERIOR COLUMN PLATES:
* -Column- -----Depth----  No.    Start  ---Web_Depth--     Web    Flg  --Thickness--
* Id Shape    Min     Max  Mem   Locate   Start     End   Thick  Width  OS_Flg IS_Flg
 
*(17)INTERIOR COLUMN SPLICES:
*         Col
* No. Id   Id    Locate  Type
   0
 
*(18)BASE & WALL OPTIONS:
*----------Base----------      Open  Brace
* Id   Conn   Opt    Elev    Height   Opt
   1   'FI'   '-'    0.00       0.0   '-'   Left  Column
   2   'FI'   '-'    0.00       0.0   '-'   Right Column
 
*(19)BASE DISPLACEMENT:
*Base
* Id   Opt  Dir  Displace
   0   '-'  '-'     0.00
 
*(20)BASE SPRINGS:
*      Base         --Spring_Constants--
* No.   Id    Elev    Horz   Vert Rotate
   0
 
*(21)WALL GIRT:
*Surf                                       Bay
* Id  Type  Part       Depth   Proj     Lap  Id  No.  Locate Type
   1  'ZB' '200Z15  ' 200.00 230.00   660.0   3   5   3080.0 'ZB'
                                                      4580.0 'ZB'
                                                      6080.0 'ZB'
                                                      7280.0 'ZB'
                                                      8280.0 'ZB'
   4  'ZB' '200Z15  ' 200.00 230.00   660.0   3   6   3080.0 'ZB'
                                                      4580.0 'ZB'
                                                      5150.0 'ZB'
                                                      6080.0 'ZB'
                                                      7280.0 'ZB'
                                                      8280.0 'ZB'
 
*(22)ROOF PURLIN:
*Surf
* Id  Type  Part       Depth   Proj     Lap
   2  'ZB' '200Z18  ' 200.00   0.00   330.0
   3  'ZB' '200Z18  ' 200.00   0.00   330.0
 
*(23)ROOF PURLIN LOCATION:
*Surf    Peak
* Id    Space  No.  Locate
   2    300.0   4   1334.9   2933.9   4532.9   6131.9
   3    300.0   4    300.0   1899.0   3498.0   5097.0
 
*(24)FLANGE BRACE:
*Surf       Locate  Side
* Id  No.     Id     Opt
   1   5       1     '-'
               2     '-'
               3     '-'
               4     '-'
               5     '-'
   2   4       1     '-'
               2     '-'
               3     '-'
               4     'N'
   3   4       1     'N'
               2     '-'
               3     '-'
               4     '-'
   4   6       1     '-'
               2     '-'
               3     '-'
               4     '-'
               5     '-'
               6     '-'
 
*(25)COLUMN ADDITIONAL BRACE LOCATIONS:
*     Col                  -Minor-
*No.   Id   Height  Major  Out  In
  2     0   6850.0   'N'   'N'  'Y'
        1   6850.0   'N'   'N'  'Y'
 
 
*(26)EXTENSIONS:
*Surf                   ----Horizontal_Size----   -----Vertical_Size-----     Load
* Id  No.  Id  Type Opt     Elev    Width  Slope     Elev   Height  Slope    Width
   1   0
   4   1    2  'EC' '-'   5100.0   1500.0   10.0      0.0      0.0    0.0   3357.5
 
*(27)LOAD GROUPS:
*    Group
*No.   Id   Description
   1  '-'  'Standard       '
 
*(28)BASIC LOADS:
*                                             ---Deflection---
*Group Dead  Coll   Live   Snow  Rain  Basic     Load_Ratio       Temp
*  Id  Load  Load   Load   Load  Load   Wind  Snow  Wind  Seis   Change
  '-' 0.100 0.050  0.570  0.000  0.00  0.986  1.00  1.00  1.00     20.0
 
*(29)BASIC LOADS AT EAVE:
*Group Seis   --Torsion--   --EW_Brace-   --Extension--  -Additional-
*  Id  Load   Wind   Seis   Wind   Seis    Wind   Seis    Wind   Seis
  '-'  1.10   0.00   0.00   0.00   0.00    0.00   0.00    0.00   0.00
 
*(30)WIND COEFFICIENT:
*Group Surf  ---Wind_1--   ---Wind_2--   ---Wind_3--   ---Wind_4--     Long_Wind  Surface
*  Id   Id   Left  Right   Left  Right   Left  Right   Left  Right      1      2  Friction
  '-'    1   0.23  -0.48   0.59  -0.12   0.00   0.00   0.00   0.00  -0.63  -0.27    0.00
  '-'    2  -0.87  -0.56  -0.51  -0.20   0.00   0.00   0.00   0.00  -0.87  -0.35    0.00
  '-'    3  -0.56  -0.87  -0.20  -0.51   0.00   0.00   0.00   0.00  -0.87  -0.35    0.00
  '-'    4  -0.48   0.23  -0.12   0.59   0.00   0.00   0.00   0.00  -0.63  -0.27    0.00
 
*(31)LONGITUDINAL & WEAK AXIS BRACING LOADS:
*Group  ----Wind----    ---Seismic--   -Weak_Axis-
*  Id   Horz    Vert    Horz    Vert   Wind   Seis
  '-'   0.00    0.00    0.00    0.00   0.00   0.00  Left  Column
  '-'   0.00    0.00    0.00    0.00   0.00   0.00  Right Column
 
*(32)DESIGN LOADS:Strength
*                -----------------------------------------------------Load_Coefficients-----------------------------------------------------
*         Group             ---Live---       --Add_Snow-        --Wind_1--  --Wind_2--  --Wind_3--  --Wind_4--   Long_Wind  --Seismic-         Aux_Load
*No.   Id   Id  Dead  Coll  Roof Floor  Snow Drift Slide  Rain    Lt    Rt    Lt    Rt    Lt    Rt    Lt    Rt     1     2  Long  Tran  Temp  Id  Coeff
 126    1  '-'  1.00  1.00  1.00  0.00  0.00  0.00  0.00  0.00  0.00  0.00  0.00  0.00  0.00  0.00  0.00  0.00  0.00  0.00  0.00  0.00  0.00   0   0.00
        2  '-'  1.00  1.00  1.00  0.00  0.00  0.00  0.00  0.00  0.00  0.00  0.00  0.00  0.00  0.00  0.00  0.00  0.00  0.00  0.00  0.00  0.00   0   0.00
        3  '-'  1.00  1.00  0.00  1.00  0.00  0.00  0.00  0.00  0.00  0.00  0.00  0.00  0.00  0.00  0.00  0.00  0.00  0.00  0.00  0.00  0.00   0   0.00
        4  '-'  1.00  1.00  0.00  1.00  0.00  0.00  0.00  0.00  0.00  0.00  0.00  0.00  0.00  0.00  0.00  0.00  0.00  0.00  0.00  0.00  0.00   0   0.00
        5  '-'  1.00  1.00  0.00  0.00  1.00  0.00  0.00  0.00  0.00  0.00  0.00  0.00  0.00  0.00  0.00  0.00  0.00  0.00  0.00  0.00  0.00   0   0.00
        6  '-'  1.00  1.00  0.00  0.00  1.00  0.00  0.00  0.00  0.00  0.00  0.00  0.00  0.00  0.00  0.00  0.00  0.00  0.00  0.00  0.00  0.00   0   0.00
        7  '-'  1.00  1.00  0.00  0.00  1.00  1.00  0.00  0.00  0.00  0.00  0.00  0.00  0.00  0.00  0.00  0.00  0.00  0.00  0.00  0.00  0.00   0   0.00
        8  '-'  1.00  1.00  0.00  0.00  1.00  1.00  0.00  0.00  0.00  0.00  0.00  0.00  0.00  0.00  0.00  0.00  0.00  0.00  0.00  0.00  0.00   0   0.00
        9  '-'  1.00  1.00  0.00  0.00  1.00  0.00  1.00  0.00  0.00  0.00  0.00  0.00  0.00  0.00  0.00  0.00  0.00  0.00  0.00  0.00  0.00   0   0.00
       10  '-'  1.00  1.00  0.00  0.00  1.00  0.00  1.00  0.00  0.00  0.00  0.00  0.00  0.00  0.00  0.00  0.00  0.00  0.00  0.00  0.00  0.00   0   0.00
       11  '-'  1.00  0.00  0.00  0.00  0.00  0.00  0.00  0.00  0.00  0.00  0.00  0.00  0.00  0.00  0.00  0.00  0.00  0.00  0.00  0.00  0.00   0   0.00
       12  '-'  1.00  0.00  0.00  0.00  0.00  0.00  0.00  0.00  0.00  0.00  0.00  0.00  0.00  0.00  0.00  0.00  0.00  0.00  0.00  0.00  0.00   0   0.00
       13  '-'  1.00  1.00  0.00  0.75  0.75  0.00  0.00  0.00  0.00  0.00  0.00  0.00  0.00  0.00  0.00  0.00  0.00  0.00  0.00  0.00  0.00   0   0.00
       14  '-'  1.00  1.00  0.00  0.75  0.75  0.00  0.00  0.00  0.00  0.00  0.00  0.00  0.00  0.00  0.00  0.00  0.00  0.00  0.00  0.00  0.00   0   0.00
       15  '-'  1.00  1.00  0.00  0.75  0.75  0.75  0.00  0.00  0.00  0.00  0.00  0.00  0.00  0.00  0.00  0.00  0.00  0.00  0.00  0.00  0.00   0   0.00
       16  '-'  1.00  1.00  0.00  0.75  0.75  0.75  0.00  0.00  0.00  0.00  0.00  0.00  0.00  0.00  0.00  0.00  0.00  0.00  0.00  0.00  0.00   0   0.00
       17  '-'  1.00  1.00  0.00  0.75  0.75  0.00  0.75  0.00  0.00  0.00  0.00  0.00  0.00  0.00  0.00  0.00  0.00  0.00  0.00  0.00  0.00   0   0.00
       18  '-'  1.00  1.00  0.00  0.75  0.75  0.00  0.75  0.00  0.00  0.00  0.00  0.00  0.00  0.00  0.00  0.00  0.00  0.00  0.00  0.00  0.00   0   0.00
       19  '-'  1.00  1.00  0.75  0.75  0.00  0.00  0.00  0.00  0.75  0.00  0.00  0.00  0.00  0.00  0.00  0.00  0.00  0.00  0.00  0.00  0.00   0   0.00
       20  '-'  1.00  1.00  0.75  0.75  0.00  0.00  0.00  0.00  0.00  0.75  0.00  0.00  0.00  0.00  0.00  0.00  0.00  0.00  0.00  0.00  0.00   0   0.00
       21  '-'  1.00  1.00  0.75  0.75  0.00  0.00  0.00  0.00  0.00  0.00  0.75  0.00  0.00  0.00  0.00  0.00  0.00  0.00  0.00  0.00  0.00   0   0.00
       22  '-'  1.00  1.00  0.75  0.75  0.00  0.00  0.00  0.00  0.00  0.00  0.00  0.75  0.00  0.00  0.00  0.00  0.00  0.00  0.00  0.00  0.00   0   0.00
       23  '-'  1.00  1.00  0.75  0.75  0.00  0.00  0.00  0.00  0.00  0.00  0.00  0.00  0.00  0.00  0.00  0.00  0.75  0.00  0.00  0.00  0.00   5   0.75
       24  '-'  1.00  1.00  0.75  0.75  0.00  0.00  0.00  0.00  0.00  0.00  0.00  0.00  0.00  0.00  0.00  0.00  0.75  0.00  0.00  0.00  0.00   6   0.75
       25  '-'  1.00  1.00  0.75  0.75  0.00  0.00  0.00  0.00  0.00  0.00  0.00  0.00  0.00  0.00  0.00  0.00 -0.75  0.00  0.00  0.00  0.00   5   0.75
       26  '-'  1.00  1.00  0.75  0.75  0.00  0.00  0.00  0.00  0.00  0.00  0.00  0.00  0.00  0.00  0.00  0.00 -0.75  0.00  0.00  0.00  0.00   6   0.75
       27  '-'  1.00  1.00  0.75  0.75  0.00  0.00  0.00  0.00  0.00  0.00  0.00  0.00  0.00  0.00  0.00  0.00  0.00  0.75  0.00  0.00  0.00   7   0.75
       28  '-'  1.00  1.00  0.75  0.75  0.00  0.00  0.00  0.00  0.00  0.00  0.00  0.00  0.00  0.00  0.00  0.00  0.00  0.75  0.00  0.00  0.00   8   0.75
       29  '-'  1.00  1.00  0.75  0.75  0.00  0.00  0.00  0.00  0.00  0.00  0.00  0.00  0.00  0.00  0.00  0.00  0.00 -0.75  0.00  0.00  0.00   7   0.75
       30  '-'  1.00  1.00  0.75  0.75  0.00  0.00  0.00  0.00  0.00  0.00  0.00  0.00  0.00  0.00  0.00  0.00  0.00 -0.75  0.00  0.00  0.00   8   0.75
       31  '-'  1.00  1.00  0.00  0.75  0.75  0.00  0.00  0.00  0.75  0.00  0.00  0.00  0.00  0.00  0.00  0.00  0.00  0.00  0.00  0.00  0.00   0   0.00
       32  '-'  1.00  1.00  0.00  0.75  0.75  0.75  0.00  0.00  0.75  0.00  0.00  0.00  0.00  0.00  0.00  0.00  0.00  0.00  0.00  0.00  0.00   0   0.00
       33  '-'  1.00  1.00  0.00  0.75  0.75  0.00  0.75  0.00  0.75  0.00  0.00  0.00  0.00  0.00  0.00  0.00  0.00  0.00  0.00  0.00  0.00   0   0.00
       34  '-'  1.00  1.00  0.00  0.75  0.75  0.00  0.00  0.00  0.00  0.75  0.00  0.00  0.00  0.00  0.00  0.00  0.00  0.00  0.00  0.00  0.00   0   0.00
       35  '-'  1.00  1.00  0.00  0.75  0.75  0.75  0.00  0.00  0.00  0.75  0.00  0.00  0.00  0.00  0.00  0.00  0.00  0.00  0.00  0.00  0.00   0   0.00
       36  '-'  1.00  1.00  0.00  0.75  0.75  0.00  0.75  0.00  0.00  0.75  0.00  0.00  0.00  0.00  0.00  0.00  0.00  0.00  0.00  0.00  0.00   0   0.00
       37  '-'  1.00  1.00  0.00  0.75  0.75  0.00  0.00  0.00  0.00  0.00  0.75  0.00  0.00  0.00  0.00  0.00  0.00  0.00  0.00  0.00  0.00   0   0.00
       38  '-'  1.00  1.00  0.00  0.75  0.75  0.75  0.00  0.00  0.00  0.00  0.75  0.00  0.00  0.00  0.00  0.00  0.00  0.00  0.00  0.00  0.00   0   0.00
       39  '-'  1.00  1.00  0.00  0.75  0.75  0.00  0.75  0.00  0.00  0.00  0.75  0.00  0.00  0.00  0.00  0.00  0.00  0.00  0.00  0.00  0.00   0   0.00
       40  '-'  1.00  1.00  0.00  0.75  0.75  0.00  0.00  0.00  0.00  0.00  0.00  0.75  0.00  0.00  0.00  0.00  0.00  0.00  0.00  0.00  0.00   0   0.00
       41  '-'  1.00  1.00  0.00  0.75  0.75  0.75  0.00  0.00  0.00  0.00  0.00  0.75  0.00  0.00  0.00  0.00  0.00  0.00  0.00  0.00  0.00   0   0.00
       42  '-'  1.00  1.00  0.00  0.75  0.75  0.00  0.75  0.00  0.00  0.00  0.00  0.75  0.00  0.00  0.00  0.00  0.00  0.00  0.00  0.00  0.00   0   0.00
       43  '-'  1.00  1.00  0.00  0.75  0.75  0.00  0.00  0.00  0.00  0.00  0.00  0.00  0.00  0.00  0.00  0.00  0.45  0.00  0.00  0.00  0.00   5   0.45
       44  '-'  1.00  1.00  0.00  0.75  0.75  0.00  0.00  0.00  0.00  0.00  0.00  0.00  0.00  0.00  0.00  0.00  0.45  0.00  0.00  0.00  0.00   6   0.45
       45  '-'  1.00  1.00  0.00  0.75  0.75  0.00  0.00  0.00  0.00  0.00  0.00  0.00  0.00  0.00  0.00  0.00 -0.45  0.00  0.00  0.00  0.00   5   0.45
       46  '-'  1.00  1.00  0.00  0.75  0.75  0.00  0.00  0.00  0.00  0.00  0.00  0.00  0.00  0.00  0.00  0.00 -0.45  0.00  0.00  0.00  0.00   6   0.45
       47  '-'  1.00  1.00  0.00  0.75  0.75  0.75  0.00  0.00  0.00  0.00  0.00  0.00  0.00  0.00  0.00  0.00  0.45  0.00  0.00  0.00  0.00   5   0.45
       48  '-'  1.00  1.00  0.00  0.75  0.75  0.75  0.00  0.00  0.00  0.00  0.00  0.00  0.00  0.00  0.00  0.00  0.45  0.00  0.00  0.00  0.00   6   0.45
       49  '-'  1.00  1.00  0.00  0.75  0.75  0.75  0.00  0.00  0.00  0.00  0.00  0.00  0.00  0.00  0.00  0.00 -0.45  0.00  0.00  0.00  0.00   5   0.45
       50  '-'  1.00  1.00  0.00  0.75  0.75  0.75  0.00  0.00  0.00  0.00  0.00  0.00  0.00  0.00  0.00  0.00 -0.45  0.00  0.00  0.00  0.00   6   0.45
       51  '-'  1.00  1.00  0.00  0.75  0.75  0.00  0.75  0.00  0.00  0.00  0.00  0.00  0.00  0.00  0.00  0.00  0.45  0.00  0.00  0.00  0.00   5   0.45
       52  '-'  1.00  1.00  0.00  0.75  0.75  0.00  0.75  0.00  0.00  0.00  0.00  0.00  0.00  0.00  0.00  0.00  0.45  0.00  0.00  0.00  0.00   6   0.45
       53  '-'  1.00  1.00  0.00  0.75  0.75  0.00  0.75  0.00  0.00  0.00  0.00  0.00  0.00  0.00  0.00  0.00 -0.45  0.00  0.00  0.00  0.00   5   0.45
       54  '-'  1.00  1.00  0.00  0.75  0.75  0.00  0.75  0.00  0.00  0.00  0.00  0.00  0.00  0.00  0.00  0.00 -0.45  0.00  0.00  0.00  0.00   6   0.45
       55  '-'  1.00  1.00  0.00  0.75  0.75  0.00  0.00  0.00  0.00  0.00  0.00  0.00  0.00  0.00  0.00  0.00  0.00  0.45  0.00  0.00  0.00   7   0.45
       56  '-'  1.00  1.00  0.00  0.75  0.75  0.00  0.00  0.00  0.00  0.00  0.00  0.00  0.00  0.00  0.00  0.00  0.00  0.45  0.00  0.00  0.00   8   0.45
       57  '-'  1.00  1.00  0.00  0.75  0.75  0.00  0.00  0.00  0.00  0.00  0.00  0.00  0.00  0.00  0.00  0.00  0.00 -0.45  0.00  0.00  0.00   7   0.45
       58  '-'  1.00  1.00  0.00  0.75  0.75  0.00  0.00  0.00  0.00  0.00  0.00  0.00  0.00  0.00  0.00  0.00  0.00 -0.45  0.00  0.00  0.00   8   0.45
       59  '-'  1.00  1.00  0.00  0.75  0.75  0.75  0.00  0.00  0.00  0.00  0.00  0.00  0.00  0.00  0.00  0.00  0.00  0.45  0.00  0.00  0.00   7   0.45
       60  '-'  1.00  1.00  0.00  0.75  0.75  0.75  0.00  0.00  0.00  0.00  0.00  0.00  0.00  0.00  0.00  0.00  0.00  0.45  0.00  0.00  0.00   8   0.45
       61  '-'  1.00  1.00  0.00  0.75  0.75  0.75  0.00  0.00  0.00  0.00  0.00  0.00  0.00  0.00  0.00  0.00  0.00 -0.45  0.00  0.00  0.00   7   0.45
       62  '-'  1.00  1.00  0.00  0.75  0.75  0.75  0.00  0.00  0.00  0.00  0.00  0.00  0.00  0.00  0.00  0.00  0.00 -0.45  0.00  0.00  0.00   8   0.45
       63  '-'  1.00  1.00  0.00  0.75  0.75  0.00  0.75  0.00  0.00  0.00  0.00  0.00  0.00  0.00  0.00  0.00  0.00  0.45  0.00  0.00  0.00   7   0.45
       64  '-'  1.00  1.00  0.00  0.75  0.75  0.00  0.75  0.00  0.00  0.00  0.00  0.00  0.00  0.00  0.00  0.00  0.00  0.45  0.00  0.00  0.00   8   0.45
       65  '-'  1.00  1.00  0.00  0.75  0.75  0.00  0.75  0.00  0.00  0.00  0.00  0.00  0.00  0.00  0.00  0.00  0.00 -0.45  0.00  0.00  0.00   7   0.45
       66  '-'  1.00  1.00  0.00  0.75  0.75  0.00  0.75  0.00  0.00  0.00  0.00  0.00  0.00  0.00  0.00  0.00  0.00 -0.45  0.00  0.00  0.00   8   0.45
       67  '-'  0.60  0.00  0.00  0.00  0.00  0.00  0.00  0.00  1.00  0.00  0.00  0.00  0.00  0.00  0.00  0.00  0.00  0.00  0.00  0.00  0.00   0   0.00
       68  '-'  0.60  0.00  0.00  0.00  0.00  0.00  0.00  0.00  0.00  1.00  0.00  0.00  0.00  0.00  0.00  0.00  0.00  0.00  0.00  0.00  0.00   0   0.00
       69  '-'  0.60  0.00  0.00  0.00  0.00  0.00  0.00  0.00  0.00  0.00  1.00  0.00  0.00  0.00  0.00  0.00  0.00  0.00  0.00  0.00  0.00   0   0.00
       70  '-'  0.60  0.00  0.00  0.00  0.00  0.00  0.00  0.00  0.00  0.00  0.00  1.00  0.00  0.00  0.00  0.00  0.00  0.00  0.00  0.00  0.00   0   0.00
       71  '-'  0.60  0.00  0.00  0.00  0.00  0.00  0.00  0.00  0.00  0.00  0.00  0.00  0.00  0.00  0.00  0.00  1.00  0.00  0.00  0.00  0.00   5   1.00
       72  '-'  0.60  0.00  0.00  0.00  0.00  0.00  0.00  0.00  0.00  0.00  0.00  0.00  0.00  0.00  0.00  0.00  1.00  0.00  0.00  0.00  0.00   6   1.00
       73  '-'  0.60  0.00  0.00  0.00  0.00  0.00  0.00  0.00  0.00  0.00  0.00  0.00  0.00  0.00  0.00  0.00 -1.00  0.00  0.00  0.00  0.00   5   1.00
       74  '-'  0.60  0.00  0.00  0.00  0.00  0.00  0.00  0.00  0.00  0.00  0.00  0.00  0.00  0.00  0.00  0.00 -1.00  0.00  0.00  0.00  0.00   6   1.00
       75  '-'  0.60  0.00  0.00  0.00  0.00  0.00  0.00  0.00  0.00  0.00  0.00  0.00  0.00  0.00  0.00  0.00  0.00  1.00  0.00  0.00  0.00   7   1.00
       76  '-'  0.60  0.00  0.00  0.00  0.00  0.00  0.00  0.00  0.00  0.00  0.00  0.00  0.00  0.00  0.00  0.00  0.00  1.00  0.00  0.00  0.00   8   1.00
       77  '-'  0.60  0.00  0.00  0.00  0.00  0.00  0.00  0.00  0.00  0.00  0.00  0.00  0.00  0.00  0.00  0.00  0.00 -1.00  0.00  0.00  0.00   7   1.00
       78  '-'  0.60  0.00  0.00  0.00  0.00  0.00  0.00  0.00  0.00  0.00  0.00  0.00  0.00  0.00  0.00  0.00  0.00 -1.00  0.00  0.00  0.00   8   1.00
       79  '-'  1.01  1.01  0.00  0.00  0.00  0.00  0.00  0.00  0.00  0.00  0.00  0.00  0.00  0.00  0.00  0.00  0.00  0.00  0.00  0.70  0.00   0   0.00
       80  '-'  1.01  1.01  0.00  0.00  0.00  0.00  0.00  0.00  0.00  0.00  0.00  0.00  0.00  0.00  0.00  0.00  0.00  0.00  0.00 -0.70  0.00   0   0.00
       81  '-'  1.01  1.01  0.75  0.75  0.00  0.00  0.00  0.00  0.00  0.00  0.00  0.00  0.00  0.00  0.00  0.00  0.00  0.00  0.00  0.52  0.00   0   0.00
       82  '-'  1.01  1.01  0.75  0.75  0.00  0.00  0.00  0.00  0.00  0.00  0.00  0.00  0.00  0.00  0.00  0.00  0.00  0.00  0.00 -0.52  0.00   0   0.00
       83  '-'  1.01  1.01  0.00  0.75  0.00  0.00  0.00  0.00  0.00  0.00  0.00  0.00  0.00  0.00  0.00  0.00  0.00  0.00  0.00  0.52  0.00   0   0.00
       84  '-'  1.01  1.01  0.00  0.75  0.00  0.00  0.00  0.00  0.00  0.00  0.00  0.00  0.00  0.00  0.00  0.00  0.00  0.00  0.00 -0.52  0.00   0   0.00
       85  '-'  0.59  0.00  0.00  0.00  0.00  0.00  0.00  0.00  0.00  0.00  0.00  0.00  0.00  0.00  0.00  0.00  0.00  0.00  0.00  0.70  0.00   0   0.00
       86  '-'  0.59  0.00  0.00  0.00  0.00  0.00  0.00  0.00  0.00  0.00  0.00  0.00  0.00  0.00  0.00  0.00  0.00  0.00  0.00 -0.70  0.00   0   0.00
       87  '-'  1.01  1.01  0.00  0.00  0.00  0.00  0.00  0.00  0.00  0.00  0.00  0.00  0.00  0.00  0.00  0.00  0.00  0.00  0.70  0.00  0.00   0   0.00
       88  '-'  1.01  1.01  0.00  0.00  0.00  0.00  0.00  0.00  0.00  0.00  0.00  0.00  0.00  0.00  0.00  0.00  0.00  0.00 -0.70  0.00  0.00   0   0.00
       89  '-'  1.01  1.01  0.75  0.75  0.00  0.00  0.00  0.00  0.00  0.00  0.00  0.00  0.00  0.00  0.00  0.00  0.00  0.00  0.52  0.00  0.00   0   0.00
       90  '-'  1.01  1.01  0.75  0.75  0.00  0.00  0.00  0.00  0.00  0.00  0.00  0.00  0.00  0.00  0.00  0.00  0.00  0.00 -0.52  0.00  0.00   0   0.00
       91  '-'  1.01  1.01  0.00  0.75  0.00  0.00  0.00  0.00  0.00  0.00  0.00  0.00  0.00  0.00  0.00  0.00  0.00  0.00  0.52  0.00  0.00   0   0.00
       92  '-'  1.01  1.01  0.00  0.75  0.00  0.00  0.00  0.00  0.00  0.00  0.00  0.00  0.00  0.00  0.00  0.00  0.00  0.00 -0.52  0.00  0.00   0   0.00
       93  '-'  0.59  0.00  0.00  0.00  0.00  0.00  0.00  0.00  0.00  0.00  0.00  0.00  0.00  0.00  0.00  0.00  0.00  0.00  0.70  0.00  0.00   0   0.00
       94  '-'  0.59  0.00  0.00  0.00  0.00  0.00  0.00  0.00  0.00  0.00  0.00  0.00  0.00  0.00  0.00  0.00  0.00  0.00 -0.70  0.00  0.00   0   0.00
       95  '-'  1.00  1.00  0.00  0.00  0.00  0.00  0.00  0.00  0.00  0.00  0.00  0.00  0.00  0.00  0.00  0.00  0.00  0.00  0.00  0.00  0.00   1   1.00
       96  '-'  1.00  1.00  0.00  0.00  0.00  0.00  0.00  0.00  0.00  0.00  0.00  0.00  0.00  0.00  0.00  0.00  0.00  0.00  0.00  0.00  0.00   2   1.00
       97  '-'  1.00  1.00  0.00  0.00  0.00  0.00  0.00  0.00  0.00  0.00  0.00  0.00  0.00  0.00  0.00  0.00  0.00  0.00  0.00  0.00  0.00   3   1.00
       98  '-'  1.00  1.00  0.00  0.00  0.00  0.00  0.00  0.00  0.00  0.00  0.00  0.00  0.00  0.00  0.00  0.00  0.00  0.00  0.00  0.00  0.00   4   1.00
       99  '-'  1.00  0.00  0.00  0.00  0.00  0.00  0.00  0.00  0.50  0.00  0.00  0.00  0.00  0.00  0.00  0.00  0.00  0.00  0.00  0.00  0.00   1   1.00
      100  '-'  1.00  0.00  0.00  0.00  0.00  0.00  0.00  0.00  0.00  0.00  0.50  0.00  0.00  0.00  0.00  0.00  0.00  0.00  0.00  0.00  0.00   1   1.00
      101  '-'  1.00  0.00  0.00  0.00  0.00  0.00  0.00  0.00  0.00  0.50  0.00  0.00  0.00  0.00  0.00  0.00  0.00  0.00  0.00  0.00  0.00   2   1.00
      102  '-'  1.00  0.00  0.00  0.00  0.00  0.00  0.00  0.00  0.00  0.00  0.00  0.50  0.00  0.00  0.00  0.00  0.00  0.00  0.00  0.00  0.00   2   1.00
      103  '-'  1.00  0.00  0.00  0.00  0.00  0.00  0.00  0.00  0.50  0.00  0.00  0.00  0.00  0.00  0.00  0.00  0.00  0.00  0.00  0.00  0.00   3   1.00
      104  '-'  1.00  0.00  0.00  0.00  0.00  0.00  0.00  0.00  0.00  0.00  0.50  0.00  0.00  0.00  0.00  0.00  0.00  0.00  0.00  0.00  0.00   3   1.00
      105  '-'  1.00  0.00  0.00  0.00  0.00  0.00  0.00  0.00  0.00  0.50  0.00  0.00  0.00  0.00  0.00  0.00  0.00  0.00  0.00  0.00  0.00   4   1.00
      106  '-'  1.00  0.00  0.00  0.00  0.00  0.00  0.00  0.00  0.00  0.00  0.00  0.50  0.00  0.00  0.00  0.00  0.00  0.00  0.00  0.00  0.00   4   1.00
      107  '-'  1.00  0.00  0.00  1.00  0.00  0.00  0.00  0.00  0.00  0.00  0.00  0.00  0.00  0.00  0.00  0.00  0.00  0.00  0.00  0.00  1.00   0   0.00
      108  '-'  1.00  0.00  0.00  1.00  0.00  0.00  0.00  0.00  0.00  0.00  0.00  0.00  0.00  0.00  0.00  0.00  0.00  0.00  0.00  0.00  1.00   0   0.00
      109  '-'  1.00  0.00  0.00  1.00  0.00  0.00  0.00  0.00  0.00  0.00  0.00  0.00  0.00  0.00  0.00  0.00  0.00  0.00  0.00  0.00 -1.00   0   0.00
      110  '-'  1.00  0.00  0.00  1.00  0.00  0.00  0.00  0.00  0.00  0.00  0.00  0.00  0.00  0.00  0.00  0.00  0.00  0.00  0.00  0.00 -1.00   0   0.00
      111  '-'  1.00  1.00  0.75  0.75  0.00  0.00  0.00  0.00  0.00  0.00  0.00  0.00  0.00  0.00  0.00  0.00  0.00  0.00  0.00  0.00  0.75   0   0.00
      112  '-'  1.00  1.00  0.75  0.75  0.00  0.00  0.00  0.00  0.00  0.00  0.00  0.00  0.00  0.00  0.00  0.00  0.00  0.00  0.00  0.00  0.75   0   0.00
      113  '-'  1.00  1.00  0.75  0.75  0.00  0.00  0.00  0.00  0.00  0.00  0.00  0.00  0.00  0.00  0.00  0.00  0.00  0.00  0.00  0.00 -0.75   0   0.00
      114  '-'  1.00  1.00  0.75  0.75  0.00  0.00  0.00  0.00  0.00  0.00  0.00  0.00  0.00  0.00  0.00  0.00  0.00  0.00  0.00  0.00 -0.75   0   0.00
      115  '-'  1.00  1.00  0.00  0.75  0.75  0.00  0.00  0.00  0.00  0.00  0.00  0.00  0.00  0.00  0.00  0.00  0.00  0.00  0.00  0.00  0.75   0   0.00
      116  '-'  1.00  1.00  0.00  0.75  0.75  0.00  0.00  0.00  0.00  0.00  0.00  0.00  0.00  0.00  0.00  0.00  0.00  0.00  0.00  0.00  0.75   0   0.00
      117  '-'  1.00  1.00  0.00  0.75  0.75  0.75  0.00  0.00  0.00  0.00  0.00  0.00  0.00  0.00  0.00  0.00  0.00  0.00  0.00  0.00  0.75   0   0.00
      118  '-'  1.00  1.00  0.00  0.75  0.75  0.75  0.00  0.00  0.00  0.00  0.00  0.00  0.00  0.00  0.00  0.00  0.00  0.00  0.00  0.00  0.75   0   0.00
      119  '-'  1.00  1.00  0.00  0.75  0.75  0.00  0.75  0.00  0.00  0.00  0.00  0.00  0.00  0.00  0.00  0.00  0.00  0.00  0.00  0.00  0.75   0   0.00
      120  '-'  1.00  1.00  0.00  0.75  0.75  0.00  0.75  0.00  0.00  0.00  0.00  0.00  0.00  0.00  0.00  0.00  0.00  0.00  0.00  0.00  0.75   0   0.00
      121  '-'  1.00  1.00  0.00  0.75  0.75  0.00  0.00  0.00  0.00  0.00  0.00  0.00  0.00  0.00  0.00  0.00  0.00  0.00  0.00  0.00 -0.75   0   0.00
      122  '-'  1.00  1.00  0.00  0.75  0.75  0.00  0.00  0.00  0.00  0.00  0.00  0.00  0.00  0.00  0.00  0.00  0.00  0.00  0.00  0.00 -0.75   0   0.00
      123  '-'  1.00  1.00  0.00  0.75  0.75  0.75  0.00  0.00  0.00  0.00  0.00  0.00  0.00  0.00  0.00  0.00  0.00  0.00  0.00  0.00 -0.75   0   0.00
      124  '-'  1.00  1.00  0.00  0.75  0.75  0.75  0.00  0.00  0.00  0.00  0.00  0.00  0.00  0.00  0.00  0.00  0.00  0.00  0.00  0.00 -0.75   0   0.00
      125  '-'  1.00  1.00  0.00  0.75  0.75  0.00  0.75  0.00  0.00  0.00  0.00  0.00  0.00  0.00  0.00  0.00  0.00  0.00  0.00  0.00 -0.75   0   0.00
      126  '-'  1.00  1.00  0.00  0.75  0.75  0.00  0.75  0.00  0.00  0.00  0.00  0.00  0.00  0.00  0.00  0.00  0.00  0.00  0.00  0.00 -0.75   0   0.00
 
 
*(33)DESIGN LOADS:Deflection
*                -----------------------------------------------------Load_Coefficients-----------------------------------------------------
*         Group             ---Live---       --Add_Snow-        --Wind_1--  --Wind_2--  --Wind_3--  --Wind_4--   Long_Wind  --Seismic-         Aux_Load
*No.   Id   Id  Dead  Coll  Roof Floor  Snow Drift Slide  Rain    Lt    Rt    Lt    Rt    Lt    Rt    Lt    Rt     1     2  Long  Tran  Temp  Id  Coeff
 0
 
*(34)DESIGN LOADS:Special
*                                 -----------------------------------------------------Load_Coefficients-----------------------------------------------------
*Load     Group                              ---Live---        -Add_Snow-        --Wind_1--  --Wind_2--   --Wind_3-- --Wind_4--   Long_Wind  --Seismic-         Aux_Load
*No.   Id   Id   Use  Code        Dead Coll  Roof Floor  Snow Drift Slide  Rain    Lt    Rt    Lt    Rt    Lt    Rt    Lt    Rt     1     2  Long  Tran  Temp  Id  Coeff
  16  127  '-'  'EP' '---------'  1.01 1.01  0.00  0.00  0.00  0.00  0.00  0.00  0.00  0.00  0.00  0.00  0.00  0.00  0.00  0.00  0.00  0.00  0.00  2.10  0.00   0   0.00
      128  '-'  'EP' '---------'  1.01 1.01  0.00  0.00  0.00  0.00  0.00  0.00  0.00  0.00  0.00  0.00  0.00  0.00  0.00  0.00  0.00  0.00  0.00 -2.10  0.00   0   0.00
      129  '-'  'EP' '---------'  1.01 1.01  0.75  0.75  0.00  0.00  0.00  0.00  0.00  0.00  0.00  0.00  0.00  0.00  0.00  0.00  0.00  0.00  0.00  1.57  0.00   0   0.00
      130  '-'  'EP' '---------'  1.01 1.01  0.75  0.75  0.00  0.00  0.00  0.00  0.00  0.00  0.00  0.00  0.00  0.00  0.00  0.00  0.00  0.00  0.00 -1.57  0.00   0   0.00
      131  '-'  'EP' '---------'  1.01 1.01  0.00  0.75  0.00  0.00  0.00  0.00  0.00  0.00  0.00  0.00  0.00  0.00  0.00  0.00  0.00  0.00  0.00  1.57  0.00   0   0.00
      132  '-'  'EP' '---------'  1.01 1.01  0.00  0.75  0.00  0.00  0.00  0.00  0.00  0.00  0.00  0.00  0.00  0.00  0.00  0.00  0.00  0.00  0.00 -1.57  0.00   0   0.00
      133  '-'  'EP' '---------'  0.59 0.00  0.00  0.00  0.00  0.00  0.00  0.00  0.00  0.00  0.00  0.00  0.00  0.00  0.00  0.00  0.00  0.00  0.00  2.10  0.00   0   0.00
      134  '-'  'EP' '---------'  0.59 0.00  0.00  0.00  0.00  0.00  0.00  0.00  0.00  0.00  0.00  0.00  0.00  0.00  0.00  0.00  0.00  0.00  0.00 -2.10  0.00   0   0.00
      135  '-'  'BP' '---------'  1.01 1.01  0.00  0.00  0.00  0.00  0.00  0.00  0.00  0.00  0.00  0.00  0.00  0.00  0.00  0.00  0.00  0.00  0.00  2.10  0.00   0   0.00
      136  '-'  'BP' '---------'  1.01 1.01  0.00  0.00  0.00  0.00  0.00  0.00  0.00  0.00  0.00  0.00  0.00  0.00  0.00  0.00  0.00  0.00  0.00 -2.10  0.00   0   0.00
      137  '-'  'BP' '---------'  1.01 1.01  0.75  0.75  0.00  0.00  0.00  0.00  0.00  0.00  0.00  0.00  0.00  0.00  0.00  0.00  0.00  0.00  0.00  1.57  0.00   0   0.00
      138  '-'  'BP' '---------'  1.01 1.01  0.75  0.75  0.00  0.00  0.00  0.00  0.00  0.00  0.00  0.00  0.00  0.00  0.00  0.00  0.00  0.00  0.00 -1.57  0.00   0   0.00
      139  '-'  'BP' '---------'  1.01 1.01  0.00  0.75  0.00  0.00  0.00  0.00  0.00  0.00  0.00  0.00  0.00  0.00  0.00  0.00  0.00  0.00  0.00  1.57  0.00   0   0.00
      140  '-'  'BP' '---------'  1.01 1.01  0.00  0.75  0.00  0.00  0.00  0.00  0.00  0.00  0.00  0.00  0.00  0.00  0.00  0.00  0.00  0.00  0.00 -1.57  0.00   0   0.00
      141  '-'  'BP' '---------'  0.59 0.00  0.00  0.00  0.00  0.00  0.00  0.00  0.00  0.00  0.00  0.00  0.00  0.00  0.00  0.00  0.00  0.00  0.00  2.10  0.00   0   0.00
      142  '-'  'BP' '---------'  0.59 0.00  0.00  0.00  0.00  0.00  0.00  0.00  0.00  0.00  0.00  0.00  0.00  0.00  0.00  0.00  0.00  0.00  0.00 -2.10  0.00   0   0.00
 
 
*(35)AUXILIARY LOAD:
*     Aux                No._Add    Add_Comb
*No.   Id   Name          Loads   Id    Coeff
   8    1  'F3CRANEA1 '      4     1   -79.22
                                   2     6.93
                                   3   -18.13
                                   4     6.93
        2  'F3CRANEA2 '      4     1   -79.22
                                   2    -6.93
                                   3   -18.13
                                   4    -6.93
        3  'F3CRANEA3 '      4     1   -18.13
                                   2     6.93
                                   3   -79.22
                                   4     6.93
        4  'F3CRANEA4 '      4     1   -18.13
                                   2    -6.93
                                   3   -79.22
                                   4    -6.93
        5  'LWIND1_L2E'      1     5     1.00
        6  'LWIND1_R2E'      1     6     1.00
        7  'LWIND2_L2E'      1     7     1.00
        8  'LWIND2_R2E'      1     8     1.00
 
 
*(36)ADDITIONAL LOADS:
*     Add Group Loc  Basic        Load       Fx        Fy      Mom        Dx        Dy  .. Conc
*No.   Id   Id   Id  Load         Type       W1        W2       Co       Dl1       Dl2  .. Dist
  15    1  '-'    1 '------    '  'C '    0.000     1.000    0.000    1200.0    6327.6
        2  '-'    1 '------    '  'C '    1.000     0.000    0.000    1200.0    7000.0
        3  '-'    4 '------    '  'C '    0.000     1.000    0.000   -1200.0   -2772.4
        4  '-'    4 '------    '  'C '    1.000     0.000    0.000   -1200.0   -2100.0
        5  '-'    2 'U_WIND    '  'D '     0.86      0.86    0.000       0.0    2560.0
        6  '-'    3 'U_WIND    '  'D '     0.86      0.86    0.000    3871.9    6431.9
        7  '-'    2 'U_WIND    '  'D '     2.01      2.01    0.000       0.0    2560.0
        8  '-'    3 'U_WIND    '  'D '     2.01      2.01    0.000    3871.9    6431.9
        9  '-'    4 'DEAD      '  'C '    0.000    -0.507   -0.380       0.0   -4000.0
       10  '-'    4 'COLLAT    '  'C '    0.000    -0.253   -0.190       0.0   -4000.0
       11  '-'    4 'LIVE      '  'C '    0.000    -2.874   -2.155       0.0   -4000.0
       12  '-'    4 'WINDL1    '  'C '    0.186     1.865    1.412       0.0   -4000.0
       13  '-'    4 'WINDR1    '  'C '    0.741     7.411    5.612       0.0   -4000.0
       14  '-'    4 'WINDL2    '  'C '    0.186     1.865    1.412       0.0   -4000.0
       15  '-'    4 'WINDR2    '  'C '    0.741     7.411    5.612       0.0   -4000.0
 
 
*(37)STEPPED LOAD COEFFICIENTS:
*    Group Basic    Loc   No.  ----Step_1---   ----Step_2---   ----Step_3---
*No.   Id  Load      Id  Step  Locate   Coef   Locate   Coef   Locate   Coef
  4   '-' 'WINDL1  '  2    2   6400.0  1.000   6431.9  0.638
      '-' 'WINDR1  '  3    2     31.9  0.638   6431.9  1.000
      '-' 'WINDL2  '  2    2   6400.0  1.000   6431.9  0.383
      '-' 'WINDR2  '  3    2     31.9  0.383   6431.9  1.000
 
 
*(38)FLOOR BEAMS:
* Bay                      Con_Type   Con_Loc     --Properties--
*  Id   No.  Id   Height   Lt    Rt   Lt    Rt    Area       Ixx
    1    0
 
*(39)DIAGONAL BRACING:
*Bay
* Id   No.     Id   Level   Opt    Area
   1    0
 
*(40)CRANE BRACKET:
*        Span ----Crane----  ----Beam----    ----Offset----  ------Bracket-----  Col_Sup
*No. Id Lt Rt Type   Height  Depth  Width     Left    Right  Type Opt  Select     Lt  Rt    Load
  1   1  1  1 'TG'   7000.0 520.00 300.00   1200.0   1200.0  'WW' '1' '--------' 'N' 'N'   79.22
 
 
*(41)DESIGN PLATES:
*     ----Plate---   --Plate_Size-   Bolt   Bolt  ----Top---  --Bottom--   Bolt
*No.  Type      Id   Width   Thick    Dia   Gage  Row  Space  Row  Space  Gage2
  2  'BASE    '  1   250.0    0.00  24.00    0.0   1     0.0   1     0.0    0.0
     'BASE    '  2   250.0    0.00  24.00    0.0   1     0.0   1     0.0    0.0
 
 
*(42)ENDWALL COLUMNS:
*Wall   Expand_EW                                    Max_Deflect
* Id   Use  Offset    No.   Locate  Offset  Option   Down     Up
   1  'Y '  390.00     0
   3  'Y '  390.00     0
 
*(43)JACK BEAMS:
*                                                 Spring_Constant
*No.    Id   Offset   Height   Length   Part        Horz    Vert
  0
 
*(44)LINER:
*---Wall_Height---
*    F_SW     B_SW  Roof
      0.0      0.0  'N'
 
*(45)ADDITIONAL COLUMNS:
*No.  Id  Type  Rot  Opt  Part           Elev
  0
 
*(46)DESIGN CODE OPTIONS:
*No.   Event                         Condition
  0
 
*(47)CORNER BRACE:
*      Loc   Member
* No.   Id   Size
   0
 
*COLUMN ADDITIONAL BRACE LOCATION DESCRIPTIONS:
*  Id  Description
*   1  Crane System 1
*   2  Crane System 1
 
*AUXILIARY LOAD DESCRIPTIONS:
* Aux
*  Id  Description
*   1  Crane load
*   2  Crane load
*   3  Crane load
*   4  Crane load
*   5  Longitudinal wind load, case 1
*   6  Longitudinal wind load, case 1
*   7  Longitudinal wind load, case 2
*   8  Longitudinal wind load, case 2
*
*ADDITIONAL LOAD DESCRIPTIONS:
* Add
*  Id  Description
*   1  Crane load vertical on aisle 1 left column
*   2  Crane load horizontal to right on aisle 1 left column
*   3  Crane load vertical on aisle 1 right column
*   4  Crane load horizontal to left on aisle 1 right column
*   5  Longitudinal wind load
*   6  Longitudinal wind load
*   7  Longitudinal wind load
*   8  Longitudinal wind load
*   9  Extension Id 2, Surface Id 4, Dead = 0.100
*  10  Extension Id 2, Surface Id 4, Collateral = 0.050
*  11  Extension Id 2, Surface Id 4, Live = 0.570
*  12  Extension Id 2, Surface Id 4, Wind1 Left = -0.370
*  13  Extension Id 2, Surface Id 4, Wind1 Right = -1.470
*  14  Extension Id 2, Surface Id 4, Wind2 Left = -0.370
*  15  Extension Id 2, Surface Id 4, Wind2 Right = -1.470
*
* Code files used:
*   MBMA.10N
*   RF_MBMA.10N Version 4.0
*
*DS_RFDEP.Siz
*Surface  Span  --Required-   -----------Selected----------
*  Id      Id   Type   Span   Type   Span  #Depth  #Splice
*   1       1    W     9100    No record selected
*   2       1    C     6400    C     7000     1       0
*   3       1    C     6400    C     7000     1       0
*   4       1    W     9100    No record selected
*
* Calculated Seismic Mass, W = 72.27 kN
================================================================================
 C463-002            Frame  3 - Design Code                 18/DEC/2025  2:49pm
================================================================================

 STRUCTURAL CODE:
 ----------------
   Design Basis      : WS  - Working Stress
   Hot  Rolled Steel : AISC05
   Cold Formed Steel : NAUS07  

 BUILDING CODE:
 --------------
   Wind Code         : MBMA 10
   Seismic Zone      : C  

 MODULUS OF ELASTICITY:
 ----------------------
   Hot  Rolled Steel : 199955 (MN/m2)
   Cold Formed Steel : 203403 (MN/m2)
 
================================================================================
 C463-002            Frame  3 - Base Plates and Anchor Bolt 18/DEC/2025  2:49pm
================================================================================

 DESIGN CONSTANTS:
 -----------------
  Base Plate Yield     = 345.0 (MN/m2)
  Concrete Bearing     =   7.0 (MN/m2)                                    
  Bolt Type            = A36  
  Bolt Shear   Stress  =  80.0 (MN/m2)
  Bolt Tension Stress  = 150.0 (MN/m2)
 

 BASE PLATE & BOLT SIZE:
 -----------------------

                                                  Bolt_Row
 --Column_Base--  --Plate_Size(mm)--  Bolt(A36  ) Near_Flg  --Bolt_Space(mm)-
 Id    Typ Depth  Width Length Thick   Dia  Gage  Out   In   End   Out   Flg
 ----- --- -----  ----- ------ -----  ----- ----  ---  ---  ----- ----- -----
 Left   FI   414   250  707.0  16.00  24.00  100    1    1  75.00  0.00 150.0
 Right  FI   414   250  707.0  16.00  24.00  100    1    1  75.00  0.00 150.0
 

         Base_Bending  Web_Tension  ---------------Bolts(kN)--------------
 Col         (MN/m2)      (MN/m2)   Bolt_Tension  -Bolt_Comp-   Bolt_Shear  Max   Req   Req
 Loc   Ld  Calc Limit   Calc Limit   Calc  Limit   Calc Limit   Calc Limit   UC Thick   Dia
 ----- -- ----- -----  ----- -----  -----  -----  ----- -----  ----- ----- ---- ----- -----
 Left  69   129   311    176   207   57.0   67.9    0.0  67.9    4.6  36.2 0.85 12.63 22.00
 Right 70   128   311    179   207   57.9   67.9    0.0  67.9    4.4  36.2 0.86 12.61 22.18

 BASE REACTIONS:
 ---------------

 Column  -Max_Compression(kN,kN-m)-   --Max_Tension(kN,kN-m)---
 Loc      Ld   Axial  Shear  Moment    Ld  Axial  Shear  Moment
 ------  ----  -----  -----  ------   ---- -----  -----  ------
 Left     69   -19.6   36.5   103.6    69  -19.6   36.5   103.6
 Right    70   -27.0   35.4   103.6    70  -27.0   35.4   103.6

 GUSSET PLATES:
 --------------

 Column  Gusset    --Plate_Size(mm)--      -Max_Comp(MN/m2)  Max_Tension(MN/m2)
 Locate  Locate    Width Thick Length  Ld  Calc  Limit   UC   Calc Limit   UC
 ------  --------  ----- ----- ------  --  ----- ----- ----  ----- ----- ----
 Left    Flg_Base  146.5 12.00  196.5  69  174.2 184.7 0.94  103.0 207.0 0.50
 Right   Flg_Base  146.5 12.00  196.5  70  173.2 184.7 0.94  104.6 207.0 0.51

 CONCRETE:
 ---------

          Comp_in
 Column   Bolt_Or       --Bearing(MN/m2)--   Bearing
 Locate   Concrete  Ld   Calc  Limit    UC  Length(mm)
 ------   --------  --  -----  -----  ----  ----------
 Left        C      69    7.0    7.0  1.00    238.2            
                    69    0.0    7.0  0.00      0.0            
 Right       C      70    7.0    7.0  1.00    233.9            
                    70    0.0    7.0  0.00      0.0            
 

 WELDS:
 ------
          Outside_Flange_To_Base  Inside_Flange_To_Base   -----Web_To_Base-----
 Base               Shear(kN/mm)            Shear(kN/mm)            Shear(kN/mm)
 Id       Size  Typ  Calc Limit   Size  Typ  Calc Limit   Size  Typ  Calc Limit
 -----    ----- --- ----- -----   ----- --- ----- -----   ----- --- ----- -----
 Left      6.00  F2 0.588 0.620    6.00  F2 0.588 0.620    4.00  F2 0.046 0.410
 Right     6.00  F2 0.597 0.620    6.00  F2 0.597 0.620    4.00  F2 0.044 0.410


                    ----Gusset_To_Base---   ---Gusset_To_Column--
 Column  Gusset               Shear(kN/mm)            Shear(kN/mm)
 Locate  Locate     Size  Typ  Calc Limit   Size  Typ  Calc Limit
 ------  --------   ----- --- ----- -----   ----- --- ----- -----
 Left    Flg_Base    6.00  F2 0.317 0.620    4.00  F2 0.236 0.410
 Right   Flg_Base    6.00  F2 0.322 0.620    4.00  F2 0.240 0.410
 

 LOAD COMBINATIONS:
 ------------------
    69   0.6Dead+Wind_Left2
    70   0.6Dead+Wind_Right2
 
================================================================================
 C463-002            Frame  3 - Bolted-End-Plates           18/DEC/2025  2:49pm
================================================================================

 DESIGN CONSTANTS:
 -----------------
  Splice Yield         = 345.0 (MN/m2)
  Bolt Type            = Gr8.8 Snug-Tightened
  Bolt Shear   Stress  = 160.0 (MN/m2)
  Bolt Tension Stress  = 299.9 (MN/m2)


 PLATE SIZE:
 -----------
  Splice  Member    Web   Splice(mm)  -----------------Bolts(Gr8.8)-----------------
  Id Typ  Locate  Depth  Width Thick    Dia  Gage Gage2 RowT SpaceT RowB SpaceB RowI
  -- ---  ------  -----  ----- -----  ----- ----- ----- ---- ------ ---- ------ ----
   1 HSS   1- 2   400.0    200 16.00  20.00 100.0 100.0   2  100.0    2  100.0    0
   2 -SS   2- 3   301.5    200 16.00  20.00 100.0 100.0   2  100.0    2  100.0    0
   3 HSS   3- 4   400.0    200 16.00  20.00 100.0 100.0   2  100.0    2  100.0    0

 PLATE DESIGN:
 -------------
             -------Max_Moment------  -------Max_Shear------
  Splice Ten Load Axial Shear Moment  Load Axial Shear Moment    Req   Req  Bolt
  Id Typ Loc  Id   (kN)  (kN) (kN-m)   Id   (kN)  (kN) (kN-m)  Thick   Dia    UC
  -- --- --- ---- ----- ----- ------  ---- ----- ----- ------  ----- ----- -----
   1 HSS Top   2   35.8 -10.5   57.8    2   35.8 -10.5   57.8   8.65 12.24  0.37
         Bot  67  -38.1  12.1  -73.2   72  -37.5  25.4  -57.8   9.71 13.78  0.47
   2 -SS Top  68  -15.2   1.3   25.0  106    7.1   5.0    4.8   6.55  9.95  0.25
         Bot   1   10.4  -0.4  -32.9   95    7.9  -4.6   -6.7   7.51 11.42  0.33
   3 HSS Top   1   36.1  10.6   59.7   23   -1.7 -11.4    0.2   8.79 12.44  0.39
         Bot  68  -38.3 -11.7  -75.0   73  -37.4 -25.4  -57.6   9.83 13.94  0.49

 WELDS:
 ------
          Outside_Flange_To_Bep   Inside_Flange_To_Bep    -----Web_To_Bep------
 Splice             Shear(kN/mm)            Shear(kN/mm)            Shear(kN/mm)
 Id Side   Size Typ  Calc Limit    Size Typ  Calc Limit    Size Typ  Calc Limit
 -- ----  ----- --- ----- -----   ----- --- ----- -----   ----- --- ----- -----
  1   L    4.00  F2 0.340 0.410    6.00  F2 0.501 0.510    4.00  F2 0.032 0.410
* 1   R    5.00  F2 0.408 0.410    4.00* G1 1.034 0.938    4.00  F2 0.032 0.410
  2   L    4.00  F2 0.253 0.410    4.00  F2 0.333 0.410    4.00  F2 0.008 0.410
  2   R    4.00  F2 0.253 0.410    4.00  F2 0.333 0.410    4.00  F2 0.008 0.410
* 3   L    5.00  F2 0.421 0.510    4.00* G1 1.059 0.938    4.00  F2 0.032 0.410
  3   R    4.00  F2 0.351 0.410    6.00  F2 0.513 0.620    4.00  F2 0.032 0.410
 
*WRN(RFE-413) Weld Size < Required

 LOAD COMBINATIONS:
 ------------------
     1   Dead+Collateral+Live
     2   Dead+Collateral+Live
    23   Dead+Collateral+0.75Live+0.75Wind_Long1+0.75Floor_Live+0.75LWIND1_L2E
    67   0.6Dead+Wind_Left1
    68   0.6Dead+Wind_Right1
    72   0.6Dead+Wind_Long1+LWIND1_R2E
    73   0.6Dead-Wind_Long1+LWIND1_L2E
    95   Dead+Collateral+F3CRANEA1
   106   Dead+Wind_Right2/2+F3CRANEA4
 
================================================================================
 C463-002            Frame  3 - Bearing Stiffeners          18/DEC/2025  2:49pm
================================================================================

 Stiffener Yield =  345 (MN/m2)
 Corner Cut      = 15.0 (mm)

 STIFFENER SIZE:
 ---------------
  ----Stiffener---  --Web(mm)--  ----Stiffener_Size(mm)---
  Location  Offset  Depth Thick  Width  Thick  Length  No.
  --------  ------  ----- -----  -----  -----  ------  ---
  Lt Col         0  400.0  4.00   60.0  10.00   400.0   1
  Rt Col     12800  400.0  4.00   60.0  10.00   400.0   1

 STIFFENER DESIGN:
 -----------------
            ----Tension(kN)---  --Compression(kN)-   Max
  Location  Load   Calc  Limit  Load   Calc  Limit    UC
  --------  ----  -----  -----  ----  -----  -----  ----
  Lt Col      67  161.5  186.0     2  129.1  268.7  0.87 
  Rt Col      68  165.2  186.0     1  133.1  268.7  0.89 

 WELDS:
 ------
                     ---Stiff_To_Flg/EP---   -----Stiff_To_Web----
  Stiffener                    Shear(kN/mm)            Shear(kN/mm)
  Location            Size Typ  Calc Limit    Size Typ  Calc Limit
  ----------         ----- --- ----- -----   ----- --- ----- -----
  Lt Col             10.00  F2 0.897 1.020    4.00  F2 0.084 0.410
  Rt Col             10.00  F2 0.918 1.020    4.00  F2 0.086 0.410
 

 LOAD COMBINATIONS:
 ------------------
     1   Dead+Collateral+Live
     2   Dead+Collateral+Live
    67   0.6Dead+Wind_Left1
    68   0.6Dead+Wind_Right1
 
================================================================================
 C463-002            Frame  3 - Flange Braces               18/DEC/2025  2:49pm
================================================================================

 DESIGN CONSTANTS:
 -----------------
  Flange Brace Yield   = 345.0 MN/m2
  Girt/Purlin  Yield   = 345.0 MN/m2
  Flange Brace Bolt    = Gr8.8 (0 Washers)
  Bolt Shear  Stress   = 160.0 MN/m2

  Flange Brace Force
    Inside flange, max of bending compression                        

 LAYOUT:
 -------
  Surf                   Seg   Web  Brace Angle Design -----Bolt_Dia----- --Attachment-
   Id  Loc Side Part      Id Depth Offset   Deg Length Frame Purlin  Clip Frame  Purlin Ref
  ---- --- ---- -------- --- ----- ------ ----- ------ ----- ------ ----- ------ ------ -----
    1    1   2  L40X40X4   1 400.0  330.0  32.7  518.2 12.00  12.00       Clip   Web         
         3   2  L40X40X4   1 400.0  330.0  32.7  518.2 12.00  12.00       Clip   Web         
    2    1   2  L40X40X4   2 386.8  330.0  35.5  481.6 12.00  12.00       Clip   Web         
         3   2  L40X40X4   2 332.0  330.0  39.7  438.1 12.00  12.00       Clip   Web         
    3    2   2  L40X40X4   3 332.0  330.0  39.7  438.1 12.00  12.00       Clip   Web         
         4   2  L40X40X4   3 386.8  330.0  35.5  481.6 12.00  12.00       Clip   Web         
    4    1   2  L40X40X4   4 400.0  330.0  32.7  518.2 12.00  12.00       Clip   Web         
         4   2  L40X40X4   4 400.0  330.0  32.7  518.2 12.00  12.00       Clip   Web         

 DESIGN:
 -------
  Surf        Load(kN-m)  Force  -Brace_UC-  ---Connection_UC---
   Id   Loc    Id Moment   (kN)  Comp  Tens  Frame  Purlin  Clip
  ----  ---  ---- ------  -----  ----  ----  -----  ------  ----
    1     1    99   36.9   1.40  0.07  0.09   0.08    0.10      
          3    96   46.3   1.76  0.09  0.12   0.10    0.12      
    2     1     2   32.6   1.04  0.05  0.07   0.06    0.07      
          3    68   23.8   0.83  0.04  0.06   0.05    0.05      
    3     2    67   23.2   0.81  0.04  0.05   0.04    0.05      
          4     1   34.2   1.09  0.06  0.07   0.06    0.07      
    4     1   105   38.3   1.46  0.08  0.10   0.08    0.10      
          4    97   46.7   1.77  0.09  0.12   0.10    0.12      

 LOAD COMBINATIONS:
 ------------------
     1   Dead+Collateral+Live
     2   Dead+Collateral+Live
    67   0.6Dead+Wind_Left1
    68   0.6Dead+Wind_Right1
    96   Dead+Collateral+F3CRANEA2
    97   Dead+Collateral+F3CRANEA3
    99   Dead+Wind_Left1/2+F3CRANEA1
   105   Dead+Wind_Right1/2+F3CRANEA4
 
================================================================================
 C463-002            Frame  3 - Web To Flange Weld          18/DEC/2025  2:49pm
================================================================================

                                                        ---Web_Flange_Weld---
  Surf  Mem  Seg  Sec  Load  Shear     Ixx           Q           Shear(kN/mm)
   Id    Id   Id   Id    Id   (kN)   (cm4)  Flg  (cm3)   Size Typ  Calc Limit
  ----  ---  ---  ---  ----  -----  ------  ---  -----  ----- --- ----- -----
    1     1    1    1    69   36.3   11276  Out    196   4.00  F1 0.063 0.410
                                            In     227   4.00  F1 0.073 0.410
    2     2    2   20    67   33.3    7259  Out    127   4.00  F1 0.058 0.410
                                            In     127   4.00  F1 0.058 0.410
    3     3    3   45    68   33.6    7259  Out    127   4.00  F1 0.059 0.410
                                            In     127   4.00  F1 0.059 0.410
    4     4    4   64    70   35.2   11276  Out    196   4.00  F1 0.061 0.410
                                            In     227   4.00  F1 0.071 0.410

 LOAD COMBINATIONS:
 ------------------
    67   0.6Dead+Wind_Left1
    68   0.6Dead+Wind_Right1
    69   0.6Dead+Wind_Left2
    70   0.6Dead+Wind_Right2
 
================================================================================
 C463-002            Frame  3 - Special Segments            18/DEC/2025  2:49pm
================================================================================

  FLANGE PLATE:
  ----------------
            --Initial--   ---Final---
            Width Thick   Width Thick
   Locate    (mm)  (mm)    (mm)  (mm)
   ------   ----- -----   ----- -----
   Lt Col     125  5.00     125  5.00
   Rt Col     125  5.00     125  5.00



  WEB PLATE:
  ----------
                                Calc  ---Initial--  ------Final------
           ------Actions-----    Web    Web  Shear    Web  Shear
                Axial  Moment  Shear  Thick  Limit  Thick  Limit
   Locate   Id   (kN)  (kN-m)   (kN)   (mm)   (kN)   (mm)   (kN)   UC  Note
   ------  ---  -----  ------  -----  -----  -----  -----  ----- ----  -------------
   Lt Col   67  -38.1   -73.2  164.1   4.00  184.6   4.00  184.6 0.89  G3-2           
   Rt Col   68  -38.3   -75.0  168.4   4.00  184.6   4.00  184.6 0.91  G3-2           
 

  REQUIRED WEB DESIGN:
  --------------------
               Web  Stiff
   Locate    Depth  Space
   ------    -----  -----
   Lt Col    380.1  380.0
   Rt Col    380.1  380.0

 LOAD COMBINATIONS:
 ------------------
    67   0.6Dead+Wind_Left1
    68   0.6Dead+Wind_Right1
 
================================================================================
 C463-002            Frame  3 - Design Summary              18/DEC/2025  2:49pm
================================================================================

 FRAME:
 ------
   Id        =   3
   Type      =  RF
   Line Id   =   3
   Load Width=   7463
   UC   Limit=   1.00
   KL/R Limit= 200.00

 MEMBERS:
 --------
                                                                -----Max_Axial+Moment----
 Srf Mem Seg --Flange- Web_Depth -Plate_Thickness- --Max_Shear- ----O-Flg--- ----I-Flg---  Max
  Id  Id  Id  Len  Wid Strt  End   Web O-flg I-flg  Id  Ld  Ucv  Id  Ld  Uco  Id  Ld  Uci KL/R
 --- --- --- ---- ---- ---- ---- ----- ----- ----- --- --- ---- --- --- ---- --- --- ---- ----
   1   1   1 8918  150  400  400  5.00  6.00  8.00   1  69 0.21   1 105 0.89   1  69 0.79   99
   2   2   2 6195  125  400  300  4.00  5.00  5.00  20  67 0.37  20  67 0.97  31  68 0.99  145
   3   3   3 6195  125  300  400  4.00  5.00  5.00  45  68 0.38  45  68 1.00  34  67 0.98  145
   4   4   4 8918  150  400  400  5.00  6.00  8.00  64  70 0.20  64  99 0.88  64  70 0.78   99
 

 LOAD COMBINATIONS:
 ------------------
      #  Controlling Load Combination In Design Summary

  Strength & Deflection Combinations:
     1   Dead+Collateral+Live
     2   Dead+Collateral+Live
     3   Dead+Collateral+Floor_Live
     4   Dead+Collateral+Floor_Live
     5   Dead+Collateral+Snow
     6   Dead+Collateral+Snow
     7   Dead+Collateral+Snow+Snow_Drift
     8   Dead+Collateral+Snow+Snow_Drift
     9   Dead+Collateral+Snow+Slide_Snow
    10   Dead+Collateral+Snow+Slide_Snow
    11   Dead
    12   Dead
    13   Dead+Collateral+0.75Snow+0.75Floor_Live
    14   Dead+Collateral+0.75Snow+0.75Floor_Live
    15   Dead+Collateral+0.75Snow+0.75Snow_Drift+0.75Floor_Live
    16   Dead+Collateral+0.75Snow+0.75Snow_Drift+0.75Floor_Live
    17   Dead+Collateral+0.75Snow+0.75Slide_Snow+0.75Floor_Live
    18   Dead+Collateral+0.75Snow+0.75Slide_Snow+0.75Floor_Live
    19   Dead+Collateral+0.75Live+0.75Wind_Left1+0.75Floor_Live
    20   Dead+Collateral+0.75Live+0.75Wind_Right1+0.75Floor_Live
    21   Dead+Collateral+0.75Live+0.75Wind_Left2+0.75Floor_Live
    22   Dead+Collateral+0.75Live+0.75Wind_Right2+0.75Floor_Live
    23   Dead+Collateral+0.75Live+0.75Wind_Long1+0.75Floor_Live+0.75LWIND1_L2E
    24   Dead+Collateral+0.75Live+0.75Wind_Long1+0.75Floor_Live+0.75LWIND1_R2E
    25   Dead+Collateral+0.75Live-0.75Wind_Long1+0.75Floor_Live+0.75LWIND1_L2E
    26   Dead+Collateral+0.75Live-0.75Wind_Long1+0.75Floor_Live+0.75LWIND1_R2E
    27   Dead+Collateral+0.75Live+0.75Wind_Long2+0.75Floor_Live+0.75LWIND2_L2E
    28   Dead+Collateral+0.75Live+0.75Wind_Long2+0.75Floor_Live+0.75LWIND2_R2E
    29   Dead+Collateral+0.75Live-0.75Wind_Long2+0.75Floor_Live+0.75LWIND2_L2E
    30   Dead+Collateral+0.75Live-0.75Wind_Long2+0.75Floor_Live+0.75LWIND2_R2E
    31   Dead+Collateral+0.75Snow+0.75Wind_Left1+0.75Floor_Live
    32   Dead+Collateral+0.75Snow+0.75Wind_Left1+0.75Snow_Drift+0.75Floor_Live
    33   Dead+Collateral+0.75Snow+0.75Wind_Left1+0.75Slide_Snow+0.75Floor_Live
    34   Dead+Collateral+0.75Snow+0.75Wind_Right1+0.75Floor_Live
    35   Dead+Collateral+0.75Snow+0.75Wind_Right1+0.75Snow_Drift+0.75Floor_Live
    36   Dead+Collateral+0.75Snow+0.75Wind_Right1+0.75Slide_Snow+0.75Floor_Live
    37   Dead+Collateral+0.75Snow+0.75Wind_Left2+0.75Floor_Live
    38   Dead+Collateral+0.75Snow+0.75Wind_Left2+0.75Snow_Drift+0.75Floor_Live
    39   Dead+Collateral+0.75Snow+0.75Wind_Left2+0.75Slide_Snow+0.75Floor_Live
    40   Dead+Collateral+0.75Snow+0.75Wind_Right2+0.75Floor_Live
    41   Dead+Collateral+0.75Snow+0.75Wind_Right2+0.75Snow_Drift+0.75Floor_Live
    42   Dead+Collateral+0.75Snow+0.75Wind_Right2+0.75Slide_Snow+0.75Floor_Live
    43   Dead+Collateral+0.75Snow+0.45Wind_Long1+0.75Floor_Live+0.45LWIND1_L2E
    44   Dead+Collateral+0.75Snow+0.45Wind_Long1+0.75Floor_Live+0.45LWIND1_R2E
    45   Dead+Collateral+0.75Snow-0.45Wind_Long1+0.75Floor_Live+0.45LWIND1_L2E
    46   Dead+Collateral+0.75Snow-0.45Wind_Long1+0.75Floor_Live+0.45LWIND1_R2E
    47   Dead+Collateral+0.75Snow+0.45Wind_Long1+0.75Snow_Drift+0.75Floor_Live+0.45LWIND1
    48   Dead+Collateral+0.75Snow+0.45Wind_Long1+0.75Snow_Drift+0.75Floor_Live+0.45LWIND1
    49   Dead+Collateral+0.75Snow-0.45Wind_Long1+0.75Snow_Drift+0.75Floor_Live+0.45LWIND1
    50   Dead+Collateral+0.75Snow-0.45Wind_Long1+0.75Snow_Drift+0.75Floor_Live+0.45LWIND1
    51   Dead+Collateral+0.75Snow+0.45Wind_Long1+0.75Slide_Snow+0.75Floor_Live+0.45LWIND1
    52   Dead+Collateral+0.75Snow+0.45Wind_Long1+0.75Slide_Snow+0.75Floor_Live+0.45LWIND1
    53   Dead+Collateral+0.75Snow-0.45Wind_Long1+0.75Slide_Snow+0.75Floor_Live+0.45LWIND1
    54   Dead+Collateral+0.75Snow-0.45Wind_Long1+0.75Slide_Snow+0.75Floor_Live+0.45LWIND1
    55   Dead+Collateral+0.75Snow+0.45Wind_Long2+0.75Floor_Live+0.45LWIND2_L2E
    56   Dead+Collateral+0.75Snow+0.45Wind_Long2+0.75Floor_Live+0.45LWIND2_R2E
    57   Dead+Collateral+0.75Snow-0.45Wind_Long2+0.75Floor_Live+0.45LWIND2_L2E
    58   Dead+Collateral+0.75Snow-0.45Wind_Long2+0.75Floor_Live+0.45LWIND2_R2E
    59   Dead+Collateral+0.75Snow+0.45Wind_Long2+0.75Snow_Drift+0.75Floor_Live+0.45LWIND2
    60   Dead+Collateral+0.75Snow+0.45Wind_Long2+0.75Snow_Drift+0.75Floor_Live+0.45LWIND2
    61   Dead+Collateral+0.75Snow-0.45Wind_Long2+0.75Snow_Drift+0.75Floor_Live+0.45LWIND2
    62   Dead+Collateral+0.75Snow-0.45Wind_Long2+0.75Snow_Drift+0.75Floor_Live+0.45LWIND2
    63   Dead+Collateral+0.75Snow+0.45Wind_Long2+0.75Slide_Snow+0.75Floor_Live+0.45LWIND2
    64   Dead+Collateral+0.75Snow+0.45Wind_Long2+0.75Slide_Snow+0.75Floor_Live+0.45LWIND2
    65   Dead+Collateral+0.75Snow-0.45Wind_Long2+0.75Slide_Snow+0.75Floor_Live+0.45LWIND2
    66   Dead+Collateral+0.75Snow-0.45Wind_Long2+0.75Slide_Snow+0.75Floor_Live+0.45LWIND2
    67#  0.6Dead+Wind_Left1
    68#  0.6Dead+Wind_Right1
    69#  0.6Dead+Wind_Left2
    70#  0.6Dead+Wind_Right2
    71   0.6Dead+Wind_Long1+LWIND1_L2E
    72   0.6Dead+Wind_Long1+LWIND1_R2E
    73   0.6Dead-Wind_Long1+LWIND1_L2E
    74   0.6Dead-Wind_Long1+LWIND1_R2E
    75   0.6Dead+Wind_Long2+LWIND2_L2E
    76   0.6Dead+Wind_Long2+LWIND2_R2E
    77   0.6Dead-Wind_Long2+LWIND2_L2E
    78   0.6Dead-Wind_Long2+LWIND2_R2E
    79   1.01Dead+1.01Collateral+0.7Seismic_L
    80   1.01Dead+1.01Collateral+0.7Seismic_R
    81   1.01Dead+1.01Collateral+0.75Live+0.52Seismic_L+0.75Floor_Live
    82   1.01Dead+1.01Collateral+0.75Live+0.52Seismic_R+0.75Floor_Live
    83   1.01Dead+1.01Collateral+0.52Seismic_L+0.75Floor_Live
    84   1.01Dead+1.01Collateral+0.52Seismic_R+0.75Floor_Live
    85   0.59Dead+0.7Seismic_L
    86   0.59Dead+0.7Seismic_R
    87   1.01Dead+1.01Collateral+0.7Seismic_Long
    88   1.01Dead+1.01Collateral-0.7Seismic_Long
    89   1.01Dead+1.01Collateral+0.75Live+0.52Seismic_Long+0.75Floor_Live
    90   1.01Dead+1.01Collateral+0.75Live-0.52Seismic_Long+0.75Floor_Live
    91   1.01Dead+1.01Collateral+0.52Seismic_Long+0.75Floor_Live
    92   1.01Dead+1.01Collateral-0.52Seismic_Long+0.75Floor_Live
    93   0.59Dead+0.7Seismic_Long
    94   0.59Dead-0.7Seismic_Long
    95   Dead+Collateral+F3CRANEA1
    96   Dead+Collateral+F3CRANEA2
    97   Dead+Collateral+F3CRANEA3
    98   Dead+Collateral+F3CRANEA4
    99#  Dead+Wind_Left1/2+F3CRANEA1
   100   Dead+Wind_Left2/2+F3CRANEA1
   101   Dead+Wind_Right1/2+F3CRANEA2
   102   Dead+Wind_Right2/2+F3CRANEA2
   103   Dead+Wind_Left1/2+F3CRANEA3
   104   Dead+Wind_Left2/2+F3CRANEA3
   105#  Dead+Wind_Right1/2+F3CRANEA4
   106   Dead+Wind_Right2/2+F3CRANEA4
   107   Dead+20Degree+Floor_Live
   108   Dead+20Degree+Floor_Live
   109   Dead-20Degree+Floor_Live
   110   Dead-20Degree+Floor_Live
   111   Dead+Collateral+0.75Live+15Degree+0.75Floor_Live
   112   Dead+Collateral+0.75Live+15Degree+0.75Floor_Live
   113   Dead+Collateral+0.75Live-15Degree+0.75Floor_Live
   114   Dead+Collateral+0.75Live-15Degree+0.75Floor_Live
   115   Dead+Collateral+0.75Snow+15Degree+0.75Floor_Live
   116   Dead+Collateral+0.75Snow+15Degree+0.75Floor_Live
   117   Dead+Collateral+0.75Snow+15Degree+0.75Snow_Drift+0.75Floor_Live
   118   Dead+Collateral+0.75Snow+15Degree+0.75Snow_Drift+0.75Floor_Live
   119   Dead+Collateral+0.75Snow+15Degree+0.75Slide_Snow+0.75Floor_Live
   120   Dead+Collateral+0.75Snow+15Degree+0.75Slide_Snow+0.75Floor_Live
   121   Dead+Collateral+0.75Snow-15Degree+0.75Floor_Live
   122   Dead+Collateral+0.75Snow-15Degree+0.75Floor_Live
   123   Dead+Collateral+0.75Snow-15Degree+0.75Snow_Drift+0.75Floor_Live
   124   Dead+Collateral+0.75Snow-15Degree+0.75Snow_Drift+0.75Floor_Live
   125   Dead+Collateral+0.75Snow-15Degree+0.75Slide_Snow+0.75Floor_Live
   126   Dead+Collateral+0.75Snow-15Degree+0.75Slide_Snow+0.75Floor_Live
  Special Combinations:
   127   1.01Dead+1.01Collateral+2.1Seismic_L
   128   1.01Dead+1.01Collateral+2.1Seismic_R
   129   1.01Dead+1.01Collateral+0.75Live+1.57Seismic_L+0.75Floor_Live
   130   1.01Dead+1.01Collateral+0.75Live+1.57Seismic_R+0.75Floor_Live
   131   1.01Dead+1.01Collateral+1.57Seismic_L+0.75Floor_Live
   132   1.01Dead+1.01Collateral+1.57Seismic_R+0.75Floor_Live
   133   0.59Dead+2.1Seismic_L
   134   0.59Dead+2.1Seismic_R
   135   1.01Dead+1.01Collateral+2.1Seismic_L
   136   1.01Dead+1.01Collateral+2.1Seismic_R
   137   1.01Dead+1.01Collateral+0.75Live+1.57Seismic_L+0.75Floor_Live
   138   1.01Dead+1.01Collateral+0.75Live+1.57Seismic_R+0.75Floor_Live
   139   1.01Dead+1.01Collateral+1.57Seismic_L+0.75Floor_Live
   140   1.01Dead+1.01Collateral+1.57Seismic_R+0.75Floor_Live
   141   0.59Dead+2.1Seismic_L
   142   0.59Dead+2.1Seismic_R

 PLATE LIMITS:
 -------------
       -----Web----  -----Flange----                  Web_Depth/     Web_Area/
  Seg   Depth/Thick  Width/(2xThick)  ---Flange---  Flange_Width   Flange_Area
   Id   Calc  Limit    Calc  Limit    Thick    Min   Calc  Limit   Calc  Limit
  ---  -----  -----   -----  -----    -----  -----  -----  -----  -----  -----
    1   80.0  180.0    12.5   16.5     6.00           2.7           2.2   10.0
    2  100.0  180.0    12.5   16.5     5.00           3.2           2.6   10.0
    3  100.0  180.0    12.5   16.5     5.00           3.2           2.6   10.0
    4   80.0  180.0    12.5   16.5     6.00           2.7           2.2   10.0

 FRAME AREA:
 ----------
    Frame    Area=    11.6
    Building Area=   120.7
            Ratio=    0.10


 WEIGHTS:
 --------

    Member             1     2     3     4
    ----------     ----- ----- ----- -----
    Weight (kg)      277   129   129   277 

                      Total Weight (kg)
                        Frame         =      813
                        Splice Plate  =       85
                        Base   Plate  =       44
                                        --------
                                             942
 


 REACTIONS - Sidewall Columns:
 -----------------------------

   Load   ----------Left_Column----------   ----------Right_Column---------
     Id   Fx(kN)  Fy(kN)  Fz(kN)  M(kN-m)   Fx(kN)  Fy(kN)  Fz(kN)  M(kN-m)  
   ----   ------ ------- ------- --------   ------ ------- ------- --------
      1    10.38   38.22    0.00   -31.18   -10.38   42.31    0.00    35.29
      2    10.39   38.36    0.00   -32.62   -10.39   42.17    0.00    33.85
      3     2.48   11.14    0.00    -7.42    -2.48   12.00    0.00     8.37
      4     2.48   11.18    0.00    -7.83    -2.48   11.96    0.00     7.96
      5     2.48   11.14    0.00    -7.42    -2.48   12.00    0.00     8.37
      6     2.48   11.18    0.00    -7.83    -2.48   11.96    0.00     7.96
      7     2.48   11.14    0.00    -7.42    -2.48   12.00    0.00     8.37
      8     2.48   11.18    0.00    -7.83    -2.48   11.96    0.00     7.96
      9     2.48   11.14    0.00    -7.42    -2.48   12.00    0.00     8.37
     10     2.48   11.18    0.00    -7.83    -2.48   11.96    0.00     7.96
     11     1.78    8.75    0.00    -5.32    -1.78    9.33    0.00     6.01
     12     1.78    8.78    0.00    -5.64    -1.78    9.30    0.00     5.68
     13     2.48   11.14    0.00    -7.42    -2.48   12.00    0.00     8.37
     14     2.48   11.18    0.00    -7.83    -2.48   11.96    0.00     7.96
     15     2.48   11.14    0.00    -7.42    -2.48   12.00    0.00     8.37
     16     2.48   11.18    0.00    -7.83    -2.48   11.96    0.00     7.96
     17     2.48   11.14    0.00    -7.42    -2.48   12.00    0.00     8.37
     18     2.48   11.18    0.00    -7.83    -2.48   11.96    0.00     7.96
     19   -12.52    0.05    0.00    47.01   -22.23   14.22    0.00    67.87
     20    22.35   12.69    0.00   -67.75    11.70   -2.58    0.00   -45.14
     21   -19.72   12.74    0.00    55.25   -15.02   26.99    0.00    60.49
     22    15.14   25.46    0.00   -60.35    18.91   10.11    0.00   -53.37
     23    18.50   -0.76    0.00   -31.94   -18.34    3.77    0.00    32.76
     24    18.34    0.61    0.00   -30.74   -18.50    2.40    0.00    33.96
     25    18.50   -0.76    0.00   -31.94   -18.34    3.77    0.00    32.76
     26    18.34    0.61    0.00   -30.74   -18.50    2.40    0.00    33.96
     27    12.96   15.62    0.00   -29.84   -12.58   21.97    0.00    29.07
     28    12.58   18.80    0.00   -26.99   -12.96   18.78    0.00    31.92
     29    12.96   15.62    0.00   -29.84   -12.58   21.97    0.00    29.07
     30    12.58   18.80    0.00   -26.99   -12.96   18.78    0.00    31.92
     31   -18.47  -20.23    0.00    64.58   -16.27   -8.53    0.00    47.45
     32   -18.47  -20.23    0.00    64.58   -16.27   -8.53    0.00    47.45
     33   -18.47  -20.23    0.00    64.58   -16.27   -8.53    0.00    47.45
     34    16.39   -7.73    0.00   -48.81    17.66  -25.20    0.00   -64.20
     35    16.39   -7.73    0.00   -48.81    17.66  -25.20    0.00   -64.20
     36    16.39   -7.73    0.00   -48.81    17.66  -25.20    0.00   -64.20
     37   -25.67   -7.54    0.00    72.81    -9.08    4.24    0.00    40.05
     38   -25.67   -7.54    0.00    72.81    -9.08    4.24    0.00    40.05
     39   -25.67   -7.54    0.00    72.81    -9.08    4.24    0.00    40.05
     40     9.19    5.04    0.00   -41.42    24.86  -12.51    0.00   -72.44
     41     9.19    5.04    0.00   -41.42    24.86  -12.51    0.00   -72.44
     42     9.19    5.04    0.00   -41.42    24.86  -12.51    0.00   -72.44
     43     8.52   -8.20    0.00   -11.27    -8.42   -6.56    0.00    11.07
     44     8.42   -7.38    0.00   -10.55    -8.52   -7.38    0.00    11.79
     45     8.52   -8.20    0.00   -11.27    -8.42   -6.56    0.00    11.07
     46     8.42   -7.38    0.00   -10.55    -8.52   -7.38    0.00    11.79
     47     8.52   -8.20    0.00   -11.27    -8.42   -6.56    0.00    11.07
     48     8.42   -7.38    0.00   -10.55    -8.52   -7.38    0.00    11.79
     49     8.52   -8.20    0.00   -11.27    -8.42   -6.56    0.00    11.07
     50     8.42   -7.38    0.00   -10.55    -8.52   -7.38    0.00    11.79
     51     8.52   -8.20    0.00   -11.27    -8.42   -6.56    0.00    11.07
     52     8.42   -7.38    0.00   -10.55    -8.52   -7.38    0.00    11.79
     53     8.52   -8.20    0.00   -11.27    -8.42   -6.56    0.00    11.07
     54     8.42   -7.38    0.00   -10.55    -8.52   -7.38    0.00    11.79
     55     5.20    1.62    0.00   -10.01    -4.97    4.36    0.00     8.85
     56     4.97    3.54    0.00    -8.32    -5.20    2.45    0.00    10.54
     57     5.20    1.62    0.00   -10.01    -4.97    4.36    0.00     8.85
     58     4.97    3.54    0.00    -8.32    -5.20    2.45    0.00    10.54
     59     5.20    1.62    0.00   -10.01    -4.97    4.36    0.00     8.85
     60     4.97    3.54    0.00    -8.32    -5.20    2.45    0.00    10.54
     61     5.20    1.62    0.00   -10.01    -4.97    4.36    0.00     8.85
     62     4.97    3.54    0.00    -8.32    -5.20    2.45    0.00    10.54
     63     5.20    1.62    0.00   -10.01    -4.97    4.36    0.00     8.85
     64     4.97    3.54    0.00    -8.32    -5.20    2.45    0.00    10.54
     65     5.20    1.62    0.00   -10.01    -4.97    4.36    0.00     8.85
     66     4.97    3.54    0.00    -8.32    -5.20    2.45    0.00    10.54
     67   -26.89  -36.54    0.00    92.41   -19.44  -21.82    0.00    55.31
     68    19.59  -19.98    0.00   -57.59    25.81  -43.92    0.00   -92.36
     69   -36.48  -19.64    0.00   103.56    -9.85   -4.78    0.00    45.63
     70    10.00   -2.94    0.00   -47.93    35.40  -27.03    0.00  -103.55
     71    14.48  -37.77    0.00   -11.36   -14.26  -35.61    0.00     9.99
     72    14.26  -35.94    0.00    -9.81   -14.48  -37.43    0.00    11.54
     73    14.48  -37.77    0.00   -11.36   -14.26  -35.61    0.00     9.99
     74    14.26  -35.94    0.00    -9.81   -14.48  -37.43    0.00    11.54
     75     7.12  -15.93    0.00    -8.56    -6.61  -11.34    0.00     5.06
     76     6.61  -11.67    0.00    -4.86    -7.12  -15.60    0.00     8.76
     77     7.12  -15.93    0.00    -8.56    -6.61  -11.34    0.00     5.06
     78     6.61  -11.67    0.00    -4.86    -7.12  -15.60    0.00     8.76
     79     1.73   10.86    0.00    -3.38    -3.27   12.52    0.00    12.57
     80     3.27   11.68    0.00   -12.02    -1.73   11.69    0.00     3.93
     81     7.87   31.31    0.00   -22.65    -9.01   35.11    0.00    31.31
     82     9.01   31.93    0.00   -29.18    -7.87   34.48    0.00    24.78
     83     1.93   10.97    0.00    -4.49    -3.07   12.41    0.00    11.46
     84     3.07   11.58    0.00   -10.91    -1.93   11.80    0.00     5.04
     85     0.28    4.76    0.00     1.07    -1.82    5.91    0.00     7.75
     86     1.82    5.58    0.00    -7.54    -0.28    5.09    0.00    -0.85
     87     2.50   11.27    0.00    -7.70    -2.50   12.10    0.00     8.25
     88     2.50   11.27    0.00    -7.70    -2.50   12.10    0.00     8.25
     89     8.44   31.62    0.00   -25.91    -8.44   34.79    0.00    28.04
     90     8.44   31.62    0.00   -25.91    -8.44   34.79    0.00    28.04
     91     2.50   11.27    0.00    -7.70    -2.50   12.10    0.00     8.25
     92     2.50   11.27    0.00    -7.70    -2.50   12.10    0.00     8.25
     93     1.05    5.17    0.00    -3.24    -1.05    5.50    0.00     3.45
     94     1.05    5.17    0.00    -3.24    -1.05    5.50    0.00     3.45
     95     0.98   85.84    0.00    25.98   -14.84   34.66    0.00    67.72
     96    14.70   90.82    0.00   -45.46    -0.84   29.68    0.00    -3.66
     97     0.84   28.85    0.00     4.20   -14.70   91.64    0.00    46.00
     98    14.84   33.83    0.00   -67.18    -0.98   86.66    0.00   -25.44
     99   -13.80   62.68    0.00    74.51   -23.22   18.15    0.00    89.87
    100   -18.60   71.12    0.00    80.25   -18.42   26.68    0.00    85.20
    101    23.37   75.73    0.00   -69.64    13.19    2.33    0.00   -53.14
    102    18.57   84.24    0.00   -64.70    17.99   10.79    0.00   -58.61
    103   -13.73    5.64    0.00    53.38   -23.29   75.19    0.00    68.72
    104   -18.53   14.10    0.00    58.85   -18.49   83.70    0.00    63.78
    105    23.30   18.68    0.00   -90.79    13.26   59.37    0.00   -74.26
    106    18.50   27.22    0.00   -86.12    18.06   67.81    0.00   -80.00
    107     1.96    8.75    0.00    -6.63    -1.96    9.33    0.00     7.31
    108     1.96    8.78    0.00    -6.95    -1.96    9.30    0.00     6.99
    109     1.59    8.75    0.00    -4.01    -1.59    9.33    0.00     4.70
    110     1.60    8.78    0.00    -4.34    -1.60    9.30    0.00     4.37
    111     8.54   31.45    0.00   -26.23    -8.54   34.73    0.00    29.53
    112     8.55   31.56    0.00   -27.41    -8.55   34.62    0.00    28.35
    113     8.28   31.45    0.00   -24.27    -8.28   34.73    0.00    27.57
    114     8.29   31.56    0.00   -25.44    -8.29   34.62    0.00    26.39
    115     2.61   11.14    0.00    -8.40    -2.61   12.00    0.00     9.36
    116     2.61   11.18    0.00    -8.81    -2.61   11.96    0.00     8.94
    117     2.61   11.14    0.00    -8.40    -2.61   12.00    0.00     9.36
    118     2.61   11.18    0.00    -8.81    -2.61   11.96    0.00     8.94
    119     2.61   11.14    0.00    -8.40    -2.61   12.00    0.00     9.36
    120     2.61   11.18    0.00    -8.81    -2.61   11.96    0.00     8.94
    121     2.34   11.14    0.00    -6.44    -2.34   12.00    0.00     7.39
    122     2.34   11.18    0.00    -6.85    -2.34   11.96    0.00     6.98
    123     2.34   11.14    0.00    -6.44    -2.34   12.00    0.00     7.39
    124     2.34   11.18    0.00    -6.85    -2.34   11.96    0.00     6.98
    125     2.34   11.14    0.00    -6.44    -2.34   12.00    0.00     7.39
    126     2.34   11.18    0.00    -6.85    -2.34   11.96    0.00     6.98


 DEFLECTIONS:
 ------------

          Lateral Defl
  Load    @ Top Of Col   Vert Defl
   Id     Left   Right   On Rafter
  ----    ----   -----  ---------
    1     -2.0     6.3    -39.5
    2     -3.2     5.1    -39.5
    3     -0.5     1.5     -9.4
    4     -0.8     1.1     -9.4
    5     -0.5     1.5     -9.4
    6     -0.8     1.1     -9.4
    7     -0.5     1.5     -9.4
    8     -0.8     1.1     -9.4
    9     -0.5     1.5     -9.4
   10     -0.8     1.1     -9.4
   11     -0.4     1.0     -6.7
   12     -0.6     0.8     -6.7
   13     -0.5     1.5     -9.4
   14     -0.8     1.1     -9.4
   15     -0.5     1.5     -9.4
   16     -0.8     1.1     -9.4
   17     -0.5     1.5     -9.4
   18     -0.8     1.1     -9.4
   19     31.6    33.0     -6.3
   20    -32.7   -31.3     -6.2
   21     31.2    34.2    -15.1
   22    -33.9   -30.9    -14.9
   23     -0.4     1.5     -7.1
   24      0.9     2.8     -7.1
   25     -0.4     1.5     -7.1
   26      0.9     2.8     -7.1
   27     -2.6     2.1    -21.8
   28      0.3     5.1    -21.8
   29     -2.6     2.1    -21.8
   30      0.3     5.1    -21.8
   31     32.6    29.2     16.4
   32     32.6    29.2     16.4
   33     32.6    29.2     16.4
   34    -30.7   -34.0     16.5
   35    -30.7   -34.0     16.5
   36    -30.7   -34.0     16.5
   37     32.1    30.4      7.6
   38     32.1    30.4      7.6
   39     32.1    30.4      7.6
   40    -31.8   -33.6      7.7
   41    -31.8   -33.6      7.7
   42    -31.8   -33.6      7.7
   43      0.4    -0.5      5.5
   44      1.1     0.2      5.5
   45      0.4    -0.5      5.5
   46      1.1     0.2      5.5
   47      0.4    -0.5      5.5
   48      1.1     0.2      5.5
   49      0.4    -0.5      5.5
   50      1.1     0.2      5.5
   51      0.4    -0.5      5.5
   52      1.1     0.2      5.5
   53      0.4    -0.5      5.5
   54      1.1     0.2      5.5
   55     -0.9    -0.2     -3.3
   56      0.8     1.6     -3.3
   57     -0.9    -0.2     -3.3
   58      0.8     1.6     -3.3
   59     -0.9    -0.2     -3.3
   60      0.8     1.6     -3.3
   61     -0.9    -0.2     -3.3
   62      0.8     1.6     -3.3
   63     -0.9    -0.2     -3.3
   64      0.8     1.6     -3.3
   65     -0.9    -0.2     -3.3
   66      0.8     1.6     -3.3
   67     43.5    37.3     30.3
   68    -39.8   -46.1     30.4
   69     43.0    39.0     18.5
   70    -41.5   -45.6     18.7
   71      2.1    -3.5     29.1
   72      3.7    -1.9     29.1
   73      2.1    -3.5     29.1
   74      3.7    -1.9     29.1
   75     -0.9    -2.7      9.5
   76      2.9     1.1      9.5
   77     -0.9    -2.7      9.5
   78      2.9     1.1      9.5
   79      2.8     4.8     -9.5
   80     -4.2    -2.2     -9.5
   81      0.5     7.3    -32.1
   82     -4.8     2.0    -32.1
   83      1.9     3.9     -9.5
   84     -3.3    -1.3     -9.5
   85      3.2     4.0     -4.0
   86     -3.8    -2.9     -4.0
   87     -0.7     1.3     -9.5
   88     -0.7     1.3     -9.5
   89     -2.1     4.6    -32.1
   90     -2.1     4.6    -32.1
   91     -0.7     1.3     -9.5
   92     -0.7     1.3     -9.5
   93     -0.3     0.5     -4.0
   94     -0.3     0.5     -4.0
   95     40.2    42.1    -11.3
   96    -10.5    -8.7     -9.7
   97      9.3    11.2     -9.7
   98    -41.4   -39.6    -11.3
   99     61.2    58.9     12.2
  100     61.1    59.9      9.2
  101    -29.5   -31.8     10.2
  102    -30.2   -31.4      4.4
  103     30.8    28.5     10.1
  104     30.4    29.3      4.3
  105    -59.9   -62.2     12.4
  106    -60.9   -62.1      9.4
  107     -1.7     2.4     -3.8
  108     -1.9     2.1     -3.8
  109      1.0    -0.3     -9.6
  110      0.7    -0.5     -9.6
  111     -2.6     6.1    -29.8
  112     -3.6     5.1    -29.8
  113     -0.6     4.1    -34.2
  114     -1.6     3.1    -34.2
  115     -1.5     2.5     -7.2
  116     -1.8     2.1     -7.2
  117     -1.5     2.5     -7.2
  118     -1.8     2.1     -7.2
  119     -1.5     2.5     -7.2
  120     -1.8     2.1     -7.2
  121      0.5     0.5    -11.6
  122      0.2     0.2    -11.6
  123      0.5     0.5    -11.6
  124      0.2     0.2    -11.6
  125      0.5     0.5    -11.6
  126      0.2     0.2    -11.6


 DEFLECTIONS RATIO:
 ------------------

          Lateral Defl
  Load    @ Top Of Col   Vert Defl
   Id     Left   Right   On Rafter
  ----    ----   -----  ---------
    1     4438    1417     323 
    2     2816    1737     323 
    3    17937    6065    1364 
    4    10746    7840    1364 
    5    17937    6065    1364 
    6    10746    7840    1364 
    7    17937    6065    1364 
    8    10746    7840    1364 
    9    17937    6065    1364 
   10    10746    7840    1364 
   11    24686    8509    1903 
   12    14355   11319    1903 
   13    17937    6065    1364 
   14    10746    7840    1364 
   15    17937    6065    1364 
   16    10746    7840    1364 
   17    17937    6065    1364 
   18    10746    7840    1364 
   19      282     269    2035 
   20      272     284    2064 
   21      286     260     850 
   22      263     289     857 
   23    24140    5840    1797 
   24    10337    3232    1797 
   25    24140    5840    1797 
   26    10337    3232    1797 
   27     3413    4162     587 
   28    29233    1762     587 
   29     3413    4162     587 
   30    29232    1762     587 
   31      273     305     782 
   32      273     305     782 
   33      273     305     782 
   34      290     261     776 
   35      290     261     776 
   36      290     261     776 
   37      277     293    1694 
   38      277     293    1694 
   39      277     293    1694 
   40      280     265    1668 
   41      280     265    1668 
   42      280     265    1668 
   43    22420   16941    2311 
   44     7869   42655    2311 
   45    22419   16941    2311 
   46     7869   42651    2311 
   47    22419   16942    2311 
   48     7869   42649    2311 
   49    22418   16942    2311 
   50     7869   42646    2311 
   51    22417   16943    2311 
   52     7869   42643    2311 
   53    22416   16943    2311 
   54     7869   42640    2311 
   55     9401   56479    3916 
   56    11378    5664    3915 
   57     9401   56479    3916 
   58    11378    5664    3915 
   59     9401   56479    3916 
   60    11378    5664    3915 
   61     9401   56480    3916 
   62    11378    5664    3915 
   63     9401   56481    3916 
   64    11378    5663    3915 
   65     9401   56482    3916 
   66    11378    5663    3915 
   67      204     238     422 
   68      223     193     420 
   69      207     228     690 
   70      214     195     684 
   71     4272    2554     439 
   72     2418    4714     439 
   73     4272    2554     439 
   74     2418    4714     439 
   75     9871    3337    1340 
   76     3073    7869    1340 
   77     9871    3337    1340 
   78     3073    7869    1340 
   79     3168    1857    1350 
   80     2146    4113    1350 
   81    17270    1229     398 
   82     1877    4492     398 
   83     4648    2283    1350 
   84     2736    7011    1350 
   85     2804    2222    3225 
   86     2371    3044    3226 
   87    13308    6772    1350 
   88    13308    6772    1350 
   89     4209    1931     398 
   90     4209    1931     398 
   91    13308    6772    1350 
   92    13308    6772    1350 
   93    30743   16475    3226 
   94    30743   16475    3226 
   95      221     211    1127 
   96      845    1024    1320 
   97      954     797    1319 
   98      215     225    1136 
   99      145     151    1051 
  100      146     148    1396 
  101      302     280    1252 
  102      294     283    2939 
  103      289     312    1262 
  104      293     304    2994 
  105      148     143    1036 
  106      146     143    1368 
  107     5318    3772    3340 
  108     4604    4239    3340 
  109     9345   33296    1330 
  110    12845   16891    1330 
  111     3399    1469     429 
  112     2495    1743     429 
  113    13727    2178     374 
  114     5570    2838     374 
  115     6010    3629    1774 
  116     4909    4198    1774 
  117     6010    3629    1774 
  118     4909    4198    1774 
  119     6010    3629    1774 
  120     4909    4198    1774 
  121    18220   18448    1108 
  122    56879   59249    1108 
  123    18220   18448    1108 
  124    56879   59249    1108 
  125    18220   18448    1108 
  126    56879   59249    1108 

 MAX DEFLECTION:
 ---------------
                      Load  Deflect  Span/Deflect
    Type                Id     (mm)   Calc  Limit
    ----------------  ----  -------  -----  -----
    Live  Vertical            -30.1   425.   150.
    Total Vertical       1    -39.5   324.   150.
    Horizontal Drift   105    -62.2   143.   100.
    Horizontal Total   105    -62.2   143.   100.

    Horizontal Spring Constant= 0.445 kN/mm

 CRANE/FLOOR DEFLECTION:
 -----------------------
                         Height  Load  Deflect    Span/
    Id       Locate        (mm)    Id     (mm)  Deflect   Limit
    -------  ----------  ------  ----  -------  -------  ------
    Crane1   Left  Col     7000    99     49.8     140.    100.
    Crane1   Right Col     7000   105    -50.6     138.    100.


 P-DELTA - Effective Length:
 -----------------------------
  CONVERGENCE CHECK:
                Max
            Deflect
    Column    Ratio
    ------  -------
    Left     0.0387   
    Right    0.0499   

  MAXIMUM DRIFT CHECK:
           Max_Drift(mm)  Second/
    Load  First   Second   First
     Id    Order   Order   Ratio
    ----  ------  ------  -------
    121      0.3     0.5    1.53
 
================================================================================
 C463-002            Frame  3 - Crane Brackets              18/DEC/2025  2:49pm
================================================================================

 CRANE LAYOUT:
 -------------
   Crane        Span  -Offset(mm)-
     Id   Type   Id    Left  Right
   -----  ----  ----  -----  -----
      1    TG     1    1200   1200

 BRACKET DESIGN:
 --------------
   Crane                   Factored_Shear(kN)  Factored_Moment(kN-m)
     Id   Side   Part       Calc  Limit    UC    Calc  Limit    UC
   -----  -----  --------  -----  -----  ----   -----  -----  ----
      1   Left   W35b228   79.22 191.96  0.41   44.03 120.40  0.37
      1   Right  W35b228   79.22 191.96  0.41   44.03 120.40  0.37
 

 STIFFENER DESIGN:
 -----------------
   Crane                     -Stiffener_Size(mm)-  -----Force(kN)----
     Id   Side   Locate      Width  Thick  Length   Calc  Limit    UC
   -----  -----  ----------  -----  -----  ------  -----  -----  ----
      1   Left   Top Flange   70.0   6.00   400.0 -120.3 136.40  0.88
      1   Left   Bot Flange   70.0   6.00   400.0 120.34 265.56  0.45
      1   Left   Crane Beam  140.0   6.00   400.0   0.00 309.99  0.00
      1   Left   Diagonal    (a)     
      1   Left   Bracket     (a)     
      1   Right  Top Flange   70.0   6.00   400.0 -120.3 136.40  0.88
      1   Right  Bot Flange   70.0   6.00   400.0 120.35 265.56  0.45
      1   Right  Crane Beam  140.0   6.00   400.0   0.00 309.99  0.00
      1   Right  Diagonal    (a)     
      1   Right  Bracket     (a)     

                             (a)Not Required
================================================================================
 C463-002            Frame  3 - Rigid Frame Clearances      18/DEC/2025  2:49pm
================================================================================

 VERTICAL CLEARANCE:
 -------------------
   Location                          Span    X_Coord    Y_Coord
   ------------------------       -------   --------   --------
   Left                              8551        641       8551 
   Right                             8551      12159       8551 
   Midspan                           9227       6400       9227 

 HORIZONTAL CLEARANCE:
 ---------------------
   Location                          Span   X_CoordL   X_CoordR
   ------------------------       -------   --------   --------
   Left  - Right                    11512        644      12156 



 CRANE VERTICAL CLEARANCE:
 -------------------------
   Crane  Location          Clear    X_Coord   Y_Coord
   -----  ----------    ---------   --------  --------
      1   Right              1551      12159      8551 

 CRANE HORIZONTAL CLEARANCE:
 ----------------------------
   Crane  Location          Clear    X_Coord   Y_Coord
   -----  ----------    ---------   --------  --------
      1   Left                414        636      7000 
      1   Right               414      12164      7000 
================================================================================
 C463-002            Frame  3 - Weight Summary              18/DEC/2025  2:49pm
================================================================================

                      Total Weight (kg)
                        Frame         =      813
                        Splice Plate  =       85
                        Base   Plate  =       44
                                        --------
                                             942
 
================================================================================
 C463-002            Frame  3 - Warning Summary             18/DEC/2025  2:49pm
================================================================================

  FRAME RAFTER
    End Plate
      WRN(RFE-413): Weld Size < Required
