 
 
 
 
                               INFINITI SOLUTIONS
 
                                      PUNE
 
 
 
 
                                SHIPPING LIST
                                      FOR
 
 
 
 
 
 
 
                               Proposed Warehouse
                                   Warehouse
                                      Vapi
                                    C463-002
 
 
 
 
                                 BUILDING LAYOUT
                        Width              (mm)=  12800
                        Length             (mm)=  30500
                        Eave Height        (mm)=   9100/  9100
                        Roof Slope   (rise/100)= 10.00/10.00
 
                                 BUILDING LOADS
                        Roof Dead Load  (kN/m2)=  0.10
                        Wall Dead Load
                          Left  Endwall (kN/m2)=  0.10
                          Right Endwall (kN/m2)=  0.10
                          Front Sidewall(kN/m2)=  0.10
                          Back  Sidewall(kN/m2)=  0.10
                        Live Load       (kN/m2)=  0.57
                        Collateral Load (kN/m2)=  0.05
                        Wind Speed       (m/s )=  44.0
                        Wind Code              = MBMA10
                        Exposure               = C
                        Closure                = Enclosed
                        Internal Wind Coeff    = -0.18, +0.18
                        Risk Category          = -
                        Importance - Wind      =  1.00
                        Importance - Seismic   =  1.00
                        Seismic Design Category= C
                        Seismic Coeff (Sms)    =  0.16
                        Temperature Change     =   20
                        -------------------------------
                        Designer : VVJ
                        Detailer :
 
 
 
 
                                     18/DEC/2025

===============================================================================
 
  INFINITI SOLUTIONS                                                  18/DEC/2025
 
  PUNE
 
                              12800 x 30500 x 9100
 
  C463-002
 
===============================================================================
 
                 1. RIGID & ENDWALL FRAME MEMBERS
 
Quan  Mark   Description   Size       Color                 Length       Weight
===============================================================================
   1   CL1-1    RF Column               RO                     8550         393.2
   1   RF1-2    RF Rafter               RO                     6200         171.9
   1   RF1-3    RF Rafter               RO                     6200         174.4
   1   CL1-4    RF Column               RO                     8550         393.2
   1   CL2-1    RF Column               RO                     8549         398.7
   2   RF2-2    RF Rafter               RO                     6201         369.2
   1   CL2-3    RF Column               RO                     8549         398.7
   1   CL3-1    RF Column               RO                     8550         390.3
   2   RF3-2    RF Rafter               RO                     6200         344.2
   1   CL3-3    RF Column               RO                     8550         410.1
   1   CL4-1    RF Column               RO                     8550         393.2
   1   RF4-2    RF Rafter               RO                     6200         171.4
   1   RF4-3    RF Rafter               RO                     6200         171.4
   1   CL4-4    RF Column               RO                     8550         412.9
   1   CL5-1    RF Column               RO                     8550         393.2
   1   RF5-2    RF Rafter               RO                     6200         171.4
   1   RF5-3    RF Rafter               RO                     6200         174.0
   1   CL5-4    RF Column               RO                     8550         393.2
   1  EB-1      Ext Beam                RO                     1921          54.6
   1  EB-2      Ext Beam    W35a208     RO                     8140         316.3
   2  EB-3      Ext Beam                RO                     1529          90.4
   2  EB-4      Ext Beam                RO                     1529          90.4
   1  EB-5      Ext Beam                RO                     1921          54.6
   1  EB-6      Ext Beam    W35a208     RO                     6645         261.9
   1  RB-1      Runway Beam W50b3010    RO                     8300         569.2
   1  RB-2      Runway Beam W50b3010    RO                     8300         569.2
   2  RB-3      Runway Beam W50b3010    RO                     8200        1125.2
   2  RB-4      Runway Beam W50b2510    RO                     6705         816.4
   1  RB-5      Runway Beam W50b2510    RO                     6805         414.1
   1  RB-6      Runway Beam W50b2510    RO                     6805         414.1
   1  EC-1      EW Column   W30a158     RO                     8976         290.1
   1  EC-2      EW Column   W30a158     RO                     8976         291.1
-------------------------------------------------------------------------------
                                                       Total =          11082.2
 
    Colors:   RO  - Red Oxide
 
 

================================================================================
 
  INFINITI SOLUTIONS                                                  18/DEC/2025
 
  PUNE
 
                              12800 x 30500 x 9100
 
  C463-002
 
================================================================================
 
                 2. DOOR HEADERS / JAMBS
 
Quan  Mark   Description   Size      Color     Punch      Length         Weight
================================================================================
   2  DJ-1     Door Jamb    ISMC200    RO                      7190          323.4
   4  DJ-2     Door Jamb    200C20     RO                      4180           90.6
   1  DH-1     Door Header  ISMC200    RO        ??-??         5980          133.4
   2  DH-2     Door Header  200C20     RO        ??-??         3980           43.1
--------------------------------------------------------------------------------
                                                       Total =             590.5
 
    Colors:   RO  - Red Oxide
 
    NOTE: ?? = non-standard punch
 

====================================================================================
 
  INFINITI SOLUTIONS                                                  18/DEC/2025
 
  PUNE
 
                              12800 x 30500 x 9100
 
  C463-002
 
====================================================================================
 
                 3. PURLINS, EAVE STRUTS, WALL GIRTS,
 
Quan  Mark   Description   Size     Color   Punch     Pitch     Length        Weight
====================================================================================
   2  ST-2     Wall Strut   T92x36                                   6607        135.4
   2  ST-1     Wall Strut   T125x32                                  8103        201.0
   1   E-9     Eave Strut   250Z18    RO       ??-??                 7885         50.1
                             Web :      150       250      7305      7405
                             Slot:     1971      3942      5914
   1   E-11    Eave Strut   250Z18    RO       ??-??                 7885         50.1
                             Web :      480       580      7635      7735
                             Slot:     1971      3942      5914
   1   P-9     Roof Purlin  250Z18    RO       ??-??                 7880         50.0
                             Web :      150       250       530       860
                                 :     1160      6395      6695      7025
                                 :     7305      7405      7685
                             Slot:     1970      3940      5910
   1   P-11    Roof Purlin  250Z18    RO       ??-??                 7880         50.0
                             Web :      195       475       575       855
                                 :     1185      1485      6720      7020
                                 :     7350      7630      7730
                             Slot:     1970      3940      5910
   1   P-10    Roof Purlin  250Z15    RO       ??-??                 7115         37.7
                             Web :      150       250       530       860
                                 :     1160      5955      6255      6585
                                 :     6865      6965
                             Slot:     2371      4743
   1   E-10    Eave Strut   250Z15    RO       ??-??                 7115         37.7
                             Web :      150       250      6865      6965
                             Slot:     2371      4743
   4   P-1     Roof Purlin  200Z25    RO       ??-??                 9535        258.2
                             Web :      335       435       715      1045
                                 :     1345      7570      7870      8200
                                 :     8480      8580      8860      9190
                                 :     9490
                             Slot:     2384      4767      7151
   4   P-5     Roof Purlin  200Z25    RO       ??-??                 9535        258.2
                             Web :       45       345       675       955
                                 :     1055      1335      1665      1965
                                 :     8190      8490      8820      9100
                                 :     9200
                             Slot:     2384      4767      7151
   1   E-1     Eave Strut   200Z25    RO       ??-??                 9535         64.6
                             Web :      335       435      7570      8480
                                 :     8580      9490
                             Slot:     2129      2384      4262      4767
                                 :     6396      7151
   1   E-5     Eave Strut   200Z25    RO       ??-??                 9535         64.6
                             Web :       45       955      1055      1965
                                 :     9100      9200
                             Slot:     2384      3139      4767      5272
                                 :     7151      7406
   2   G-15    SW Girt      200Z25    RO       ??-??                 9235        125.0
                             Web :       45       145       335       435
                                 :      715      1045      1345      7570
                                 :     7870      8200      8480      8580
                                 :     8860      9190
                             Slot:     2129      4262      6396
   2   G-31    SW Girt      200Z25    RO       ??-??                 9235        125.0
                             Web :       45       375       655       755
                                 :     1035      1365      1665      7890
                                 :     8190      8520      8800      8900
                                 :     9090      9190
                             Slot:     2839      4972      7106
   3   G-19    SW Girt      200Z20    RO       ??-??                 9620        156.4
                             Web :       45       375       655       755
                                 :     1035      1365      1665      7955
                                 :     8255      8585      8865      8965
                                 :     9245      9575
                             Slot:     2757      4810      6862
   1   G-16    SW Girt      200Z20    RO       ??-??                 9235         50.1
                             Web :       45       145       335       435
                                 :      715      1045      1345      7570
                                 :     7870      8200      8480      8580
                                 :     8860      9190
                             Slot:     2129      4262      6396
   1   G-32    SW Girt      200Z20    RO       ??-??                 9235         50.1
                             Web :       45       375       655       755
                                 :     1035      1365      1665      7890
                                 :     8190      8520      8800      8900
                                 :     9090      9190
                             Slot:     2839      4972      7106
   3   G-18    SW Girt      200Z18    RO       ??-??                 9620        140.5
                             Web :       45       375       655       755
                                 :     1035      1365      1665      7955
                                 :     8255      8585      8865      8965
                                 :     9245      9575
                             Slot:     2757      4810      6862
   4   P-2     Roof Purlin  200Z18    RO       ??-??                 9590        186.8
                             Web :       45       345       675       955
                                 :     1055      1335      1665      1965
                                 :     8255      8555      8885      9165
                                 :     9265      9545
                             Slot:     2397      4795      7192
   4   P-6     Roof Purlin  200Z18    RO       ??-??                 9590        186.8
                             Web :       45       325       425       705
                                 :     1035      1335      7625      7925
                                 :     8255      8535      8635      8915
                                 :     9245      9545
                             Slot:     2397      4795      7192
   1   E-2     Eave Strut   200Z18    RO       ??-??                 9590         46.7
                             Web :       45       955      1055      1965
                                 :     8885      9165      9265      9545
                             Slot:     2397      3057      4795      5110
                                 :     7162      7192
   1   E-6     Eave Strut   200Z18    RO       ??-??                 9590         46.7
                             Web :       45       325       425       705
                                 :     7625      8535      8635      9545
                             Slot:     2397      2427      4480      4795
                                 :     6532      7192
   2   G-2     EW Girt      200Z18    RO       ??-??                 8180         79.7
                             Web :       45       145       593      6515
                                 :     6673      6815      7145      7425
                                 :     7525      7805      8135
                             Slot:     1711      3632      5554
   1   G-3     EW Girt      200Z18    RO       ??-??                 8180         39.8
                             Web :       45       145      6515      6815
                                 :     7145      7425      7525      7805
                                 :     8135
                             Slot:     1711      3632      5554
   2   G-9     EW Girt      200Z18    RO       ??-??                 8180         79.7
                             Web :       45       375       655       755
                                 :     1035      1365      1665      2508
                                 :     6588      8035      8135
                             Slot:     2626      4547      6469
   2   G-12    EW Girt      200Z18    RO       ??-??                 8180         79.7
                             Web :       45       375       655       755
                                 :     1035      1365      1665      8035
                                 :     8135
                             Slot:     2626      4547      6469
   1   G-21    SW Girt      200Z18    RO       ??-??                 8125         39.6
                             Web :       45       375       655       755
                                 :     1035      1365      1665      2023
                                 :     6103      6460      6760      7090
                                 :     7370      7470      7750      8080
                             Slot:     2943      5181
   5   G-23    SW Girt      200Z18    RO       ??-??                 8125        197.8
                             Web :       45       375       655       755
                                 :     1035      1365      1665      6460
                                 :     6760      7090      7370      7470
                                 :     7750      8080
                             Slot:     2943      5181
   4   P-3     Roof Purlin  200Z18    RO       ??-??                 8095        157.7
                             Web :       45       325       425       705
                                 :     1035      1335      6130      6430
                                 :     6760      7040      7140      7420
                                 :     7750      8050
                             Slot:     2698      5396
   4   P-7     Roof Purlin  200Z18    RO       ??-??                 8095        157.7
                             Web :       45       345       675       955
                                 :     1055      1335      1665      1965
                                 :     6760      7060      7390      7670
                                 :     7770      8050
                             Slot:     2698      5396
   1   E-3     Eave Strut   200Z18    RO       ??-??                 8095         39.4
                             Web :       45       325       425       705
                                 :     6130      7040      7140      8050
                             Slot:     2613      2698      4851      5396
   1   E-7     Eave Strut   200Z18    RO       ??-??                 8095         39.4
                             Web :       45       955      1055      1965
                                 :     7390      7670      7770      8050
                             Slot:     2698      3243      5396      5481
   4   P-4     Roof Purlin  200Z18    RO       ??-??                 8040        156.6
                             Web :       45       345       675       955
                                 :     1055      1335      1665      1965
                                 :     6695      6995      7325      7605
                                 :     7705
                             Slot:     2010      4020      6030
   4   P-8     Roof Purlin  200Z18    RO       ??-??                 8040        156.6
                             Web :      335       435       715      1045
                                 :     1345      6075      6375      6705
                                 :     6985      7085      7365      7695
                                 :     7995
                             Slot:     2010      4020      6030
   1   E-4     Eave Strut   200Z18    RO       ??-??                 8040         39.2
                             Web :       45       955      1055      1965
                                 :     7605      7705
                             Slot:     2010      2765      4020      4525
                                 :     6030      6285
   1   E-8     Eave Strut   200Z18    RO       ??-??                 8040         39.2
                             Web :      335       435      6075      6985
                                 :     7085      7995
                             Slot:     1755      2010      3515      4020
                                 :     5275      6030
   1   G-10    EW Girt      200Z18    RO       ??-??                 7775         37.9
                             Web :       45       145       425       755
                                 :     1055      7300      7400
                             Slot:     2016      3937      5859
   3   G-26    SW Girt      200Z18    RO       ??-??                 7740        113.1
                             Web :       45       375       655       755
                                 :     1035      1365      1665      6395
                                 :     6695      7025      7305      7405
                                 :     7595      7695
                             Slot:     2465      4225      5985
   3   G-29    SW Girt      200Z18    RO       ??-??                 7740        113.1
                             Web :       45       145       335       435
                                 :      715      1045      1345      6075
                                 :     6375      6705      6985      7085
                                 :     7365      7695
                             Slot:     1755      3515      5275
   3   G-5     EW Girt      200Z18    RO       ??-??                 5610         82.0
                             Web :       45       375       655       755
                                 :     1035      1365      1665      5465
                                 :     5565
                             Slot:     2410      4115
   4   G-7     EW Girt      200Z18    RO       ??-??                 5610        109.3
                             Web :       45       145      3945      4245
                                 :     4575      4855      4955      5235
                                 :     5565
                             Slot:     1495      3200
   1   G-17    SW Girt      200Z15    RO       ??-??                10181         41.3
                             Web :       45       375       655       755
                                 :     1035      1365      1665      7955
                                 :     8255      8585      8865      8965
                                 :     9245      9575      9875     10136
                             Slot:     2757      4810      6862
   3   G-20    SW Girt      200Z15    RO       ??-??                 9620        117.2
                             Web :       45       375       655       755
                                 :     1035      1365      1665      7955
                                 :     8255      8585      8865      8965
                                 :     9245      9575
                             Slot:     2757      4810      6862
   2   G-14    SW Girt      200Z15    RO       ??-??                 9235         75.0
                             Web :       45       145       335       435
                                 :      715      1045      1345      7570
                                 :     7870      8200      8480      8580
                                 :     8860      9190
                             Slot:     2129      4262      6396
   2   G-30    SW Girt      200Z15    RO       ??-??                 9235         75.0
                             Web :       45       375       655       755
                                 :     1035      1365      1665      7890
                                 :     8190      8520      8800      8900
                                 :     9090      9190
                             Slot:     2839      4972      7106
   1   G-25    SW Girt      200Z15    RO       ??-??                 8300         33.7
                             Web :       45       305       605       935
                                 :     1215      1315      1595      1925
                                 :     2225      6955      7255      7585
                                 :     7865      7965      8155      8255
                             Slot:     3025      4785      6545
   1   G-11    EW Girt      200Z15    RO       ??-??                 8180         33.2
                             Web :       45       375       655       755
                                 :     1035      1365      1665      8035
                                 :     8135
                             Slot:     2626      4547      6469
   3   G-24    SW Girt      200Z15    RO       ??-??                 8125         99.0
                             Web :       45       375       655       755
                                 :     1035      1365      1665      6460
                                 :     6760      7090      7370      7470
                                 :     7750      8080
                             Slot:     2943      5181
   1   G-27    SW Girt      200Z15    RO       ??-??                 7740         31.4
                             Web :       45       375       655       755
                                 :     1035      1365      1665      6395
                                 :     6695      7025      7305      7405
                                 :     7595      7695
                             Slot:     2465      4225      5985
   2   G-28    SW Girt      200Z15    RO       ??-??                 7740         62.8
                             Web :       45       145       335       435
                                 :      715      1045      1345      6075
                                 :     6375      6705      6985      7085
                                 :     7365      7695
                             Slot:     1755      3515      5275
   1   G-22    SW Girt      200Z15    RO       ??-??                 6905         28.0
                             Web :       45       145       425       755
                                 :     1055      5850      6150      6480
                                 :     6760      6860
                             Slot:     2333      4571
   1   G-6     EW Girt      200Z15    RO       ??-??                 6656         27.0
                             Web :       45       145      3945      4245
                                 :     4575      4855      4955      5235
                                 :     5565      5865      6611
                             Slot:     1495      3200
   3   G-4     EW Girt      200Z15    RO       ??-??                 5655         68.9
                             Web :       45        90       420       700
                                 :      800      1080      1410      1710
                                 :     5510      5610
                             Slot:     2455      4160
   1   G-8     EW Girt      200Z15    RO       ??-??                 5610         22.8
                             Web :       45       145      3945      4245
                                 :     4575      4855      4955      5235
                                 :     5565
                             Slot:     1495      3200
   1   G-13    EW Girt      200Z15    RO       ??-??                 1540          6.3
                             Web :       45      1395      1495
   3   G-1     EW Girt      200Z15    RO       ??-??                  541          6.6
                             Web :       45       145       496
------------------------------------------------------------------------------------
                                                           Total =            4857.2
 
 
    Colors:   RO  - Red Oxide
 
    NOTE: ?? = non-standard punch
 

================================================================================
 
  INFINITI SOLUTIONS                                                  18/DEC/2025
 
  PUNE
 
                              12800 x 30500 x 9100
 
  C463-002
 
================================================================================
 
                 4. ROOF & WALL SHEETING
 
Quan  Mark     Description    Part            Color          Length       Weight
================================================================================
 
   3  SS-4       SW Sheet       45250 .5         A2             1190         17.1
   6  SS-3       SW Sheet       45250 .5         A2             3840        110.4
   3  SS-2       SW Sheet       45250 .5         A2             2300         33.1
  56  SS-1       SW Sheet       45250 .5         A2             6200       1663.1
  23  RS-2       Ext Sheet      45250 .5         A3             1560        171.9
  62  RS-1       Roof Sheet     45250 .5         A3             6580       1954.2
   1  ES-9       EW Sheet       45250 .5         A2             1430          6.8
   1  ES-8       EW Sheet       45250 .5         A2             1330          6.4
   1  ES-7       EW Sheet       45250 .5         A2             1230          5.9
   1  ES-6       EW Sheet       45250 .5         A2             1130          5.4
   1  ES-5       EW Sheet       45250 .5         A2             1030          4.9
   1  ES-4       EW Sheet       45250 .5         A2              930          4.5
   8  ES-3       EW Sheet       45250 .5         A2             1190         45.6
   1  ES-23      EW Sheet       45250 .5         A2             3840         18.4
   1  ES-22      EW Sheet       45250 .5         A2             3930         18.8
   1  ES-21      EW Sheet       45250 .5         A2             4030         19.3
   1  ES-20      EW Sheet       45250 .5         A2             4130         19.8
   1  ES-2       EW Sheet       45250 .5         A2              840          4.0
   1  ES-19      EW Sheet       45250 .5         A2             4230         20.3
   1  ES-18      EW Sheet       45250 .5         A2             4330         20.7
   1  ES-17      EW Sheet       45250 .5         A2             4430         21.2
   4  ES-16      EW Sheet       45250 .5         A2             2300         44.1
   2  ES-15      EW Sheet       45250 .5         A2             6200         59.4
   2  ES-14      EW Sheet       45250 .5         A2             6290         60.3
   2  ES-13      EW Sheet       45250 .5         A2             6390         61.2
   2  ES-12      EW Sheet       45250 .5         A2             6490         62.2
   2  ES-11      EW Sheet       45250 .5         A2             6590         63.1
   2  ES-10      EW Sheet       45250 .5         A2             6690         64.1
   2  ES-1       EW Sheet       45250 .5         A2             5300         50.8
 
--------------------------------------------------------------------------------
                                                        Total =          4636.8
 
    Colors:   A2  - NEED WALL COLOR
              A3  - NEED ROOF COLOR
 
 

===============================================================================
 
  INFINITI SOLUTIONS                                                  18/DEC/2025
 
  PUNE
 
                              12800 x 30500 x 9100
 
  C463-002
 
===============================================================================
 
                 5. CONNECTION PLATES / FLANGE BRACES
 
Quan  Mark   Description    Part   Type  Ang   Thick   Width    Length   Weight
===============================================================================
  10   b1      Grt-Jmb Plt            b1    90     5.0   14      203         11.5
   2   c1      Hdr-Jmb Plt            c1    90     5.0   14      131          1.5
   4   c2      Hdr-Jmb Plt            c2    90     5.0   14      126          2.9
   1   d1      Cor-Grt6 Plt           d1    90     5.0   14      406          2.3
   4   f1      Jmb-Bas Plt            f1    90     5.0   14      155          3.5
   2   j1      Jmb-Grt Plt            j1    90     5.0   14      211          2.4
   4   j2      Jmb-Grt Plt            j2    90     5.0   14      206          4.7
  20   r1      Cor-Grt3 Plt           r1     0     5.0   14      349         39.7
-------------------------------------------------------------------------------
                                                       Total =             68.5
 
 

========================================================================================
 
  INFINITI SOLUTIONS                                                  18/DEC/2025
 
  PUNE
 
                              12800 x 30500 x 9100
 
  C463-002
 
========================================================================================
 
                 6. ANGLES
 
Quan  Mark     Description         Part   Color   Width   Thick    Length       Weight
========================================================================================
   2  FB464      RF Flg Brc          L40X40X4 RO      40      4.0        464           2.2
   6  FB480      Ext Flg Br          L40X40X4 RO      40      4.0        480           7.0
  16  FB488      RF Flg Brc          L40X40X4 RO      40      4.0        488          18.9
   5  FB488      EW Flg Brc          L40X40X4 RO      40      4.0        488           5.9
  16  FB536      RF Flg Brc          L40X40X4 RO      40      4.0        536          20.8
  32  FB568      RF Flg Brc          L40X40X4 RO      40      4.0        568          44.0
  34  JB-1       Sag rod at base     SROD12                             1100          40.4
  24  JB-2       Sag rod at base     SROD12                             1300          33.7
  53  JB-3       Sag rod at base     SROD12                             1600          91.6
   2  JB-4       Sag rod at base     SROD12                              600           1.3
   3  JB-5       Sag rod at base     SROD12                             1070           3.5
   3  JB-6       Sag rod at base     SROD12                              630           2.0
  22  JB-7       Sag rod at girt     SROD12                              720          17.1
  15  GA         GABLE ANGLE         L75X100  RO     175     2.00       3000         141.3
  16  SI-        12mm SAG ROD        SROD12           12     12.0       1217           9.5
  11  SP-1       12mm SAG ROD        SROD12           12     12.0        697           3.7
  66  SI-1       12mm SAG ROD        SROD12           12     12.0       1699          54.6
  22  SE-1       12mm SAG ROD        SROD12           12     12.0       1355          14.5
  16  CA-1       Crane Angle         L75X6                              1209         132.8
  16  CA-2       Crane Angle         L100X8                              453          88.0
----------------------------------------------------------------------------------------
                                                                 Total =           732.8
 
    Colors:   RO  - Red Oxide
 
 

===================================================================================
 
  INFINITI SOLUTIONS                                                  18/DEC/2025
 
  PUNE
 
                              12800 x 30500 x 9100
 
  C463-002
 
===================================================================================
 
                 7. TRIM
                                                      Blank
Quan  Mark      Description              Clr  Pitch   Width       Length     Weight
===================================================================================
   2  SGA-001   Base Angle               HA    10.0     200       3000        56.5
  15  DT-01     Base Trim                HA             300       5600        83.7
   2  P20204    Base/Seal An             HA    10.0      50         25       0.120
  32  DS-100    Downspout                               500       5600       281.3
  64  GS-01     Downspout Strap                          50        350        96.0
   2  P150X.63  Drip Trim                HA    10.0     215         25       0.042
  12  EG-01     Eave Gutter                             600       5600       126.6
   1  GS-01     Eave Gutter Strap                        50        600         1.0
   6  ET-01     Eave Trim                HA    10.0     300       5600        31.7
   2  GC-01     Gutter Endcap                           200         25         1.0
   2  GC-02     Gutter Endcap                           200         25         1.0
   4  CTS-04    H Trim                   HA             400       5600        28.1
   6  CTS-05    J Trim                   HA             400       5600        42.2
   8  CT-02     Outside Corner           HA             300       5600        42.2
  12  GT-01     Rake Trim                HA             300       5600        63.4
  51  RC-01     Ridge Cap                A3             710        700       255.0
   6  CT-05     Roof To Wall             A3             300       5600        31.7
 
-----------------------------------------------------------------------------------
                                                           Total =          1141.5
 
    Colors:   A3  - NEED ROOF COLOR
              HA  - 9010 PURE WHITE
 
 

=================================================================================
 
  INFINITI SOLUTIONS                                                  18/DEC/2025
 
  PUNE
 
                              12800 x 30500 x 9100
 
  C463-002
 
=================================================================================
 
                 8. CABLES & SEALANT
                                                    Length
Quan  Mark     Description           Part        Fab          Cut          Weight
=================================================================================
   4  CB-1       SW Rod               ROD20        11000          10750       106.0
   4  CB-2       SW Rod               ROD20         8470           8220        81.2
   4  CB-3       SW Rod               ROD20         9920           9670        95.2
   4  CB-4       SW Rod               ROD20         6990           6740        66.4
   4  CB-5       Roof Rod             ROD20        10260          10010        98.8
   4  CB-6       Roof Rod             ROD20         9090           8840        87.2
   8  SSEAL      Silicone Tube Seal   SILICON          6           7500         8.0
 167  FF100      Panel Clsr  (IN)     FF-100          25           1020       167.0
  94  FF200      Panel Clsr  (OUT)    FF-200          25           1020        94.0
---------------------------------------------------------------------------------
                                                       Total =              803.8
 
 

================================================================================
 
  INFINITI SOLUTIONS                                                  18/DEC/2025
 
  PUNE
 
                              12800 x 30500 x 9100
 
  C463-002
 
===============================================================================
 
                 9. ACCESSORIES
 
Quan  Mark   Description          Part        Clr  Pitch     Length      Weight
===============================================================================
  48  ---      NUT 20               HN20                          1.0         2.4
  48  ---      HILLSIDE WASHER20    HW20                          1.0        17.0
  48  ---      FLAT WASHER20        Ø20WSHR                      1.0         1.6
 
-------------------------------------------------------------------------------
                                                       Total =             21.0
 
 

===============================================================================
 
  INFINITI SOLUTIONS                                                  18/DEC/2025
 
  PUNE
 
                              12800 x 30500 x 9100
 
  C463-002
 
===============================================================================
 
                10. FASTENERS
 
Quan  Mark    Description         Part     Clr  Type     Dia    Length   Weight
===============================================================================
  80  ------    A.B. Washers        W24           A36    24.0                 2.1
   8  ------    A.B. Washers        W20           A36    20.0               0.127
 100  Rivet     Pop Rivet           Rivet     HA                     11       0.7
 200  Rivet     Pop Rivet           Rivet                            11       1.4
 400  Rivet     Pop Rivet           Rivet     A3                     11       2.7
   4  ------    Bolts               M16X70        Gr8.8  16.0        70     0.225
 840  ------    Bolts               M12X50        Gr8.8  12.0        50      44.4
 302  ------    Bolts               H20X90        Gr8.8  20.0        90      90.5
  25  ------    Bolts               H16X70        Gr8.8  16.0        70       3.4
 435  ------    Bolts               H12X50        Gr8.8  12.0        50      22.3
  80  ------    Anchor Bolt         AB24          A36    24.0       730     245.6
   8  ------    Anchor Bolt         AB20          A36    20.0       625      13.5
1700  ------    No. 12-14x55 SDS    14x55SDS  A3                     55      11.6
2700  ------    No. 12-14x20 SDS    14x20SDS  A2                     20      18.4
 400  ------    No. 10-12X20 SDS    12x20SDS  HA                     20       2.7
 700  ------    No. 10-12x20 SDS    12x20SDS  HA                     20       4.8
 300  ------    No. 10-12X20 SDS    12x20SDS                         20       2.0
1400  ------    No. 10-12X20 SDS    12x20SDS  A3                     20       9.5
1200  ------    No. 10-12x20 SDS    12x20SDS  A2                     20       8.2
 
-------------------------------------------------------------------------------
                                                        Total =           484.1
 
    Colors:   A2  - NEED WALL COLOR
              A3  - NEED ROOF COLOR
              HA  - 9010 PURE WHITE
