*===============================================================================
*C463-002            Sidewall Design Input                  18/DEC/2025  2:49pm
*===============================================================================
 
*( 1)JOBID:
    'C463-002'
 
*( 2)PROGRAM OPTIONS:
*Sidewall  Run    Run    Lap
*   Id     Girt   Panel Stiff
   'B'      'Y'   'Y'    0.50
 
*( 3)DESIGN CODE:
*Design  ---Steel_Code---             ---Build---   Code     Seismic
* Code   Cold       Hot      Country  Code   Year   Label     Zone
  'WS'  'NAUS07  ' 'AISC05'  '    '  'MBMA'  '10'  'MBMA 10 ' 'C  '
 
*( 4)DESIGN CONSTANTS:
*               ---Strength_Factors--
* Stress_Ratio          ---Seismic---
* Girt   Panel    Wind   Frame  Brace
  1.00    1.00  1.0000  1.0000 1.0000
 
*( 5)STEEL YIELDS:
* Web   Flg  C_Sec  W_Sec  R_Sec  P_Sec  T_Sec  U_Sec    EP     BP
  345   345    345    345    235    345    317    235   345    345
 
*( 6)DEFLECTION LIMITS:
* ---Girt---  --Panel---
* Wall Facia  Wall Facia
   90.  120.   90.  120.
 
*( 7)REPORTS:
*   Input  Wall  Door  Wall
*   Echo   Girt  Jamb  Panel
    'Y'    'Y'   'Y'   'Y'
 
*( 8)BUILDING LAYOUT:
*---------Build----------   -----Left_Expand_EW-----   -----Right_Expand_EW----
* Type    Width    Length   Use  Opt  Extend  Offset   Use  Opt  Extend  Offset
 'FF-'  12800.0   30500.0  'Y '  '-'    0.00  390.00  'Y '  '-'    0.00  390.00
 
*( 9)WALL LAYOUT:
* Id  Use     Type Opt     Start   Length
   4 'BACK  '  '-' '-'       0.0  30500.0
 
*(10)SURFACE SHAPE:
* No.    X_Coord  Y_Coord  Offset
   4         0.0   9100.0  200.00
          6400.0   9740.0  200.00
         12800.0   9100.0  200.00
         12800.0      0.0  200.00
 
*(11)SIDEWALL BAY SPACING:
*   No.   ---Bay_Set---
*  Sets     Width  Quan
     4     7040.0    1
           6715.0    1
           8210.0    1
           8535.0    1
 
*(12)WALL OPENINGS:
*         ----Bay---                            Sill   Base    Set  Panel  JambL/JambR/Header/Sill
*No.  Id  Id  Offset  Type    Width   Height  Height   Elev  Depth   Opt    Type    Part
  0
 
*(13)PARTIAL WALLS:
*                --Bay_Id-  ----Offset----          Jamb Base  Top Full_Load  ------Panel------  Deflect_Limit
*No. Id  Use Opt Start End   Start     End   Height Type Type Type Girt  Col  Part      Opt Rot   Girt   Panel
  1   4  'P' 'O'    1    4     0.0     0.0   3000.0  '-'  '-'  '-'  'N'  'Y' '--------' '-' '-'   90.0    90.0
 
*(14)GIRT DESIGN:
*Girt  --Flange_Strap--    Set     Set     Max
*Type  Out  In    Space  Depth     Lap   Space
 'ZB'  'C'  'Y'  2250.0 200.00     0.0  1500.0
 
*(15)GIRT LOCATION:
* Set
* Loc   No.   Location
  'Y'    5    3080.0   4280.0   5780.0   7280.0   8280.0
 
*(16)SPECIAL GIRT:
*     --Bay_Id--
*No.  Start  End   Height  Type  Rot  Part       Use
  0
 
*(17)PANELS/GUTTERS:
*----Wall_Panel----  -----Gutter-----  ------Insulation-----  Stand
* Part      Opt Rot  Use  Type  Width  Use  Thick  Part       Seam
 '45250 .5' '-' '-'  '-'  'Y'    0.00  'N'   0.00 '--------'  'N'
 
*(18)LINER PANELS:
*      --Bay_Id-                       Flange
*No.   Start End    Height   Part       Opt
  0
 
*(19)FACIA/PARAPET:
*                     -Bay_Id--    Horz -Vertical_Size-   --Edge_Extend-           Beam
* No.   Id  Type Opt  Start End   Width    Elev  Height     Left   Right  Mount     Lap
   0
 
*(20)FACIA/PARAPET GIRTS:
*Ext ---Top--  Interior  -Gutter-    Set
*Id  Type Rot  Type Rot  Type Rot  Depth
 
*(21)FACIA/PARAPET PANELS:
*Ext  Front      -----Back----    Angle
*Id   Part       Part      Rot  Spacing
 
*(22)LOAD GROUPS:
*    Group
*No.   Id   Description
   1  '-'  'Standard            '
 
*(23)BASIC LOADS:
*              ---Deflection---    Wind
*Group Basic      Load_Ratio       Load  -------Seismic-------
*  Id   Wind   Snow  Wind  Seis  Factor   Dead   Coeff  Factor
  '-' 0.9865   1.00  1.00  1.00    1.00 0.0957  0.0000    1.00
 
*(24)EDGE ZONE:
*                                    ---Ratio---
*Group -Left_Zone--   -Right_Zone-   Girt/
*  Id  Width   Base   Width   Base   Jamb  Panel
  '-'   1280      0    1280      0   1.07   1.00
 
*(25)WIND PRESSURE/SUCTION:
*Group   Wind    Wind
*  Id   Press    Suct
  '-'  0.8621 -0.9509    .. Girt/Header
  '-'  1.0654 -1.1542    .. Panel
  '-'  0.8621 -0.9509    .. Jamb
  '-'  0.0000  0.0000    .. Parapet Girt
 
*(26)GIRT LAPS:
*      Data  ------Set_1-------  ------Set_2-------  ------Set_3-------
* Opt  Sets  Left    Right Quan  Left    Right Quan  Left    Right Quan
  '-'   0
 
*(27)GIRT STRAPS:
*     Data  ---Set_1---  ---Set_2---  ---Set_3---  ---Set_4---
*Opt  Sets  Strap  Quan  Strap  Quan  Strap  Quan  Strap  Quan
 '-'   0
 
*(28)EXPANSION JOINTS:
* No.  Expansion_Location
   0
 
*(29)BEAMS:
*     Bay
*No.   Id Use    Height   Offset  Locate1  Locate2
  0
 
*(30)DESIGN CODE OPTIONS:
*No.   Event                         Condition
  0
 
*(31)PANEL SCREWS:
* No.                                    Washer
*Zone Zone   Part          Dia    Limit     Dia  -------Spacing------
   2 'INT ' '14x20SDS'    4.80   13.700   19.00  250.00 125.00  83.33
     'EDGE' '14x20SDS'    4.80   13.700   19.00  250.00 125.00  83.33
 
*(32)GIRT LAYOUT:
*      Bay                                    -----Extend----   Frame_Opt  -Frame_Id-
*  No.  Id   Locate  Type  Rot Opt  Part         Left   Right  Left Right  Left Right
    0
 
* Code files used:
*   MBMA.10N
*   EW_MBMA.10N Version 4.0


================================================================================
 C463-002            Wall 4 - Design Code                   18/DEC/2025  2:49pm
================================================================================

 STRUCTURAL CODE:
 ----------------
   Design Basis      : WS - Working Stress
   Hot  Rolled Steel : AISC05
   Cold Formed Steel : NAUS07  

 BUILDING CODE:
 --------------
   Wind Code         : MBMA 10
   Seismic Zone      : C  

 MODULUS OF ELASTICITY:
 ----------------------
   Hot  Rolled Steel : 199955 (MN/m2)
   Cold Formed Steel : 203403 (MN/m2)
 

================================================================================
 C463-002            Wall 4 - Bypass Girt Layout            18/DEC/2025  2:49pm
================================================================================

 GIRT LAYOUT:
 ------------
         Des Bay             Bay_Offset Design ---Extend--         ----Max_Load---
  Locate  Id  Id Part       Start   End Length  Left Right Weight  Id   UC Report  Rot
  ------ --- --- --------   ----- ----- ------ ----- ----- ------  -- ---- ------- ---
    3080   1   1 200Z15       390  7040   6650     0   660   29.7  WS 0.47 Moment   D
               2 200Z15         0  6715   6715   660   660   32.6  WS 0.34 Moment   D
               3 200Z15         0  8210   8210   660   660   38.7  WS 0.63 Moment   D
               4 200Z15         0  8145   8145   660     0   35.7  WS 0.68 Moment   D
  ------ --- --- --------   ----- ----- ------ ----- ----- ------  -- ---- ------- ---
    4280   2   1 200Z18       390  7040   6650     0   660   35.6  WS 0.76 Moment   D
               2 200Z18         0  6715   6715   660   660   39.1  WS 0.55 Moment   D
               3 200Z20         0  8210   8210   660   660   51.7  WS 0.85 Moment   D
               4 200Z25         0  8145   8145   660     0   59.6  WS 0.81 Moment   D
  ------ --- --- --------   ----- ----- ------ ----- ----- ------  -- ---- ------- ---
    5780   3   1 200Z18       390  7040   6650     0   660   35.6  WS 0.84 Moment   D
               2 200Z18         0  6715   6715   660   660   39.1  WS 0.61 Moment   D
               3 200Z20         0  8210   8210   660   660   51.7  WS 0.95 Moment   D
               4 200Z25         0  8145   8145   660     0   59.6  WS 0.90 Moment   D
  ------ --- --- --------   ----- ----- ------ ----- ----- ------  -- ---- ------- ---
    7280   4   1 200Z18       390  7040   6650     0   660   35.6  WS 0.70 Moment   D
               2 200Z18         0  6715   6715   660   660   39.1  WS 0.51 Moment   D
               3 200Z18         0  8210   8210   660   660   46.4  WS 0.92 Moment   D
               4 200Z20         0  8145   8145   660     0   47.7  WS 0.94 Moment   D
  ------ --- --- --------   ----- ----- ------ ----- ----- ------  -- ---- ------- ---
    8280   5   1 200Z15       390  7040   6650     0   660   29.7  WS 0.59 Moment   D
               2 200Z15         0  6715   6715   660   660   32.6  WS 0.43 Moment   D
               3 200Z15         0  8210   8210   660   660   38.7  WS 0.79 Moment   D
               4 200Z15         0  8145   8145   660     0   35.7  WS 0.86 Moment   D
 
                                      WS - Wind_Suction                  
 

 GIRT INSIDE FLANGE BRACE:
 -------------------------
  No._Brace/Bay
    1   2   3   4
  --- --- --- ---
    3   2   3   3

================================================================================
 C463-002            Wall 4 - Girt Design  1 (Locate  3080) 18/DEC/2025  2:49pm
================================================================================

 GIRT LAYOUT:
 ------------
                                                                      Available
                                                                      Reduction
  Bay                      Design  --Lap(mm)--   Load   No.             Factor
   Id  Part        Locate  Length  Left  Right  Width  Brace  Weight   Out   In
  ---  --------   -------  ------  ----  -----  -----  -----  ------  ---- ----
    1  200Z15      3080.0    6650          660    640    3      29.7  0.00 0.70
    2  200Z15      3080.0    6715   660    660    640    2      32.6  0.00 0.70
    3  200Z15      3080.0    8210   660    660    640    3      38.7  0.00 0.70
    4  200Z15      3080.0    8145   660           640    3      35.7  0.00 0.70
                                                              ------
                                                               136.7


 LOAD ID - Wind_Pressure:
 ----------------------------

 GIRT ACTIONS:
       ---------Shear(kN)--------   --------------Moment(kN-m)--------------
  Bay   Left   Left  Right  Right    Left   Left     Mid-Span   Right  Right
   Id    Sup    Lap    Lap    Sup     Sup    Lap    Mom    Loc    Lap    Sup
  ---  -----  -----  -----  -----   -----  -----  -----  -----  -----  -----
    1   1.46         -1.85  -2.21    0.00         -1.93   2642   1.17   2.51
    2   1.89   1.52  -1.46  -1.82    2.51   1.38  -0.72   3418   1.20   2.28
    3   2.05   1.69  -2.12  -2.48    2.28   1.05  -1.53   3717   2.53   4.04
    4   2.75   2.38         -1.75    4.04   2.35  -2.78   4971          0.00

 STRENGTH/DEFLECTION:
  Bay  -------Shear(kN)------  -----Moment(kN-m)-----  -Mom+Shr-  Deflect(mm)
   Id  Loc    Calc Limit   UC  Loc    Calc Limit   UC  Loc    UC   Calc Limit
  ---  ---- ------ ----- ----  ---- ------ ----- ----  ---- ----  ----- -----
    1  RLap  -1.85 11.20 0.17  MidS  -1.93  4.46 0.43  LLap 0.30  -11.6  73.9
    2  LLap   1.52 11.20 0.14  LLap   1.38  4.82 0.29  LLap 0.26   -1.8  74.6
    3  RLap  -2.12 11.20 0.19  RLap   2.53  4.77 0.53  RLap 0.47   -9.8  91.2
    4  LLap   2.38 11.20 0.21  MidS  -2.78  4.46 0.62  LLap 0.44  -24.3  90.5


 LAP BOLT SHEAR/BEARING:

  Bolt Size =12.00 (Gr8.8)

   Bay  Member    --Member_Left_End(kN)-  -Member_Right_End(kN)-
    Id  Part       Calc Shear  Bear   UC   Calc Shear  Bear   UC
  ----  --------  ----- ----- ----- ----  ----- ----- ----- ----
    1   200Z15                             0.95 15.37  7.27 0.13
    2   200Z15     0.95 15.37  7.27 0.13   0.87 15.37  7.27 0.12
    3   200Z15     0.87 15.37  7.27 0.12   1.53 15.37  7.27 0.21
    4   200Z15     1.53 15.37  7.27 0.21



 LOAD ID - Wind_Suction:
 ----------------------------

 GIRT ACTIONS:
       ---------Shear(kN)--------   --------------Moment(kN-m)--------------
  Bay   Left   Left  Right  Right    Left   Left     Mid-Span   Right  Right
   Id    Sup    Lap    Lap    Sup     Sup    Lap    Mom    Loc    Lap    Sup
  ---  -----  -----  -----  -----   -----  -----  -----  -----  -----  -----
    1  -1.64          2.04   2.45    0.00          2.13   2674  -1.29  -2.77
    2  -2.08  -1.68   1.61   2.01   -2.77  -1.53   0.79   3420  -1.32  -2.52
    3  -2.26  -1.86   2.34   2.74   -2.52  -1.16   1.69   3715  -2.79  -4.46
    4  -3.03  -2.63          1.97   -4.46  -2.60   3.08   4938          0.00

 STRENGTH/DEFLECTION:
  Bay  -------Shear(kN)------  -----Moment(kN-m)-----  -Mom+Shr-  Deflect(mm)
   Id  Loc    Calc Limit   UC  Loc    Calc Limit   UC  Loc    UC   Calc Limit
  ---  ---- ------ ----- ----  ---- ------ ----- ----  ---- ----  ----- -----
    1  RLap   2.04 11.20 0.18  MidS   2.13  4.55 0.47  LLap 0.33   12.9  73.9
    2  LLap  -1.68 11.20 0.15  LLap  -1.53  4.46 0.34  LLap 0.29    2.0  74.6
    3  RLap   2.34 11.20 0.21  RLap  -2.79  4.46 0.63  RLap 0.51   10.8  91.2
    4  LLap  -2.63 11.20 0.23  MidS   3.08  4.53 0.68  LLap 0.49   26.9  90.5


 LAP BOLT SHEAR/BEARING:

  Bolt Size =12.00 (Gr8.8)

   Bay  Member    --Member_Left_End(kN)-  -Member_Right_End(kN)-
    Id  Part       Calc Shear  Bear   UC   Calc Shear  Bear   UC
  ----  --------  ----- ----- ----- ----  ----- ----- ----- ----
    1   200Z15                             1.05 15.37  7.27 0.14
    2   200Z15     1.05 15.37  7.27 0.14   0.95 15.37  7.27 0.13
    3   200Z15     0.95 15.37  7.27 0.13   1.69 15.37  7.27 0.23
    4   200Z15     1.69 15.37  7.27 0.23


================================================================================
 C463-002            Wall 4 - Girt Design  2 (Locate  4280) 18/DEC/2025  2:49pm
================================================================================

 GIRT LAYOUT:
 ------------
                                                                      Available
                                                                      Reduction
  Bay                      Design  --Lap(mm)--   Load   No.             Factor
   Id  Part        Locate  Length  Left  Right  Width  Brace  Weight   Out   In
  ---  --------   -------  ------  ----  -----  -----  -----  ------  ---- ----
    1  200Z18      4280.0    6650          660   1350    3      35.6  0.00 0.70
    2  200Z18      4280.0    6715   660    660   1350    2      39.1  0.00 0.70
    3  200Z20      4280.0    8210   660    660   1350    3      51.7  0.00 0.70
    4  200Z25      4280.0    8145   660          1350    3      59.6  0.00 0.70
                                                              ------
                                                               186.0


 LOAD ID - Wind_Pressure:
 ----------------------------

 GIRT ACTIONS:
       ---------Shear(kN)--------   --------------Moment(kN-m)--------------
  Bay   Left   Left  Right  Right    Left   Left     Mid-Span   Right  Right
   Id    Sup    Lap    Lap    Sup     Sup    Lap    Mom    Loc    Lap    Sup
  ---  -----  -----  -----  -----   -----  -----  -----  -----  -----  -----
    1   3.08         -3.90  -4.67    0.00         -4.06   2641   2.47   5.30
    2   3.98   3.22  -3.07  -3.84    5.30   2.92  -1.52   3420   2.53   4.81
    3   4.34   3.57  -4.46  -5.22    4.81   2.20  -3.28   3726   5.24   8.43
    4   5.78   5.01         -3.71    8.43   4.87  -5.90   4961          0.00

 STRENGTH/DEFLECTION:
  Bay  -------Shear(kN)------  -----Moment(kN-m)-----  -Mom+Shr-  Deflect(mm)
   Id  Loc    Calc Limit   UC  Loc    Calc Limit   UC  Loc    UC   Calc Limit
  ---  ---- ------ ----- ----  ---- ------ ----- ----  ---- ----  ----- -----
    1  RLap  -3.90 19.42 0.20  MidS  -4.06  5.84 0.70  LLap 0.49  -20.5  73.9
    2  LLap   3.22 19.42 0.17  LLap   2.92  6.27 0.47  LLap 0.44   -3.3  74.6
    3  RLap  -4.46 26.69 0.17  RLap   5.24  7.18 0.73  RLap 0.67  -16.3  91.2
    4  LLap   5.01 45.39 0.11  MidS  -5.90  9.31 0.63  LLap 0.50  -31.5  90.5


 LAP BOLT SHEAR/BEARING:

  Bolt Size =12.00 (Gr8.8)

   Bay  Member    --Member_Left_End(kN)-  -Member_Right_End(kN)-
    Id  Part       Calc Shear  Bear   UC   Calc Shear  Bear   UC
  ----  --------  ----- ----- ----- ----  ----- ----- ----- ----
    1   200Z18                             2.01 15.37  8.72 0.23
    2   200Z18     2.01 15.37  8.72 0.23   1.73 15.37  8.72 0.20
    3   200Z20     1.92 15.37  9.69 0.20   2.85 15.37  9.69 0.29
    4   200Z25     3.54 15.37 12.11 0.29



 LOAD ID - Wind_Suction:
 ----------------------------

 GIRT ACTIONS:
       ---------Shear(kN)--------   --------------Moment(kN-m)--------------
  Bay   Left   Left  Right  Right    Left   Left     Mid-Span   Right  Right
   Id    Sup    Lap    Lap    Sup     Sup    Lap    Mom    Loc    Lap    Sup
  ---  -----  -----  -----  -----   -----  -----  -----  -----  -----  -----
    1  -3.47          4.31   5.16    0.00          4.50   2673  -2.73  -5.85
    2  -4.40  -3.55   3.38   4.23   -5.85  -3.23   1.67   3422  -2.78  -5.30
    3  -4.79  -3.94   4.92   5.76   -5.30  -2.42   3.62   3725  -5.78  -9.31
    4  -6.38  -5.53          4.17   -9.31  -5.38   6.53   4928          0.00

 STRENGTH/DEFLECTION:
  Bay  -------Shear(kN)------  -----Moment(kN-m)-----  -Mom+Shr-  Deflect(mm)
   Id  Loc    Calc Limit   UC  Loc    Calc Limit   UC  Loc    UC   Calc Limit
  ---  ---- ------ ----- ----  ---- ------ ----- ----  ---- ----  ----- -----
    1  RLap   4.31 19.42 0.22  MidS   4.50  5.95 0.76  LLap 0.54   22.7  73.9
    2  LLap  -3.55 19.42 0.18  LLap  -3.23  5.84 0.55  LLap 0.48    3.6  74.6
    3  RLap   4.92 26.69 0.18  RLap  -5.78  6.78 0.85  RLap 0.74   17.9  91.2
    4  LLap  -5.53 45.39 0.12  MidS   6.53  8.04 0.81  LLap 0.56   34.8  90.5


 LAP BOLT SHEAR/BEARING:

  Bolt Size =12.00 (Gr8.8)

   Bay  Member    --Member_Left_End(kN)-  -Member_Right_End(kN)-
    Id  Part       Calc Shear  Bear   UC   Calc Shear  Bear   UC
  ----  --------  ----- ----- ----- ----  ----- ----- ----- ----
    1   200Z18                             2.22 15.37  8.72 0.25
    2   200Z18     2.22 15.37  8.72 0.25   1.90 15.37  8.72 0.22
    3   200Z20     2.11 15.37  9.69 0.22   3.15 15.37  9.69 0.32
    4   200Z25     3.91 15.37 12.11 0.32


================================================================================
 C463-002            Wall 4 - Girt Design  3 (Locate  5780) 18/DEC/2025  2:49pm
================================================================================

 GIRT LAYOUT:
 ------------
                                                                      Available
                                                                      Reduction
  Bay                      Design  --Lap(mm)--   Load   No.             Factor
   Id  Part        Locate  Length  Left  Right  Width  Brace  Weight   Out   In
  ---  --------   -------  ------  ----  -----  -----  -----  ------  ---- ----
    1  200Z18      5780.0    6650          660   1500    3      35.6  0.00 0.70
    2  200Z18      5780.0    6715   660    660   1500    2      39.1  0.00 0.70
    3  200Z20      5780.0    8210   660    660   1500    3      51.7  0.00 0.70
    4  200Z25      5780.0    8145   660          1500    3      59.6  0.00 0.70
                                                              ------
                                                               186.0


 LOAD ID - Wind_Pressure:
 ----------------------------

 GIRT ACTIONS:
       ---------Shear(kN)--------   --------------Moment(kN-m)--------------
  Bay   Left   Left  Right  Right    Left   Left     Mid-Span   Right  Right
   Id    Sup    Lap    Lap    Sup     Sup    Lap    Mom    Loc    Lap    Sup
  ---  -----  -----  -----  -----   -----  -----  -----  -----  -----  -----
    1   3.42         -4.34  -5.19    0.00         -4.51   2641   2.74   5.88
    2   4.43   3.57  -3.41  -4.27    5.88   3.25  -1.69   3420   2.81   5.34
    3   4.82   3.97  -4.95  -5.80    5.34   2.44  -3.64   3726   5.82   9.37
    4   6.42   5.57         -4.12    9.37   5.41  -6.56   4961          0.00

 STRENGTH/DEFLECTION:
  Bay  -------Shear(kN)------  -----Moment(kN-m)-----  -Mom+Shr-  Deflect(mm)
   Id  Loc    Calc Limit   UC  Loc    Calc Limit   UC  Loc    UC   Calc Limit
  ---  ---- ------ ----- ----  ---- ------ ----- ----  ---- ----  ----- -----
    1  RLap  -4.34 19.42 0.22  MidS  -4.51  5.84 0.77  LLap 0.54  -22.8  73.9
    2  LLap   3.57 19.42 0.18  LLap   3.25  6.27 0.52  LLap 0.48   -3.6  74.6
    3  RLap  -4.95 26.69 0.19  RLap   5.82  7.18 0.81  RLap 0.75  -18.1  91.2
    4  LLap   5.57 45.39 0.12  MidS  -6.56  9.31 0.70  LLap 0.56  -35.0  90.5


 LAP BOLT SHEAR/BEARING:

  Bolt Size =12.00 (Gr8.8)

   Bay  Member    --Member_Left_End(kN)-  -Member_Right_End(kN)-
    Id  Part       Calc Shear  Bear   UC   Calc Shear  Bear   UC
  ----  --------  ----- ----- ----- ----  ----- ----- ----- ----
    1   200Z18                             2.23 15.37  8.72 0.26
    2   200Z18     2.23 15.37  8.72 0.26   1.92 15.37  8.72 0.22
    3   200Z20     2.13 15.37  9.69 0.22   3.17 15.37  9.69 0.33
    4   200Z25     3.93 15.37 12.11 0.32



 LOAD ID - Wind_Suction:
 ----------------------------

 GIRT ACTIONS:
       ---------Shear(kN)--------   --------------Moment(kN-m)--------------
  Bay   Left   Left  Right  Right    Left   Left     Mid-Span   Right  Right
   Id    Sup    Lap    Lap    Sup     Sup    Lap    Mom    Loc    Lap    Sup
  ---  -----  -----  -----  -----   -----  -----  -----  -----  -----  -----
    1  -3.85          4.79   5.73    0.00          5.00   2673  -3.03  -6.50
    2  -4.89  -3.94   3.76   4.70   -6.50  -3.59   1.86   3422  -3.09  -5.88
    3  -5.32  -4.38   5.46   6.40   -5.88  -2.69   4.02   3725  -6.43 -10.34
    4  -7.09  -6.15          4.63  -10.34  -5.97   7.26   4928          0.00

 STRENGTH/DEFLECTION:
  Bay  -------Shear(kN)------  -----Moment(kN-m)-----  -Mom+Shr-  Deflect(mm)
   Id  Loc    Calc Limit   UC  Loc    Calc Limit   UC  Loc    UC   Calc Limit
  ---  ---- ------ ----- ----  ---- ------ ----- ----  ---- ----  ----- -----
    1  RLap   4.79 19.42 0.25  MidS   5.00  5.95 0.84  LLap 0.60   25.3  73.9
    2  LLap  -3.94 19.42 0.20  LLap  -3.59  5.84 0.61  LLap 0.54    4.0  74.6
    3  RLap   5.46 26.69 0.20  RLap  -6.43  6.78 0.95  RLap 0.83   19.9  91.2
    4  LLap  -6.15 45.39 0.14  MidS   7.26  8.04 0.90  LLap 0.62   38.7  90.5


 LAP BOLT SHEAR/BEARING:

  Bolt Size =12.00 (Gr8.8)

   Bay  Member    --Member_Left_End(kN)-  -Member_Right_End(kN)-
    Id  Part       Calc Shear  Bear   UC   Calc Shear  Bear   UC
  ----  --------  ----- ----- ----- ----  ----- ----- ----- ----
    1   200Z18                             2.46 15.37  8.72 0.28
    2   200Z18     2.46 15.37  8.72 0.28   2.11 15.37  8.72 0.24
    3   200Z20     2.35 15.37  9.69 0.24   3.50 15.37  9.69 0.36
    4   200Z25     4.34 15.37 12.11 0.36


================================================================================
 C463-002            Wall 4 - Girt Design  4 (Locate  7280) 18/DEC/2025  2:49pm
================================================================================

 GIRT LAYOUT:
 ------------
                                                                      Available
                                                                      Reduction
  Bay                      Design  --Lap(mm)--   Load   No.             Factor
   Id  Part        Locate  Length  Left  Right  Width  Brace  Weight   Out   In
  ---  --------   -------  ------  ----  -----  -----  -----  ------  ---- ----
    1  200Z18      7280.0    6650          660   1250    3      35.6  0.00 0.70
    2  200Z18      7280.0    6715   660    660   1250    2      39.1  0.00 0.70
    3  200Z18      7280.0    8210   660    660   1250    3      46.4  0.00 0.70
    4  200Z20      7280.0    8145   660          1250    3      47.7  0.00 0.70
                                                              ------
                                                               168.9


 LOAD ID - Wind_Pressure:
 ----------------------------

 GIRT ACTIONS:
       ---------Shear(kN)--------   --------------Moment(kN-m)--------------
  Bay   Left   Left  Right  Right    Left   Left     Mid-Span   Right  Right
   Id    Sup    Lap    Lap    Sup     Sup    Lap    Mom    Loc    Lap    Sup
  ---  -----  -----  -----  -----   -----  -----  -----  -----  -----  -----
    1   2.85         -3.61  -4.32    0.00         -3.77   2642   2.28   4.90
    2   3.68   2.97  -2.85  -3.56    4.90   2.70  -1.39   3415   2.36   4.48
    3   4.02   3.31  -4.13  -4.84    4.48   2.06  -3.01   3725   4.89   7.84
    4   5.36   4.64         -3.43    7.84   4.54  -5.45   4965          0.00

 STRENGTH/DEFLECTION:
  Bay  -------Shear(kN)------  -----Moment(kN-m)-----  -Mom+Shr-  Deflect(mm)
   Id  Loc    Calc Limit   UC  Loc    Calc Limit   UC  Loc    UC   Calc Limit
  ---  ---- ------ ----- ----  ---- ------ ----- ----  ---- ----  ----- -----
    1  RLap  -3.61 19.42 0.19  MidS  -3.77  5.84 0.64  LLap 0.45  -19.0  73.9
    2  LLap   2.97 19.42 0.15  LLap   2.70  6.27 0.43  LLap 0.40   -2.9  74.6
    3  RLap  -4.13 19.42 0.21  RLap   4.89  6.21 0.79  RLap 0.71  -16.3  91.2
    4  LLap   4.64 26.69 0.17  MidS  -5.45  6.78 0.80  LLap 0.60  -36.0  90.5


 LAP BOLT SHEAR/BEARING:

  Bolt Size =12.00 (Gr8.8)

   Bay  Member    --Member_Left_End(kN)-  -Member_Right_End(kN)-
    Id  Part       Calc Shear  Bear   UC   Calc Shear  Bear   UC
  ----  --------  ----- ----- ----- ----  ----- ----- ----- ----
    1   200Z18                             1.86 15.37  8.72 0.21
    2   200Z18     1.86 15.37  8.72 0.21   1.70 15.37  8.72 0.19
    3   200Z18     1.70 15.37  8.72 0.19   2.82 15.37  8.72 0.32
    4   200Z20     3.13 15.37  9.69 0.32



 LOAD ID - Wind_Suction:
 ----------------------------

 GIRT ACTIONS:
       ---------Shear(kN)--------   --------------Moment(kN-m)--------------
  Bay   Left   Left  Right  Right    Left   Left     Mid-Span   Right  Right
   Id    Sup    Lap    Lap    Sup     Sup    Lap    Mom    Loc    Lap    Sup
  ---  -----  -----  -----  -----   -----  -----  -----  -----  -----  -----
    1  -3.21          3.99   4.78    0.00          4.17   2674  -2.52  -5.41
    2  -4.07  -3.28   3.14   3.92   -5.41  -2.99   1.54   3417  -2.60  -4.93
    3  -4.43  -3.65   4.55   5.34   -4.93  -2.27   3.31   3723  -5.40  -8.66
    4  -5.91  -5.13          3.85   -8.66  -5.02   6.03   4932          0.00

 STRENGTH/DEFLECTION:
  Bay  -------Shear(kN)------  -----Moment(kN-m)-----  -Mom+Shr-  Deflect(mm)
   Id  Loc    Calc Limit   UC  Loc    Calc Limit   UC  Loc    UC   Calc Limit
  ---  ---- ------ ----- ----  ---- ------ ----- ----  ---- ----  ----- -----
    1  RLap   3.99 19.42 0.21  MidS   4.17  5.95 0.70  LLap 0.50   21.1  73.9
    2  LLap  -3.28 19.42 0.17  LLap  -2.99  5.84 0.51  LLap 0.45    3.2  74.6
    3  RLap   4.55 19.42 0.23  RLap  -5.40  5.84 0.92  RLap 0.78   18.0  91.2
    4  LLap  -5.13 26.69 0.19  MidS   6.03  6.43 0.94  LLap 0.66   39.9  90.5


 LAP BOLT SHEAR/BEARING:

  Bolt Size =12.00 (Gr8.8)

   Bay  Member    --Member_Left_End(kN)-  -Member_Right_End(kN)-
    Id  Part       Calc Shear  Bear   UC   Calc Shear  Bear   UC
  ----  --------  ----- ----- ----- ----  ----- ----- ----- ----
    1   200Z18                             2.05 15.37  8.72 0.23
    2   200Z18     2.05 15.37  8.72 0.23   1.87 15.37  8.72 0.21
    3   200Z18     1.87 15.37  8.72 0.21   3.11 15.37  8.72 0.36
    4   200Z20     3.45 15.37  9.69 0.36


================================================================================
 C463-002            Wall 4 - Girt Design  5 (Locate  8280) 18/DEC/2025  2:49pm
================================================================================

 GIRT LAYOUT:
 ------------
                                                                      Available
                                                                      Reduction
  Bay                      Design  --Lap(mm)--   Load   No.             Factor
   Id  Part        Locate  Length  Left  Right  Width  Brace  Weight   Out   In
  ---  --------   -------  ------  ----  -----  -----  -----  ------  ---- ----
    1  200Z15      8280.0    6650          660    810    3      29.7  0.00 0.70
    2  200Z15      8280.0    6715   660    660    810    2      32.6  0.00 0.70
    3  200Z15      8280.0    8210   660    660    810    3      38.7  0.00 0.70
    4  200Z15      8280.0    8145   660           810    3      35.7  0.00 0.70
                                                              ------
                                                               136.7


 LOAD ID - Wind_Pressure:
 ----------------------------

 GIRT ACTIONS:
       ---------Shear(kN)--------   --------------Moment(kN-m)--------------
  Bay   Left   Left  Right  Right    Left   Left     Mid-Span   Right  Right
   Id    Sup    Lap    Lap    Sup     Sup    Lap    Mom    Loc    Lap    Sup
  ---  -----  -----  -----  -----   -----  -----  -----  -----  -----  -----
    1   1.85         -2.34  -2.80    0.00         -2.44   2642   1.48   3.17
    2   2.39   1.93  -1.84  -2.30    3.17   1.75  -0.91   3418   1.52   2.89
    3   2.60   2.14  -2.68  -3.14    2.89   1.33  -1.94   3717   3.19   5.11
    4   3.47   3.01         -2.22    5.11   2.97  -3.52   4971          0.00

 STRENGTH/DEFLECTION:
  Bay  -------Shear(kN)------  -----Moment(kN-m)-----  -Mom+Shr-  Deflect(mm)
   Id  Loc    Calc Limit   UC  Loc    Calc Limit   UC  Loc    UC   Calc Limit
  ---  ---- ------ ----- ----  ---- ------ ----- ----  ---- ----  ----- -----
    1  RLap  -2.34 11.20 0.21  MidS  -2.44  4.46 0.55  LLap 0.38  -14.7  73.9
    2  LLap   1.93 11.20 0.17  LLap   1.75  4.82 0.36  LLap 0.33   -2.3  74.6
    3  RLap  -2.68 11.20 0.24  RLap   3.19  4.77 0.67  RLap 0.59  -12.4  91.2
    4  LLap   3.01 11.20 0.27  MidS  -3.52  4.46 0.79  LLap 0.56  -30.8  90.5


 LAP BOLT SHEAR/BEARING:

  Bolt Size =12.00 (Gr8.8)

   Bay  Member    --Member_Left_End(kN)-  -Member_Right_End(kN)-
    Id  Part       Calc Shear  Bear   UC   Calc Shear  Bear   UC
  ----  --------  ----- ----- ----- ----  ----- ----- ----- ----
    1   200Z15                             1.20 15.37  7.27 0.17
    2   200Z15     1.20 15.37  7.27 0.17   1.09 15.37  7.27 0.15
    3   200Z15     1.09 15.37  7.27 0.15   1.94 15.37  7.27 0.27
    4   200Z15     1.94 15.37  7.27 0.27



 LOAD ID - Wind_Suction:
 ----------------------------

 GIRT ACTIONS:
       ---------Shear(kN)--------   --------------Moment(kN-m)--------------
  Bay   Left   Left  Right  Right    Left   Left     Mid-Span   Right  Right
   Id    Sup    Lap    Lap    Sup     Sup    Lap    Mom    Loc    Lap    Sup
  ---  -----  -----  -----  -----   -----  -----  -----  -----  -----  -----
    1  -2.08          2.58   3.09    0.00          2.70   2674  -1.63  -3.51
    2  -2.64  -2.13   2.03   2.54   -3.51  -1.94   1.00   3420  -1.67  -3.18
    3  -2.86  -2.35   2.95   3.46   -3.18  -1.46   2.13   3715  -3.53  -5.65
    4  -3.83  -3.33          2.49   -5.65  -3.28   3.89   4938          0.00

 STRENGTH/DEFLECTION:
  Bay  -------Shear(kN)------  -----Moment(kN-m)-----  -Mom+Shr-  Deflect(mm)
   Id  Loc    Calc Limit   UC  Loc    Calc Limit   UC  Loc    UC   Calc Limit
  ---  ---- ------ ----- ----  ---- ------ ----- ----  ---- ----  ----- -----
    1  RLap   2.58 11.20 0.23  MidS   2.70  4.55 0.59  LLap 0.42   16.3  73.9
    2  LLap  -2.13 11.20 0.19  LLap  -1.94  4.46 0.43  LLap 0.37    2.5  74.6
    3  RLap   2.95 11.20 0.26  RLap  -3.53  4.46 0.79  RLap 0.65   13.7  91.2
    4  LLap  -3.33 11.20 0.30  MidS   3.89  4.53 0.86  LLap 0.62   34.0  90.5


 LAP BOLT SHEAR/BEARING:

  Bolt Size =12.00 (Gr8.8)

   Bay  Member    --Member_Left_End(kN)-  -Member_Right_End(kN)-
    Id  Part       Calc Shear  Bear   UC   Calc Shear  Bear   UC
  ----  --------  ----- ----- ----- ----  ----- ----- ----- ----
    1   200Z15                             1.33 15.37  7.27 0.18
    2   200Z15     1.33 15.37  7.27 0.18   1.21 15.37  7.27 0.17
    3   200Z15     1.21 15.37  7.27 0.17   2.14 15.37  7.27 0.29
    4   200Z15     2.14 15.37  7.27 0.29


================================================================================
 C463-002            Wall 4 - Panel Design (Bay  1)         18/DEC/2025  2:49pm
================================================================================

 PANEL DATA:
 -----------
  Bay                                       Rotation   Panel
   Id   Part      Rot  Type  Thick  Yield  Stiffness  Height
  ---   --------  ---  ----  -----  -----  ---------  ------
    1   45250 .5   N    4525  0.50    250     0.00      8899

 MOMENTS & DEFLECTION:
 ---------------------
                            --------------Moment(m-N/m   )-------------
  Span    Locate(mm)            Start       Midspan        End      Max  Deflect(mm)
   Id    Start   End  Load   Calc Limit   Calc Limit   Calc Limit    UC   Calc Limit
  ----   ----- -----  ----  ----- -----  ----- -----  ----- -----  ----  ----- -----
    1     3000  3080   WP       0  1800     50  1800    101  1800  0.06    0.0   0.9
                       WS       0   940    -54   940   -109   940  0.12    0.0   0.9
    2     3080  4280   WP     101  1800    -59   940    169  1800  0.09   -0.1  13.3
                       WS    -109   940     63  1800   -183   940  0.19    0.1  13.3
    3     4280  5780   WP     169  1800   -107   940    218  1800  0.12   -0.5  16.7
                       WS    -183   940    116  1800   -237   940  0.25    0.5  16.7
    4     5780  7280   WP     218  1800   -113   940    157  1800  0.12   -0.5  16.7
                       WS    -237   940    122  1800   -170   940  0.25    0.6  16.7
    5     7280  8280   WP     157  1800    -33   940     53  1800  0.09    0.0  11.1
                       WS    -170   940     36  1800    -58   940  0.18    0.0  11.1
    6     8280  8899   WP      53  1800    -28   940      0   940  0.03    0.0   6.9
                       WS     -58   940     30  1800      0  1800  0.06    0.0   6.9
 
                       WP - Wind_Pressure                  
                       WS - Wind_Suction                   
 

================================================================================
 C463-002            Wall 4 - Panel Zones                   18/DEC/2025  2:49pm
================================================================================

 PANEL:
 ------
                            Tensile
            Thick   Yield   Strength
  Part       (mm)  (MN/m2)  (MN/m2)
  --------  -----  -------  --------
  45250 .5   0.50   250.0     325.0

 GIRT SCREWS:
 ------------
              Dia  Washer  Limit
  Part       (mm)    (mm)   (kN)
  --------  -----  ------  -----
  14x20SDS    4.8    19.0  13.70

 PANEL ZONE LAYOUT:
 ------------------
                                            --Girt(mm,mm,mm)--  Panel
  Zone                 ----Wall(mm)---  Bay         Load   Min   Span
   Id   Description    Offset1 Offset2   Id Locate Width Thick   (mm)
  ----  -------------  ------- -------  --- ------ ----- -----  -----
    1   Interior          1280   29220    1   5780  1500  1.50   1500
    2   Lt Edge              0    1280    1   5780  1500  1.50   1500
    3   Rt Edge          29220   30500    4   5780  1500  1.50   1500

 GIRT SCREW CHECK:
 -----------------
        Screw     Wind         --------Limit(kN)-------
  Zone  Space  Suction   Load     Girt    Panel   Screw   Max
   Id    (mm)  (kN/m2)   (kN)  Pullout Pullover Tension    UC
  ----  -----  -------  -----  ------- -------- -------  ----
    1     250    1.154   0.43     0.92     1.54    3.65  0.47
    2     250    1.154   0.43     0.92     1.54    3.65  0.47
    3     250    1.154   0.43     0.92     1.54    3.65  0.47
 

================================================================================
 C463-002            Wall 4 - Weight Summary                18/DEC/2025  2:49pm
================================================================================

                                            Weight
                 Description                  (kg)
                 -----------               -------
                 Girts                 =    814.33

================================================================================
 C463-002            Wall 4 - Warning Summary               18/DEC/2025  2:49pm
================================================================================

                   .. No Warnings
