*===============================================================================
*C463-002            Wind Frame Detailing Input             18/DEC/2025  2:50pm
*===============================================================================
 
*( 1)JOBID:
    'C463-002'
 
*( 2)BUILDING LAYOUT:
*Build  Build    Build  --Left_Endwall-  -Right_Endwall-
*Type   Width   Length  Exp Opt  Offset  Exp Opt  Offset
 'FF' 12800.0  30500.0 'Y ' '-'  390.00 'Y ' '-'  390.00
 
*( 3)WALL LAYOUT:
*                              -------Wall------    Base    Wall  Detail  Detail
*No.  Id   Use      Type  Opt    Start    Length    Elev  Offset   Wall   Brace
  5    1  'LEFT  '  '-'   '-'      0.0   12800.0    0.00  230.00   'Y'     'Y'
       2  'FRONT '  '-'   '-'      0.0   30500.0    0.00  230.00   'Y'     'Y'
       3  'RIGHT '  '-'   '-'      0.0   12800.0    0.00  230.00   'Y'     'Y'
       4  'BACK  '  '-'   '-'      0.0   30500.0    0.00  230.00   'Y'     'Y'
       5  'ROOF  '  '-'   '-'      0.0   30500.0    0.00    0.00   'Y'     'Y'
 
*( 4)SURFACE SHAPE:
*No.                      --------Offset-------  --Option--
*Surf  X_Coord  Y_Coord    L_EW    R_EW   Frame  L_EW  R_EW
  4        0.0   9100.0  230.00  230.00  230.00  '-'   '-'
        6400.0   9740.0  200.00  200.00  200.00  '-'   '-'
       12800.0   9100.0  200.00  200.00  200.00  '-'   '-'
       12800.0      0.0  230.00  230.00  230.00  '-'   '-'
 
 
*( 5)BAY SPACING:
*Wall  ---Offset---    No.  ---Bay_Set---
* Id    Left  Right   Sets    Width  Quan
   1  230.00 230.00     2    7685.0    1
                             5115.0    1
   2  390.00 390.00     4    8535.0    1
                             8210.0    1
                             6715.0    1
                             7040.0    1
   3  230.00 230.00     2    5115.0    1
                             7685.0    1
   4  390.00 390.00     4    7040.0    1
                             6715.0    1
                             8210.0    1
                             8535.0    1
   5  390.00 390.00     4    8535.0    1
                             8210.0    1
                             6715.0    1
                             7040.0    1
 
*( 6)WALL COLUMNS:
* Wall  No.                               Bolt    Cap
*  Id   Col  Id   Part        Rot  Opt  Offset   Gage
    1    3    1  '--------'   'N'  '-'    0.00   0.00
              2  'W30a158 '   'N'  '-'   50.00  100.0
              3  '--------'   'N'  '-'    0.00   0.00
 
    2    5    1  '--------'   'N'  '-'    0.00  100.0
              2  '--------'   'N'  '-'    0.00  100.0
              3  '--------'   'N'  '-'    0.00  100.0
              4  '--------'   'N'  '-'    0.00  100.0
              5  '--------'   'N'  '-'    0.00  100.0
 
    3    3    1  '--------'   'N'  '-'    0.00   0.00
              2  'W30a158 '   'N'  '-'   50.00  100.0
              3  '--------'   'N'  '-'    0.00   0.00
 
    4    5    1  '--------'   'N'  '-'    0.00  100.0
              2  '--------'   'N'  '-'    0.00  100.0
              3  '--------'   'N'  '-'    0.00  100.0
              4  '--------'   'N'  '-'    0.00  100.0
              5  '--------'   'N'  '-'    0.00  100.0
 
 
*( 7)RIGID FRAMES/INTERIOR COLUMNS:
*     ----Frame---  ---Flange_Thick---  No.
*No.  Line Id Type  LtCol  RtCol  Roof  Col  Id Type  Rot  Part        Locate
  5     1   1 'RF'   6.00   6.00  5.00   0
        2   2 'RF'   6.00   6.00  6.00   0
        3   3 'RF'   6.00   6.00  5.00   0
        4   4 'RF'   6.00   6.00  5.00   0
        5   5 'RF'   6.00   6.00  5.00   0
 
 
*( 8)WIND BENT:
*Wall                         Bay  --------------Column--------------  ----Rafter----  ---Base-- Splice Stiff_Id
* Id   No.   Offset   Height   Id  Type  Part       Depth    Web Weld  Part      Weld   Elev  Id    Id    1   2
   1     0
   2     0
   3     0
   4     0
   5     0
 
*( 9)WIND COLUMN:
*Wall               Bay  Side                      Top  Weld  Base_Plate  Flange Web
* Id   No.  Offset   Id   L/R  Type  Part        Depth   Id    Elev   Id     Id   Id
   1    0
   2    0
   3    0
   4    0
   5    0
 
*(10)WALL OPENINGS:
*Wall       Bay                                  ----Jamb_Part----
* Id   No.   Id   Width   Height  Offset Type    Left        Right
   1    0
   2    0
   3    0
   4    0
 
*(11)PARTIAL WALLS:
*Wall         Base        Top         --Bay_Id--
* Id  No.     Part        Part        Start  End   Height
   1    1    '--------'  '--------'      1     2   3000.0
   2    1    '--------'  '--------'      1     4   3000.0
   3    1    '--------'  '--------'      1     2   3000.0
   4    1    '--------'  '--------'      1     4   3000.0
 
*(12)WALL GIRTS:
*Wall No.  Bay                                    No.
* Id  Bay  Id  Type Offset  Project   Part       Girt  Location
   1   0
   2   0
   3   0
   4   0
 
*(13)PURLIN LAYOUT:
*Surf                                             Rafter_Width
* Id   Type  Offset  Project   Depth   Part        Left  Right
   2   'ZB'    0.00     0.00  200.00  '200Z25  '   0.00   0.00
   3   'ZB'    0.00     0.00  200.00  '200Z25  '   0.00   0.00
 
*(14)PURLIN LOCATION:
*Surf    Peak
* Id    Space  Row  Locate
   2    300.0    4  1334.9   2933.9   4532.9   6131.9
   3    300.0    4   300.0   1899.0   3498.0   5097.0
 
*(15)EAVE STRUTS:
*Wall
* Id   Type   Part
   2   'ZB'  '200Z25  '
   4   'ZB'  '200Z18  '
 
*(16)WALL/ROOF STRUTS:
*----Strut---- Wall  --Bay_Id-- --Attach--                       Connect_Id
*No.   Id Type Surf  Start End  Locate Opt  Part      Rot Offset  Start End   X_Coord  Y_Coord
   4    1 'W'    2      1    1  7430.0   4 'T125x32 ' 'N'    0.0    27   27   12414.0   7430.0
        2 'W'    2      4    4  7430.0   4 'T92x36  ' 'N'    0.0    28   28   12414.0   7430.0
        3 'W'    4      1    1  7430.0   4 'T92x36  ' 'N'    0.0    29   29     386.0   7430.0
        4 'W'    4      4    4  7430.0   4 'T125x32 ' 'N'    0.0    30   30     386.0   7430.0
 
 
*(17)ROOF DIAGONAL BRACING ATTACHMENT POINTS:
*Wall    No.      Attachment_Locations
* Id   Attach        1        2        3
   1      3         0.0   6400.0  12800.0
   2      0
   3      3         0.0   6400.0  12800.0
   4      0
 
*(18)ROOF DIAGONAL BRACING:
*Wall  No.  Bay                          Connect
* Id   Bay   Id  Use  Type   Part        Opt  Id
   1    2     1  'B'  'R '  'ROD20   '   '-'   5
                      'R '  'ROD20   '   '-'   6
              4  'B'  'R '  'ROD20   '   '-'   7
                      'R '  'ROD20   '   '-'   8
 
   2    0
   3    0
   4    0
 
*(19)WALL DIAGONAL BRACING:
*Wall No.         --Bay_Id-           No.  Level    Level                   Connect
* Id  Bay  Offset Start End    Elev  Level  Type   Height  Type  Part       Opt  Id
   1   0
   2   2      0.0   1    1     0.00    2    'B'    7430.0  'R ' 'ROD20   '  '-'   9
                                            'B'    9100.0  'R ' 'ROD20   '  '-'  10
              0.0   4    4     0.00    2    'B'    7430.0  'R ' 'ROD20   '  '-'  11
                                            'B'    9100.0  'R ' 'ROD20   '  '-'  12
 
   3   0
   4   2      0.0   1    1     0.00    2    'B'    7430.0  'R ' 'ROD20   '  '-'  13
                                            'B'    9100.0  'R ' 'ROD20   '  '-'  14
              0.0   4    4     0.00    2    'B'    7430.0  'R ' 'ROD20   '  '-'  15
                                            'B'    9100.0  'R ' 'ROD20   '  '-'  16
 
   5   0
 
*(20)WALL BRACING SLOTS:
*No.  Wall  Bay  Line  Level  ---------Start--------   ----------End---------
*Loc   Id    Id   Id    Id    Offset    Locate Thick   Offset    Locate Thick  Slot
  16    2     1    1     1    311.00    266.00  0.00   311.00   7280.00  0.00  0.00
        2     1    1     2    311.00   7580.00  0.00   311.00   8667.58  0.00  0.00
        2     1    2     1    311.00    270.00  0.00   311.00   7280.00  0.00  0.00
        2     1    2     2    311.00   7580.00  0.00   311.00   8666.57  0.00  0.00
        2     4    4     1    311.00    266.00  0.00   311.00   7280.00  0.00  0.00
        2     4    4     2    311.00   7580.00  0.00   311.00   8667.58  0.00  0.00
        2     4    5     1    311.00    266.00  0.00   311.00   7280.00  0.00  0.00
        2     4    5     2    311.00   7580.00  0.00   311.00   8667.58  0.00  0.00
        4     1    1     1    311.00    266.00  0.00   311.00   7280.00  0.00  0.00
        4     1    1     2    311.00   7580.00  0.00   311.00   8667.58  0.00  0.00
        4     1    2     1    311.00    266.00  0.00   311.00   7280.00  0.00  0.00
        4     1    2     2    311.00   7580.00  0.00   311.00   8667.58  0.00  0.00
        4     4    4     1    311.00    270.00  0.00   311.00   7280.00  0.00  0.00
        4     4    4     2    311.00   7580.00  0.00   311.00   8666.57  0.00  0.00
        4     4    5     1    311.00    266.00  0.00   311.00   7280.00  0.00  0.00
        4     4    5     2    311.00   7580.00  0.00   311.00   8667.58  0.00  0.00
 
*(21)ROOF BRACING SLOTS:
*No.  Wall  Bay  Line  Att  -----------Start-----------   ------------End------------
*Loc   Id    Id   Id    Id  Surf  Offset    Locate Thick  Surf  Offset    Locate Thick  Slot
   8    1     1    1     1   2    280.00    391.68  0.00    2   280.00   6211.42  0.00  0.00
        1     1    1     2   3    280.00    220.50  0.00    3   280.00   6040.24  0.00  0.00
        1     1    2     1   2    281.00    391.58  0.00    2   281.00   6211.32  0.00  0.00
        1     1    2     2   3    281.00    220.60  0.00    3   281.00   6040.34  0.00  0.00
        1     4    4     1   2    280.00    391.68  0.00    2   280.00   6211.42  0.00  0.00
        1     4    4     2   3    280.00    220.50  0.00    3   280.00   6040.24  0.00  0.00
        1     4    5     1   2    280.00    391.68  0.00    2   280.00   6211.42  0.00  0.00
        1     4    5     2   3    280.00    220.50  0.00    3   280.00   6040.24  0.00  0.00
 
*(22)ROOF OPENING LAYOUT:
*   Open  --Location-     Frame --Surface-- ----Bay----                     Ref
*No. Id   Use      Id Opt  Type Id   Offset Id   Offset    Width   Length   Id
   0
 
*(23)ROOF OPENING FRAMING:
*    Mem Open     Surf Bay           ---------Member--------  Frame_Opt   Frame_Id  Connect_Id Weld
*No.  Id  Id  Use  Id   Id   Offset  Type Opt  Rot  Part      Start End  Start End  Start  End  Id
   0
 
*(24)ADDITIONAL PURLINS:
*         Surf Ext          Bay Purl           --------Member--------  ----Extension----   Frame_Opt -Frame_Id-  Connect_Id
*No.  Id   Id   Id  Use      Id  Id    Offset  Type Rot Opt  Part          Left    Right  Left Right Left Right  Left Right
   0
 
*(25)EXTENSION LAYOUT:
*         Wall            ---Bay---  --Edge_Extend--  End_Option
*No.  Id   Id  Type  Opt  Start End    Left    Right  Left Right
  3    1    1  'EC'  '-'     1    1     0.0      0.0   '-'  '-'
       2    2  'EC'  '-'     3    3     0.0      0.0   '-'  '-'
       3    3  'EC'  '-'     2    2     0.0      0.0   '-'  '-'
 
*(26)EXTENSION SIZE:
*      ----Horizontal_Size---   ---------Vertical_Size-------- --Orient--
*Id      Elev   Width   Slope     Elev  Height   Slope Project Beam Panel
  1    8200.0  1500.0   10.00      0.0     0.0    0.00    0.00  '-'  '-'
  2    5200.0  1500.0   10.00      0.0     0.0    0.00    0.00  '-'  '-'
  3    5200.0  1500.0   10.00      0.0     0.0    0.00    0.00  '-'  '-'
 
*(27)EXTENSION DETAIL PROPERTIES:
*    Ext    Purlin_Deduct   Eave_Deduct
*No.  Id     Left   Right   Left  Right
  0
 
*(28)EXTENSION BEAMS:
*    Ext Line                                                --------Offset-------  -Connect-
*No.  Id  Id   Use       Orn  Part      Type Shape Rot Opt    Horz   Vert     Wall  Start End
   0
 
*(29)EXTENSION BRACING:
*          Bay
*No.   Id   Id  Orn  Type   Part
  0
 
*(30)EXTENSION SLOTS:
*          Bay  Line      --------Start--------  ---------End---------
*No.   Id   Id   Id  Orn  Offset  Locate  Thick  Offset  Locate  Thick
   0
 
*(31)CONNECTIONS:
*                   ------Plate------  -----Plate_Size----  -------------------Bolts-------------------  Bolt  -Weld-
*No.  Id  Type Opt  Use        Id Loc  Width Length  Thick  Type      Dia Row1 Row2 Space1 Space2  Gage   Ref   1   2
  16   5  ' R' '-' 'BRACE_R '   1   1   0.00   0.00   0.00 '-----'   0.00   0    1    0.00   0.00   0.0     0   0   0
       6  ' R' '-' 'BRACE_R '   1   1   0.00   0.00   0.00 '-----'   0.00   0    1    0.00   0.00   0.0     0   0   0
       7  ' R' '-' 'BRACE_R '   1   2   0.00   0.00   0.00 '-----'   0.00   0    1    0.00   0.00   0.0     0   0   0
       8  ' R' '-' 'BRACE_R '   1   2   0.00   0.00   0.00 '-----'   0.00   0    1    0.00   0.00   0.0     0   0   0
       9  ' R' '-' 'BRACE_W '   2   1   0.00   0.00   0.00 '-----'   0.00   0    1    0.00   0.00   0.0     0   0   0
      10  ' R' '-' 'BRACE_W '   2   1   0.00   0.00   0.00 '-----'   0.00   0    1    0.00   0.00   0.0     0   0   0
      11  ' R' '-' 'BRACE_W '   2   2   0.00   0.00   0.00 '-----'   0.00   0    1    0.00   0.00   0.0     0   0   0
      12  ' R' '-' 'BRACE_W '   2   2   0.00   0.00   0.00 '-----'   0.00   0    1    0.00   0.00   0.0     0   0   0
      13  ' R' '-' 'BRACE_W '   4   1   0.00   0.00   0.00 '-----'   0.00   0    1    0.00   0.00   0.0     0   0   0
      14  ' R' '-' 'BRACE_W '   4   1   0.00   0.00   0.00 '-----'   0.00   0    1    0.00   0.00   0.0     0   0   0
      15  ' R' '-' 'BRACE_W '   4   2   0.00   0.00   0.00 '-----'   0.00   0    1    0.00   0.00   0.0     0   0   0
      16  ' R' '-' 'BRACE_W '   4   2   0.00   0.00   0.00 '-----'   0.00   0    1    0.00   0.00   0.0     0   0   0
      27  'SG' '-' 'STRUT   '   0   1 150.00   0.00  10.00 'Gr8.8'  16.00   2    1   75.00   0.00  75.0   104   1   2
      28  'SG' '-' 'STRUT   '   0   1 150.00   0.00  10.00 'Gr8.8'  16.00   2    1   75.00   0.00  75.0   104   3   4
      29  'SG' '-' 'STRUT   '   0   1 150.00   0.00  10.00 'Gr8.8'  16.00   2    1   75.00   0.00  75.0   104   5   6
      30  'SG' '-' 'STRUT   '   0   1 150.00   0.00  10.00 'Gr8.8'  16.00   2    1   75.00   0.00  75.0   104   7   8
 
 
*(32)WELDS:
*    Table      ---OS_Flange---  ---IS_Flange---  ------Web------
*No.  Id   Opt   Size Type Note   Size Type Note   Size Type Note
   8   1   '-'   0.00 '-1' '--'   0.00 '-1' '--'   0.00 '-1' '--'
       2   '-'   0.00 '--' '--'   0.00 '--' '--'   4.00 'F2' '--'
       3   '-'   0.00 '-1' '--'   0.00 '-1' '--'   0.00 '-1' '--'
       4   '-'   0.00 '--' '--'   0.00 '--' '--'   4.00 'F2' '--'
       5   '-'   0.00 '-1' '--'   0.00 '-1' '--'   0.00 '-1' '--'
       6   '-'   0.00 '--' '--'   0.00 '--' '--'   4.00 'F2' '--'
       7   '-'   0.00 '-1' '--'   0.00 '-1' '--'   0.00 '-1' '--'
       8   '-'   0.00 '--' '--'   0.00 '--' '--'   4.00 'F2' '--'
 

================================================================================
 C463-002                    Wall Strut  ST-1               18/DEC/2025  2:50pm
================================================================================
  Quan:   2                        Mark: ST-1   
-------------------------------------------------------------------------------

 PLATES:
 -------
 Quan Mark Part     Description     Width   Thick    Length   UnitWt  TotalWt
 ---- ---- -------- -----------   -------   -----  --------   ------  -------
   2  MB1  T125x32  Member            125    3.20      7842    94.11   188.22
   2  EP1  EP       End Plate         150   10.00       150     1.77     3.54
   2  EP2  EP       End Plate         150   10.00       150     1.77     3.54
   2  EW1  EW       Welded EP         150   10.00       120     1.41     2.83
   2  EW2  EW       Welded EP         150   10.00       120     1.41     2.83
                                                                      -------
                                                                       200.95

 PLATE CUTS:
 -----------
  Plate     Cut  Cut     Cut      Cut
  Mark      Loc  Type  Width   Length
  --------  ---  ----  -----   ------
  EW 1       1    C      15        15 
  EW 2       1    C      15        15 

 HOLE LOCATIONS:
 ---------------
  Hole
  Type     Dia  Offset   Gage    Aux   Angle  Locate
  ----   -----  ------  -----  -----  ------  --------------------------------
  EW1       18     38      75      0    0.00         50 
  EW2       18     38      75      0    0.00         50 

 PLATE LOCATIONS:
 ----------------
  Plate
  Type  Attach  Offset   Angle  Side  Rot  Locate
  ----- ------  ------  ------  ----  ---  --------------------------------
  EP1      -        13    0.00    -    -        -130 
  EP2      -        13    0.00    -    -        7842 
  EW1      E       -13    0.00    -    -        -130 
  EW2      E       -13    0.00    -    -        7842 

 WELDS:
 ------
                  Weld   Weld  Weld    Weld
   Plate  Plate2  Type   Size  Note  Length  Opt
   -----  ------  ----  -----  ----  ------  ---
    EP1    WB      -1    0.00    -    125.0   -
    EP1    WB      -1    0.00    -    125.0   -
    EP1    OF      -1    0.00    -    125.0   -
    EP1    IF      -1    0.00    -    125.0   -
    EP2    WB      -1    0.00    -    125.0   -
    EP2    WB      -1    0.00    -    125.0   -
    EP2    OF      -1    0.00    -    125.0   -
    EP2    IF      -1    0.00    -    125.0   -
    EW1    EP1     F2    4.00    -    150.0   -
    EW2    EP2     F2    4.00    -    150.0   -

 FINISH DIMENSIONS:
 ------------------
   Member Overall  =     7842 
   Max    Overall  =     8102 

 CLIP DETAILING:
 ---------------
   Mark   Typ Thick Ang     A      B      C      D      E      F      G      H
   ------ --- ----- --- ------ ------ ------ ------ ------ ------ ------ ------
   EP1     z  10.00   0   0.00   0.00 150.00   0.00   0.00   0.00   0.00   0.00
   EW1     y   0.00   0  37.50  75.00  50.00  70.00   0.00   0.00   0.00   0.00

================================================================================
 C463-002                    Wall Strut  ST-2               18/DEC/2025  2:50pm
================================================================================
  Quan:   2                        Mark: ST-2   
-------------------------------------------------------------------------------

 PLATES:
 -------
 Quan Mark Part     Description     Width   Thick    Length   UnitWt  TotalWt
 ---- ---- -------- -----------   -------   -----  --------   ------  -------
   2  MB1  T92x36   Member             92    3.60      6347    61.38   122.76
   2  EP1  EP       End Plate         150   10.00       150     1.77     3.54
   2  EP2  EP       End Plate         150   10.00       150     1.77     3.54
   2  EW1  EW       Welded EP         150   10.00       120     1.41     2.83
   2  EW2  EW       Welded EP         150   10.00       120     1.41     2.83
                                                                      -------
                                                                       135.49

 PLATE CUTS:
 -----------
  Plate     Cut  Cut     Cut      Cut
  Mark      Loc  Type  Width   Length
  --------  ---  ----  -----   ------
  EW 1       1    C      15        15 
  EW 2       1    C      15        15 

 HOLE LOCATIONS:
 ---------------
  Hole
  Type     Dia  Offset   Gage    Aux   Angle  Locate
  ----   -----  ------  -----  -----  ------  --------------------------------
  EW1       18     38      75      0    0.00         50 
  EW2       18     38      75      0    0.00         50 

 PLATE LOCATIONS:
 ----------------
  Plate
  Type  Attach  Offset   Angle  Side  Rot  Locate
  ----- ------  ------  ------  ----  ---  --------------------------------
  EP1      -        29    0.00    -    -        -130 
  EP2      -        29    0.00    -    -        6347 
  EW1      E       -29    0.00    -    -        -130 
  EW2      E       -29    0.00    -    -        6347 

 WELDS:
 ------
                  Weld   Weld  Weld    Weld
   Plate  Plate2  Type   Size  Note  Length  Opt
   -----  ------  ----  -----  ----  ------  ---
    EP1    WB      -1    0.00    -     91.5   -
    EP1    WB      -1    0.00    -     91.5   -
    EP1    OF      -1    0.00    -     91.5   -
    EP1    IF      -1    0.00    -     91.5   -
    EP2    WB      -1    0.00    -     91.5   -
    EP2    WB      -1    0.00    -     91.5   -
    EP2    OF      -1    0.00    -     91.5   -
    EP2    IF      -1    0.00    -     91.5   -
    EW1    EP1     F2    4.00    -    150.0   -
    EW2    EP2     F2    4.00    -    150.0   -

 FINISH DIMENSIONS:
 ------------------
   Member Overall  =     6347 
   Max    Overall  =     6607 

 CLIP DETAILING:
 ---------------
   Mark   Typ Thick Ang     A      B      C      D      E      F      G      H
   ------ --- ----- --- ------ ------ ------ ------ ------ ------ ------ ------
   EP1     z  10.00   0   0.00   0.00 150.00   0.00   0.00   0.00   0.00   0.00
   EW1     y   0.00   0  37.50  75.00  50.00  70.00   0.00   0.00   0.00   0.00

================================================================================
 C463-002                   Rod Bracing  CB-1               18/DEC/2025  2:50pm
================================================================================
  Quan:   4                        Mark: CB-1               Part:ROD20   
-------------------------------------------------------------------------------

 PLATES:
 -------
 Quan Mark Part     Description     Width   Thick    Length   UnitWt  TotalWt
 ---- ---- -------- -----------   -------   -----  --------   ------  -------
   4  CB1  ROD20    SW Rod             20   20.00     10750    26.51   106.04
                                                                      -------
                                                                       106.04

 FINISH DIMENSIONS:
 ------------------
   Fabricated Length  =    11000 
   Cut        Length  =    10750 

================================================================================
 C463-002                   Rod Bracing  CB-2               18/DEC/2025  2:50pm
================================================================================
  Quan:   4                        Mark: CB-2               Part:ROD20   
-------------------------------------------------------------------------------

 PLATES:
 -------
 Quan Mark Part     Description     Width   Thick    Length   UnitWt  TotalWt
 ---- ---- -------- -----------   -------   -----  --------   ------  -------
   4  CB1  ROD20    SW Rod             20   20.00      8220    20.27    81.08
                                                                      -------
                                                                        81.08

 FINISH DIMENSIONS:
 ------------------
   Fabricated Length  =     8470 
   Cut        Length  =     8220 

================================================================================
 C463-002                   Rod Bracing  CB-3               18/DEC/2025  2:50pm
================================================================================
  Quan:   4                        Mark: CB-3               Part:ROD20   
-------------------------------------------------------------------------------

 PLATES:
 -------
 Quan Mark Part     Description     Width   Thick    Length   UnitWt  TotalWt
 ---- ---- -------- -----------   -------   -----  --------   ------  -------
   4  CB1  ROD20    SW Rod             20   20.00      9670    23.85    95.38
                                                                      -------
                                                                        95.38

 FINISH DIMENSIONS:
 ------------------
   Fabricated Length  =     9920 
   Cut        Length  =     9670 

================================================================================
 C463-002                   Rod Bracing  CB-4               18/DEC/2025  2:50pm
================================================================================
  Quan:   4                        Mark: CB-4               Part:ROD20   
-------------------------------------------------------------------------------

 PLATES:
 -------
 Quan Mark Part     Description     Width   Thick    Length   UnitWt  TotalWt
 ---- ---- -------- -----------   -------   -----  --------   ------  -------
   4  CB1  ROD20    SW Rod             20   20.00      6740    16.62    66.48
                                                                      -------
                                                                        66.48

 FINISH DIMENSIONS:
 ------------------
   Fabricated Length  =     6990 
   Cut        Length  =     6740 

================================================================================
 C463-002                   Rod Bracing  CB-5               18/DEC/2025  2:50pm
================================================================================
  Quan:   4                        Mark: CB-5               Part:ROD20   
-------------------------------------------------------------------------------

 PLATES:
 -------
 Quan Mark Part     Description     Width   Thick    Length   UnitWt  TotalWt
 ---- ---- -------- -----------   -------   -----  --------   ------  -------
   4  CB1  ROD20    Roof Rod           20   20.00     10010    24.68    98.74
                                                                      -------
                                                                        98.74

 FINISH DIMENSIONS:
 ------------------
   Fabricated Length  =    10260 
   Cut        Length  =    10010 

================================================================================
 C463-002                   Rod Bracing  CB-6               18/DEC/2025  2:50pm
================================================================================
  Quan:   4                        Mark: CB-6               Part:ROD20   
-------------------------------------------------------------------------------

 PLATES:
 -------
 Quan Mark Part     Description     Width   Thick    Length   UnitWt  TotalWt
 ---- ---- -------- -----------   -------   -----  --------   ------  -------
   4  CB1  ROD20    Roof Rod           20   20.00      8840    21.80    87.20
                                                                      -------
                                                                        87.20

 FINISH DIMENSIONS:
 ------------------
   Fabricated Length  =     9090 
   Cut        Length  =     8840 

================================================================================
 C463-002            Bracing Attachments                    18/DEC/2025  2:50pm
================================================================================
 
  WALL BRACING:
  -------------
    Wall  Bay  Level        Brace  Piece             -------Span-------          ------Deduct------  Diagonal
     Id   Id    Id    Side  Order  Mark    Part         Width  Vertical   Angle     Start       End    Length
    ----  ---  -----  ----  -----  ------  --------  --------  --------  ------  --------  --------  --------
      2    1     1      L     1    CB-1    ROD20      8145.00   7014.00  0.7109   -250.00      0.00  10998.82          
      2    1     1      R     2    CB-1    ROD20      8145.00   7010.00  0.7106   -250.00      0.00  10996.21          
      2    1     2      L     1    CB-2    ROD20      8145.00   1086.57  0.1326   -250.00      0.00   8467.16          
      2    1     2      R     2    CB-2    ROD20      8145.00   1087.58  0.1327   -250.00      0.00   8467.29          
      2    4     1      L     1    CB-3    ROD20      6650.00   7014.00  0.8120   -250.00      0.00   9915.33          
      2    4     1      R     2    CB-3    ROD20      6650.00   7014.00  0.8120   -250.00      0.00   9915.33          
      2    4     2      L     1    CB-4    ROD20      6650.00   1087.58  0.1621   -250.00      0.00   6988.35          
      2    4     2      R     2    CB-4    ROD20      6650.00   1087.58  0.1621   -250.00      0.00   6988.35          
      4    1     1      L     1    CB-3    ROD20      6650.00   7014.00  0.8120   -250.00      0.00   9915.33          
      4    1     1      R     2    CB-3    ROD20      6650.00   7014.00  0.8120   -250.00      0.00   9915.33          
      4    1     2      L     1    CB-4    ROD20      6650.00   1087.58  0.1621   -250.00      0.00   6988.35          
      4    1     2      R     2    CB-4    ROD20      6650.00   1087.58  0.1621   -250.00      0.00   6988.35          
      4    4     1      L     1    CB-1    ROD20      8145.00   7010.00  0.7106   -250.00      0.00  10996.21          
      4    4     1      R     2    CB-1    ROD20      8145.00   7014.00  0.7109   -250.00      0.00  10998.82          
      4    4     2      L     1    CB-2    ROD20      8145.00   1087.58  0.1327   -250.00      0.00   8467.29          
      4    4     2      R     2    CB-2    ROD20      8145.00   1086.57  0.1326   -250.00      0.00   8467.15          
 
  ROOF BRACING:
  -------------
    Wall  Bay  Level        Brace  Piece             -------Span-------           Event Id   ------Deduct------  Diagonal
     Id   Id    Id    Side  Order  Mark    Part         Width  Vertical   Angle  Start  End     Start       End    Length
    ----  ---  -----  ----  -----  ------  --------  --------  --------  ------  -----  ---  --------  --------  --------
      1    1     1      L     1    CB-5    ROD20      8145.00   5819.84  0.6204      0    0   -250.00      0.00  10260.57          
      1    1     1      R     2    CB-5    ROD20      8145.00   5819.64  0.6204      0    0   -250.00      0.00  10260.46          
      1    1     2      L     1    CB-5    ROD20      8145.00   5819.64  0.6204      0    0   -250.00      0.00  10260.46          
      1    1     2      R     2    CB-5    ROD20      8145.00   5819.84  0.6204      0    0   -250.00      0.00  10260.57          
      1    4     1      L     1    CB-6    ROD20      6650.00   5819.74  0.7189      0    0   -250.00      0.00   9086.96          
      1    4     1      R     2    CB-6    ROD20      6650.00   5819.74  0.7189      0    0   -250.00      0.00   9086.96          
      1    4     2      L     1    CB-6    ROD20      6650.00   5819.74  0.7189      0    0   -250.00      0.00   9086.96          
      1    4     2      R     2    CB-6    ROD20      6650.00   5819.74  0.7189      0    0   -250.00      0.00   9086.96          

================================================================================
 C463-002            Strut Attachments                      18/DEC/2025  2:50pm
================================================================================
 
  WALL STRUT:
  -----------
    Strut  Wall  Bay  Attach  Piece
       Id    Id   Id  Locate   Mark 
    -----  ----  ---  ------  -----
       1      2    1   7430.0 ST-1   
       2      2    4   7430.0 ST-2   
       3      4    1   7430.0 ST-2   
       4      4    4   7430.0 ST-1   

================================================================================
 C463-002            Weld Lengths                           18/DEC/2025  2:50pm
================================================================================

        Piece            Web-Flange    --------Hand_Weld-------
  Quan  Mark     Size      Fillet       Fillet   Groove    Butt
  ----  -----   -----    ----------    -------  -------  ------
     2  ST-1     4.00           0          600        0       0
 
     2  ST-2     4.00           0          600        0       0

================================================================================
 C463-002            Cost Summary                           18/DEC/2025  2:50pm
================================================================================
        Piece                  End    Clip  Stiff         Surf   Set  Unit  Total
  Quan  Id     Flange    Web  Plate  Plate  Plate  Weld  Treat    Up  Cost   Cost
  ----  -----  ------    ---  -----  -----  -----  ----  -----  ----  ----  -----
    2    ST-1   
        Matrl:      0      0      5      0      0     0     0            5     10
        Labor:      0      0      0      0      0     0     0      0     0      0
               ------    ---  -----  -----  -----  ----  -----  ----  ----  -----
                    0      0      5      0      0     0     0      0     5     10
    2    ST-2   
        Matrl:      0     47      5      0      0     0     0           52    104
        Labor:      0      0      0      0      0     0     0      0     0      0
               ------    ---  -----  -----  -----  ----  -----  ----  ----  -----
                    0     47      5      0      0     0     0      0    52    104
    4    CB-1   
        Matrl:      0      0      0      0      0     0     0            0      0
        Labor:      0      0      0      0      0     0     0      0     0      0
               ------    ---  -----  -----  -----  ----  -----  ----  ----  -----
                    0      0      0      0      0     0     0      0     0      0
    4    CB-2   
        Matrl:      0      0      0      0      0     0     0            0      0
        Labor:      0      0      0      0      0     0     0      0     0      0
               ------    ---  -----  -----  -----  ----  -----  ----  ----  -----
                    0      0      0      0      0     0     0      0     0      0
    4    CB-3   
        Matrl:      0      0      0      0      0     0     0            0      0
        Labor:      0      0      0      0      0     0     0      0     0      0
               ------    ---  -----  -----  -----  ----  -----  ----  ----  -----
                    0      0      0      0      0     0     0      0     0      0
    4    CB-4   
        Matrl:      0      0      0      0      0     0     0            0      0
        Labor:      0      0      0      0      0     0     0      0     0      0
               ------    ---  -----  -----  -----  ----  -----  ----  ----  -----
                    0      0      0      0      0     0     0      0     0      0
    4    CB-5   
        Matrl:      0      0      0      0      0     0     0            0      0
        Labor:      0      0      0      0      0     0     0      0     0      0
               ------    ---  -----  -----  -----  ----  -----  ----  ----  -----
                    0      0      0      0      0     0     0      0     0      0
    4    CB-6   
        Matrl:      0      0      0      0      0     0     0            0      0
        Labor:      0      0      0      0      0     0     0      0     0      0
               ------    ---  -----  -----  -----  ----  -----  ----  ----  -----
                    0      0      0      0      0     0     0      0     0      0
 

 PLATE COST:
 -----------
  Piece  -------------Plate-------------        Material    Labor   Surface
  Mark   Mark  Part      Length   Weight  Qty       Cost     Cost  Treatment  File     Record    Adjust
  -----  ----  --------  ------   ------  ---   --------  -------  ---------  -------  --------  --------
  ST-1   MB1   T125x32   7842.5    94.11    1       0.01     0.01      0.00   DT_COST  T125x32           
  ST-1   EP1              150.0     1.77    1       1.36     0.00      0.00   EW_COST  FRAME     @$W/L(F)
  ST-1   EP2              150.0     1.77    1       1.36     0.00      0.00   EW_COST  FRAME     @$W/L(F)
  ST-1   EW1              120.0     1.41    1       1.09     0.00      0.00   EW_COST  FRAME     @$W/L(F)
  ST-1   EW2              120.0     1.41    1       1.09     0.00      0.00   EW_COST  FRAME     @$W/L(F)
  ST-2   MB1   T92x36    6347.5    61.38    1      47.26     0.00      0.00   EW_COST  FRAME     @$W/L(F)
  ST-2   EP1              150.0     1.77    1       1.36     0.00      0.00   EW_COST  FRAME     @$W/L(F)
  ST-2   EP2              150.0     1.77    1       1.36     0.00      0.00   EW_COST  FRAME     @$W/L(F)
  ST-2   EW1              120.0     1.41    1       1.09     0.00      0.00   EW_COST  FRAME     @$W/L(F)
  ST-2   EW2              120.0     1.41    1       1.09     0.00      0.00   EW_COST  FRAME     @$W/L(F)
  CB-1   CB1   ROD20      11000    26.51    1       0.01     0.00      0.00   DT_COST  ROD20             
  CB-2   CB1   ROD20     8470.0    20.27    1       0.01     0.00      0.00   DT_COST  ROD20             
  CB-3   CB1   ROD20     9920.0    23.85    1       0.01     0.00      0.00   DT_COST  ROD20             
  CB-4   CB1   ROD20     6990.0    16.62    1       0.01     0.00      0.00   DT_COST  ROD20             
  CB-5   CB1   ROD20      10260    24.68    1       0.01     0.00      0.00   DT_COST  ROD20             
  CB-6   CB1   ROD20     9090.0    21.80    1       0.01     0.00      0.00   DT_COST  ROD20             

================================================================================
 C463-002            Warning Summary                        18/DEC/2025  2:50pm
================================================================================

                   .. No Warnings
