*===============================================================================
*C323-153-Final      Component Detail Input                 11/AUG/2025  1:05pm
*===============================================================================
 
*( 1)JOBID:
    'C323-153-Final'
 
*( 2)BUILDING LAYOUT:
*                          ----Left_Endwall----  ----Right_Endwall----
*  Type    Width   Length  Exp  Offset  Project   Exp  Offset  Project
  'FF-'  22470.0  36285.0 'Y '  440.00   230.00  'Y '  440.00   230.00
 
*( 3)WALL LAYOUT:
*                          -------Wall-------    Base    Wall
* No. Id  Use     Type Opt    Start    Length    Elev  Offset
   5  1  'LEFT  ' '-'  '-'      0.0   22470.0    0.00  230.00
      2  'FRONT ' '-'  '-'      0.0   36285.0    0.00  230.00
      3  'RIGHT ' '-'  '-'      0.0   22470.0    0.00  230.00
      4  'BACK  ' '-'  '-'      0.0   36285.0    0.00  230.00
      5  'ROOF  ' '-'  '-'      0.0   36285.0    0.00    0.00
 
*( 4)SURFACE SHAPE:
*                                -------Offset-------
*  No.    X_Coord   Y_Coord     Left   Right    Frame  Opt
    4         0.0    8420.0   230.00 230.00    230.00  '-'
          11235.0    9543.5   150.00 150.00    150.00  '-'
          22470.0    8420.0   150.00 150.00    150.00  '-'
          22470.0       0.0   230.00 230.00    230.00  '-'
 
*( 5)BAY SPACING:
*Wall  ----Offset---   No.   ---Bay_Set---
* Id    Left   Right  Sets     Width  Quan
   1  230.00  230.00    1    11235.0    2
   2  440.00  440.00    6     6200.0    1
                              5990.0    1
                              6145.0    1
                              5700.0    1
                              6000.0    1
                              6250.0    1
   3  230.00  230.00    1    11235.0    2
   4  440.00  440.00    6     6250.0    1
                              6000.0    1
                              5700.0    1
                              6145.0    1
                              5990.0    1
                              6200.0    1
   5  440.00  440.00    6     6200.0    1
                              5990.0    1
                              6145.0    1
                              5700.0    1
                              6000.0    1
                              6250.0    1
 
*( 6)WALL COLUMNS:
*Wall                                         ---Flange---          ---Clearance--
* Id  No.  Id   Part       Rot  Opt   Height  Width  Thick  Splice    Roof    Wall
  1    3    1  '--------'  'N'  '-'     0.00   0.00   0.00   '-'      0.00    0.00
            2  'W40b155 '  'N'  '-'  8814.00 150.00   5.00   '-'      0.00    0.00
            3  '--------'  'N'  '-'     0.00   0.00   0.00   '-'      0.00    0.00
  2    7    1  '--------'  'N'  '-'     0.00 125.00   6.00   'H'   1284.98 1038.40
            2  '--------'  'N'  '-'     0.00 175.00   8.00   'H'   1284.98 1038.40
            3  '--------'  'N'  '-'     0.00 175.00   8.00   'H'   1284.98 1038.40
            4  '--------'  'N'  '-'     0.00 160.00   6.00   'H'   1284.98 1038.40
            5  '--------'  'N'  '-'     0.00 175.00   8.00   'H'   1284.98 1038.40
            6  '--------'  'N'  '-'     0.00 175.00   8.00   'H'   1284.98 1038.40
            7  '--------'  'N'  '-'     0.00 125.00   5.00   'H'   1284.98  421.14
  3    3    1  '--------'  'N'  '-'     0.00   0.00   0.00   '-'      0.00    0.00
            2  'W40b155 '  'N'  '-'  8814.00 150.00   5.00   '-'      0.00    0.00
            3  '--------'  'N'  '-'     0.00   0.00   0.00   '-'      0.00    0.00
  4    7    1  '--------'  'N'  '-'     0.00 125.00   5.00   'H'   1284.98  421.14
            2  '--------'  'N'  '-'     0.00 175.00   8.00   'H'   1284.98 1038.40
            3  '--------'  'N'  '-'     0.00 175.00   8.00   'H'   1284.98 1038.40
            4  '--------'  'N'  '-'     0.00 160.00   6.00   'H'   1284.98 1038.40
            5  '--------'  'N'  '-'     0.00 175.00   8.00   'H'   1284.98 1038.40
            6  '--------'  'N'  '-'     0.00 175.00   8.00   'H'   1284.98 1038.40
            7  '--------'  'N'  '-'     0.00 125.00   6.00   'H'   1284.98 1038.40
 
*( 7)RAFTERS:
* Wall             Surf
*  Id   No.  Id     Id   Location Rotate Option  Part
    1    2    1      2        0.0  '-'    '-'   '--------'
              2      3        0.0  '-'    '-'   '--------'
    2    0
    3    2    1      2        0.0  '-'    '-'   '--------'
              2      3        0.0  '-'    '-'   '--------'
    4    0
 
*( 8)RIGID FRAMES:
*  No.    Line   ---Front_Sidewall_Flange--   ---Back_Sidewall_Flange---
* Lines    Id    Width  Thick  Splice Clear   Width  Thick  Splice Clear
    7       1   150.00   6.00    'H' 1285.0  150.00   6.00    'H' 1285.0
            2   150.00   6.00    'H' 1285.0  150.00   6.00    'H' 1285.0
            3   150.00   6.00    'H' 1285.0  150.00   6.00    'H' 1285.0
            4   150.00   6.00    'H' 1285.0  150.00   6.00    'H' 1285.0
            5   150.00   6.00    'H' 1285.0  150.00   6.00    'H' 1285.0
            6   150.00   6.00    'H' 1285.0  150.00   6.00    'H' 1285.0
            7   150.00   6.00    'H' 1285.0  150.00   6.00    'H' 1285.0
 
*( 9)EAVE STRUTS:
*Wall
* Id   Type   Part      Offset
   2   'ZB' '150Z15  '    0.00
   4   'ZB' '150Z15  '    0.00
 
*(10)PURLIN LOCATION:
*Surf         Peak
* Id  Type   Space  No.  Locate
   2  'ZB'   300.0    8  1373.9   2747.8   4121.6   5495.5   6869.4   8243.3   9617.2
                        10991.0
   3  'ZB'   300.0    8   300.0   1673.9   3047.8   4421.6   5795.5   7169.4   8543.3
                         9917.2
 
*(11)SPECIAL GIRTS:
* Wall   No.    ---Bay---
*  Id   Sets    Start End   Height Type Rotate  Part
    1     0
    2     0
    3     1        1    2   5750.0 'ZB'   'D'  '--------'
    4     0
 
*(12)EXTENSION LAYOUT:
*        Wall                ---Bay---   -Edge_Extend-  End_Option  End_Support
* No. Id  Id  Type Opt Mount Start End    Left   Right  Left Right   Left Right
   1   1   3  'EC' '-'  'B'    1     2     0.0     0.0  '-'  '-'     '-'   '-'
 
*(13)EXTENSION SIZE:
*      ----Horizontal_Size---   ---------Vertical_Size--------  --Orient--  -------Support------ ---Concrete---
* Id     Elev   Width   Slope     Elev   Height   Slope Project Beam Panel  Offset   Elev Splice Extend    Elev
   1   5700.0  1800.0   10.00      0.0     0.0     0.00    0.00  '-'  '-'     0.00   0.00   '-'    0.00    0.00
 
*(14)EXTENSION BEAMS:
*    Ext Line                                              ----------Web---------   ------Flange-------               Connect_Id  Weld
*No.  Id  Id   Use       Orn   Part     Type Shape Rot Opt  Depth1  Depth2  Thick   Width  Thick  Thick Bracket Stiff Start  End   Id
   5   1   1  'ATTACH  ' 'H'  '--------' '-'  'H'  '-' '-'  191.00  371.00   4.00  125.00   5.00   5.00   'N'    'N'    1     0     0
       1   1  'ATT_SUPP' 'H'  'W30a155 ' 'W'  'H'  '-' '-'  300.00  300.00   4.00  150.00   5.00   5.00   'N'    'N'    2     3     0
       1   2  'ATTACH  ' 'H'  '--------' '-'  'H'  '-' '-'  191.00  371.00   4.00  125.00   5.00   5.00   'Y'    'N'    4     0     0
       1   3  'ATTACH  ' 'H'  '--------' '-'  'H'  '-' '-'  191.00  371.00   4.00  125.00   5.00   5.00   'N'    'N'    5     0     0
       1   3  'ATT_SUPP' 'H'  'W30a155 ' 'W'  'H'  '-' '-'  300.00  300.00   4.00  150.00   5.00   5.00   'N'    'N'    6     7     0
 
*(15)EXTENSION PURLINS:
*                                     Peak     Set   ------Lap-----              Flg_Brace
*No.  Id   Use       Type  Rot Row   Space   Space     Ext      Int    Part      Side Type
   2   1  'ROOF    ' 'ZB'  'U'   1    300.0     0.0   960.0    960.0  '250Z18  '   1   'A'
       1  'EAVE    ' 'ZB'  'U'   1      0.0     0.0   960.0    960.0  '250Z18  '   0   'A'
 
*(16)EXTENSION PANELS & GUTTER:
*Ext  Stand  --Gutter--
* Id   Seam  Use  Width Soffit
   1   'N'   'N'   0.00  '-'
 
*(17)EXTENSION BRACING:
*    Ext  Bay
*No.  Id   Id  Orn Pattern  Type   Part
   0
 
*(18)EXTENSION DETAIL PROPERTIES:
*    Ext    Purlin_Deduct   Eave_Deduct   ----Beam_Offset----
*No.  Id     Left   Right   Left  Right    Hip   Stub  Column
  0
 
*(19)EAVE STRUT BOLTS:
*          Strut  Wall Frame
* No.  Id  Type    Id   Id    Locate   Opt    Type     Dia     Len Quan Washer
  14    1   'E'     2    1   22470.0     0   'Gr8.8' 12.00   50.00   2     0
        2   'E'     2    2   22470.0     0   'Gr8.8' 12.00   50.00   4     0
        3   'E'     2    3   22470.0     0   'Gr8.8' 12.00   50.00   4     0
        4   'E'     2    4   22470.0     0   'Gr8.8' 12.00   50.00   4     0
        5   'E'     2    5   22470.0     0   'Gr8.8' 12.00   50.00   4     0
        6   'E'     2    6   22470.0     0   'Gr8.8' 12.00   50.00   4     0
        7   'E'     2    7   22470.0     0   'Gr8.8' 12.00   50.00   2     0
        8   'E'     4    7       0.0     0   'Gr8.8' 12.00   50.00   2     0
        9   'E'     4    6       0.0     0   'Gr8.8' 12.00   50.00   4     0
       10   'E'     4    5       0.0     0   'Gr8.8' 12.00   50.00   4     0
       11   'E'     4    4       0.0     0   'Gr8.8' 12.00   50.00   4     0
       12   'E'     4    3       0.0     0   'Gr8.8' 12.00   50.00   4     0
       13   'E'     4    2       0.0     0   'Gr8.8' 12.00   50.00   4     0
       14   'E'     4    1       0.0     0   'Gr8.8' 12.00   50.00   2     0
 
 
*(20)ROOF STRUTS:
*             Surf/ Bay
*No. Id Type  Wall   Id   Locate  Opt   Part       Rot
  0
 
*(21)CONNECTIONS:
*                   -----Plate_Size----  -------------------Bolts-------------------  Bolt  Weld
* No. Id  Type Opt  Width Length  Thick  Type      Dia Row1 Row2 Space1 Space2  Gage   Ref   Id
   7   1  'SS' '-' 200.00   0.00  16.00 'Gr8.8'  20.00   2    2  100.00 100.00 100.0     0    6
       2  'SS' '-' 200.00   0.00  16.00 'Gr8.8'  20.00   2    2  100.00 100.00 100.0     0    7
       3  'S3' '-' 150.00   0.00  10.00 'Gr8.8'  16.00   2    2  100.00  75.00 75.00     0    8
       4  'SS' '-' 200.00   0.00  16.00 'Gr8.8'  20.00   2    2  100.00 100.00 100.0     0    9
       5  'SS' '-' 200.00   0.00  16.00 'Gr8.8'  20.00   2    2  100.00 100.00 100.0     0   10
       6  'SS' '-' 200.00   0.00  16.00 'Gr8.8'  20.00   2    2  100.00 100.00 100.0     0   11
       7  'S3' '-' 150.00   0.00  10.00 'Gr8.8'  16.00   2    2  100.00  75.00 75.00     0   12
 
*(22)BEAM HOLES:
*     Ext  Line                                                              ----Hole---
*No.   Id    Id  Beam  Use  Locate  Orn    Dia   Length   Gage  Ref  Offset  No.  Locate
   0
 
*(23)WELDS:
*    Table      ---OS_Flange---  ---IS_Flange---  ------Web------
*No.  Id   Opt   Size Type Note   Size Type Note   Size Type Note
  12   1   '-'   4.00 'F1'  '-'   4.00 'F1'  '-'   4.00 'F1'  '-'
       2   '-'   4.00 'F1'  '-'   4.00 'F1'  '-'   4.00 'F1'  '-'
       3   '-'   4.00 'F1'  '-'   4.00 'F1'  '-'   4.00 'F1'  '-'
       4   '-'   4.00 'F1'  '-'   4.00 'F1'  '-'   4.00 'F1'  '-'
       5   '-'   4.00 'F1'  '-'   4.00 'F1'  '-'   4.00 'F1'  '-'
       6   '-'   4.00 'F2'  '-'   4.00 'F2'  '-'   4.00 'F1'  '-'
       7   '-'   4.00 'F2'  '-'   4.00 'F2'  '-'   4.00 'F1'  '-'
       8   '-'   4.00 'F1'  '-'   4.00 'F1'  '-'   4.00 'F1'  '-'
       9   '-'   4.00 'F2'  '-'   4.00 'F2'  '-'   4.00 'F1'  '-'
      10   '-'   4.00 'F2'  '-'   4.00 'F2'  '-'   4.00 'F1'  '-'
      11   '-'   4.00 'F2'  '-'   4.00 'F2'  '-'   4.00 'F1'  '-'
      12   '-'   4.00 'F1'  '-'   4.00 'F1'  '-'   4.00 'F1'  '-'
 
*(24)RIGID FRAME LOCATIONS:
*                              Line
*   No.     Id    Type    Quan  Id
     5       1    'HP-'    1     1
             2    'RF-'    3     2   3   5
             3    'RF-'    1     4
             4    'RF-'    1     6
             5    'HP-'    1     7
 
*(25)RIGID FRAME COORDINATES:
*Frame
* Id   No. X_Coord    Y_Coord     Thick
   1   28    236.0        0.0      6.00
             236.0     4016.0      6.00
             236.0     4016.0      6.00
             236.0     7949.6      6.00
             236.0     7949.6      5.00
             236.0     8287.8      5.00
             236.0     8287.8      5.00
             700.6     8334.3      5.00
             700.6     8334.3      5.00
            4680.7     8732.3      5.00
            4680.7     8732.3      5.00
            8692.6     9133.5      5.00
            8692.6     9133.5      5.00
           11235.0     9387.7      5.00
           11235.0     9387.7      5.00
           13777.3     9133.5      5.00
           13777.3     9133.5      5.00
           17789.3     8732.3      5.00
           17789.3     8732.3      5.00
           21769.4     8334.3      5.00
           21769.4     8334.3      5.00
           22234.0     8287.8      5.00
           22234.0     8287.8      5.00
           22234.0     7949.6      5.00
           22234.0     7949.6      6.00
           22234.0     4016.0      6.00
           22234.0     4016.0      6.00
           22234.0        0.0      6.00
   2   24    236.0        0.0      6.00
             236.0     4016.0      6.00
             236.0     4016.0      6.00
             236.0     7747.6      6.00
             236.0     7747.6      6.00
             236.0     8286.8      6.00
             236.0     8286.8      6.00
             680.7     8331.3      6.00
             680.7     8331.3      6.00
            4692.2     8732.4      6.00
            4692.2     8732.4      5.00
           11235.0     9386.7      5.00
           11235.0     9386.7      5.00
           17777.8     8732.4      5.00
           17777.8     8732.4      6.00
           21789.3     8331.3      6.00
           21789.3     8331.3      6.00
           22234.0     8286.8      6.00
           22234.0     8286.8      6.00
           22234.0     7747.6      6.00
           22234.0     7747.6      6.00
           22234.0     4016.0      6.00
           22234.0     4016.0      6.00
           22234.0        0.0      6.00
   3   24    236.0        0.0      6.00
             236.0     4016.0      6.00
             236.0     4016.0      6.00
             236.0     7747.6      6.00
             236.0     7747.6      6.00
             236.0     8286.8      6.00
             236.0     8286.8      6.00
             680.7     8331.3      6.00
             680.7     8331.3      6.00
            4692.2     8732.4      6.00
            4692.2     8732.4      5.00
           11235.0     9386.7      5.00
           11235.0     9386.7      5.00
           17777.8     8732.4      5.00
           17777.8     8732.4      6.00
           21789.3     8331.3      6.00
           21789.3     8331.3      6.00
           22234.0     8286.8      6.00
           22234.0     8286.8      6.00
           22234.0     7747.6      6.00
           22234.0     7747.6      6.00
           22234.0     4016.0      6.00
           22234.0     4016.0      6.00
           22234.0        0.0      6.00
   4   24    236.0        0.0      6.00
             236.0     4016.0      6.00
             236.0     4016.0      6.00
             236.0     7747.6      6.00
             236.0     7747.6      6.00
             236.0     8286.8      6.00
             236.0     8286.8      6.00
             680.7     8331.3      6.00
             680.7     8331.3      6.00
            4692.2     8732.4      6.00
            4692.2     8732.4      5.00
           11235.0     9386.7      5.00
           11235.0     9386.7      5.00
           17777.8     8732.4      5.00
           17777.8     8732.4      6.00
           21789.3     8331.3      6.00
           21789.3     8331.3      6.00
           22234.0     8286.8      6.00
           22234.0     8286.8      6.00
           22234.0     7747.6      6.00
           22234.0     7747.6      6.00
           22234.0     4016.0      6.00
           22234.0     4016.0      6.00
           22234.0        0.0      6.00
   5   28    236.0        0.0      6.00
             236.0     4016.0      6.00
             236.0     4016.0      6.00
             236.0     7949.6      6.00
             236.0     7949.6      5.00
             236.0     8287.8      5.00
             236.0     8287.8      5.00
             700.6     8334.3      5.00
             700.6     8334.3      5.00
            4680.7     8732.3      5.00
            4680.7     8732.3      5.00
            8692.6     9133.5      5.00
            8692.6     9133.5      5.00
           11235.0     9387.7      5.00
           11235.0     9387.7      5.00
           13777.3     9133.5      5.00
           13777.3     9133.5      5.00
           17789.3     8732.3      5.00
           17789.3     8732.3      5.00
           21769.4     8334.3      5.00
           21769.4     8334.3      5.00
           22234.0     8287.8      5.00
           22234.0     8287.8      5.00
           22234.0     7949.6      5.00
           22234.0     7949.6      6.00
           22234.0     4016.0      6.00
           22234.0     4016.0      6.00
           22234.0        0.0      6.00

================================================================================
 C323-153-Final          Eave/Canopy(Rafter EB-1)           11/AUG/2025  1:05pm
================================================================================
  Quan:  1                         Mark: EB-1  
-------------------------------------------------------------------------------

 PLATES:
 -------
 Quan Mark   Part     Description   Width   Thick    Length   UnitWt  TotalWt
 ---- ----   -------- -----------   -----   -----  --------   ------  -------
   1  WB1             Web             415    4.00      2224    21.62    21.62
   1  OF1             OS Flange       125    5.00      2235    10.97    10.97
   1  IF1             IS Flange       125    5.00      2224    10.92    10.92
   1  EP1             End Plate       200   16.00       617    15.50    15.50
   1  SS1             EP Stiffen      120    5.00       109     0.51     0.51
   1  SS2             EP Stiffen      120    5.00       120     0.57     0.57
   1  GB11            Purl Clip       150    5.00       225     1.33     1.33
   1  GB1             Purl Clip       150    5.00       225     1.33     1.33
   1  BC1             Brace Clip       75    5.00        75     0.22     0.22
                                                                      -------
                                                                        62.97

 MEMBER CUTS:
 ------------
   Plate  Cut   -------Left-------  -------Right------
   Mark   Type      Cut       Le       Cut       Re
   -----  ----  --------- --------  --------- --------
    WB1    DU                 41 B       194      19 T

 HOLE LOCATIONS:
 ---------------
  Plate                        Slot/          Bolt
  Mark     Dia  Offset   Gage  Gage2   Angle   Ref Locate
  ----   -----  ------  -----  -----  ------  ---- -----------------------------------
  EP1       22       0    100      0     0.0    23        45       145       472 

                                                         572 
  GB11      14       0    100      0     0.0    11        25       175 
  GB1       14       0    100      0     0.0    10        25       175 
  BC1       14      50      0      0     0.0    12        25 

 PLATE LOCATIONS:
 ----------------
  Plate
  Type  Attach  Offset   Angle  Side  Locate
  ----- ------  ------  ------  ----  ------------------------------------
  EP1              97     0.00    -                 
  PC11     O        0     0.00    -        2120     
  GB1      O        0     0.00    -         701     
  BC1      W        0     0.00    B         701     

 WELDS:
 ------
                  Weld   Weld  Weld    Weld
   Plate  Plate2  Type   Size  Note  Length
   -----  ------  ----  -----  ----  ------
    OF1    WB      F1    4.00    -   2235.6
    IF1    WB1     F1    4.00    -   2224.5
    EP1    WB1     F1    4.00    -    371.0
    EP1    OF1     F2    4.00    -    125.0
    EP1    IF1     F2    4.00    -    125.0
    SS1    OF1     F1    4.00    -    120.6
    SS1    EP1     F1    4.00    -     96.6
    SS2    IF1     F1    4.00    -    120.6
    SS2    EP1     F1    4.00    -    120.0
    FC11   OF      F1    4.00    -      0.0
    FC1    OF      F1    4.00    -      0.0
    BC1    WB      F1    4.00    -     75.0
    BC1    IF      F1    4.00    -      0.0

 FINISH DIMENSIONS:
 ------------------
   Max     Overall     =     2272 
   Outside Flange Total=     2235 
   Inside  Flange Total=     2224 
   Outside Overall     =     2252 
   Inside  Overall     =     2240 
   Left    Overall     =      427 
   Right   Overall     =      203 
   Left  Extension     =      -42 
   Right Extension     =       20 

 CLIP DETAILING:
 ---------------
   Mark   Typ Thick Ang     A      B      C      D      E      F      G      H
   ------ --- ----- --- ------ ------ ------ ------ ------ ------ ------ ------
   EP1     z  16.00   0   0.00   0.00   0.00   0.00   0.00   0.00   0.00   0.00
   SS1     y   5.00   0   0.00   0.00  75.00   0.00   0.00   0.00   0.00   0.00
   SS2     y   5.00   0   0.00   0.00  75.00   0.00   0.00   0.00   0.00   0.00
   PC11    y   5.00   0  25.00 100.00  25.00 150.00  50.00   0.00   0.00   0.00
   PC1     y   5.00   0  25.00 100.00  25.00 150.00  50.00   0.00   0.00   0.00
   BC1     x   5.00   0  50.00   0.00  25.00  50.00   0.00   0.00   0.00   0.00

================================================================================
 C323-153-Final          Eave/Canopy(Support EB-2)          11/AUG/2025  1:05pm
================================================================================
  Quan:  2                         Mark: EB-2              Part:W30a155 
-------------------------------------------------------------------------------

 PLATES:
 -------
 Quan Mark   Part     Description   Width   Thick    Length   UnitWt  TotalWt
 ---- ----   -------- -----------   -----   -----  --------   ------  -------
   2  WB1             Web             300    4.00      5779    55.48   110.96
   2  OF1             OS Flange       150    5.00      5779    34.05    68.10
   2  IF1             IS Flange       150    5.00      5779    34.05    68.10
   2  EP1             End Plate       200   16.00       500    12.57    25.14
   2  SS1             EP Stiffen      120    5.00        95     0.45     0.90
   2  SS2             EP Stiffen      120    5.00        95     0.45     0.90
   2  EP2             End Plate       150   10.00       360     4.24     8.49
                                                                      -------
                                                                       282.58

 MEMBER CUTS:
 ------------
   Plate  Cut   -------Left-------  -------Right------
   Mark   Type      Cut       Le       Cut       Re
   -----  ----  --------- --------  --------- --------
    WB1    PP        300                              

 HOLE LOCATIONS:
 ---------------
  Plate                        Slot/          Bolt
  Mark     Dia  Offset   Gage  Gage2   Angle   Ref Locate
  ----   -----  ------  -----  -----  ------  ---- -----------------------------------
  EP1       22       0    100      0     0.0    23        45       145       472 

                                                         572 
  EP2       18       0     75      0     0.0    17       130       230 

 PLATE LOCATIONS:
 ----------------
  Plate
  Type  Attach  Offset   Angle  Side  Locate
  ----- ------  ------  ------  ----  ------------------------------------
  EP1              95     0.00    -                 
  EP2              25     0.00    -                 

 WELDS:
 ------
                  Weld   Weld  Weld    Weld
   Plate  Plate2  Type   Size  Note  Length
   -----  ------  ----  -----  ----  ------
    OF1    WB      F1    4.00    -   5779.0
    IF1    WB1     F1    4.00    -   5779.0
    EP1    WB1     F1    4.00    -    300.0
    EP1    OF1     F2    4.00    -    150.0
    EP1    IF1     F2    4.00    -    150.0
    EP2    WB      F1    4.00    -    300.0
    EP2    OF      F2    4.00    -    150.0
    EP2    IF      F2    4.00    -    150.0
    SS1    OF      F1    4.00    -    120.0
    SS1    EP1     F1    4.00    -     95.0
    SS2    IF1     F1    4.00    -    120.0
    SS2    EP1     F1    4.00    -     95.0

 FINISH DIMENSIONS:
 ------------------
   Max     Overall     =     5805 
   Outside Flange Total=     5779 
   Inside  Flange Total=     5779 
   Outside Overall     =     5805 
   Inside  Overall     =     5805 
   Left    Overall     =      310 
   Right   Overall     =      310 
   Left  Extension     =          
   Right Extension     =          

 CLIP DETAILING:
 ---------------
   Mark   Typ Thick Ang     A      B      C      D      E      F      G      H
   ------ --- ----- --- ------ ------ ------ ------ ------ ------ ------ ------
   EP1     z  16.00   0   0.00   0.00   0.00   0.00   0.00   0.00   0.00   0.00
   SS1     y   5.00   0   0.00   0.00  75.00   0.00   0.00   0.00   0.00   0.00
   SS2     y   5.00   0   0.00   0.00  75.00   0.00   0.00   0.00   0.00   0.00
   EP2     z  10.00   0  37.50  75.00 130.01 100.00 130.01  18.00   0.00   0.00

================================================================================
 C323-153-Final          Eave/Canopy(Rafter EB-3)           11/AUG/2025  1:05pm
================================================================================
  Quan:  1                         Mark: EB-3  
-------------------------------------------------------------------------------

 PLATES:
 -------
 Quan Mark   Part     Description   Width   Thick    Length   UnitWt  TotalWt
 ---- ----   -------- -----------   -----   -----  --------   ------  -------
   1  WB1             Web             371    4.00      1784    16.09    16.09
   1  OF1             OS Flange       125    5.00      1793     8.80     8.80
   1  IF1             IS Flange       125    5.00      1784     8.76     8.76
   1  EP1             End Plate       200   16.00       573    14.40    14.40
   1  SS1             EP Stiffen      120    5.00       109     0.51     0.51
   1  SS2             EP Stiffen      120    5.00       120     0.57     0.57
   1  GB11            Purl Clip       150    5.00       225     1.33     1.33
   1  GB1             Purl Clip       150    5.00       225     1.33     1.33
   1  BC1             Brace Clip       75    5.00        75     0.22     0.22
                                                                      -------
                                                                        52.00

 MEMBER CUTS:
 ------------
   Plate  Cut   -------Left-------  -------Right------
   Mark   Type      Cut       Le       Cut       Re
   -----  ----  --------- --------  --------- --------
    WB1    DU                 37 B       194      19 T

 HOLE LOCATIONS:
 ---------------
  Plate                        Slot/          Bolt
  Mark     Dia  Offset   Gage  Gage2   Angle   Ref Locate
  ----   -----  ------  -----  -----  ------  ---- -----------------------------------
  EP1       22       0    100      0     0.0    23        45       145       428 

                                                         528 
  GB11      14       0    100      0     0.0    11        25       175 
  GB1       14       0    100      0     0.0    10        25       175 
  BC1       14      50      0      0     0.0    12        25 

 PLATE LOCATIONS:
 ----------------
  Plate
  Type  Attach  Offset   Angle  Side  Locate
  ----- ------  ------  ------  ----  ------------------------------------
  EP1              97     0.00    -                 
  PC11     O        0     0.00    -        1677     
  GB1      O        0     0.00    -         258     
  BC1      W        0     0.00    F         258     

 WELDS:
 ------
                  Weld   Weld  Weld    Weld
   Plate  Plate2  Type   Size  Note  Length
   -----  ------  ----  -----  ----  ------
    OF1    WB      F1    4.00    -   1793.4
    IF1    WB1     F1    4.00    -   1784.5
    EP1    WB1     F1    4.00    -    371.0
    EP1    OF1     F2    4.00    -    125.0
    EP1    IF1     F2    4.00    -    125.0
    SS1    OF1     F1    4.00    -    120.6
    SS1    EP1     F1    4.00    -     96.6
    SS2    IF1     F1    4.00    -    120.6
    SS2    EP1     F1    4.00    -    120.0
    FC11   OF      F1    4.00    -      0.0
    FC1    OF      F1    4.00    -      0.0
    BC1    WB      F1    4.00    -     75.0
    BC1    IF      F1    4.00    -      0.0

 FINISH DIMENSIONS:
 ------------------
   Max     Overall     =     1830 
   Outside Flange Total=     1793 
   Inside  Flange Total=     1784 
   Outside Overall     =     1809 
   Inside  Overall     =     1800 
   Left    Overall     =      383 
   Right   Overall     =      203 
   Left  Extension     =      -38 
   Right Extension     =       20 

 CLIP DETAILING:
 ---------------
   Mark   Typ Thick Ang     A      B      C      D      E      F      G      H
   ------ --- ----- --- ------ ------ ------ ------ ------ ------ ------ ------
   EP1     z  16.00   0   0.00   0.00   0.00   0.00   0.00   0.00   0.00   0.00
   SS1     y   5.00   0   0.00   0.00  75.00   0.00   0.00   0.00   0.00   0.00
   SS2     y   5.00   0   0.00   0.00  75.00   0.00   0.00   0.00   0.00   0.00
   PC11    y   5.00   0  25.00 100.00  25.00 150.00  50.00   0.00   0.00   0.00
   PC1     y   5.00   0  25.00 100.00  25.00 150.00  50.00   0.00   0.00   0.00
   BC1     x   5.00   0  50.00   0.00  25.00  50.00   0.00   0.00   0.00   0.00

================================================================================
 C323-153-Final          Eave/Canopy(Rafter EB-4)           11/AUG/2025  1:05pm
================================================================================
  Quan:  1                         Mark: EB-4  
-------------------------------------------------------------------------------

 PLATES:
 -------
 Quan Mark   Part     Description   Width   Thick    Length   UnitWt  TotalWt
 ---- ----   -------- -----------   -----   -----  --------   ------  -------
   1  WB1             Web             415    4.00      2224    21.62    21.62
   1  OF1             OS Flange       125    5.00      2235    10.97    10.97
   1  IF1             IS Flange       125    5.00      2224    10.92    10.92
   1  EP1             End Plate       200   16.00       617    15.50    15.50
   1  SS1             EP Stiffen      120    5.00       109     0.51     0.51
   1  SS2             EP Stiffen      120    5.00       120     0.57     0.57
   1  GB11            Purl Clip       150    5.00       225     1.33     1.33
   1  GB1             Purl Clip       150    5.00       225     1.33     1.33
   1  BC1             Brace Clip       75    5.00        75     0.22     0.22
                                                                      -------
                                                                        62.97

 MEMBER CUTS:
 ------------
   Plate  Cut   -------Left-------  -------Right------
   Mark   Type      Cut       Le       Cut       Re
   -----  ----  --------- --------  --------- --------
    WB1    DU                 41 B       194      19 T

 HOLE LOCATIONS:
 ---------------
  Plate                        Slot/          Bolt
  Mark     Dia  Offset   Gage  Gage2   Angle   Ref Locate
  ----   -----  ------  -----  -----  ------  ---- -----------------------------------
  EP1       22       0    100      0     0.0    23        45       145       472 

                                                         572 
  GB11      14       0    100      0     0.0    11        25       175 
  GB1       14       0    100      0     0.0    10        25       175 
  BC1       14      50      0      0     0.0    12        25 

 PLATE LOCATIONS:
 ----------------
  Plate
  Type  Attach  Offset   Angle  Side  Locate
  ----- ------  ------  ------  ----  ------------------------------------
  EP1              97     0.00    -                 
  PC11     O        0     0.00    -        2120     
  GB1      O        0     0.00    -         701     
  BC1      W        0     0.00    F         701     

 WELDS:
 ------
                  Weld   Weld  Weld    Weld
   Plate  Plate2  Type   Size  Note  Length
   -----  ------  ----  -----  ----  ------
    OF1    WB      F1    4.00    -   2235.6
    IF1    WB1     F1    4.00    -   2224.5
    EP1    WB1     F1    4.00    -    371.0
    EP1    OF1     F2    4.00    -    125.0
    EP1    IF1     F2    4.00    -    125.0
    SS1    OF1     F1    4.00    -    120.6
    SS1    EP1     F1    4.00    -     96.6
    SS2    IF1     F1    4.00    -    120.6
    SS2    EP1     F1    4.00    -    120.0
    FC11   OF      F1    4.00    -      0.0
    FC1    OF      F1    4.00    -      0.0
    BC1    WB      F1    4.00    -     75.0
    BC1    IF      F1    4.00    -      0.0

 FINISH DIMENSIONS:
 ------------------
   Max     Overall     =     2272 
   Outside Flange Total=     2235 
   Inside  Flange Total=     2224 
   Outside Overall     =     2252 
   Inside  Overall     =     2240 
   Left    Overall     =      427 
   Right   Overall     =      203 
   Left  Extension     =      -42 
   Right Extension     =       20 

 CLIP DETAILING:
 ---------------
   Mark   Typ Thick Ang     A      B      C      D      E      F      G      H
   ------ --- ----- --- ------ ------ ------ ------ ------ ------ ------ ------
   EP1     z  16.00   0   0.00   0.00   0.00   0.00   0.00   0.00   0.00   0.00
   SS1     y   5.00   0   0.00   0.00  75.00   0.00   0.00   0.00   0.00   0.00
   SS2     y   5.00   0   0.00   0.00  75.00   0.00   0.00   0.00   0.00   0.00
   PC11    y   5.00   0  25.00 100.00  25.00 150.00  50.00   0.00   0.00   0.00
   PC1     y   5.00   0  25.00 100.00  25.00 150.00  50.00   0.00   0.00   0.00
   BC1     x   5.00   0  50.00   0.00  25.00  50.00   0.00   0.00   0.00   0.00

================================================================================
 C323-153-Final      Connection Bolt Summary                11/AUG/2025  1:05pm
================================================================================

  BOLTS:
  ------
     Mark   Locate  Qty  Type     Dia  Length  Part      DtBolt
     ------ ------  ---  -----  -----  ------  --------  ------
     EB-1   Start     8  Gr8.8  20.00   90.00  H20X90      23
     EB-2   Start    16  Gr8.8  20.00   90.00  H20X90      23
     EB-2   End       8  Gr8.8  16.00   70.00  --------     0
     EB-3   Start     8  Gr8.8  20.00   90.00  H20X90      23
     EB-4   Start     8  Gr8.8  20.00   90.00  H20X90      23

================================================================================
 C323-153-Final      Weld Lengths                           11/AUG/2025  1:05pm
================================================================================


        Piece    Size    Web-Flange    ------Hand_Weld(mm)-----
  Qty   Mark     (mm)    Fillet(mm)     Fillet   Groove    Butt
  ---   -----   -----    ----------    -------  -------  ------
    1   EB-1     4.00        4460         1404        0       0
 
    2   EB-2     4.00       23116         3600        0       0
 
    1   EB-3     4.00        3578         1404        0       0
 
    1   EB-4     4.00        4460         1404        0       0

================================================================================
 C323-153-Final      Flange Braces                          11/AUG/2025  1:05pm
================================================================================

 EXTENSION FLANGE BRACES:
 ------------------------
 Ext  Beam     Web    Brace                    Brace_At
 Id  Id Side  Depth    Dist  Length     Part   Purlin_Id
 --- -- ----  -----   -----  ------  --------  ---------
  1   1   R  357.01  330.00  496.00  L40X40X4    1
  1   2   L  357.01  330.00  496.00  L40X40X4    1
  1   3   L  357.01  330.00  496.00  L40X40X4    1

================================================================================
 C323-153-Final      Bracing Attachments                    11/AUG/2025  1:05pm
================================================================================

    .. No Beam Slots

================================================================================
 C323-153-Final      Cost Summary                           11/AUG/2025  1:05pm
================================================================================

        Piece                  End    Clip  Stiff         Surf   Set  Unit  Total
  Quan  Id     Flange    Web  Plate  Plate  Plate  Weld  Treat    Up  Cost   Cost
  ----  -----  ------    ---  -----  -----  -----  ----  -----  ----  ----  -----
    1   EB-1    
        Matrl:     16     16     11      2      1     0     0           47     47
        Labor:      0      0      0      0      0     0     0      0     0      0
               ------    ---  -----  -----  -----  ----  -----  ----  ----  -----
                   16     16     11      2      1     0     0      0    47     47 
    2   EB-2    
        Matrl:      0     91     12      0      1     0     0          105    209
        Labor:      0      0      0      0      0     0     0      0     0      0
               ------    ---  -----  -----  -----  ----  -----  ----  ----  -----
                    0     91     12      0      1     0     0      0   105    209 
    1   EB-3    
        Matrl:     13     12     11      2      1     0     0           38     38
        Labor:      0      0      0      0      0     0     0      0     0      0
               ------    ---  -----  -----  -----  ----  -----  ----  ----  -----
                   13     12     11      2      1     0     0      0    38     38 
    1   EB-4    
        Matrl:     16     16     11      2      1     0     0           47     47
        Labor:      0      0      0      0      0     0     0      0     0      0
               ------    ---  -----  -----  -----  ----  -----  ----  ----  -----
                   16     16     11      2      1     0     0      0    47     47 
 

 PLATE COST:
 -----------
  Piece  -------------Plate-------------        Material    Labor   Surface
  Mark   Mark  Part      Length   Weight  Qty       Cost     Cost  Treatment  File     Record    Adjust
  -----  ----  --------  ------   ------  ---   --------  -------  ---------  -------  --------  --------
  EB-1   WB1             2224.5    21.62    1      16.00     0.00      0.00   EW_COST  FRAME     @$W/L(F)
  EB-1   OF1             2235.1    10.97    1       8.12     0.00      0.00   EW_COST  FRAME     @$W/L(F)
  EB-1   IF1             2224.5    10.92    1       8.08     0.00      0.00   EW_COST  FRAME     @$W/L(F)
  EB-1   EP1              616.6    15.50    1      11.47     0.00      0.00   EW_COST  FRAME     @$W/L(F)
  EB-1   SS1              108.6     0.51    1       0.38     0.00      0.00   EW_COST  FRAME     @$W/L(F)
  EB-1   SS2              120.0     0.57    1       0.42     0.00      0.00   EW_COST  FRAME     @$W/L(F)
  EB-1   GB11             225.0     1.33    1       0.98     0.00      0.00   EW_COST  FRAME     @$W/L(F)
  EB-1   GB1              225.0     1.33    1       0.98     0.00      0.00   EW_COST  FRAME     @$W/L(F)
  EB-1   BC1               75.0     0.22    1       0.16     0.00      0.00   EW_COST  FRAME     @$W/L(F)
  EB-2   WB1             5779.0   123.58    1      91.45     0.00      0.00   EW_COST  FRAME     @$W/L(W)
  EB-2   EP1              500.0    12.57    1       9.30     0.00      0.00   EW_COST  FRAME     @$W/L(W)
  EB-2   SS1               95.0     0.45    1       0.33     0.00      0.00   EW_COST  FRAME     @$W/L(W)
  EB-2   SS2               95.0     0.45    1       0.33     0.00      0.00   EW_COST  FRAME     @$W/L(W)
  EB-2   EP2              360.0     4.24    1       3.14     0.00      0.00   EW_COST  FRAME     @$W/L(W)
  EB-3   WB1             1784.5    16.09    1      11.91     0.00      0.00   EW_COST  FRAME     @$W/L(F)
  EB-3   OF1             1792.9     8.80    1       6.51     0.00      0.00   EW_COST  FRAME     @$W/L(F)
  EB-3   IF1             1784.5     8.76    1       6.48     0.00      0.00   EW_COST  FRAME     @$W/L(F)
  EB-3   EP1              572.6    14.40    1      10.65     0.00      0.00   EW_COST  FRAME     @$W/L(F)
  EB-3   SS1              108.6     0.51    1       0.38     0.00      0.00   EW_COST  FRAME     @$W/L(F)
  EB-3   SS2              120.0     0.57    1       0.42     0.00      0.00   EW_COST  FRAME     @$W/L(F)
  EB-3   GB11             225.0     1.33    1       0.98     0.00      0.00   EW_COST  FRAME     @$W/L(F)
  EB-3   GB1              225.0     1.33    1       0.98     0.00      0.00   EW_COST  FRAME     @$W/L(F)
  EB-3   BC1               75.0     0.22    1       0.16     0.00      0.00   EW_COST  FRAME     @$W/L(F)
  EB-4   WB1             2224.5    21.62    1      16.00     0.00      0.00   EW_COST  FRAME     @$W/L(F)
  EB-4   OF1             2235.1    10.97    1       8.12     0.00      0.00   EW_COST  FRAME     @$W/L(F)
  EB-4   IF1             2224.5    10.92    1       8.08     0.00      0.00   EW_COST  FRAME     @$W/L(F)
  EB-4   EP1              616.6    15.50    1      11.47     0.00      0.00   EW_COST  FRAME     @$W/L(F)
  EB-4   SS1              108.6     0.51    1       0.38     0.00      0.00   EW_COST  FRAME     @$W/L(F)
  EB-4   SS2              120.0     0.57    1       0.42     0.00      0.00   EW_COST  FRAME     @$W/L(F)
  EB-4   GB11             225.0     1.33    1       0.98     0.00      0.00   EW_COST  FRAME     @$W/L(F)
  EB-4   GB1              225.0     1.33    1       0.98     0.00      0.00   EW_COST  FRAME     @$W/L(F)
  EB-4   BC1               75.0     0.22    1       0.16     0.00      0.00   EW_COST  FRAME     @$W/L(F)

================================================================================
 C323-153-Final      Warning Summary                        11/AUG/2025  1:05pm
================================================================================


                   .. No Warnings
