                       Sivoko Steel Structures
                             GHana

www:


\-----------

Phone: (xxx) xxx-xxxx

Builder's Name :                                     Quote No.: C323-153-Final
Address        :                                     Date     : 11/AUG/2025

Project Name   : Proposed Warehouse
Location       : Proposed Warehouse

This is our proposal on the following building:

LOADING:
  Roof Live Load(kN/m2)      : 0.570          Wind Code          : MBMA 10
  Roof Dead Load(kN/m2)      : 0.100          Building Category  : Enclosed
  Roof Collateral Load(kN/m2): 0.050          Seismic Importance :  1.00



SIZE:
  Width(mm) : 22470
  Length(mm): 36285
  Back side eave height(mm) : 8420       Back side roof slope : 10.0:100
  Front side eave height(mm): 8420       Front side roof slope: 10.0:100

FRAMING:
  Left endwall frames  : Rigid               (Bearing = Post & Beam  -
  Right endwall frames : Rigid                          Non expandable)
  Interior Frames      :  1 horizontal peak frame
                         with interior columns at:   11235.00
                          3 rigid frames, clear span
                          1 rigid frame, clear span
                          1 rigid frame, clear span
                          1 horizontal peak frame
                         with interior columns at:   11235.00

ROOF SYSTEM:
  Roof panel Type : 4525      Gage : 0.5       Color : NEED ROOF COLOR
  Gable trim color: 9010 PURE WHITE
  Eave trim color : 9010 PURE WHITE

WALL SYSTEM:
  Wall panel type : 4525      Gage : 0.5       Color : NEED WALL COLOR
  Outside corner trim color: 9010 PURE WHITE
  Base trim color          : NEED WALL COLOR
  Opening trim color       : 9010 PURE WHITE

GUTTERS AND DOWNSPOUTS:
  Front sidewall gutters(mm) : 36285      Front sidewall downspouts:   8
  Back sidewall gutters(ft)  : 36285      Back sidewall downspouts :   8
  Color : --                              Color                    : --

The following building price includes optional items, accessories and factory
located framed openings listed on the next page.

The price of this building in    funds, excluding Tax and FREIGHT,
will be $1259.01.  (F.O.B. Metal Bldg Mfr)

The total estimated weight is (lbs) :  30179.9.

The above price does not include anchor bolts, insulation, doors and
hardware, site inspections.

Respectfully submitted by,





       TRIMMED STRUCTURAL OPENINGS / OPTIONAL ITEMS / ACCESSORIES

FACTORY LOCATED OPENINGS:
 Left endwall  : none
 Front sidewall: none
 Right endwall : ( 1) 4500   W x 4500   H
 Back sidewall : none

 OPTIONAL ITEMS:


 ACCESSORIES:




