*===============================================================================
*C323-153-Final      Endwall Detail Input                   11/AUG/2025  1:05pm
*===============================================================================
 
*( 1)JOBID:
    'C323-153-Final'
 
*( 2)BUILDING LAYOUT:
*                          -------Left_Endwall-------  -------Right_Endwall------         Frame_Splice  Frame
*Type    Width     Length  Exp    Opt  Extend  Offset  Exp    Opt  Extend  Offset  Slope  Front   Back  Type
'FF-'  22470.0    36285.0 'Y :E'  '-'    0.00  440.00 'Y :E'  '-'    0.00  440.00  10.00  'H'     'H'   'HP-'
 
*( 3)WALL LAYOUT:
*                           -------Wall-------   Base
* No. Id  Use     Type Opt     Start    Length   Elev  Detail
   5  1  'LEFT  ' '-'  '-'       0.0   22470.0   0.00    'Y'
      2  'FRONT ' '-'  '-'       0.0   36285.0   0.00    'N'
      3  'RIGHT ' '-'  '-'       0.0   22470.0   0.00    'Y'
      4  'BACK  ' '-'  '-'       0.0   36285.0   0.00    'N'
      5  'ROOF  ' '-'  '-'       0.0   36285.0   0.00    'Y'
 
*( 4)SURFACE SHAPE:
*                           -------Offset-------  --Option--
*No.    X_Coord   Y_Coord   Left   Right   Frame  Left Right
  4         0.0    8420.0 230.00  230.00  230.00  '-'   '-'
        11235.0    9543.5 150.00  150.00  150.00  '-'   '-'
        22470.0    8420.0 150.00  150.00  150.00  '-'   '-'
        22470.0       0.0 230.00  230.00  230.00  '-'   '-'
 
*( 5)BAY SPACING:
*Wall  ----Offset---   No.   ---Bay_Set---
* Id   Left    Right  Sets     Width  Quan
   1 230.00   230.00    1    11235.0    2
   2 440.00   440.00    6     6200.0    1
                              5990.0    1
                              6145.0    1
                              5700.0    1
                              6000.0    1
                              6250.0    1
   3 230.00   230.00    1    11235.0    2
   4 440.00   440.00    6     6250.0    1
                              6000.0    1
                              5700.0    1
                              6145.0    1
                              5990.0    1
                              6200.0    1
   5 440.00   440.00    6     6200.0    1
                              5990.0    1
                              6145.0    1
                              5700.0    1
                              6000.0    1
                              6250.0    1
 
*( 6)COLUMNS:
*Wall                                          -Frame_Height-  Frame_Flange   -------Frame-------  ConnBase   ConnCap  Weld
* Id  No. Id   Part       Rot  Opt    Elev     Clear      Top  Width  Thick   Slope  Depth Splice   Id  Opt   Id  Opt   Id
   1   3   1  '--------'  'N'  '-'    0.00       0.0      0.0 150.00   0.00    0.00   0.00  '-'      0  '-'    0  '-'    0
           2  'W40b155'   'N'  'I'    0.00    8830.0   9387.7 150.00   5.00    0.00 552.75  '-'     17  '-'   18  '-'    1
           3  '--------'  'N'  '-'    0.00       0.0      0.0 150.00   0.00    0.00   0.00  '-'      0  '-'    0  '-'    0
   2   7   1  '--------'  'N'  '-'    0.00       0.0      0.0 150.00   0.00    0.00   0.00  '-'      0  '-'    0  '-'    0
           2  '--------'  'N'  '-'    0.00       0.0      0.0 150.00   0.00    0.00   0.00  '-'      0  '-'    0  '-'    0
           3  '--------'  'N'  '-'    0.00       0.0      0.0 150.00   0.00    0.00   0.00  '-'      0  '-'    0  '-'    0
           4  '--------'  'N'  '-'    0.00       0.0      0.0 150.00   0.00    0.00   0.00  '-'      0  '-'    0  '-'    0
           5  '--------'  'N'  '-'    0.00       0.0      0.0 150.00   0.00    0.00   0.00  '-'      0  '-'    0  '-'    0
           6  '--------'  'N'  '-'    0.00       0.0      0.0 150.00   0.00    0.00   0.00  '-'      0  '-'    0  '-'    0
           7  '--------'  'N'  '-'    0.00       0.0      0.0 150.00   0.00    0.00   0.00  '-'      0  '-'    0  '-'    0
   3   3   1  '--------'  'N'  '-'    0.00       0.0      0.0 150.00   0.00    0.00   0.00  '-'      0  '-'    0  '-'    0
           2  'W40b155'   'N'  'I'    0.00    8830.0   9387.7 150.00   5.00    0.00 552.75  '-'     19  '-'   20  '-'    3
           3  '--------'  'N'  '-'    0.00       0.0      0.0 150.00   0.00    0.00   0.00  '-'      0  '-'    0  '-'    0
   4   7   1  '--------'  'N'  '-'    0.00       0.0      0.0 150.00   0.00    0.00   0.00  '-'      0  '-'    0  '-'    0
           2  '--------'  'N'  '-'    0.00       0.0      0.0 150.00   0.00    0.00   0.00  '-'      0  '-'    0  '-'    0
           3  '--------'  'N'  '-'    0.00       0.0      0.0 150.00   0.00    0.00   0.00  '-'      0  '-'    0  '-'    0
           4  '--------'  'N'  '-'    0.00       0.0      0.0 150.00   0.00    0.00   0.00  '-'      0  '-'    0  '-'    0
           5  '--------'  'N'  '-'    0.00       0.0      0.0 150.00   0.00    0.00   0.00  '-'      0  '-'    0  '-'    0
           6  '--------'  'N'  '-'    0.00       0.0      0.0 150.00   0.00    0.00   0.00  '-'      0  '-'    0  '-'    0
           7  '--------'  'N'  '-'    0.00       0.0      0.0 150.00   0.00    0.00   0.00  '-'      0  '-'    0  '-'    0
 
*( 7)RAFTERS:
*Wall        Surf                        ----Location---   -Conn1-   -Conn2-  Weld
* Id  No. Id  Id  Part      Rot  Opt      Start     End    Id  Opt   Id  Opt   Id
   1   2   1   2 '--------' '-'  'F'        0.0  11291.0    0  '-'   21  '-'    0
           2   3 '--------' '-'  'F'        0.0  11291.0   21  '-'    0  '-'    0
   2   0
   3   2   1   2 '--------' '-'  'F'        0.0  11291.0    0  '-'   22  '-'    0
           2   3 '--------' '-'  'F'        0.0  11291.0   22  '-'    0  '-'    0
   4   0
 
*( 8)WALL OPENINGS:
*Wall        Bay                                     Sill    Base  -------------Part------------- Panel
*Id   No. Id  Id    Width   Height   Offset  Type  Height    Elev  Jamb       Header     Sill      Opt
  1    0
  2    0
  3    1   1   1   4500.0   4500.0   3368.0   51      0.0    0.00 '200C20'   '--------' '--------' 'Y'
  4    0
 
*( 9)PARTIAL WALL LAYOUT:
*          Wall      ---Bay---   ----Offset----  -----Height-----   --Attach_Type--  ------Jamb_Part------     Base  Girt
* No.  Id   Id  Use  Start End   Start      End   Bottom      Top   Bottom      Top   Left       Right         Elev  Part
   4    1    1  'P'    1    2      0.0      0.0      0.0   2500.0    '-'        '-'  '--------' '--------'     0.00 '--------'
        2    2  'P'    1    6      0.0      0.0      0.0   2500.0    '-'        '-'  '--------' '--------'     0.00 '--------'
        3    3  'P'    1    2      0.0      0.0      0.0   2500.0    '-'        '-'  '--------' '--------'     0.00 '--------'
        4    4  'P'    1    6      0.0      0.0      0.0   2500.0    '-'        '-'  '--------' '--------'     0.00 '--------'
 
*(10)GIRT SIZE:
*Wall                      No.  Bay                                         Frame_Opt
* Id   Offset Project Type Bay   Id   No.  Locate  Type  Rot Opt  Part      Left Right
   1     0.00  230.00 'ZB'   2    1    6   2580.0  'ZB'  'D' '-' '200Z15  '  '-'  '-'
                                           3580.0  'ZB'  'D' '-' '200Z20  '  '-'  '-'
                                           4580.0  'ZB'  'D' '-' '200Z20  '  '-'  '-'
                                           5780.0  'ZB'  'D' '-' '200Z25  '  '-'  '-'
                                           7280.0  'ZB'  'D' '-' '200Z25  '  '-'  '-'
                                           8080.0  'ZB'  'D' '-' '200Z25  '  '-'  '-'
                                  2    6   2580.0  'ZB'  'D' '-' '200Z15  '  '-'  '-'
                                           3580.0  'ZB'  'D' '-' '200Z20  '  '-'  '-'
                                           4580.0  'ZB'  'D' '-' '200Z20  '  '-'  '-'
                                           5780.0  'ZB'  'D' '-' '200Z25  '  '-'  '-'
                                           7280.0  'ZB'  'D' '-' '200Z25  '  '-'  '-'
                                           8080.0  'ZB'  'D' '-' '200Z25  '  '-'  '-'
   2     0.00  230.00 'ZB'   6    1    5   2580.0  'ZB'  'D' '-' '200Z15  '  '-'  '-'
                                           3580.0  'ZB'  'D' '-' '200Z15  '  '-'  '-'
                                           4580.0  'ZB'  'D' '-' '200Z15  '  '-'  '-'
                                           5780.0  'ZB'  'D' '-' '200Z15  '  '-'  '-'
                                           7280.0  'ZB'  'D' '-' '200Z15  '  '-'  '-'
                                  2    5   2580.0  'ZB'  'D' '-' '200Z15  '  '-'  '-'
                                           3580.0  'ZB'  'D' '-' '200Z15  '  '-'  '-'
                                           4580.0  'ZB'  'D' '-' '200Z15  '  '-'  '-'
                                           5780.0  'ZB'  'D' '-' '200Z15  '  '-'  '-'
                                           7280.0  'ZB'  'D' '-' '200Z15  '  '-'  '-'
                                  3    5   2580.0  'ZB'  'D' '-' '200Z15  '  '-'  '-'
                                           3580.0  'ZB'  'D' '-' '200Z15  '  '-'  '-'
                                           4580.0  'ZB'  'D' '-' '200Z15  '  '-'  '-'
                                           5780.0  'ZB'  'D' '-' '200Z15  '  '-'  '-'
                                           7280.0  'ZB'  'D' '-' '200Z15  '  '-'  '-'
                                  4    5   2580.0  'ZB'  'D' '-' '200Z15  '  '-'  '-'
                                           3580.0  'ZB'  'D' '-' '200Z15  '  '-'  '-'
                                           4580.0  'ZB'  'D' '-' '200Z15  '  '-'  '-'
                                           5780.0  'ZB'  'D' '-' '200Z15  '  '-'  '-'
                                           7280.0  'ZB'  'D' '-' '200Z15  '  '-'  '-'
                                  5    5   2580.0  'ZB'  'D' '-' '200Z15  '  '-'  '-'
                                           3580.0  'ZB'  'D' '-' '200Z15  '  '-'  '-'
                                           4580.0  'ZB'  'D' '-' '200Z15  '  '-'  '-'
                                           5780.0  'ZB'  'D' '-' '200Z15  '  '-'  '-'
                                           7280.0  'ZB'  'D' '-' '200Z15  '  '-'  '-'
                                  6    5   2580.0  'ZB'  'D' '-' '200Z15  '  '-'  '-'
                                           3580.0  'ZB'  'D' '-' '200Z15  '  '-'  '-'
                                           4580.0  'ZB'  'D' '-' '200Z15  '  '-'  '-'
                                           5780.0  'ZB'  'D' '-' '200Z15  '  '-'  '-'
                                           7280.0  'ZB'  'D' '-' '200Z15  '  '-'  '-'
   3     0.00  230.00 'ZB'   2    1    6   2580.0  'ZB'  'D' '-' '200Z15  '  '-'  '-'
                                           3580.0  'ZB'  'D' '-' '200Z18  '  '-'  '-'
                                           4580.0  'ZB'  'D' '-' '200ZN25 '  '-'  '-'
                                           5780.0  'ZB'  'D' '-' '200Z25  '  '-'  '-'
                                           7280.0  'ZB'  'D' '-' '200Z25  '  '-'  '-'
                                           8080.0  'ZB'  'D' '-' '200Z25  '  '-'  '-'
                                  2    6   2580.0  'ZB'  'D' '-' '200Z15  '  '-'  '-'
                                           3580.0  'ZB'  'D' '-' '200Z18  '  '-'  '-'
                                           4580.0  'ZB'  'D' '-' '200ZN20 '  '-'  '-'
                                           5780.0  'ZB'  'D' '-' '200Z25  '  '-'  '-'
                                           7280.0  'ZB'  'D' '-' '200Z25  '  '-'  '-'
                                           8080.0  'ZB'  'D' '-' '200Z25  '  '-'  '-'
   4     0.00  230.00 'ZB'   6    1    5   2580.0  'ZB'  'D' '-' '200Z15  '  '-'  '-'
                                           3580.0  'ZB'  'D' '-' '200Z15  '  '-'  '-'
                                           4580.0  'ZB'  'D' '-' '200Z15  '  '-'  '-'
                                           5780.0  'ZB'  'D' '-' '200Z15  '  '-'  '-'
                                           7280.0  'ZB'  'D' '-' '200Z15  '  '-'  '-'
                                  2    5   2580.0  'ZB'  'D' '-' '200Z15  '  '-'  '-'
                                           3580.0  'ZB'  'D' '-' '200Z15  '  '-'  '-'
                                           4580.0  'ZB'  'D' '-' '200Z15  '  '-'  '-'
                                           5780.0  'ZB'  'D' '-' '200Z15  '  '-'  '-'
                                           7280.0  'ZB'  'D' '-' '200Z15  '  '-'  '-'
                                  3    5   2580.0  'ZB'  'D' '-' '200Z15  '  '-'  '-'
                                           3580.0  'ZB'  'D' '-' '200Z15  '  '-'  '-'
                                           4580.0  'ZB'  'D' '-' '200Z15  '  '-'  '-'
                                           5780.0  'ZB'  'D' '-' '200Z15  '  '-'  '-'
                                           7280.0  'ZB'  'D' '-' '200Z15  '  '-'  '-'
                                  4    5   2580.0  'ZB'  'D' '-' '200Z15  '  '-'  '-'
                                           3580.0  'ZB'  'D' '-' '200Z15  '  '-'  '-'
                                           4580.0  'ZB'  'D' '-' '200Z15  '  '-'  '-'
                                           5780.0  'ZB'  'D' '-' '200Z15  '  '-'  '-'
                                           7280.0  'ZB'  'D' '-' '200Z15  '  '-'  '-'
                                  5    5   2580.0  'ZB'  'D' '-' '200Z15  '  '-'  '-'
                                           3580.0  'ZB'  'D' '-' '200Z15  '  '-'  '-'
                                           4580.0  'ZB'  'D' '-' '200Z15  '  '-'  '-'
                                           5780.0  'ZB'  'D' '-' '200Z15  '  '-'  '-'
                                           7280.0  'ZB'  'D' '-' '200Z15  '  '-'  '-'
                                  6    5   2580.0  'ZB'  'D' '-' '200Z15  '  '-'  '-'
                                           3580.0  'ZB'  'D' '-' '200Z15  '  '-'  '-'
                                           4580.0  'ZB'  'D' '-' '200Z15  '  '-'  '-'
                                           5780.0  'ZB'  'D' '-' '200Z15  '  '-'  '-'
                                           7280.0  'ZB'  'D' '-' '200Z15  '  '-'  '-'
 
*(11)SPECIAL GIRT:
*Wall     ---Bay---
* Id  No. Start End  Height Type  Rotate  Part      Use
   1   0
   2   0
   3   1    1    2   5750.0 'ZB'   'D'   '--------' '-'
   4   0
 
*(12)PURLIN TYPE:
*Wall  Surf
* Id    Id    Type Offset  Project   Part
   1     2    'ZB'   0.00     0.00  '150Z15'
   1     3    'ZB'   0.00     0.00  '150Z15'
   3     2    'ZB'   0.00     0.00  '150Z15'
   3     3    'ZB'   0.00     0.00  '150Z15'
 
*(13)PURLIN LOCATION:
*Wall Surf   Peak
* Id   Id   Space  No.  Locate
   1    2   300.0    8  1373.9   2747.8   4121.6   5495.5   6869.4   8243.3   9617.2
                       10991.0
   1    3   300.0    8   300.0   1673.9   3047.8   4421.6   5795.5   7169.4   8543.3
                        9917.2
   3    2   300.0    8  1373.9   2747.8   4121.6   5495.5   6869.4   8243.3   9617.2
                       10991.0
   3    3   300.0    8   300.0   1673.9   3047.8   4421.6   5795.5   7169.4   8543.3
                        9917.2
 
*(14)EAVE STRUTS, GUTTER:
*Wall  -----Eave_Strut-----  Bolt  ---Gutter---   Stand
* Id   Type  Opt  Part        Dia  Type   Width   Seam
   2   'ZB'  '-' '150Z15'   12.00  'Y'     0.00   'N'
   4   'ZB'  '-' '150Z15'   12.00  'Y'     0.00   'N'
 
*(15)WALL BRACING:
*Wall               ---Bay---  -------Level-------  ------Brace------  Connect   Brace
*Id   No.   Offset  Start End  No.  Type    Height  Type    Part       Opt  Id   Force
  1    0
  2    2       0.0    2    2    2   'B'     6630.0  'R '   'ROD20   '  '-'   9   12.52
                                    'B'     8420.0  'R '   'ROD20   '  '-'  10   12.52
               0.0    5    5    2   'B'     6630.0  'R '   'ROD20   '  '-'  11   12.52
                                    'B'     8420.0  'R '   'ROD20   '  '-'  12   12.52
  3    0
  4    2       0.0    2    2    2   'B'     6630.0  'R '   'ROD20   '  '-'  13   12.52
                                    'B'     8420.0  'R '   'ROD20   '  '-'  14   12.52
               0.0    5    5    2   'B'     6630.0  'R '   'ROD20   '  '-'  15   12.52
                                    'B'     8420.0  'R '   'ROD20   '  '-'  16   12.52
  5    0
 
*(16)ROOF BRACING ATTACHMENT:
*Wall
* Id    No.     Location
  1      5          0     5468    11235    17002    22470
  2      0
  3      5          0     5468    11235    17002    22470
  4      0
 
*(17)ROOF BRACING:
*Wall No.   Bay                  Connect   Brace
* Id  Bay   Id  Type  Part       Opt  Id   Force
   1   0
   2   0
   3   0
   4   0
 
*(18)WIND BENTS:
*Wall        Bay                Rafter
* Id    No.   Id       Height   Part
   1     0
   2     0
   3     0
   4     0
 
*(19)WIND COLUMNS:
*Wall      Bay
* Id   No.  Id  Side  Height
   1    0
   2    0
   3    0
   4    0
 
*(20)EXTENSION LAYOUT:
*        Wall                ---Bay---   -Edge_Extend-  End_Option  End_Support  --Gutter--         Stand
* No. Id  Id  Type Opt Mount Start End    Left   Right  Left Right  Left Right   Use  Width Soffit  Seam
   1   1   3  'EC' '-'  'B'    1     2     0.0     0.0  '-'  '-'    '-'   '-'    'N'   0.00  '-'    'N'
 
*(21)EXTENSION SIZE:
*      ----Horizontal_Size---   ---------Vertical_Size--------  --Orient--  -------Support------
* Id     Elev   Width   Slope     Elev   Height   Slope Project Beam Panel  Offset   Elev Splice
   1   5700.0  1800.0   10.00      0.0     0.0     0.00    0.00  '-'  '-'     0.00   0.00   '-'
 
*(22)EXTENSION BEAMS:
*    Ext Line                                         ----------Web---------  ------Flange-------   Use    Use  Connect_Id
*No.  Id  Id   Use       Orn   Part     Shape Rot Opt  Depth1  Depth2  Thick  Width  Thick  Thick Bracket Stiff Start  End
   5   1   1  'ATTACH  ' 'H'  '--------' 'H'  '-' '-'   191.0   371.0   4.00  125.0   5.00   5.00   'N'    'Y'    23    0
       1   1  'ATT_SUPP' 'H'  'W30a155 ' 'H'  '-' '-'   300.0   300.0   4.00  150.0   5.00   5.00   'N'    'Y'    24   25
       1   2  'ATTACH  ' 'H'  '--------' 'H'  '-' '-'   191.0   371.0   4.00  125.0   5.00   5.00   'Y'    'Y'    26    0
       1   3  'ATTACH  ' 'H'  '--------' 'H'  '-' '-'   191.0   371.0   4.00  125.0   5.00   5.00   'N'    'Y'    27    0
       1   3  'ATT_SUPP' 'H'  'W30a155 ' 'H'  '-' '-'   300.0   300.0   4.00  150.0   5.00   5.00   'N'    'Y'    28   29
 
*(23)EXTENSION PURLINS:
*                                     Peak     Set   ------Lap-----              Flg_Brace
*No.  Id   Use       Type  Rot Row   Space   Space     Ext      Int    Part      Side Type
   2   1  'ROOF    ' 'ZB'  'U'   1    300.0     0.0   960.0    960.0  '250Z18  '   1   '-'
       1  'EAVE'     'ZB'  'U'   1      0.0     0.0   960.0    960.0  '250Z18  '   0   'A'
 
*(24)EXTENSION BRACING:
*    Ext   Bay                      Connect
*No.  Id    Id  Orn Type  Part       Id
  0
 
*(25)STRUTS:
*            Wall ---Bay---  Attach                                Connect_Id   Weld  Support Brace
*No. Id Type Surf Start End  Locate Option  Part      Rot  Offset  Start  End    Id     Rows   Opt   X_Coord  Y_Coord
  4   1 'W'    2    2    2   6630.0    4   'T80x32  ' 'N'     0.0   30     30     0      0     '-'   22084.0   6630.0
      2 'W'    2    5    5   6630.0    4   'T80x32  ' 'N'     0.0   31     31     0      0     '-'   22084.0   6630.0
      3 'W'    4    2    2   6630.0    4   'T80x32  ' 'N'     0.0   32     32     0      0     '-'     386.0   6630.0
      4 'W'    4    5    5   6630.0    4   'T80x32  ' 'N'     0.0   33     33     0      0     '-'     386.0   6630.0
 
 
*(26)STRUT BOLTS:
*          Strut  Wall Frame  Attach  Option  --------------Size--------------  DT_BOLT
*No.   Id  Type   Surf  Id    Locate    Id    Type    Dia    Len  Quan  Washer    Line
   4    1   'E'     2    1     22470     0   'Gr8.8' 12.00  50.00   2      0       77
        2   'E'     2    7     22470     0   'Gr8.8' 12.00  50.00   2      0       77
        3   'E'     4    7         0     0   'Gr8.8' 12.00  50.00   2      0       77
        4   'E'     4    1         0     0   'Gr8.8' 12.00  50.00   2      0       77
 
 
*(27)RAFTER FLANGE BRACES:
*Wall  Surf
* Id    Id     No.  Loc  Type  Offset  Opt  Ref
   1     2      0
         3      0
   3     2      0
         3      0
 
*(28)COLUMN FLANGE BRACES:
*Wall  Column
* Id   No. Id   No.    Loc  Side  Type  Offset  Opt  Ref
   1    1   2    2       2  'R'   'A'   330.00  '-' '------'
                         4  'R'   'A'   330.00  '-' '------'
   2    0
   3    1   2    2       2  'R'   'A'   330.00  '-' '------'
                         4  'R'   'A'   330.00  '-' '------'
   4    0
 
*(29)PURLIN ANTI-ROLL:
* No.  Line  Surf           Roll      -Purlin-
*Item   Id    Id  Opt  Rot  Id        No.  Id
   0
 
*(30)STRAPS:
*Wall Strap   No.
* Id  Type    Bay   No._Straps_per_Bay
   1  '-'       2   4   4
   2  '-'       6   2   2   2   2   2   2
   3  '-'       2   4   4
   4  '-'       6   2   2   2   2   2   2
 
*(31)PARTITION LAYOUT:
*                         --------Start--------  ---------End---------  --Location--
* No.   Id   Orient Dir.  Offset  Adj_Id Tie_in  Offset  Adj_Id Tie_in  No.  Offset
   0
 
*(32)PARTITION COLUMNS:
*Part  -------Left_Corner------   ------Right_Corner------    Max
* Id     Part      Rot   Option     Part      Rot   Option   Depth
 
*(33)PARTITION RAFTERS:
*Part  -------Left_Corner------   ------Right_Corner------    Max
* Id     Part      Rot   Option     Part      Rot   Option   Depth
 
*(34)PARTITION GIRTS:
*Part Bay
* Id  Id  Type Offset  Project   Part        No.  Location
 
*(35)PARTITION SPECIAL GIRT:
*Part     ---Bay---
* Id  No. Start End  Height Type  Rotate  Part
 
*(36)CRANE SUPPORT BEAMS:
*    Wall Bay ---Brace---                       Connect  ----------Bolt----------  Connect_Id
*No.  Id   Id  Type   Dia    Height   Part       Type    Row   Dia   Gage  Type    Start  End
  0
 
*(37)WIDE OPENING LAYOUT:
*Wall              ---Bay---  --Clear_Opening--    Wedge       Stub Column
* Id  No. Id Type  Start End     Width   Height    Height      Elev  Mount
   1   0
   2   0
   3   0
   4   0
 
*(38)RIGID FRAMES NEAR EW:
* ---Frame---   ---Flange_Thick---
* Line Id Type  LtCol  RtCol  Roof
   2    2 'RF'   6.00   6.00  6.00
   6    4 'RF'   6.00   6.00  6.00
 
*(39)RIGID FRAME COORDINATES:
*      Wall  Frame
*No.    Id   Id     X_Coord    Y_Coord
 30      1    1       640.8       -0.4
         1    1       942.0     4016.0
         1    1       936.8     7944.7
         1    1      1039.6     7960.7
         1    1      1039.6     7960.7
         1    1      4711.0     8428.8
         1    1      8722.5     8830.0
         1    1     11235.0     8830.0
         1    1     13747.0     8830.0
         1    1     17758.8     8428.8
         1    1     21430.4     7960.7
         1    1     21430.2     7960.7
         1    1     21528.0     7949.6
         1    1     21528.0     4015.6
         1    1     21829.2       -0.4
         3    5       640.8       -0.4
         3    5       942.0     4015.6
         3    5       942.0     7949.6
         3    5      1039.8     7960.7
         3    5      1039.6     7960.7
         3    5      4711.2     8428.8
         3    5      8723.0     8830.0
         3    5     11235.0     8830.0
         3    5     13747.5     8830.0
         3    5     17759.0     8428.8
         3    5     21430.4     7960.7
         3    5     21430.4     7960.7
         3    5     21533.2     7944.7
         3    5     21528.0     4016.0
         3    5     21829.2       -0.4
 
*(40)COLUMN HOLES:
*     Wall Col                                                         ----Hole---
*No.   Id   Id  Use    Height  Orn    Dia  Length   Gage  Ref  Offset  No.  Locate
  0
 
*(41)RAFTER HOLES:
*     Wall Raf                                                         ----Hole---
*No.   Id   Id  Use    Locate  Orn    Dia  Length   Gage  Ref  Offset  No.  Locate
  0
 
*(42)ROOF OPENING LAYOUT:
*        -Location-     Frame --Surface-- ----Bay----                     Ref
*No. Id  Use     Id Opt  Type Id   Offset Id   Offset    Width   Length   Id
  0
 
*(43)ROOF OPENING FRAMING:
*        Open     Bay           ----------Member-------- Frame_Opt   Frame_Id  Connect_Id
*No.  Id  Id  Use  Id   Offset  Type Opt  Rot  Part      Start End  Start End  Start  End
  0
 
*(44)ADDITIONAL PURLINS:
*       Surf Bay Purl                                   -----Extend----   Frame_Opt  -Frame_Id-  Connect_Id
*No. Id  Id   Id  Id   Offset  Type  Rot Opt  Part         Left   Right  Left Right  Left Right  Left Right
  0
 
*(45)ADDITIONAL COLUMNS:
*    Wall Column                                    -Connect-
*No.  Id   Id   Type  Part      Rot  Opt      Elev  Base  Cap
  0
 
*(46)BEARING STIFFENERS:
*        Wall  --Locate--
*No. Id   Id   Use     Id   Offset  Opt  Qty  Width   Thick
  0
 
*(47)CONNECTIONS:
*                   ------Plate------  -----Plate_Size----  -------------------Bolts-------------------    Plate  Bolt  Bolt  Weld
*No.  Id  Type Opt  Use        Id  Loc  Width Length  Thick  Type      Dia Row1 Row2 Space1 Space2  Gage  Offset  Edge   Ref   Id
  33   1  ' R' '-' 'BRACE_R '   1   1    0.00   0.00   0.00 '-----'   0.00   0    1    0.00   0.00  0.00    0.00  0.00     0    0
       2  ' R' '-' 'BRACE_R '   1   1    0.00   0.00   0.00 '-----'   0.00   0    1    0.00   0.00  0.00    0.00  0.00     0    0
       3  ' R' '-' 'BRACE_R '   1   1    0.00   0.00   0.00 '-----'   0.00   0    1    0.00   0.00  0.00    0.00  0.00     0    0
       4  ' R' '-' 'BRACE_R '   1   1    0.00   0.00   0.00 '-----'   0.00   0    1    0.00   0.00  0.00    0.00  0.00     0    0
       5  ' R' '-' 'BRACE_R '   1   2    0.00   0.00   0.00 '-----'   0.00   0    1    0.00   0.00  0.00    0.00  0.00     0    0
       6  ' R' '-' 'BRACE_R '   1   2    0.00   0.00   0.00 '-----'   0.00   0    1    0.00   0.00  0.00    0.00  0.00     0    0
       7  ' R' '-' 'BRACE_R '   1   2    0.00   0.00   0.00 '-----'   0.00   0    1    0.00   0.00  0.00    0.00  0.00     0    0
       8  ' R' '-' 'BRACE_R '   1   2    0.00   0.00   0.00 '-----'   0.00   0    1    0.00   0.00  0.00    0.00  0.00     0    0
       9  ' R' '-' 'BRACE_W '   2   1    0.00   0.00   0.00 '-----'   0.00   0    1    0.00   0.00  0.00    0.00  0.00     0    0
      10  ' R' '-' 'BRACE_W '   2   1    0.00   0.00   0.00 '-----'   0.00   0    1    0.00   0.00  0.00    0.00  0.00     0    0
      11  ' R' '-' 'BRACE_W '   2   2    0.00   0.00   0.00 '-----'   0.00   0    1    0.00   0.00  0.00    0.00  0.00     0    0
      12  ' R' '-' 'BRACE_W '   2   2    0.00   0.00   0.00 '-----'   0.00   0    1    0.00   0.00  0.00    0.00  0.00     0    0
      13  ' R' '-' 'BRACE_W '   4   1    0.00   0.00   0.00 '-----'   0.00   0    1    0.00   0.00  0.00    0.00  0.00     0    0
      14  ' R' '-' 'BRACE_W '   4   1    0.00   0.00   0.00 '-----'   0.00   0    1    0.00   0.00  0.00    0.00  0.00     0    0
      15  ' R' '-' 'BRACE_W '   4   2    0.00   0.00   0.00 '-----'   0.00   0    1    0.00   0.00  0.00    0.00  0.00     0    0
      16  ' R' '-' 'BRACE_W '   4   2    0.00   0.00   0.00 '-----'   0.00   0    1    0.00   0.00  0.00    0.00  0.00     0    0
      17  'S3' '-' '--------'   0   0  200.00   0.00  16.00 'A36  '  20.00   2    0    0.00   0.00 100.0    0.00  0.00    21    2
      18  'P-' '-' '--------'   0   0  200.00   0.00  16.00 'Gr8.8'  20.00   2    0  100.00   0.00 100.0    0.00  0.00     0    0
      19  'S3' '-' '--------'   0   0  200.00   0.00  16.00 'A36  '  20.00   2    0    0.00   0.00 100.0    0.00  0.00    21    4
      20  'P-' '-' '--------'   0   0  200.00   0.00  16.00 'Gr8.8'  20.00   2    0  100.00   0.00 100.0    0.00  0.00     0    0
      21  '- ' '-' '--------'   0   0    0.00   0.00   0.00 'Gr8.8'   0.00   0    0    0.00   0.00  0.00    0.00  0.00     0    0
      22  '- ' '-' '--------'   0   0    0.00   0.00   0.00 'Gr8.8'   0.00   0    0    0.00   0.00  0.00    0.00  0.00     0    0
      23  'SS' '-' '--------'   0   0  200.00 616.62  16.00 'Gr8.8'  20.00   2    2  100.00 100.00 100.0    0.00  0.00    23    0
      24  'SS' '-' '--------'   0   0  200.00 500.02  16.00 'Gr8.8'  20.00   2    2  100.00 100.00 100.0    0.00  0.00    23    0
      25  'S3' '-' '--------'   0   0  150.00 360.02  10.00 'Gr8.8'  16.00   2    2  100.00  75.00 75.00    0.00  0.00    17    0
      26  'SS' '-' '--------'   0   0  200.00 572.62  16.00 'Gr8.8'  20.00   2    2  100.00 100.00 100.0    0.00  0.00    23    0
      27  'SS' '-' '--------'   0   0  200.00 616.62  16.00 'Gr8.8'  20.00   2    2  100.00 100.00 100.0    0.00  0.00    23    0
      28  'SS' '-' '--------'   0   0  200.00 500.02  16.00 'Gr8.8'  20.00   2    2  100.00 100.00 100.0    0.00  0.00    23    0
      29  'S3' '-' '--------'   0   0  150.00 360.02  10.00 'Gr8.8'  16.00   2    2  100.00  75.00 75.00    0.00  0.00     0    0
      30  'SG' '-' 'STRUT_W '   0   0  150.00   0.00  10.00 'Gr8.8'  16.00   2    1    0.00   0.00 75.00    0.00  0.00     0    0
      31  'SG' '-' 'STRUT_W '   0   0  150.00   0.00  10.00 'Gr8.8'  16.00   2    1    0.00   0.00 75.00    0.00  0.00     0    0
      32  'SG' '-' 'STRUT_W '   0   0  150.00   0.00  10.00 'Gr8.8'  16.00   2    1    0.00   0.00 75.00    0.00  0.00     0    0
      33  'SG' '-' 'STRUT_W '   0   0  150.00   0.00  10.00 'Gr8.8'  16.00   2    1    0.00   0.00 75.00    0.00  0.00     0    0
 
*(48)WELDED PLATES:
*    Wall  -Locate-                                          ------------Plate----------- -----Bolts----- Bolt_Holes
*No.  Id   Use   Id Opt Att   Locate  Offset Orn Rot   Angle  Part      Width Thick   Len   Dia Row  Gage No. Locate
  0
 
*(49)WELDS:
*    Table      ---OS_Flange---  ---IS_Flange---  ------Web------
*No.  Id   Opt   Size Type Note   Size Type Note   Size Type Note
   4   1   '-'   4.00 'F1' '--'   4.00 'F1' '--'   4.00 'F1' '--'
       2   '-'   4.00 'F1' '--'   4.00 'F1' '--'   4.00 'F1' '--'
       3   '-'   4.00 'F1' '--'   4.00 'F1' '--'   4.00 'F1' '--'
       4   '-'   4.00 'F1' '--'   4.00 'F1' '--'   4.00 'F1' '--'

================================================================================
 C323-153-Final          Endwall Column  EC-1               11/AUG/2025  1:05pm
================================================================================
  Quan:  1                         Mark: EC-1              Part:W40b155 
-------------------------------------------------------------------------------

 PLATES:
 -------
 Quan Mark   Part     Description   Width   Thick    Length   UnitWt  TotalWt
 ---- ----   -------- -----------   -----   -----  --------   ------  -------
   1  WB1             Web            400     5.00      8798   138.25   138.25
   1  OF1             Flg-O          150     5.00      8798    51.85    51.85
   1  IF1             Flg-I          150     5.00      8798    51.85    51.85
   6  OC2             O-Girt Clip    151     5.00       205     1.21     7.29
   2  RC4             Brace Clip      75     5.00        75     0.22     0.44
   1  EP1             Base Plt       200    16.00       450    11.31    11.31
   1  EP2             Cap-L          200    16.00       450    11.31    11.31
                                                                      -------
                                                                       272.30

 HOLE LOCATIONS:
 ---------------
  Plate                        Slot/          Bolt
  Mark     Dia  Offset   Gage  Gage2   Angle   Ref Locate
  ----   -----  ------  -----  -----  ------  ---- -----------------------------------
  OC2       14       0    100      0     0.0     9        25       125 
  RC4       14      25      0      0     0.0     5        25 
  EP1       26       0    100      0     0.0    21       175       275 
  EP2       22       0    100      0     0.0    23       175       245 

 PLATE LOCATIONS:
 ----------------
  Plate
  Type  Attach  Offset   Angle  Side  Locate
  ----- ------  ------  ------  ----  ------------------------------------
  OC2      O        0     0.00    L        2564      3564      4564 
                                           5764      7264      8064 
  RC4      F        0     0.00    R        3564      5764 
  EP1              15     0.00                0     
  C12               0     0.00             8798     

 WELDS:
 ------
                  Weld   Weld  Weld    Weld
   Plate  Plate2  Type   Size  Note  Length
   -----  ------  ----  -----  ----  ------
    OF1    WB      F1    4.00    -   8798.0
    IF1    WB      F1    4.00    -   8798.0
    EP1    OF      F1    4.00    -    150.0
    EP1    IF      F1    4.00    -    150.0
    EP1    WB      F1    4.00    -    400.0
    EP2    OF      F1    4.00    -    150.0
    EP2    IF      F1    4.00    -    150.0
    EP2    WB      F1    4.00    -    400.0
    OC2    OF      F1    4.00    -    150.0
    RC4    WB      F1    4.00    -     75.0
    RC4    IF      F1    4.00    -     72.5

 FINISH DIMENSIONS:
 ------------------
   Left    Overall     =     8830 
   Right   Overall     =     8830 
   Max     Overall     =     8830 

 CLIP DETAILING:
 ---------------
   Mark   Typ Thick Ang     A      B      C      D      E      F      G      H
   ------ --- ----- --- ------ ------ ------ ------ ------ ------ ------ ------
   OC2     y   0.00   0  25.40 100.00  25.00 100.00  80.00   0.00   0.00   0.00
   RC4     x   0.00   0  25.00   0.00  25.00  50.00   0.00   0.00   0.00   0.00
   EP1     z  16.00   0  50.00 100.00 175.00 100.00 175.00  26.00   0.00   0.00
   EP2     z  16.00   0  50.00 100.00 175.00  70.00 205.00  22.00   0.00   0.00

================================================================================
 C323-153-Final          Endwall Column  EC-2               11/AUG/2025  1:05pm
================================================================================
  Quan:  1                         Mark: EC-2              Part:W40b155 
-------------------------------------------------------------------------------

 PLATES:
 -------
 Quan Mark   Part     Description   Width   Thick    Length   UnitWt  TotalWt
 ---- ----   -------- -----------   -----   -----  --------   ------  -------
   1  WB1             Web            400     5.00      8798   138.25   138.25
   1  OF1             Flg-O          150     5.00      8798    51.85    51.85
   1  IF1             Flg-I          150     5.00      8798    51.85    51.85
   6  OC2             O-Girt Clip    151     5.00       205     1.21     7.29
   1  BO10            Bracket Out    125     5.00       214     1.05     1.05
   1  BI10            Bracket In     125     5.00       214     1.05     1.05
   1  BW10            Bracket Web    371     4.00       214     2.49     2.49
   1  BE10            Bracket EP     200    16.00       573    14.40    14.40
   2  SB10            Brckt Stiff    120     5.00       120     0.28     0.57
   2  ST10            Web Stiff       60     6.00       300     0.85     1.70
   2  ST12            Web Stiff       60     6.00       300     0.85     1.70
   2  RC4             Brace Clip      75     5.00        75     0.22     0.44
   1  EP1             Base Plt       200    16.00       450    11.31    11.31
   1  EP2             Cap-L          200    16.00       450    11.31    11.31
                                                                      -------
                                                                       295.25

 HOLE LOCATIONS:
 ---------------
  Plate                        Slot/          Bolt
  Mark     Dia  Offset   Gage  Gage2   Angle   Ref Locate
  ----   -----  ------  -----  -----  ------  ---- -----------------------------------
  OC2       14       0    100      0     0.0     9        25       125 
  BE10      22       0    100      0     0.0    23        45       145       428 
                                                         528 
  RC4       14      25      0      0     0.0     5        25 
  EP1       26       0    100      0     0.0    21       175       275 
  EP2       22       0    100      0     0.0    23       175       245 

 PLATE LOCATIONS:
 ----------------
  Plate
  Type  Attach  Offset   Angle  Side  Locate
  ----- ------  ------  ------  ----  ------------------------------------
  OC2      O        0     0.00    L        2564      3564      4564 
                                           5764      7264      8064 
  BO10     O        0     0.00    -        5431     
  BE10     -       97     0.00    -                 
  WT10     2      100     0.00    R        5055     
  WT12     2      100     0.00    L        5433     
  RC4      F        0     0.00    R        3564      5764 
  EP1              15     0.00                0     
  C12               0     0.00             8798     

 WELDS:
 ------
                  Weld   Weld  Weld    Weld
   Plate  Plate2  Type   Size  Note  Length
   -----  ------  ----  -----  ----  ------
    OF1    WB      F1    4.00    -   8798.0
    IF1    WB      F1    4.00    -   8798.0
    BO10   OF      F2    6.00    -    125.0
    EP10   BO1     F1    4.00    -    125.0
    EP10   BI1     F1    4.00    -    125.0
    BW10   OF      F2    3.00    -    371.0
    EP10   BW1     F1    4.00    -    371.0
    ST10   WB      F2    4.00    -    120.0
    ST10   OF      F2    4.00    -     72.5
    ST10   WB      F2    4.00    -    300.0
    ST10   OF      F2    4.00    -     60.0
    ST12   WB      F2    4.00    -    300.0
    ST12   OF      F2    4.00    -     60.0
    EP1    OF      F1    4.00    -    150.0
    EP1    IF      F1    4.00    -    150.0
    EP1    WB      F1    4.00    -    400.0
    EP2    OF      F1    4.00    -    150.0
    EP2    IF      F1    4.00    -    150.0
    EP2    WB      F1    4.00    -    400.0
    OC2    OF      F1    4.00    -    150.0
    BI10   OF      F1    4.00    -    125.0
    BO10   BE1     F2    6.00    -    200.0
    BI10   BE1     F2    6.00    -    200.0
    BW10   BE1     F2    3.00    -    200.0
    SB10   WB      F1    4.00    -    120.0
    RC4    WB      F1    4.00    -     75.0
    RC4    IF      F1    4.00    -     72.5

 FINISH DIMENSIONS:
 ------------------
   Left    Overall     =     8830 
   Right   Overall     =     8830 
   Max     Overall     =     8830 

 CLIP DETAILING:
 ---------------
   Mark   Typ Thick Ang     A      B      C      D      E      F      G      H
   ------ --- ----- --- ------ ------ ------ ------ ------ ------ ------ ------
   OC2     y   0.00   0  25.40 100.00  25.00 100.00  80.00   0.00   0.00   0.00
   RC4     x   0.00   0  25.00   0.00  25.00  50.00   0.00   0.00   0.00   0.00
   EP1     z  16.00   0  50.00 100.00 175.00 100.00 175.00  26.00   0.00   0.00
   EP2     z  16.00   0  50.00 100.00 175.00  70.00 205.00  22.00   0.00   0.00

================================================================================
 C323-153-Final      Weld Lengths                           11/AUG/2025  1:05pm
================================================================================


        Piece    Size    Web-Flange    ------Hand_Weld(mm)-----
  Qty   Mark     (mm)    Fillet(mm)     Fillet   Groove    Butt
  ---   -----   -----    ----------    -------  -------  ------
    1   EC-1     4.00       17596         2595        0       0
 
    1   EC-2     3.00           0         1142        0       0
                 4.00       17596         7231        0       0
                 6.00           0         1050        0       0

================================================================================
 C323-153-Final      Flange Braces                          11/AUG/2025  1:05pm
================================================================================

  COLUMN FLANGE BRACES:
  ---------------------
   Wall Col  Girt    Web   Brace                    Col   --Attachment-
    Id   Id   Id   Depth  Offset  Length  Part      Side  Column   Girt Ref
   ---- ---  ----  -----  ------  ------  --------  ----  ------   ---- -----
     1    2    2   400.0   330.0   568.0  L40X40X4    R   Clip     Web   
               4   400.0   330.0   568.0  L40X40X4    R   Clip     Web   
     3    2    2   400.0   330.0   568.0  L40X40X4    R   Clip     Web   
               4   400.0   330.0   568.0  L40X40X4    R   Clip     Web   
 
  RAFTER FLANGE BRACES:
  ---------------------
   Wall Surf Purlin  Web   Brace                    --Attachment-
    Id   Id   Id   Depth  Offset  Length  Part      Rafter Purlin Ref
   ---- ---  ----  -----  ------  ------  --------  ------ ------ -----

================================================================================
 C323-153-Final      Bracing Attachments                    11/AUG/2025  1:05pm
================================================================================

 WALL BRACING SLOTS:
 -------------------
 No. Wall Bay Line Level -----Start-----   ------End------
 Loc  Id   Id  Id   Id   Offset   Locate   Offset    Locate     Gage
 
 ROOF BRACING SLOTS:
 -------------------
 No.  Wall  Bay Line  Level  --------Start--------  ----------End---------
 Loc   Id    Id  Id    Id    Surf  Offset   Locate  Surf Offset    Locate     Gage

================================================================================
 C323-153-Final      Web Slot Reinforcement Plates          11/AUG/2025  1:05pm
================================================================================

 COLUMN PLATES:
 --------------
                                          Min
                                          Backup   Calc              Web_With
 Wall Col  --Attach_Slot--  Brace  Web    Plate   Perpen.    Web      Backup
  Id   Id  Locate Side Ang   Dia   Thick  Thick   Force    Capacity  Capacity
 ---- ---  ------ ---- ---  -----  -----  ------  -------  --------  --------
 
 RAFTER PLATES:
 --------------
                                          Min
                                          Backup   Calc              Web_With
 Wall Raf  --Attach_Slot--  Brace  Web    Plate   Perpen.    Web      Backup
  Id   Id  Locate Side Ang   Dia   Thick  Thick   Force    Capacity  Capacity
 ---- ---  ------ ---- ---  -----  -----  ------  -------  --------  --------

================================================================================
 C323-153-Final      Connection Bolts                       11/AUG/2025  1:05pm
================================================================================

 COLUMN BOLTS:
 -------------
                --Connect--
    Wall  Id    Locate Type  Qty  Type     Dia  Length  Part      DtBolt
    ----  ----  ------ ----  ---  -----  -----  ------  --------  ------
      1   Col2  Cap     P-     4  Gr8.8  20.00    90.0  H20X90      23
      3   Col2  Cap     P-     4  Gr8.8  20.00    90.0  H20X90      23
 
 RAFTER BOLTS:
 -------------
                --Connect--
    Wall  Id    Locate Type  Qty  Type     Dia  Length  Part      DtBolt
    ----  ----  ------ ----  ---  -----  -----  ------  --------  ------

================================================================================
 C323-153-Final      Cost Summary                           11/AUG/2025  1:05pm
================================================================================

        Piece                  End    Clip  Stiff         Surf   Set  Unit  Total
  Quan  Id     Flange    Web  Plate  Plate  Plate  Weld  Treat    Up  Cost   Cost
  ----  -----  ------    ---  -----  -----  -----  ----  -----  ----  ----  -----
    1   EC-1    
        Matrl:      0    179     17      6      0     0     0          202    202
        Labor:      0      0      0      0      0     0     0      0     0      0
               ------    ---  -----  -----  -----  ----  -----  ----  ----  -----
                    0    179     17      6      0     0     0      0   202    202 
    1   EC-2    
        Matrl:      2    181     27      6      3     0     0          218    218
        Labor:      0      0      0      0      0     0     0      0     0      0
               ------    ---  -----  -----  -----  ----  -----  ----  ----  -----
                    2    181     27      6      3     0     0      0   218    218 
 

 PLATE COST:
 -----------
  Piece  -------------Plate-------------        Material    Labor   Surface
  Mark   Mark  Part      Length   Weight  Qty       Cost     Cost  Treatment  File     Record    Adjust
  -----  ----  --------  ------   ------  ---   --------  -------  ---------  -------  --------  --------
  EC-1   WB1             8798.0   241.95    1     179.04     0.00      0.00   EW_COST  FRAME     @$W/L(W)
  EC-1   OC2              205.0     1.21    6       5.39     0.00      0.00   EW_COST  FRAME     @$W/L(W)
  EC-1   RC4               75.0     0.22    2       0.33     0.00      0.00   EW_COST  FRAME     @$W/L(W)
  EC-1   EP1              450.0    11.31    1       8.37     0.00      0.00   EW_COST  FRAME     @$W/L(W)
  EC-1   EP2              450.0    11.31    1       8.37     0.00      0.00   EW_COST  FRAME     @$W/L(W)
  EC-2   WB1             8798.0   241.95    1     179.04     0.00      0.00   EW_COST  FRAME     @$W/L(W)
  EC-2   OC2              205.0     1.21    6       5.39     0.00      0.00   EW_COST  FRAME     @$W/L(W)
  EC-2   BO10             214.0     1.05    1       0.78     0.00      0.00   EW_COST  FRAME     @$W/L(W)
  EC-2   BI10             214.0     1.05    1       0.78     0.00      0.00   EW_COST  FRAME     @$W/L(W)
  EC-2   BW10             214.0     2.49    1       1.85     0.00      0.00   EW_COST  FRAME     @$W/L(W)
  EC-2   BE10             572.6    14.40    1      10.65     0.00      0.00   EW_COST  FRAME     @$W/L(W)
  EC-2   SB10             120.0     0.28    2       0.42     0.00      0.00   EW_COST  FRAME     @$W/L(W)
  EC-2   ST10             300.0     0.85    2       1.26     0.00      0.00   EW_COST  FRAME     @$W/L(W)
  EC-2   ST12             300.0     0.85    2       1.26     0.00      0.00   EW_COST  FRAME     @$W/L(W)
  EC-2   RC4               75.0     0.22    2       0.33     0.00      0.00   EW_COST  FRAME     @$W/L(W)
  EC-2   EP1              450.0    11.31    1       8.37     0.00      0.00   EW_COST  FRAME     @$W/L(W)
  EC-2   EP2              450.0    11.31    1       8.37     0.00      0.00   EW_COST  FRAME     @$W/L(W)

================================================================================
 C323-153-Final      Warning Summary                        11/AUG/2025  1:05pm
================================================================================


                   .. No Warnings
