*===============================================================================
*C323-153-Final      Endwall Design Input                   11/AUG/2025 12:18pm
*===============================================================================
 
*( 1)JOBID:
    'C323-153-Final'
 
*( 2)PROGRAM OPTIONS:
* -Wall-   Run    Run  Run   Run
* Loc Id  Col/Raf Girt Brace Panel
  'L'  1    'Y'    'Y'  'N'   'Y'
 
*( 3)DESIGN CODE:
*Design  ---Steel_Code---             ---Build---   Code     Seismic
* Code   Cold       Hot      Country  Code   Year   Label     Zone
  'WS'  'NAUS07  ' 'AISC05'  '    '  'MBMA'  '10'  'MBMA 10 ' 'B  '
 
*( 4)DESIGN CONSTANTS:
*                     ---Strength_Factors--
* ---Stress_Ratio---          ---Seismic---
* Col/Raf Girt Panel    Wind   Frame  Brace
    1.00  1.00  1.00  1.0000  1.0000 1.0000
 
*( 5)STEEL YIELDS:
* Web   Flg  C_Sec  W_Sec  R_Sec  P_Sec  T_Sec  U_Sec    EP     BP
  345   345    345    345    235    345    317    235   345    345
 
*( 6)DEFLECTION LIMITS:
* -----Rafter-----          ---Girt---  --Panel---
* Live  Wind Total  Column  Wall Facia  Wall Facia  Brace
  180.  150.    0.   120.    90.  120.   90.  120.    60.
 
*( 7)REPORTS:
*   Input  Column  Wall  Door  Wall   Cable
*   Echo   Rafter  Girt  Jamb  Panel  Brace
    'Y'     'Y'    'Y'   'Y'    'Y'    'Y'
 
*( 8)BUILDING LAYOUT:
*                               ---------------Expand_EW---------------
* Type      Width     Length    Use Opt  Extend Offset Flange LoadWidth
 'FF-'    22470.0    36285.0   'Y ' 'E'    0.00 440.00 150.00   3345.0
 
*( 9)WALL LAYOUT:
* Id  Use     Type Opt     Start   Length
   1 'LEFT  '  '-' '-'       0.0  22470.0
 
*(10)SURFACE SHAPE:
* No.    X_Coord  Y_Coord  Offset  Opt
   4         0.0   8420.0  200.00  '-'
         11235.0   9543.5  150.00  '-'
         22470.0   8420.0  150.00  '-'
         22470.0      0.0  200.00  '-'
 
 
*(11)BAY SPACING:
* No.   ---Bay_Set---
*Sets     Width  Quan
   1    11235.0    2
 
*(12)ROOF & SIDEWALL BAY:
* --Roof_Bay--   Frame    Left_SW_Bay   Right_SW_Bay
* No.    Width  Recess     Width Open     Width Open
   6    6200.0   440.0    6200.0  'N'    6200.0  'N'
 
*(13)WALL OPENINGS:
*         ----Bay---                            Sill   Base    Set  Panel  JambL/JambR/Header/Sill
*No.  Id  Id  Offset  Type    Width   Height  Height   Elev  Depth   Opt    Type    Part
  0
 
*(14)WIDE OPENING LAYOUT:
*----Open--- Bay_Id  --Clear_Opening--   Wedge     Stub    Column  Total
*No. Id Type St End  Width      Height   Height    Elev     Mount  Weight
 0
 
*(15)WIDE OPENING & STRUT FRAMING:
*-Open- ------Door_Jamb------ Stub   Head Back_Brace Strut -Header_Beam- Deflection
*No. Id Type   FlgWid  FlgThk Type   Type Type  Loc  Type  Type Max_Spc  Horz  Vert
 0
 
*(16)WIDE OPENING HEADER LOCATION:
*-Open-    No.        Column
*No. Id    Location   Location
 0
 
*(17)PARTIAL WALLS:
*                --Bay_Id-  ----Offset----          Jamb Base  Top Full_Load  ------Panel------  Deflect_Limit
*No. Id  Use Opt Start End   Start     End   Height Type Type Type Girt  Col  Part      Opt Rot   Girt   Panel
  1   1  'P' 'O'    1    2     0.0     0.0   2500.0  '-'  '-'  '-'  'N'  'Y' '--------' '-' '-'   90.0    90.0
 
*(18)COLUMNS:
*          Max
*Same  UnBrace
*Depth  Length
  'Y'    12000
 
*(19)COLUMN PART & ELEVATION:
*                                              ---Base---  Rafter
*No. Id  Type    Part       Opt  Rot   Depth    Elev  Opt  Attach
  3   1  '-   ' '--------'  '-'  'N'    0.00    0.00  '-'   'F'
      2  'W   ' 'W40b155'  'I'  '-'    0.00    0.00  '-'   'F'
      3  '-   ' '--------'  '-'  'N'    0.00    0.00  '-'   'F'
*(20)COLUMN SPLICES:
*     Col
* No.  Id    Locate  Type
   0
 
*(21)RAFTERS:
*Rafter  Flange
* Same    Brace
   'Y'     'Y'
 
*(22)RAFTER PART:
*    Surf
*No.  Id   Type    Part       Opt  Rot  Depth
  2    2  'W   '  '--------'  '-'  '-'   0.00
       3  'W   '  '--------'  '-'  '-'   0.00
 
*(23)RAFTER SPLICES:
*     Surf
* No.  Id    Locate  Type  Opt
   3    2       0.0  '--'  '-'
        3       0.0  'M '  '-'
        3   11291.0  '--'  '-'
 
*(24)GIRT DESIGN:
*Girt  --Flange_Strap--                   --Depth--     Set     Max  Rafter
*Type  Out  In    Space  Offset  Project    Set Opt     Lap   Space  Attach
 'ZB'  'C'  'Y'  2250.0    0.00   230.00 200.00 'W'     0.0  2580.0    'Y'
 
*(25)GIRT LOCATION:
* Set
* Loc   No.   Location
  'Y'    6     2580.0   3580.0   4580.0   5780.0   7280.0   8080.0
 
*(26)SPECIAL GIRT:
*     --Bay_Id--
*No.  Start  End   Height  Type  Rot  Part       Use
  0
 
*(27)SIDEWALL GIRT:
*Wall
* Id   Type  Depth Offset Project   No.   Location
   2   'ZB' 200.00   0.00  230.00    5     2580.0   3580.0   4580.0   5780.0   7280.0
   4   'ZB' 200.00   0.00  230.00    5     2580.0   3580.0   4580.0   5780.0   7280.0
 
*(28)ROOF PURLINS:
*Surf   Surf     Peak
* Id     Ext     Space  No.  Locate
   2       0     300.0   8   1373.9   2747.8   4121.6   5495.5   6869.4   8243.3
                             9617.2  10991.0
   3       0     300.0   8    300.0   1673.9   3047.8   4421.6   5795.5   7169.4
                             8543.3   9917.2
 
*(29)WALL PANELS:
*--Wall_Panel--  ------Insulation-----
* Part      Rot  Use  Thick  Part
 '45250 .5' '-'  'N'   0.00 '--------'
 
*(30)LINER PANELS:
*      --Bay_Id-                       Flange
*No.   Start End    Height   Part       Opt
  0
 
*(31)RIGID FRAME:
*Frame Interior_Column
*Type  Type  No.  Locate
 'HP ' 'W'    1  11235.0
 
*(32)WALL FRAMING OPTIONS:
*Panel  Diagonal  Brace            EW_Brace_To_Frame
*Shear  Bracing   Option  Height      Left     Right
  'N'     'N'      '--'      0.0    5468.2   17001.8
 
*(33)WALL BRACING:
*   Wind   Brace     No._Bay   Specified
*  Shear   Type     Specified  Bays_For_Bracing
   820.5    'R  '       0
 
*(34)WALL BRACING ATTACHMENT:
*                 --Bay_Id--            No.
* No.      Id     Start  End     Elev  Level         Level_Height
    1       1       1     2      0.00    0
 
*(35)EXTENSION LAYOUT:
*    Ext  Wall                   --Bay_Id-   --Edge_Extend--     Beam
*No.  Id   Id   Type  Opt  Mount Start End     Left    Right      Lap  Attach
   0
 
*(36)EXTENSION SIZE:
*Ext  -----Horizontal_Size-----   ---------Vertical_Size--------
* Id    Height    Width   Slope      Elev  Height  Slope Project
 
*(37)EXTENSION GIRTS:
*    Ext
*No.  Id   Use        Type  Rot  Depth
  0
 
*(38)EXTENSION PANELS:
*     Ext                               Angle
*No.  Id   Use        Part       Rot  Spacing
  0
 
*(39)LOAD GROUPS:
*    Group
*No.   Id   Description
   1  '-'  'Standard            '
 
*(40)BASIC LOADS:
*                                                                 ------Girts/Panels-----
*                                              ---Deflection---   --Strength-  Deflection
*Group  Dead  Coll   Live   Snow  Rain  Basic     Load_Ratio      Load_Factor  Load_Ratio
*  Id   Load  Load   Load   Load  Load   Wind  Snow  Wind  Seis   Wind   Seis  Wind  Seis
  '-'  0.100 0.050  0.570  0.000 0.000  0.554  1.00  1.00  1.00   1.00   1.00  1.00  1.00
 
*(41)EDGE ZONE:
*      ----------Endwall----------  ---------Sidewall----------  --------Ratio--------
*Group -Left_Corner-  Right_Corner  -Left_Corner-  Right_Corner   Girt/
*  Id   Width   Base   Width  Base   Width   Base  Width   Base   Jamb   Panel  Column
  '-'    2247      0   2247      0    2247      0   2247      0   1.07    1.00   1.07
 
*(42)BASIC LOADS AT EAVE:
*Group  Seis    Seis   Seis   --Torsion--   --Extension--   -Additional-
*  Id   Dead    Girt   Load   Wind   Seis     Wind   Seis    Wind   Seis
  '-'  0.096  0.0000   0.65   0.00   0.00     0.00   0.00    0.00   0.00
 
*(43)LONGITUDINAL BRACING LOADS:
*Group   ----Wind-----   ---Seismic---
*  Id    Horz    Vert    Horz    Vert
  '-'    0.00    0.00    0.00    0.00  .. Left  Column
  '-'    0.00    0.00    0.00    0.00  .. Right Column
 
*(44)WIND PRESSURE/SUCTION:
*Group   Wind     Wind
*  Id   Press     Suct
  '-'   0.484   -0.534    .. Column
  '-'   0.484   -0.534    .. Girt/Header
  '-'   0.484   -0.534    .. Jamb
  '-'   0.599   -0.649    .. Panel
  '-'   0.484   -0.534    .. Parapet Column
  '-'   0.994   -0.819    .. Parapet Girt
  '-'   0.831   -0.554    .. Transv Bracing, Facia/Parapet
 
*(45)WIND COEFFICIENTS:
*Group Surf  ---Wind_1--   ---Wind_2--     Long_Wind  Surface
*  Id   Id   Left  Right   Left  Right      1      2  Friction
  '-'    1   0.50  -0.73   0.93  -0.30  -0.63  -0.27    0.00
  '-'    2  -1.22  -0.71  -0.86  -0.35  -0.87  -0.51    0.00
  '-'    3  -0.71  -1.22  -0.35  -0.86  -0.87  -0.51    0.00
  '-'    4  -0.73   0.50  -0.30   0.93  -0.63  -0.27    0.00
 
*(46)COLUMN, RAFTER, BRACING LOAD COMBINATIONS - STRENGTH:
*    Load Group            ---Live---        -Add_Snow-        --Wind_1--  --Wind_2--   Long_Wind Column_Wind  -Seismic--  Aux_Loa
*No.  Id    Id Dead  Coll  Roof Floor  Snow Drift Slide  Rain  Left Right  Left Right     1     2 Press  Suct  Long  Tran  Id  Coe
  65   1   '-' 1.00  1.00  1.00  0.00  0.00  0.00  0.00  0.00  0.00  0.00  0.00  0.00  0.00  0.00  0.00  0.00  0.00  0.00   0  0.0
       2   '-' 1.00  1.00  0.00  1.00  0.00  0.00  0.00  0.00  0.00  0.00  0.00  0.00  0.00  0.00  0.00  0.00  0.00  0.00   0  0.0
       3   '-' 1.00  1.00  0.00  0.00  1.00  0.00  0.00  0.00  0.00  0.00  0.00  0.00  0.00  0.00  0.00  0.00  0.00  0.00   0  0.0
       4   '-' 1.00  1.00  0.00  0.00  1.00  1.00  0.00  0.00  0.00  0.00  0.00  0.00  0.00  0.00  0.00  0.00  0.00  0.00   0  0.0
       5   '-' 1.00  1.00  0.00  0.00  1.00  0.00  1.00  0.00  0.00  0.00  0.00  0.00  0.00  0.00  0.00  0.00  0.00  0.00   0  0.0
       6   '-' 1.00  1.00  0.75  0.75  0.00  0.00  0.00  0.00  0.00  0.00  0.75  0.00  0.00  0.00  0.00  0.75  0.00  0.00   0  0.0
       7   '-' 1.00  1.00  0.75  0.75  0.00  0.00  0.00  0.00  0.00  0.00  0.00  0.75  0.00  0.00  0.00  0.75  0.00  0.00   0  0.0
       8   '-' 1.00  1.00  0.75  0.75  0.00  0.00  0.00  0.00  0.00  0.00  0.00  0.00  0.75  0.00  0.00  0.75  0.00  0.00   0  0.0
       9   '-' 1.00  1.00  0.75  0.75  0.00  0.00  0.00  0.00  0.00  0.00  0.00  0.00  0.00  0.75  0.00  0.75  0.00  0.00   0  0.0
      10   '-' 1.00  1.00  0.00  0.75  0.75  0.00  0.00  0.00  0.00  0.00  0.75  0.00  0.00  0.00  0.00  0.75  0.00  0.00   0  0.0
      11   '-' 1.00  1.00  0.00  0.75  0.75  0.00  0.00  0.00  0.00  0.00  0.00  0.75  0.00  0.00  0.00  0.75  0.00  0.00   0  0.0
      12   '-' 1.00  1.00  0.00  0.75  0.75  0.00  0.00  0.00  0.00  0.00  0.00  0.00  0.75  0.00  0.00  0.75  0.00  0.00   0  0.0
      13   '-' 1.00  1.00  0.00  0.75  0.75  0.00  0.00  0.00  0.00  0.00  0.00  0.00  0.00  0.75  0.00  0.75  0.00  0.00   0  0.0
      14   '-' 1.00  1.00  0.00  0.75  0.75  0.75  0.00  0.00  0.00  0.00  0.75  0.00  0.00  0.00  0.00  0.75  0.00  0.00   0  0.0
      15   '-' 1.00  1.00  0.00  0.75  0.75  0.75  0.00  0.00  0.00  0.00  0.00  0.75  0.00  0.00  0.00  0.75  0.00  0.00   0  0.0
      16   '-' 1.00  1.00  0.00  0.75  0.75  0.75  0.00  0.00  0.00  0.00  0.00  0.00  0.75  0.00  0.00  0.75  0.00  0.00   0  0.0
      17   '-' 1.00  1.00  0.00  0.75  0.75  0.75  0.00  0.00  0.00  0.00  0.00  0.00  0.00  0.75  0.00  0.75  0.00  0.00   0  0.0
      18   '-' 1.00  1.00  0.00  0.75  0.75  0.00  0.75  0.00  0.00  0.00  0.75  0.00  0.00  0.00  0.00  0.75  0.00  0.00   0  0.0
      19   '-' 1.00  1.00  0.00  0.75  0.75  0.00  0.75  0.00  0.00  0.00  0.00  0.75  0.00  0.00  0.00  0.75  0.00  0.00   0  0.0
      20   '-' 1.00  1.00  0.00  0.75  0.75  0.00  0.75  0.00  0.00  0.00  0.00  0.00  0.75  0.00  0.00  0.75  0.00  0.00   0  0.0
      21   '-' 1.00  1.00  0.00  0.75  0.75  0.00  0.75  0.00  0.00  0.00  0.00  0.00  0.00  0.75  0.00  0.75  0.00  0.00   0  0.0
      22   '-' 0.60  0.00  0.00  0.00  0.00  0.00  0.00  0.00  0.00  0.00  0.00  0.00  1.00  0.00  1.00  0.00  0.00  0.00   0  0.0
      23   '-' 0.60  0.00  0.00  0.00  0.00  0.00  0.00  0.00  0.00  0.00  0.00  0.00  0.00  1.00  1.00  0.00  0.00  0.00   0  0.0
      24   '-' 0.60  0.00  0.00  0.00  0.00  0.00  0.00  0.00  0.00  0.00  0.00  0.00  1.00  0.00  0.00  1.00  0.00  0.00   0  0.0
      25   '-' 0.60  0.00  0.00  0.00  0.00  0.00  0.00  0.00  0.00  0.00  0.00  0.00  0.00  1.00  0.00  1.00  0.00  0.00   0  0.0
      26   '-' 0.60  0.00  0.00  0.00  0.00  0.00  0.00  0.00  1.00  0.00  0.00  0.00  0.00  0.00  0.00  1.00  0.00  0.00   0  0.0
      27   '-' 0.60  0.00  0.00  0.00  0.00  0.00  0.00  0.00  0.00  1.00  0.00  0.00  0.00  0.00  0.00  1.00  0.00  0.00   0  0.0
      28   '-' 0.60  0.00  0.00  0.00  0.00  0.00  0.00  0.00  0.00  0.00  1.00  0.00  0.00  0.00  0.00  1.00  0.00  0.00   0  0.0
      29   '-' 0.60  0.00  0.00  0.00  0.00  0.00  0.00  0.00  0.00  0.00  0.00  1.00  0.00  0.00  0.00  1.00  0.00  0.00   0  0.0
      30   '-' 1.01  1.01  0.00  0.00  0.00  0.00  0.00  0.00  0.00  0.00  0.00  0.00  0.00  0.00  0.00  0.00  0.00  0.70   0  0.0
      31   '-' 1.01  1.01  0.00  0.00  0.00  0.00  0.00  0.00  0.00  0.00  0.00  0.00  0.00  0.00  0.00  0.00  0.00 -0.70   0  0.0
      32   '-' 1.01  1.01  0.75  0.75  0.00  0.00  0.00  0.00  0.00  0.00  0.00  0.00  0.00  0.00  0.00  0.00  0.00  0.52   0  0.0
      33   '-' 1.01  1.01  0.75  0.75  0.00  0.00  0.00  0.00  0.00  0.00  0.00  0.00  0.00  0.00  0.00  0.00  0.00 -0.52   0  0.0
      34   '-' 1.01  1.01  0.00  0.75  0.00  0.00  0.00  0.00  0.00  0.00  0.00  0.00  0.00  0.00  0.00  0.00  0.00  0.52   0  0.0
      35   '-' 1.01  1.01  0.00  0.75  0.00  0.00  0.00  0.00  0.00  0.00  0.00  0.00  0.00  0.00  0.00  0.00  0.00 -0.52   0  0.0
      36   '-' 0.59  0.00  0.00  0.00  0.00  0.00  0.00  0.00  0.00  0.00  0.00  0.00  0.00  0.00  0.00  0.00  0.00  0.70   0  0.0
      37   '-' 0.59  0.00  0.00  0.00  0.00  0.00  0.00  0.00  0.00  0.00  0.00  0.00  0.00  0.00  0.00  0.00  0.00 -0.70   0  0.0
      38   '-' 0.60  0.00  0.00  0.00  0.00  0.00  0.00  0.00  1.00  0.00  0.00  0.00  0.00  0.00  0.00  0.00  0.00  0.00   0  0.0
      39   '-' 0.60  0.00  0.00  0.00  0.00  0.00  0.00  0.00  0.00  1.00  0.00  0.00  0.00  0.00  0.00  0.00  0.00  0.00   0  0.0
      40   '-' 0.60  0.00  0.00  0.00  0.00  0.00  0.00  0.00  0.00  0.00  1.00  0.00  0.00  0.00  0.00  0.00  0.00  0.00   0  0.0
      41   '-' 0.60  0.00  0.00  0.00  0.00  0.00  0.00  0.00  0.00  0.00  0.00  1.00  0.00  0.00  0.00  0.00  0.00  0.00   0  0.0
      42   '-' 0.60  0.00  0.00  0.00  0.00  0.00  0.00  0.00  0.00  0.00  0.00  0.00  1.00  0.00  0.00  0.00  0.00  0.00   3  1.0
      43   '-' 0.60  0.00  0.00  0.00  0.00  0.00  0.00  0.00  0.00  0.00  0.00  0.00  1.00  0.00  0.00  0.00  0.00  0.00   4  1.0
      44   '-' 0.60  0.00  0.00  0.00  0.00  0.00  0.00  0.00  0.00  0.00  0.00  0.00  0.00  1.00  0.00  0.00  0.00  0.00   5  1.0
      45   '-' 0.60  0.00  0.00  0.00  0.00  0.00  0.00  0.00  0.00  0.00  0.00  0.00  0.00  1.00  0.00  0.00  0.00  0.00   6  1.0
      46   '-' 1.00  1.00  0.00  0.00  0.00  0.00  0.00  0.00  0.00  0.00  0.00  0.00  0.00  0.00  0.00  0.00  0.00  0.70   0  0.0
      47   '-' 1.00  1.00  0.00  0.00  0.00  0.00  0.00  0.00  0.00  0.00  0.00  0.00  0.00  0.00  0.00  0.00  0.00 -0.70   0  0.0
      48   '-' 1.00  1.00  0.75  0.00  0.00  0.00  0.00  0.00  0.00  0.00  0.00  0.00  0.00  0.00  0.00  0.00  0.00  0.70   0  0.0
      49   '-' 1.00  1.00  0.75  0.00  0.00  0.00  0.00  0.00  0.00  0.00  0.00  0.00  0.00  0.00  0.00  0.00  0.00 -0.70   0  0.0
      50   '-' 1.00  1.00  0.00  0.00  0.00  0.00  0.00  0.00  0.00  0.00  0.00  0.00  0.00  0.00  0.00  0.00  0.00  0.52   0  0.0
      51   '-' 1.00  1.00  0.00  0.00  0.00  0.00  0.00  0.00  0.00  0.00  0.00  0.00  0.00  0.00  0.00  0.00  0.00 -0.52   0  0.0
      52   '-' 0.60  0.00  0.00  0.00  0.00  0.00  0.00  0.00  0.00  0.00  0.00  0.00  0.00  0.00  0.00  0.00  0.00  0.70   0  0.0
      53   '-' 0.60  0.00  0.00  0.00  0.00  0.00  0.00  0.00  0.00  0.00  0.00  0.00  0.00  0.00  0.00  0.00  0.00 -0.70   0  0.0
      54   '-' 1.00  1.00  0.01  0.00  0.00  0.00  0.00  0.00  0.00  0.00  0.00  0.00  0.00  0.00  0.00  0.00  0.00  0.00   1  1.0
      55   '-' 1.00  1.00  0.01  0.00  0.00  0.00  0.00  0.00  0.00  0.00  0.00  0.00  0.00  0.00  0.00  0.00  0.00  0.00   2  1.0
      56   '-' 1.00  1.00  0.00  0.00  0.75  0.00  0.00  0.00  0.00  0.00  0.75  0.00  0.00  0.00  0.00  0.75  0.00  0.00   0  0.0
      57   '-' 1.00  1.00  0.00  0.00  0.75  0.00  0.00  0.00  0.00  0.00  0.00  0.75  0.00  0.00  0.00  0.75  0.00  0.00   0  0.0
      58   '-' 1.00  1.00  0.00  0.00  0.75  0.75  0.00  0.00  0.00  0.00  0.75  0.00  0.00  0.00  0.00  0.75  0.00  0.00   0  0.0
      59   '-' 1.00  1.00  0.00  0.00  0.75  0.75  0.00  0.00  0.00  0.00  0.00  0.75  0.00  0.00  0.00  0.75  0.00  0.00   0  0.0
      60   '-' 1.00  1.00  0.00  0.00  0.75  0.75  0.00  0.00  0.00  0.00  0.00  0.00  0.75  0.00  0.00  0.75  0.00  0.00   0  0.0
      61   '-' 1.00  1.00  0.00  0.00  0.75  0.75  0.00  0.00  0.00  0.00  0.00  0.00  0.00  0.75  0.00  0.75  0.00  0.00   0  0.0
      62   '-' 1.00  1.00  0.00  0.00  0.75  0.00  0.75  0.00  0.00  0.00  0.75  0.00  0.00  0.00  0.00  0.75  0.00  0.00   0  0.0
      63   '-' 1.00  1.00  0.00  0.00  0.75  0.00  0.75  0.00  0.00  0.00  0.00  0.75  0.00  0.00  0.00  0.75  0.00  0.00   0  0.0
      64   '-' 1.00  1.00  0.00  0.00  0.75  0.00  0.75  0.00  0.00  0.00  0.00  0.00  0.75  0.00  0.00  0.75  0.00  0.00   0  0.0
      65   '-' 1.00  1.00  0.00  0.00  0.75  0.00  0.75  0.00  0.00  0.00  0.00  0.00  0.00  0.75  0.00  0.75  0.00  0.00   0  0.0
 
*(47)COLUMN, RAFTER, BRACING LOAD COMBINATIONS - DEFLECTION:
*    Load Group            ---Live---        -Add_Snow-        --Wind_1--  --Wind_2--   Long_Wind Column_Wind  -Seismic--  Aux_Loa
*No.  Id    Id Dead  Coll  Roof Floor  Snow Drift Slide  Rain  Left Right  Left Right     1     2 Press  Suct  Long  Tran  Id  Coe
   0
 
*(48)AUXILIARY LOADS:
*                        No._Add   Add_Load
* No.   Id   Name         Combs   Id    Coef
   6     1   'E1PAT_LL_1'   1      1    1.00
         2   'E1PAT_LL_2'   1      2    1.00
         3   'LWIND1_L  '   1      3    1.00
         4   'LWIND1_R  '   1      4    1.00
         5   'LWIND2_L  '   1      3    1.00
         6   'LWIND2_R  '   1      4    1.00
 
*(49)ADDITIONAL LOADS:
*    Add  Group Loc  Basic        Load       Fx        Fy      Mom        Dx        Dy  .. Conc
*No.  Id    Id   Id  Load         Type       W1        W2       Co       Dl1       Dl2  .. Dist
   4   1   '-'    2 'U_LIVE    '  'D '    -1.88     -1.88    0.100       0.0   11291.0
       2   '-'    3 'U_LIVE    '  'D '    -1.88     -1.88   -0.100       0.0   11291.0
       3   '-'    2 'U_WIND    '  'D '     0.70      0.70    0.000       0.0    4494.0
       4   '-'    3 'U_WIND    '  'D '     0.70      0.70    0.000    6797.0   11291.0
 
*(50)GIRT LAPS:
*      Data  ------Set_1-------  ------Set_2-------  ------Set_3-------
* Opt  Sets  Left    Right Quan  Left    Right Quan  Left    Right Quan
  '-'   0
 
*(51)GIRT STRAPS:
*     Data  ---Set_1---  ---Set_2---  ---Set_3---  ---Set_4---
*Opt  Sets  Strap  Quan  Strap  Quan  Strap  Quan  Strap  Quan
 '-'   0
 
*(52)PANEL SCREWS:
* No.                                    Washer
*Zone Zone   Part          Dia    Limit     Dia  -------Spacing------
   3 'INT ' '14x20SDS'    4.80   13.700   19.00  250.00 125.00  83.33
     'EDGE' '14x20SDS'    4.80   13.700   19.00  250.00 125.00  83.33
     'BASE' '14x20SDS'    4.80   13.700   19.00  250.00 125.00  83.33
 
*(53)BEAMS:
*     Bay
*No.   Id Use    Height   Offset  Locate1  Locate2
  0
 
*(54)STEPPED LOAD COEFFICIENTS:
*    Group Basic    Location   No.  ----Step_1---   ----Step_2---   ----Step_3---
*No.   Id  Load      Use  Id  Step  Locate   Coef   Locate   Coef   Locate   Coef
  4   '-' 'WINDL1'   'R'   2    2  11235.0  1.000  11291.0  0.578
      '-' 'WINDR1'   'R'   3    2     56.0  0.578  11291.0  1.000
      '-' 'WINDL2'   'R'   2    2  11235.0  1.000  11291.0  0.401
      '-' 'WINDR2'   'R'   3    2     56.0  0.401  11291.0  1.000
 
*(55)ADDITIONAL COLUMNS:
*No.  Id   Locate  Type  Rot  Opt  Part           Elev
  0
 
*(56)RIGID FRAME COORDINATES:
*Frame Frame                           Flange
*  Id   Type  No.  X_Coord    Y_Coord   Width
    1   'HP'  20     636.0        0.0   150.0
                     936.0     4000.0   150.0
                     936.0     4000.0   150.0
                     936.0     7955.8   150.0
                     936.0     7955.8   125.0
                    4522.9     8415.0   125.0
                    4522.9     8415.0   125.0
                    8693.1     8832.0   125.0
                    8693.1     8832.0   150.0
                   11235.0     8835.0   150.0
                   11235.0     8835.0   150.0
                   13776.8     8832.0   150.0
                   13776.8     8832.0   125.0
                   17947.0     8415.0   125.0
                   17947.0     8415.0   125.0
                   21534.0     7955.8   125.0
                   21534.0     7955.8   150.0
                   21534.0     4250.0   150.0
                   21534.0     4250.0   150.0
                   21834.0        0.0   150.0
 
*(57)DESIGN CODE OPTIONS:
*No.   Event                         Condition
  0
 
*(58)DESIGN PLATES:
*     ----Plate---   --Plate_Size-   Bolt   Bolt  ----Top---  --Bottom--   Plate  Bolt
*No.  Type      Id   Width   Thick    Dia   Gage  Row  Space  Row  Space  Offset  Edge
  1  'COL_BASE'  2   200.0   16.00  20.00  100.0   2     0.0   0     0.0    0.00  0.00
 
*(59)GIRT LAYOUT:
*      Bay                                    -----Extend----   Frame_Opt  -Frame_Id-
*  No.  Id   Locate  Type  Rot Opt  Part         Left   Right  Left Right  Left Right
    0
 
*(60)COLUMN FLANGE BRACE:
*      Col
*No.   Id   Girt   Side  Opt
  0
 
*AUXILIARY LOAD DESCRIPTIONS:
* Aux
*  Id  Description
*   1  Pattern live load
*   2  Pattern live load
*   3  Longitudinal wind load, case 1 zone 2
*   4  Longitudinal wind load, case 1 zone 3
*   5  Longitudinal wind load, case 2 zone 2
*   6  Longitudinal wind load, case 2 zone 3
*
*ADDITIONAL LOAD DESCRIPTIONS:
* Add
*  Id  Description
*   1  Pattern live load bay 1
*   2  Pattern live load bay 2
*   3  Longitudinal wind load zone 2
*   4  Longitudinal wind load zone 3
*
* Code files used:
*   MBMA.10N
*   EW_MBMA.10N Version 4.0

================================================================================
 C323-153-Final      Wall 1 - Design Code                   11/AUG/2025  1:04pm
================================================================================

 STRUCTURAL CODE:
 ----------------
   Design Basis      :  WS - Working Stress
   Hot  Rolled Steel :  AISC05
   Cold Formed Steel :  NAUS07  

 BUILDING CODE:
 --------------
   Wind Code         :  MBMA 10
   Seismic Zone      :  B  

 MODULUS OF ELASTICITY:
 ----------------------
   Hot  Rolled Steel :  199955 (MN/m2)
   Cold Formed Steel :  203403 (MN/m2)
 
================================================================================
 C323-153-Final      Wall 1 - Column & Rafter Design        11/AUG/2025  1:04pm
================================================================================

 MEMBER LAYOUT:
 --------------
         Locate             ---Web(mm)-- -Flange(mm)- Length Weight ----Max_Load----
  Id       (mm) Part        Depth  Thick Width  Thick   (mm)   (kg)  Id   UC Report
  ------ ------ ----------- -----  ----- -----  ----- ------ ------ --- ---- -------
  Col1        0
  Col2    11235 W40b155     400.0   5.00 150.0   5.00   8835  243.0  25 0.94 Mom+Axl
  Col3    22470
                                                            -------
                                                  Total=      243.0


 DESIGN ACTIONS/STRENGTH:
 ------------------------
         Load  ---Axial(kN)--  ---Shear(kN)--  -Moment(kN-m)-
  Id      Id     Calc   Limit    Calc   Limit    Calc   Limit
  -----  ----  ------  ------  ------  ------  ------  ------
  Col2     1    38.14  319.97    0.00  173.80    0.00   55.88
  Col2     2    11.77  319.97    0.00  173.80    0.00   55.88
  Col2     3    11.77  319.97    0.00  173.80    0.00   55.88
  Col2     4    11.77  319.97    0.00  173.80    0.00   55.88
  Col2     5    11.77  319.97    0.00  173.80    0.00   55.88
  Col2     6    19.02  319.97  -24.87  173.80   54.92   77.24
  Col2     7    19.02  319.97  -24.87  173.80   54.92   77.24
  Col2     8    15.66  319.97  -24.87  173.80   54.92   77.24
  Col2     9    22.12  319.97  -24.87  173.80   54.92   77.24
  Col2    10    -3.14  723.32  -24.87  173.80   54.92   77.24
  Col2    11    -3.14  723.32  -24.87  173.80   54.92   77.24
  Col2    12    -6.50  723.32  -24.87  173.80   54.92   77.24
  Col2    13     2.34  319.97  -24.87  173.80   54.92   77.24
  Col2    14    -3.14  723.32  -24.87  173.80   54.92   77.24
  Col2    15    -3.14  723.32  -24.87  173.80   54.92   77.24
  Col2    16    -6.50  723.32  -24.87  173.80   54.92   77.24
  Col2    17     2.34  319.97  -24.87  173.80   54.92   77.24
  Col2    18    -3.14  723.32  -24.87  173.80   54.92   77.24
  Col2    19    -3.14  723.32  -24.87  173.80   54.92   77.24
  Col2    20    -6.50  723.32  -24.87  173.80   54.92   77.24
  Col2    21     2.34  319.97  -24.87  173.80   54.92   77.24
  Col2    22   -16.94  723.32   30.06  173.80  -66.38   77.24
  Col2    23    -8.34  723.32   30.06  173.80  -66.38   77.24
  Col2    24   -16.94  723.32  -33.16  173.80   73.23   77.24
  Col2    25    -8.34  723.32  -33.16  173.80   73.23   77.24
  Col2    26   -20.97  723.32  -33.16  173.80   73.23   77.24
  Col2    27   -20.97  723.32  -33.16  173.80   73.23   77.24
  Col2    28   -12.47  723.32  -33.16  173.80   73.23   77.24
  Col2    29   -12.47  723.32  -33.16  173.80   73.23   77.24
  Col2    30    11.84  319.97    0.00  173.80    0.00   55.88
  Col2    31    11.84  319.97    0.00  173.80    0.00   55.88
  Col2    32    31.63  319.97    0.00  173.80    0.00   55.88
  Col2    33    31.63  319.97    0.00  173.80    0.00   55.88
  Col2    34    11.85  319.97    0.00  173.80    0.00   55.88
  Col2    35    11.85  319.97    0.00  173.80    0.00   55.88
  Col2    36     5.52  319.97    0.00  173.80    0.00   55.88
  Col2    37     5.52  319.97    0.00  173.80    0.00   55.88
  Col2    38   -20.97  723.32    0.00  173.80    0.00   55.88
  Col2    39   -20.97  723.32    0.00  173.80    0.00   55.88
  Col2    40   -12.47  723.32    0.00  173.80    0.00   55.88
  Col2    41   -12.47  723.32    0.00  173.80    0.00   55.88
  Col2    42   -17.80  723.32    0.00  173.80    0.00   55.88
  Col2    43   -17.80  723.32    0.00  173.80    0.00   55.88
  Col2    44    -9.19  723.32    0.00  173.80    0.00   55.88
  Col2    45    -9.19  723.32    0.00  173.80    0.00   55.88
  Col2    46    11.72  319.97    0.00  173.80    0.00   55.88
  Col2    47    11.72  319.97    0.00  173.80    0.00   55.88
  Col2    48    31.50  319.97    0.00  173.80    0.00   55.88
  Col2    49    31.50  319.97    0.00  173.80    0.00   55.88
  Col2    50    11.73  319.97    0.00  173.80    0.00   55.88
  Col2    51    11.73  319.97    0.00  173.80    0.00   55.88
  Col2    52     5.62  319.97    0.00  173.80    0.00   55.88
  Col2    53     5.62  319.97    0.00  173.80    0.00   55.88
  Col2    54    24.89  319.97    0.00  173.80    0.00   55.88
  Col2    55    24.89  319.97    0.00  173.80    0.00   55.88
  Col2    56    -3.14  723.32  -24.87  173.80   54.92   77.24
  Col2    57    -3.14  723.32  -24.87  173.80   54.92   77.24
  Col2    58    -3.14  723.32  -24.87  173.80   54.92   77.24
  Col2    59    -3.14  723.32  -24.87  173.80   54.92   77.24
  Col2    60    -6.50  723.32  -24.87  173.80   54.92   77.24
  Col2    61     2.34  319.97  -24.87  173.80   54.92   77.24
  Col2    62    -3.14  723.32  -24.87  173.80   54.92   77.24
  Col2    63    -3.14  723.32  -24.87  173.80   54.92   77.24
  Col2    64    -6.50  723.32  -24.87  173.80   54.92   77.24
  Col2    65     2.34  319.97  -24.87  173.80   54.92   77.24

 STRENGTH RATIO:
 ---------------
         Load                        Axial+  Shear+    Max
   Id     Id   Axial  Shear  Moment  Moment  Moment     UC
   ----- ----  -----  -----  ------  ------  ------  -----
   Col2    1    0.12   0.00    0.00    0.12           0.12 
   Col2    2    0.04   0.00    0.00    0.04           0.04 
   Col2    3    0.04   0.00    0.00    0.04           0.04 
   Col2    4    0.04   0.00    0.00    0.04           0.04 
   Col2    5    0.04   0.00    0.00    0.04           0.04 
   Col2    6    0.06   0.14    0.71    0.73           0.73 
   Col2    7    0.06   0.14    0.71    0.73           0.73 
   Col2    8    0.05   0.14    0.71    0.73           0.73 
   Col2    9    0.07   0.14    0.71    0.74           0.74 
   Col2   10    0.00   0.14    0.71    0.71           0.71 
   Col2   11    0.00   0.14    0.71    0.71           0.71 
   Col2   12    0.01   0.14    0.71    0.70           0.70 
   Col2   13    0.01   0.14    0.71    0.71           0.71 
   Col2   14    0.00   0.14    0.71    0.71           0.71 
   Col2   15    0.00   0.14    0.71    0.71           0.71 
   Col2   16    0.01   0.14    0.71    0.70           0.70 
   Col2   17    0.01   0.14    0.71    0.71           0.71 
   Col2   18    0.00   0.14    0.71    0.71           0.71 
   Col2   19    0.00   0.14    0.71    0.71           0.71 
   Col2   20    0.01   0.14    0.71    0.70           0.70 
   Col2   21    0.01   0.14    0.71    0.71           0.71 
   Col2   22    0.02   0.17    0.86    0.83           0.83 
   Col2   23    0.01   0.17    0.86    0.85           0.85 
   Col2   24    0.02   0.19    0.95    0.92           0.92 
   Col2   25    0.01   0.19    0.95    0.94           0.94 
   Col2   26    0.03   0.19    0.95    0.92           0.92 
   Col2   27    0.03   0.19    0.95    0.92           0.92 
   Col2   28    0.02   0.19    0.95    0.93           0.93 
   Col2   29    0.02   0.19    0.95    0.93           0.93 
   Col2   30    0.04   0.00    0.00    0.04           0.04 
   Col2   31    0.04   0.00    0.00    0.04           0.04 
   Col2   32    0.10   0.00    0.00    0.10           0.10 
   Col2   33    0.10   0.00    0.00    0.10           0.10 
   Col2   34    0.04   0.00    0.00    0.04           0.04 
   Col2   35    0.04   0.00    0.00    0.04           0.04 
   Col2   36    0.02   0.00    0.00    0.02           0.02 
   Col2   37    0.02   0.00    0.00    0.02           0.02 
   Col2   38    0.03   0.00    0.00    0.03           0.03 
   Col2   39    0.03   0.00    0.00    0.03           0.03 
   Col2   40    0.02   0.00    0.00    0.02           0.02 
   Col2   41    0.02   0.00    0.00    0.02           0.02 
   Col2   42    0.02   0.00    0.00    0.02           0.02 
   Col2   43    0.02   0.00    0.00    0.02           0.02 
   Col2   44    0.01   0.00    0.00    0.01           0.01 
   Col2   45    0.01   0.00    0.00    0.01           0.01 
   Col2   46    0.04   0.00    0.00    0.04           0.04 
   Col2   47    0.04   0.00    0.00    0.04           0.04 
   Col2   48    0.10   0.00    0.00    0.10           0.10 
   Col2   49    0.10   0.00    0.00    0.10           0.10 
   Col2   50    0.04   0.00    0.00    0.04           0.04 
   Col2   51    0.04   0.00    0.00    0.04           0.04 
   Col2   52    0.02   0.00    0.00    0.02           0.02 
   Col2   53    0.02   0.00    0.00    0.02           0.02 
   Col2   54    0.08   0.00    0.00    0.08           0.08 
   Col2   55    0.08   0.00    0.00    0.08           0.08 
   Col2   56    0.00   0.14    0.71    0.71           0.71 
   Col2   57    0.00   0.14    0.71    0.71           0.71 
   Col2   58    0.00   0.14    0.71    0.71           0.71 
   Col2   59    0.00   0.14    0.71    0.71           0.71 
   Col2   60    0.01   0.14    0.71    0.70           0.70 
   Col2   61    0.01   0.14    0.71    0.71           0.71 
   Col2   62    0.00   0.14    0.71    0.71           0.71 
   Col2   63    0.00   0.14    0.71    0.71           0.71 
   Col2   64    0.01   0.14    0.71    0.70           0.70 
   Col2   65    0.01   0.14    0.71    0.71           0.71 
 

 COLUMN REACTIONS:
 -----------------
          Load            In_Plane  --Out_Plane_Horz--
   Id      Id   Vert(kN)  Horz(kN)  Base(kN)  Roof(kN)
   -----  ----  --------  --------  --------  --------
   Col2     1     38.14      0.00       0.00      0.00
   Col2     2     11.77      0.00       0.00      0.00
   Col2     3     11.77      0.00       0.00      0.00
   Col2     4     11.77      0.00       0.00      0.00
   Col2     5     11.77      0.00       0.00      0.00
   Col2     6     19.02      0.00      24.87     24.87
   Col2     7     19.02      0.00      24.87     24.87
   Col2     8     15.66      0.00      24.87     24.87
   Col2     9     22.12      0.00      24.87     24.87
   Col2    10     -0.76      0.00      24.87     24.87
   Col2    11     -0.76      0.00      24.87     24.87
   Col2    12     -4.12      0.00      24.87     24.87
   Col2    13      2.34      0.00      24.87     24.87
   Col2    14     -0.76      0.00      24.87     24.87
   Col2    15     -0.76      0.00      24.87     24.87
   Col2    16     -4.12      0.00      24.87     24.87
   Col2    17      2.34      0.00      24.87     24.87
   Col2    18     -0.76      0.00      24.87     24.87
   Col2    19     -0.76      0.00      24.87     24.87
   Col2    20     -4.12      0.00      24.87     24.87
   Col2    21      2.34      0.00      24.87     24.87
   Col2    22    -15.52      0.00     -30.06    -30.06
   Col2    23     -6.91      0.00     -30.06    -30.06
   Col2    24    -15.52      0.00      33.16     33.16
   Col2    25     -6.91      0.00      33.16     33.16
   Col2    26    -19.54      0.00      33.16     33.16
   Col2    27    -19.54      0.00      33.16     33.16
   Col2    28    -11.04      0.00      33.16     33.16
   Col2    29    -11.04      0.00      33.16     33.16
   Col2    30     11.84      0.00       0.00      0.00
   Col2    31     11.84      0.00       0.00      0.00
   Col2    32     31.63      0.00       0.00      0.00
   Col2    33     31.63      0.00       0.00      0.00
   Col2    34     11.85      0.00       0.00      0.00
   Col2    35     11.85      0.00       0.00      0.00
   Col2    36      5.52      0.00       0.00      0.00
   Col2    37      5.52      0.00       0.00      0.00
   Col2    38    -19.54      0.00       0.00      0.00
   Col2    39    -19.54      0.00       0.00      0.00
   Col2    40    -11.04      0.00       0.00      0.00
   Col2    41    -11.04      0.00       0.00      0.00
   Col2    42    -16.37      0.00       0.00      0.00
   Col2    43    -16.37      0.00       0.00      0.00
   Col2    44     -7.77      0.00       0.00      0.00
   Col2    45     -7.77      0.00       0.00      0.00
   Col2    46     11.72      0.00       0.00      0.00
   Col2    47     11.72      0.00       0.00      0.00
   Col2    48     31.50      0.00       0.00      0.00
   Col2    49     31.50      0.00       0.00      0.00
   Col2    50     11.73      0.00       0.00      0.00
   Col2    51     11.73      0.00       0.00      0.00
   Col2    52      5.62      0.00       0.00      0.00
   Col2    53      5.62      0.00       0.00      0.00
   Col2    54     24.89      0.00       0.00      0.00
   Col2    55     24.89      0.00       0.00      0.00
   Col2    56     -0.76      0.00      24.87     24.87
   Col2    57     -0.76      0.00      24.87     24.87
   Col2    58     -0.76      0.00      24.87     24.87
   Col2    59     -0.76      0.00      24.87     24.87
   Col2    60     -4.12      0.00      24.87     24.87
   Col2    61      2.34      0.00      24.87     24.87
   Col2    62     -0.76      0.00      24.87     24.87
   Col2    63     -0.76      0.00      24.87     24.87
   Col2    64     -4.12      0.00      24.87     24.87
   Col2    65      2.34      0.00      24.87     24.87

 COLUMN DEFLECTIONS:
 -------------------
          Load   Deflection(mm)
   Id      Id      Calc   Limit
   -----  ----   ------  ------
   Col2     1       0.0    73.6
   Col2     2       0.0    73.6
   Col2     3       0.0    73.6
   Col2     4       0.0    73.6
   Col2     5       0.0    73.6
   Col2     6      25.3    73.6
   Col2     7      25.3    73.6
   Col2     8      25.3    73.6
   Col2     9      25.3    73.6
   Col2    10      25.3    73.6
   Col2    11      25.3    73.6
   Col2    12      25.3    73.6
   Col2    13      25.3    73.6
   Col2    14      25.3    73.6
   Col2    15      25.3    73.6
   Col2    16      25.3    73.6
   Col2    17      25.3    73.6
   Col2    18      25.3    73.6
   Col2    19      25.3    73.6
   Col2    20      25.3    73.6
   Col2    21      25.3    73.6
   Col2    22     -30.6    73.6
   Col2    23     -30.6    73.6
   Col2    24      33.8    73.6
   Col2    25      33.8    73.6
   Col2    26      33.8    73.6
   Col2    27      33.8    73.6
   Col2    28      33.8    73.6
   Col2    29      33.8    73.6
   Col2    30       0.0    73.6
   Col2    31       0.0    73.6
   Col2    32       0.0    73.6
   Col2    33       0.0    73.6
   Col2    34       0.0    73.6
   Col2    35       0.0    73.6
   Col2    36       0.0    73.6
   Col2    37       0.0    73.6
   Col2    38       0.0    73.6
   Col2    39       0.0    73.6
   Col2    40       0.0    73.6
   Col2    41       0.0    73.6
   Col2    42       0.0    73.6
   Col2    43       0.0    73.6
   Col2    44       0.0    73.6
   Col2    45       0.0    73.6
   Col2    46       0.0    73.6
   Col2    47       0.0    73.6
   Col2    48       0.0    73.6
   Col2    49       0.0    73.6
   Col2    50       0.0    73.6
   Col2    51       0.0    73.6
   Col2    52       0.0    73.6
   Col2    53       0.0    73.6
   Col2    54       0.0    73.6
   Col2    55       0.0    73.6
   Col2    56      25.3    73.6
   Col2    57      25.3    73.6
   Col2    58      25.3    73.6
   Col2    59      25.3    73.6
   Col2    60      25.3    73.6
   Col2    61      25.3    73.6
   Col2    62      25.3    73.6
   Col2    63      25.3    73.6
   Col2    64      25.3    73.6
   Col2    65      25.3    73.6

 UNBRACED LENGTH:
 ----------------
            Major  --Minor(mm)--  ----KL/R----
   Id        (mm)    Bend  Axial  Major  Minor
   ------  ------  ------ ------  -----  -----
   Col2      8835    3580   2580     56     91
 
 

 LOAD COMBINATIONS:
 ------------------
     1   Dead+Collateral+Live
     2   Dead+Collateral+Floor_Live
     3   Dead+Collateral+Snow
     4   Dead+Collateral+Snow+Snow_Drift
     5   Dead+Collateral+Snow+Slide_Snow
     6   Dead+Collateral+0.75Live+0.75Wind_Left2+0.75Wind_Suction+0.75Floor_Live
     7   Dead+Collateral+0.75Live+0.75Wind_Right2+0.75Wind_Suction+0.75Floor_Live
     8   Dead+Collateral+0.75Live+0.75Wind_Suction+0.75Wind_Long1+0.75Floor_Live
     9   Dead+Collateral+0.75Live+0.75Wind_Suction+0.75Wind_Long2+0.75Floor_Live
    10   Dead+Collateral+0.75Snow+0.75Wind_Left2+0.75Wind_Suction+0.75Floor_Live
    11   Dead+Collateral+0.75Snow+0.75Wind_Right2+0.75Wind_Suction+0.75Floor_Live
    12   Dead+Collateral+0.75Snow+0.75Wind_Suction+0.75Wind_Long1+0.75Floor_Live
    13   Dead+Collateral+0.75Snow+0.75Wind_Suction+0.75Wind_Long2+0.75Floor_Live
    14   Dead+Collateral+0.75Snow+0.75Wind_Left2+0.75Wind_Suction+0.75Snow_Drift+0.75Floo
    15   Dead+Collateral+0.75Snow+0.75Wind_Right2+0.75Wind_Suction+0.75Snow_Drift+0.75Flo
    16   Dead+Collateral+0.75Snow+0.75Wind_Suction+0.75Wind_Long1+0.75Snow_Drift+0.75Floo
    17   Dead+Collateral+0.75Snow+0.75Wind_Suction+0.75Wind_Long2+0.75Snow_Drift+0.75Floo
    18   Dead+Collateral+0.75Snow+0.75Wind_Left2+0.75Wind_Suction+0.75Slide_Snow+0.75Floo
    19   Dead+Collateral+0.75Snow+0.75Wind_Right2+0.75Wind_Suction+0.75Slide_Snow+0.75Flo
    20   Dead+Collateral+0.75Snow+0.75Wind_Suction+0.75Wind_Long1+0.75Slide_Snow+0.75Floo
    21   Dead+Collateral+0.75Snow+0.75Wind_Suction+0.75Wind_Long2+0.75Slide_Snow+0.75Floo
    22   0.6Dead+Wind_Pressure+Wind_Long1
    23   0.6Dead+Wind_Pressure+Wind_Long2
    24   0.6Dead+Wind_Suction+Wind_Long1
    25   0.6Dead+Wind_Suction+Wind_Long2
    26   0.6Dead+Wind_Left1+Wind_Suction
    27   0.6Dead+Wind_Right1+Wind_Suction
    28   0.6Dead+Wind_Left2+Wind_Suction
    29   0.6Dead+Wind_Right2+Wind_Suction
    30   1.01Dead+1.01Collateral+0.7Seismic_L
    31   1.01Dead+1.01Collateral+0.7Seismic_R
    32   1.01Dead+1.01Collateral+0.75Live+0.52Seismic_L+0.75Floor_Live
    33   1.01Dead+1.01Collateral+0.75Live+0.52Seismic_R+0.75Floor_Live
    34   1.01Dead+1.01Collateral+0.52Seismic_L+0.75Floor_Live
    35   1.01Dead+1.01Collateral+0.52Seismic_R+0.75Floor_Live
    36   0.59Dead+0.7Seismic_L
    37   0.59Dead+0.7Seismic_R
    38   0.6Dead+Wind_Left1
    39   0.6Dead+Wind_Right1
    40   0.6Dead+Wind_Left2
    41   0.6Dead+Wind_Right2
    42   0.6Dead+Wind_Long1+LWIND1_L
    43   0.6Dead+Wind_Long1+LWIND1_R
    44   0.6Dead+Wind_Long2+LWIND2_L
    45   0.6Dead+Wind_Long2+LWIND2_R
    46   Dead+Collateral+0.7Seismic_L
    47   Dead+Collateral+0.7Seismic_R
    48   Dead+Collateral+0.75Live+0.7Seismic_L
    49   Dead+Collateral+0.75Live+0.7Seismic_R
    50   Dead+Collateral+0.52Seismic_L
    51   Dead+Collateral+0.52Seismic_R
    52   0.6Dead+0.7Seismic_L
    53   0.6Dead+0.7Seismic_R
    54   Dead+Collateral+E1PAT_LL_1
    55   Dead+Collateral+E1PAT_LL_2
    56   Dead+Collateral+0.75Snow+0.75Wind_Left2+0.75Wind_Suction
    57   Dead+Collateral+0.75Snow+0.75Wind_Right2+0.75Wind_Suction
    58   Dead+Collateral+0.75Snow+0.75Wind_Left2+0.75Wind_Suction+0.75Snow_Drift
    59   Dead+Collateral+0.75Snow+0.75Wind_Right2+0.75Wind_Suction+0.75Snow_Drift
    60   Dead+Collateral+0.75Snow+0.75Wind_Suction+0.75Wind_Long1+0.75Snow_Drift
    61   Dead+Collateral+0.75Snow+0.75Wind_Suction+0.75Wind_Long2+0.75Snow_Drift
    62   Dead+Collateral+0.75Snow+0.75Wind_Left2+0.75Wind_Suction+0.75Slide_Snow
    63   Dead+Collateral+0.75Snow+0.75Wind_Right2+0.75Wind_Suction+0.75Slide_Snow
    64   Dead+Collateral+0.75Snow+0.75Wind_Suction+0.75Wind_Long1+0.75Slide_Snow
    65   Dead+Collateral+0.75Snow+0.75Wind_Suction+0.75Wind_Long2+0.75Slide_Snow
 
================================================================================
 C323-153-Final      Wall 1 - Web To Flange Weld            11/AUG/2025  1:04pm
================================================================================

 WELDS:
 ------
                                        ----Web_To_Flange----
            Load  Shear      Q     Ixx            Shear(kN/mm)
  Id         Id    (kN)  (cm3)   (cm4)   Size Typ  Calc Limit
  --------  ----  -----  -----  ------  ----- --- ----- -----
  Col2       24    33.2    152    8818   4.00 F1  0.057 0.410
 
================================================================================
 C323-153-Final      Wall 1 - Column Flange Brace           11/AUG/2025  1:04pm
================================================================================

 COLUMN FLANGE BRACES:
 ---------------------
          Column            Brace_At
   Id      Side   Part      Girt_Id
   -----  ------  --------  ----------
   Col2      R    L40X40X4   2   4
================================================================================
 C323-153-Final      Wall 1 - Base Plate Design             11/AUG/2025  1:04pm
================================================================================

 DESIGN CONSTANTS:
 -----------------
  Base Plate Yield     = 345.0(MN/m2)
  Concrete Bearing     =   7.0(MN/m2)
  Bolt Type            = A36  
  Bolt Shear   Stress  =  80.0(MN/m2)
  Bolt Tension Stress  = 150.0(MN/m2)


 BASE SIZE:
 ----------

         -----Base(mm)----  --Plate_Size(mm)--  ------Bolts(mm)------    Req   Req
  Id     Type Depth   Elev  Width Thick Length    Dia Row Space  Gage  Thick   Dia
  -----  ---- -----  -----  ----- ----- ------  ----- --- ----- -----  ----- -----
  Col2    S3  410.0      0  200.0 16.00  450.0  20.00  2  100.0 100.0   6.88 11.49
 
          S3 - Welded Plate


 BASE REACTIONS:
 ---------------
                        Max_Tension+Shear                Max_Shear+Tension
          --Max_Comp-         Tens  Shear  -Max_Shear-        Shear   Tens
  Id      Load Fy(kN)  Load Fy(kN) Fx(kN)  Load Fx(kN)  Load Fx(kN) Fy(kN)
  ------  ---- ------  ---- ------ ------  ---- ------  ---- ------ ------
  Col2      1   38.14   27  -19.54  33.16   24   33.16   27   33.16 -19.54

 WELDS:
 ------
            -Top_Flange_To_Plate-  -Bot_Flange_To_Plate-  -----Web_To_Plate----
                      Shear(kN/mm)           Shear(kN/mm)           Shear(kN/mm)
  Id         Size Typ  Calc Limit   Size Typ  Calc Limit   Size Typ  Calc Limit
  ------    ----- --- ----- -----  ----- --- ----- -----  ----- --- ----- -----
  Col2       4.00 F1  0.065 0.410   4.00 F1  0.065 0.410   4.00 F1  0.083 0.410

 LOAD COMBINATIONS:
 ------------------
     1   Dead+Collateral+Live
    24   0.6Dead+Wind_Suction+Wind_Long1
    27   0.6Dead+Wind_Right1+Wind_Suction
 
 
================================================================================
 C323-153-Final      Wall 1 - Bypass Girt Layout            11/AUG/2025  1:04pm
================================================================================

 GIRT LAYOUT:
 ------------
         Des Bay             Bay_Offset Design ---Extend--         ----Max_Load---
  Locate  Id  Id Part       Start   End Length  Left Right Weight  Id   UC Report  Rot
  ------ --- --- --------   ----- ----- ------ ----- ----- ------  -- ---- ------- ---
    2580   1   1 200Z15         0 11235  11235     0   660   48.3  WS 0.74 Moment   D
               2 200Z15         0 11235  11235   660     0   48.3  WS 0.74 Moment   D
  ------ --- --- --------   ----- ----- ------ ----- ----- ------  -- ---- ------- ---
    3580   2   1 200Z20         0 11235  11235     0   660   64.5  WS 0.90 Moment   D
               2 200Z20         0 11235  11235   660     0   64.5  WS 0.90 Moment   D
  ------ --- --- --------   ----- ----- ------ ----- ----- ------  -- ---- ------- ---
    4580   3   1 200Z20         0 11235  11235     0   660   64.5  WS 0.99 Moment   D
               2 200Z20         0 11235  11235   660     0   64.5  WS 0.99 Moment   D
  ------ --- --- --------   ----- ----- ------ ----- ----- ------  -- ---- ------- ---
    5780   4   1 200Z25         0 11235  11235     0   660   80.5  WS 0.89 Moment   D
               2 200Z25         0 11235  11235   660     0   80.5  WS 0.89 Moment   D
  ------ --- --- --------   ----- ----- ------ ----- ----- ------  -- ---- ------- ---
    7280   5   1 200Z25         0 11235  11235     0   660   80.5  WS 0.75 Moment   D
               2 200Z25         0 11235  11235   660     0   80.5  WS 0.75 Moment   D
  ------ --- --- --------   ----- ----- ------ ----- ----- ------  -- ---- ------- ---
    8080   6   1 200Z25         0 11235  11235     0   660   80.5  WS 0.74 Moment   D
               2 200Z25         0 11235  11235   660     0   80.5  WS 0.74 Moment   D
 
                                      WS - Wind Suction                  
 

 GIRT INSIDE FLANGE BRACE:
 -------------------------
  No._Brace/Bay
    1   2
  --- ---
    4   4
================================================================================
 C323-153-Final      Wall 1 - Girt Design  1 (Locate  2580) 11/AUG/2025  1:04pm
================================================================================

 GIRT LAYOUT:
 ------------
                                                                     Available
                                                                     Reduction
  Bay                     Design  --Lap(mm)--   Load   No.             Factor
   Id  Part       Locate  Length  Left  Right  Width  Brace  Weight   Out   In
  --- --------   -------  ------  ----  -----  -----  -----  ------  ---- ----
    1 200Z15      2580.0   11235          660    540    4      48.3  0.00 0.00
    2 200Z15      2580.0   11235   660           540    4      48.3  0.00 0.00
                                                             ------
                                                               96.6


 LOAD ID - Wind_Pressure:
 ---------------------------------------

 GIRT ACTIONS:
       ---------Shear(kN)--------   --------------Moment(kN-m)--------------
  Bay   Left   Left  Right  Right    Left   Left     Mid-Span   Right  Right
   Id    Sup    Lap    Lap    Sup     Sup    Lap    Mom    Loc    Lap    Sup
  ---  -----  -----  -----  -----   -----  -----  -----  -----  -----  -----
    1   1.10         -1.66  -1.84    0.00         -2.32   4213   2.97   4.13
    2   1.84   1.66         -1.10    4.13   2.97  -2.32   7022          0.00

 STRENGTH/DEFLECTION:
  Bay  -------Shear(kN)------  -----Moment(kN-m)-----  -Mom+Shr-  Deflect(mm)
   Id  Loc    Calc Limit   UC  Loc    Calc Limit   UC  Loc    UC   Calc Limit
  ---  ---- ------ ----- ----  ---- ------ ----- ----  ---- ----  ----- -----
    1  RLap  -1.66  11.2 0.15  RLap   2.97  4.71 0.63  RLap 0.54  -35.5 124.8
    2  LLap   1.66  11.2 0.15  LLap   2.97  4.71 0.63  LLap 0.54  -35.5 124.8


 LAP BOLT SHEAR/BEARING:

  Bolt Size =12.00 (Gr8.8)

   Bay  Member    --Member_Left_End(kN)-  -Member_Right_End(kN)-
    Id  Part       Calc Shear  Bear   UC   Calc Shear  Bear   UC
  ----  --------  ----- ----- ----- ----  ----- ----- ----- ----
    1   200Z15                             1.56 15.37  7.27 0.22
    2   200Z15     1.56 15.37  7.27 0.22



 LOAD ID - Wind Suction:
 ---------------------------------------

 GIRT ACTIONS:
       ---------Shear(kN)--------   --------------Moment(kN-m)--------------
  Bay   Left   Left  Right  Right    Left   Left     Mid-Span   Right  Right
   Id    Sup    Lap    Lap    Sup     Sup    Lap    Mom    Loc    Lap    Sup
  ---  -----  -----  -----  -----   -----  -----  -----  -----  -----  -----
    1  -1.25          1.84   2.03    0.00          2.58   4287  -3.30  -4.58
    2  -2.03  -1.84          1.25   -4.58  -3.30   2.58   6948          0.00

 STRENGTH/DEFLECTION:
  Bay  -------Shear(kN)------  -----Moment(kN-m)-----  -Mom+Shr-  Deflect(mm)
   Id  Loc    Calc Limit   UC  Loc    Calc Limit   UC  Loc    UC   Calc Limit
  ---  ---- ------ ----- ----  ---- ------ ----- ----  ---- ----  ----- -----
    1  RLap   1.84  11.2 0.16  RLap  -3.30  4.46 0.74  RLap 0.59   39.5 124.8
    2  LLap  -1.84  11.2 0.16  LLap  -3.30  4.46 0.74  LLap 0.59   39.5 124.8


 LAP BOLT SHEAR/BEARING:

  Bolt Size =12.00 (Gr8.8)

   Bay  Member    --Member_Left_End(kN)-  -Member_Right_End(kN)-
    Id  Part       Calc Shear  Bear   UC   Calc Shear  Bear   UC
  ----  --------  ----- ----- ----- ----  ----- ----- ----- ----
    1   200Z15                             1.73 15.37  7.27 0.24
    2   200Z15     1.73 15.37  7.27 0.24

================================================================================
 C323-153-Final      Wall 1 - Girt Design  2 (Locate  3580) 11/AUG/2025  1:04pm
================================================================================

 GIRT LAYOUT:
 ------------
                                                                     Available
                                                                     Reduction
  Bay                     Design  --Lap(mm)--   Load   No.             Factor
   Id  Part       Locate  Length  Left  Right  Width  Brace  Weight   Out   In
  --- --------   -------  ------  ----  -----  -----  -----  ------  ---- ----
    1 200Z20      3580.0   11235          660   1000    4      64.5  0.00 0.00
    2 200Z20      3580.0   11235   660          1000    4      64.5  0.00 0.00
                                                             ------
                                                              128.9


 LOAD ID - Wind_Pressure:
 ---------------------------------------

 GIRT ACTIONS:
       ---------Shear(kN)--------   --------------Moment(kN-m)--------------
  Bay   Left   Left  Right  Right    Left   Left     Mid-Span   Right  Right
   Id    Sup    Lap    Lap    Sup     Sup    Lap    Mom    Loc    Lap    Sup
  ---  -----  -----  -----  -----   -----  -----  -----  -----  -----  -----
    1   2.04         -3.08  -3.40    0.00         -4.30   4213   5.50   7.64
    2   3.40   3.08         -2.04    7.64   5.50  -4.30   7022          0.00

 STRENGTH/DEFLECTION:
  Bay  -------Shear(kN)------  -----Moment(kN-m)-----  -Mom+Shr-  Deflect(mm)
   Id  Loc    Calc Limit   UC  Loc    Calc Limit   UC  Loc    UC   Calc Limit
  ---  ---- ------ ----- ----  ---- ------ ----- ----  ---- ----  ----- -----
    1  RLap  -3.08  26.6 0.12  RLap   5.50  7.10 0.78  RLap 0.69  -49.5 124.8
    2  LLap   3.08  26.6 0.12  LLap   5.50  7.10 0.78  LLap 0.69  -49.5 124.8


 LAP BOLT SHEAR/BEARING:

  Bolt Size =12.00 (Gr8.8)

   Bay  Member    --Member_Left_End(kN)-  -Member_Right_End(kN)-
    Id  Part       Calc Shear  Bear   UC   Calc Shear  Bear   UC
  ----  --------  ----- ----- ----- ----  ----- ----- ----- ----
    1   200Z20                             2.90 15.37  9.69 0.30
    2   200Z20     2.90 15.37  9.69 0.30



 LOAD ID - Wind Suction:
 ---------------------------------------

 GIRT ACTIONS:
       ---------Shear(kN)--------   --------------Moment(kN-m)--------------
  Bay   Left   Left  Right  Right    Left   Left     Mid-Span   Right  Right
   Id    Sup    Lap    Lap    Sup     Sup    Lap    Mom    Loc    Lap    Sup
  ---  -----  -----  -----  -----   -----  -----  -----  -----  -----  -----
    1  -2.32          3.41   3.77    0.00          4.78   4287  -6.11  -8.48
    2  -3.77  -3.41          2.32   -8.48  -6.11   4.78   6948          0.00

 STRENGTH/DEFLECTION:
  Bay  -------Shear(kN)------  -----Moment(kN-m)-----  -Mom+Shr-  Deflect(mm)
   Id  Loc    Calc Limit   UC  Loc    Calc Limit   UC  Loc    UC   Calc Limit
  ---  ---- ------ ----- ----  ---- ------ ----- ----  ---- ----  ----- -----
    1  RLap   3.41  26.6 0.13  RLap  -6.11  6.78 0.90  RLap 0.76   55.1 124.8
    2  LLap  -3.41  26.6 0.13  LLap  -6.11  6.78 0.90  LLap 0.76   55.1 124.8


 LAP BOLT SHEAR/BEARING:

  Bolt Size =12.00 (Gr8.8)

   Bay  Member    --Member_Left_End(kN)-  -Member_Right_End(kN)-
    Id  Part       Calc Shear  Bear   UC   Calc Shear  Bear   UC
  ----  --------  ----- ----- ----- ----  ----- ----- ----- ----
    1   200Z20                             3.21 15.37  9.69 0.33
    2   200Z20     3.21 15.37  9.69 0.33

================================================================================
 C323-153-Final      Wall 1 - Girt Design  3 (Locate  4580) 11/AUG/2025  1:04pm
================================================================================

 GIRT LAYOUT:
 ------------
                                                                     Available
                                                                     Reduction
  Bay                     Design  --Lap(mm)--   Load   No.             Factor
   Id  Part       Locate  Length  Left  Right  Width  Brace  Weight   Out   In
  --- --------   -------  ------  ----  -----  -----  -----  ------  ---- ----
    1 200Z20      4580.0   11235          660   1100    4      64.5  0.00 0.00
    2 200Z20      4580.0   11235   660          1100    4      64.5  0.00 0.00
                                                             ------
                                                              128.9


 LOAD ID - Wind_Pressure:
 ---------------------------------------

 GIRT ACTIONS:
       ---------Shear(kN)--------   --------------Moment(kN-m)--------------
  Bay   Left   Left  Right  Right    Left   Left     Mid-Span   Right  Right
   Id    Sup    Lap    Lap    Sup     Sup    Lap    Mom    Loc    Lap    Sup
  ---  -----  -----  -----  -----   -----  -----  -----  -----  -----  -----
    1   2.25         -3.39  -3.74    0.00         -4.73   4213   6.05   8.41
    2   3.74   3.39         -2.25    8.41   6.05  -4.73   7022          0.00

 STRENGTH/DEFLECTION:
  Bay  -------Shear(kN)------  -----Moment(kN-m)-----  -Mom+Shr-  Deflect(mm)
   Id  Loc    Calc Limit   UC  Loc    Calc Limit   UC  Loc    UC   Calc Limit
  ---  ---- ------ ----- ----  ---- ------ ----- ----  ---- ----  ----- -----
    1  RLap  -3.39  26.6 0.13  RLap   6.05  7.10 0.85  RLap 0.76  -54.5 124.8
    2  LLap   3.39  26.6 0.13  LLap   6.05  7.10 0.85  LLap 0.76  -54.5 124.8


 LAP BOLT SHEAR/BEARING:

  Bolt Size =12.00 (Gr8.8)

   Bay  Member    --Member_Left_End(kN)-  -Member_Right_End(kN)-
    Id  Part       Calc Shear  Bear   UC   Calc Shear  Bear   UC
  ----  --------  ----- ----- ----- ----  ----- ----- ----- ----
    1   200Z20                             3.19 15.37  9.69 0.33
    2   200Z20     3.19 15.37  9.69 0.33



 LOAD ID - Wind Suction:
 ---------------------------------------

 GIRT ACTIONS:
       ---------Shear(kN)--------   --------------Moment(kN-m)--------------
  Bay   Left   Left  Right  Right    Left   Left     Mid-Span   Right  Right
   Id    Sup    Lap    Lap    Sup     Sup    Lap    Mom    Loc    Lap    Sup
  ---  -----  -----  -----  -----   -----  -----  -----  -----  -----  -----
    1  -2.56          3.75   4.14    0.00          5.26   4287  -6.72  -9.33
    2  -4.14  -3.75          2.56   -9.33  -6.72   5.26   6948          0.00

 STRENGTH/DEFLECTION:
  Bay  -------Shear(kN)------  -----Moment(kN-m)-----  -Mom+Shr-  Deflect(mm)
   Id  Loc    Calc Limit   UC  Loc    Calc Limit   UC  Loc    UC   Calc Limit
  ---  ---- ------ ----- ----  ---- ------ ----- ----  ---- ----  ----- -----
    1  RLap   3.75  26.6 0.14  RLap  -6.72  6.78 0.99  RLap 0.84   60.6 124.8
    2  LLap  -3.75  26.6 0.14  LLap  -6.72  6.78 0.99  LLap 0.84   60.6 124.8


 LAP BOLT SHEAR/BEARING:

  Bolt Size =12.00 (Gr8.8)

   Bay  Member    --Member_Left_End(kN)-  -Member_Right_End(kN)-
    Id  Part       Calc Shear  Bear   UC   Calc Shear  Bear   UC
  ----  --------  ----- ----- ----- ----  ----- ----- ----- ----
    1   200Z20                             3.53 15.37  9.69 0.36
    2   200Z20     3.53 15.37  9.69 0.36

================================================================================
 C323-153-Final      Wall 1 - Girt Design  4 (Locate  5780) 11/AUG/2025  1:04pm
================================================================================

 GIRT LAYOUT:
 ------------
                                                                     Available
                                                                     Reduction
  Bay                     Design  --Lap(mm)--   Load   No.             Factor
   Id  Part       Locate  Length  Left  Right  Width  Brace  Weight   Out   In
  --- --------   -------  ------  ----  -----  -----  -----  ------  ---- ----
    1 200Z25      5780.0   11235          660   1350    4      80.5  0.00 0.00
    2 200Z25      5780.0   11235   660          1350    4      80.5  0.00 0.00
                                                             ------
                                                              161.1


 LOAD ID - Wind_Pressure:
 ---------------------------------------

 GIRT ACTIONS:
       ---------Shear(kN)--------   --------------Moment(kN-m)--------------
  Bay   Left   Left  Right  Right    Left   Left     Mid-Span   Right  Right
   Id    Sup    Lap    Lap    Sup     Sup    Lap    Mom    Loc    Lap    Sup
  ---  -----  -----  -----  -----   -----  -----  -----  -----  -----  -----
    1   2.76         -4.16  -4.59    0.00         -5.80   4213   7.43  10.32
    2   4.59   4.16         -2.76   10.32   7.43  -5.80   7022          0.00

 STRENGTH/DEFLECTION:
  Bay  -------Shear(kN)------  -----Moment(kN-m)-----  -Mom+Shr-  Deflect(mm)
   Id  Loc    Calc Limit   UC  Loc    Calc Limit   UC  Loc    UC   Calc Limit
  ---  ---- ------ ----- ----  ---- ------ ----- ----  ---- ----  ----- -----
    1  RLap  -4.16  45.3 0.09  RLap   7.43  9.68 0.77  RLap 0.73  -53.8 124.8
    2  LLap   4.16  45.3 0.09  LLap   7.43  9.68 0.77  LLap 0.73  -53.8 124.8


 LAP BOLT SHEAR/BEARING:

  Bolt Size =12.00 (Gr8.8)

   Bay  Member    --Member_Left_End(kN)-  -Member_Right_End(kN)-
    Id  Part       Calc Shear  Bear   UC   Calc Shear  Bear   UC
  ----  --------  ----- ----- ----- ----  ----- ----- ----- ----
    1   200Z25                             3.91 15.37 12.11 0.32
    2   200Z25     3.91 15.37 12.11 0.32



 LOAD ID - Wind Suction:
 ---------------------------------------

 GIRT ACTIONS:
       ---------Shear(kN)--------   --------------Moment(kN-m)--------------
  Bay   Left   Left  Right  Right    Left   Left     Mid-Span   Right  Right
   Id    Sup    Lap    Lap    Sup     Sup    Lap    Mom    Loc    Lap    Sup
  ---  -----  -----  -----  -----   -----  -----  -----  -----  -----  -----
    1  -3.14          4.61   5.08    0.00          6.46   4287  -8.25 -11.45
    2  -5.08  -4.61          3.14  -11.45  -8.25   6.46   6948          0.00

 STRENGTH/DEFLECTION:
  Bay  -------Shear(kN)------  -----Moment(kN-m)-----  -Mom+Shr-  Deflect(mm)
   Id  Loc    Calc Limit   UC  Loc    Calc Limit   UC  Loc    UC   Calc Limit
  ---  ---- ------ ----- ----  ---- ------ ----- ----  ---- ----  ----- -----
    1  RLap   4.61  45.3 0.10  RLap  -8.25  9.31 0.89  RLap 0.81   59.9 124.8
    2  LLap  -4.61  45.3 0.10  LLap  -8.25  9.31 0.89  LLap 0.81   59.9 124.8


 LAP BOLT SHEAR/BEARING:

  Bolt Size =12.00 (Gr8.8)

   Bay  Member    --Member_Left_End(kN)-  -Member_Right_End(kN)-
    Id  Part       Calc Shear  Bear   UC   Calc Shear  Bear   UC
  ----  --------  ----- ----- ----- ----  ----- ----- ----- ----
    1   200Z25                             4.34 15.37 12.11 0.36
    2   200Z25     4.34 15.37 12.11 0.36

================================================================================
 C323-153-Final      Wall 1 - Girt Design  5 (Locate  7280) 11/AUG/2025  1:04pm
================================================================================

 GIRT LAYOUT:
 ------------
                                                                     Available
                                                                     Reduction
  Bay                     Design  --Lap(mm)--   Load   No.             Factor
   Id  Part       Locate  Length  Left  Right  Width  Brace  Weight   Out   In
  --- --------   -------  ------  ----  -----  -----  -----  ------  ---- ----
    1 200Z25      7280.0   11235          660   1150    4      80.5  0.00 0.00
    2 200Z25      7280.0   11235   660          1150    4      80.5  0.00 0.00
                                                             ------
                                                              161.1


 LOAD ID - Wind_Pressure:
 ---------------------------------------

 GIRT ACTIONS:
       ---------Shear(kN)--------   --------------Moment(kN-m)--------------
  Bay   Left   Left  Right  Right    Left   Left     Mid-Span   Right  Right
   Id    Sup    Lap    Lap    Sup     Sup    Lap    Mom    Loc    Lap    Sup
  ---  -----  -----  -----  -----   -----  -----  -----  -----  -----  -----
    1   2.35         -3.54  -3.91    0.00         -4.94   4213   6.33   8.79
    2   3.91   3.54         -2.35    8.79   6.33  -4.94   7022          0.00

 STRENGTH/DEFLECTION:
  Bay  -------Shear(kN)------  -----Moment(kN-m)-----  -Mom+Shr-  Deflect(mm)
   Id  Loc    Calc Limit   UC  Loc    Calc Limit   UC  Loc    UC   Calc Limit
  ---  ---- ------ ----- ----  ---- ------ ----- ----  ---- ----  ----- -----
    1  RLap  -3.54  45.3 0.08  RLap   6.33  9.68 0.65  RLap 0.62  -45.9 124.8
    2  LLap   3.54  45.3 0.08  LLap   6.33  9.68 0.65  LLap 0.62  -45.9 124.8


 LAP BOLT SHEAR/BEARING:

  Bolt Size =12.00 (Gr8.8)

   Bay  Member    --Member_Left_End(kN)-  -Member_Right_End(kN)-
    Id  Part       Calc Shear  Bear   UC   Calc Shear  Bear   UC
  ----  --------  ----- ----- ----- ----  ----- ----- ----- ----
    1   200Z25                             3.33 15.37 12.11 0.27
    2   200Z25     3.33 15.37 12.11 0.27



 LOAD ID - Wind Suction:
 ---------------------------------------

 GIRT ACTIONS:
       ---------Shear(kN)--------   --------------Moment(kN-m)--------------
  Bay   Left   Left  Right  Right    Left   Left     Mid-Span   Right  Right
   Id    Sup    Lap    Lap    Sup     Sup    Lap    Mom    Loc    Lap    Sup
  ---  -----  -----  -----  -----   -----  -----  -----  -----  -----  -----
    1  -2.67          3.93   4.33    0.00          5.50   4287  -7.03  -9.75
    2  -4.33  -3.93          2.67   -9.75  -7.03   5.50   6948          0.00

 STRENGTH/DEFLECTION:
  Bay  -------Shear(kN)------  -----Moment(kN-m)-----  -Mom+Shr-  Deflect(mm)
   Id  Loc    Calc Limit   UC  Loc    Calc Limit   UC  Loc    UC   Calc Limit
  ---  ---- ------ ----- ----  ---- ------ ----- ----  ---- ----  ----- -----
    1  RLap   3.93  45.3 0.09  RLap  -7.03  9.31 0.75  RLap 0.69   51.0 124.8
    2  LLap  -3.93  45.3 0.09  LLap  -7.03  9.31 0.75  LLap 0.69   51.0 124.8


 LAP BOLT SHEAR/BEARING:

  Bolt Size =12.00 (Gr8.8)

   Bay  Member    --Member_Left_End(kN)-  -Member_Right_End(kN)-
    Id  Part       Calc Shear  Bear   UC   Calc Shear  Bear   UC
  ----  --------  ----- ----- ----- ----  ----- ----- ----- ----
    1   200Z25                             3.69 15.37 12.11 0.30
    2   200Z25     3.69 15.37 12.11 0.30

================================================================================
 C323-153-Final      Wall 1 - Girt Design  6 (Locate  8080) 11/AUG/2025  1:04pm
================================================================================

 GIRT LAYOUT:
 ------------
                                                                     Available
                                                                     Reduction
  Bay                     Design  --Lap(mm)--   Load   No.             Factor
   Id  Part       Locate  Length  Left  Right  Width  Brace  Weight   Out   In
  --- --------   -------  ------  ----  -----  -----  -----  ------  ---- ----
    1 200Z25      8080.0   11235          660   1129    4      80.5  0.00 0.00
    2 200Z25      8080.0   11235   660          1129    4      80.5  0.00 0.00
                                                             ------
                                                              161.1


 LOAD ID - Wind_Pressure:
 ---------------------------------------

 GIRT ACTIONS:
       ---------Shear(kN)--------   --------------Moment(kN-m)--------------
  Bay   Left   Left  Right  Right    Left   Left     Mid-Span   Right  Right
   Id    Sup    Lap    Lap    Sup     Sup    Lap    Mom    Loc    Lap    Sup
  ---  -----  -----  -----  -----   -----  -----  -----  -----  -----  -----
    1   2.30         -3.48  -3.84    0.00         -4.85   4213   6.21   8.63
    2   3.84   3.48         -2.30    8.63   6.21  -4.85   7022          0.00

 STRENGTH/DEFLECTION:
  Bay  -------Shear(kN)------  -----Moment(kN-m)-----  -Mom+Shr-  Deflect(mm)
   Id  Loc    Calc Limit   UC  Loc    Calc Limit   UC  Loc    UC   Calc Limit
  ---  ---- ------ ----- ----  ---- ------ ----- ----  ---- ----  ----- -----
    1  RLap  -3.48  45.3 0.08  RLap   6.21  9.68 0.64  RLap 0.61  -45.0 124.8
    2  LLap   3.48  45.3 0.08  LLap   6.21  9.68 0.64  LLap 0.61  -45.0 124.8


 LAP BOLT SHEAR/BEARING:

  Bolt Size =12.00 (Gr8.8)

   Bay  Member    --Member_Left_End(kN)-  -Member_Right_End(kN)-
    Id  Part       Calc Shear  Bear   UC   Calc Shear  Bear   UC
  ----  --------  ----- ----- ----- ----  ----- ----- ----- ----
    1   200Z25                             3.27 15.37 12.11 0.27
    2   200Z25     3.27 15.37 12.11 0.27



 LOAD ID - Wind Suction:
 ---------------------------------------

 GIRT ACTIONS:
       ---------Shear(kN)--------   --------------Moment(kN-m)--------------
  Bay   Left   Left  Right  Right    Left   Left     Mid-Span   Right  Right
   Id    Sup    Lap    Lap    Sup     Sup    Lap    Mom    Loc    Lap    Sup
  ---  -----  -----  -----  -----   -----  -----  -----  -----  -----  -----
    1  -2.62          3.85   4.25    0.00          5.40   4287  -6.90  -9.57
    2  -4.25  -3.85          2.62   -9.57  -6.90   5.40   6948          0.00

 STRENGTH/DEFLECTION:
  Bay  -------Shear(kN)------  -----Moment(kN-m)-----  -Mom+Shr-  Deflect(mm)
   Id  Loc    Calc Limit   UC  Loc    Calc Limit   UC  Loc    UC   Calc Limit
  ---  ---- ------ ----- ----  ---- ------ ----- ----  ---- ----  ----- -----
    1  RLap   3.85  45.3 0.08  RLap  -6.90  9.31 0.74  RLap 0.68   50.1 124.8
    2  LLap  -3.85  45.3 0.08  LLap  -6.90  9.31 0.74  LLap 0.68   50.1 124.8


 LAP BOLT SHEAR/BEARING:

  Bolt Size =12.00 (Gr8.8)

   Bay  Member    --Member_Left_End(kN)-  -Member_Right_End(kN)-
    Id  Part       Calc Shear  Bear   UC   Calc Shear  Bear   UC
  ----  --------  ----- ----- ----- ----  ----- ----- ----- ----
    1   200Z25                             3.63 15.37 12.11 0.30
    2   200Z25     3.63 15.37 12.11 0.30

================================================================================
 C323-153-Final      Wall 1 - Wall Panel Design             11/AUG/2025  1:04pm
================================================================================

 PANEL DATA:
 -----------
  Bay                                       Rotation   Panel
   Id   Part      Rot  Type  Thick  Yield  Stiffness  Height
  ---   --------  ---  ----  -----  -----  ---------  ------
    1   45250 .5   N    4525  0.50    250     0.00      9537

 MOMENTS & DEFLECTION:
 ---------------------
                            --------------Moment(m-N/m   )-------------
  Span    Locate(mm)            Start       Midspan        End      Max  Deflect(mm)
   Id    Start   End  Load   Calc Limit   Calc Limit   Calc Limit    UC   Calc Limit
  ----   ----- -----  ----  ----- -----  ----- -----  ----- -----  ----  ----- -----
    1     2500  2580   WP       0  1800     23  1800     46  1800  0.03    0.0   0.9
                       WS       0   940    -24   940    -50   940  0.05    0.0   0.9
    2     2580  3580   WP      46  1800    -27   940     51  1800  0.03   -0.1  11.1
                       WS     -50   940     29  1800    -55   940  0.06    0.1  11.1
    3     3580  4580   WP      51  1800    -24   940     51  1800  0.03    0.0  11.1
                       WS     -55   940     26  1800    -56   940  0.06    0.0  11.1
    4     4580  5780   WP      51  1800    -29   940    110  1800  0.06    0.0  13.3
                       WS     -56   940     32  1800   -119   940  0.13    0.1  13.3
    5     5780  7280   WP     110  1800    -78   940     72  1800  0.08   -0.4  16.7
                       WS    -119   940     84  1800    -78   940  0.13    0.5  16.7
    6     7280  8080   WP      72  1800     40  1800    107  1800  0.06    0.1   8.9
                       WS     -78   940    -43   940   -116   940  0.12   -0.1   8.9
    7     8080  9537   WP     107  1800   -110   940      0  1800  0.12   -0.6  16.2
                       WS    -116   940    119  1800      0  1800  0.12    0.7  16.2
 
                      WP - Wind_Pressure                  
                      WS - Wind Suction                   
 
================================================================================
 C323-153-Final      Wall 1 - Panel Zones                   11/AUG/2025  1:04pm
================================================================================

 PANEL:
 ------
                             Tensile
            Thick   Yield   Strength
  Part       (mm)  (MN/m2)   (MN/m2)
  --------  -----  -------  --------
  45250 .5   0.50   250.0     325.0

 GIRT SCREWS:
 ------------
              Dia  Washer  Limit
  Part       (mm)    (mm)   (kN)
  --------  -----  ------  -----
  14x20SDS    4.8    19.0  13.70

 PANEL ZONE LAYOUT:
 ------------------
                                            --Girt(mm,mm,mm)--  Panel
  Zone                 ----Wall(mm)---  Bay         Load   Min   Span
   Id   Description    Offset1 Offset2   Id Locate Width Thick   (mm)
  ----  -------------  ------- -------  --- ------ ----- -----  -----
    1   Interior          2247   20223    1   5780  1350  1.50   1500
    2   Lt Edge              0    2247    1   5780  1350  1.50   1500
    3   Rt Edge          20223   22470    2   5780  1350  1.50   1500

 GIRT SCREW CHECK:
 -----------------
        Screw     Wind         --------Limit(kN)-------
  Zone  Space  Suction   Load     Girt    Panel   Screw   Max
   Id    (mm)  (kN/m2)   (kN)  Pullout Pullover Tension    UC
  ----  -----  -------  -----  ------- -------- -------  ----
    1     250    0.649   0.22     0.92     1.54    3.65  0.24
    2     250    0.649   0.22     0.92     1.54    3.65  0.24
    3     250    0.649   0.22     0.92     1.54    3.65  0.24

 BASE SCREWS:
 ------------
              Dia  Washer  Limit
  Part       (mm)    (mm)   (kN)
  --------  -----  ------  -----
  14x20SDS    4.8    19.0  13.70

 BASE SCREW CHECK:
 -----------------
          Screw   Force/Screw  Shear
    Base  Space   Wind   Seis  Limit   Max
  Length   (mm)   (kN)   (kN)   (kN)    UC
  ------  -----  -----  -----  -----  ----
       0    250  0.000  0.000  0.702  0.00    
 
================================================================================
 C323-153-Final      Wall 1 - Weight Summary                11/AUG/2025  1:04pm
================================================================================
 

                                            Weight
                 Description                  (kg)
                 -----------               -------
                 Columns               =    242.96
                 Girts                 =    837.65
                 Clips                 =     17.98
                                         ---------
                 Total                 =   1098.59

================================================================================
 C323-153-Final      Wall 1 - Warning Summary               11/AUG/2025  1:04pm
================================================================================

                   .. No Warnings
