07-08-2025 13:24:11    Message.out
    ================================================================================
     C323-153            Design Warning Summary                  7/AUG/2025  1:24pm
    ================================================================================
     
     LEFT ENDWALL
     ------------
         No Warnings!
     
     RIGHT ENDWALL
     -------------
         No Warnings!
     
     FRONT SIDEWALL
     --------------
         No Warnings!
     
     BACK SIDEWALL
     -------------
         No Warnings!
     
     ROOF
     ----
         No Warnings!
     
     EXTENSIONS
     ----------
         EXTENSION BEAM
           Member
             WRN(BXM-204): Axial + Moment > Limit
             WRN(BXM-211): KL/R > Limit
     
     RIGID FRAME #1
     --------------
         No Warnings!
     
     RIGID FRAME #2
     --------------
         FRAME RAFTER
           End Plate
             WRN(RFE-413): Weld Size < Required
     
     CRANE SYSTEM
     ------------
         No Warnings!
07-08-2025 13:36:12    StdOut.Out
    
      (18)WALL GIRT LOCATION:
        Wall-1 :
         *WRN(WG-   ): Invalid interval girt #
07-08-2025 13:36:36    StdOut.Out
    
      (18)WALL GIRT LOCATION:
        Wall-1 :
         *WRN(WG-   ): Invalid interval girt #
07-08-2025 14:47:54    Message.out
    ================================================================================
     C323-153-Final      Design Warning Summary                  7/AUG/2025  2:47pm
    ================================================================================
     
     LEFT ENDWALL
     ------------
         No Warnings!
     
     RIGHT ENDWALL
     -------------
         No Warnings!
     
     FRONT SIDEWALL
     --------------
         No Warnings!
     
     BACK SIDEWALL
     -------------
         No Warnings!
     
     ROOF
     ----
         No Warnings!
     
     EXTENSIONS
     ----------
         EXTENSION BEAM
           Member
             WRN(BXM-204): Axial + Moment > Limit
             WRN(BXM-211): KL/R > Limit
     
     RIGID FRAME #1
     --------------
         No Warnings!
     
     RIGID FRAME #2
     --------------
         FRAME RAFTER
           End Plate
             WRN(RFE-413): Weld Size < Required
     
     RIGID FRAME #3
     --------------
         No Warnings!
     
     RIGID FRAME #4
     --------------
         FRAME RAFTER
           End Plate
             WRN(RFE-413): Weld Size < Required
     
     RIGID FRAME #5
     --------------
         No Warnings!
     
     CRANE SYSTEM
     ------------
         No Warnings!
07-08-2025 14:57:57    Message.out
    ================================================================================
     C323-153-Final      Detail Warning Summary                  7/AUG/2025  2:57pm
    ================================================================================
     
     ENDWALL
     -------
         No Warnings!
     
     EXTENSIONS
     ----------
         No Warnings!
     
     RIGID FRAME #1
     --------------
         No Warnings!
     
     RIGID FRAME #2
     --------------
         CONFLICT
           SPLICE
             WRN(RFD-001): Purlin\Girt Near Splice
     
     RIGID FRAME #3
     --------------
         CONFLICT
           SPLICE
             WRN(RFD-001): Purlin\Girt Near Splice
     
     RIGID FRAME #4
     --------------
         CONFLICT
           SPLICE
             WRN(RFD-001): Purlin\Girt Near Splice
     
     RIGID FRAME #5
     --------------
         No Warnings!
     
     CRANE SYSTEM
     ------------
         No Warnings!
     
     WIND FRAMING
     ------------
         No Warnings!
     
     BOM
     ---
       INPUT
       -----
             WRN(AB-105) : No anchor bolt record for diameter
               16.00
     
       OUTPUT
       ------
         COST
           BOM
             WRN(CST-01) : Incomplete cost information!
                 ------(150Z15  )
                 ------(Z20020  )
07-08-2025 15:06:06    Message.out
    ================================================================================
     C323-153-Final      Design Warning Summary                  7/AUG/2025  3:06pm
    ================================================================================
     
     LEFT ENDWALL
     ------------
         No Warnings!
     
     RIGHT ENDWALL
     -------------
         No Warnings!
     
     FRONT SIDEWALL
     --------------
         No Warnings!
     
     BACK SIDEWALL
     -------------
         No Warnings!
     
     ROOF
     ----
         WIND BENT
           Member
             WRN(WBM-413): Weld Size < Required
     
     EXTENSIONS
     ----------
         No Warnings!
     
     RIGID FRAME #1
     --------------
         No Warnings!
     
     RIGID FRAME #2
     --------------
         No Warnings!
     
     RIGID FRAME #3
     --------------
         No Warnings!
     
     RIGID FRAME #4
     --------------
         No Warnings!
     
     RIGID FRAME #5
     --------------
         No Warnings!
     
     CRANE SYSTEM
     ------------
         No Warnings!
07-08-2025 15:08:24    Message.out
    ================================================================================
     C323-153-Final      Detail Warning Summary                  7/AUG/2025  3:08pm
    ================================================================================
     
     ENDWALL
     -------
         No Warnings!
     
     EXTENSIONS
     ----------
         No Warnings!
     
     RIGID FRAME #1
     --------------
         No Warnings!
     
     RIGID FRAME #2
     --------------
         CONFLICT
           SPLICE
             WRN(RFD-001): Purlin\Girt Near Splice
     
     RIGID FRAME #3
     --------------
         CONFLICT
           SPLICE
             WRN(RFD-001): Purlin\Girt Near Splice
     
     RIGID FRAME #4
     --------------
         CONFLICT
           SPLICE
             WRN(RFD-001): Purlin\Girt Near Splice
     
     RIGID FRAME #5
     --------------
         No Warnings!
     
     CRANE SYSTEM
     ------------
         No Warnings!
     
     WIND FRAMING
     ------------
         No Warnings!
     
     BOM
     ---
       INPUT
       -----
             WRN(AB-105) : No anchor bolt record for diameter
               16.00
     
       OUTPUT
       ------
         COST
           BOM
             WRN(CST-01) : Incomplete cost information!
                 ------(150Z15  )
07-08-2025 15:31:28    Message.out
    ================================================================================
     C323-153-Final      Design Warning Summary                  7/AUG/2025  3:31pm
    ================================================================================
     
     LEFT ENDWALL
     ------------
         No Warnings!
     
     RIGHT ENDWALL
     -------------
         No Warnings!
     
     FRONT SIDEWALL
     --------------
         No Warnings!
     
     BACK SIDEWALL
     -------------
         No Warnings!
     
     ROOF
     ----
         WIND BENT
           Member
             WRN(WBM-413): Weld Size < Required
     
     EXTENSIONS
     ----------
         No Warnings!
     
     RIGID FRAME #1
     --------------
         No Warnings!
     
     RIGID FRAME #2
     --------------
         No Warnings!
     
     RIGID FRAME #3
     --------------
         No Warnings!
     
     RIGID FRAME #4
     --------------
         No Warnings!
     
     RIGID FRAME #5
     --------------
         No Warnings!
     
     CRANE SYSTEM
     ------------
         No Warnings!
07-08-2025 15:33:30    Message.out
    ================================================================================
     C323-153-Final      Detail Warning Summary                  7/AUG/2025  3:33pm
    ================================================================================
     
     ENDWALL
     -------
         No Warnings!
     
     EXTENSIONS
     ----------
         No Warnings!
     
     RIGID FRAME #1
     --------------
         No Warnings!
     
     RIGID FRAME #2
     --------------
         CONFLICT
           SPLICE
             WRN(RFD-001): Purlin\Girt Near Splice
     
     RIGID FRAME #3
     --------------
         CONFLICT
           SPLICE
             WRN(RFD-001): Purlin\Girt Near Splice
     
     RIGID FRAME #4
     --------------
         CONFLICT
           SPLICE
             WRN(RFD-001): Purlin\Girt Near Splice
     
     RIGID FRAME #5
     --------------
         No Warnings!
     
     CRANE SYSTEM
     ------------
         No Warnings!
     
     WIND FRAMING
     ------------
         No Warnings!
     
     BOM
     ---
       INPUT
       -----
             WRN(AB-105) : No anchor bolt record for diameter
               16.00
     
       OUTPUT
       ------
         COST
           BOM
             WRN(CST-01) : Incomplete cost information!
                 ------(150Z15  )
07-08-2025 15:35:22    StdOut.Out
    
      PROGRAM DETAILS:
         *WRN(DT-130 ): Detail block not found - D77
07-08-2025 15:49:14    Message.out
    ================================================================================
     C323-153-Final      Design Warning Summary                  7/AUG/2025  3:49pm
    ================================================================================
     
     LEFT ENDWALL
     ------------
         No Warnings!
     
     RIGHT ENDWALL
     -------------
         No Warnings!
     
     FRONT SIDEWALL
     --------------
         No Warnings!
     
     BACK SIDEWALL
     -------------
         No Warnings!
     
     ROOF
     ----
         WIND BENT
           Member
             WRN(WBM-413): Weld Size < Required
     
     EXTENSIONS
     ----------
         No Warnings!
     
     RIGID FRAME #1
     --------------
         No Warnings!
     
     RIGID FRAME #2
     --------------
         No Warnings!
     
     RIGID FRAME #3
     --------------
         No Warnings!
     
     RIGID FRAME #4
     --------------
         No Warnings!
     
     RIGID FRAME #5
     --------------
         No Warnings!
     
     CRANE SYSTEM
     ------------
         No Warnings!
07-08-2025 15:50:19    Message.out
    ================================================================================
     C323-153-Final      Detail Warning Summary                  7/AUG/2025  3:50pm
    ================================================================================
     
     ENDWALL
     -------
         No Warnings!
     
     EXTENSIONS
     ----------
         No Warnings!
     
     RIGID FRAME #1
     --------------
         No Warnings!
     
     RIGID FRAME #2
     --------------
         CONFLICT
           SPLICE
             WRN(RFD-001): Purlin\Girt Near Splice
     
     RIGID FRAME #3
     --------------
         CONFLICT
           SPLICE
             WRN(RFD-001): Purlin\Girt Near Splice
     
     RIGID FRAME #4
     --------------
         CONFLICT
           SPLICE
             WRN(RFD-001): Purlin\Girt Near Splice
     
     RIGID FRAME #5
     --------------
         No Warnings!
     
     CRANE SYSTEM
     ------------
         No Warnings!
     
     WIND FRAMING
     ------------
         No Warnings!
     
     BOM
     ---
       INPUT
       -----
             WRN(AB-105) : No anchor bolt record for diameter
               16.00
     
       OUTPUT
       ------
         COST
           BOM
             WRN(CST-01) : Incomplete cost information!
                 ------(150Z15  )
11-08-2025 12:27:22    Message.out
    ================================================================================
     C323-153-Final      Design Warning Summary                 11/AUG/2025 12:27pm
    ================================================================================
     
     LEFT ENDWALL
     ------------
         No Warnings!
     
     RIGHT ENDWALL
     -------------
         No Warnings!
     
     FRONT SIDEWALL
     --------------
         No Warnings!
     
     BACK SIDEWALL
     -------------
         No Warnings!
     
     ROOF
     ----
         WIND BENT
           Member
             WRN(WBM-413): Weld Size < Required
     
     EXTENSIONS
     ----------
         No Warnings!
     
     RIGID FRAME #1
     --------------
         No Warnings!
     
     RIGID FRAME #2
     --------------
         No Warnings!
     
     RIGID FRAME #3
     --------------
         No Warnings!
     
     RIGID FRAME #4
     --------------
         No Warnings!
     
     RIGID FRAME #5
     --------------
         No Warnings!
     
     CRANE SYSTEM
     ------------
         No Warnings!
11-08-2025 12:28:01    Message.out
    ================================================================================
     C323-153-Final      Detail Warning Summary                 11/AUG/2025 12:28pm
    ================================================================================
     
     ENDWALL
     -------
         No Warnings!
     
     EXTENSIONS
     ----------
         No Warnings!
     
     RIGID FRAME #1
     --------------
         No Warnings!
     
     RIGID FRAME #2
     --------------
         CONFLICT
           SPLICE
             WRN(RFD-001): Purlin\Girt Near Splice
     
     RIGID FRAME #3
     --------------
         CONFLICT
           SPLICE
             WRN(RFD-001): Purlin\Girt Near Splice
     
     RIGID FRAME #4
     --------------
         CONFLICT
           SPLICE
             WRN(RFD-001): Purlin\Girt Near Splice
     
     RIGID FRAME #5
     --------------
         No Warnings!
     
     CRANE SYSTEM
     ------------
         No Warnings!
     
     WIND FRAMING
     ------------
         No Warnings!
     
     BOM
     ---
       INPUT
       -----
             WRN(AB-105) : No anchor bolt record for diameter
               16.00
     
       OUTPUT
       ------
         COST
           BOM
             WRN(CST-01) : Incomplete cost information!
                 ------(150Z15  )
11-08-2025 12:29:34    StdOut.Out
    
      PROGRAM DETAILS:
         *WRN(DT-130 ): Detail block not found - D77
11-08-2025 12:58:01    Message.out
    ================================================================================
     C323-153-Final      Design Warning Summary                 11/AUG/2025 12:58pm
    ================================================================================
     
     LEFT ENDWALL
     ------------
         No Warnings!
     
     RIGHT ENDWALL
     -------------
         No Warnings!
     
     FRONT SIDEWALL
     --------------
         No Warnings!
     
     BACK SIDEWALL
     -------------
         No Warnings!
     
     ROOF
     ----
         WIND BENT
           Member
             WRN(WBM-413): Weld Size < Required
     
     EXTENSIONS
     ----------
         No Warnings!
     
     RIGID FRAME #1
     --------------
         No Warnings!
     
     RIGID FRAME #2
     --------------
         No Warnings!
     
     RIGID FRAME #3
     --------------
         No Warnings!
     
     RIGID FRAME #4
     --------------
         No Warnings!
     
     RIGID FRAME #5
     --------------
         No Warnings!
     
     CRANE SYSTEM
     ------------
         No Warnings!
11-08-2025 12:59:03    Message.out
    ================================================================================
     C323-153-Final      Detail Warning Summary                 11/AUG/2025 12:59pm
    ================================================================================
     
     ENDWALL
     -------
         No Warnings!
     
     EXTENSIONS
     ----------
         No Warnings!
     
     RIGID FRAME #1
     --------------
         No Warnings!
     
     RIGID FRAME #2
     --------------
         CONFLICT
           SPLICE
             WRN(RFD-001): Purlin\Girt Near Splice
     
     RIGID FRAME #3
     --------------
         CONFLICT
           SPLICE
             WRN(RFD-001): Purlin\Girt Near Splice
     
     RIGID FRAME #4
     --------------
         CONFLICT
           SPLICE
             WRN(RFD-001): Purlin\Girt Near Splice
     
     RIGID FRAME #5
     --------------
         No Warnings!
     
     CRANE SYSTEM
     ------------
         No Warnings!
     
     WIND FRAMING
     ------------
         No Warnings!
     
     BOM
     ---
       INPUT
       -----
             WRN(AB-105) : No anchor bolt record for diameter
               16.00
     
       OUTPUT
       ------
         COST
           BOM
             WRN(CST-01) : Incomplete cost information!
                 ------(150Z15  )
11-08-2025 13:00:35    StdOut.Out
    
      PROGRAM DETAILS:
         *WRN(DT-130 ): Detail block not found - D77
11-08-2025 13:05:06    Message.out
    ================================================================================
     C323-153-Final      Design Warning Summary                 11/AUG/2025  1:05pm
    ================================================================================
     
     LEFT ENDWALL
     ------------
         No Warnings!
     
     RIGHT ENDWALL
     -------------
         No Warnings!
     
     FRONT SIDEWALL
     --------------
         No Warnings!
     
     BACK SIDEWALL
     -------------
         No Warnings!
     
     ROOF
     ----
         WIND BENT
           Member
             WRN(WBM-413): Weld Size < Required
     
     EXTENSIONS
     ----------
         No Warnings!
     
     RIGID FRAME #1
     --------------
         No Warnings!
     
     RIGID FRAME #2
     --------------
         No Warnings!
     
     RIGID FRAME #3
     --------------
         No Warnings!
     
     RIGID FRAME #4
     --------------
         No Warnings!
     
     RIGID FRAME #5
     --------------
         No Warnings!
     
     CRANE SYSTEM
     ------------
         No Warnings!
11-08-2025 13:05:59    Message.out
    ================================================================================
     C323-153-Final      Detail Warning Summary                 11/AUG/2025  1:05pm
    ================================================================================
     
     ENDWALL
     -------
         No Warnings!
     
     EXTENSIONS
     ----------
         No Warnings!
     
     RIGID FRAME #1
     --------------
         No Warnings!
     
     RIGID FRAME #2
     --------------
         CONFLICT
           SPLICE
             WRN(RFD-001): Purlin\Girt Near Splice
     
     RIGID FRAME #3
     --------------
         CONFLICT
           SPLICE
             WRN(RFD-001): Purlin\Girt Near Splice
     
     RIGID FRAME #4
     --------------
         CONFLICT
           SPLICE
             WRN(RFD-001): Purlin\Girt Near Splice
     
     RIGID FRAME #5
     --------------
         No Warnings!
     
     CRANE SYSTEM
     ------------
         No Warnings!
     
     WIND FRAMING
     ------------
         No Warnings!
     
     BOM
     ---
       INPUT
       -----
             WRN(AB-105) : No anchor bolt record for diameter
               16.00
     
       OUTPUT
       ------
         COST
           BOM
             WRN(CST-01) : Incomplete cost information!
                 ------(150Z15  )
11-08-2025 13:07:32    StdOut.Out
    
      PROGRAM DETAILS:
         *WRN(DT-130 ): Detail block not found - D77
