08/07/2025|01:36:12:538 PM|WARNING: Running C:\MBS\EXE2\XDesCtrl.exe||
<NL>  (18)WALL GIRT LOCATION:
<NL>    Wall-1 :
<NL>     *WRN(WG-   ): Invalid interval girt #
<NL>
08/07/2025|01:36:36:152 PM|WARNING: Running C:\MBS\EXE2\XDesCtrl.exe||
<NL>  (18)WALL GIRT LOCATION:
<NL>    Wall-1 :
<NL>     *WRN(WG-   ): Invalid interval girt #
<NL>
08/07/2025|02:45:16:714 PM|Warnings Exist in Rigid Frames|Ignore errors?|*WRN(RG-006) Rigid Frame 2 load width of 606.0000 < 6067.5000
<NL>
08/07/2025|02:45:22:307 PM|Warnings Exist in Rigid Frames|Ignore errors?|*WRN(RG-006) Rigid Frame 3 load width of 606.0000 < 5922.5000
<NL>
08/07/2025|02:45:28:744 PM|Warnings Exist in Rigid Frames|Ignore errors?|*WRN(RG-006) Rigid Frame 4 load width of 606.0000 < 5905.0000
<NL>
08/07/2025|02:55:36:405 PM|RfDes-4.err||================================================================================
<NL> C323-153-Final      Program Warning Summary                 7/AUG/2025  2:55pm
<NL>================================================================================
<NL>
<NL> RIGID FRAME #4
<NL> --------------
<NL>     FRAME RAFTER
<NL>       End Plate
<NL>        *WRN(RFE-413): Weld Size < Required
<NL>
08/07/2025|03:04:11:767 PM|RoofDes.err||================================================================================
<NL> C323-153-Final      Program Warning Summary                 7/AUG/2025  3:04pm
<NL>================================================================================
<NL>
<NL> ROOF DESIGN
<NL> -----------
<NL>     WIND BENT
<NL>       Member
<NL>        *WRN(WBM-413): Weld Size < Required
<NL>
08/07/2025|03:35:23:026 PM|WARNING: Running C:\MBS\EXE2\XDtDwg.exe||
<NL>  PROGRAM DETAILS:
<NL>     *WRN(DT-130 ): Detail block not found - D77
<NL>
08/11/2025|12:29:34:971 PM|WARNING: Running C:\MBS\EXE2\XDtDwg.exe||
<NL>  PROGRAM DETAILS:
<NL>     *WRN(DT-130 ): Detail block not found - D77
<NL>
08/11/2025|01:00:35:827 PM|WARNING: Running C:\MBS\EXE2\XDtDwg.exe||
<NL>  PROGRAM DETAILS:
<NL>     *WRN(DT-130 ): Detail block not found - D77
<NL>
08/11/2025|01:07:32:811 PM|WARNING: Running C:\MBS\EXE2\XDtDwg.exe||
<NL>  PROGRAM DETAILS:
<NL>     *WRN(DT-130 ): Detail block not found - D77
<NL>
08/12/2025|05:04:05:480 PM|RoofDes.err||================================================================================<NL> C323-153-Final      Program Warning Summary                12/AUG/2025  5:04pm<NL>================================================================================<NL><NL> ROOF DESIGN<NL> -----------<NL>     WIND BENT<NL>       Member<NL>        *WRN(WBM-413): Weld Size < Required<NL>
