================================================================================
 C323-153-Final      PLATE SUMMARY REPORT                   11/AUG/2025  1:05pm
================================================================================

 ----------
 BAR STOCK:
 ----------
                                          Surface
   Width  Thickness    Length    Weight      Area
    (mm)     (mm)        (mm)      (kg)     (cm2)
   -----  ---------  --------   -------  --------
    60.0     6.00     15280.0      43.9     20170   
    70.0     6.00     35400.0     118.9     53808   
   125.0     5.00    210104.3    1049.4    546271   
   125.0     6.00     52115.4     312.7    136542   
   125.0     8.00     37310.7     298.5     99246   
   140.0     6.00     16800.0     112.9     49056   
   150.0     5.00    115873.3     688.8    359207   
   150.0     6.00    217804.6    1568.2    679550   
   150.0    10.00      4800.0      57.0     15360   
   200.0    16.00     63773.3    1630.2    275501   
   225.0     8.00     22064.0     317.7    102818   
   300.0     8.00      2100.0      39.6     12936   
                                -------  --------
                      Total =    6237.9   2350467 

 ----------------
 WEB PLATE STOCK:
 ----------------
                                   Surface
   Thickness    Area     Weight       Area
      (mm)     (cm2)       (kg)      (cm2)
   ---------  ------     ------   --------
      4.00    604865     1900.8    1209730   
      5.00    804825     3161.4    1609650   
                         ------   --------
      Total =            5062.1    2819381 

 -----------------
 MISC PLATE STOCK:
 -----------------
                                              Surface
   Width   Thickness    Length   Weight          Area
    (mm)      (mm)        (mm)     (kg)         (cm2)
   -----   ---------  --------   ------     ---------
     371      4.00       214.0      2.5          1588                 
      75      5.00     13125.0     39.3         19687                 
     120      5.00     14054.4     66.8         33731                 
     151      5.00      2460.0     14.6          7419                 
     230      5.00      1610.0     14.8          7406                 
     350      5.00     11032.0    154.4         77224                 
     555      5.00     11032.0    244.9        122445                 
     144      5.00      3363.5     19.1          9717                 
     196     10.00      1749.5     27.4          6851                 
     197     10.00      1764.0     27.8          6950                 
     197     10.00       294.0      4.6          1158                 
     196     10.00       291.6      4.6          1142                 
                                 ------     ---------
        Total =                   620.8        295318 

 ----------------------
 INDIVIDUAL WEB PLATES:
 ----------------------
                                   -----Width-----
             Thickness    Length     Wide   Narrow
   Quantity     (mm)        (mm)     (mm)     (mm)
   --------  ---------   -------   ------   ------
       1        4.00     1784.50   371.00   193.51   
       2        4.00     2224.50   415.00   193.51   
      10        4.00     3715.47   600.50   251.50   
       4        4.00     4000.00   300.00   300.00   
       4        4.00     4482.88   400.50   300.43   
       2        4.00     5052.83   552.75   552.75   
       2        4.00     5779.00   300.00   300.00   
      10        4.00     6543.36   450.00   250.49   
 
      10        5.00      799.01   600.50   520.60   
      10        5.00     3715.63   700.00   700.00   
       4        5.00     3917.63   700.00   700.00   
      14        5.00     4000.00   700.00   400.00   
       2        5.00     8798.00   400.00   400.00   

 -------
 PLATES:
 -------
                                   Surface
   Thick       Area     Weight        Area
    (mm)      (cm2)       (kg)       (cm2)
  ------    -------    -------   ---------
    4.00     605659     1903.2     1211318
    5.00    1396379     5453.5     2792758
    6.00     469563     2156.7      939126
    8.00     107500      655.8      215001
   10.00      15731      121.4       31461
   16.00     137750     1630.2      275501
                       -------   --------
                       11920.8     5465166

 -------------------
 HOT ROLLED MEMBERS:
 -------------------
                                    Total             Surface
                        Length     Length   Weight       Area
 Part       Quantity      (mm)       (mm)     (kg)      (cm2)
 ---------- --------  --------   --------   ------   --------
 T80x32         2       5685.0    11370.0     85.4      36384    
 T80x32         2       5695.0    11390.0     85.5      36448    
                                            ------   --------
                     Total =                 170.9      72832

 --------------------
 COLD FORMED MEMBERS:
 --------------------
              Flange            Total    Total     Surface   Blank
       Depth   Width  Thick    Length   Weight        Area   Width
 Type   (mm)    (mm)             (mm)     (kg)       (cm2)    (mm)
 ----  -----  ------  -----  --------  -------    --------  ------
   C  200.00   60.00  2.00     8960.0     48.6       61824  345.00    
   Z  150.00   60.00  1.50   720448.5   2500.0     4236230  294.00    
   Z  200.00   60.00  1.50   445551.1   1808.9     3074298  345.00    
   Z  200.00   60.00  1.80    15710.0     76.5      108399  345.00    
   Z  200.00   60.00  2.00    70379.9    381.5      485620  345.00    
   Z  200.00   60.00  2.50   165039.7   1117.3     1138772  345.00    
   Z  250.00   80.00  1.80    48949.9    310.8      439461  448.89    
                                       -------    --------
                 Cold Formed Total =    6243.6     9544603

 -------
 PANELS:
 -------
                                            Total     Total     Surface
                                  Width    Length    Weight        Area
  Part       Type  Thick  Color    (mm)      (mm)      (kg)       (cm2)
  --------   ----- -----  -----  ------  --------   -------    --------
  45250 .5   4525  0.50    A2    1000.0  738832.9    3539.0     7388329  
  45250 .5   4525  0.50    A3    1000.0  904878.4    4334.4     9048783  
                                                    -------    --------
                   Panel Total =                     7873.4    16437111

 -----
 TRIM:
 -----

                            Total    Total      Surface
                 Width     Length   Weight         Area
   Thick  Color   (mm)       (mm)     (kg)        (cm2)
   -----  -----  -----    -------   ------      -------
   0.40    --   501.65   179200.0    281.3      1795656    
   0.40    --   531.81      600.0      1.0         6385    
   0.40    --   601.66    78400.0    147.7       942914    
   0.40    --  1368.42    22400.0     96.0       612866    
   0.40    --  6381.75      100.0      2.0        12764    
   0.40    A3   301.63    28000.0     26.4       168537    
   0.40    A3  2279.65    42700.1    305.0      1947067    
   0.40    HA   301.63   140000.0    132.0       842685    
   0.40    HA   317.50   128800.0    128.3       819333    
   0.40    HA   400.05    16800.0     21.1       134641    
   0.50    HA   215.00       50.0      0.0          213    
   2.00    HA   152.40       50.0      0.1          153    
   2.00    HA   600.08     6000.0     56.5        71981    
                                    ------      -------
                Trim Total =        1197.5      7355196

 ------
 ANGLE:
 ------
                            Total    Total      Surface
                           Length   Weight         Area
  Part         Thick         (mm)     (kg)        (cm2)
  --------     -----      -------   ------      -------
  L100X8       8.00       11652.0    142.2        45237   
  L40X40X4     4.00       96400.9    233.3       148443   
  L75X100      2.00       54000.0    169.6       215943   
  L75X6        6.00       40227.5    275.6       116919   
  SROD12      12.00      240112.3    259.3        55015   
  SROD12      12.00      313748.8    152.9        32436   
                                    ------      -------
                Angle Total =       1232.7       613993

 --------
 BRACING:
 --------
                            Total    Total      Surface
                 Dia       Length   Weight         Area
  Part          (mm)         (mm)     (kg)        (cm2)
  --------     -----      -------   ------      -------
  ROD20        20.00     244960.0    604.1       153913   
                                    ------      -------
                Bracing Total =      604.1       153913

 -----
 BOLTS:
 -----
            Bolt       Dia   Length             Total
  Part      Type      (mm)     (mm)     Quan   Weight
  --------  -----    -----   ------   ------   ------
  AB20      A36      20.00   624.99      120    202.8   
  H12X50    Gr8.8    12.00    50.01      859     42.1   
  H16X70    Gr8.8    16.00    70.00       21      3.0   
  H20X90    Gr8.8    20.00    89.99      492    155.3   
  M12X50    Gr8.8    12.00    50.01     1074     56.6   

 ------
 SCREWS:
 ------
                   Length             Total
  Part      Color    (mm)     Quan   Weight
  --------  -----  ------   ------   ------
  12x20SDS    --    20.00      400      2.7                   No. 10-12X20 SDS
  12x20SDS    A2    20.00     1600     10.9                   No. 10-12X20 SDS
  12x20SDS    A3    20.00     2500     17.0                   No. 10-12X20 SDS
  12x20SDS    HA    20.00     1400      9.5                   No. 10-12X20 SDS
  14x20SDS    A2    20.00     3800     25.9                   No. 12-14x20 SDS
  14x55SDS    A3    55.00     3500     23.8                   No. 12-14x55 SDS
  Rivet       --    11.00      200      1.4                   Pop Rivet
  Rivet       A3    11.00      400      2.7                   Pop Rivet
  Rivet       HA    11.00      100      0.7                   Pop Rivet

 ------
 WELDS:
 ------

                         Web-Flange   -------Hand_Weld--------
                  Size      Fillet     Fillet   Groove    Butt
  Member Type     (mm)        (mm)       (mm)     (mm)    (mm)
  ------------   -----   ----------   -------  -------  ------
  Welded Plate    0.00           0       2560        0       0
                  3.00           0        571        0       0
                  4.00      593723     431020     1250   15805
                  5.00           0       4200        0       0
                  6.00           0      13177        0    3350
                  8.00           0       8400        0       0
