 
 
 
 
                               INFINITI SOLUTION
 
 
 
 
 
 
                    REACTIONS, ANCHOR BOLTS, & BASE PLATES
                                      FOR
 
 
 
 
 
 
 
                               Proposed Warehouse
                               Proposed Warehouse
 
                                 C323-153-Final
 
 
 
 
                                 BUILDING LAYOUT
                        Width              (mm)=  22470
                        Length             (mm)=  36285
                        Eave Height        (mm)=   8420/  8420
                        Roof Slope   (rise/100)= 10.00/10.00
 
                                 BUILDING LOADS
                        Roof Dead Load  (kN/m2)=  0.10
                        Wall Dead Load
                          Left  Endwall (kN/m2)=  0.10
                          Right Endwall (kN/m2)=  0.10
                          Front Sidewall(kN/m2)=  0.10
                          Back  Sidewall(kN/m2)=  0.10
                        Live Load       (kN/m2)=  0.57
                        Collateral Load (kN/m2)=  0.05
                        Wind Speed       (m/s )=  39.0
                        Wind Code              = MBMA10
                        Exposure               = B
                        Closure                = Enclosed
                        Internal Wind Coeff    = -0.18, +0.18
                        Risk Category          = -
                        Importance - Wind      =  1.00
                        Importance - Seismic   =  1.00
                        Seismic Design Category= B
                        Seismic Coeff (Sms)    =  0.16
                        Temperature Change     =   20
                        -------------------------------
                        Designer : VVJ
                        Detailer :
 
 
 
 
                                     11/AUG/2025



================================================================================
 C323-153-Final      Reactions, Anchor Bolts, & Base Plates:11/AUG/2025  1:05pm
================================================================================

 -----  -----   -----Foundation_Loads(kN)-----   ---------   -----------------
 Frame  Col      Max_Pos_Val     Max_Neg_Val     Anc._Bolt      Base_Plate 
 Line   Line    Id  Horz  Vert  Id  Horz  Vert   No.  Diam   Width   Len Thick
 -----  ------  -- ----- -----  -- ----- -----   --- -----   ----- ----- -----
 1      C       Moment connection, see below.     8   20.0   200.0 706.0  16.0 
 1      A       Moment connection, see below.     8   20.0   200.0 706.0  16.0 
 1      B       26  33.2 -19.5  27 -30.1 -15.5    4   20.0   200.0 450.0  16.0 
                 9   0.0  31.4   8   0.0 -14.8                                 
 -----  ------  -- ----- -----  -- ----- -----   --- -----   ----- ----- -----
 2*     C       Moment connection, see below.     8   20.0   200.0 706.0  16.0 
 2*     A       Moment connection, see below.     8   20.0   200.0 706.0  16.0 
 4      C       Moment connection, see below.     8   20.0   200.0 706.0  16.0 
 4      A       Moment connection, see below.     8   20.0   200.0 706.0  16.0 
 6      C       Moment connection, see below.     8   20.0   200.0 706.0  16.0 
 6      A       Moment connection, see below.     8   20.0   200.0 706.0  16.0 
 7      C       Moment connection, see below.     8   20.0   200.0 706.0  16.0 
 7      A       Moment connection, see below.     8   20.0   200.0 706.0  16.0 
 7      B       26  32.9 -22.5  27 -27.2 -31.0    4   20.0   200.0 450.0  16.0 
                 9   0.0  44.9  23   0.0 -27.3                                 
 -----  ------  -- ----- -----  -- ----- -----   --- -----   ----- ----- -----

 Rigid Frame Reactions Frame Lines :1  
 --------------------------------------------------

 Load  -----Left_Column------- -----Right_Column------
  Id   Fx(kN) Fy(kN) Mom(kN-m) Fx(kN) Fy(kN) Mom(kN-m)
 ----  ------ ------ --------- ------ ------ ---------
   1     13.5   21.0     -53.6    2.0   57.6     -40.8
   2    -11.3   -6.6      24.9   -4.1    1.1      14.4
   3     10.9   66.5     -11.3   -3.1   24.6       6.3
   4     -9.2  -10.7      22.7   -6.3   -3.1      16.6
   5      4.1    1.1     -14.4   11.3   -6.6     -24.9
   6     -2.0   57.6      40.8  -13.5   21.0      53.6
   7      3.1   24.6      -6.3  -10.9   66.5      11.3
   8      6.3   -3.1     -16.6    9.2  -10.7     -22.8
   9      4.0   17.9      -6.8   -4.0   17.9       6.9
  11      3.4   -9.0      -5.6   -3.1   -6.2       0.4
  13      3.1   -6.2      -0.4   -3.4   -9.0       5.6
  28      1.1    7.1      -1.8   -1.1    7.1       1.8
  29      1.1    7.1      -1.8   -1.1    7.1       1.8
  30      1.1    7.1      -1.8   -1.1    7.1       1.8
  31      1.1    7.1      -1.8   -1.1    7.1       1.8
  32      0.8    6.1      -1.3   -0.8    6.1       1.3
  33      1.1    7.1      -1.8   -1.1    7.1       1.8
  34      1.1    7.1      -1.8   -1.1    7.1       1.8
  35      1.1    7.1      -1.8   -1.1    7.1       1.8
  36     -4.0    4.4      12.1   -7.6   10.2      17.4
  37      7.6   10.2     -17.4    4.0    4.4     -12.1
  38     -5.6    7.5      13.7   -6.0   13.3      15.8
  39      6.0   13.3     -15.8    5.6    7.5     -13.7
  40      5.5    5.7      -9.2   -5.2    7.8       5.3
  41      5.2    7.8      -5.3   -5.5    5.7       9.2
  42      3.9    8.8      -7.5   -3.6   10.9       3.7
  43      3.6   11.0      -3.7   -3.9    8.8       7.5
  44     -6.2   -3.7      15.9   -5.4    2.0      13.6
  45     -6.2   -3.7      15.9   -5.4    2.0      13.6
  46     -6.2   -3.7      15.9   -5.4    2.0      13.6
  47      5.4    2.0     -13.6    6.2   -3.7     -15.9
  48      5.4    2.0     -13.6    6.2   -3.7     -15.9
  49      5.4    2.0     -13.6    6.2   -3.7     -15.9
  50     -7.8   -0.6      17.5   -3.8    5.1      12.0
  51     -7.8   -0.6      17.5   -3.8    5.1      12.0
  52     -7.8   -0.6      17.5   -3.8    5.1      12.0
  53      3.8    5.1     -12.0    7.8   -0.6     -17.5
  54      3.8    5.1     -12.0    7.8   -0.6     -17.5
  55      3.8    5.1     -12.0    7.8   -0.6     -17.5
  56      2.4    1.4      -3.9   -2.3    2.6       1.6
  57      2.3    2.6      -1.6   -2.4    1.4       3.9
  58      2.4    1.4      -3.9   -2.3    2.6       1.6
  59      2.3    2.6      -1.6   -2.4    1.4       3.9
  60      2.4    1.4      -3.9   -2.3    2.6       1.6
  61      2.3    2.6      -1.6   -2.4    1.4       3.9
  62      1.5    3.2      -2.9   -1.3    4.5       0.6
  63      1.3    4.5      -0.6   -1.5    3.2       2.9
  64      1.5    3.2      -2.9   -1.3    4.5       0.6
  65      1.3    4.5      -0.6   -1.5    3.2       2.9
  66      1.5    3.2      -2.9   -1.3    4.5       0.6
  67      1.3    4.5      -0.6   -1.5    3.2       2.9
  68      1.3   -4.9      -3.4   -1.0   -2.0      -1.8
  69      1.0   -2.0       1.7   -1.3   -4.9       3.4
  70      0.4    7.0       2.9   -1.8    7.3       6.5
  71      1.8    7.3      -6.5   -0.4    7.0      -2.9
  72      2.7   15.2      -2.1   -3.8   15.4       9.1
  73      3.8   15.4      -9.0   -2.7   15.2       2.1
  74      0.6    7.1       1.7   -1.6    7.2       5.3
  75      1.6    7.2      -5.3   -0.6    7.1      -1.7
  76     -0.2    3.5       3.9   -1.2    3.7       5.4
  77      1.2    3.7      -5.4    0.2    3.5      -3.9
  78      1.1    7.1      -1.8   -1.1    7.1       1.8
  79      3.3   15.3      -5.6   -3.3   15.3       5.6
  80      1.1    7.1      -1.8   -1.1    7.1       1.8
  81      0.5    3.6      -0.8   -0.5    3.6       0.8
  82      3.1   65.8      28.6  -10.9   25.3      46.1
  83     10.9   25.3     -46.1   -3.1   65.8     -28.6
  84     -3.1   59.7      41.9  -12.4   23.1      52.5
  85     13.5   62.2     -18.7    2.0   16.4      -5.9
  86     12.4   64.3     -17.6    3.1   18.5      -7.0
  87     -2.0   16.4       5.9  -13.5   62.2      18.7
  88     -3.1   18.5       7.0  -12.4   64.3      17.6
  89     12.4   23.1     -52.5    3.1   59.7     -41.9
  90      2.5   19.2       7.5   -2.5    5.9      16.1
  91      2.5    5.9     -16.1   -2.5   19.1      -7.4
  92      1.6    6.5      -5.9   -1.6    6.5       6.0
  93      0.1    5.8       3.3   -0.1    5.8      -3.3
  94      3.8   15.5      -9.0   -3.8   15.5       9.1
  95      2.7   15.0      -2.1   -2.7   15.0       2.1
  96      1.7    7.3      -5.2   -1.7    7.3       5.2
  97      1.7    7.3      -5.2   -1.7    7.3       5.2
  98      1.7    7.3      -5.2   -1.7    7.3       5.2
  99      0.5    6.8       1.7   -0.5    6.8      -1.7
 100      0.5    6.8       1.7   -0.5    6.8      -1.7
 101      0.5    6.8       1.7   -0.5    6.8      -1.7

 Rigid Frame Reactions Frame Lines :2  3  5  
 --------------------------------------------------

 Load  -----Left_Column------- -----Right_Column------
  Id   Fx(kN) Fy(kN) Mom(kN-m) Fx(kN) Fy(kN) Mom(kN-m)
 ----  ------ ------ --------- ------ ------ ---------
   2    -24.3  -10.6      57.0   -3.5   -1.3      19.9
   4    -23.3  -24.2      63.0   -4.5  -15.0      13.8
   5      3.5   -1.3     -19.9   24.3  -10.6     -57.0
   8      4.5  -15.0     -13.9   23.3  -24.2     -63.1
   9     30.6   54.7     -70.3  -30.6   54.7      70.6
  10     17.5   78.4     -26.7   -9.5   35.4      20.9
  11     -5.5  -47.3      18.5    6.1  -42.1     -27.9
  12      9.5   35.4     -20.8  -17.5   78.4      26.8
  13     -6.1  -42.1      27.7    5.5  -47.3     -18.6
  28      7.6   15.8     -17.4   -7.6   15.8      17.4
  29      7.6   15.8     -17.4   -7.6   15.8      17.4
  30      7.6   15.8     -17.4   -7.6   15.8      17.4
  31      7.6   15.8     -17.4   -7.6   15.8      17.4
  32      5.6   12.4     -12.7   -5.6   12.3      12.7
  33      7.6   15.8     -17.4   -7.6   15.8      17.4
  34      7.6   15.8     -17.4   -7.6   15.8      17.4
  35      7.6   15.8     -17.4   -7.6   15.8      17.4
  36      4.9   21.2      -4.1  -25.7   28.2      62.0
  37     25.7   28.2     -61.8   -4.9   21.2       4.2
  38      4.2   31.4      -8.7  -25.0   38.4      66.5
  39     25.0   38.4     -66.4   -4.2   31.4       8.8
  40     18.2    3.9     -37.5  -17.8    7.8      30.7
  41     17.8    7.8     -30.6  -18.2    3.9      37.6
  42     19.6   14.1     -44.9  -19.1   18.0      38.1
  43     19.1   18.0     -38.0  -19.6   14.1      45.0
  44    -12.3   -7.9      35.6   -8.5   -1.0      22.1
  45    -12.3   -7.9      35.6   -8.5   -1.0      22.1
  46    -12.3   -7.9      35.6   -8.5   -1.0      22.1
  47      8.5   -1.0     -22.1   12.3   -7.9     -35.7
  48      8.5   -1.0     -22.1   12.3   -7.9     -35.7
  49      8.5   -1.0     -22.1   12.3   -7.9     -35.7
  50    -13.1    2.3      31.1   -7.7    9.2      26.6
  51    -13.1    2.3      31.1   -7.7    9.2      26.6
  52    -13.1    2.3      31.1   -7.7    9.2      26.6
  53      7.7    9.2     -26.6   13.1    2.3     -31.1
  54      7.7    9.2     -26.6   13.1    2.3     -31.1
  55      7.7    9.2     -26.6   13.1    2.3     -31.1
  56      3.6   -8.8      -5.6   -3.4   -6.5       1.4
  57      3.4   -6.5      -1.4   -3.6   -8.8       5.6
  58      3.6   -8.8      -5.6   -3.4   -6.5       1.4
  59      3.4   -6.5      -1.4   -3.6   -8.8       5.6
  60      3.6   -8.8      -5.6   -3.4   -6.5       1.4
  61      3.4   -6.5      -1.4   -3.6   -8.8       5.6
  62      4.4   -2.7     -10.0   -4.2   -0.4       5.9
  63      4.2   -0.4      -5.9   -4.4   -2.7      10.1
  64      4.4   -2.7     -10.0   -4.2   -0.4       5.9
  65      4.2   -0.4      -5.9   -4.4   -2.7      10.1
  66      4.4   -2.7     -10.0   -4.2   -0.4       5.9
  67      4.2   -0.4      -5.9   -4.4   -2.7      10.1
  68     -3.7  -33.7       8.7    4.3  -28.5     -18.0
  69     -4.3  -28.5      17.9    3.7  -33.7      -8.7
  70      6.8   15.8     -12.4   -8.5   16.1      22.7
  71      8.5   16.1     -22.7   -6.8   15.8      12.5
  72     24.3   45.0     -53.5  -25.6   45.2      61.3
  73     25.6   45.2     -61.1  -24.3   45.0      53.7
  74      7.1   15.8     -13.7   -8.3   16.1      21.4
  75      8.3   16.1     -21.4   -7.1   15.8      13.8
  76      2.4    7.1      -2.3   -4.1    7.4      12.7
  77      4.1    7.4     -12.6   -2.4    7.1       2.4
  78      7.7   14.5     -17.5   -7.7   14.5      17.6
  79     24.9   44.1     -57.3  -24.9   44.0      57.5
  80      7.7   14.9     -17.5   -7.7   14.9      17.6
  81      3.3    5.9      -7.5   -3.3    5.9       7.5
  92      6.1   12.4     -16.5   -6.1   12.3      16.5
  93      5.1   12.4      -8.9   -5.1   12.3       9.0
  94     25.2   45.0     -59.9  -25.2   44.9      60.2
  95     24.5   45.0     -54.3  -24.5   44.9      54.5
  96      8.0   15.8     -20.2   -8.0   15.8      20.3
  97      8.0   15.8     -20.2   -8.0   15.8      20.3
  98      8.0   15.8     -20.2   -8.0   15.8      20.3
  99      7.3   15.8     -14.5   -7.3   15.8      14.6
 100      7.3   15.8     -14.5   -7.3   15.8      14.6
 101      7.3   15.8     -14.5   -7.3   15.8      14.6
 102      9.5   77.4      12.1  -17.5   36.4      59.8
 103     17.5   36.4     -59.7   -9.5   77.4     -12.1
 104     -5.8   58.1      52.1  -16.0   21.8      58.2
 105     -6.3   65.0      49.1  -15.5   28.6      61.2
 106     16.0   63.8     -25.2    5.8   16.2     -19.2
 107     15.5   70.6     -28.2    6.3   23.0     -16.1
 108     -5.8   16.2      19.1  -16.0   63.8      25.2
 109     -6.3   23.0      16.1  -15.5   70.6      28.2
 110     16.0   21.8     -58.2    5.8   58.2     -52.2
 111     15.5   28.6     -61.2    6.3   65.0     -49.1

 Rigid Frame Reactions Frame Lines :4  
 --------------------------------------------------

 Load  -----Left_Column------- -----Right_Column------
  Id   Fx(kN) Fy(kN) Mom(kN-m) Fx(kN) Fy(kN) Mom(kN-m)
 ----  ------ ------ --------- ------ ------ ---------
   2    -23.7  -10.3      55.6   -3.4   -1.2      19.5
   4    -22.7  -23.6      61.5   -4.4  -14.5      13.5
   5      3.4   -1.2     -19.5   23.7  -10.3     -55.6
   8      4.4  -14.5     -13.6   22.7  -23.6     -61.6
   9     29.9   53.5     -68.7  -29.9   53.5      69.0
  11     -5.0  -26.1      20.5    5.2  -24.9     -22.8
  13     -5.2  -24.9      22.7    5.0  -26.1     -20.6
  14     17.3   78.0     -26.4   -9.4   35.1      20.6
  16      9.4   35.1     -20.5  -17.3   78.0      26.4
  28      7.5   15.5     -17.0   -7.5   15.5      17.1
  29      7.5   15.5     -17.0   -7.5   15.5      17.1
  30      7.5   15.5     -17.0   -7.5   15.5      17.1
  31      7.5   15.5     -17.0   -7.5   15.5      17.1
  32      5.5   12.2     -12.5   -5.5   12.2      12.5
  33      7.5   15.5     -17.0   -7.5   15.5      17.1
  34      7.5   15.5     -17.0   -7.5   15.5      17.1
  35      7.5   15.5     -17.0   -7.5   15.5      17.1
  36      4.8   20.9      -4.1  -25.1   27.6      60.6
  37     25.1   27.6     -60.4   -4.8   20.8       4.2
  38      4.1   30.8      -8.5  -24.4   37.6      65.0
  39     24.4   37.6     -64.8   -4.1   30.8       8.7
  40     18.1   18.9     -34.9  -18.0   19.9      33.3
  41     18.0   19.9     -33.2  -18.1   18.9      35.0
  42     22.0   31.9     -49.5  -21.7   34.5      45.0
  43     21.7   34.5     -44.8  -22.0   31.9      49.7
  44    -12.0   -7.6      34.7   -8.3   -0.8      21.6
  45    -12.0   -7.6      34.7   -8.3   -0.8      21.6
  46    -12.0   -7.6      34.7   -8.3   -0.8      21.6
  47      8.3   -0.8     -21.6   12.0   -7.6     -34.7
  48      8.3   -0.8     -21.6   12.0   -7.6     -34.7
  49      8.3   -0.8     -21.6   12.0   -7.6     -34.7
  50    -12.7    2.3      30.3   -7.6    9.1      26.1
  51    -12.7    2.3      30.3   -7.6    9.1      26.1
  52    -12.7    2.3      30.3   -7.6    9.1      26.1
  53      7.6    9.1     -26.1   12.7    2.3     -30.3
  54      7.6    9.1     -26.1   12.7    2.3     -30.3
  55      7.6    9.1     -26.1   12.7    2.3     -30.3
  56      3.7    0.5      -4.4   -3.7    1.1       3.4
  57      3.7    1.1      -3.4   -3.7    0.5       4.4
  58      3.7    0.5      -4.4   -3.7    1.1       3.4
  59      3.7    1.1      -3.4   -3.7    0.5       4.4
  60      3.7    0.5      -4.4   -3.7    1.1       3.4
  61      3.7    1.1      -3.4   -3.7    0.5       4.4
  62      6.1    8.2     -13.2   -5.9    9.8      10.5
  63      5.9    9.8     -10.4   -6.1    8.2      13.3
  64      6.1    8.2     -13.2   -5.9    9.8      10.5
  65      5.9    9.8     -10.4   -6.1    8.2      13.3
  66      6.1    8.2     -13.2   -5.9    9.8      10.5
  67      5.9    9.8     -10.4   -6.1    8.2      13.3
  68      0.2   -8.9       1.0    0.2   -5.4      -7.2
  69     -0.2   -5.4       7.2   -0.2   -8.9      -1.0
  70      6.7   15.5     -12.1   -8.4   15.8      22.4
  71      8.4   15.9     -22.3   -6.7   15.5      12.2
  72     23.8   44.1     -52.2  -25.0   44.3      60.0
  73     25.0   44.3     -59.8  -23.8   44.0      52.4
  74      6.9   15.6     -13.4   -8.2   15.8      21.1
  75      8.2   15.8     -21.0   -6.9   15.6      13.5
  76      2.4    7.0      -2.3   -4.1    7.3      12.5
  77      4.1    7.3     -12.5   -2.4    7.0       2.3
  78      7.5   15.7     -17.2   -7.5   15.7      17.3
  79     24.4   44.2     -56.0  -24.4   44.2      56.2
  80      7.5   15.7     -17.2   -7.5   15.7      17.3
  81      3.2    7.2      -7.4   -3.2    7.2       7.4
  92      6.0   12.2     -16.2   -6.0   12.2      16.3
  93      5.0   12.2      -8.7   -5.0   12.2       8.7
  94     24.7   44.0     -58.6  -24.7   44.0      58.9
  95     23.9   44.0     -53.0  -23.9   44.0      53.2
  96      7.8   15.5     -19.9   -7.8   15.5      19.9
  97      7.8   15.5     -19.9   -7.8   15.5      19.9
  98      7.8   15.5     -19.9   -7.8   15.5      19.9
  99      7.1   15.5     -14.2   -7.1   15.5      14.3
 100      7.1   15.5     -14.2   -7.1   15.5      14.3
 101      7.1   15.5     -14.2   -7.1   15.5      14.3
 112      9.4   77.1      12.5  -17.3   36.1      59.4
 113     17.3   36.1     -59.3   -9.4   77.1     -12.4
 114     -5.6   58.3      51.5  -15.9   21.8      57.8
 115     -6.1   64.9      48.6  -15.4   28.4      60.8
 116     15.9   63.8     -24.9    5.6   16.3     -18.6
 117     15.4   70.4     -27.8    6.1   22.9     -15.6
 118     -5.6   16.3      18.5  -15.9   63.8      24.9
 119     -6.1   22.9      15.6  -15.4   70.4      27.8
 120     15.9   21.8     -57.9    5.6   58.3     -51.6
 121     15.4   28.4     -60.8    6.1   64.9     -48.6

 Rigid Frame Reactions Frame Lines :6  
 --------------------------------------------------

 Load  -----Left_Column------- -----Right_Column------
  Id   Fx(kN) Fy(kN) Mom(kN-m) Fx(kN) Fy(kN) Mom(kN-m)
 ----  ------ ------ --------- ------ ------ ---------
   2    -28.4  -22.6      61.8    1.1   -8.6       2.2
   4    -30.1  -35.9      71.3    2.8  -21.9      -7.4
   5     -1.1   -8.7      -2.3   28.4  -22.6     -61.9
   8     -2.8  -21.9       7.2   30.1  -35.9     -71.5
   9     29.8   53.4     -68.5  -29.8   53.3      68.8
  11     -5.3  -46.3      18.0    5.9  -41.3     -27.1
  13     -5.9  -41.3      26.9    5.3  -46.3     -18.1
  17     17.2   77.4     -26.3   -9.3   34.8      20.5
  18      9.3   34.8     -20.4  -17.2   77.4      26.3
  28      7.4   15.5     -17.0   -7.4   15.5      17.1
  29      7.4   15.5     -17.0   -7.4   15.5      17.1
  30      7.4   15.5     -17.0   -7.4   15.5      17.1
  31      7.4   15.5     -17.0   -7.4   15.5      17.1
  32      5.5   12.2     -12.4   -5.5   12.2      12.5
  33      7.4   15.5     -17.0   -7.4   15.5      17.1
  34      7.4   15.5     -17.0   -7.4   15.5      17.1
  35      7.4   15.5     -17.0   -7.4   15.5      17.1
  36     -0.8   11.5       3.4  -19.7   22.0      44.7
  37     19.7   22.0     -44.6    0.8   11.5      -3.4
  38      0.5   21.4      -3.7  -21.0   31.9      51.9
  39     21.0   31.9     -51.8   -0.5   21.4       3.9
  40     17.8    3.7     -36.6  -17.4    7.4      30.0
  41     17.4    7.4     -29.9  -17.8    3.7      36.7
  42     19.1   13.6     -43.8  -18.7   17.4      37.2
  43     18.7   17.4     -37.0  -19.1   13.6      43.9
  44    -17.6  -16.9      42.1   -2.9   -6.4       5.9
  45    -17.6  -16.9      42.1   -2.9   -6.4       5.9
  46    -17.6  -16.9      42.1   -2.9   -6.4       5.9
  47      2.9   -6.4      -6.0   17.6  -16.9     -42.2
  48      2.9   -6.4      -6.0   17.6  -16.9     -42.2
  49      2.9   -6.4      -6.0   17.6  -16.9     -42.2
  50    -16.3   -7.0      34.9   -4.2    3.5      13.1
  51    -16.3   -7.0      34.9   -4.2    3.5      13.1
  52    -16.3   -7.0      34.9   -4.2    3.5      13.1
  53      4.2    3.5     -13.1   16.3   -7.0     -35.0
  54      4.2    3.5     -13.1   16.3   -7.0     -35.0
  55      4.2    3.5     -13.1   16.3   -7.0     -35.0
  56      3.6   -8.6      -5.5   -3.3   -6.4       1.5
  57      3.3   -6.4      -1.5   -3.6   -8.6       5.5
  58      3.6   -8.6      -5.5   -3.3   -6.4       1.5
  59      3.3   -6.4      -1.5   -3.6   -8.6       5.5
  60      3.6   -8.6      -5.5   -3.3   -6.4       1.5
  61      3.3   -6.4      -1.5   -3.6   -8.6       5.5
  62      4.4   -2.7      -9.8   -4.1   -0.4       5.8
  63      4.1   -0.4      -5.8   -4.4   -2.7       9.9
  64      4.4   -2.7      -9.8   -4.1   -0.4       5.8
  65      4.1   -0.4      -5.8   -4.4   -2.7       9.9
  66      4.4   -2.7      -9.8   -4.1   -0.4       5.8
  67      4.1   -0.4      -5.8   -4.4   -2.7       9.9
  68     -3.6  -33.1       8.4    4.1  -28.1     -17.4
  69     -4.1  -28.1      17.4    3.6  -33.1      -8.5
  70      6.7   15.5     -12.1   -8.4   15.8      22.3
  71      8.4   15.8     -22.2   -6.7   15.5      12.2
  72     23.7   43.9     -52.1  -24.9   44.2      59.8
  73     24.9   44.2     -59.6  -23.7   43.9      52.3
  74      6.9   15.5     -13.4   -8.1   15.8      21.0
  75      8.1   15.8     -20.9   -6.9   15.5      13.5
  76      2.4    7.0      -2.3   -4.1    7.3      12.4
  77      4.1    7.3     -12.4   -2.4    7.0       2.3
  78      7.5   14.2     -17.2   -7.5   14.2      17.2
  79     24.3   43.0     -55.8  -24.3   43.0      56.0
  80      7.5   14.6     -17.2   -7.5   14.6      17.2
  81      3.2    5.8      -7.3   -3.2    5.8       7.4
  92      6.0   12.2     -16.2   -6.0   12.2      16.3
  93      5.0   12.2      -8.7   -5.0   12.2       8.7
  94     24.6   43.9     -58.5  -24.6   43.9      58.7
  95     23.9   43.9     -52.8  -23.9   43.9      53.1
  96      7.8   15.5     -19.8   -7.8   15.5      19.9
  97      7.8   15.5     -19.8   -7.8   15.5      19.9
  98      7.8   15.5     -19.8   -7.8   15.5      19.9
  99      7.1   15.5     -14.2   -7.1   15.5      14.2
 100      7.1   15.5     -14.2   -7.1   15.5      14.2
 101      7.1   15.5     -14.2   -7.1   15.5      14.2
 122      9.3   76.4      12.3  -17.2   35.8      59.0
 123     17.2   35.8     -59.0   -9.3   76.4     -12.3
 124     -9.3   51.5      56.2  -12.2   17.9      47.0
 125     -8.5   58.1      51.5  -13.1   24.5      51.8
 126     12.2   59.5     -14.4    9.3    9.9     -23.6
 127     13.1   66.1     -19.1    8.5   16.5     -18.8
 128     -9.3    9.9      23.6  -12.2   59.5      14.3
 129     -8.5   16.5      18.8  -13.1   66.1      19.1
 130     12.2   17.8     -47.1    9.3   51.5     -56.3
 131     13.1   24.5     -51.8    8.5   58.1     -51.5

 Rigid Frame Reactions Frame Lines :7  
 --------------------------------------------------

 Load  -----Left_Column------- -----Right_Column------
  Id   Fx(kN) Fy(kN) Mom(kN-m) Fx(kN) Fy(kN) Mom(kN-m)
 ----  ------ ------ --------- ------ ------ ---------
   2    -11.4   -6.0      25.5   -4.2    1.7      14.9
   4     -9.3  -10.1      23.3   -6.3   -2.5      17.1
   5      4.2    1.7     -14.9   11.4   -6.0     -25.5
   8      6.3   -2.5     -17.1    9.3  -10.1     -23.3
   9      4.0   24.8      -6.5   -4.0   24.7       6.5
  11      3.4  -16.8      -6.0   -3.1  -14.0       0.8
  13      3.1  -14.0      -0.8   -3.4  -16.8       5.9
  19     13.6   22.1     -54.0    2.0   58.8     -41.2
  20     10.9   67.8     -11.3   -3.1   25.6       6.2
  21     -2.0   58.8      41.2  -13.6   22.1      54.0
  22      3.1   25.6      -6.2  -10.9   67.8      11.3
  28      1.1    8.1      -1.7   -1.1    8.1       1.7
  29      1.1    8.1      -1.7   -1.1    8.1       1.7
  30      1.1    8.1      -1.7   -1.1    8.1       1.7
  31      1.1    8.1      -1.7   -1.1    8.1       1.7
  32      0.9    7.1      -1.3   -0.9    7.1       1.3
  33      1.1    8.1      -1.7   -1.1    8.1       1.7
  34      1.1    8.1      -1.7   -1.1    8.1       1.7
  35      1.1    8.1      -1.7   -1.1    8.1       1.7
  36     -4.1    9.8      12.7   -7.7   15.5      17.6
  37      7.7   15.5     -17.6    4.0    9.8     -12.7
  38     -5.6   12.9      14.4   -6.1   18.7      16.0
  39      6.1   18.7     -15.9    5.6   12.9     -14.4
  40      5.5    4.8      -9.2   -5.2    6.9       5.3
  41      5.2    6.9      -5.3   -5.5    4.8       9.2
  42      3.9   12.6      -7.3   -3.7   14.7       3.5
  43      3.7   14.7      -3.5   -3.9   12.6       7.4
  44     -6.2   -2.7      16.3   -5.5    3.0      14.0
  45     -6.2   -2.7      16.3   -5.5    3.0      14.0
  46     -6.2   -2.7      16.3   -5.5    3.0      14.0
  47      5.5    3.0     -14.0    6.2   -2.7     -16.3
  48      5.5    3.0     -14.0    6.2   -2.7     -16.3
  49      5.5    3.0     -14.0    6.2   -2.7     -16.3
  50     -7.8    0.4      18.0   -3.9    6.2      12.3
  51     -7.8    0.4      18.0   -3.9    6.2      12.3
  52     -7.8    0.4      18.0   -3.9    6.2      12.3
  53      3.9    6.2     -12.4    7.8    0.4     -18.0
  54      3.9    6.2     -12.4    7.8    0.4     -18.0
  55      3.9    6.2     -12.4    7.8    0.4     -18.0
  56      2.4   -1.4      -4.1   -2.3   -0.1       1.7
  57      2.3   -0.1      -1.7   -2.4   -1.4       4.1
  58      2.4   -1.4      -4.1   -2.3   -0.1       1.7
  59      2.3   -0.1      -1.7   -2.4   -1.4       4.1
  60      2.4   -1.4      -4.1   -2.3   -0.1       1.7
  61      2.3   -0.1      -1.7   -2.4   -1.4       4.1
  62      1.5    3.3      -2.9   -1.3    4.6       0.6
  63      1.3    4.6      -0.6   -1.5    3.3       2.9
  64      1.5    3.3      -2.9   -1.3    4.6       0.6
  65      1.3    4.6      -0.6   -1.5    3.3       2.9
  66      1.5    3.3      -2.9   -1.3    4.6       0.6
  67      1.3    4.6      -0.6   -1.5    3.3       2.9
  68      1.3   -6.4      -3.5   -1.0   -3.5      -1.7
  69      1.0   -3.5       1.7   -1.3   -6.4       3.5
  70      0.4    8.1       3.2   -1.9    8.3       6.7
  71      1.9    8.3      -6.7   -0.4    8.1      -3.2
  72      2.7   20.6      -1.6   -3.9   20.8       9.0
  73      3.9   20.8      -9.0   -2.7   20.6       1.7
  74      0.5    8.1       1.9   -1.7    8.3       5.4
  75      1.7    8.3      -5.4   -0.5    8.1      -1.9
  76     -0.3    4.1       4.2   -1.3    4.3       5.7
  77      1.3    4.3      -5.7    0.3    4.1      -4.2
  78      1.1    8.2      -1.7   -1.1    8.2       1.7
  79      3.3   20.7      -5.3   -3.3   20.7       5.3
  80      1.1    8.2      -1.7   -1.1    8.2       1.7
  81      0.5    4.2      -0.7   -0.5    4.2       0.8
  92      1.6    7.5      -5.9   -1.6    7.5       5.9
  93      0.1    6.8       3.4   -0.1    6.8      -3.4
  94      3.9   20.8      -8.8   -3.9   20.8       8.8
  95      2.7   20.3      -1.8   -2.7   20.3       1.9
  96      1.7    8.4      -5.2   -1.7    8.4       5.2
  97      1.7    8.4      -5.2   -1.7    8.4       5.2
  98      1.7    8.4      -5.2   -1.7    8.4       5.2
  99      0.5    7.8       1.8   -0.5    7.8      -1.7
 100      0.5    7.8       1.8   -0.5    7.8      -1.7
 101      0.5    7.8       1.8   -0.5    7.8      -1.7
 132      3.1   67.0      28.8  -10.9   26.4      46.3
 133     10.9   26.4     -46.3   -3.1   67.0     -28.7
 134     -3.1   60.9      42.3  -12.5   24.2      52.9
 135     13.6   63.4     -19.0    2.0   17.5      -6.2
 136     12.5   65.5     -17.9    3.1   19.6      -7.3
 137     -2.0   17.5       6.2  -13.6   63.4      19.0
 138     -3.1   19.6       7.3  -12.5   65.5      17.9
 139     12.5   24.2     -52.9    3.1   60.9     -42.3
 140      2.5   20.2       7.5   -2.5    6.9      16.0
 141      2.5    6.9     -16.0   -2.5   20.2      -7.5


 -----------------------------------------------------------------------------
 2*   Frame Lines:2 3 5  

 LOAD COMBINATIONS:
 ------------------
     Id   Combination
   ----   ------------------------------
      1   Dead+Wind_Right1/2+F1CRANEA4
      2   0.6Dead+Wind_Left2
      3   Dead+Collateral+F1CRANEA2
      4   0.6Dead+Wind_Left1
      5   0.6Dead+Wind_Right2
      6   Dead+Wind_Left1/2+F1CRANEA1
      7   Dead+Collateral+F1CRANEA3
      8   0.6Dead+Wind_Right1
      9   Dead+Collateral+Live
     10   Dead+Collateral+F2CRANEA2
     11   0.6Dead+Wind_Long1L+LWIND1_L2E
     12   Dead+Collateral+F2CRANEA3
     13   0.6Dead+Wind_Long1L+LWIND1_R2E
     14   Dead+Collateral+F3CRANEA2
     15   0.6Dead+Wind_Long1R+LWIND1_L2E
     16   Dead+Collateral+F3CRANEA3
     17   Dead+Collateral+F4CRANEA2
     18   Dead+Collateral+F4CRANEA3
     19   Dead+Wind_Right1/2+F5CRANEA4
     20   Dead+Collateral+F5CRANEA2
     21   Dead+Wind_Left1/2+F5CRANEA1
     22   Dead+Collateral+F5CRANEA3
     23   0.6Dead+Wind_Long1R+LWIND1_R2E
     24   0.6Dead+Wind_Right2+Wind_Suction
     25   0.6Dead+Wind_Pressure+Wind_Long2L
     26   0.6Dead+Wind_Right1+Wind_Suction
     27   0.6Dead+Wind_Pressure+Wind_Long1L
     28   Dead+Collateral+Floor_Live
     29   Dead+Collateral+Snow
     30   Dead+Collateral+Snow+Snow_Drift
     31   Dead+Collateral+Snow+Slide_Snow
     32   Dead
     33   Dead+Collateral+0.75Snow+0.75Floor_Live
     34   Dead+Collateral+0.75Snow+0.75Snow_Drift+0.75Floor_Live
     35   Dead+Collateral+0.75Snow+0.75Slide_Snow+0.75Floor_Live
     36   Dead+Collateral+0.75Live+0.75Wind_Left1+0.75Floor_Live
     37   Dead+Collateral+0.75Live+0.75Wind_Right1+0.75Floor_Live
     38   Dead+Collateral+0.75Live+0.75Wind_Left2+0.75Floor_Live
     39   Dead+Collateral+0.75Live+0.75Wind_Right2+0.75Floor_Live
     40   Dead+Collateral+0.75Live+0.75Wind_Long1L+0.75Floor_Live+0.75LWIND1_L2E
     41   Dead+Collateral+0.75Live+0.75Wind_Long1L+0.75Floor_Live+0.75LWIND1_R2E
     42   Dead+Collateral+0.75Live+0.75Wind_Long2L+0.75Floor_Live+0.75LWIND2_L2E
     43   Dead+Collateral+0.75Live+0.75Wind_Long2L+0.75Floor_Live+0.75LWIND2_R2E
     44   Dead+Collateral+0.75Snow+0.75Wind_Left1+0.75Floor_Live
     45   Dead+Collateral+0.75Snow+0.75Wind_Left1+0.75Snow_Drift+0.75Floor_Live
     46   Dead+Collateral+0.75Snow+0.75Wind_Left1+0.75Slide_Snow+0.75Floor_Live
     47   Dead+Collateral+0.75Snow+0.75Wind_Right1+0.75Floor_Live
     48   Dead+Collateral+0.75Snow+0.75Wind_Right1+0.75Snow_Drift+0.75Floor_Live
     49   Dead+Collateral+0.75Snow+0.75Wind_Right1+0.75Slide_Snow+0.75Floor_Live
     50   Dead+Collateral+0.75Snow+0.75Wind_Left2+0.75Floor_Live
     51   Dead+Collateral+0.75Snow+0.75Wind_Left2+0.75Snow_Drift+0.75Floor_Live
     52   Dead+Collateral+0.75Snow+0.75Wind_Left2+0.75Slide_Snow+0.75Floor_Live
     53   Dead+Collateral+0.75Snow+0.75Wind_Right2+0.75Floor_Live
     54   Dead+Collateral+0.75Snow+0.75Wind_Right2+0.75Snow_Drift+0.75Floor_Live
     55   Dead+Collateral+0.75Snow+0.75Wind_Right2+0.75Slide_Snow+0.75Floor_Live
     56   Dead+Collateral+0.75Snow+0.45Wind_Long1L+0.75Floor_Live+0.45LWIND1_L2E
     57   Dead+Collateral+0.75Snow+0.45Wind_Long1L+0.75Floor_Live+0.45LWIND1_R2E
     58   Dead+Collateral+0.75Snow+0.45Wind_Long1L+0.75Snow_Drift+0.75Floor_Live+0.45LWIND1_L2E
     59   Dead+Collateral+0.75Snow+0.45Wind_Long1L+0.75Snow_Drift+0.75Floor_Live+0.45LWIND1_R2E
     60   Dead+Collateral+0.75Snow+0.45Wind_Long1L+0.75Slide_Snow+0.75Floor_Live+0.45LWIND1_L2E
     61   Dead+Collateral+0.75Snow+0.45Wind_Long1L+0.75Slide_Snow+0.75Floor_Live+0.45LWIND1_R2E
     62   Dead+Collateral+0.75Snow+0.45Wind_Long2L+0.75Floor_Live+0.45LWIND2_L2E
     63   Dead+Collateral+0.75Snow+0.45Wind_Long2L+0.75Floor_Live+0.45LWIND2_R2E
     64   Dead+Collateral+0.75Snow+0.45Wind_Long2L+0.75Snow_Drift+0.75Floor_Live+0.45LWIND2_L2E
     65   Dead+Collateral+0.75Snow+0.45Wind_Long2L+0.75Snow_Drift+0.75Floor_Live+0.45LWIND2_R2E
     66   Dead+Collateral+0.75Snow+0.45Wind_Long2L+0.75Slide_Snow+0.75Floor_Live+0.45LWIND2_L2E
     67   Dead+Collateral+0.75Snow+0.45Wind_Long2L+0.75Slide_Snow+0.75Floor_Live+0.45LWIND2_R2E
     68   0.6Dead+Wind_Long2L+LWIND2_L2E
     69   0.6Dead+Wind_Long2L+LWIND2_R2E
     70   1.01Dead+1.01Collateral+0.7Seismic_Left
     71   1.01Dead+1.01Collateral+0.7Seismic_Right
     72   1.01Dead+1.01Collateral+0.75Live+0.52Seismic_Left+0.75Floor_Live
     73   1.01Dead+1.01Collateral+0.75Live+0.52Seismic_Right+0.75Floor_Live
     74   1.01Dead+1.01Collateral+0.52Seismic_Left+0.75Floor_Live
     75   1.01Dead+1.01Collateral+0.52Seismic_Right+0.75Floor_Live
     76   0.59Dead+0.7Seismic_Left
     77   0.59Dead+0.7Seismic_Right
     78   1.01Dead+1.01Collateral+0.7Seismic_LongL
     79   1.01Dead+1.01Collateral+0.75Live+0.52Seismic_LongL+0.75Floor_Live
     80   1.01Dead+1.01Collateral+0.52Seismic_LongL+0.75Floor_Live
     81   0.59Dead+0.7Seismic_LongL
     82   Dead+Collateral+F1CRANEA1
     83   Dead+Collateral+F1CRANEA4
     84   Dead+Wind_Left2/2+F1CRANEA1
     85   Dead+Wind_Right1/2+F1CRANEA2
     86   Dead+Wind_Right2/2+F1CRANEA2
     87   Dead+Wind_Left1/2+F1CRANEA3
     88   Dead+Wind_Left2/2+F1CRANEA3
     89   Dead+Wind_Right2/2+F1CRANEA4
     90   Dead+Collateral+F1PAT_LL_1
     91   Dead+Collateral+F1PAT_LL_2
     92   Dead+ 20Deg+Floor_Live
     93   Dead- 20Deg+Floor_Live
     94   Dead+Collateral+0.75Live+ 15Deg+0.75Floor_Live
     95   Dead+Collateral+0.75Live- 15Deg+0.75Floor_Live
     96   Dead+Collateral+0.75Snow+ 15Deg+0.75Floor_Live
     97   Dead+Collateral+0.75Snow+ 15Deg+0.75Snow_Drift+0.75Floor_Live
     98   Dead+Collateral+0.75Snow+ 15Deg+0.75Slide_Snow+0.75Floor_Live
     99   Dead+Collateral+0.75Snow- 15Deg+0.75Floor_Live
    100   Dead+Collateral+0.75Snow- 15Deg+0.75Snow_Drift+0.75Floor_Live
    101   Dead+Collateral+0.75Snow- 15Deg+0.75Slide_Snow+0.75Floor_Live
    102   Dead+Collateral+F2CRANEA1
    103   Dead+Collateral+F2CRANEA4
    104   Dead+Wind_Left1/2+F2CRANEA1
    105   Dead+Wind_Left2/2+F2CRANEA1
    106   Dead+Wind_Right1/2+F2CRANEA2
    107   Dead+Wind_Right2/2+F2CRANEA2
    108   Dead+Wind_Left1/2+F2CRANEA3
    109   Dead+Wind_Left2/2+F2CRANEA3
    110   Dead+Wind_Right1/2+F2CRANEA4
    111   Dead+Wind_Right2/2+F2CRANEA4
    112   Dead+Collateral+F3CRANEA1
    113   Dead+Collateral+F3CRANEA4
    114   Dead+Wind_Left1/2+F3CRANEA1
    115   Dead+Wind_Left2/2+F3CRANEA1
    116   Dead+Wind_Right1/2+F3CRANEA2
    117   Dead+Wind_Right2/2+F3CRANEA2
    118   Dead+Wind_Left1/2+F3CRANEA3
    119   Dead+Wind_Left2/2+F3CRANEA3
    120   Dead+Wind_Right1/2+F3CRANEA4
    121   Dead+Wind_Right2/2+F3CRANEA4
    122   Dead+Collateral+F4CRANEA1
    123   Dead+Collateral+F4CRANEA4
    124   Dead+Wind_Left1/2+F4CRANEA1
    125   Dead+Wind_Left2/2+F4CRANEA1
    126   Dead+Wind_Right1/2+F4CRANEA2
    127   Dead+Wind_Right2/2+F4CRANEA2
    128   Dead+Wind_Left1/2+F4CRANEA3
    129   Dead+Wind_Left2/2+F4CRANEA3
    130   Dead+Wind_Right1/2+F4CRANEA4
    131   Dead+Wind_Right2/2+F4CRANEA4
    132   Dead+Collateral+F5CRANEA1
    133   Dead+Collateral+F5CRANEA4
    134   Dead+Wind_Left2/2+F5CRANEA1
    135   Dead+Wind_Right1/2+F5CRANEA2
    136   Dead+Wind_Right2/2+F5CRANEA2
    137   Dead+Wind_Left1/2+F5CRANEA3
    138   Dead+Wind_Left2/2+F5CRANEA3
    139   Dead+Wind_Right2/2+F5CRANEA4
    140   Dead+Collateral+F5PAT_LL_1
    141   Dead+Collateral+F5PAT_LL_2


================================================================================
 C323-153-Final      Bracing Reactions Report:              11/AUG/2025  1:05pm
================================================================================



 BUILDING BRACING REACTIONS:
 ---------------------------
                        ----Reactions(+/-)(kN)----
  ----Wall---  Col      ----Wind----  --Seismic---  Panel_Shear(N/m  )
  Loc  Line    Line      Horz   Vert   Horz   Vert     Wind  Seismic    Notes
  ---- ------  -------  -----  -----  -----  -----   ------  -------    -----
  L_EW 1                                                                 (h)
 
  F_SW A       2  ,3    12.54  16.37   1.55   2.03                           
               5  ,6    12.54  16.34   1.55   2.03                           
 
  R_EW 7                                                                 (h)
 
  B_SW C       6  ,5    12.54  16.34   1.55   2.03                           
               3  ,2    12.54  16.37   1.55   2.03                           
 
  ---- ------  -------  -----  -----  -----  -----   ------  -------    -----
 
  (h)Rigid frame at endwall

  Reaction values for seismic shear force, Eh
  Reaction values shown are unfactored
  Maximum load combination factors are:
    Wind   : 1.00
    Seismic: 0.70


================================================================================
 C323-153-Final      Additional Reactions Report:           11/AUG/2025  1:05pm
================================================================================



                    Rigid Frame Column Reactions(kN,kN-m)
                    -------------------------------------


 Frame  Col     --------Dead-------  ----Collateral-----  --------Live-------
 Line   Line     Horz  Vert  Moment   Horz  Vert  Moment   Horz  Vert  Moment
 -----  ------  ----- ----- -------  ----- ----- -------  ----- ----- -------
 1      C         0.8   6.1    -1.3    0.3   1.0    -0.4    2.9  10.9    -5.1
 1      A        -0.8   6.1     1.3   -0.3   1.0     0.4   -2.9  10.9     5.1
 1      B         0.0   8.4     0.0    0.0   1.9     0.0    0.0  21.2     0.0

 Frame  Col     ----Wind_Left1-----  ----Wind_Right1----  ----Wind_Left2-----
 Line   Line     Horz  Vert  Moment   Horz  Vert  Moment   Horz  Vert  Moment
 -----  ------  ----- ----- -------  ----- ----- -------  ----- ----- -------
 1      C        -9.7 -14.4    23.5    5.7  -6.8   -15.8  -11.8 -10.2    25.7
 1      A        -5.7  -6.8    15.8    9.7 -14.4   -23.6   -3.6  -2.6    13.6
 1      B         0.0 -19.8     0.0    0.0 -19.8     0.0    0.0 -13.2     0.0

 Frame  Col     ----Wind_Right2----  ----Wind_Press-----  -----Wind_Suct-----
 Line   Line     Horz  Vert  Moment   Horz  Vert  Moment   Horz  Vert  Moment
 -----  ------  ----- ----- -------  ----- ----- -------  ----- ----- -------
 1      C         3.6  -2.6   -13.6    0.0   0.0     0.0    0.0   0.0     0.0
 1      A        11.8 -10.2   -25.7    0.0   0.0     0.0    0.0   0.0     0.0
 1      B         0.0 -13.2     0.0  -30.1   0.0     0.0   33.2   0.0     0.0

 Frame  Col     ----Wind_Long1-----  ----Wind_Long2-----  -----Seis_Left-----
 Line   Line     Horz  Vert  Moment   Horz  Vert  Moment   Horz  Vert  Moment
 -----  ------  ----- ----- -------  ----- ----- -------  ----- ----- -------
 1      C         3.0  -9.8    -2.6    0.9  -5.7    -0.5   -1.0  -0.2     6.7
 1      A        -3.0  -9.8     2.6   -0.9  -5.7     0.4   -1.0   0.2     6.7
 1      B         0.0 -16.6     0.0    0.0  -9.9     0.0    0.0   0.0     0.0

 Frame  Col     ----Seis_Right-----  --------Temp-------  -----F1CRANEA1 ----
 Line   Line     Horz  Vert  Moment   Horz  Vert  Moment   Horz  Vert  Moment
 -----  ------  ----- ----- -------  ----- ----- -------  ----- ----- -------
 1      C         1.0   0.2    -6.7    0.8   0.3    -4.6    2.0  58.7    30.3
 1      A         1.0  -0.2    -6.7   -0.8   0.3     4.6   -9.8  18.2    44.4
 1      B         0.0   0.0     0.0    0.0  -0.7     0.0    0.0  -0.9     0.0

 Frame  Col     -----F1CRANEA2 ----  -----F1CRANEA3 ----  -----F1CRANEA4 ----
 Line   Line     Horz  Vert  Moment   Horz  Vert  Moment   Horz  Vert  Moment
 -----  ------  ----- ----- -------  ----- ----- -------  ----- ----- -------
 1      C         9.8  59.5    -9.5    2.0  17.5    -4.5    9.8  18.2   -44.4
 1      A        -2.0  17.5     4.5   -9.8  59.5     9.5   -2.0  58.7   -30.3
 1      B         0.0  -1.0     0.0    0.0  -1.0     0.0    0.0  -1.0     0.0

 Frame  Col     ----LWIND1_L2E ----  ----LWIND1_R2E ----  ----LWIND2_L2E ----
 Line   Line     Horz  Vert  Moment   Horz  Vert  Moment   Horz  Vert  Moment
 -----  ------  ----- ----- -------  ----- ----- -------  ----- ----- -------
 1      C        -0.1  -2.9    -2.2   -0.4   0.0     3.0   -0.1  -2.9    -2.2
 1      A         0.4   0.0    -3.0    0.1  -2.9     2.2    0.4   0.0    -3.0
 1      B         0.0  -0.3     0.0    0.0  -0.3     0.0    0.0  -0.3     0.0

 Frame  Col     ----LWIND2_R2E ----  ----F1PAT_LL_1 ----  ----F1PAT_LL_2 ----
 Line   Line     Horz  Vert  Moment   Horz  Vert  Moment   Horz  Vert  Moment
 -----  ------  ----- ----- -------  ----- ----- -------  ----- ----- -------
 1      C        -0.4   0.0     3.0    1.4  12.1     9.2    1.4  -1.2   -14.3
 1      A         0.1  -2.9     2.2   -1.4  -1.2    14.3   -1.4  12.1    -9.2
 1      B         0.0  -0.3     0.0    0.0  10.6     0.0    0.0  10.6     0.0
 ----------------------------------------------------------------------------


 Frame  Col     --------Dead-------  ----Collateral-----  --------Live-------
 Line   Line     Horz  Vert  Moment   Horz  Vert  Moment   Horz  Vert  Moment
 -----  ------  ----- ----- -------  ----- ----- -------  ----- ----- -------
 2*     C         5.6  12.4   -12.7    2.0   3.4    -4.7   23.0  38.9   -53.0
 2*     A        -5.6  12.3    12.7   -2.0   3.4     4.7  -23.0  38.9    53.2

 Frame  Col     ----Wind_Left1-----  ----Wind_Right1----  ----Wind_Left2-----
 Line   Line     Horz  Vert  Moment   Horz  Vert  Moment   Horz  Vert  Moment
 -----  ------  ----- ----- -------  ----- ----- -------  ----- ----- -------
 2*     C       -26.6 -31.6    70.6    1.1 -22.4    -6.3  -27.6 -18.0    64.6
 2*     A        -1.1 -22.4     6.2   26.6 -31.6   -70.8   -0.1  -8.8    12.3

 Frame  Col     ----Wind_Right2----  ----Wind_Long1-----  ----Wind_Long2-----
 Line   Line     Horz  Vert  Moment   Horz  Vert  Moment   Horz  Vert  Moment
 -----  ------  ----- ----- -------  ----- ----- -------  ----- ----- -------
 2*     C         0.1  -8.8   -12.3   -8.4 -49.3    29.5   -6.7 -35.7    19.6
 2*     A        27.6 -18.0   -64.7    8.4 -49.3   -29.6    6.7 -35.6   -19.7

 Frame  Col     -----Seis_Left-----  ----Seis_Right-----  -----Seis_Long-----
 Line   Line     Horz  Vert  Moment   Horz  Vert  Moment   Horz  Vert  Moment
 -----  ------  ----- ----- -------  ----- ----- -------  ----- ----- -------
 2*     C        -1.2  -0.2     7.3    1.2   0.2    -7.3    0.0  -2.0     0.0
 2*     A        -1.2   0.2     7.3    1.2  -0.2    -7.3    0.0  -2.0     0.0

 Frame  Col     --------Temp-------  -----F2CRANEA1 ----  -----F2CRANEA2 ----
 Line   Line     Horz  Vert  Moment   Horz  Vert  Moment   Horz  Vert  Moment
 -----  ------  ----- ----- -------  ----- ----- -------  ----- ----- -------
 2*     C         0.5   0.0    -3.8    1.9  61.6    29.5    9.9  62.6    -9.4
 2*     A        -0.5   0.0     3.8   -9.9  20.6    42.3   -1.9  19.7     3.5

 Frame  Col     -----F2CRANEA3 ----  -----F2CRANEA4 ----  ----LWIND1_L2E ----
 Line   Line     Horz  Vert  Moment   Horz  Vert  Moment   Horz  Vert  Moment
 -----  ------  ----- ----- -------  ----- ----- -------  ----- ----- -------
 2*     C         1.9  19.6    -3.5    9.9  20.6   -42.3   -0.4  -5.4    -3.3
 2*     A        -9.9  62.6     9.3   -1.9  61.6   -29.5    1.0  -0.3    -5.9

 Frame  Col     ----LWIND1_R2E ----  ----LWIND2_L2E ----  ----LWIND2_R2E ----
 Line   Line     Horz  Vert  Moment   Horz  Vert  Moment   Horz  Vert  Moment
 -----  ------  ----- ----- -------  ----- ----- -------  ----- ----- -------
 2*     C        -1.0  -0.3     5.9   -0.4  -5.4    -3.3   -1.0  -0.3     5.9
 2*     A         0.4  -5.4     3.3    1.0  -0.3    -5.9    0.4  -5.4     3.3
 ----------------------------------------------------------------------------


 Frame  Col     --------Dead-------  ----Collateral-----  --------Live-------
 Line   Line     Horz  Vert  Moment   Horz  Vert  Moment   Horz  Vert  Moment
 -----  ------  ----- ----- -------  ----- ----- -------  ----- ----- -------
 4      C         5.5  12.2   -12.5    2.0   3.3    -4.6   22.5  38.0   -51.7
 4      A        -5.5  12.2    12.5   -2.0   3.3     4.6  -22.5  38.0    51.9

 Frame  Col     ----Wind_Left1-----  ----Wind_Right1----  ----Wind_Left2-----
 Line   Line     Horz  Vert  Moment   Horz  Vert  Moment   Horz  Vert  Moment
 -----  ------  ----- ----- -------  ----- ----- -------  ----- ----- -------
 4      C       -26.0 -30.9    68.9    1.1 -21.8    -6.2  -26.9 -17.6    63.0
 4      A        -1.1 -21.8     6.0   26.0 -30.9   -69.1   -0.1  -8.5    12.0

 Frame  Col     ----Wind_Right2----  ----Wind_Long1-----  ----Wind_Long2-----
 Line   Line     Horz  Vert  Moment   Horz  Vert  Moment   Horz  Vert  Moment
 -----  ------  ----- ----- -------  ----- ----- -------  ----- ----- -------
 4      C         0.1  -8.6   -12.0   -8.2 -32.1    28.8   -2.8 -12.6    10.7
 4      A        26.9 -17.6   -63.1    8.2 -32.1   -28.9    2.8 -12.5   -10.8

 Frame  Col     -----Seis_Left-----  ----Seis_Right-----  --------Temp-------
 Line   Line     Horz  Vert  Moment   Horz  Vert  Moment   Horz  Vert  Moment
 -----  ------  ----- ----- -------  ----- ----- -------  ----- ----- -------
 4      C        -1.2  -0.2     7.3    1.2   0.2    -7.3    0.5   0.0    -3.8
 4      A        -1.2   0.2     7.3    1.2  -0.2    -7.3   -0.5   0.0     3.8

 Frame  Col     -----F3CRANEA1 ----  -----F3CRANEA2 ----  -----F3CRANEA3 ----
 Line   Line     Horz  Vert  Moment   Horz  Vert  Moment   Horz  Vert  Moment
 -----  ------  ----- ----- -------  ----- ----- -------  ----- ----- -------
 4      C         1.9  61.5    29.5    9.9  62.5    -9.3    1.9  19.5    -3.5
 4      A        -9.9  20.5    42.3   -1.9  19.6     3.5   -9.9  62.5     9.3

 Frame  Col     -----F3CRANEA4 ----  ----LWIND1_L2E ----  ----LWIND1_R2E ----
 Line   Line     Horz  Vert  Moment   Horz  Vert  Moment   Horz  Vert  Moment
 -----  ------  ----- ----- -------  ----- ----- -------  ----- ----- -------
 4      C         9.9  20.5   -42.3   -0.1  -1.3    -0.8   -0.2  -0.1     1.4
 4      A        -1.9  61.5   -29.5    0.2  -0.1    -1.4    0.1  -1.3     0.8

 Frame  Col     ----LWIND2_L2E ----  ----LWIND2_R2E ----
 Line   Line     Horz  Vert  Moment   Horz  Vert  Moment
 -----  ------  ----- ----- -------  ----- ----- -------
 4      C        -0.3  -3.7    -2.2   -0.7  -0.2     4.0
 4      A         0.7  -0.2    -4.0    0.3  -3.7     2.2
 ----------------------------------------------------------------------------


 Frame  Col     --------Dead-------  ----Collateral-----  --------Live-------
 Line   Line     Horz  Vert  Moment   Horz  Vert  Moment   Horz  Vert  Moment
 -----  ------  ----- ----- -------  ----- ----- -------  ----- ----- -------
 6      C         5.5  12.2   -12.4    2.0   3.3    -4.5   22.4  37.9   -51.6
 6      A        -5.5  12.2    12.5   -2.0   3.3     4.6  -22.4  37.8    51.8

 Frame  Col     ----Wind_Left1-----  ----Wind_Right1----  ----Wind_Left2-----
 Line   Line     Horz  Vert  Moment   Horz  Vert  Moment   Horz  Vert  Moment
 -----  ------  ----- ----- -------  ----- ----- -------  ----- ----- -------
 6      C       -33.4 -43.2    78.8   -6.1 -29.2    14.7  -31.7 -29.9    69.2
 6      A         6.1 -29.2   -14.9   33.4 -43.2   -79.0    4.4 -15.9    -5.2

 Frame  Col     ----Wind_Right2----  ----Wind_Long1-----  ----Wind_Long2-----
 Line   Line     Horz  Vert  Moment   Horz  Vert  Moment   Horz  Vert  Moment
 -----  ------  ----- ----- -------  ----- ----- -------  ----- ----- -------
 6      C        -4.4 -16.0     5.1   -8.2 -48.4    28.7   -6.5 -35.1    19.1
 6      A        31.7 -29.9   -69.4    8.2 -48.3   -28.8    6.5 -35.1   -19.2

 Frame  Col     -----Seis_Left-----  ----Seis_Right-----  -----Seis_Long-----
 Line   Line     Horz  Vert  Moment   Horz  Vert  Moment   Horz  Vert  Moment
 -----  ------  ----- ----- -------  ----- ----- -------  ----- ----- -------
 6      C        -1.2  -0.2     7.2    1.2   0.2    -7.2    0.0  -2.0     0.0
 6      A        -1.2   0.2     7.2    1.2  -0.2    -7.2    0.0  -2.0     0.0

 Frame  Col     --------Temp-------  -----F4CRANEA1 ----  -----F4CRANEA2 ----
 Line   Line     Horz  Vert  Moment   Horz  Vert  Moment   Horz  Vert  Moment
 -----  ------  ----- ----- -------  ----- ----- -------  ----- ----- -------
 6      C         0.5   0.0    -3.8    1.9  60.9    29.3    9.8  61.9    -9.3
 6      A        -0.5   0.0     3.8   -9.8  20.3    42.0   -1.9  19.3     3.4

 Frame  Col     -----F4CRANEA3 ----  -----F4CRANEA4 ----  ----LWIND1_L2E ----
 Line   Line     Horz  Vert  Moment   Horz  Vert  Moment   Horz  Vert  Moment
 -----  ------  ----- ----- -------  ----- ----- -------  ----- ----- -------
 6      C         1.9  19.3    -3.4    9.8  20.3   -42.0   -0.4  -5.3    -3.2
 6      A        -9.8  61.9     9.3   -1.9  60.9   -29.3    1.0  -0.3    -5.7

 Frame  Col     ----LWIND1_R2E ----  ----LWIND2_L2E ----  ----LWIND2_R2E ----
 Line   Line     Horz  Vert  Moment   Horz  Vert  Moment   Horz  Vert  Moment
 -----  ------  ----- ----- -------  ----- ----- -------  ----- ----- -------
 6      C        -1.0  -0.3     5.7   -0.4  -5.3    -3.2   -1.0  -0.3     5.7
 6      A         0.4  -5.3     3.2    1.0  -0.3    -5.7    0.4  -5.3     3.2
 ----------------------------------------------------------------------------


 Frame  Col     --------Dead-------  ----Collateral-----  --------Live-------
 Line   Line     Horz  Vert  Moment   Horz  Vert  Moment   Horz  Vert  Moment
 -----  ------  ----- ----- -------  ----- ----- -------  ----- ----- -------
 7      C         0.9   7.1    -1.3    0.3   1.0    -0.4    2.9  16.7    -4.8
 7      A        -0.9   7.1     1.3   -0.3   1.0     0.4   -2.9  16.7     4.8
 7      B         0.0  10.4     0.0    0.0   1.9     0.0   -1.2  32.7     0.0

 Frame  Col     ----Wind_Left1-----  ----Wind_Right1----  ----Wind_Left2-----
 Line   Line     Horz  Vert  Moment   Horz  Vert  Moment   Horz  Vert  Moment
 -----  ------  ----- ----- -------  ----- ----- -------  ----- ----- -------
 7      C        -9.8 -14.4    24.1    5.8  -6.7   -16.4  -11.9 -10.2    26.2
 7      A        -5.8  -6.7    16.3    9.8 -14.4   -24.1   -3.7  -2.6    14.2
 7      B         0.0 -19.9     0.0    0.0 -19.9     0.0    0.0 -13.2     0.0

 Frame  Col     ----Wind_Right2----  ----Wind_Press-----  -----Wind_Suct-----
 Line   Line     Horz  Vert  Moment   Horz  Vert  Moment   Horz  Vert  Moment
 -----  ------  ----- ----- -------  ----- ----- -------  ----- ----- -------
 7      C         3.7  -2.6   -14.2    0.0   0.0     0.0    0.0   0.0     0.0
 7      A        11.9 -10.2   -26.3    0.0   0.0     0.0    0.0   0.0     0.0
 7      B         0.0 -13.2     0.0  -27.1   0.0     0.0   33.0   0.0     0.0

 Frame  Col     ----Wind_Long1-----  ----Wind_Long2-----  -----Seis_Left-----
 Line   Line     Horz  Vert  Moment   Horz  Vert  Moment   Horz  Vert  Moment
 -----  ------  ----- ----- -------  ----- ----- -------  ----- ----- -------
 7      C         3.0 -18.2    -3.0    0.9  -7.8    -0.6   -1.1  -0.2     7.1
 7      A        -3.0 -18.2     3.0   -0.9  -7.8     0.5   -1.1   0.2     7.1
 7      B         0.0 -33.2     0.0    0.0 -14.1     0.0    0.0   0.0     0.0

 Frame  Col     ----Seis_Right-----  --------Temp-------  -----F5CRANEA1 ----
 Line   Line     Horz  Vert  Moment   Horz  Vert  Moment   Horz  Vert  Moment
 -----  ------  ----- ----- -------  ----- ----- -------  ----- ----- -------
 7      C         1.1   0.2    -7.1    0.8   0.3    -4.6    2.0  58.9    30.5
 7      A         1.1  -0.2    -7.1   -0.8   0.3     4.6   -9.8  18.3    44.6
 7      B         0.0   0.0     0.0    0.0  -0.7     0.0    0.0  -1.0     0.0

 Frame  Col     -----F5CRANEA2 ----  -----F5CRANEA3 ----  -----F5CRANEA4 ----
 Line   Line     Horz  Vert  Moment   Horz  Vert  Moment   Horz  Vert  Moment
 -----  ------  ----- ----- -------  ----- ----- -------  ----- ----- -------
 7      C         9.8  59.7    -9.6    2.0  17.6    -4.5    9.8  18.3   -44.6
 7      A        -2.0  17.6     4.5   -9.8  59.7     9.6   -2.0  58.9   -30.5
 7      B         0.0  -1.0     0.0    0.0  -1.0     0.0    0.0  -1.0     0.0

 Frame  Col     ----LWIND1_L2E ----  ----LWIND1_R2E ----  ----LWIND2_L2E ----
 Line   Line     Horz  Vert  Moment   Horz  Vert  Moment   Horz  Vert  Moment
 -----  ------  ----- ----- -------  ----- ----- -------  ----- ----- -------
 7      C        -0.1  -2.9    -2.2   -0.4   0.0     3.0   -0.1  -2.9    -2.2
 7      A         0.4   0.0    -3.0    0.1  -2.9     2.2    0.4   0.0    -3.0
 7      B         0.0  -0.3     0.0    0.0  -0.3     0.0    0.0  -0.3     0.0

 Frame  Col     ----LWIND2_R2E ----  ----F5PAT_LL_1 ----  ----F5PAT_LL_2 ----
 Line   Line     Horz  Vert  Moment   Horz  Vert  Moment   Horz  Vert  Moment
 -----  ------  ----- ----- -------  ----- ----- -------  ----- ----- -------
 7      C        -0.4   0.0     3.0    1.4  12.1     9.2    1.4  -1.2   -14.3
 7      A         0.1  -2.9     2.2   -1.4  -1.2    14.3   -1.4  12.1    -9.2
 7      B         0.0  -0.3     0.0    0.0  10.6     0.0    0.0  10.6     0.0
 ----------------------------------------------------------------------------

 2*   Frame Lines:2 3 5  


                      Endwall Column Reactions(kN)
                      -----------------------------


 Frame  Col
 Line   Line  Note
 -----  ----  -----------------------------------
 1      B     See rigid frame reactions

 Frame  Col
 Line   Line  Note
 -----  ----  -----------------------------------
 7      B     See rigid frame reactions


================================================================================
 C323-153-Final      Seismic Design Report:                 11/AUG/2025  1:05pm
================================================================================


      Building Data
      -------------
        Code                =MBMA 10
        Length              =   36285
        Width               =   22470
        Left  Eave Height   =    8420
        Right Eave Height   =    8420

      Seismic Formula
      ---------------
        Equivalent Lateral Force, Section 12.8

        Base  Shear V       = 0.667*Ie*Sms*W/R                        


        Shear Force Eh      = Rho*V                                   
         (Rigid frame, endwall frame, wind bent, wind column & base reactions)

        Shear Force Em      = Omega*V                                 
         (Wall diagonal bracing, splice at rigid frame & wind bent knee)


        Note: Applied load is seismic force multiplied by load combination

        Sms                 =   0.160
        Zone/Design Category=   B  
        Ie                  =   1.000

      Seismic Dead Load, W
      --------------------
        Frame    Dead       =   0.096 (kN/m2)
        Roof     Dead       =   0.100 (kN/m2)
        Collateral          =   0.050 (kN/m2)
        Roof     Total      =   0.246 (kN/m2)    , Weight= 200.54 (kN)
        Left  EW Dead       =   0.096 (kN/m2)    , Weight=   9.70 (kN)
        Front SW Dead       =   0.096 (kN/m2)    , Weight=  14.68 (kN)
        Right EW Dead       =   0.096 (kN/m2)    , Weight=   9.70 (kN)
        Back  SW Dead       =   0.096 (kN/m2)    , Weight=  14.68 (kN)
        Extensions
          Right EW Total    =   0.100 (kN/m2)    , Weight=   4.05 (kN)
        Crane  Dead                                Weight=  45.10 (kN)
        Runway Weight                              Weight=  48.19 (kN)
                                                          -------
                                                   Total = 346.64 (kN)

      Seismic Forces
      --------------

        Roof Bracing
                       R  =   5.00, Rho=   1.15                              
                      Cs  =   0.0213
                       W  = 219.94 (kN)
                Force  V  =   4.68 (kN)        
                Force  Eh =   5.39 (kN)

        Sidewall Bracing
          Front SW     R  =   5.00, Rho=   1.15, Omega=   2.00               
                      Cs  =   0.0213
                       W  = 126.80 (kN)
                Force  V  =   2.70 (kN)        
                Force  Em =   5.41 (kN)
                Force  Eh =   3.11 (kN)
          Back  SW     R  =   5.00, Rho=   1.15, Omega=   2.00               
                      Cs  =   0.0213
                       W  = 126.80 (kN)
                Force  V  =   2.70 (kN)        
                Force  Em =   5.41 (kN)
                Force  Eh =   3.11 (kN)

        Rigid Frames
                       R  =   3.50, Rho=   1.00                              
                      Cs  =   0.0305
          Frame  1     W  =  67.54 (kN)
                Force  V  =   2.06 (kN)        
                Force  Eh =   2.06 (kN)
          Frame  2     W  =  80.00 (kN)
                Force  V  =   2.44 (kN)        
                Force  Eh =   2.44 (kN)
          Frame  3     W  =  79.34 (kN)
                Force  V  =   2.42 (kN)        
                Force  Eh =   2.42 (kN)
          Frame  4     W  =  78.69 (kN)
                Force  V  =   2.40 (kN)        
                Force  Eh =   2.40 (kN)
          Frame  5     W  =  67.54 (kN)
                Force  V  =   2.06 (kN)        
                Force  Eh =   2.06 (kN)

        End Plates
          Frame        R  =   3.50, Omega=   3.00                            

        Total Base Shear
          Longitudinal
                Force  V  =   5.40 (kN)
          Transverse
                Force  V  =  16.26 (kN)
