*===============================================================================
*C323-153-Final      Rigid Frame Design Input               11/AUG/2025 12:22pm
*===============================================================================
 
*( 1)JOBID:
    'C323-153-Final'
 
*( 2)FRAME DESIGN OPTIONS:
*--Frame-    -------Frame_Space-------  Section  Web_Stiffener     P
*Id  Type      L_Col    R_Col   Rafter    Space  Use Ratio Side  Delta
  4 'RF '     5905.0   5905.0   5905.0    500.0  'N'  0.00 'Y '  'EL'
 
*( 3)FRAME LINES:
*No.    Line_Id
   1    6
 
*( 4)OPTIMIZATION OPTIONS:
*Plate  Depth  Frame  -L_Col_Depth_Opt-  -R_Col_Depth_Opt-    Rafter_Depth_Opt
* Opt    Opt    Sym   Typ    Min    Max  Typ    Min    Max   Typ    Min    Max
  'N'    'N'    'S'  'T '  250.0 1400.0 'T '  250.0 1400.0  'T '  350.0 1400.0
 
*( 5)DESIGN CODE:
*Design  ---Steel_Code---             ---Build---   Code      Seismic
* Code   Cold       Hot      Country  Code   Year   Label      Zone
  'WS ' 'NAUS07  ' 'AISC05'  '    '  'MBMA'  '10'  'MBMA 10 '  'B  '
 
*( 6)DESIGN CONSTANTS:
*                        ---Strength_Factor---
* ----Stress_Ratio----           ---Seismic---
* Frame  Col   EP   BP     Wind   Frame  SpcEP
   1.00 1.00 1.00 1.00   1.0000  1.0000 1.0000
 
*( 7)STEEL YIELDS:
* Web   Flg  C_Sec  W_Sec  R_Sec  P_Sec  T_Sec  U_Sec    EP     BP
  345   345    345    345    235    345    317    235   345    345
 
*( 8)DEFLECTION LIMITS:
* ------Vertical-----  -------Horizontal-------  -Weak_Axis-
*  Live   Wind  Total  Total  Seis  Crane Floor   Wind  Seis
  150.0    0.0  150.0    75.  50.0  100.0   0.0   60.0  50.0
 
*( 9)REPORTS:
* Input Design   End  Base  Revise Action Sec  Flange Segment Unbrc Floor  Diag
* Echo  Summary Plate Plate Input  Stress Prop Brace  Displ.   Len  React Brace
  'Y'    'Y'     'Y'   'Y'   'Y'    'N'   'N'   'Y'     'N'    'N'   'N'   'N'
 
*(10)BUILDING LAYOUT:
*                             -----------Wall-----------
* Type      Width     Length  Type Opt    Start   Length
 'FF-'    22470.0    36285.0   '-' '-'      0.0  22470.0
 
*(11)SURFACE SHAPE:
* No.    X_Coord   Y_Coord  Offset
   4         0.0    8420.0  230.00
         11235.0    9543.5  150.00
         22470.0    8420.0  150.00
         22470.0       0.0  230.00
 
*(12)MEMBER DEPTHS:
*Surf   ----Depth----  No.   --Interior_Depth-
* Id    Start     End  Dep    Locate     Depth
   1   400.00  700.00   1     4000.0    700.00
   2   600.00  450.00   1     4700.0    250.00
   3   450.00  600.00   1     6591.0    250.00
   4   700.00  400.00   1     4420.0    700.00
 
*(13)MEMBER SPLICES:
*Surf
* Id   No.    Locate   Type
   1    0
   2    2        0.0  'HSS '
              4700.0  '-SS '
   3    2        0.0  '-SS '
              6591.0  '-SS '
   4    1        0.0  'HSS '
 
*(14)SEGMENT PLATES:
*    Surf Mem ---Segment--    Member      Flange  ----Plate_Thickness---
*No.  Id   Id  Id   Length    Part         Width     Web  OS_Flg  IS_Flg
   8   1    1   1      0.0   '--------'   150.00    5.00    6.00    6.00
       1    2   2      0.0   '--------'   150.00    5.00    6.00    6.00
       2    3   3      0.0   '--------'   125.00    4.00    6.00    8.00
       2    4   4      0.0   '--------'   125.00    4.00    5.00    5.00
       3    5   5      0.0   '--------'   125.00    4.00    5.00    5.00
       3    6   6      0.0   '--------'   125.00    4.00    6.00    8.00
       4    7   7      0.0   '--------'   150.00    5.00    6.00    6.00
       4    8   8      0.0   '--------'   150.00    5.00    6.00    6.00
 
*(15)INTERIOR COLUMNS:
*      --------Column-------  Cap   Rafter   Unbrace_Length  ----Column---
* No.  Id  Typ  Rot   Locate  Conn   Opt     Major    Minor  Set  Part
   0
 
*(16)INTERIOR COLUMN PLATES:
* -Column- -----Depth----  No.    Start  ---Web_Depth--     Web    Flg  --Thickness--
* Id Shape    Min     Max  Mem   Locate   Start     End   Thick  Width  OS_Flg IS_Flg
 
*(17)INTERIOR COLUMN SPLICES:
*         Col
* No. Id   Id    Locate  Type
   0
 
*(18)BASE & WALL OPTIONS:
*----------Base----------      Open  Brace
* Id   Conn   Opt    Elev    Height   Opt
   1   'FI'   '-'    0.00       0.0   '-'   Left  Column
   2   'FI'   '-'    0.00       0.0   '-'   Right Column
 
*(19)BASE DISPLACEMENT:
*Base
* Id   Opt  Dir  Displace
   0   '-'  '-'    0.000
 
*(20)BASE SPRINGS:
*      Base         --Spring_Constants--
* No.   Id    Elev    Horz   Vert Rotate
   0
 
*(21)WALL GIRT:
*Surf                                       Bay
* Id  Type  Part       Depth   Proj     Lap  Id  No.  Locate Type
   1  'ZB' '200Z15  ' 200.00 230.00   330.0   2   5   2580.0 'ZB'
                                                      3580.0 'ZB'
                                                      4580.0 'ZB'
                                                      5780.0 'ZB'
                                                      7280.0 'ZB'
 
   4  'ZB' '200Z15  ' 200.00 230.00   330.0   6   5   2580.0 'ZB'
                                                      3580.0 'ZB'
                                                      4580.0 'ZB'
                                                      5780.0 'ZB'
                                                      7280.0 'ZB'
 
 
*(22)ROOF PURLIN DESIGN:
*Surf
* Id  Type  Part       Depth   Proj     Lap
   2  'ZB' '150Z15  ' 150.00   0.00   330.0
   3  'ZB' '150Z15  ' 150.00   0.00   330.0
 
*(23)ROOF PURLINS:
*Surf    Peak
* Id    Space  No.  Locate
   2    300.0   8   1373.9    2747.8    4121.6    5495.5    6869.4    8243.3    9617.2
                   10991.0
   3    300.0   8    300.0    1673.9    3047.8    4421.6    5795.5    7169.4    8543.3
                    9917.2
 
*(24)FLANGE BRACE:
*Surf       Locate  Side
* Id  No.     Id     Opt
   1   5       1     '-'
               2     '-'
               3     '-'
               4     '-'
               5     '-'
   2   8       1     '-'
               2     '-'
               3     '-'
               4     '-'
               5     '-'
               6     '-'
               7     '-'
               8     '-'
   3   8       1     '-'
               2     '-'
               3     '-'
               4     '-'
               5     '-'
               6     '-'
               7     '-'
               8     '-'
   4   5       1     '-'
               2     '-'
               3     '-'
               4     '-'
               5     '-'
 
*(25)COLUMN ADDITIONAL BRACE LOCATIONS:
*     Col                   -Minor-
*No.   Id    Height  Major  Out  In
  2     0    6050.0   'N'   'N' 'Y'
        1    6050.0   'N'   'N' 'Y'
 
*(26)EXTENSIONS:
*Surf                    ----Horizontal_Size----  -----Vertical_Size-----     Load
* Id  No.  Id  Type Opt     Elev    Width  Slope     Elev   Height  Slope    Width
   1   0
   4   0
 
*(27)LOAD GROUPS:
*    Group
*No.   Id   Description
   1  '-'  'Standard            '
 
*(28)BASIC LOADS:
*                                             ---Deflection---
*Group Dead  Coll   Live   Snow  Rain  Basic     Load_Ratio       Temp
*  Id  Load  Load   Load   Load  Load   Wind  Snow  Wind  Seis   Change
  '-' 0.100 0.050  0.570  0.000 0.000  0.554  1.00  1.00  1.00     20.0
 
*(29)BASIC LOADS AT EAVE:
*Group Seis   --Torsion--   -EWALL_BRACE----Extension-   -Additional-
*  Id  Load   Wind   Seis   Wind   Seis    Wind   Seis    Wind   Seis
  '-'  1.20   0.00   0.00   0.00   0.00    0.00   0.00    0.00   0.00
 
*(30)WIND COEFFICIENT:
*Group Surf  ---Wind_1--   ---Wind_2--   ---Wind_3--   ---Wind_4--     Long_Wind  Surface
*  Id   Id   Left  Right   Left  Right   Left  Right   Left  Right      1      2  Friction
  '-'    1   0.44  -0.62   0.80  -0.26   0.00   0.00   0.00   0.00  -0.63  -0.27    0.00
  '-'    2  -1.25  -0.72  -0.89  -0.36   0.00   0.00   0.00   0.00  -0.87  -0.51    0.00
  '-'    3  -0.72  -1.25  -0.36  -0.89   0.00   0.00   0.00   0.00  -0.87  -0.51    0.00
  '-'    4  -0.62   0.44  -0.26   0.80   0.00   0.00   0.00   0.00  -0.63  -0.27    0.00
 
*(31)LONGITUDINAL & WEAK AXIS BRACING LOADS:
*Group  ----Wind-----   ---Seismic---   -Weak_Axis-
*  Id   Horz    Vert    Horz    Vert   Wind   Seis
  '-'  12.54   16.34    1.55    2.02   0.00   0.00  Left  Column
  '-'  12.54   16.34    1.55    2.02   0.00   0.00  Right Column
 
*(32)LOAD COMBINATIONS - STRENGTH:
*               -----------------------------------------------------Load_Coefficients------------------------------------------------------
*     Load Group            ---Live---        -Add_Snow-        --Wind_1--  --Wind_2--  --Wind_3--  --Wind_4--   Long_Wind  --Seismic-         Aux_Load
*No.   Id    Id Dead  Coll  Roof Floor  Snow Drift Slide  Rain    Lt    Rt    Lt    Rt    Lt    Rt    Lt    Rt     1     2  Long  Tran  Temp  Id  Coeff
 126    1   '-' 1.00  1.00  1.00  0.00  0.00  0.00  0.00  0.00  0.00  0.00  0.00  0.00  0.00  0.00  0.00  0.00  0.00  0.00  0.00  0.00  0.00   0   0.00
        2   '-' 1.00  1.00  1.00  0.00  0.00  0.00  0.00  0.00  0.00  0.00  0.00  0.00  0.00  0.00  0.00  0.00  0.00  0.00  0.00  0.00  0.00   0   0.00
        3   '-' 1.00  1.00  0.00  1.00  0.00  0.00  0.00  0.00  0.00  0.00  0.00  0.00  0.00  0.00  0.00  0.00  0.00  0.00  0.00  0.00  0.00   0   0.00
        4   '-' 1.00  1.00  0.00  1.00  0.00  0.00  0.00  0.00  0.00  0.00  0.00  0.00  0.00  0.00  0.00  0.00  0.00  0.00  0.00  0.00  0.00   0   0.00
        5   '-' 1.00  1.00  0.00  0.00  1.00  0.00  0.00  0.00  0.00  0.00  0.00  0.00  0.00  0.00  0.00  0.00  0.00  0.00  0.00  0.00  0.00   0   0.00
        6   '-' 1.00  1.00  0.00  0.00  1.00  0.00  0.00  0.00  0.00  0.00  0.00  0.00  0.00  0.00  0.00  0.00  0.00  0.00  0.00  0.00  0.00   0   0.00
        7   '-' 1.00  1.00  0.00  0.00  1.00  1.00  0.00  0.00  0.00  0.00  0.00  0.00  0.00  0.00  0.00  0.00  0.00  0.00  0.00  0.00  0.00   0   0.00
        8   '-' 1.00  1.00  0.00  0.00  1.00  1.00  0.00  0.00  0.00  0.00  0.00  0.00  0.00  0.00  0.00  0.00  0.00  0.00  0.00  0.00  0.00   0   0.00
        9   '-' 1.00  1.00  0.00  0.00  1.00  0.00  1.00  0.00  0.00  0.00  0.00  0.00  0.00  0.00  0.00  0.00  0.00  0.00  0.00  0.00  0.00   0   0.00
       10   '-' 1.00  1.00  0.00  0.00  1.00  0.00  1.00  0.00  0.00  0.00  0.00  0.00  0.00  0.00  0.00  0.00  0.00  0.00  0.00  0.00  0.00   0   0.00
       11   '-' 1.00  0.00  0.00  0.00  0.00  0.00  0.00  0.00  0.00  0.00  0.00  0.00  0.00  0.00  0.00  0.00  0.00  0.00  0.00  0.00  0.00   0   0.00
       12   '-' 1.00  0.00  0.00  0.00  0.00  0.00  0.00  0.00  0.00  0.00  0.00  0.00  0.00  0.00  0.00  0.00  0.00  0.00  0.00  0.00  0.00   0   0.00
       13   '-' 1.00  1.00  0.00  0.75  0.75  0.00  0.00  0.00  0.00  0.00  0.00  0.00  0.00  0.00  0.00  0.00  0.00  0.00  0.00  0.00  0.00   0   0.00
       14   '-' 1.00  1.00  0.00  0.75  0.75  0.00  0.00  0.00  0.00  0.00  0.00  0.00  0.00  0.00  0.00  0.00  0.00  0.00  0.00  0.00  0.00   0   0.00
       15   '-' 1.00  1.00  0.00  0.75  0.75  0.75  0.00  0.00  0.00  0.00  0.00  0.00  0.00  0.00  0.00  0.00  0.00  0.00  0.00  0.00  0.00   0   0.00
       16   '-' 1.00  1.00  0.00  0.75  0.75  0.75  0.00  0.00  0.00  0.00  0.00  0.00  0.00  0.00  0.00  0.00  0.00  0.00  0.00  0.00  0.00   0   0.00
       17   '-' 1.00  1.00  0.00  0.75  0.75  0.00  0.75  0.00  0.00  0.00  0.00  0.00  0.00  0.00  0.00  0.00  0.00  0.00  0.00  0.00  0.00   0   0.00
       18   '-' 1.00  1.00  0.00  0.75  0.75  0.00  0.75  0.00  0.00  0.00  0.00  0.00  0.00  0.00  0.00  0.00  0.00  0.00  0.00  0.00  0.00   0   0.00
       19   '-' 1.00  1.00  0.75  0.75  0.00  0.00  0.00  0.00  0.75  0.00  0.00  0.00  0.00  0.00  0.00  0.00  0.00  0.00  0.00  0.00  0.00   0   0.00
       20   '-' 1.00  1.00  0.75  0.75  0.00  0.00  0.00  0.00  0.00  0.75  0.00  0.00  0.00  0.00  0.00  0.00  0.00  0.00  0.00  0.00  0.00   0   0.00
       21   '-' 1.00  1.00  0.75  0.75  0.00  0.00  0.00  0.00  0.00  0.00  0.75  0.00  0.00  0.00  0.00  0.00  0.00  0.00  0.00  0.00  0.00   0   0.00
       22   '-' 1.00  1.00  0.75  0.75  0.00  0.00  0.00  0.00  0.00  0.00  0.00  0.75  0.00  0.00  0.00  0.00  0.00  0.00  0.00  0.00  0.00   0   0.00
       23   '-' 1.00  1.00  0.75  0.75  0.00  0.00  0.00  0.00  0.00  0.00  0.00  0.00  0.00  0.00  0.00  0.00  0.75  0.00  0.00  0.00  0.00   5   0.75
       24   '-' 1.00  1.00  0.75  0.75  0.00  0.00  0.00  0.00  0.00  0.00  0.00  0.00  0.00  0.00  0.00  0.00  0.75  0.00  0.00  0.00  0.00   6   0.75
       25   '-' 1.00  1.00  0.75  0.75  0.00  0.00  0.00  0.00  0.00  0.00  0.00  0.00  0.00  0.00  0.00  0.00 -0.75  0.00  0.00  0.00  0.00   5   0.75
       26   '-' 1.00  1.00  0.75  0.75  0.00  0.00  0.00  0.00  0.00  0.00  0.00  0.00  0.00  0.00  0.00  0.00 -0.75  0.00  0.00  0.00  0.00   6   0.75
       27   '-' 1.00  1.00  0.75  0.75  0.00  0.00  0.00  0.00  0.00  0.00  0.00  0.00  0.00  0.00  0.00  0.00  0.00  0.75  0.00  0.00  0.00   7   0.75
       28   '-' 1.00  1.00  0.75  0.75  0.00  0.00  0.00  0.00  0.00  0.00  0.00  0.00  0.00  0.00  0.00  0.00  0.00  0.75  0.00  0.00  0.00   8   0.75
       29   '-' 1.00  1.00  0.75  0.75  0.00  0.00  0.00  0.00  0.00  0.00  0.00  0.00  0.00  0.00  0.00  0.00  0.00 -0.75  0.00  0.00  0.00   7   0.75
       30   '-' 1.00  1.00  0.75  0.75  0.00  0.00  0.00  0.00  0.00  0.00  0.00  0.00  0.00  0.00  0.00  0.00  0.00 -0.75  0.00  0.00  0.00   8   0.75
       31   '-' 1.00  1.00  0.00  0.75  0.75  0.00  0.00  0.00  0.75  0.00  0.00  0.00  0.00  0.00  0.00  0.00  0.00  0.00  0.00  0.00  0.00   0   0.00
       32   '-' 1.00  1.00  0.00  0.75  0.75  0.75  0.00  0.00  0.75  0.00  0.00  0.00  0.00  0.00  0.00  0.00  0.00  0.00  0.00  0.00  0.00   0   0.00
       33   '-' 1.00  1.00  0.00  0.75  0.75  0.00  0.75  0.00  0.75  0.00  0.00  0.00  0.00  0.00  0.00  0.00  0.00  0.00  0.00  0.00  0.00   0   0.00
       34   '-' 1.00  1.00  0.00  0.75  0.75  0.00  0.00  0.00  0.00  0.75  0.00  0.00  0.00  0.00  0.00  0.00  0.00  0.00  0.00  0.00  0.00   0   0.00
       35   '-' 1.00  1.00  0.00  0.75  0.75  0.75  0.00  0.00  0.00  0.75  0.00  0.00  0.00  0.00  0.00  0.00  0.00  0.00  0.00  0.00  0.00   0   0.00
       36   '-' 1.00  1.00  0.00  0.75  0.75  0.00  0.75  0.00  0.00  0.75  0.00  0.00  0.00  0.00  0.00  0.00  0.00  0.00  0.00  0.00  0.00   0   0.00
       37   '-' 1.00  1.00  0.00  0.75  0.75  0.00  0.00  0.00  0.00  0.00  0.75  0.00  0.00  0.00  0.00  0.00  0.00  0.00  0.00  0.00  0.00   0   0.00
       38   '-' 1.00  1.00  0.00  0.75  0.75  0.75  0.00  0.00  0.00  0.00  0.75  0.00  0.00  0.00  0.00  0.00  0.00  0.00  0.00  0.00  0.00   0   0.00
       39   '-' 1.00  1.00  0.00  0.75  0.75  0.00  0.75  0.00  0.00  0.00  0.75  0.00  0.00  0.00  0.00  0.00  0.00  0.00  0.00  0.00  0.00   0   0.00
       40   '-' 1.00  1.00  0.00  0.75  0.75  0.00  0.00  0.00  0.00  0.00  0.00  0.75  0.00  0.00  0.00  0.00  0.00  0.00  0.00  0.00  0.00   0   0.00
       41   '-' 1.00  1.00  0.00  0.75  0.75  0.75  0.00  0.00  0.00  0.00  0.00  0.75  0.00  0.00  0.00  0.00  0.00  0.00  0.00  0.00  0.00   0   0.00
       42   '-' 1.00  1.00  0.00  0.75  0.75  0.00  0.75  0.00  0.00  0.00  0.00  0.75  0.00  0.00  0.00  0.00  0.00  0.00  0.00  0.00  0.00   0   0.00
       43   '-' 1.00  1.00  0.00  0.75  0.75  0.00  0.00  0.00  0.00  0.00  0.00  0.00  0.00  0.00  0.00  0.00  0.45  0.00  0.00  0.00  0.00   5   0.45
       44   '-' 1.00  1.00  0.00  0.75  0.75  0.00  0.00  0.00  0.00  0.00  0.00  0.00  0.00  0.00  0.00  0.00  0.45  0.00  0.00  0.00  0.00   6   0.45
       45   '-' 1.00  1.00  0.00  0.75  0.75  0.00  0.00  0.00  0.00  0.00  0.00  0.00  0.00  0.00  0.00  0.00 -0.45  0.00  0.00  0.00  0.00   5   0.45
       46   '-' 1.00  1.00  0.00  0.75  0.75  0.00  0.00  0.00  0.00  0.00  0.00  0.00  0.00  0.00  0.00  0.00 -0.45  0.00  0.00  0.00  0.00   6   0.45
       47   '-' 1.00  1.00  0.00  0.75  0.75  0.75  0.00  0.00  0.00  0.00  0.00  0.00  0.00  0.00  0.00  0.00  0.45  0.00  0.00  0.00  0.00   5   0.45
       48   '-' 1.00  1.00  0.00  0.75  0.75  0.75  0.00  0.00  0.00  0.00  0.00  0.00  0.00  0.00  0.00  0.00  0.45  0.00  0.00  0.00  0.00   6   0.45
       49   '-' 1.00  1.00  0.00  0.75  0.75  0.75  0.00  0.00  0.00  0.00  0.00  0.00  0.00  0.00  0.00  0.00 -0.45  0.00  0.00  0.00  0.00   5   0.45
       50   '-' 1.00  1.00  0.00  0.75  0.75  0.75  0.00  0.00  0.00  0.00  0.00  0.00  0.00  0.00  0.00  0.00 -0.45  0.00  0.00  0.00  0.00   6   0.45
       51   '-' 1.00  1.00  0.00  0.75  0.75  0.00  0.75  0.00  0.00  0.00  0.00  0.00  0.00  0.00  0.00  0.00  0.45  0.00  0.00  0.00  0.00   5   0.45
       52   '-' 1.00  1.00  0.00  0.75  0.75  0.00  0.75  0.00  0.00  0.00  0.00  0.00  0.00  0.00  0.00  0.00  0.45  0.00  0.00  0.00  0.00   6   0.45
       53   '-' 1.00  1.00  0.00  0.75  0.75  0.00  0.75  0.00  0.00  0.00  0.00  0.00  0.00  0.00  0.00  0.00 -0.45  0.00  0.00  0.00  0.00   5   0.45
       54   '-' 1.00  1.00  0.00  0.75  0.75  0.00  0.75  0.00  0.00  0.00  0.00  0.00  0.00  0.00  0.00  0.00 -0.45  0.00  0.00  0.00  0.00   6   0.45
       55   '-' 1.00  1.00  0.00  0.75  0.75  0.00  0.00  0.00  0.00  0.00  0.00  0.00  0.00  0.00  0.00  0.00  0.00  0.45  0.00  0.00  0.00   7   0.45
       56   '-' 1.00  1.00  0.00  0.75  0.75  0.00  0.00  0.00  0.00  0.00  0.00  0.00  0.00  0.00  0.00  0.00  0.00  0.45  0.00  0.00  0.00   8   0.45
       57   '-' 1.00  1.00  0.00  0.75  0.75  0.00  0.00  0.00  0.00  0.00  0.00  0.00  0.00  0.00  0.00  0.00  0.00 -0.45  0.00  0.00  0.00   7   0.45
       58   '-' 1.00  1.00  0.00  0.75  0.75  0.00  0.00  0.00  0.00  0.00  0.00  0.00  0.00  0.00  0.00  0.00  0.00 -0.45  0.00  0.00  0.00   8   0.45
       59   '-' 1.00  1.00  0.00  0.75  0.75  0.75  0.00  0.00  0.00  0.00  0.00  0.00  0.00  0.00  0.00  0.00  0.00  0.45  0.00  0.00  0.00   7   0.45
       60   '-' 1.00  1.00  0.00  0.75  0.75  0.75  0.00  0.00  0.00  0.00  0.00  0.00  0.00  0.00  0.00  0.00  0.00  0.45  0.00  0.00  0.00   8   0.45
       61   '-' 1.00  1.00  0.00  0.75  0.75  0.75  0.00  0.00  0.00  0.00  0.00  0.00  0.00  0.00  0.00  0.00  0.00 -0.45  0.00  0.00  0.00   7   0.45
       62   '-' 1.00  1.00  0.00  0.75  0.75  0.75  0.00  0.00  0.00  0.00  0.00  0.00  0.00  0.00  0.00  0.00  0.00 -0.45  0.00  0.00  0.00   8   0.45
       63   '-' 1.00  1.00  0.00  0.75  0.75  0.00  0.75  0.00  0.00  0.00  0.00  0.00  0.00  0.00  0.00  0.00  0.00  0.45  0.00  0.00  0.00   7   0.45
       64   '-' 1.00  1.00  0.00  0.75  0.75  0.00  0.75  0.00  0.00  0.00  0.00  0.00  0.00  0.00  0.00  0.00  0.00  0.45  0.00  0.00  0.00   8   0.45
       65   '-' 1.00  1.00  0.00  0.75  0.75  0.00  0.75  0.00  0.00  0.00  0.00  0.00  0.00  0.00  0.00  0.00  0.00 -0.45  0.00  0.00  0.00   7   0.45
       66   '-' 1.00  1.00  0.00  0.75  0.75  0.00  0.75  0.00  0.00  0.00  0.00  0.00  0.00  0.00  0.00  0.00  0.00 -0.45  0.00  0.00  0.00   8   0.45
       67   '-' 0.60  0.00  0.00  0.00  0.00  0.00  0.00  0.00  1.00  0.00  0.00  0.00  0.00  0.00  0.00  0.00  0.00  0.00  0.00  0.00  0.00   0   0.00
       68   '-' 0.60  0.00  0.00  0.00  0.00  0.00  0.00  0.00  0.00  1.00  0.00  0.00  0.00  0.00  0.00  0.00  0.00  0.00  0.00  0.00  0.00   0   0.00
       69   '-' 0.60  0.00  0.00  0.00  0.00  0.00  0.00  0.00  0.00  0.00  1.00  0.00  0.00  0.00  0.00  0.00  0.00  0.00  0.00  0.00  0.00   0   0.00
       70   '-' 0.60  0.00  0.00  0.00  0.00  0.00  0.00  0.00  0.00  0.00  0.00  1.00  0.00  0.00  0.00  0.00  0.00  0.00  0.00  0.00  0.00   0   0.00
       71   '-' 0.60  0.00  0.00  0.00  0.00  0.00  0.00  0.00  0.00  0.00  0.00  0.00  0.00  0.00  0.00  0.00  1.00  0.00  0.00  0.00  0.00   5   1.00
       72   '-' 0.60  0.00  0.00  0.00  0.00  0.00  0.00  0.00  0.00  0.00  0.00  0.00  0.00  0.00  0.00  0.00  1.00  0.00  0.00  0.00  0.00   6   1.00
       73   '-' 0.60  0.00  0.00  0.00  0.00  0.00  0.00  0.00  0.00  0.00  0.00  0.00  0.00  0.00  0.00  0.00 -1.00  0.00  0.00  0.00  0.00   5   1.00
       74   '-' 0.60  0.00  0.00  0.00  0.00  0.00  0.00  0.00  0.00  0.00  0.00  0.00  0.00  0.00  0.00  0.00 -1.00  0.00  0.00  0.00  0.00   6   1.00
       75   '-' 0.60  0.00  0.00  0.00  0.00  0.00  0.00  0.00  0.00  0.00  0.00  0.00  0.00  0.00  0.00  0.00  0.00  1.00  0.00  0.00  0.00   7   1.00
       76   '-' 0.60  0.00  0.00  0.00  0.00  0.00  0.00  0.00  0.00  0.00  0.00  0.00  0.00  0.00  0.00  0.00  0.00  1.00  0.00  0.00  0.00   8   1.00
       77   '-' 0.60  0.00  0.00  0.00  0.00  0.00  0.00  0.00  0.00  0.00  0.00  0.00  0.00  0.00  0.00  0.00  0.00 -1.00  0.00  0.00  0.00   7   1.00
       78   '-' 0.60  0.00  0.00  0.00  0.00  0.00  0.00  0.00  0.00  0.00  0.00  0.00  0.00  0.00  0.00  0.00  0.00 -1.00  0.00  0.00  0.00   8   1.00
       79   '-' 1.01  1.01  0.00  0.00  0.00  0.00  0.00  0.00  0.00  0.00  0.00  0.00  0.00  0.00  0.00  0.00  0.00  0.00  0.00  0.70  0.00   0   0.00
       80   '-' 1.01  1.01  0.00  0.00  0.00  0.00  0.00  0.00  0.00  0.00  0.00  0.00  0.00  0.00  0.00  0.00  0.00  0.00  0.00 -0.70  0.00   0   0.00
       81   '-' 1.01  1.01  0.75  0.75  0.00  0.00  0.00  0.00  0.00  0.00  0.00  0.00  0.00  0.00  0.00  0.00  0.00  0.00  0.00  0.52  0.00   0   0.00
       82   '-' 1.01  1.01  0.75  0.75  0.00  0.00  0.00  0.00  0.00  0.00  0.00  0.00  0.00  0.00  0.00  0.00  0.00  0.00  0.00 -0.52  0.00   0   0.00
       83   '-' 1.01  1.01  0.00  0.75  0.00  0.00  0.00  0.00  0.00  0.00  0.00  0.00  0.00  0.00  0.00  0.00  0.00  0.00  0.00  0.52  0.00   0   0.00
       84   '-' 1.01  1.01  0.00  0.75  0.00  0.00  0.00  0.00  0.00  0.00  0.00  0.00  0.00  0.00  0.00  0.00  0.00  0.00  0.00 -0.52  0.00   0   0.00
       85   '-' 0.59  0.00  0.00  0.00  0.00  0.00  0.00  0.00  0.00  0.00  0.00  0.00  0.00  0.00  0.00  0.00  0.00  0.00  0.00  0.70  0.00   0   0.00
       86   '-' 0.59  0.00  0.00  0.00  0.00  0.00  0.00  0.00  0.00  0.00  0.00  0.00  0.00  0.00  0.00  0.00  0.00  0.00  0.00 -0.70  0.00   0   0.00
       87   '-' 1.01  1.01  0.00  0.00  0.00  0.00  0.00  0.00  0.00  0.00  0.00  0.00  0.00  0.00  0.00  0.00  0.00  0.00  0.70  0.00  0.00   0   0.00
       88   '-' 1.01  1.01  0.00  0.00  0.00  0.00  0.00  0.00  0.00  0.00  0.00  0.00  0.00  0.00  0.00  0.00  0.00  0.00 -0.70  0.00  0.00   0   0.00
       89   '-' 1.01  1.01  0.75  0.75  0.00  0.00  0.00  0.00  0.00  0.00  0.00  0.00  0.00  0.00  0.00  0.00  0.00  0.00  0.52  0.00  0.00   0   0.00
       90   '-' 1.01  1.01  0.75  0.75  0.00  0.00  0.00  0.00  0.00  0.00  0.00  0.00  0.00  0.00  0.00  0.00  0.00  0.00 -0.52  0.00  0.00   0   0.00
       91   '-' 1.01  1.01  0.00  0.75  0.00  0.00  0.00  0.00  0.00  0.00  0.00  0.00  0.00  0.00  0.00  0.00  0.00  0.00  0.52  0.00  0.00   0   0.00
       92   '-' 1.01  1.01  0.00  0.75  0.00  0.00  0.00  0.00  0.00  0.00  0.00  0.00  0.00  0.00  0.00  0.00  0.00  0.00 -0.52  0.00  0.00   0   0.00
       93   '-' 0.59  0.00  0.00  0.00  0.00  0.00  0.00  0.00  0.00  0.00  0.00  0.00  0.00  0.00  0.00  0.00  0.00  0.00  0.70  0.00  0.00   0   0.00
       94   '-' 0.59  0.00  0.00  0.00  0.00  0.00  0.00  0.00  0.00  0.00  0.00  0.00  0.00  0.00  0.00  0.00  0.00  0.00 -0.70  0.00  0.00   0   0.00
       95   '-' 1.00  1.00  0.00  0.00  0.00  0.00  0.00  0.00  0.00  0.00  0.00  0.00  0.00  0.00  0.00  0.00  0.00  0.00  0.00  0.00  0.00   1   1.00
       96   '-' 1.00  1.00  0.00  0.00  0.00  0.00  0.00  0.00  0.00  0.00  0.00  0.00  0.00  0.00  0.00  0.00  0.00  0.00  0.00  0.00  0.00   2   1.00
       97   '-' 1.00  1.00  0.00  0.00  0.00  0.00  0.00  0.00  0.00  0.00  0.00  0.00  0.00  0.00  0.00  0.00  0.00  0.00  0.00  0.00  0.00   3   1.00
       98   '-' 1.00  1.00  0.00  0.00  0.00  0.00  0.00  0.00  0.00  0.00  0.00  0.00  0.00  0.00  0.00  0.00  0.00  0.00  0.00  0.00  0.00   4   1.00
       99   '-' 1.00  0.00  0.00  0.00  0.00  0.00  0.00  0.00  0.50  0.00  0.00  0.00  0.00  0.00  0.00  0.00  0.00  0.00  0.00  0.00  0.00   1   1.00
      100   '-' 1.00  0.00  0.00  0.00  0.00  0.00  0.00  0.00  0.00  0.00  0.50  0.00  0.00  0.00  0.00  0.00  0.00  0.00  0.00  0.00  0.00   1   1.00
      101   '-' 1.00  0.00  0.00  0.00  0.00  0.00  0.00  0.00  0.00  0.50  0.00  0.00  0.00  0.00  0.00  0.00  0.00  0.00  0.00  0.00  0.00   2   1.00
      102   '-' 1.00  0.00  0.00  0.00  0.00  0.00  0.00  0.00  0.00  0.00  0.00  0.50  0.00  0.00  0.00  0.00  0.00  0.00  0.00  0.00  0.00   2   1.00
      103   '-' 1.00  0.00  0.00  0.00  0.00  0.00  0.00  0.00  0.50  0.00  0.00  0.00  0.00  0.00  0.00  0.00  0.00  0.00  0.00  0.00  0.00   3   1.00
      104   '-' 1.00  0.00  0.00  0.00  0.00  0.00  0.00  0.00  0.00  0.00  0.50  0.00  0.00  0.00  0.00  0.00  0.00  0.00  0.00  0.00  0.00   3   1.00
      105   '-' 1.00  0.00  0.00  0.00  0.00  0.00  0.00  0.00  0.00  0.50  0.00  0.00  0.00  0.00  0.00  0.00  0.00  0.00  0.00  0.00  0.00   4   1.00
      106   '-' 1.00  0.00  0.00  0.00  0.00  0.00  0.00  0.00  0.00  0.00  0.00  0.50  0.00  0.00  0.00  0.00  0.00  0.00  0.00  0.00  0.00   4   1.00
      107   '-' 1.00  0.00  0.00  1.00  0.00  0.00  0.00  0.00  0.00  0.00  0.00  0.00  0.00  0.00  0.00  0.00  0.00  0.00  0.00  0.00  1.00   0   0.00
      108   '-' 1.00  0.00  0.00  1.00  0.00  0.00  0.00  0.00  0.00  0.00  0.00  0.00  0.00  0.00  0.00  0.00  0.00  0.00  0.00  0.00  1.00   0   0.00
      109   '-' 1.00  0.00  0.00  1.00  0.00  0.00  0.00  0.00  0.00  0.00  0.00  0.00  0.00  0.00  0.00  0.00  0.00  0.00  0.00  0.00 -1.00   0   0.00
      110   '-' 1.00  0.00  0.00  1.00  0.00  0.00  0.00  0.00  0.00  0.00  0.00  0.00  0.00  0.00  0.00  0.00  0.00  0.00  0.00  0.00 -1.00   0   0.00
      111   '-' 1.00  1.00  0.75  0.75  0.00  0.00  0.00  0.00  0.00  0.00  0.00  0.00  0.00  0.00  0.00  0.00  0.00  0.00  0.00  0.00  0.75   0   0.00
      112   '-' 1.00  1.00  0.75  0.75  0.00  0.00  0.00  0.00  0.00  0.00  0.00  0.00  0.00  0.00  0.00  0.00  0.00  0.00  0.00  0.00  0.75   0   0.00
      113   '-' 1.00  1.00  0.75  0.75  0.00  0.00  0.00  0.00  0.00  0.00  0.00  0.00  0.00  0.00  0.00  0.00  0.00  0.00  0.00  0.00 -0.75   0   0.00
      114   '-' 1.00  1.00  0.75  0.75  0.00  0.00  0.00  0.00  0.00  0.00  0.00  0.00  0.00  0.00  0.00  0.00  0.00  0.00  0.00  0.00 -0.75   0   0.00
      115   '-' 1.00  1.00  0.00  0.75  0.75  0.00  0.00  0.00  0.00  0.00  0.00  0.00  0.00  0.00  0.00  0.00  0.00  0.00  0.00  0.00  0.75   0   0.00
      116   '-' 1.00  1.00  0.00  0.75  0.75  0.00  0.00  0.00  0.00  0.00  0.00  0.00  0.00  0.00  0.00  0.00  0.00  0.00  0.00  0.00  0.75   0   0.00
      117   '-' 1.00  1.00  0.00  0.75  0.75  0.75  0.00  0.00  0.00  0.00  0.00  0.00  0.00  0.00  0.00  0.00  0.00  0.00  0.00  0.00  0.75   0   0.00
      118   '-' 1.00  1.00  0.00  0.75  0.75  0.75  0.00  0.00  0.00  0.00  0.00  0.00  0.00  0.00  0.00  0.00  0.00  0.00  0.00  0.00  0.75   0   0.00
      119   '-' 1.00  1.00  0.00  0.75  0.75  0.00  0.75  0.00  0.00  0.00  0.00  0.00  0.00  0.00  0.00  0.00  0.00  0.00  0.00  0.00  0.75   0   0.00
      120   '-' 1.00  1.00  0.00  0.75  0.75  0.00  0.75  0.00  0.00  0.00  0.00  0.00  0.00  0.00  0.00  0.00  0.00  0.00  0.00  0.00  0.75   0   0.00
      121   '-' 1.00  1.00  0.00  0.75  0.75  0.00  0.00  0.00  0.00  0.00  0.00  0.00  0.00  0.00  0.00  0.00  0.00  0.00  0.00  0.00 -0.75   0   0.00
      122   '-' 1.00  1.00  0.00  0.75  0.75  0.00  0.00  0.00  0.00  0.00  0.00  0.00  0.00  0.00  0.00  0.00  0.00  0.00  0.00  0.00 -0.75   0   0.00
      123   '-' 1.00  1.00  0.00  0.75  0.75  0.75  0.00  0.00  0.00  0.00  0.00  0.00  0.00  0.00  0.00  0.00  0.00  0.00  0.00  0.00 -0.75   0   0.00
      124   '-' 1.00  1.00  0.00  0.75  0.75  0.75  0.00  0.00  0.00  0.00  0.00  0.00  0.00  0.00  0.00  0.00  0.00  0.00  0.00  0.00 -0.75   0   0.00
      125   '-' 1.00  1.00  0.00  0.75  0.75  0.00  0.75  0.00  0.00  0.00  0.00  0.00  0.00  0.00  0.00  0.00  0.00  0.00  0.00  0.00 -0.75   0   0.00
      126   '-' 1.00  1.00  0.00  0.75  0.75  0.00  0.75  0.00  0.00  0.00  0.00  0.00  0.00  0.00  0.00  0.00  0.00  0.00  0.00  0.00 -0.75   0   0.00
 
*(33)LOAD COMBINATIONS - DEFLECTION:
*               -----------------------------------------------------Load_Coefficients------------------------------------------------------
*     Load Group            ---Live---        -Add_Snow-        --Wind_1--  --Wind_2--  --Wind_3--  --Wind_4--   Long_Wind  --Seismic-         Aux_Load
*No.   Id    Id Dead  Coll  Roof Floor  Snow Drift Slide  Rain    Lt    Rt    Lt    Rt    Lt    Rt    Lt    Rt     1     2  Long  Tran  Temp  Id  Coeff
   0
 
*(34)LOAD COMBINATIONS - SPECIAL:
*                                 -----------------------------------------------------Load_Coefficients------------------------------------------------------
*     Load Group                              ---Live---        -Add_Snow-        --Wind_1--  --Wind_2--  --Wind_3--  --Wind_4--   Long_Wind  --Seismic-         Aux_Load
*No.   Id    Id  Use  Code        Dead  Coll  Roof Floor  Snow Drift Slide  Rain    Lt    Rt    Lt    Rt    Lt    Rt    Lt    Rt     1     2  Long  Tran  Temp  Id  Coeff
  16  127   '-' 'EP' '---------'  1.01  1.01  0.00  0.00  0.00  0.00  0.00  0.00  0.00  0.00  0.00  0.00  0.00  0.00  0.00  0.00  0.00  0.00  0.00  2.10  0.00   0   0.00
      128   '-' 'EP' '---------'  1.01  1.01  0.00  0.00  0.00  0.00  0.00  0.00  0.00  0.00  0.00  0.00  0.00  0.00  0.00  0.00  0.00  0.00  0.00 -2.10  0.00   0   0.00
      129   '-' 'EP' '---------'  1.01  1.01  0.75  0.75  0.00  0.00  0.00  0.00  0.00  0.00  0.00  0.00  0.00  0.00  0.00  0.00  0.00  0.00  0.00  1.57  0.00   0   0.00
      130   '-' 'EP' '---------'  1.01  1.01  0.75  0.75  0.00  0.00  0.00  0.00  0.00  0.00  0.00  0.00  0.00  0.00  0.00  0.00  0.00  0.00  0.00 -1.57  0.00   0   0.00
      131   '-' 'EP' '---------'  1.01  1.01  0.00  0.75  0.00  0.00  0.00  0.00  0.00  0.00  0.00  0.00  0.00  0.00  0.00  0.00  0.00  0.00  0.00  1.57  0.00   0   0.00
      132   '-' 'EP' '---------'  1.01  1.01  0.00  0.75  0.00  0.00  0.00  0.00  0.00  0.00  0.00  0.00  0.00  0.00  0.00  0.00  0.00  0.00  0.00 -1.57  0.00   0   0.00
      133   '-' 'EP' '---------'  0.59  0.00  0.00  0.00  0.00  0.00  0.00  0.00  0.00  0.00  0.00  0.00  0.00  0.00  0.00  0.00  0.00  0.00  0.00  2.10  0.00   0   0.00
      134   '-' 'EP' '---------'  0.59  0.00  0.00  0.00  0.00  0.00  0.00  0.00  0.00  0.00  0.00  0.00  0.00  0.00  0.00  0.00  0.00  0.00  0.00 -2.10  0.00   0   0.00
      135   '-' 'BP' '---------'  1.01  1.01  0.00  0.00  0.00  0.00  0.00  0.00  0.00  0.00  0.00  0.00  0.00  0.00  0.00  0.00  0.00  0.00  0.00  2.10  0.00   0   0.00
      136   '-' 'BP' '---------'  1.01  1.01  0.00  0.00  0.00  0.00  0.00  0.00  0.00  0.00  0.00  0.00  0.00  0.00  0.00  0.00  0.00  0.00  0.00 -2.10  0.00   0   0.00
      137   '-' 'BP' '---------'  1.01  1.01  0.75  0.75  0.00  0.00  0.00  0.00  0.00  0.00  0.00  0.00  0.00  0.00  0.00  0.00  0.00  0.00  0.00  1.57  0.00   0   0.00
      138   '-' 'BP' '---------'  1.01  1.01  0.75  0.75  0.00  0.00  0.00  0.00  0.00  0.00  0.00  0.00  0.00  0.00  0.00  0.00  0.00  0.00  0.00 -1.57  0.00   0   0.00
      139   '-' 'BP' '---------'  1.01  1.01  0.00  0.75  0.00  0.00  0.00  0.00  0.00  0.00  0.00  0.00  0.00  0.00  0.00  0.00  0.00  0.00  0.00  1.57  0.00   0   0.00
      140   '-' 'BP' '---------'  1.01  1.01  0.00  0.75  0.00  0.00  0.00  0.00  0.00  0.00  0.00  0.00  0.00  0.00  0.00  0.00  0.00  0.00  0.00 -1.57  0.00   0   0.00
      141   '-' 'BP' '---------'  0.59  0.00  0.00  0.00  0.00  0.00  0.00  0.00  0.00  0.00  0.00  0.00  0.00  0.00  0.00  0.00  0.00  0.00  0.00  2.10  0.00   0   0.00
      142   '-' 'BP' '---------'  0.59  0.00  0.00  0.00  0.00  0.00  0.00  0.00  0.00  0.00  0.00  0.00  0.00  0.00  0.00  0.00  0.00  0.00  0.00 -2.10  0.00   0   0.00
 
*(35)AUXILIARY LOAD:
*                        No._Add  --Add_Comb-
*No.   Id   Name          Loads   Id    Coeff
   8    1  'F4CRANEA1 '      4     1   -62.07
                                   2     3.95
                                   3   -19.14
                                   4     3.95
        2  'F4CRANEA2 '      4     1   -62.07
                                   2    -3.95
                                   3   -19.14
                                   4    -3.95
        3  'F4CRANEA3 '      4     1   -19.14
                                   2     3.95
                                   3   -62.07
                                   4     3.95
        4  'F4CRANEA4 '      4     1   -19.14
                                   2    -3.95
                                   3   -62.07
                                   4    -3.95
        5  'LWIND1_L2E'      1     5     1.00
        6  'LWIND1_R2E'      1     6     1.00
        7  'LWIND2_L2E'      1     5     1.00
        8  'LWIND2_R2E'      1     6     1.00
 
*(36)ADDITIONAL LOADS:
*     Add Group Loc  Basic        Load       Fx        Fy      Mom        Dx        Dy  .. Conc
*No.   Id   Id   Id  Load         Type       W1        W2       Co       Dl1       Dl2  .. Dist
   6    1  '-'    1 '------    '  'C '    0.000     1.000    0.000    1530.0    5681.6
        2  '-'    1 '------    '  'C '    1.000     0.000    0.000    1530.0    6200.0
        3  '-'    4 '------    '  'C '    0.000     1.000    0.000   -1530.0   -2738.4
        4  '-'    4 '------    '  'C '    1.000     0.000    0.000   -1530.0   -2220.0
        5  '-'    2 'U_WIND    '  'D '     1.24      1.24    0.000       0.0    4494.0
        6  '-'    3 'U_WIND    '  'D '     1.24      1.24    0.000    6797.0   11291.0
 
*(37)STEPPED LOAD COEFFICIENTS:
*    Group Basic    Loc   No.  ----Step_1---   ----Step_2---   ----Step_3---
*No.   Id  Load      Id  Step  Locate   Coef   Locate   Coef   Locate   Coef
  4   '-' 'WINDL1'    2    2  11235.0  1.000  11291.0  0.574
      '-' 'WINDR1'    3    2     56.0  0.574  11291.0  1.000
      '-' 'WINDL2'    2    2  11235.0  1.000  11291.0  0.402
      '-' 'WINDR2'    3    2     56.0  0.402  11291.0  1.000
 
*(38)FLOOR BEAMS:
*Bay                      Con_Type   Con_Loc     --Properties--
* Id   No.  Id   Height   Lt    Rt   Lt    Rt    Area       Ixx
   1    0
 
*(39)DIAGONAL BRACING:
*Bay
* Id   No.     Id   Level   Opt    Area
   1    0
 
*(40)CRANE BRACKET:
*        Span ----Crane----  ----Beam----    ----Offset----  -----Bracket------  Col_Sup
*No. Id Lt Rt Type   Height  Depth  Width     Left    Right  Type Opt  Select     Lt  Rt    Load
  1   1  1  1 'TG'   6200.0 366.00 200.00   1530.0   1530.0  'WW' '1' '--------' 'N' 'N'   62.07
 
*(41)DESIGN PLATES:
*     ----Plate---   --Plate_Size-   Bolt   Bolt  ----Top---  --Bottom--   Bolt
*No.  Type      Id   Width   Thick    Dia   Gage  Row  Space  Row  Space  Gage2
  2  'BASE'      1    0.00    0.00   0.00   0.00   1    0.00   1    0.00   0.00
     'BASE'      2    0.00    0.00   0.00   0.00   1    0.00   1    0.00   0.00
 
 
*(42)ENDWALL COLUMNS:
*Wall   Expand_EW                                    Max_Deflect
* Id   Use  Offset    No.   Locate  Offset  Option   Down     Up
   1  'Y '  440.00     0
   3  'Y '  440.00     0
 
*(43)JACK BEAMS:
*                                                 Spring_Constant
*No.    Id   Offset   Height   Length   Part        Horz    Vert
  0
 
*(44)LINER:
*---Wall_Height---
*    F_SW     B_SW  Roof
      0.0      0.0  'N'
 
*(45)ADDITIONAL COLUMNS:
*No.  Id  Type  Rot  Opt  Part           Elev
  0
 
*(46)DESIGN CODE OPTIONS:
*No.   Event                         Condition
  0
 
*(47)CORNER BRACE:
*      Loc   Member
* No.   Id   Size
   0
 
*COLUMN ADDITIONAL BRACE LOCATION DESCRIPTIONS:
*  Id  Description
*   1  Crane System 1
*   2  Crane System 1
 
*AUXILIARY LOAD DESCRIPTIONS:
* Aux
*  Id  Description
*   1  Crane load
*   2  Crane load
*   3  Crane load
*   4  Crane load
*   5  Longitudinal wind load, case 1
*   6  Longitudinal wind load, case 1
*   7  Longitudinal wind load, case 2
*   8  Longitudinal wind load, case 2
*
*ADDITIONAL LOAD DESCRIPTIONS:
* Add
*  Id  Description
*   1  Crane load vertical on aisle 1 left column
*   2  Crane load horizontal to right on aisle 1 left column
*   3  Crane load vertical on aisle 1 right column
*   4  Crane load horizontal to left on aisle 1 right column
*   5  Longitudinal wind load
*   6  Longitudinal wind load
*
* Code files used:
*   MBMA.10N
*   RF_MBMA.10N Version 4.0
*
*DS_RFDEP.Siz
*Surface  Span  --Required-   -----------Selected----------
*  Id      Id   Type   Span   Type   Span  #Depth  #Splice
*   1       1    W     8420    No record selected
*   2       1    C    11235    C    11000     1       1
*   3       1    C    11235    C    11000     1       1
*   4       1    W     8420    No record selected
*
* Calculated Seismic Mass, W = 78.46 kN
================================================================================
 C323-153-Final      Frame  4 - Design Code                 11/AUG/2025  1:04pm
================================================================================

 STRUCTURAL CODE:
 ----------------
   Design Basis      : WS  - Working Stress
   Hot  Rolled Steel : AISC05
   Cold Formed Steel : NAUS07  

 BUILDING CODE:
 --------------
   Wind Code         : MBMA 10
   Seismic Zone      : B  

 MODULUS OF ELASTICITY:
 ----------------------
   Hot  Rolled Steel : 199955 (MN/m2)
   Cold Formed Steel : 203403 (MN/m2)
 
================================================================================
 C323-153-Final      Frame  4 - Base Plates and Anchor Bolt 11/AUG/2025  1:04pm
================================================================================

 DESIGN CONSTANTS:
 -----------------
  Base Plate Yield     = 345.0 (MN/m2)
  Concrete Bearing     =   7.0 (MN/m2)                                    
  Bolt Type            = A36  
  Bolt Shear   Stress  =  80.0 (MN/m2)
  Bolt Tension Stress  = 150.0 (MN/m2)
 

 BASE PLATE & BOLT SIZE:
 -----------------------

                                                  Bolt_Row
 --Column_Base--  --Plate_Size(mm)--  Bolt(A36  ) Near_Flg  --Bolt_Space(mm)-
 Id    Typ Depth  Width Length Thick   Dia  Gage  Out   In   End   Out   Flg
 ----- --- -----  ----- ------ -----  ----- ----  ---  ---  ----- ----- -----
 Left   FI   412   200  706.0  16.00  20.00  100    1    1  75.00  0.00 150.0
 Right  FI   412   200  706.0  16.00  20.00  100    1    1  75.00  0.00 150.0
 

         Base_Bending  Web_Tension  ---------------Bolts(kN)--------------
 Col         (MN/m2)      (MN/m2)   Bolt_Tension  -Bolt_Comp-   Bolt_Shear  Max   Req   Req
 Loc   Ld  Calc Limit   Calc Limit   Calc  Limit   Calc Limit   Calc Limit   UC Thick   Dia
 ----- -- ----- -----  ----- -----  -----  -----  ----- -----  ----- ----- ---- ----- -----
 Left   2    95   311     89   207   29.0   47.1    0.0  47.1    3.7  25.1 0.61 10.87 15.68
 Left  67    90   311    127   207   41.1   47.1    0.0  47.1    3.8  25.1 0.87 10.87 15.68
 Right  1    96   311     90   207   29.1   47.1    0.0  47.1    3.7  25.1 0.62 10.87 15.73
 Right 68    90   311    127   207   41.2   47.1    0.0  47.1    3.8  25.1 0.87 10.87 15.73

 BASE REACTIONS:
 ---------------

 Column  -Max_Compression(kN,kN-m)-   --Max_Tension(kN,kN-m)---
 Loc      Ld   Axial  Shear  Moment    Ld  Axial  Shear  Moment
 ------  ----  -----  -----  ------   ---- -----  -----  ------
 Left      2    53.4   29.7    69.6    67  -35.9   30.1    70.9
 Right     1    53.4   29.7    69.9    68  -35.9   30.1    71.1

 GUSSET PLATES:
 --------------

 Column  Gusset    --Plate_Size(mm)--      -Max_Comp(MN/m2)  Max_Tension(MN/m2)
 Locate  Locate    Width Thick Length  Ld  Calc  Limit   UC   Calc Limit   UC
 ------  --------  ----- ----- ------  --  ----- ----- ----  ----- ----- ----
 Left    Flg_Base  147.0 10.00  197.0   2  167.9 178.5 0.94   62.6 207.0 0.30
                                       67  152.1 178.5 0.85   89.0 207.0 0.43
 Right   Flg_Base  147.0 10.00  197.0   1  168.1 178.5 0.94   63.0 207.0 0.30
                                       68  152.3 178.5 0.85   89.2 207.0 0.43

 CONCRETE:
 ---------

          Comp_in
 Column   Bolt_Or       --Bearing(MN/m2)--   Bearing
 Locate   Concrete  Ld   Calc  Limit    UC  Length(mm)
 ------   --------  --  -----  -----  ----  ----------
 Left        C       2    7.0    7.0  1.00    241.7
                    67    7.0    7.0  1.00    183.7
 Right       C       1    7.0    7.0  1.00    242.7
                    68    7.0    7.0  1.00    184.3
 

 WELDS:
 ------
          Outside_Flange_To_Base  Inside_Flange_To_Base   -----Web_To_Base-----
 Base               Shear(kN/mm)            Shear(kN/mm)            Shear(kN/mm)
 Id       Size  Typ  Calc Limit   Size  Typ  Calc Limit   Size  Typ  Calc Limit
 -----    ----- --- ----- -----   ----- --- ----- -----   ----- --- ----- -----
 Left      5.00  F2 0.424 0.510    5.00  F2 0.424 0.510    4.00  F2 0.038 0.410
 Right     5.00  F2 0.425 0.510    5.00  F2 0.425 0.510    4.00  F2 0.038 0.410


                    ----Gusset_To_Base---   ---Gusset_To_Column--
 Column  Gusset               Shear(kN/mm)            Shear(kN/mm)
 Locate  Locate     Size  Typ  Calc Limit   Size  Typ  Calc Limit
 ------  --------   ----- --- ----- -----   ----- --- ----- -----
 Left    Flg_Base    6.00  F2 0.229 0.620    4.00  F2 0.171 0.410
 Right   Flg_Base    6.00  F2 0.229 0.620    4.00  F2 0.171 0.410
 

 LOAD COMBINATIONS:
 ------------------
     1   Dead+Collateral+Live
     2   Dead+Collateral+Live
    67   0.6Dead+Wind_Left1
    68   0.6Dead+Wind_Right1
 
================================================================================
 C323-153-Final      Frame  4 - Bolted-End-Plates           11/AUG/2025  1:04pm
================================================================================

 DESIGN CONSTANTS:
 -----------------
  Splice Yield         = 345.0 (MN/m2)
  Bolt Type            = Gr8.8 Snug-Tightened
  Bolt Shear   Stress  = 160.0 (MN/m2)
  Bolt Tension Stress  = 299.9 (MN/m2)


 PLATE SIZE:
 -----------
  Splice  Member    Web   Splice(mm)  -----------------Bolts(Gr8.8)-----------------
  Id Typ  Locate  Depth  Width Thick    Dia  Gage Gage2 RowT SpaceT RowB SpaceB RowI
  -- ---  ------  -----  ----- -----  ----- ----- ----- ---- ------ ---- ------ ----
   1 HSS   2- 3   700.0    200 16.00  20.00 100.0 100.0   2  100.0    2  100.0    1
   2 -SS   3- 4   250.0    200 16.00  20.00 100.0 100.0   2  100.0    2  100.0    0
   3 -SS   4- 5   452.2    200 16.00  20.00 100.0 100.0   2  100.0    2  100.0    0
   4 -SS   5- 6   250.0    200 16.00  20.00 100.0 100.0   2  100.0    2  100.0    0
   5 HSS   6- 7   700.0    200 16.00  20.00 100.0 100.0   2  100.0    2  100.0    1

 PLATE DESIGN:
 -------------
             -------Max_Moment------  -------Max_Shear------
  Splice Ten Load Axial Shear Moment  Load Axial Shear Moment    Req   Req  Bolt
  Id Typ Loc  Id   (kN)  (kN) (kN-m)   Id   (kN)  (kN) (kN-m)  Thick   Dia    UC
  -- --- --- ---- ----- ----- ------  ---- ----- ----- ------  ----- ----- -----
   1 HSS Top   2   50.7 -30.0  154.8    2   50.7 -30.0  154.8  14.23 15.21  0.58
         Bot  67  -37.5  18.8 -112.7   72  -26.6  21.9  -76.5  14.23 12.98  0.42
   2 -SS Top   2   32.5  26.4   21.5    2   32.5  26.4   21.5  14.82  9.40  0.22
         Bot  67  -21.9 -18.7  -13.4   67  -21.9 -18.7  -13.4  14.83  7.41  0.14
   3 -SS Top  68  -22.6  -2.7   34.0   67  -22.6   2.8   34.0  14.85  8.85  0.20
         Bot   1   29.7  -0.2  -58.8   22   14.6  -2.1  -27.2  14.85 11.64  0.34
   4 -SS Top   1   32.5 -26.3   21.4    1   32.5 -26.3   21.4  14.82  9.36  0.22
         Bot  68  -21.9  18.7  -13.2   68  -21.9  18.7  -13.2  14.83  7.37  0.14
   5 HSS Top   1   50.7  30.0  154.5    1   50.7  30.0  154.5  14.23 15.19  0.58
         Bot  68  -37.5 -18.8 -112.5   71  -26.6 -21.9  -76.4  14.23 12.97  0.42

 WELDS:
 ------
          Outside_Flange_To_Bep   Inside_Flange_To_Bep    -----Web_To_Bep------
 Splice             Shear(kN/mm)            Shear(kN/mm)            Shear(kN/mm)
 Id Side   Size Typ  Calc Limit    Size Typ  Calc Limit    Size Typ  Calc Limit
 -- ----  ----- --- ----- -----   ----- --- ----- -----   ----- --- ----- -----
  1   L    5.00  F2 0.450 0.510    4.00  F2 0.328 0.410    4.00  F2 0.021 0.410
  1   R    6.00  F2 0.526 0.620    4.00  G1 0.921 0.938    4.00  F2 0.021 0.410
  2   L    4.00  F2 0.274 0.410    4.00  F2 0.192 0.410    4.00  F2 0.053 0.410
  2   R    4.00  F2 0.274 0.410    4.00  F2 0.170 0.410    4.00  F2 0.053 0.410
  3   L    4.00  F2 0.204 0.410    4.00  F2 0.353 0.410    4.00  F2 0.003 0.410
  3   R    4.00  F2 0.204 0.410    4.00  F2 0.353 0.410    4.00  F2 0.003 0.410
  4   L    4.00  F2 0.272 0.410    4.00  F2 0.169 0.410    4.00  F2 0.053 0.410
  4   R    4.00  F2 0.272 0.410    4.00  F2 0.190 0.410    4.00  F2 0.053 0.410
  5   L    6.00  F2 0.526 0.620    4.00  G1 0.920 0.938    4.00  F2 0.021 0.410
  5   R    5.00  F2 0.449 0.510    4.00  F2 0.327 0.410    4.00  F2 0.021 0.410
 

 LOAD COMBINATIONS:
 ------------------
     1   Dead+Collateral+Live
     2   Dead+Collateral+Live
    22   Dead+Collateral+0.75Live+0.75Wind_Right2+0.75Floor_Live
    67   0.6Dead+Wind_Left1
    68   0.6Dead+Wind_Right1
    71   0.6Dead+Wind_Long1+LWIND1_L2E
    72   0.6Dead+Wind_Long1+LWIND1_R2E
 
================================================================================
 C323-153-Final      Frame  4 - Bearing Stiffeners          11/AUG/2025  1:04pm
================================================================================

 Stiffener Yield =  345 (MN/m2)
 Corner Cut      = 15.0 (mm)

 STIFFENER SIZE:
 ---------------
  ----Stiffener---  --Web(mm)--  ----Stiffener_Size(mm)---
  Location  Offset  Depth Thick  Width  Thick  Length  No.
  --------  ------  ----- -----  -----  -----  ------  ---
  Lt Col         0  600.0  5.00   60.0   6.00   600.0   1
  Rt Col     22470  600.0  5.00   60.0   6.00   600.0   1

 STIFFENER DESIGN:
 -----------------
            ----Tension(kN)---  --Compression(kN)-   Max
  Location  Load   Calc  Limit  Load   Calc  Limit    UC
  --------  ----  -----  -----  ----  -----  -----  ----
  Lt Col      67  104.8  111.6     2  143.7  240.8  0.94 
  Rt Col      68  104.6  111.6     1  143.5  240.8  0.94 

 WELDS:
 ------
                     ---Stiff_To_Flg/EP---   -----Stiff_To_Web----
  Stiffener                    Shear(kN/mm)            Shear(kN/mm)
  Location            Size Typ  Calc Limit    Size Typ  Calc Limit
  ----------         ----- --- ----- -----   ----- --- ----- -----
  Lt Col              6.00  F2 0.582 0.620    4.00  F2 0.061 0.410
  Rt Col              6.00  F2 0.581 0.620    4.00  F2 0.061 0.410
 

 LOAD COMBINATIONS:
 ------------------
     1   Dead+Collateral+Live
     2   Dead+Collateral+Live
    67   0.6Dead+Wind_Left1
    68   0.6Dead+Wind_Right1
 
================================================================================
 C323-153-Final      Frame  4 - Flange Braces               11/AUG/2025  1:04pm
================================================================================

 DESIGN CONSTANTS:
 -----------------
  Flange Brace Yield   = 345.0 MN/m2
  Girt/Purlin  Yield   = 345.0 MN/m2
  Flange Brace Bolt    = Gr8.8 (0 Washers)
  Bolt Shear  Stress   = 160.0 MN/m2

  Flange Brace Force
    Inside flange, max of bending compression                        

 LAYOUT:
 -------
  Surf                   Seg   Web  Brace Angle Design -----Bolt_Dia----- --Attachment-
   Id  Loc Side Part      Id Depth Offset   Deg Length Frame Purlin  Clip Frame  Purlin Ref
  ---- --- ---- -------- --- ----- ------ ----- ------ ----- ------ ----- ------ ------ -----
    1    2   2  L40X40X4   1 668.5  660.0  40.9  931.9 12.00  12.00       Clip   Web         
    2    1   2  L40X40X4   3 553.5  660.0  48.0  821.0 12.00  12.00       Clip   Web         
         3   2  L40X40X4   3 302.8  330.0  43.1  409.5 12.00  12.00       Clip   Web         
         5   2  L40X40X4   4 316.5  330.0  42.0  418.8 12.00  12.00       Clip   Web         
         7   2  L40X40X4   4 400.6  330.0  35.3  484.6 12.00  12.00       Clip   Web         
         8   2  L40X40X4   4 442.7  330.0  32.6  519.6 12.00  12.00       Clip   Web         
    3    1   2  L40X40X4   5 442.7  330.0  32.6  519.6 12.00  12.00       Clip   Web         
         2   2  L40X40X4   5 400.6  330.0  35.3  484.6 12.00  12.00       Clip   Web         
         4   2  L40X40X4   5 316.5  330.0  42.0  418.8 12.00  12.00       Clip   Web         
         6   2  L40X40X4   6 302.8  330.0  43.1  409.5 12.00  12.00       Clip   Web         
         8   2  L40X40X4   6 553.5  660.0  48.0  821.0 12.00  12.00       Clip   Web         
    4    2   2  L40X40X4   8 668.5  660.0  40.9  931.9 12.00  12.00       Clip   Web         

 DESIGN:
 -------
  Surf        Load(kN-m)  Force  -Brace_UC-  ---Connection_UC---
   Id   Loc    Id Moment   (kN)  Comp  Tens  Frame  Purlin  Clip
  ----  ---  ---- ------  -----  ----  ----  -----  ------  ----
    1     2    95   36.0   0.51  0.04  0.03   0.03    0.07      
    2     1     2  129.1   2.41  0.18  0.16   0.13    0.33      
          3     2   36.7   1.54  0.08  0.10   0.09    0.11      
          5    67   19.4   0.69  0.03  0.05   0.04    0.05      
          7    67   36.7   1.12  0.06  0.07   0.06    0.08      
          8    67   35.0   1.01  0.05  0.07   0.06    0.07      
    3     1    68   35.1   1.01  0.05  0.07   0.06    0.07      
          2    68   36.7   1.12  0.06  0.07   0.06    0.08      
          4    68   19.5   0.70  0.03  0.05   0.04    0.05      
          6     1   36.5   1.54  0.08  0.10   0.08    0.11      
          8     1  128.8   2.40  0.18  0.16   0.13    0.33      
    4     2    98   36.0   0.51  0.04  0.03   0.03    0.07      

 LOAD COMBINATIONS:
 ------------------
     1   Dead+Collateral+Live
     2   Dead+Collateral+Live
    67   0.6Dead+Wind_Left1
    68   0.6Dead+Wind_Right1
    95   Dead+Collateral+F4CRANEA1
    98   Dead+Collateral+F4CRANEA4
 
================================================================================
 C323-153-Final      Frame  4 - Web To Flange Weld          11/AUG/2025  1:04pm
================================================================================

                                                        ---Web_Flange_Weld---
  Surf  Mem  Seg  Sec  Load  Shear     Ixx           Q           Shear(kN/mm)
   Id    Id   Id   Id    Id   (kN)   (cm4)  Flg  (cm3)   Size Typ  Calc Limit
  ----  ---  ---  ---  ----  -----  ------  ---  -----  ----- --- ----- -----
    1     1    1    1    67   28.7   10085  Out    183   4.00  F1 0.052 0.410
                                            In     183   4.00  F1 0.052 0.410
    1     2    2   19     2   29.9   36722  Out    318   4.00  F1 0.026 0.410
                                            In     318   4.00  F1 0.026 0.410
    2     3    3   28     2   25.0    3375  Out    105   4.00  F1 0.078 0.410
                                            In     117   4.00  F1 0.087 0.410
    2     4    4   29     2   26.8    2553  Out     80   4.00  F1 0.084 0.410
                                            In      80   4.00  F1 0.084 0.410
    3     5    5   58     1   26.8    2553  Out     80   4.00  F1 0.084 0.410
                                            In      80   4.00  F1 0.084 0.410
    3     6    6   59     1   24.9    3375  Out    105   4.00  F1 0.078 0.410
                                            In     117   4.00  F1 0.086 0.410
    4     7    7   68     1   29.9   36722  Out    318   4.00  F1 0.026 0.410
                                            In     318   4.00  F1 0.026 0.410
    4     8    8   86    68   28.7   10085  Out    183   4.00  F1 0.052 0.410
                                            In     183   4.00  F1 0.052 0.410

 LOAD COMBINATIONS:
 ------------------
     1   Dead+Collateral+Live
     2   Dead+Collateral+Live
    67   0.6Dead+Wind_Left1
    68   0.6Dead+Wind_Right1
 
================================================================================
 C323-153-Final      Frame  4 - Special Segments            11/AUG/2025  1:04pm
================================================================================

  FLANGE PLATE:
  ----------------
            --Initial--   ---Final---
            Width Thick   Width Thick
   Locate    (mm)  (mm)    (mm)  (mm)
   ------   ----- -----   ----- -----
   Lt Col     125  6.00     125  6.00
   Rt Col     125  6.00     125  6.00



  WEB PLATE:
  ----------
                                Calc  ---Initial--  ------Final------
           ------Actions-----    Web    Web  Shear    Web  Shear
                Axial  Moment  Shear  Thick  Limit  Thick  Limit
   Locate   Id   (kN)  (kN-m)   (kN)   (mm)   (kN)   (mm)   (kN)   UC  Note
   ------  ---  -----  ------  -----  -----  -----  -----  ----- ----  -------------
   Lt Col    2   50.8   154.8  195.8   4.00  107.4   5.00  209.8 0.93  G2-1           
   Rt Col    1   50.7   154.5  195.4   4.00  107.4   5.00  209.8 0.93  G2-1           
 

  REQUIRED WEB DESIGN:
  --------------------
               Web  Stiff
   Locate    Depth  Space
   ------    -----  -----
   Lt Col    565.2  670.0
   Rt Col    565.2  670.0

 LOAD COMBINATIONS:
 ------------------
     1   Dead+Collateral+Live
     2   Dead+Collateral+Live
 
================================================================================
 C323-153-Final      Frame  4 - Design Summary              11/AUG/2025  1:04pm
================================================================================

 FRAME:
 ------
   Id        =   4
   Type      =  RF
   Line Id   =   6
   Load Width=   5905
   UC   Limit=   1.00
   KL/R Limit= 200.00

 MEMBERS:
 --------
                                                                -----Max_Axial+Moment----
 Srf Mem Seg --Flange- Web_Depth -Plate_Thickness- --Max_Shear- ----O-Flg--- ----I-Flg---  Max
  Id  Id  Id  Len  Wid Strt  End   Web O-flg I-flg  Id  Ld  Ucv  Id  Ld  Uco  Id  Ld  Uci KL/R
 --- --- --- ---- ---- ---- ---- ----- ----- ----- --- --- ---- --- --- ---- --- --- ---- ----
   1   1   1 4000  150  400  700  5.00  6.00  6.00  10   2 0.28   1   2 0.75   1  67 0.66  130
   1   2   2 4287  150  700  700  5.00  6.00  6.00  19   2 0.30  19  67 0.58  19   2 0.90   97
   2   3   3 4478  125  600  250  4.00  6.00  8.00  20   2 0.71  20   2 0.93  20   2 0.95  106
   2   4   4 6575  125  250  450  4.00  5.00  5.00  29   2 0.22  39   1 0.86  29   2 0.60  111
   3   5   5 6575  125  450  250  4.00  5.00  5.00  58   1 0.22  48   2 0.86  58   1 0.59  111
   3   6   6 4478  125  250  600  4.00  6.00  8.00  67   1 0.71  67   1 0.93  67   1 0.95  106
   4   7   7 4287  150  700  700  5.00  6.00  6.00  68   1 0.30  68  68 0.58  68   1 0.90   97
   4   8   8 4000  150  700  400  5.00  6.00  6.00  77   1 0.28  86   1 0.76  86  68 0.66  130
 

 LOAD COMBINATIONS:
 ------------------
      #  Controlling Load Combination In Design Summary

  Strength & Deflection Combinations:
     1#  Dead+Collateral+Live
     2#  Dead+Collateral+Live
     3   Dead+Collateral+Floor_Live
     4   Dead+Collateral+Floor_Live
     5   Dead+Collateral+Snow
     6   Dead+Collateral+Snow
     7   Dead+Collateral+Snow+Snow_Drift
     8   Dead+Collateral+Snow+Snow_Drift
     9   Dead+Collateral+Snow+Slide_Snow
    10   Dead+Collateral+Snow+Slide_Snow
    11   Dead
    12   Dead
    13   Dead+Collateral+0.75Snow+0.75Floor_Live
    14   Dead+Collateral+0.75Snow+0.75Floor_Live
    15   Dead+Collateral+0.75Snow+0.75Snow_Drift+0.75Floor_Live
    16   Dead+Collateral+0.75Snow+0.75Snow_Drift+0.75Floor_Live
    17   Dead+Collateral+0.75Snow+0.75Slide_Snow+0.75Floor_Live
    18   Dead+Collateral+0.75Snow+0.75Slide_Snow+0.75Floor_Live
    19   Dead+Collateral+0.75Live+0.75Wind_Left1+0.75Floor_Live
    20   Dead+Collateral+0.75Live+0.75Wind_Right1+0.75Floor_Live
    21   Dead+Collateral+0.75Live+0.75Wind_Left2+0.75Floor_Live
    22   Dead+Collateral+0.75Live+0.75Wind_Right2+0.75Floor_Live
    23   Dead+Collateral+0.75Live+0.75Wind_Long1+0.75Floor_Live+0.75LWIND1_L2E
    24   Dead+Collateral+0.75Live+0.75Wind_Long1+0.75Floor_Live+0.75LWIND1_R2E
    25   Dead+Collateral+0.75Live-0.75Wind_Long1+0.75Floor_Live+0.75LWIND1_L2E
    26   Dead+Collateral+0.75Live-0.75Wind_Long1+0.75Floor_Live+0.75LWIND1_R2E
    27   Dead+Collateral+0.75Live+0.75Wind_Long2+0.75Floor_Live+0.75LWIND2_L2E
    28   Dead+Collateral+0.75Live+0.75Wind_Long2+0.75Floor_Live+0.75LWIND2_R2E
    29   Dead+Collateral+0.75Live-0.75Wind_Long2+0.75Floor_Live+0.75LWIND2_L2E
    30   Dead+Collateral+0.75Live-0.75Wind_Long2+0.75Floor_Live+0.75LWIND2_R2E
    31   Dead+Collateral+0.75Snow+0.75Wind_Left1+0.75Floor_Live
    32   Dead+Collateral+0.75Snow+0.75Wind_Left1+0.75Snow_Drift+0.75Floor_Live
    33   Dead+Collateral+0.75Snow+0.75Wind_Left1+0.75Slide_Snow+0.75Floor_Live
    34   Dead+Collateral+0.75Snow+0.75Wind_Right1+0.75Floor_Live
    35   Dead+Collateral+0.75Snow+0.75Wind_Right1+0.75Snow_Drift+0.75Floor_Live
    36   Dead+Collateral+0.75Snow+0.75Wind_Right1+0.75Slide_Snow+0.75Floor_Live
    37   Dead+Collateral+0.75Snow+0.75Wind_Left2+0.75Floor_Live
    38   Dead+Collateral+0.75Snow+0.75Wind_Left2+0.75Snow_Drift+0.75Floor_Live
    39   Dead+Collateral+0.75Snow+0.75Wind_Left2+0.75Slide_Snow+0.75Floor_Live
    40   Dead+Collateral+0.75Snow+0.75Wind_Right2+0.75Floor_Live
    41   Dead+Collateral+0.75Snow+0.75Wind_Right2+0.75Snow_Drift+0.75Floor_Live
    42   Dead+Collateral+0.75Snow+0.75Wind_Right2+0.75Slide_Snow+0.75Floor_Live
    43   Dead+Collateral+0.75Snow+0.45Wind_Long1+0.75Floor_Live+0.45LWIND1_L2E
    44   Dead+Collateral+0.75Snow+0.45Wind_Long1+0.75Floor_Live+0.45LWIND1_R2E
    45   Dead+Collateral+0.75Snow-0.45Wind_Long1+0.75Floor_Live+0.45LWIND1_L2E
    46   Dead+Collateral+0.75Snow-0.45Wind_Long1+0.75Floor_Live+0.45LWIND1_R2E
    47   Dead+Collateral+0.75Snow+0.45Wind_Long1+0.75Snow_Drift+0.75Floor_Live+0.45LWIND1
    48   Dead+Collateral+0.75Snow+0.45Wind_Long1+0.75Snow_Drift+0.75Floor_Live+0.45LWIND1
    49   Dead+Collateral+0.75Snow-0.45Wind_Long1+0.75Snow_Drift+0.75Floor_Live+0.45LWIND1
    50   Dead+Collateral+0.75Snow-0.45Wind_Long1+0.75Snow_Drift+0.75Floor_Live+0.45LWIND1
    51   Dead+Collateral+0.75Snow+0.45Wind_Long1+0.75Slide_Snow+0.75Floor_Live+0.45LWIND1
    52   Dead+Collateral+0.75Snow+0.45Wind_Long1+0.75Slide_Snow+0.75Floor_Live+0.45LWIND1
    53   Dead+Collateral+0.75Snow-0.45Wind_Long1+0.75Slide_Snow+0.75Floor_Live+0.45LWIND1
    54   Dead+Collateral+0.75Snow-0.45Wind_Long1+0.75Slide_Snow+0.75Floor_Live+0.45LWIND1
    55   Dead+Collateral+0.75Snow+0.45Wind_Long2+0.75Floor_Live+0.45LWIND2_L2E
    56   Dead+Collateral+0.75Snow+0.45Wind_Long2+0.75Floor_Live+0.45LWIND2_R2E
    57   Dead+Collateral+0.75Snow-0.45Wind_Long2+0.75Floor_Live+0.45LWIND2_L2E
    58   Dead+Collateral+0.75Snow-0.45Wind_Long2+0.75Floor_Live+0.45LWIND2_R2E
    59   Dead+Collateral+0.75Snow+0.45Wind_Long2+0.75Snow_Drift+0.75Floor_Live+0.45LWIND2
    60   Dead+Collateral+0.75Snow+0.45Wind_Long2+0.75Snow_Drift+0.75Floor_Live+0.45LWIND2
    61   Dead+Collateral+0.75Snow-0.45Wind_Long2+0.75Snow_Drift+0.75Floor_Live+0.45LWIND2
    62   Dead+Collateral+0.75Snow-0.45Wind_Long2+0.75Snow_Drift+0.75Floor_Live+0.45LWIND2
    63   Dead+Collateral+0.75Snow+0.45Wind_Long2+0.75Slide_Snow+0.75Floor_Live+0.45LWIND2
    64   Dead+Collateral+0.75Snow+0.45Wind_Long2+0.75Slide_Snow+0.75Floor_Live+0.45LWIND2
    65   Dead+Collateral+0.75Snow-0.45Wind_Long2+0.75Slide_Snow+0.75Floor_Live+0.45LWIND2
    66   Dead+Collateral+0.75Snow-0.45Wind_Long2+0.75Slide_Snow+0.75Floor_Live+0.45LWIND2
    67#  0.6Dead+Wind_Left1
    68#  0.6Dead+Wind_Right1
    69   0.6Dead+Wind_Left2
    70   0.6Dead+Wind_Right2
    71   0.6Dead+Wind_Long1+LWIND1_L2E
    72   0.6Dead+Wind_Long1+LWIND1_R2E
    73   0.6Dead-Wind_Long1+LWIND1_L2E
    74   0.6Dead-Wind_Long1+LWIND1_R2E
    75   0.6Dead+Wind_Long2+LWIND2_L2E
    76   0.6Dead+Wind_Long2+LWIND2_R2E
    77   0.6Dead-Wind_Long2+LWIND2_L2E
    78   0.6Dead-Wind_Long2+LWIND2_R2E
    79   1.01Dead+1.01Collateral+0.7Seismic_L
    80   1.01Dead+1.01Collateral+0.7Seismic_R
    81   1.01Dead+1.01Collateral+0.75Live+0.52Seismic_L+0.75Floor_Live
    82   1.01Dead+1.01Collateral+0.75Live+0.52Seismic_R+0.75Floor_Live
    83   1.01Dead+1.01Collateral+0.52Seismic_L+0.75Floor_Live
    84   1.01Dead+1.01Collateral+0.52Seismic_R+0.75Floor_Live
    85   0.59Dead+0.7Seismic_L
    86   0.59Dead+0.7Seismic_R
    87   1.01Dead+1.01Collateral+0.7Seismic_Long
    88   1.01Dead+1.01Collateral-0.7Seismic_Long
    89   1.01Dead+1.01Collateral+0.75Live+0.52Seismic_Long+0.75Floor_Live
    90   1.01Dead+1.01Collateral+0.75Live-0.52Seismic_Long+0.75Floor_Live
    91   1.01Dead+1.01Collateral+0.52Seismic_Long+0.75Floor_Live
    92   1.01Dead+1.01Collateral-0.52Seismic_Long+0.75Floor_Live
    93   0.59Dead+0.7Seismic_Long
    94   0.59Dead-0.7Seismic_Long
    95   Dead+Collateral+F4CRANEA1
    96   Dead+Collateral+F4CRANEA2
    97   Dead+Collateral+F4CRANEA3
    98   Dead+Collateral+F4CRANEA4
    99   Dead+Wind_Left1/2+F4CRANEA1
   100   Dead+Wind_Left2/2+F4CRANEA1
   101   Dead+Wind_Right1/2+F4CRANEA2
   102   Dead+Wind_Right2/2+F4CRANEA2
   103   Dead+Wind_Left1/2+F4CRANEA3
   104   Dead+Wind_Left2/2+F4CRANEA3
   105   Dead+Wind_Right1/2+F4CRANEA4
   106   Dead+Wind_Right2/2+F4CRANEA4
   107   Dead+20Degree+Floor_Live
   108   Dead+20Degree+Floor_Live
   109   Dead-20Degree+Floor_Live
   110   Dead-20Degree+Floor_Live
   111   Dead+Collateral+0.75Live+15Degree+0.75Floor_Live
   112   Dead+Collateral+0.75Live+15Degree+0.75Floor_Live
   113   Dead+Collateral+0.75Live-15Degree+0.75Floor_Live
   114   Dead+Collateral+0.75Live-15Degree+0.75Floor_Live
   115   Dead+Collateral+0.75Snow+15Degree+0.75Floor_Live
   116   Dead+Collateral+0.75Snow+15Degree+0.75Floor_Live
   117   Dead+Collateral+0.75Snow+15Degree+0.75Snow_Drift+0.75Floor_Live
   118   Dead+Collateral+0.75Snow+15Degree+0.75Snow_Drift+0.75Floor_Live
   119   Dead+Collateral+0.75Snow+15Degree+0.75Slide_Snow+0.75Floor_Live
   120   Dead+Collateral+0.75Snow+15Degree+0.75Slide_Snow+0.75Floor_Live
   121   Dead+Collateral+0.75Snow-15Degree+0.75Floor_Live
   122   Dead+Collateral+0.75Snow-15Degree+0.75Floor_Live
   123   Dead+Collateral+0.75Snow-15Degree+0.75Snow_Drift+0.75Floor_Live
   124   Dead+Collateral+0.75Snow-15Degree+0.75Snow_Drift+0.75Floor_Live
   125   Dead+Collateral+0.75Snow-15Degree+0.75Slide_Snow+0.75Floor_Live
   126   Dead+Collateral+0.75Snow-15Degree+0.75Slide_Snow+0.75Floor_Live
  Special Combinations:
   127   1.01Dead+1.01Collateral+2.1Seismic_L
   128   1.01Dead+1.01Collateral+2.1Seismic_R
   129   1.01Dead+1.01Collateral+0.75Live+1.57Seismic_L+0.75Floor_Live
   130   1.01Dead+1.01Collateral+0.75Live+1.57Seismic_R+0.75Floor_Live
   131   1.01Dead+1.01Collateral+1.57Seismic_L+0.75Floor_Live
   132   1.01Dead+1.01Collateral+1.57Seismic_R+0.75Floor_Live
   133   0.59Dead+2.1Seismic_L
   134   0.59Dead+2.1Seismic_R
   135   1.01Dead+1.01Collateral+2.1Seismic_L
   136   1.01Dead+1.01Collateral+2.1Seismic_R
   137   1.01Dead+1.01Collateral+0.75Live+1.57Seismic_L+0.75Floor_Live
   138   1.01Dead+1.01Collateral+0.75Live+1.57Seismic_R+0.75Floor_Live
   139   1.01Dead+1.01Collateral+1.57Seismic_L+0.75Floor_Live
   140   1.01Dead+1.01Collateral+1.57Seismic_R+0.75Floor_Live
   141   0.59Dead+2.1Seismic_L
   142   0.59Dead+2.1Seismic_R

 PLATE LIMITS:
 -------------
       -----Web----  -----Flange----                  Web_Depth/     Web_Area/
  Seg   Depth/Thick  Width/(2xThick)  ---Flange---  Flange_Width   Flange_Area
   Id   Calc  Limit    Calc  Limit    Thick    Min   Calc  Limit   Calc  Limit
  ---  -----  -----   -----  -----    -----  -----  -----  -----  -----  -----
    1  140.0  180.0    12.5   16.5     6.00           4.7           3.9   10.0
    2  140.0  180.0    12.5   16.5     6.00           4.7           3.9   10.0
    3  150.0  180.0    10.4   16.5     6.00           4.8           3.2   10.0
    4  112.5  180.0    12.5   16.5     5.00           3.6           2.9   10.0
    5  112.5  180.0    12.5   16.5     5.00           3.6           2.9   10.0
    6  150.0  180.0    10.4   16.5     6.00           4.8           3.2   10.0
    7  140.0  180.0    12.5   16.5     6.00           4.7           3.9   10.0
    8  140.0  180.0    12.5   16.5     6.00           4.7           3.9   10.0

 FRAME AREA:
 ----------
    Frame    Area=    18.7
    Building Area=   202.0
            Ratio=    0.09


 WEIGHTS:
 --------

    Member             1     2     3     4     5     6     7     8
    ----------     ----- ----- ----- ----- ----- ----- ----- -----
    Weight (kg)      143   158   123   137   137   123   158   143 

                      Total Weight (kg)
                        Frame         =     1121
                        Splice Plate  =      167
                        Base   Plate  =       35
                                        --------
                                            1324
 


 REACTIONS - Sidewall Columns:
 -----------------------------

   Load   ----------Left_Column----------   ----------Right_Column---------
     Id   Fx(kN)  Fy(kN)  Fz(kN)  M(kN-m)   Fx(kN)  Fy(kN)  Fz(kN)  M(kN-m)  
   ----   ------ ------- ------- --------   ------ ------- ------- --------
      1    29.73   53.34    0.00   -67.55   -29.73   53.38    0.00    69.89
      2    29.73   53.41    0.00   -69.60   -29.73   53.32    0.00    67.83
      3     7.44   15.50    0.00   -16.69    -7.44   15.51    0.00    17.35
      4     7.44   15.52    0.00   -17.28    -7.44   15.49    0.00    16.76
      5     7.44   15.50    0.00   -16.69    -7.44   15.51    0.00    17.35
      6     7.44   15.52    0.00   -17.28    -7.44   15.49    0.00    16.76
      7     7.44   15.50    0.00   -16.69    -7.44   15.51    0.00    17.35
      8     7.44   15.52    0.00   -17.28    -7.44   15.49    0.00    16.76
      9     7.44   15.50    0.00   -16.69    -7.44   15.51    0.00    17.35
     10     7.44   15.52    0.00   -17.28    -7.44   15.49    0.00    16.76
     11     5.47   12.16    0.00   -12.21    -5.47   12.17    0.00    12.72
     12     5.47   12.18    0.00   -12.67    -5.47   12.16    0.00    12.26
     13     7.44   15.50    0.00   -16.69    -7.44   15.51    0.00    17.35
     14     7.44   15.52    0.00   -17.28    -7.44   15.49    0.00    16.76
     15     7.44   15.50    0.00   -16.69    -7.44   15.51    0.00    17.35
     16     7.44   15.52    0.00   -17.28    -7.44   15.49    0.00    16.76
     17     7.44   15.50    0.00   -16.69    -7.44   15.51    0.00    17.35
     18     7.44   15.52    0.00   -17.28    -7.44   15.49    0.00    16.76
     19    -0.81   11.51    0.00     3.57   -19.66   22.00    0.00    44.86
     20    19.66   22.01    0.00   -44.77     0.81   11.50    0.00    -3.50
     21     0.47   21.44    0.00    -3.51   -20.94   31.93    0.00    52.19
     22    20.94   31.95    0.00   -52.05    -0.47   21.43    0.00     3.63
     23    17.77    3.68    9.40   -36.62   -17.36    7.43    9.40    29.94
     24    17.36    7.44    9.40   -29.84   -17.77    3.67    9.40    36.71
     25    17.93   28.19    0.00   -36.13   -17.51   31.94    0.00    29.39
     26    17.51   31.94    0.00   -29.29   -17.93   28.18    0.00    36.23
     27    19.05   13.62    9.40   -43.82   -18.63   17.36    9.40    37.15
     28    18.63   17.37    9.40   -37.00   -19.05   13.61    9.40    43.97
     29    19.20   38.13    0.00   -43.34   -18.79   41.87    0.00    36.60
     30    18.79   41.88    0.00   -36.45   -19.20   38.12    0.00    43.49
     31   -17.60  -16.89    0.00    41.96    -2.87   -6.40    0.00     5.75
     32   -17.60  -16.89    0.00    41.96    -2.87   -6.40    0.00     5.75
     33   -17.60  -16.89    0.00    41.96    -2.87   -6.40    0.00     5.75
     34     2.87   -6.40    0.00    -5.82    17.60  -16.88    0.00   -42.05
     35     2.87   -6.40    0.00    -5.82    17.60  -16.88    0.00   -42.05
     36     2.87   -6.40    0.00    -5.82    17.60  -16.88    0.00   -42.05
     37   -16.30   -6.95    0.00    34.89    -4.17    3.54    0.00    13.07
     38   -16.30   -6.95    0.00    34.89    -4.17    3.54    0.00    13.07
     39   -16.30   -6.95    0.00    34.89    -4.17    3.54    0.00    13.07
     40     4.17    3.54    0.00   -13.09    16.30   -6.95    0.00   -34.92
     41     4.17    3.54    0.00   -13.09    16.30   -6.95    0.00   -34.92
     42     4.17    3.54    0.00   -13.09    16.30   -6.95    0.00   -34.92
     43     3.58   -8.63    5.64    -5.54    -3.33   -6.37    5.64     1.51
     44     3.33   -6.37    5.64    -1.52    -3.58   -8.63    5.64     5.53
     45     3.68    6.08    0.00    -5.24    -3.43    8.33    0.00     1.18
     46     3.43    8.33    0.00    -1.19    -3.68    6.08    0.00     5.23
     47     3.58   -8.63    5.64    -5.54    -3.33   -6.37    5.64     1.51
     48     3.33   -6.37    5.64    -1.52    -3.58   -8.63    5.64     5.53
     49     3.68    6.08    0.00    -5.24    -3.43    8.33    0.00     1.18
     50     3.43    8.33    0.00    -1.19    -3.68    6.08    0.00     5.23
     51     3.58   -8.63    5.64    -5.54    -3.33   -6.37    5.64     1.51
     52     3.33   -6.37    5.64    -1.52    -3.58   -8.63    5.64     5.53
     53     3.68    6.08    0.00    -5.24    -3.43    8.33    0.00     1.18
     54     3.43    8.33    0.00    -1.19    -3.68    6.08    0.00     5.23
     55     4.35   -2.67    5.64    -9.85    -4.10   -0.41    5.64     5.84
     56     4.10   -0.41    5.64    -5.81    -4.35   -2.67    5.64     9.87
     57     4.45   12.04    0.00    -9.55    -4.20   14.29    0.00     5.51
     58     4.20   14.29    0.00    -5.49    -4.45   12.04    0.00     9.57
     59     4.35   -2.67    5.64    -9.85    -4.10   -0.41    5.64     5.84
     60     4.10   -0.41    5.64    -5.81    -4.35   -2.67    5.64     9.87
     61     4.45   12.04    0.00    -9.55    -4.20   14.29    0.00     5.51
     62     4.20   14.29    0.00    -5.49    -4.45   12.04    0.00     9.57
     63     4.35   -2.67    5.64    -9.85    -4.10   -0.41    5.64     5.84
     64     4.10   -0.41    5.64    -5.81    -4.35   -2.67    5.64     9.87
     65     4.45   12.04    0.00    -9.55    -4.20   14.29    0.00     5.51
     66     4.20   14.29    0.00    -5.49    -4.45   12.04    0.00     9.57
     67   -30.14  -35.88    0.00    70.92     2.85  -21.90    0.00    -7.77
     68    -2.85  -21.92    0.00     7.62    30.14  -35.87    0.00   -71.09
     69   -28.39  -22.64    0.00    61.52     1.10   -8.66    0.00     2.02
     70    -1.10   -8.66    0.00    -2.11    28.39  -22.63    0.00   -61.63
     71    -5.34  -46.34   12.54    18.05     5.90  -41.31   12.54   -26.96
     72    -5.90  -41.32   12.54    26.82     5.34  -46.32   12.54   -18.19
     73    -5.11  -13.66    0.00    18.69     5.66   -8.63    0.00   -27.72
     74    -5.66   -8.65    0.00    27.58     5.11  -13.64    0.00   -18.83
     75    -3.60  -33.09   12.54     8.44     4.16  -28.07   12.54   -17.37
     76    -4.16  -28.08   12.54    17.30     3.60  -33.08   12.54    -8.52
     77    -3.37   -0.41    0.00     9.08     3.93    4.61    0.00   -18.13
     78    -3.93    4.60    0.00    18.05     3.37   -0.40    0.00    -9.16
     79     6.68   15.51    0.00   -12.06    -8.36   15.81    0.00    22.32
     80     8.36   15.82    0.00   -22.25    -6.68   15.50    0.00    12.13
     81    23.62   43.94    0.00   -51.99   -24.87   44.16    0.00    59.93
     82    24.87   44.18    0.00   -59.70   -23.62   43.92    0.00    52.22
     83     6.89   15.55    0.00   -13.37    -8.14   15.77    0.00    21.01
     84     8.14   15.78    0.00   -20.94    -6.89   15.54    0.00    13.44
     85     2.39    7.02    0.00    -2.27    -4.07    7.33    0.00    12.44
     86     4.07    7.34    0.00   -12.41    -2.39    7.02    0.00     2.29
     87     7.52   14.25    1.08   -17.16    -7.52   14.24    1.08    17.23
     88     7.54   17.08    0.00   -17.10    -7.54   17.07    0.00    17.17
     89    24.24   43.01    0.81   -55.84   -24.24   42.99    0.81    56.08
     90    24.26   45.11    0.00   -55.80   -24.26   45.09    0.00    56.03
     91     7.52   14.61    0.81   -17.16    -7.52   14.61    0.81    17.23
     92     7.53   16.71    0.00   -17.11    -7.53   16.71    0.00    17.18
     93     3.23    5.77    1.08    -7.34    -3.23    5.76    1.08     7.37
     94     3.25    8.59    0.00    -7.28    -3.25    8.59    0.00     7.31
     95     9.36   76.39    0.00    13.72   -17.26   35.83    0.00    60.39
     96    17.27   77.37    0.00   -25.13    -9.37   34.85    0.00    21.54
     97     9.37   34.86    0.00   -21.48   -17.27   77.36    0.00    25.19
     98    17.26   35.83    0.00   -60.33    -9.36   76.39    0.00   -13.66
     99    -9.37   51.51    0.00    55.97   -12.18   17.84    0.00    46.75
    100    -8.50   58.13    0.00    51.39   -13.04   24.47    0.00    51.77
    101    12.19   59.46    0.00   -14.32     9.35    9.90    0.00   -23.57
    102    13.06   66.08    0.00   -19.13     8.49   16.52    0.00   -18.78
    103    -9.35    9.89    0.00    23.51   -12.19   59.46    0.00    14.27
    104    -8.49   16.51    0.00    18.75   -13.06   66.08    0.00    19.11
    105    12.18   17.84    0.00   -46.79     9.37   51.51    0.00   -56.03
    106    13.04   24.47    0.00   -51.78     8.50   58.13    0.00   -51.42
    107     5.95   12.16    0.00   -15.98    -5.95   12.17    0.00    16.50
    108     5.95   12.18    0.00   -16.45    -5.95   12.16    0.00    16.03
    109     5.00   12.16    0.00    -8.43    -5.00   12.17    0.00     8.95
    110     5.00   12.18    0.00    -8.90    -5.00   12.16    0.00     8.48
    111    24.52   43.88    0.00   -57.66   -24.52   43.91    0.00    59.58
    112    24.52   43.93    0.00   -59.35   -24.52   43.86    0.00    57.89
    113    23.82   43.88    0.00   -52.00   -23.82   43.91    0.00    53.92
    114    23.82   43.93    0.00   -53.69   -23.82   43.86    0.00    52.23
    115     7.80   15.50    0.00   -19.52    -7.80   15.51    0.00    20.18
    116     7.80   15.52    0.00   -20.11    -7.80   15.49    0.00    19.59
    117     7.80   15.50    0.00   -19.52    -7.80   15.51    0.00    20.18
    118     7.80   15.52    0.00   -20.11    -7.80   15.49    0.00    19.59
    119     7.80   15.50    0.00   -19.52    -7.80   15.51    0.00    20.18
    120     7.80   15.52    0.00   -20.11    -7.80   15.49    0.00    19.59
    121     7.09   15.50    0.00   -13.86    -7.09   15.51    0.00    14.52
    122     7.09   15.52    0.00   -14.46    -7.09   15.49    0.00    13.93
    123     7.09   15.50    0.00   -13.86    -7.09   15.51    0.00    14.52
    124     7.09   15.52    0.00   -14.46    -7.09   15.49    0.00    13.93
    125     7.09   15.50    0.00   -13.86    -7.09   15.51    0.00    14.52
    126     7.09   15.52    0.00   -14.46    -7.09   15.49    0.00    13.93


 DEFLECTIONS:
 ------------

          Lateral Defl
  Load    @ Top Of Col   Vert Defl
   Id     Left   Right   On Rafter
  ----    ----   -----  ---------
    1    -10.7    12.0   -113.7
    2    -11.8    10.9   -113.7
    3     -2.6     3.0    -28.3
    4     -3.0     2.7    -28.3
    5     -2.6     3.0    -28.3
    6     -3.0     2.7    -28.3
    7     -2.6     3.0    -28.3
    8     -3.0     2.7    -28.3
    9     -2.6     3.0    -28.3
   10     -3.0     2.7    -28.3
   11     -1.9     2.2    -20.8
   12     -2.2     2.0    -20.8
   13     -2.6     3.0    -28.3
   14     -3.0     2.7    -28.3
   15     -2.6     3.0    -28.3
   16     -3.0     2.7    -28.3
   17     -2.6     3.0    -28.3
   18     -3.0     2.7    -28.3
   19      3.8    10.4    -32.5
   20    -10.4    -3.8    -32.5
   21      2.0    12.4    -52.3
   22    -12.3    -1.9    -52.2
   23     -6.6     2.2    -42.4
   24     -2.1     6.7    -42.4
   25     -6.6     2.2    -42.3
   26     -2.1     6.7    -42.3
   27     -8.5     4.1    -62.1
   28     -4.0     8.6    -62.1
   29     -8.5     4.1    -62.1
   30     -3.9     8.6    -62.1
   31     10.0     3.8     31.5
   32     10.0     3.8     31.5
   33     10.0     3.8     31.5
   34     -3.9   -10.1     31.5
   35     -3.9   -10.1     31.5
   36     -3.9   -10.1     31.5
   37      8.2     5.8     11.8
   38      8.2     5.8     11.8
   39      8.2     5.8     11.8
   40     -5.8    -8.2     11.8
   41     -5.8    -8.2     11.8
   42     -5.8    -8.2     11.8
   43     -1.3    -1.4      1.8
   44      1.4     1.3      1.8
   45     -1.3    -1.4      1.8
   46      1.4     1.2      1.9
   47     -1.3    -1.4      1.8
   48      1.4     1.3      1.8
   49     -1.3    -1.4      1.8
   50      1.4     1.2      1.9
   51     -1.3    -1.4      1.8
   52      1.4     1.3      1.8
   53     -1.3    -1.4      1.8
   54      1.4     1.2      1.9
   55     -2.4    -0.3    -10.2
   56      0.3     2.4    -10.2
   57     -2.4    -0.3    -10.1
   58      0.3     2.4    -10.1
   59     -2.4    -0.3    -10.2
   60      0.3     2.4    -10.2
   61     -2.4    -0.3    -10.1
   62      0.3     2.4    -10.1
   63     -2.4    -0.3    -10.2
   64      0.3     2.4    -10.2
   65     -2.4    -0.3    -10.1
   66      0.3     2.4    -10.1
   67     15.8     2.4     67.2
   68     -2.5   -15.9     67.3
   69     13.4     5.1     40.9
   70     -5.1   -13.5     41.0
   71      2.2    -8.2     54.1
   72      8.1    -2.3     54.1
   73      2.2    -8.3     54.2
   74      8.1    -2.3     54.2
   75     -0.3    -5.7     27.8
   76      5.6     0.2     27.8
   77     -0.3    -5.7     27.9
   78      5.7     0.2     27.9
   79     -0.1     5.6    -28.6
   80     -5.6     0.2    -28.6
   81     -7.1    11.4    -92.6
   82    -11.2     7.3    -92.6
   83     -0.8     4.9    -28.6
   84     -4.9     0.9    -28.6
   85      1.5     4.0    -12.3
   86     -3.9    -1.5    -12.2
   87     -2.8     2.9    -28.6
   88     -2.8     2.9    -28.6
   89     -9.2     9.4    -92.6
   90     -9.2     9.4    -92.6
   91     -2.8     2.9    -28.6
   92     -2.8     2.9    -28.6
   93     -1.2     1.2    -12.3
   94     -1.2     1.2    -12.2
   95     18.6    23.5    -25.9
   96      0.0     4.9    -25.9
   97     -4.8     0.1    -25.9
   98    -23.5   -18.5    -25.9
   99     27.0    22.6     21.4
  100     25.9    23.9     12.6
  101     -0.6    -5.1     21.5
  102     -1.9    -3.9      8.3
  103      5.1     0.6     21.4
  104      3.8     1.9      8.3
  105    -22.6   -27.1     21.5
  106    -23.9   -25.9     12.6
  107     -4.1     4.4    -16.3
  108     -4.4     4.2    -16.3
  109      0.3     0.0    -25.3
  110      0.0    -0.2    -25.3
  111    -10.4    11.4    -89.0
  112    -11.3    10.5    -89.0
  113     -7.1     8.1    -95.7
  114     -8.0     7.2    -95.7
  115     -4.3     4.7    -24.9
  116     -4.6     4.3    -24.9
  117     -4.3     4.7    -24.9
  118     -4.6     4.3    -24.9
  119     -4.3     4.7    -24.9
  120     -4.6     4.3    -24.9
  121     -1.0     1.4    -31.7
  122     -1.3     1.0    -31.7
  123     -1.0     1.4    -31.7
  124     -1.3     1.0    -31.7
  125     -1.0     1.4    -31.7
  126     -1.3     1.0    -31.7


 DEFLECTIONS RATIO:
 ------------------

          Lateral Defl
  Load    @ Top Of Col   Vert Defl
   Id     Left   Right   On Rafter
  ----    ----   -----  ---------
    1      772     688     197 
    2      700     757     197 
    3     3134    2746     794 
    4     2796    3071     794 
    5     3134    2746     794 
    6     2796    3071     794 
    7     3134    2746     794 
    8     2796    3071     794 
    9     3134    2746     794 
   10     2796    3071     794 
   11     4289    3728    1082 
   12     3796    4203    1082 
   13     3134    2746     794 
   14     2796    3071     794 
   15     3134    2746     794 
   16     2796    3071     794 
   17     3134    2746     794 
   18     2796    3071     794 
   19     2158     794     691 
   20      799    2189     692 
   21     4099     668     429 
   22      674    4302     430 
   23     1255    3785     530 
   24     3920    1241     530 
   25     1256    3853     531 
   26     3993    1242     531 
   27      976    2026     361 
   28     2085     963     361 
   29      977    2045     362 
   30     2106     964     362 
   31      825    2173     713 
   32      825    2173     713 
   33      825    2173     713 
   34     2143     820     712 
   35     2143     820     712 
   36     2143     820     712 
   37     1008    1435    1912 
   38     1008    1435    1912 
   39     1008    1435    1912 
   40     1431    1005    1904 
   41     1431    1005    1904 
   42     1431    1005    1904 
   43     6579    5860   12198 
   44     5887    6615   12153 
   45     6614    5781   12188 
   46     5808    6651   12143 
   47     6579    5860   12198 
   48     5887    6615   12153 
   49     6614    5781   12188 
   50     5808    6651   12143 
   51     6579    5860   12198 
   52     5887    6615   12153 
   53     6614    5781   12188 
   54     5808    6651   12143 
   55     3472   30467    2207 
   56    28659    3448    2207 
   57     3482   28449    2215 
   58    26866    3457    2215 
   59     3472   30468    2207 
   60    28659    3448    2207 
   61     3482   28449    2215 
   62    26866    3457    2215 
   63     3472   30468    2207 
   64    28659    3448    2207 
   65     3482   28450    2215 
   66    26866    3457    2215 
   67      525    3416     334 
   68     3257     520     333 
   69      619    1638     549 
   70     1617     615     548 
   71     3703    1012     415 
   72     1025    3532     415 
   73     3706    1004     414 
   74     1017    3533     414 
   75    29820    1462     809 
   76     1477   37572     808 
   77    29633    1447     806 
   78     1461   37406     806 
   79    80690    1475     786 
   80     1490   53004     786 
   81     1164     725     242 
   82      736    1135     242 
   83    10299    1686     786 
   84     1705    9653     786 
   85     5516    2095    1833 
   86     2108    5600    1834 
   87     2926    2871     786 
   88     2928    2873     786 
   89      902     885     242 
   90      902     885     242 
   91     2926    2871     786 
   92     2928    2873     786 
   93     6827    6699    1834 
   94     6841    6712    1835 
   95      446     352     865 
   96    99999    1692     866 
   97     1709   88854     866 
   98      353     447     867 
   99      306     367    1050 
  100      320     346    1783 
  101    13034    1617    1047 
  102     4366    2143    2709 
  103     1631   13888    1048 
  104     2154    4396    2718 
  105      366     306    1046 
  106      346     319    1777 
  107     2005    1873    1380 
  108     1890    1986    1380 
  109    30895   99999     889 
  110    99999   36183     889 
  111      800     724     252 
  112      736     786     252 
  113     1175    1018     234 
  114     1041    1146     234 
  115     1929    1775     901 
  116     1796    1905     901 
  117     1929    1775     901 
  118     1796    1905     901 
  119     1929    1775     901 
  120     1796    1905     901 
  121     8339    6061     709 
  122     6309    7912     709 
  123     8339    6061     709 
  124     6309    7912     709 
  125     8339    6061     709 
  126     6309    7912     709 

 MAX DEFLECTION:
 ---------------
                      Load  Deflect  Span/Deflect
    Type                Id     (mm)   Calc  Limit
    ----------------  ----  -------  -----  -----
    Live  Vertical            -85.3   263.   150.
    Total Vertical       1   -113.7   198.   150.
    Horizontal Drift   105    -27.1   306.    75.
    Horizontal Total   105    -27.1   306.    75.

    Horizontal Spring Constant= 0.621 kN/mm

 CRANE/FLOOR DEFLECTION:
 -----------------------
                         Height  Load  Deflect    Span/
    Id       Locate        (mm)    Id     (mm)  Deflect   Limit
    -------  ----------  ------  ----  -------  -------  ------
    Crane1   Left  Col     6200    99     20.8     297.    100.
    Crane1   Right Col     6200   105    -20.9     297.    100.


 P-DELTA - Effective Length:
 -----------------------------
  CONVERGENCE CHECK:
                Max
            Deflect
    Column    Ratio
    ------  -------
    Left     0.0315   
    Right    0.0474   

  MAXIMUM DRIFT CHECK:
           Max_Drift(mm)  Second/
    Load  First   Second   First
     Id    Order   Order   Ratio
    ----  ------  ------  -------
    109      0.1     0.3    1.88
 
================================================================================
 C323-153-Final      Frame  4 - Crane Brackets              11/AUG/2025  1:04pm
================================================================================

 CRANE LAYOUT:
 -------------
   Crane        Span  -Offset(mm)-
     Id   Type   Id    Left  Right
   -----  ----  ----  -----  -----
      1    TG     1    1530   1530

 BRACKET DESIGN:
 --------------
   Crane                   Factored_Shear(kN)  Factored_Moment(kN-m)
     Id   Side   Part       Calc  Limit    UC    Calc  Limit    UC
   -----  -----  --------  -----  -----  ----   -----  -----  ----
      1   Left   W35b228   62.07 191.96  0.32   36.49 120.40  0.30
      1   Right  W35b228   62.07 191.96  0.32   36.49 120.40  0.30
 

 STIFFENER DESIGN:
 -----------------
   Crane                     -Stiffener_Size(mm)-  -----Force(kN)----
     Id   Side   Locate      Width  Thick  Length   Calc  Limit    UC
   -----  -----  ----------  -----  -----  ------  -----  -----  ----
      1   Left   Top Flange   70.0   6.00   700.0 -99.72 136.40  0.73
      1   Left   Bot Flange   70.0   6.00   700.0  99.72 265.56  0.38
      1   Left   Crane Beam  140.0   6.00   700.0   0.00 309.99  0.00
      1   Left   Diagonal    (a)     
      1   Left   Bracket     (a)     
      1   Right  Top Flange   70.0   6.00   700.0 -99.72 136.40  0.73
      1   Right  Bot Flange   70.0   6.00   700.0  99.72 265.56  0.38
      1   Right  Crane Beam  140.0   6.00   700.0   0.00 309.99  0.00
      1   Right  Diagonal    (a)     
      1   Right  Bracket     (a)     

                             (a)Not Required
================================================================================
 C323-153-Final      Frame  4 - Rigid Frame Clearances      11/AUG/2025  1:04pm
================================================================================

 VERTICAL CLEARANCE:
 -------------------
   Location                          Span    X_Coord    Y_Coord
   ------------------------       -------   --------   --------
   Left                              7747        945       7747 
   Right                             7747      21525       7747 
   Midspan                           8929      11235       8929 

 HORIZONTAL CLEARANCE:
 ---------------------
   Location                          Span   X_CoordL   X_CoordR
   ------------------------       -------   --------   --------
   Left  - Right                    20586        942      21528 



 CRANE VERTICAL CLEARANCE:
 -------------------------
   Crane  Location          Clear    X_Coord   Y_Coord
   -----  ----------    ---------   --------  --------
      1   Left               1547        945      7747 

 CRANE HORIZONTAL CLEARANCE:
 ----------------------------
   Crane  Location          Clear    X_Coord   Y_Coord
   -----  ----------    ---------   --------  --------
      1   Left                494        936      6200 
      1   Right               494      21534      6200 
================================================================================
 C323-153-Final      Frame  4 - Weight Summary              11/AUG/2025  1:04pm
================================================================================

                      Total Weight (kg)
                        Frame         =     1121
                        Splice Plate  =      167
                        Base   Plate  =       35
                                        --------
                                            1324
 
================================================================================
 C323-153-Final      Frame  4 - Warning Summary             11/AUG/2025  1:04pm
================================================================================

                   .. No Warnings
