*===============================================================================
*C323-153-Final      Rigid Frame Detailing Input            11/AUG/2025  1:05pm
*===============================================================================
 
*( 1)JOBID:
    'C323-153-Final                          '
 
*( 2)FRAME OPTIONS:
* -----Frame----     Col     Raf   Design
* Id  Type  Quan    Shape   Shape   Code
   1  'RFE'   1      'T'     'H '   'WS'
 
*( 3)BUILDING LAYOUT:
*                               Left_Endwall    Right_Endwall     Wall
* Type     Width      Length   Exp     Offset   Exp    Offset    Angle
 'FF-'   22470.0     36285.0  'Y-:E'   440.00  'N-:-'    0.00   0.0000
 
*( 4)SURFACE SHAPE:
*No.    X_Coord   Y_Coord   Offset  Opt
   4        0.0    8420.0   230.00  '-'
        11235.0    9543.5   150.00  '-'
        22470.0    8420.0   150.00  '-'
        22470.0       0.0   230.00  '-'
 
*( 5)MEMBER DEPTHS:
*Surf  -----Depth----  --Interior_Depths--
* Id    Start     End  No.  Locate   Depth
   1   400.00  700.00   1   4016.0  700.00
   2   400.00  550.00   2   4688.5  300.00
                            8720.5  300.00
   3   550.00  400.00   2   2570.5  300.00
                            6602.5  300.00
   4   700.00  400.00   1   4404.0  700.00
 
*( 6)SEGMENT PLATES:
*    Surf Mem Seg      Seg   Member    Flange     Plate_Thickness
*No.  Id   Id  Id   Length   Part       Width     Web  OS_Flg  IS_Flg
  12   1    1   1      0.0  '--------'  150.0    5.00    6.00    6.00
       1    2   2      0.0  '--------'  150.0    5.00    6.00    6.00
       2    3   3    152.4  '--------'  125.0    4.00    5.00    5.00
       2    3   4      0.0  '--------'  125.0    4.00    5.00    5.00
       2    4   5      0.0  '--------'  125.0    4.00    5.00    5.00
       2    5   6      0.0  '--------'  150.0    4.00    5.00    5.00
       3    6   7      0.0  '--------'  150.0    4.00    5.00    5.00
       3    7   8      0.0  '--------'  125.0    4.00    5.00    5.00
       3    8   9      0.0  '--------'  125.0    4.00    5.00    5.00
       3    8  10    152.4  '--------'  125.0    4.00    5.00    5.00
       4    9  11      0.0  '--------'  150.0    5.00    6.00    6.00
       4   10  12      0.0  '--------'  150.0    5.00    6.00    6.00
 
*( 7)INTERIOR COLUMNS:
*No. Col Col  Col       Col       Col ------Cap_Plate------ ----------Cap_Bolt---------  Rafter
*Col Id  Typ  Part      Rot    Locate Type Opt  Width Thick   Dia Row Space  Gage Gage2    Opt
  1   1  'W' 'W40b155 ' 'Y'   11235.0 'P-' '1'  200.0 16.00 20.00  2  100.0 100.0   0.0    '-'
 
*( 8)TAPERED INTERIOR COLUMNS
*Col   Col   No.    Start   Depth   Depth    Web   Flange  OS_Flg  IS_Flg
* Id  Shape  Mem   Locate   Start    End    Thick  Width   Thick    Thick
 
*( 9)SPLICES:
*Surf     --------Splice-------   ---Plate----  ---------Bolt---------
* Id  No. Id   Locate Type  Opt   Width  Thick    Dia Row Space   Gage
   1   0
   2   3   1      0.0 'HSS' '-'  200.00   16.0  20.00  2 100.00 100.00
                                                20.00  2 100.00 100.00
           2   4688.5 '-SS' '-'  200.00   16.0  20.00  2 100.00 100.00
                                                20.00  2 100.00 100.00
           3   8720.5 '-SS' '-'  200.00   16.0  20.00  2 100.00 100.00
                                                20.00  2 100.00 100.00
   3   2   4   2570.5 '-SS' '-'  200.00   16.0  20.00  2 100.00 100.00
                                                20.00  2 100.00 100.00
           5   6602.5 '-SS' '-'  200.00   16.0  20.00  2 100.00 100.00
                                                20.00  2 100.00 100.00
   4   1   6      0.0 'HSS' '-'  200.00   16.0  20.00  2 100.00 100.00
                                                20.00  2 100.00 100.00
 
*(10)BASE PLATE:
*                                            --------------Bolts--------------
*               -----------Plate-----------          Row       Space
*Id  Type  Opt  Width Length  Thick    Elev     Dia In Out   Flg    Out   Gage
  1  'FI'  '-'    200  706.0  16.00     0.0   20.00  1  1  150.0    0.0  100.0
  2  'FI'  '-'    200  706.0  16.00     0.0   20.00  1  1  150.0    0.0  100.0
  3  'P '  '-'    200  450.0  16.00     0.0   20.00  2  0  100.0    0.0  100.0
 
*(11)SIDEWALL GIRTS:
*Surf                              Bay  No.
* Id  Type  Offset Project     Lap  Id Girt  Locate Project Type Rot Opt  Part
   1  'ZB'    0.00  230.00   330.0   0   0
   1  'ZB'    0.00  230.00   330.0   6   5   2580.0  230.00 'ZB' 'D' '-' '200Z15  '
                                             3580.0  230.00 'ZB' 'D' '-' '200Z15  '
                                             4580.0  230.00 'ZB' 'D' '-' '200Z15  '
                                             5780.0  230.00 'ZB' 'D' '-' '200Z15  '
                                             7280.0  230.00 'ZB' 'D' '-' '200Z15  '
   4  'ZB'    0.00  230.00   330.0   0   0
   4  'ZB'    0.00  230.00   330.0   1   5   2580.0  230.00 'ZB' 'D' '-' '200Z15  '
                                             3580.0  230.00 'ZB' 'D' '-' '200Z15  '
                                             4580.0  230.00 'ZB' 'D' '-' '200Z15  '
                                             5780.0  230.00 'ZB' 'D' '-' '200Z15  '
                                             7280.0  230.00 'ZB' 'D' '-' '200Z15  '
 
*(12)ENDWALL/PARTITION GIRTS:
*Wall                        No.   Bay  No.
* Id  Type  Offset Project   Bay    Id Girt  Locate Project Type Rot Opt  Part
   1  'ZB'    0.00  230.00    2      1   6   2580.0  230.00 'ZB' 'D' '-' '200Z15  '
                                             3580.0  230.00 'ZB' 'D' '-' '200Z15  '
                                             4580.0  230.00 'ZB' 'D' '-' '200Z15  '
                                             5780.0  230.00 'ZB' 'D' '-' '200Z15  '
                                             7280.0  230.00 'ZB' 'D' '-' '200Z15  '
                                             8080.0  230.00 'ZB' 'D' '-' '200Z15  '
 
                                     2   6   2580.0  230.00 'ZB' 'D' '-' '200Z15  '
                                             3580.0  230.00 'ZB' 'D' '-' '200Z15  '
                                             4580.0  230.00 'ZB' 'D' '-' '200Z15  '
                                             5780.0  230.00 'ZB' 'D' '-' '200Z15  '
                                             7280.0  230.00 'ZB' 'D' '-' '200Z15  '
                                             8080.0  230.00 'ZB' 'D' '-' '200Z15  '
 
   0  '--'    0.00    0.00    0
 
*(13)PURLINS:
*Surf
* Id   Type  Part       Offset  Project     Lap
   2   'ZB' '150Z15'      0.00     0.00   330.0
   2   'ZB' '150Z15'      0.00     0.00   330.0
   3   'ZB' '150Z15'      0.00     0.00   330.0
   3   'ZB' '150Z15'      0.00     0.00   330.0
 
*(14)PURLIN LOCATION:
*Surf    Peak
* Id    Space  No.  Locate
   2    300.0    8  1373.9   2747.8   4121.6   5495.5   6869.4   8243.3   9617.2
                   10991.0
   2    300.0    8  1373.9   2747.8   4121.6   5495.5   6869.4   8243.3   9617.2
                   10991.0
   3    300.0    8   300.0   1673.9   3047.8   4421.6   5795.5   7169.4   8543.3
                    9917.2
   3    300.0    8   300.0   1673.9   3047.8   4421.6   5795.5   7169.4   8543.3
                    9917.2
 
*(15)EAVE STRUT, GUTTER, PANEL:
*Surf  Eave   Eave       Bolt  Bolt  ---Gutter--  SSeam
* Id   Type   Part        Dia   Row  Type  Width  Roof   DtBolt
   2   'ZB' '150Z15'    12.00    4   'Y'    0.00   'N'      77
   3   'ZB' '150Z15'    12.00    4   'Y'    0.00   'N'      77
 
*(16)PARTIAL WALL:
*Surf  Base        Top
* Id   Part        Part         Height  Use
   1  '--------'  '--------'       0.0  '-'
   4  '--------'  '--------'       0.0  '-'
 
*(17)FLANGE BRACES:
*Surf
* Id   No.  Loc  Type  Offset  Opt  Ref
   1    0
   1    1     2   'A'  660.00  '-' '-----'
   2    0
   2    5     1   'A'  330.00  '-' '-----'
              3   'A'  330.00  '-' '-----'
              5   'A'  330.00  '-' '-----'
              7   'A'  330.00  '-' '-----'
              8   'A'  660.00  '-' '-----'
   3    0
   3    5     1   'A'  660.00  '-' '-----'
              2   'A'  330.00  '-' '-----'
              4   'A'  330.00  '-' '-----'
              6   'A'  330.00  '-' '-----'
              8   'A'  330.00  '-' '-----'
   4    0
   4    1     2   'A'  660.00  '-' '-----'
 
*(18)PURLIN ANTI-ROLL:
*      Line  Surf           Roll      No.
* No.   Id    Id  Opt  Rot   Id     Purlin  Purlin_Id
   0
 
*(19)ROOF DIAGONAL BRACING:
*     Wall  Bay    Adj     Max    No.   Attach  Brace  Brace      Connect   Brace
*No.   Id    Id   Bays     Bay  Attach  Offset  Type   Part       Opt  Id   Force
  0
 
*(20)WALL DIAGONAL BRACING:
*Wall No.   Attach Bay   Adj     Max   No.  Level   Level  Brace  Brace      Connect  Brace
* Id  Bay   Offset  Id   Bay     Bay  Level Type   Height  Type   Part       Opt  Id  Force
   2    0
   4    0
   5    0
 
*(21)WIND BENT:
*     Wall Roof Frame
*No.   Id   Bay  Side   Offset    Elev   Height   Part
   0
 
*(22)WIND COLUMN:
*     Wall Roof  Roof
*No.   Id   Bay  Side   Offset    Elev   Height   Part
   0
 
*(23)ENDWALL/PARTITION COLUMNS & RAFTERS:
*       Column   ----------Column-----------   -------Rafter------
*No.    Locate   Part       Rot  Opt    Elev   Part       Rot  Opt
  3      230.0  '--------'  'N'  '-'     0.0  '--------'  '-'  '-'
       11235.0  'W40b155'   'N'  '-'     0.0  '--------'  '-'  '-'
       22240.0  '--------'  'N'  '-'     0.0  '--------'  '-'  '-'
  0
 
*(24)BEARING STIFFENERS:
*        --Locate--                                       Min
*No. Id  Use     Id   Offset  Opt  Qty  Width   Thick  Length
  3   1 'CORNER'  1      0.0  '-'   1    60.0    6.00    0.00
      2 'CORNER'  2  22470.0  '-'   1    60.0    6.00    0.00
      3 'COLUMN'  1  11235.0  '-'   1    70.0    6.00    0.00
 
*(25)TRANSVERSE STIFFENERS:
*   Surf   No.    Stiff   Stiff   Stiff  Stiff
*    Id   Stiff    Loc     Quan   Width  Thick
      1      0
      2      0
      3      0
      4      0
 
*(26)CRANE LAYOUT:
*         Bay_Id  Crane  ------------Runway_Location------------  ---Rail---
*No.  Id  Lt  Rt   Type  Orn   Height  OffsetL     Span  OffsetR  Type Depth
  1    1   1   2   'TG'  'L'   6570.0   1530.0  19410.0   1530.0  '-'   0.00
 
 
*(27)CRANE RUNWAY/SUPPORT COLUMN:
*     ---------Runway---------   ------------Support_Column-----------
*Id   Type  Depth WidthT WidthB  Type  Rot  Depth   Dia   Space   Gage
  1   'WB' 366.00 200.00 200.00  '-'   '-'   0.00  0.00    0.00   0.00
  1   'WB' 366.00 200.00 200.00  '-'   '-'   0.00  0.00    0.00   0.00
 
*(28)CRANE BRACKET:
*Crane  Bracket     -----Web---- -Top_Flange-  -Bot_Flange-  ---Flange_Bolts---
*  Id     Part      Depth  Thick  Width Thick   Width Thick   Dia   Space  Gage
    1  'W35b228 '  350.00   5.00 225.00  8.00  225.00  8.00  20.00 100.00 100.0
    1  'W35b228 '  350.00   5.00 225.00  8.00  225.00  8.00  20.00 100.00 100.0
 
*(29)CRANE STIFFENER:
*Crane  ---Web_Bot--  --Web_Diag--  ---Web_Top--  --Web_Beam--   Bracket_Web  Brace  Bracket
*  Id   Width  Thick  Width  Thick  Width  Thick  Width  Thick  Width  Thick  Type   Option
    1   70.00   6.00   0.00   0.00  70.00   6.00 140.00   6.00   0.00   0.00   'A'     '1'
    1   70.00   6.00   0.00   0.00  70.00   6.00 140.00   6.00   0.00   0.00   'A'     '1'
 
*(30)CRANE BRACING/SUPPORT COLUMN ANGLES:
*Crane  -------Bracing------   Long_Brace  Lateral    Column_Angle
*  Id   Type  Part      Conn   Type   Dia  Angle      No. Location
    1   '-'  '--------'   0    'A'  20.00 'L100X8  '   0
    1   '-'  '--------'   0    'A'  20.00 'L100X8  '   0
 
*(31)EXTENSION LAYOUT
*    Ext  Wall                   --Bay_Id-   -Edge_Extend-
*No.  Id   Id  Type  Opt  Mount  Start End    Left   Right
  0
 
*(32)EXTENSION SIZE:
*Ext  ----Horizontal_Size---  ---------Vertical_Size---------  --Orient--
* Id    Elev   Width   Slope     Elev  Height   Slope Project  Beam Panel
 
*(33)EXTENSION BEAM:
*    Ext  Frame            Beam      Beam  ---------Web-------- ------Flange-------   Use    Use   --Connect-
*No.  Id   Line  Use       Part      Shape Depth1  Depth2 Thick Width  Thick  Thick Bracket Stiff  Id  Height
  0
 
*(34)EXTENSION SPLICE:
*Ext Frame                 -----Plate_Size-----  -------------------Bolts-------------------  --Connect-
* Id  Line  Use      Type  Width  Thick  Length    Dia   Gage RowT RowB SpaceT SpaceB DtBolt  Id  Height
 
*(35)EXTENSION PURLINS:
*Ext                Peak      Set
* Id  Type  Row    Space    Space    Part
 
*(36)WALL/ROOF STRUTS:
*---Strut-- Surf Bay_Id   Attach Opt                        ---------------End_Plate--------------         Brace
*No Id Type Wall St End   Locate Id   Part       Rot Offset Type Thick  Width  Dia  Row Quan  Gage Dt_Bolt  Opt
  0
 
*(37)STRUT BOLTS:
*     Bolt Strut  Wall Frame  Attach  Option  Bolt_Size   Dt_Bolt
*No.   Id  Type   Surf  Id    Locate    Id      Dia Quan    Line
   0
 
*(38)WELDS:
*     -------Plate------   ---OS_Flange---  ---IS_Flange---  ------Web------
*No.  Type        Id Loc    Size Type Note   Size Type Note   Size Type Note
  32  'BASE    '   1   1    4.00 'F2' '--'   4.00 'F2' '--'   4.00 'F2' '--'
      'BP_STIFF'   1   1    6.00 'F2' '--'   4.00 'F2' '--'   0.00 '-2' '--'
      'BASE    '   2   1    4.00 'F2' '--'   4.00 'F2' '--'   4.00 'F2' '--'
      'BP_STIFF'   2   1    6.00 'F2' '--'   4.00 'F2' '--'   0.00 '-2' '--'
      'CAP     '   1   1    4.00 'F2' '--'   4.00 'F2' '--'   4.00 'F2' '--'
      'BASE    '   3   1    4.00 'F2' '--'   4.00 'F2' '--'   4.00 'F2' '--'
      'SPLICE  '   1   1    4.00 'F2' '--'   4.00 'F2' '--'   4.00 'F2' '--'
      'SPLICE  '   1   2    4.00 'F2' '--'   4.00 'F1' '--'   4.00 'F2' '--'
      'SPLICE  '   2   1    4.00 'F2' '--'   4.00 'F2' '--'   4.00 'F2' '--'
      'SPLICE  '   2   2    4.00 'F2' '--'   4.00 'F2' '--'   4.00 'F2' '--'
      'SPLICE  '   3   1    4.00 'F2' '--'   4.00 'F2' '--'   4.00 'F2' '--'
      'SPLICE  '   3   2    4.00 'F2' '--'   4.00 'F2' '--'   4.00 'F2' '--'
      'SPLICE  '   4   1    4.00 'F2' '--'   4.00 'F2' '--'   4.00 'F2' '--'
      'SPLICE  '   4   2    4.00 'F2' '--'   4.00 'F2' '--'   4.00 'F2' '--'
      'SPLICE  '   5   1    4.00 'F2' '--'   4.00 'F2' '--'   4.00 'F2' '--'
      'SPLICE  '   5   2    4.00 'F2' '--'   4.00 'F2' '--'   4.00 'F2' '--'
      'SPLICE  '   6   1    4.00 'F2' '--'   4.00 'F1' '--'   4.00 'F2' '--'
      'SPLICE  '   6   2    4.00 'F2' '--'   4.00 'F2' '--'   4.00 'F2' '--'
      'STIFF_B '   1   1    4.00 'F2' '--'   4.00 'F2' '--'   4.00 'F2' '--'
      'STIFF_B '   2   1    4.00 'F2' '--'   4.00 'F2' '--'   4.00 'F2' '--'
      'STIFF_B '   3   1    4.00 'F2' '--'   4.00 'F2' '--'   4.00 'F2' '--'
      'SEGMENT '   1   1    4.00 'F1' '--'   4.00 'F1' '--'   0.00 '-1' '--'
      'SEGMENT '   2   1    4.00 'F1' '--'   4.00 'F1' '--'   0.00 '-1' '--'
      'SEGMENT '   4   1    4.00 'F1' '--'   4.00 'F1' '--'   0.00 '-1' '--'
      'SEGMENT '   5   1    4.00 'F1' '--'   4.00 'F1' '--'   0.00 '-1' '--'
      'SEGMENT '   6   1    4.00 'F1' '--'   4.00 'F1' '--'   0.00 '-1' '--'
      'SEGMENT '   7   1    4.00 'F1' '--'   4.00 'F1' '--'   0.00 '-1' '--'
      'SEGMENT '   8   1    4.00 'F1' '--'   4.00 'F1' '--'   0.00 '-1' '--'
      'SEGMENT '   9   1    4.00 'F1' '--'   4.00 'F1' '--'   0.00 '-1' '--'
      'SEGMENT '  11   1    4.00 'F1' '--'   4.00 'F1' '--'   0.00 '-1' '--'
      'SEGMENT '  12   1    4.00 'F1' '--'   4.00 'F1' '--'   0.00 '-1' '--'
      'COLUMN  '   1   1    4.00 'F1' '--'   4.00 'F1' '--'   0.00 '-1' '--'
 
 
*(39)SOLDIER COLUMNS:
*    Wall  Column     ----Rafter---  ---Splice--   --------Brace-------                   Max
*No.  Id   Part       Part      Opt  Type    Dia   Type  Part      Conn  Attach  Opt     Girt
  0
 
*(40)SPECIAL FAB DATA
*      Piece  Piece
* No.   Id     Key
   0
 
*(41)FRAME LINES:
*   Build  Total    No.   Line
*  Length   Line   Line    Id     Offset
  36285.0     7      1      1      440.0
 
 
*(42)GIRT STRAPS:
*Ew         Strap  Strap
*Id   No.    Dia   Location
  1     0    0.00
  0     0    0.00
 
*(43)WELDED CONNECTION PLATES:
*       Col    Col      Beam    Beam  ---Plate----  ---------Bolts---------
* No.    Id  Attach   Height  Offset  Width  Thick    Dia Row SpaceV SpaceH
   0
 
*(44)COLUMN HOLES:
*    Line Col                                                         ----Hole---
*No.  Id   Id  Use    Height  Orn    Dia  Length   Gage  Ref  Offset  No.  Locate
   0
 
*(45)RAFTER HOLES:
*    Line                                                             ----Hole---
*No.  Id       Use    Locate  Orn    Dia  Length   Gage  Ref  Offset  No.  Locate
   0
 
*(46)JACK BEAM LAYOUT:
*      Jack  --Bay_Id-      Beam    Beam  Beam
* No.   Id   Start End    Offset  Height  Type
   0
 
*(47)JACK BEAM CONNECTIONS:
*Jack  --Left_EP-  -Right_EP-  Stub  ---L_FlgBrc--  ---R_FlgBrc--
* Id   Type  Conn  Type  Conn  Conn   Width    Dia   Width    Dia
 
*(48)ADDITIONAL COLUMNS:
*                                              Conn_Id
*No.  Id  Type  Rot  Opt  Part           Elev  Bot Top
  0
 
*(49)ROOF OPENING LAYOUT:
*   Open  -Location-     Frame --Surface-- ----Bay----                     Ref
*No. Id   Use     Id Opt  Type Id   Offset Id   Offset    Width   Length   Id
   0
 
*(50)ROOF OPENING FRAMING:
*    Mem Open     Bay  --Surface--  ---------Member--------  Frame_Opt   Frame_Id  Connect_Id
*No.  Id  Id  Use  Id  Id   Offset  Type Opt  Rot  Part      Start End  Start End  Start  End
   0
 
*(51)ADDITIONAL PURLINS:
*         Surf Bay Purl                                   ---Extension---   Frame_Opt -Frame_Id-  Connect_Id
*No.  Id   Id   Id  Id    Offset  Type Rot Opt  Part         Left   Right  Left Right Left Right  Left Right
   0
 
*(52)CONNECTIONS:
*       ---------Plate---------   -----Plate_Size----- ----------------------Bolts---------------------- ---Holes---
*No. Id Type  Use        Id Loc   Width  Length  Thick    Dia Row1 Row2 Space1 Space2  Gage Gage2 DtBolt No.  Locate
  2   0 '--' 'BP_STIFF'   1   1  147.00  197.00  10.00   0.00   0    0    0.00   0.00   0.0   0.0    0    0
      0 '--' 'BP_STIFF'   2   1  147.00  197.00  10.00   0.00   0    0    0.00   0.00   0.0   0.0    0    0
 
 
*(53)WELDED PLATES:
*    Line  -Locate-                                            -------Plate-------  ---------Bolts--------  Bolt_Holes
*No.  Id   Use   Id  Opt Att    Locate  Offset Orn Rot   Angle  Width Thick Length    Dia Row Space DtBolt  No. Locate
   0
 
*(54)FLANGE BRACE SIDE:
*     Line  Surf  Loc   Web
*No.   Id    Id    Id  Side
  0
 
 
*DEPTH ADJUSTMENTS:
* Surf  -Depth_Locations-
*  Id   Original  Revised  Adjustment
* ----  --------  -------  ------------------
*   1     4000.0   4016.0  Fab Length
*   2     4700.0   4688.5  Fab Length
*   2     8600.0   8720.5  Flat Bottom Rafter
*   3     2691.0   2570.5  Flat Bottom Rafter
*   3     6591.0   6602.5  Fab Length
*   4     4420.0   4404.0  Fab Length

================================================================================
 C323-153-Final      Frame  1 (Column RF1-1)                11/AUG/2025  1:05pm
================================================================================
  Qty:   1                         Mark: RF1-1       
-------------------------------------------------------------------------------

 PLATES:
 -------
 Qty  Mark Part     Description     Width   Thick    Length   UnitWt  TotalWt Opt
 ---  ---- -------- -----------   -------   -----  --------   ------  ------- ---
   1  WB1           Web            700.00    5.00   4000.00    88.00    88.00   
   1  WB2           Web            700.00    5.00   3917.63   109.69   109.69   
   2  BC1           Brace Clip      75.00    5.00     75.00     0.22     0.45   
   2  ST10          Stiffener       70.00    6.00    600.00     2.02     4.03   
   2  ST11          Stiffener       70.00    6.00    600.00     2.02     4.03   
   2  ST12          Stiffener      140.00    6.00    600.00     4.03     8.06   
   5  GC21          Girt Clip      150.00    5.00    172.50     1.03     5.17   
   1  OF1           OS Flange      150.00    6.00   7917.63    57.01    57.01   
   5  GC1           Girt Clip      150.00    5.00    205.00     1.23     6.15   
   1  IF1           IS Flange      150.00    6.00   4010.78    28.88    28.88   
   1  IF2           IS Flange      150.00    6.00   3917.63    28.21    28.21   
   1  BW1           Bracket Web    350.00    5.00    788.00    11.03    11.03   
   1  BO1           Bracket Out    225.00    8.00    788.00    11.35    11.35   
   1  BI1           Bracket In     225.00    8.00    788.00    11.35    11.35   
   1  SS11          EP Stiffener   554.95    5.00    788.00    17.49    17.49   
   1  GC51  GC41-01 Girt Clip      300.00    8.00    150.00     2.83     2.83   
   1  EP1           End Plate      200.00   16.00    704.81    18.04    18.04   
   1  EP2           End Plate      200.00   16.00    900.00    23.04    23.04   
   1  SS1           EP Stiffener   197.00   10.00    147.00     2.32     2.32   
   1  SS2           EP Stiffener   195.79   10.00    145.79     2.28     2.28   
   1  SS3           EP Stiffener   120.00    5.00     94.00     0.45     0.45   
   1  SS4           EP Stiffener   120.00    5.00     94.00     0.45     0.45   
                                                                      -------
                                                                       440.32

 MEMBER CUTS:
 ------------
   Plate   Cut  -------Left-------  -------Right------
    Mark  Type      Cut       Le       Cut       Re
   -----  ----  --------- --------  --------- --------
    WB1    PP     400.00                              
    WB2    PP     700.00                              

 PLATE CUTS:
 -----------
  Plate  Cut   Cut    Cut     Cut
  Mark   Loc   Typ  Width  Length
  -----  ---   ---  -----  ------
  BC1     4     C   15.00   15.00 
  ST10    4     C   15.00   15.00 
  ST11    4     C   15.00   15.00 
  ST12    4     C   15.00   15.00 
  SS11    2     C  454.95  788.00 
  SS1     1     C  147.00  147.00 
  SS2     4     C  195.79   14.68 
  SS2     1     C  145.79  145.79 
  SS3     1     C  120.00   94.00 
  SS4     1     C  120.00   94.00 

 HOLE LOCATIONS:
 ---------------
  Plate                    Slot/        Bolt
  Mark    Dia Offset  Gage Gage2  Angle  Ref Locate
  ----- ----- ------ ----- ----- ------ ---- --------------------------------------
  BC1   14.00  50.00  0.00  0.00  0.000   12     25.00 
  ST12  22.00  80.00  0.00  0.00  0.000  128     80.00 
  GC21  14.00   0.00 100.0  0.00  0.000    9     25.00 
  GC1   14.00   0.00 100.0  0.00  0.000    9     25.00    125.00 
  BO1   22.00   0.00 100.0 56.00  0.000    0    150.00    250.00 
  GC51  22.00   0.00 200.0  0.00  0.000  127     50.00 
  EP1   26.00   0.00 100.0  0.00  0.000   21     75.00    225.00    479.81    629.81 
  EP2   22.00   0.00 100.0  0.00  0.000   23     50.00    150.00    450.00    750.00    850.00 

 PLATE LOCATIONS:
 ----------------
  Plate
  Mark  Attach  Offset  Angle  Side  Rot  Location
  ----- ------  ------ ------  ----  ---  --------------------------------------
  BC1   WB1       0.00  0.000   F     R   3564.00 
  BC1   WB1       0.00  0.000   B     R   3564.00 
  GC21  WB1      144.0  0.000   F     L   2564.00   3564.00   4564.00   5764.00   7264.00 
  ST10  WB1       0.00  0.000   -     R   5822.00 
  ST11  WB1       0.00  0.000   -     L   6188.00 
  ST12  WB1       0.00  0.000   -     R   6404.00 
  GC1   OF1       0.00  0.000   -     L   2564.00   3564.00   4564.00   5764.00   7264.00 
  BO1   IF2       0.00  0.000   -     -   2188.00 
  GC51  IF2       0.00  0.000   -     -   2404.00 
  EP1            147.0  0.000   -     -
  EP2            94.00  0.000   -     -

 WELDS:
 ------
  Plate           Weld   Weld  Weld    Weld
  Mark    Plate2  Type   Size  Note  Length  Opt
  -----   ------  ----  -----  ----  ------  ---
  WB1      OF      F1    4.00    -   4000.0     
  WB2      OF      F1    4.00    -   3917.6     
  WB1      IF      F1    4.00    -   4011.2     
  WB2      IF      F1    4.00    -   3917.6     
  EP1      OF1     F2    4.00    -   150.00     
  EP1      IF1     F2    4.00    -   150.00     
  EP1      WB1     F2    4.00    -   400.00     
  EP2      OF1     F2    4.00    -   150.00     
  EP2      IF2     F2    4.00    -   150.00     
  EP2      WB2     F2    4.00    -   700.00     
  WB1      WB2     B1    4.00    -   700.00     
  IF1      IF2     B1    6.00    -   150.00     
  BO1      IF      F2    8.00    -   150.00     
  BI1      IF      F2    8.00    -   150.00     
  BW1      IF      F2    4.00    -   350.00     
  BW1      BO1     F1    4.00    -   788.00     
  BW1      BI1     F1    4.00    -   788.00     
  ST10     WB      F2    4.00    -   600.00     
  ST10     IF      F2    4.00    -    70.00     
  ST11     WB      F2    4.00    -   600.00     
  ST11     IF      F2    4.00    -    70.00     
  ST12     WB      F2    4.00    -   600.00     
  ST12     IF      F2    4.00    -   140.00     
  SS1      OF1     F2    4.00    -   197.00     
  SS1      EP1     F2    6.00    -   147.00     
  SS2      IF1     F2    4.00    -   197.00     
  SS2      EP1     F2    6.00    -   147.00     
  BC1      WB      F1    4.00    -    75.00     
  BC1      IF      F1    4.00    -    75.00     
  GC21     WB      F1    4.00    -   150.00     
  GC1      OF      F1    4.00    -   150.00     
  GC51     IF      F1    4.00    -   300.00     
  SS3      EP      F1    4.00    -   120.00     
  SS3      OF      F1    4.00    -    94.00     
  SS4      EP      F1    4.00    -   120.00     
  SS4      IF      F1    4.00    -    94.00     

 FINISH DIMENSIONS:
 ------------------
   Outside Flange Total=  7917.63 
   Inside  Flange Total=  4010.78    3917.63 
   Outside Overall     =  7949.63 
   Top     Overall     =  7949.63 
   Inside  Overall     =  7955.34 
   Left    Overall     =   410.82 
   Right   Overall     =   712.00 

 CLIP DETAILING:
 ---------------
   Mark   Typ Thick Ang      A      B      C      D      E      F      G      H
   ------ --- ----- --- ------ ------ ------ ------ ------ ------ ------ ------
   BC1     x   0.00   0  50.00   0.00  25.00  50.00   0.00   0.00   0.00   0.00
   ST10    w   6.00   0  70.00 600.00   0.00   0.00   0.00   0.00   0.00   0.00
   ST11    w   6.00   0  70.00 600.00   0.00   0.00   0.00   0.00   0.00   0.00
   ST12    w   6.00   0 140.00 600.00   0.00   0.00   0.00   0.00   0.00   0.00
   GC21    y   0.00   0  25.00 100.00  25.00 147.50   0.00   0.00   0.00   0.00
   GC1     y   0.00   0  25.00 100.00  25.00 100.00  80.00   0.00   0.00   0.00
   EP1     z  16.00   0  50.00 100.00  75.00 150.00 254.81 150.00  75.00  26.00
   EP2     z  16.00   0  50.00 100.00  50.00 100.00 300.00 300.00 100.00  22.00
   SS1     w   0.00   0 197.00 147.00   0.00 147.00   0.00 147.00   0.00   0.00
   SS2     w   0.00   0 195.79 145.79  14.68 131.11   0.00 145.79   0.00   0.00
   SS3     w   0.00   0 120.00  94.00   0.00  94.00   0.00   0.00   0.00   0.00
   SS4     w   0.00   0 120.00  94.00   0.00  94.00   0.00   0.00   0.00   0.00

================================================================================
 C323-153-Final      Frame  1 (Rafter RF1-2)                11/AUG/2025  1:05pm
================================================================================
  Qty:   2                         Mark: RF1-2       
-------------------------------------------------------------------------------

 PLATES:
 -------
 Qty  Mark Part     Description     Width   Thick    Length   UnitWt  TotalWt Opt
 ---  ---- -------- -----------   -------   -----  --------   ------  ------- ---
   2  WB1           Web            400.50    4.00   4482.88    50.37   100.74   
   8  BC1           Brace Clip      75.00    5.00     75.00     0.22     1.80   
   4  ST1           Stiffener       60.00    6.00    360.00     1.04     4.15   
   2  OF1           OS Flange      125.00    5.00   4677.45    23.39    46.77   
   2  OF2           OS Flange      125.00    5.00    321.70     1.61     3.22   
   6  PC1           Purl Clip      150.00    5.00    145.00     0.87     5.22   
   2  GB1           Girt Clip      150.00    5.00    145.40     0.87     1.74   
   2  ES1           Eave Stiff     230.00    5.00    115.00     1.06     2.12   
   2  IF1           IS Flange      125.00    5.00   3685.09    18.43    36.85   
   2  EP1           End Plate      200.00   16.00    500.00    12.80    25.60   
   2  EP2           End Plate      200.00   16.00    900.00    23.04    46.08   
   2  SS1           EP Stiffener   120.00    5.00     95.00     0.46     0.91   
   2  SS2           EP Stiffener   120.00    5.00     94.56     0.45     0.91   
   2  SS3           EP Stiffener   120.00    5.00     95.00     0.46     0.91   
                                                                      -------
                                                                       277.02

 MEMBER CUTS:
 ------------
 Plate  Cut  ---------------Left-------------  -------------Right--------------
  Mark Type     Cut      Ls      Li      Le       Cut      Rs      Ri      Re
 ----- ----  -------- ------- ------- -------  -------- ------- ------- -------
  WB1    D    300.43                                    320.60  799.31  32.06 T

 PLATE CUTS:
 -----------
  Plate  Cut   Cut    Cut     Cut
  Mark   Loc   Typ  Width  Length
  -----  ---   ---  -----  ------
  BC1     4     C   15.00   15.00 
  ST1     4     C   15.00   15.00 
  ES1     1     C  230.00   23.00 
  ES1     4     C  230.00   92.00 
  SS1     1     C  120.00   95.00 
  SS2     4     C  120.00    3.26 
  SS2     1     C  120.00   91.30 
  SS3     1     C  120.00   95.00 

 HOLE LOCATIONS:
 ---------------
  Plate                    Slot/        Bolt
  Mark    Dia Offset  Gage Gage2  Angle  Ref Locate
  ----- ----- ------ ----- ----- ------ ---- --------------------------------------
  WB1   14.00  144.0 100.0  0.00  0.000    9    172.83 
  BC1   14.00  50.00  0.00  0.00  0.000   12     25.00 
  PC1   14.00   0.00 100.0  0.00  0.000   10     25.00    105.00 
  GB1   14.00   0.00 100.0  0.00  0.000   77     25.40    105.40 
  EP1   22.00   0.00 100.0  0.00  0.000   23     50.00    150.00    350.00    450.00 
  EP2   22.00   0.00 100.0  0.00  0.000   23     50.00    150.00    450.00    750.00    850.00 

 PLATE LOCATIONS:
 ----------------
  Plate
  Mark  Attach  Offset  Angle  Side  Rot  Location
  ----- ------  ------ ------  ----  ---  --------------------------------------
  BC1   WB1       0.00  0.000   F     R    550.90   3298.60 
  BC1   WB1       0.00  0.000   B     R    550.90   3298.60 
  ST1   WB1       0.00 -0.100   -     -   3783.37 
  PC1   OF1       0.00  0.000   -     L    550.90   1924.70   3298.60 
  GB1   OF1       0.00  0.000   -     R   4592.50 
  EP1            95.00  0.000   -     -
  EP2            95.00  0.000   -     -

 WELDS:
 ------
  Plate           Weld   Weld  Weld    Weld
  Mark    Plate2  Type   Size  Note  Length  Opt
  -----   ------  ----  -----  ----  ------  ---
  WB1      OF      F1    4.00    -   4450.8     
  WB1      IF      F1    4.00    -   3685.2     
  WB1      OF2     F2    4.00    -   322.20     
  EP1      OF1     F2    4.00    -   125.00     
  EP1      IF1     F2    4.00    -   125.00     
  EP1      WB1     F2    4.00    -   300.43     
  EP2      OF2     F2    4.00    -   125.00     
  EP2      WB1     F2    4.00    -   803.00     
  EP2      IF1     F1    4.00    -   125.00     
  ST1      WB      F2    4.00    -   360.00     
  ST1      EP      F2    4.00    -    60.00     
  BC1      WB      F1    4.00    -    75.00     
  BC1      IF      F1    4.00    -    75.00     
  PC1      OF      F1    4.00    -   150.00     
  GB1      OF      F1    4.00    -   150.00     
  ES1      OF2     F1    4.00    -   230.00     
  ES1      OF1     F1    4.00    -   115.00     
  SS1      EP      F1    4.00    -   120.00     
  SS1      OF      F1    4.00    -    95.00     
  SS2      EP      F1    4.00    -   120.00     
  SS2      IF      F1    4.00    -    94.56     
  SS3      EP      F1    4.00    -   120.00     
  SS3      OF      F1    4.00    -    95.00     

 FINISH DIMENSIONS:
 ------------------
   Outside Flange Total=  4677.45     321.70 
   Inside  Flange Total=  3685.09 
   Outside Overall     =  4471.35 
   Inside  Overall     =  3706.11 
   Left    Overall     =   310.00 
   Right   Overall     =   805.00 
   Right Extension     =    34.10 

 CLIP DETAILING:
 ---------------
   Mark   Typ Thick Ang      A      B      C      D      E      F      G      H
   ------ --- ----- --- ------ ------ ------ ------ ------ ------ ------ ------
   BC1     x   0.00   0  50.00   0.00  25.00  50.00   0.00   0.00   0.00   0.00
   ST1     w   6.00   0  60.00 360.00   0.00   0.00   0.00   0.00   0.00   0.00
   PC1     y   0.00   0  25.00 100.00  25.00  80.00  40.00   0.00   0.00   0.00
   GB1     y   0.00   0  25.00 100.00  25.40  80.00  40.00   0.00   0.00   0.00
   ES1     w   0.00   0 230.00 115.00  23.00  92.00   0.00   0.00   0.00   0.00
   EP1     z  16.00   0  50.00 100.00  50.00 100.00 200.00 100.00  50.00  22.00
   EP2     z  16.00   0  50.00 100.00  50.00 100.00 300.00 300.00 100.00  22.00
   SS1     w   0.00   0 120.00  95.00   0.00  95.00   0.00   0.00   0.00   0.00
   SS2     w   0.00   0 120.00  94.56   3.26  91.30   0.00   0.00   0.00   0.00
   SS3     w   0.00   0 120.00  95.00   0.00  95.00   0.00   0.00   0.00   0.00

================================================================================
 C323-153-Final      Frame  1 (Rafter RF1-3)                11/AUG/2025  1:05pm
================================================================================
  Qty:   2                         Mark: RF1-3       
-------------------------------------------------------------------------------

 PLATES:
 -------
 Qty  Mark Part     Description     Width   Thick    Length   UnitWt  TotalWt Opt
 ---  ---- -------- -----------   -------   -----  --------   ------  ------- ---
   2  WB1           Web            300.00    4.00   4000.00    38.40    76.80   
   4  BC1           Brace Clip      75.00    5.00     75.00     0.22     0.90   
   2  OF1           OS Flange      125.00    5.00   4000.00    20.00    40.00   
   6  PC1           Purl Clip      150.00    5.00    145.00     0.87     5.22   
   2  IF1           IS Flange      125.00    5.00   4000.00    20.00    40.00   
   2  EP1           End Plate      200.00   16.00    500.00    12.80    25.60   
   2  EP2           End Plate      200.00   16.00    500.00    12.80    25.60   
   2  SS1           EP Stiffener   120.00    5.00     95.00     0.46     0.91   
   2  SS2           EP Stiffener   120.00    5.00     95.00     0.46     0.91   
   2  SS3           EP Stiffener   120.00    5.00     95.00     0.46     0.91   
   2  SS4           EP Stiffener   120.00    5.00     95.00     0.46     0.91   
                                                                      -------
                                                                       217.77

 MEMBER CUTS:
 ------------
   Plate   Cut  -------Left-------  -------Right------
    Mark  Type      Cut       Le       Cut       Re
   -----  ----  --------- --------  --------- --------
    WB1    PP     300.00                              

 PLATE CUTS:
 -----------
  Plate  Cut   Cut    Cut     Cut
  Mark   Loc   Typ  Width  Length
  -----  ---   ---  -----  ------
  BC1     4     C   15.00   15.00 
  SS1     1     C  120.00   95.00 
  SS2     1     C  120.00   95.00 
  SS3     1     C  120.00   95.00 
  SS4     1     C  120.00   95.00 

 HOLE LOCATIONS:
 ---------------
  Plate                    Slot/        Bolt
  Mark    Dia Offset  Gage Gage2  Angle  Ref Locate
  ----- ----- ------ ----- ----- ------ ---- --------------------------------------
  BC1   14.00  50.00  0.00  0.00  0.000   12     25.00 
  PC1   14.00   0.00 100.0  0.00  0.000   10     25.00    105.00 
  EP1   22.00   0.00 100.0  0.00  0.000   23     50.00    150.00    350.00    450.00 
  EP2   22.00   0.00 100.0  0.00  0.000   23     50.00    150.00    350.00    450.00 

 PLATE LOCATIONS:
 ----------------
  Plate
  Mark  Attach  Offset  Angle  Side  Rot  Location
  ----- ------  ------ ------  ----  ---  --------------------------------------
  BC1   WB1       0.00  0.000   F     R   1835.10 
  BC1   WB1       0.00  0.000   B     R   1835.10 
  PC1   OF1       0.00  0.000   -     L    461.20   1835.10   3209.00 
  EP1            95.00  0.000   -     -
  EP2            95.00  0.000   -     -

 WELDS:
 ------
  Plate           Weld   Weld  Weld    Weld
  Mark    Plate2  Type   Size  Note  Length  Opt
  -----   ------  ----  -----  ----  ------  ---
  WB1      OF      F1    4.00    -   4000.0     
  WB1      IF      F1    4.00    -   4000.0     
  EP1      OF1     F2    4.00    -   125.00     
  EP1      IF1     F2    4.00    -   125.00     
  EP1      WB1     F2    4.00    -   300.00     
  EP2      OF1     F2    4.00    -   125.00     
  EP2      IF1     F2    4.00    -   125.00     
  EP2      WB1     F2    4.00    -   300.00     
  BC1      WB      F1    4.00    -    75.00     
  BC1      IF      F1    4.00    -    75.00     
  PC1      OF      F1    4.00    -   150.00     
  SS1      EP      F1    4.00    -   120.00     
  SS1      OF      F1    4.00    -    95.00     
  SS2      EP      F1    4.00    -   120.00     
  SS2      IF      F1    4.00    -    95.00     
  SS3      EP      F1    4.00    -   120.00     
  SS3      OF      F1    4.00    -    95.00     
  SS4      EP      F1    4.00    -   120.00     
  SS4      IF      F1    4.00    -    95.00     

 FINISH DIMENSIONS:
 ------------------
   Outside Flange Total=  4000.00 
   Inside  Flange Total=  4000.00 
   Outside Overall     =  4032.00 
   Inside  Overall     =  4032.00 
   Left    Overall     =   310.00 
   Right   Overall     =   310.00 

 CLIP DETAILING:
 ---------------
   Mark   Typ Thick Ang      A      B      C      D      E      F      G      H
   ------ --- ----- --- ------ ------ ------ ------ ------ ------ ------ ------
   BC1     x   0.00   0  50.00   0.00  25.00  50.00   0.00   0.00   0.00   0.00
   PC1     y   0.00   0  25.00 100.00  25.00  80.00  40.00   0.00   0.00   0.00
   EP1     z  16.00   0  50.00 100.00  50.00 100.00 200.00 100.00  50.00  22.00
   EP2     z  16.00   0  50.00 100.00  50.00 100.00 200.00 100.00  50.00  22.00
   SS1     w   0.00   0 120.00  95.00   0.00  95.00   0.00   0.00   0.00   0.00
   SS2     w   0.00   0 120.00  95.00   0.00  95.00   0.00   0.00   0.00   0.00
   SS3     w   0.00   0 120.00  95.00   0.00  95.00   0.00   0.00   0.00   0.00
   SS4     w   0.00   0 120.00  95.00   0.00  95.00   0.00   0.00   0.00   0.00

================================================================================
 C323-153-Final      Frame  1 (Rafter RF1-4)                11/AUG/2025  1:05pm
================================================================================
  Qty:   1                         Mark: RF1-4       
-------------------------------------------------------------------------------

 PLATES:
 -------
 Qty  Mark Part     Description     Width   Thick    Length   UnitWt  TotalWt Opt
 ---  ---- -------- -----------   -------   -----  --------   ------  ------- ---
   1  WB1           Web            552.75    4.00   5052.83    68.66    68.66  B
   4  BC1           Brace Clip      75.00    5.00     75.00     0.22     0.90   
   4  BC2           Brace Clip      75.00    5.00     75.00     0.22     0.90   
   1  OF1           OS Flange      150.00    5.00   2539.03    15.23    15.23   
   1  OF2           OS Flange      150.00    5.00   2539.00    15.23    15.23   
   2  PC1           Purl Clip      150.00    5.00    145.00     0.87     1.74   
   2  PC2           Purl Clip      150.00    5.00    145.00     0.87     1.74   
   1  IF1           IS Flange      150.00    5.00   4991.81    29.95    29.95   
   2  ST2           Stiffener       70.00    6.00    450.00     1.51     3.02   
   1  EP1           End Plate      200.00   16.00    500.00    12.80    12.80   
   1  EP2           End Plate      200.00   16.00    500.00    12.80    12.80   
   1  SS1           EP Stiffener   120.00    5.00     95.00     0.46     0.46   
   1  SS2           EP Stiffener   120.00    5.00     93.38     0.45     0.45   
   1  SS3           EP Stiffener   120.00    5.00     95.00     0.46     0.46   
   1  SS4           EP Stiffener   120.00    5.00     93.37     0.45     0.45   
                                                                      -------
                                                                       164.79

 MEMBER CUTS:
 ------------
 Plate  Cut  ---------------Left-------------  -------------Right--------------
  Mark Type     Cut      Ls      Li      Le       Cut      Rs      Ri      Re
 ----- ----  -------- ------- ------- -------  -------- ------- ------- -------
  WB1   BC            300.10  2526.4  30.01 T   552.75  300.11  2526.4  30.01 T

 PLATE CUTS:
 -----------
  Plate  Cut   Cut    Cut     Cut
  Mark   Loc   Typ  Width  Length
  -----  ---   ---  -----  ------
  BC1     4     C   15.00   15.00 
  BC2     4     C   15.00   15.00 
  ST2     4     C   15.00   15.00 
  SS1     1     C  120.00   95.00 
  SS2     4     C  120.00   12.00 
  SS2     1     C  120.00   81.38 
  SS3     1     C  120.00   95.00 
  SS4     4     C  120.00   12.00 
  SS4     1     C  120.00   81.37 

 HOLE LOCATIONS:
 ---------------
  Plate                    Slot/        Bolt
  Mark    Dia Offset  Gage Gage2  Angle  Ref Locate
  ----- ----- ------ ----- ----- ------ ---- --------------------------------------
  BC1   14.00  50.00  0.00  0.00  0.000   12     25.00 
  BC2   14.00  50.00  0.00  0.00  0.000   12     25.00 
  PC1   14.00   0.00 100.0  0.00  0.000   10     25.00    105.00 
  PC2   14.00   0.00 100.0  0.00  0.000   10     25.00    105.00 
  IF1   22.00   0.00 70.00  0.00  0.000    9   2445.92   2545.92 
  EP1   22.00   0.00 100.0  0.00  0.000   23     50.00    150.00    350.00    450.00 
  EP2   22.00   0.00 100.0  0.00  0.000   23     50.00    150.00    350.00    450.00 

 PLATE LOCATIONS:
 ----------------
  Plate
  Mark  Attach  Offset  Angle  Side  Rot  Location
  ----- ------  ------ ------  ----  ---  --------------------------------------
  BC1   WB1       0.00  0.000   F     L    880.70   2254.50 
  BC1   WB1       0.00  0.000   B     L    880.70   2254.50 
  BC2   WB1  t    0.00  0.000   F     R    284.50   1658.40 
  BC2   WB1  t    0.00  0.000   B     R    284.50   1658.40 
  PC1   OF1       0.00  0.000   -     R    880.70   2254.50 
  PC2   OF2       0.00  0.000   -     L    284.50   1658.40 
  ST2   IF1       0.00  0.000   -     -   2495.92 
  EP1            95.00  0.000   -     -
  EP2            95.00  0.000   -     -

 WELDS:
 ------
  Plate           Weld   Weld  Weld    Weld
  Mark    Plate2  Type   Size  Note  Length  Opt
  -----   ------  ----  -----  ----  ------  ---
  WB1      OF      F1    4.00    -   5078.0     
  WB1      IF      F1    4.00    -   4992.8     
  EP1      OF1     F2    4.00    -   150.00     
  EP1      IF1     F2    4.00    -   150.00     
  EP1      WB1     F2    4.00    -   301.60     
  EP2      OF2     F2    4.00    -   150.00     
  EP2      IF1     F2    4.00    -   150.00     
  EP2      WB1     F2    4.00    -   301.60     
  ST2      WB      F2    4.00    -   450.00     
  ST2      IF      F2    4.00    -    70.00     
  BC1      WB      F1    4.00    -    75.00     
  BC1      IF      F1    4.00    -    75.00     
  BC2      WB      F1    4.00    -    75.00     
  BC2      IF      F1    4.00    -    75.00     
  PC1      OF      F1    4.00    -   150.00     
  PC2      OF      F1    4.00    -   150.00     
  SS1      EP      F1    4.00    -   120.00     
  SS1      OF      F1    4.00    -    95.00     
  SS2      EP      F1    4.00    -   120.00     
  SS2      IF      F1    4.00    -    93.38     
  SS3      EP      F1    4.00    -   120.00     
  SS3      OF      F1    4.00    -    95.00     
  SS4      EP      F1    4.00    -   120.00     
  SS4      IF      F1    4.00    -    93.37     

 FINISH DIMENSIONS:
 ------------------
   Outside Flange Total=  2539.03    2539.00 
   Inside  Flange Total=  2495.92    2495.89 
   Outside Overall     =  5085.67 
   Inside  Overall     =  5023.97 
   Left    Overall     =   310.02 
   Right   Overall     =   310.03 
   Left  Extension     =   -30.85 
   Right Extension     =   -30.85 

 CLIP DETAILING:
 ---------------
   Mark   Typ Thick Ang      A      B      C      D      E      F      G      H
   ------ --- ----- --- ------ ------ ------ ------ ------ ------ ------ ------
   BC1     x   0.00   0  50.00   0.00  25.00  50.00   0.00   0.00   0.00   0.00
   BC2     x   0.00   0  50.00   0.00  25.00  50.00   0.00   0.00   0.00   0.00
   PC1     y   0.00   0  25.00 100.00  25.00  80.00  40.00   0.00   0.00   0.00
   PC2     y   0.00   0  25.00 100.00  25.00  80.00  40.00   0.00   0.00   0.00
   ST2     w   6.00   0  70.00 450.00   0.00   0.00   0.00   0.00   0.00   0.00
   EP1     z  16.00   0  50.00 100.00  50.00 100.00 200.00 100.00  50.00  22.00
   EP2     z  16.00   0  50.00 100.00  50.00 100.00 200.00 100.00  50.00  22.00
   SS1     w   0.00   0 120.00  95.00   0.00  95.00   0.00   0.00   0.00   0.00
   SS2     w   0.00   0 120.00  93.38  12.00  81.38   0.00   0.00   0.00   0.00
   SS3     w   0.00   0 120.00  95.00   0.00  95.00   0.00   0.00   0.00   0.00
   SS4     w   0.00   0 120.00  93.37  12.00  81.37   0.00   0.00   0.00   0.00

================================================================================
 C323-153-Final      Frame  1 (Column RF1-5)                11/AUG/2025  1:05pm
================================================================================
  Qty:   1                         Mark: RF1-5       
-------------------------------------------------------------------------------

 PLATES:
 -------
 Qty  Mark Part     Description     Width   Thick    Length   UnitWt  TotalWt Opt
 ---  ---- -------- -----------   -------   -----  --------   ------  ------- ---
   1  WB1           Web            700.00    5.00   4000.00    88.00    88.00   
   1  WB2           Web            700.00    5.00   3917.63   109.69   109.69   
   2  BC1           Brace Clip      75.00    5.00     75.00     0.22     0.45   
   2  ST10          Stiffener       70.00    6.00    600.00     2.02     4.03   
   2  ST11          Stiffener       70.00    6.00    600.00     2.02     4.03   
   2  ST12          Stiffener      140.00    6.00    600.00     4.03     8.06   
   5  GC26          Girt Clip      150.00    5.00    172.50     1.03     5.17   
   1  OF1           OS Flange      150.00    6.00   7917.63    57.01    57.01   
   5  GC1           Girt Clip      150.00    5.00    205.00     1.23     6.15   
   1  IF1           IS Flange      150.00    6.00   4010.78    28.88    28.88   
   1  IF2           IS Flange      150.00    6.00   3917.63    28.21    28.21   
   1  BW1           Bracket Web    350.00    5.00    788.00    11.03    11.03   
   1  BO1           Bracket Out    225.00    8.00    788.00    11.35    11.35   
   1  BI1           Bracket In     225.00    8.00    788.00    11.35    11.35   
   1  SS11          EP Stiffener   554.95    5.00    788.00    17.49    17.49   
   1  GC51  GC41-01 Girt Clip      300.00    8.00    150.00     2.83     2.83   
   1  EP1           End Plate      200.00   16.00    704.81    18.04    18.04   
   1  EP2           End Plate      200.00   16.00    900.00    23.04    23.04   
   1  SS1           EP Stiffener   197.00   10.00    147.00     2.32     2.32   
   1  SS2           EP Stiffener   195.79   10.00    145.79     2.28     2.28   
   1  SS3           EP Stiffener   120.00    5.00     94.00     0.45     0.45   
   1  SS4           EP Stiffener   120.00    5.00     94.00     0.45     0.45   
                                                                      -------
                                                                       440.32

 MEMBER CUTS:
 ------------
   Plate   Cut  -------Left-------  -------Right------
    Mark  Type      Cut       Le       Cut       Re
   -----  ----  --------- --------  --------- --------
    WB1    PP     400.00                              
    WB2    PP     700.00                              

 PLATE CUTS:
 -----------
  Plate  Cut   Cut    Cut     Cut
  Mark   Loc   Typ  Width  Length
  -----  ---   ---  -----  ------
  BC1     4     C   15.00   15.00 
  ST10    4     C   15.00   15.00 
  ST11    4     C   15.00   15.00 
  ST12    4     C   15.00   15.00 
  SS11    2     C  454.95  788.00 
  SS1     1     C  147.00  147.00 
  SS2     4     C  195.79   14.68 
  SS2     1     C  145.79  145.79 
  SS3     1     C  120.00   94.00 
  SS4     1     C  120.00   94.00 

 HOLE LOCATIONS:
 ---------------
  Plate                    Slot/        Bolt
  Mark    Dia Offset  Gage Gage2  Angle  Ref Locate
  ----- ----- ------ ----- ----- ------ ---- --------------------------------------
  BC1   14.00  50.00  0.00  0.00  0.000   12     25.00 
  ST12  22.00  80.00  0.00  0.00  0.000  128     80.00 
  GC26  14.00   0.00 100.0  0.00  0.000    9     25.00 
  GC1   14.00   0.00 100.0  0.00  0.000    9     25.00    125.00 
  BO1   22.00   0.00 100.0 56.00  0.000    0    150.00    250.00 
  GC51  22.00   0.00 200.0  0.00  0.000  127     50.00 
  EP1   26.00   0.00 100.0  0.00  0.000   21     75.00    225.00    479.81    629.81 
  EP2   22.00   0.00 100.0  0.00  0.000   23     50.00    150.00    450.00    750.00    850.00 

 PLATE LOCATIONS:
 ----------------
  Plate
  Mark  Attach  Offset  Angle  Side  Rot  Location
  ----- ------  ------ ------  ----  ---  --------------------------------------
  BC1   WB1       0.00  0.000   F     R   3564.00 
  BC1   WB1       0.00  0.000   B     R   3564.00 
  GC26  WB1      144.0  0.000   B     L   2564.00   3564.00   4564.00   5764.00   7264.00 
  ST10  WB1       0.00  0.000   -     R   5822.00 
  ST11  WB1       0.00  0.000   -     L   6188.00 
  ST12  WB1       0.00  0.000   -     R   6404.00 
  GC1   OF1       0.00  0.000   -     L   2564.00   3564.00   4564.00   5764.00   7264.00 
  BO1   IF2       0.00  0.000   -     -   2188.00 
  GC51  IF2       0.00  0.000   -     -   2404.00 
  EP1            147.0  0.000   -     -
  EP2            94.00  0.000   -     -

 WELDS:
 ------
  Plate           Weld   Weld  Weld    Weld
  Mark    Plate2  Type   Size  Note  Length  Opt
  -----   ------  ----  -----  ----  ------  ---
  WB1      OF      F1    4.00    -   4000.0     
  WB2      OF      F1    4.00    -   3917.6     
  WB1      IF      F1    4.00    -   4011.2     
  WB2      IF      F1    4.00    -   3917.6     
  EP1      OF1     F2    4.00    -   150.00     
  EP1      IF1     F2    4.00    -   150.00     
  EP1      WB1     F2    4.00    -   400.00     
  EP2      OF1     F2    4.00    -   150.00     
  EP2      IF2     F2    4.00    -   150.00     
  EP2      WB2     F2    4.00    -   700.00     
  WB1      WB2     B1    4.00    -   700.00     
  IF1      IF2     B1    6.00    -   150.00     
  BO1      IF      F2    8.00    -   150.00     
  BI1      IF      F2    8.00    -   150.00     
  BW1      IF      F2    4.00    -   350.00     
  BW1      BO1     F1    4.00    -   788.00     
  BW1      BI1     F1    4.00    -   788.00     
  ST10     WB      F2    4.00    -   600.00     
  ST10     IF      F2    4.00    -    70.00     
  ST11     WB      F2    4.00    -   600.00     
  ST11     IF      F2    4.00    -    70.00     
  ST12     WB      F2    4.00    -   600.00     
  ST12     IF      F2    4.00    -   140.00     
  SS1      OF1     F2    4.00    -   197.00     
  SS1      EP1     F2    6.00    -   147.00     
  SS2      IF1     F2    4.00    -   197.00     
  SS2      EP1     F2    6.00    -   147.00     
  BC1      WB      F1    4.00    -    75.00     
  BC1      IF      F1    4.00    -    75.00     
  GC26     WB      F1    4.00    -   150.00     
  GC1      OF      F1    4.00    -   150.00     
  GC51     IF      F1    4.00    -   300.00     
  SS3      EP      F1    4.00    -   120.00     
  SS3      OF      F1    4.00    -    94.00     
  SS4      EP      F1    4.00    -   120.00     
  SS4      IF      F1    4.00    -    94.00     

 FINISH DIMENSIONS:
 ------------------
   Outside Flange Total=  7917.63 
   Inside  Flange Total=  4010.78    3917.63 
   Outside Overall     =  7949.63 
   Top     Overall     =  7949.63 
   Inside  Overall     =  7955.34 
   Left    Overall     =   410.82 
   Right   Overall     =   712.00 

 CLIP DETAILING:
 ---------------
   Mark   Typ Thick Ang      A      B      C      D      E      F      G      H
   ------ --- ----- --- ------ ------ ------ ------ ------ ------ ------ ------
   BC1     x   0.00   0  50.00   0.00  25.00  50.00   0.00   0.00   0.00   0.00
   ST10    w   6.00   0  70.00 600.00   0.00   0.00   0.00   0.00   0.00   0.00
   ST11    w   6.00   0  70.00 600.00   0.00   0.00   0.00   0.00   0.00   0.00
   ST12    w   6.00   0 140.00 600.00   0.00   0.00   0.00   0.00   0.00   0.00
   GC26    y   0.00   0  25.00 100.00  25.00 147.50   0.00   0.00   0.00   0.00
   GC1     y   0.00   0  25.00 100.00  25.00 100.00  80.00   0.00   0.00   0.00
   EP1     z  16.00   0  50.00 100.00  75.00 150.00 254.81 150.00  75.00  26.00
   EP2     z  16.00   0  50.00 100.00  50.00 100.00 300.00 300.00 100.00  22.00
   SS1     w   0.00   0 197.00 147.00   0.00 147.00   0.00 147.00   0.00   0.00
   SS2     w   0.00   0 195.79 145.79  14.68 131.11   0.00 145.79   0.00   0.00
   SS3     w   0.00   0 120.00  94.00   0.00  94.00   0.00   0.00   0.00   0.00
   SS4     w   0.00   0 120.00  94.00   0.00  94.00   0.00   0.00   0.00   0.00

================================================================================
 C323-153-Final      Flange Braces                          11/AUG/2025  1:05pm
================================================================================

 FLANGE BRACES:
 --------------
  Surf            Web  Brace                          --Attachment-
   Id   Locate  Depth Offset  Length  Qty   Part      Frame  Purlin Ref
  ----  ------  ----- ------  ------  ---   --------  ------ ------ -----
    1      2   667.30  660.0  976.00    1   L40X40X4  Clip   Web         
    2      1   390.03  330.0  528.00    1   L40X40X4  Clip   Web         
           3   315.40  330.0  464.00    1   L40X40X4  Clip   Web         
           5   300.00  330.0  456.00    1   L40X40X4  Clip   Web         
           7   389.67  330.0  528.00    1   L40X40X4  Clip   Web         
           8   527.05  660.0  848.00    1   L40X40X4  Clip   Web         
    3      1   527.05  660.0  848.00    1   L40X40X4  Clip   Web         
           2   389.66  330.0  528.00    1   L40X40X4  Clip   Web         
           4   300.00  330.0  456.00    1   L40X40X4  Clip   Web         
           6   315.40  330.0  464.00    1   L40X40X4  Clip   Web         
           8   390.03  330.0  528.00    1   L40X40X4  Clip   Web         
    4      2   667.30  660.0  976.00    1   L40X40X4  Clip   Web         

================================================================================
 C323-153-Final      Connection Bolts                       11/AUG/2025  1:05pm
================================================================================

 BOLTS:
 ------
   Locate   Plate   Qty  Type     Dia  Length  Part      DtBolt  TotalWt
   -------  -----   ---  -----  -----  ------  --------  ------  -------
   Frame    Spl-1    10  Gr8.8  20.00   90.00  H20X90      23        3.4
   Frame    Spl-2     8  Gr8.8  20.00   90.00  H20X90      23        2.7
   Frame    Spl-3     8  Gr8.8  20.00   90.00  H20X90      23        2.7
   Frame    Spl-4     8  Gr8.8  20.00   90.00  H20X90      23        2.7
   Frame    Spl-5     8  Gr8.8  20.00   90.00  H20X90      23        2.7
   Frame    Spl-6    10  Gr8.8  20.00   90.00  H20X90      23        3.4
   Col1     Cap       4  Gr8.8  20.00   90.00  H20X90      23        1.3
                                                                 -------
                                                                    18.9   

================================================================================
 C323-153-Final      Rigid Frame Clearances                 11/AUG/2025  1:05pm
================================================================================

 FRAME VERTICAL CLEARANCE:
 -------------------------
   Location                        Span   X_Coord   Y_Coord
   ------------------------     -------  --------  --------
   Left_Col                     7960.67   1039.63   7960.67 
   Right_Col                    7960.67  21430.37   7960.67 
   Midspan                      8829.98  11235.00   8829.98 
   Int_Col  1                   8829.98  11235.00   8829.98 

 FRAME HORIZONTAL CLEARANCE:
 ---------------------------
   Location                        Span  X_Coord1  X_Coord2
   ------------------------     -------  --------  --------
   Left_Col     - Int_Col  1   10293.00    942.00  11235.00 
   Int_Col  1   - Right_Col    10293.00  11235.00  21528.00 

 CRANE VERTICAL CLEARANCE:
 -------------------------
                                  ----Frame_Coord---
   Crane  Location        Clear    X_Coord   Y_Coord
   -----  ----------  ---------   --------  --------
      1   Left_Col     1363.63     942.00   7933.63 

 CRANE HORIZONTAL CLEARANCE:
 ----------------------------
                                  ----Frame_Coord---
   Crane  Location        Clear    X_Coord   Y_Coord
   -----  ----------  ---------   --------  --------
      1   Left_Col      494.00     936.00   6570.00 
      1   Right_Col     494.00   21534.00   6570.00 

 EAVE STRUT OFFSET:
  Wall
   Id   Type  Offset
    4    ZB    80.00
    2    ZB    80.00

================================================================================
 C323-153-Final      Weld Lengths                           11/AUG/2025  1:05pm
================================================================================

        Piece    Size    Web-Flange    ------Hand_Weld(mm)-----
  Qty   Mark     (mm)    Fillet(mm)     Fillet   Groove    Butt
  ---   -----   -----    ----------    -------  -------  ------
    1   RF1-1    4.00     15846.5      17312.0     0.00  700.00
                 6.00        0.00       588.00     0.00  150.00
                 8.00        0.00       600.00     0.00    0.00
 
    2   RF1-2    4.00     16272.1      15191.6     0.00    0.00
 
    2   RF1-3    4.00     16000.0      7620.00     0.00    0.00
 
    1   RF1-4    4.00     10070.8      7143.16     0.00    0.00
 
    1   RF1-5    4.00     15846.5      17312.0     0.00  700.00
                 6.00        0.00       588.00     0.00  150.00
                 8.00        0.00       600.00     0.00    0.00

================================================================================
 C323-153-Final      Bracing Attachments                    11/AUG/2025  1:05pm
================================================================================

================================================================================
 C323-153-Final      Frame Layout                           11/AUG/2025  1:05pm
================================================================================


    Frame
   Line_Id  Locate  Piece Mark
   -------  ------  ---------------------------------------------------------
      1     Surf 1  RF1-1    
            Surf 2  RF1-2     RF1-3     RF1-4    
            Surf 3  RF1-3     RF1-2    
            Surf 4  RF1-5    

================================================================================
 C323-153-Final      Weight Summary                         11/AUG/2025  1:05pm
================================================================================
       Piece                Out      In    End   Clip     Unit     Total
  Qty  Mark         Web  Flange  Flange  Plate  Plate   Weight    Weight
  ---  -------   ------  ------  ------  -----  -----   ------  --------
    1  RF1-1      197.7    57.0    57.1   41.1   87.5   440.32    440.32  
    2  RF1-2       50.4    25.0    18.4   35.8    8.9   138.51    277.02  
    2  RF1-3       38.4    20.0    20.0   25.6    4.9   108.88    217.77  
    1  RF1-4       68.7    30.5    30.0   25.6   10.1   164.79    164.79  
    1  RF1-5      197.7    57.0    57.1   41.1   87.5   440.32    440.32  
  ----------------------------------------------------------------------

                   Total Frame Weight = 1540.22  
                   Total Brace Weight =   18.39  
                   Total Bolt  Weight =   18.87  
                                       ----------
                                        1577.49  

================================================================================
 C323-153-Final      Cost Summary                           11/AUG/2025  1:05pm
================================================================================

       Piece                    End   Clip  Stiff         Surf   Set   Unit   Total
  Qty  Mark    Flange    Web  Plate  Plate  Plate  Weld  Treat    Up   Cost    Cost
  ---  ------  ------  -----  -----  -----  -----  ----  -----  ----  -----  ------
    1  RF1-1   
       Matrl:       0      0      0      0      0     0      0            0       0
       Labor:       0      0      0      0      0     0      0     0      0       0
               ------  -----  -----  -----  -----  ----  -----  ----  -----  ------
                    0      0      0      0      0     0      0     0      0       0
    2  RF1-2   
       Matrl:       0      0      0      0      0     0      0            0       0
       Labor:       0      0      0      0      0     0      0     0      0       0
               ------  -----  -----  -----  -----  ----  -----  ----  -----  ------
                    0      0      0      0      0     0      0     0      0       0
    2  RF1-3   
       Matrl:       0      0      0      0      0     0      0            0       0
       Labor:       0      0      0      0      0     0      0     0      0       0
               ------  -----  -----  -----  -----  ----  -----  ----  -----  ------
                    0      0      0      0      0     0      0     0      0       0
    1  RF1-4   
       Matrl:       0      0      0      0      0     0      0            0       0
       Labor:       0      0      0      0      0     0      0     0      0       0
               ------  -----  -----  -----  -----  ----  -----  ----  -----  ------
                    0      0      0      0      0     0      0     0      0       0
    1  RF1-5   
       Matrl:       0      0      0      0      0     0      0            0       0
       Labor:       0      0      0      0      0     0      0     0      0       0
               ------  -----  -----  -----  -----  ----  -----  ----  -----  ------
                    0      0      0      0      0     0      0     0      0       0
  -----------------------------------------------------------------------------

  Cost Per Frame: Material =       0.15
                  Labor    =       0.00
                  --------    --------
                  Total    =       0.15

  Total Cost Of  1 Frames  =       0.15


 PLATE COST:
 -----------
  Piece   -------------Plate------------        Material    Labor   Surface
  Mark    Mark  Part      Length  Weight  Qty       Cost     Cost  Treatment  File     Record    Adjust
  -----   ----  --------  ------  ------  ---   --------  -------  ---------  -------  --------  --------
  RF1-1   WB1             4000.0   88.00    1       0.01     0.00      0.00   RF_Cost  FRAME     @$W/L(F)
  RF1-1   WB2             3917.6  109.69    1       0.01     0.00      0.00   RF_Cost  FRAME     @$W/L(F)
  RF1-1   BC1               75.0    0.22    2       0.00     0.00      0.00   RF_Cost  FRAME     @$W/L(F)
  RF1-1   ST10             600.0    2.02    2       0.00     0.00      0.00   RF_Cost  FRAME     @$W/L(F)
  RF1-1   ST11             600.0    2.02    2       0.00     0.00      0.00   RF_Cost  FRAME     @$W/L(F)
  RF1-1   ST12             600.0    4.03    2       0.00     0.00      0.00   RF_Cost  FRAME     @$W/L(F)
  RF1-1   GC21             172.5    1.03    5       0.00     0.00      0.00   RF_Cost  FRAME     @$W/L(F)
  RF1-1   OF1             7917.6   57.01    1       0.01     0.00      0.00   RF_Cost  FRAME     @$W/L(F)
  RF1-1   GC1              205.0    1.23    5       0.00     0.00      0.00   RF_Cost  FRAME     @$W/L(F)
  RF1-1   IF1             4010.8   28.88    1       0.00     0.00      0.00   RF_Cost  FRAME     @$W/L(F)
  RF1-1   IF2             3917.6   28.21    1       0.00     0.00      0.00   RF_Cost  FRAME     @$W/L(F)
  RF1-1   BW1              788.0   11.03    1       0.00     0.00      0.00   RF_Cost  FRAME     @$W/L(F)
  RF1-1   BO1              788.0   11.35    1       0.00     0.00      0.00   RF_Cost  FRAME     @$W/L(F)
  RF1-1   BI1              788.0   11.35    1       0.00     0.00      0.00   RF_Cost  FRAME     @$W/L(F)
  RF1-1   SS11             788.0   17.49    1       0.00     0.00      0.00   RF_Cost  FRAME     @$W/L(F)
  RF1-1   GC51   GC41-01   150.0    2.83    1       0.00     0.00      0.00   RF_Cost  FRAME     @$W/L(F)
  RF1-1   EP1              704.8   18.04    1       0.00     0.00      0.00   RF_Cost  FRAME     @$W/L(F)
  RF1-1   EP2              900.0   23.04    1       0.00     0.00      0.00   RF_Cost  FRAME     @$W/L(F)
  RF1-1   SS1              147.0    2.32    1       0.00     0.00      0.00   RF_Cost  FRAME     @$W/L(F)
  RF1-1   SS2              145.8    2.28    1       0.00     0.00      0.00   RF_Cost  FRAME     @$W/L(F)
  RF1-1   SS3               94.0    0.45    1       0.00     0.00      0.00   RF_Cost  FRAME     @$W/L(F)
  RF1-1   SS4               94.0    0.45    1       0.00     0.00      0.00   RF_Cost  FRAME     @$W/L(F)
  RF1-2   WB1             4482.9   50.37    1       0.01     0.00      0.00   RF_Cost  FRAME     @$W/L(F)
  RF1-2   BC1               75.0    0.22    4       0.00     0.00      0.00   RF_Cost  FRAME     @$W/L(F)
  RF1-2   ST1              360.0    1.04    2       0.00     0.00      0.00   RF_Cost  FRAME     @$W/L(F)
  RF1-2   OF1             4677.5   23.39    1       0.00     0.00      0.00   RF_Cost  FRAME     @$W/L(F)
  RF1-2   OF2              321.7    1.61    1       0.00     0.00      0.00   RF_Cost  FRAME     @$W/L(F)
  RF1-2   PC1              145.0    0.87    3       0.00     0.00      0.00   RF_Cost  FRAME     @$W/L(F)
  RF1-2   GB1              145.4    0.87    1       0.00     0.00      0.00   RF_Cost  FRAME     @$W/L(F)
  RF1-2   ES1              115.0    1.06    1       0.00     0.00      0.00   RF_Cost  FRAME     @$W/L(F)
  RF1-2   IF1             3685.1   18.43    1       0.00     0.00      0.00   RF_Cost  FRAME     @$W/L(F)
  RF1-2   EP1              500.0   12.80    1       0.00     0.00      0.00   RF_Cost  FRAME     @$W/L(F)
  RF1-2   EP2              900.0   23.04    1       0.00     0.00      0.00   RF_Cost  FRAME     @$W/L(F)
  RF1-2   SS1               95.0    0.46    1       0.00     0.00      0.00   RF_Cost  FRAME     @$W/L(F)
  RF1-2   SS2               94.6    0.45    1       0.00     0.00      0.00   RF_Cost  FRAME     @$W/L(F)
  RF1-2   SS3               95.0    0.46    1       0.00     0.00      0.00   RF_Cost  FRAME     @$W/L(F)
  RF1-3   WB1             4000.0   38.40    1       0.00     0.00      0.00   RF_Cost  FRAME     @$W/L(F)
  RF1-3   BC1               75.0    0.22    2       0.00     0.00      0.00   RF_Cost  FRAME     @$W/L(F)
  RF1-3   OF1             4000.0   20.00    1       0.00     0.00      0.00   RF_Cost  FRAME     @$W/L(F)
  RF1-3   PC1              145.0    0.87    3       0.00     0.00      0.00   RF_Cost  FRAME     @$W/L(F)
  RF1-3   IF1             4000.0   20.00    1       0.00     0.00      0.00   RF_Cost  FRAME     @$W/L(F)
  RF1-3   EP1              500.0   12.80    1       0.00     0.00      0.00   RF_Cost  FRAME     @$W/L(F)
  RF1-3   EP2              500.0   12.80    1       0.00     0.00      0.00   RF_Cost  FRAME     @$W/L(F)
  RF1-3   SS1               95.0    0.46    1       0.00     0.00      0.00   RF_Cost  FRAME     @$W/L(F)
  RF1-3   SS2               95.0    0.46    1       0.00     0.00      0.00   RF_Cost  FRAME     @$W/L(F)
  RF1-3   SS3               95.0    0.46    1       0.00     0.00      0.00   RF_Cost  FRAME     @$W/L(F)
  RF1-3   SS4               95.0    0.46    1       0.00     0.00      0.00   RF_Cost  FRAME     @$W/L(F)
  RF1-4   WB1             5052.8   68.66    1       0.01     0.00      0.00   RF_Cost  FRAME     @$W/L(F)
  RF1-4   BC1               75.0    0.22    4       0.00     0.00      0.00   RF_Cost  FRAME     @$W/L(F)
  RF1-4   BC2               75.0    0.22    4       0.00     0.00      0.00   RF_Cost  FRAME     @$W/L(F)
  RF1-4   OF1             2539.0   15.23    1       0.00     0.00      0.00   RF_Cost  FRAME     @$W/L(F)
  RF1-4   OF2             2539.0   15.23    1       0.00     0.00      0.00   RF_Cost  FRAME     @$W/L(F)
  RF1-4   PC1              145.0    0.87    2       0.00     0.00      0.00   RF_Cost  FRAME     @$W/L(F)
  RF1-4   PC2              145.0    0.87    2       0.00     0.00      0.00   RF_Cost  FRAME     @$W/L(F)
  RF1-4   IF1             4991.8   29.95    1       0.00     0.00      0.00   RF_Cost  FRAME     @$W/L(F)
  RF1-4   ST2              450.0    1.51    2       0.00     0.00      0.00   RF_Cost  FRAME     @$W/L(F)
  RF1-4   EP1              500.0   12.80    1       0.00     0.00      0.00   RF_Cost  FRAME     @$W/L(F)
  RF1-4   EP2              500.0   12.80    1       0.00     0.00      0.00   RF_Cost  FRAME     @$W/L(F)
  RF1-4   SS1               95.0    0.46    1       0.00     0.00      0.00   RF_Cost  FRAME     @$W/L(F)
  RF1-4   SS2               93.4    0.45    1       0.00     0.00      0.00   RF_Cost  FRAME     @$W/L(F)
  RF1-4   SS3               95.0    0.46    1       0.00     0.00      0.00   RF_Cost  FRAME     @$W/L(F)
  RF1-4   SS4               93.4    0.45    1       0.00     0.00      0.00   RF_Cost  FRAME     @$W/L(F)
  RF1-5   WB1             4000.0   88.00    1       0.01     0.00      0.00   RF_Cost  FRAME     @$W/L(F)
  RF1-5   WB2             3917.6  109.69    1       0.01     0.00      0.00   RF_Cost  FRAME     @$W/L(F)
  RF1-5   BC1               75.0    0.22    2       0.00     0.00      0.00   RF_Cost  FRAME     @$W/L(F)
  RF1-5   ST10             600.0    2.02    2       0.00     0.00      0.00   RF_Cost  FRAME     @$W/L(F)
  RF1-5   ST11             600.0    2.02    2       0.00     0.00      0.00   RF_Cost  FRAME     @$W/L(F)
  RF1-5   ST12             600.0    4.03    2       0.00     0.00      0.00   RF_Cost  FRAME     @$W/L(F)
  RF1-5   GC26             172.5    1.03    5       0.00     0.00      0.00   RF_Cost  FRAME     @$W/L(F)
  RF1-5   OF1             7917.6   57.01    1       0.01     0.00      0.00   RF_Cost  FRAME     @$W/L(F)
  RF1-5   GC1              205.0    1.23    5       0.00     0.00      0.00   RF_Cost  FRAME     @$W/L(F)
  RF1-5   IF1             4010.8   28.88    1       0.00     0.00      0.00   RF_Cost  FRAME     @$W/L(F)
  RF1-5   IF2             3917.6   28.21    1       0.00     0.00      0.00   RF_Cost  FRAME     @$W/L(F)
  RF1-5   BW1              788.0   11.03    1       0.00     0.00      0.00   RF_Cost  FRAME     @$W/L(F)
  RF1-5   BO1              788.0   11.35    1       0.00     0.00      0.00   RF_Cost  FRAME     @$W/L(F)
  RF1-5   BI1              788.0   11.35    1       0.00     0.00      0.00   RF_Cost  FRAME     @$W/L(F)
  RF1-5   SS11             788.0   17.49    1       0.00     0.00      0.00   RF_Cost  FRAME     @$W/L(F)
  RF1-5   GC51   GC41-01   150.0    2.83    1       0.00     0.00      0.00   RF_Cost  FRAME     @$W/L(F)
  RF1-5   EP1              704.8   18.04    1       0.00     0.00      0.00   RF_Cost  FRAME     @$W/L(F)
  RF1-5   EP2              900.0   23.04    1       0.00     0.00      0.00   RF_Cost  FRAME     @$W/L(F)
  RF1-5   SS1              147.0    2.32    1       0.00     0.00      0.00   RF_Cost  FRAME     @$W/L(F)
  RF1-5   SS2              145.8    2.28    1       0.00     0.00      0.00   RF_Cost  FRAME     @$W/L(F)
  RF1-5   SS3               94.0    0.45    1       0.00     0.00      0.00   RF_Cost  FRAME     @$W/L(F)
  RF1-5   SS4               94.0    0.45    1       0.00     0.00      0.00   RF_Cost  FRAME     @$W/L(F)

================================================================================
 C323-153-Final      Warning Summary                        11/AUG/2025  1:05pm
================================================================================

                   .. No Warnings
