*===============================================================================
*C323-153-Final      Rigid Frame Design Input               11/AUG/2025 12:54pm
*===============================================================================
 
*( 1)JOBID:
    'C323-153-Final'
 
*( 2)FRAME DESIGN OPTIONS:
*--Frame-    -------Frame_Space-------  Section  Web_Stiffener     P
*Id  Type      L_Col    R_Col   Rafter    Space  Use Ratio Side  Delta
  2 'RF '     6068.0   6068.0   6068.0    500.0  'N'  0.00 'Y '  'EL'
 
*( 3)FRAME LINES:
*No.    Line_Id
   3    2   3   5
 
*( 4)OPTIMIZATION OPTIONS:
*Plate  Depth  Frame  -L_Col_Depth_Opt-  -R_Col_Depth_Opt-    Rafter_Depth_Opt
* Opt    Opt    Sym   Typ    Min    Max  Typ    Min    Max   Typ    Min    Max
  'N'    'N'    'S'  'T '  250.0 1400.0 'T '  250.0 1400.0  'T '  350.0 1400.0
 
*( 5)DESIGN CODE:
*Design  ---Steel_Code---             ---Build---   Code      Seismic
* Code   Cold       Hot      Country  Code   Year   Label      Zone
  'WS ' 'NAUS07  ' 'AISC05'  '    '  'MBMA'  '10'  'MBMA 10 '  'B  '
 
*( 6)DESIGN CONSTANTS:
*                        ---Strength_Factor---
* ----Stress_Ratio----           ---Seismic---
* Frame  Col   EP   BP     Wind   Frame  SpcEP
   1.00 1.00 1.00 1.00   1.0000  1.0000 1.0000
 
*( 7)STEEL YIELDS:
* Web   Flg  C_Sec  W_Sec  R_Sec  P_Sec  T_Sec  U_Sec    EP     BP
  345   345    345    345    235    345    317    235   345    345
 
*( 8)DEFLECTION LIMITS:
* ------Vertical-----  -------Horizontal-------  -Weak_Axis-
*  Live   Wind  Total  Total  Seis  Crane Floor   Wind  Seis
  150.0    0.0  150.0   75.0  50.0  100.0   0.0   60.0  50.0
 
*( 9)REPORTS:
* Input Design   End  Base  Revise Action Sec  Flange Segment Unbrc Floor  Diag
* Echo  Summary Plate Plate Input  Stress Prop Brace  Displ.   Len  React Brace
  'Y'    'Y'     'Y'   'Y'   'Y'    'N'   'N'   'Y'     'N'    'N'   'N'   'N'
 
*(10)BUILDING LAYOUT:
*                             -----------Wall-----------
* Type      Width     Length  Type Opt   Offset   Length
  'FF'    22470.0    36285.0   '-' '-'     0.00  22470.0
 
*(11)SURFACE SHAPE:
* No.    X_Coord   Y_Coord  Offset
   4         0.0    8420.0  230.00
         11235.0    9543.5  150.00
         22470.0    8420.0  150.00
         22470.0       0.0  230.00
 
 
*(12)MEMBER DEPTHS:
*Surf   ----Depth----  No.   --Interior_Depth-
* Id    Start     End  Dep    Locate     Depth
   1   400.00  700.00   1     4000.0    700.00
   2   600.00  450.00   1     4700.0    250.00
   3   450.00  600.00   1     6591.0    250.00
   4   700.00  400.00   1     4420.0    700.00
 
*(13)MEMBER SPLICES:
*Surf
* Id   No.    Locate   Type
   1    0
   2    2        0.0  'HSS '
              4700.0  '-SS '
   3    2        0.0  '-SS '
              6591.0  '-SS '
   4    1        0.0  'HSS '
 
*(14)SEGMENT PLATES:
*    Surf Mem ---Segment--    Member      Flange  ----Plate_Thickness---
*No.  Id   Id  Id   Length    Part         Width     Web  OS_Flg  IS_Flg
   8   1    1   1      0.0   '--------'   150.00    5.00    6.00    6.00
       1    2   2      0.0   '--------'   150.00    5.00    6.00    6.00
       2    3   3      0.0   '--------'   125.00    4.00    6.00    8.00
       2    4   4      0.0   '--------'   125.00    4.00    5.00    5.00
       3    5   5      0.0   '--------'   125.00    4.00    5.00    5.00
       3    6   6      0.0   '--------'   125.00    4.00    6.00    8.00
       4    7   7      0.0   '--------'   150.00    5.00    6.00    6.00
       4    8   8      0.0   '--------'   150.00    5.00    6.00    6.00
 
*(15)INTERIOR COLUMNS:
*      --------Column-------  Cap   Rafter   Unbrace_Length  ----Column---
* No.  Id  Typ  Rot   Locate  Conn   Opt     Major    Minor  Set  Part
   0
 
*(16)INTERIOR COLUMN PLATES:
* -Column- -----Depth----  No.    Start  ---Web_Depth--     Web    Flg  --Thickness--
* Id Shape    Min     Max  Mem   Locate   Start     End   Thick  Width  OS_Flg IS_Flg
 
*(17)INTERIOR COLUMN SPLICES:
*         Col
* No. Id   Id    Locate  Type
   0
 
*(18)BASE & WALL OPTIONS:
*----------Base----------      Open  Brace
* Id   Conn   Opt    Elev    Height   Opt
   1   'FI'   '-'    0.00       0.0   '-'   Left  Column
   2   'FI'   '-'    0.00       0.0   '-'   Right Column
 
*(19)BASE DISPLACEMENT:
*Base
* Id   Opt  Dir  Displace
   0   '-'  '-'     0.00
 
*(20)BASE SPRINGS:
*      Base         --Spring_Constants--
* No.   Id    Elev    Horz   Vert Rotate
   0
 
*(21)WALL GIRT:
*Surf                                       Bay
* Id  Type  Part       Depth   Proj     Lap  Id  No.  Locate Type
   1  'ZB' '200Z15  ' 200.00 230.00   330.0   6   5   2580.0 'ZB'
                                                      3580.0 'ZB'
                                                      4580.0 'ZB'
                                                      5780.0 'ZB'
                                                      7280.0 'ZB'
   4  'ZB' '200Z15  ' 200.00 230.00   330.0   2   5   2580.0 'ZB'
                                                      3580.0 'ZB'
                                                      4580.0 'ZB'
                                                      5780.0 'ZB'
                                                      7280.0 'ZB'
 
*(22)ROOF PURLIN:
*Surf
* Id  Type  Part       Depth   Proj     Lap
   2  'ZB' '150Z15  ' 150.00   0.00   330.0
   3  'ZB' '150Z15  ' 150.00   0.00   330.0
 
*(23)ROOF PURLIN LOCATION:
*Surf    Peak
* Id    Space  No.  Locate
   2    300.0   8   1373.9   2747.8   4121.6   5495.5   6869.4
                    8243.3   9617.2  10991.0
   3    300.0   8    300.0   1673.9   3047.8   4421.6   5795.5
                    7169.4   8543.3   9917.2
 
*(24)FLANGE BRACE:
*Surf       Locate  Side
* Id  No.     Id     Opt
   1   5       1     '-'
               2     '-'
               3     '-'
               4     '-'
               5     '-'
   2   8       1     '-'
               2     '-'
               3     '-'
               4     '-'
               5     '-'
               6     '-'
               7     '-'
               8     '-'
   3   8       1     '-'
               2     '-'
               3     '-'
               4     '-'
               5     '-'
               6     '-'
               7     '-'
               8     '-'
   4   5       1     '-'
               2     '-'
               3     '-'
               4     '-'
               5     '-'
 
*(25)COLUMN ADDITIONAL BRACE LOCATIONS:
*     Col                  -Minor-
*No.   Id   Height  Major  Out  In
  2     0   6050.0   'N'   'N'  'Y'
        1   6050.0   'N'   'N'  'Y'
 
 
*(26)EXTENSIONS:
*Surf                   ----Horizontal_Size----   -----Vertical_Size-----     Load
* Id  No.  Id  Type Opt     Elev    Width  Slope     Elev   Height  Slope    Width
   1   0
   4   0
 
*(27)LOAD GROUPS:
*    Group
*No.   Id   Description
   1  '-'  'Standard       '
 
*(28)BASIC LOADS:
*                                             ---Deflection---
*Group Dead  Coll   Live   Snow  Rain  Basic     Load_Ratio       Temp
*  Id  Load  Load   Load   Load  Load   Wind  Snow  Wind  Seis   Change
  '-' 0.100 0.050  0.570  0.000  0.00  0.554  1.00  1.00  1.00     20.0
 
*(29)BASIC LOADS AT EAVE:
*Group Seis   --Torsion--   --EW_Brace-   --Extension--  -Additional-
*  Id  Load   Wind   Seis   Wind   Seis    Wind   Seis    Wind   Seis
  '-'  1.22   0.00   0.00   0.00   0.00    0.00   0.00    0.00   0.00
 
*(30)WIND COEFFICIENT:
*Group Surf  ---Wind_1--   ---Wind_2--   ---Wind_3--   ---Wind_4--     Long_Wind  Surface
*  Id   Id   Left  Right   Left  Right   Left  Right   Left  Right      1      2  Friction
  '-'    1   0.33  -0.69   0.85  -0.17   0.00   0.00   0.00   0.00  -0.63  -0.27    0.00
  '-'    2  -0.87  -0.56  -0.51  -0.20   0.00   0.00   0.00   0.00  -0.87  -0.51    0.00
  '-'    3  -0.56  -0.87  -0.20  -0.51   0.00   0.00   0.00   0.00  -0.87  -0.51    0.00
  '-'    4  -0.69   0.33  -0.17   0.85   0.00   0.00   0.00   0.00  -0.63  -0.27    0.00
 
*(31)LONGITUDINAL & WEAK AXIS BRACING LOADS:
*Group  ----Wind----    ---Seismic--   -Weak_Axis-
*  Id   Horz    Vert    Horz    Vert   Wind   Seis
  '-'  12.54   16.37    1.55    2.03   0.00   0.00  Left  Column
  '-'  12.54   16.37    1.55    2.03   0.00   0.00  Right Column
 
*(32)DESIGN LOADS:Strength
*                -----------------------------------------------------Load_Coefficients-----------------------------------------------------
*         Group             ---Live---       --Add_Snow-        --Wind_1--  --Wind_2--  --Wind_3--  --Wind_4--   Long_Wind  --Seismic-         Aux_Load
*No.   Id   Id  Dead  Coll  Roof Floor  Snow Drift Slide  Rain    Lt    Rt    Lt    Rt    Lt    Rt    Lt    Rt     1     2  Long  Tran  Temp  Id  Coeff
 126    1  '-'  1.00  1.00  1.00  0.00  0.00  0.00  0.00  0.00  0.00  0.00  0.00  0.00  0.00  0.00  0.00  0.00  0.00  0.00  0.00  0.00  0.00   0   0.00
        2  '-'  1.00  1.00  1.00  0.00  0.00  0.00  0.00  0.00  0.00  0.00  0.00  0.00  0.00  0.00  0.00  0.00  0.00  0.00  0.00  0.00  0.00   0   0.00
        3  '-'  1.00  1.00  0.00  1.00  0.00  0.00  0.00  0.00  0.00  0.00  0.00  0.00  0.00  0.00  0.00  0.00  0.00  0.00  0.00  0.00  0.00   0   0.00
        4  '-'  1.00  1.00  0.00  1.00  0.00  0.00  0.00  0.00  0.00  0.00  0.00  0.00  0.00  0.00  0.00  0.00  0.00  0.00  0.00  0.00  0.00   0   0.00
        5  '-'  1.00  1.00  0.00  0.00  1.00  0.00  0.00  0.00  0.00  0.00  0.00  0.00  0.00  0.00  0.00  0.00  0.00  0.00  0.00  0.00  0.00   0   0.00
        6  '-'  1.00  1.00  0.00  0.00  1.00  0.00  0.00  0.00  0.00  0.00  0.00  0.00  0.00  0.00  0.00  0.00  0.00  0.00  0.00  0.00  0.00   0   0.00
        7  '-'  1.00  1.00  0.00  0.00  1.00  1.00  0.00  0.00  0.00  0.00  0.00  0.00  0.00  0.00  0.00  0.00  0.00  0.00  0.00  0.00  0.00   0   0.00
        8  '-'  1.00  1.00  0.00  0.00  1.00  1.00  0.00  0.00  0.00  0.00  0.00  0.00  0.00  0.00  0.00  0.00  0.00  0.00  0.00  0.00  0.00   0   0.00
        9  '-'  1.00  1.00  0.00  0.00  1.00  0.00  1.00  0.00  0.00  0.00  0.00  0.00  0.00  0.00  0.00  0.00  0.00  0.00  0.00  0.00  0.00   0   0.00
       10  '-'  1.00  1.00  0.00  0.00  1.00  0.00  1.00  0.00  0.00  0.00  0.00  0.00  0.00  0.00  0.00  0.00  0.00  0.00  0.00  0.00  0.00   0   0.00
       11  '-'  1.00  0.00  0.00  0.00  0.00  0.00  0.00  0.00  0.00  0.00  0.00  0.00  0.00  0.00  0.00  0.00  0.00  0.00  0.00  0.00  0.00   0   0.00
       12  '-'  1.00  0.00  0.00  0.00  0.00  0.00  0.00  0.00  0.00  0.00  0.00  0.00  0.00  0.00  0.00  0.00  0.00  0.00  0.00  0.00  0.00   0   0.00
       13  '-'  1.00  1.00  0.00  0.75  0.75  0.00  0.00  0.00  0.00  0.00  0.00  0.00  0.00  0.00  0.00  0.00  0.00  0.00  0.00  0.00  0.00   0   0.00
       14  '-'  1.00  1.00  0.00  0.75  0.75  0.00  0.00  0.00  0.00  0.00  0.00  0.00  0.00  0.00  0.00  0.00  0.00  0.00  0.00  0.00  0.00   0   0.00
       15  '-'  1.00  1.00  0.00  0.75  0.75  0.75  0.00  0.00  0.00  0.00  0.00  0.00  0.00  0.00  0.00  0.00  0.00  0.00  0.00  0.00  0.00   0   0.00
       16  '-'  1.00  1.00  0.00  0.75  0.75  0.75  0.00  0.00  0.00  0.00  0.00  0.00  0.00  0.00  0.00  0.00  0.00  0.00  0.00  0.00  0.00   0   0.00
       17  '-'  1.00  1.00  0.00  0.75  0.75  0.00  0.75  0.00  0.00  0.00  0.00  0.00  0.00  0.00  0.00  0.00  0.00  0.00  0.00  0.00  0.00   0   0.00
       18  '-'  1.00  1.00  0.00  0.75  0.75  0.00  0.75  0.00  0.00  0.00  0.00  0.00  0.00  0.00  0.00  0.00  0.00  0.00  0.00  0.00  0.00   0   0.00
       19  '-'  1.00  1.00  0.75  0.75  0.00  0.00  0.00  0.00  0.75  0.00  0.00  0.00  0.00  0.00  0.00  0.00  0.00  0.00  0.00  0.00  0.00   0   0.00
       20  '-'  1.00  1.00  0.75  0.75  0.00  0.00  0.00  0.00  0.00  0.75  0.00  0.00  0.00  0.00  0.00  0.00  0.00  0.00  0.00  0.00  0.00   0   0.00
       21  '-'  1.00  1.00  0.75  0.75  0.00  0.00  0.00  0.00  0.00  0.00  0.75  0.00  0.00  0.00  0.00  0.00  0.00  0.00  0.00  0.00  0.00   0   0.00
       22  '-'  1.00  1.00  0.75  0.75  0.00  0.00  0.00  0.00  0.00  0.00  0.00  0.75  0.00  0.00  0.00  0.00  0.00  0.00  0.00  0.00  0.00   0   0.00
       23  '-'  1.00  1.00  0.75  0.75  0.00  0.00  0.00  0.00  0.00  0.00  0.00  0.00  0.00  0.00  0.00  0.00  0.75  0.00  0.00  0.00  0.00   5   0.75
       24  '-'  1.00  1.00  0.75  0.75  0.00  0.00  0.00  0.00  0.00  0.00  0.00  0.00  0.00  0.00  0.00  0.00  0.75  0.00  0.00  0.00  0.00   6   0.75
       25  '-'  1.00  1.00  0.75  0.75  0.00  0.00  0.00  0.00  0.00  0.00  0.00  0.00  0.00  0.00  0.00  0.00 -0.75  0.00  0.00  0.00  0.00   5   0.75
       26  '-'  1.00  1.00  0.75  0.75  0.00  0.00  0.00  0.00  0.00  0.00  0.00  0.00  0.00  0.00  0.00  0.00 -0.75  0.00  0.00  0.00  0.00   6   0.75
       27  '-'  1.00  1.00  0.75  0.75  0.00  0.00  0.00  0.00  0.00  0.00  0.00  0.00  0.00  0.00  0.00  0.00  0.00  0.75  0.00  0.00  0.00   7   0.75
       28  '-'  1.00  1.00  0.75  0.75  0.00  0.00  0.00  0.00  0.00  0.00  0.00  0.00  0.00  0.00  0.00  0.00  0.00  0.75  0.00  0.00  0.00   8   0.75
       29  '-'  1.00  1.00  0.75  0.75  0.00  0.00  0.00  0.00  0.00  0.00  0.00  0.00  0.00  0.00  0.00  0.00  0.00 -0.75  0.00  0.00  0.00   7   0.75
       30  '-'  1.00  1.00  0.75  0.75  0.00  0.00  0.00  0.00  0.00  0.00  0.00  0.00  0.00  0.00  0.00  0.00  0.00 -0.75  0.00  0.00  0.00   8   0.75
       31  '-'  1.00  1.00  0.00  0.75  0.75  0.00  0.00  0.00  0.75  0.00  0.00  0.00  0.00  0.00  0.00  0.00  0.00  0.00  0.00  0.00  0.00   0   0.00
       32  '-'  1.00  1.00  0.00  0.75  0.75  0.75  0.00  0.00  0.75  0.00  0.00  0.00  0.00  0.00  0.00  0.00  0.00  0.00  0.00  0.00  0.00   0   0.00
       33  '-'  1.00  1.00  0.00  0.75  0.75  0.00  0.75  0.00  0.75  0.00  0.00  0.00  0.00  0.00  0.00  0.00  0.00  0.00  0.00  0.00  0.00   0   0.00
       34  '-'  1.00  1.00  0.00  0.75  0.75  0.00  0.00  0.00  0.00  0.75  0.00  0.00  0.00  0.00  0.00  0.00  0.00  0.00  0.00  0.00  0.00   0   0.00
       35  '-'  1.00  1.00  0.00  0.75  0.75  0.75  0.00  0.00  0.00  0.75  0.00  0.00  0.00  0.00  0.00  0.00  0.00  0.00  0.00  0.00  0.00   0   0.00
       36  '-'  1.00  1.00  0.00  0.75  0.75  0.00  0.75  0.00  0.00  0.75  0.00  0.00  0.00  0.00  0.00  0.00  0.00  0.00  0.00  0.00  0.00   0   0.00
       37  '-'  1.00  1.00  0.00  0.75  0.75  0.00  0.00  0.00  0.00  0.00  0.75  0.00  0.00  0.00  0.00  0.00  0.00  0.00  0.00  0.00  0.00   0   0.00
       38  '-'  1.00  1.00  0.00  0.75  0.75  0.75  0.00  0.00  0.00  0.00  0.75  0.00  0.00  0.00  0.00  0.00  0.00  0.00  0.00  0.00  0.00   0   0.00
       39  '-'  1.00  1.00  0.00  0.75  0.75  0.00  0.75  0.00  0.00  0.00  0.75  0.00  0.00  0.00  0.00  0.00  0.00  0.00  0.00  0.00  0.00   0   0.00
       40  '-'  1.00  1.00  0.00  0.75  0.75  0.00  0.00  0.00  0.00  0.00  0.00  0.75  0.00  0.00  0.00  0.00  0.00  0.00  0.00  0.00  0.00   0   0.00
       41  '-'  1.00  1.00  0.00  0.75  0.75  0.75  0.00  0.00  0.00  0.00  0.00  0.75  0.00  0.00  0.00  0.00  0.00  0.00  0.00  0.00  0.00   0   0.00
       42  '-'  1.00  1.00  0.00  0.75  0.75  0.00  0.75  0.00  0.00  0.00  0.00  0.75  0.00  0.00  0.00  0.00  0.00  0.00  0.00  0.00  0.00   0   0.00
       43  '-'  1.00  1.00  0.00  0.75  0.75  0.00  0.00  0.00  0.00  0.00  0.00  0.00  0.00  0.00  0.00  0.00  0.45  0.00  0.00  0.00  0.00   5   0.45
       44  '-'  1.00  1.00  0.00  0.75  0.75  0.00  0.00  0.00  0.00  0.00  0.00  0.00  0.00  0.00  0.00  0.00  0.45  0.00  0.00  0.00  0.00   6   0.45
       45  '-'  1.00  1.00  0.00  0.75  0.75  0.00  0.00  0.00  0.00  0.00  0.00  0.00  0.00  0.00  0.00  0.00 -0.45  0.00  0.00  0.00  0.00   5   0.45
       46  '-'  1.00  1.00  0.00  0.75  0.75  0.00  0.00  0.00  0.00  0.00  0.00  0.00  0.00  0.00  0.00  0.00 -0.45  0.00  0.00  0.00  0.00   6   0.45
       47  '-'  1.00  1.00  0.00  0.75  0.75  0.75  0.00  0.00  0.00  0.00  0.00  0.00  0.00  0.00  0.00  0.00  0.45  0.00  0.00  0.00  0.00   5   0.45
       48  '-'  1.00  1.00  0.00  0.75  0.75  0.75  0.00  0.00  0.00  0.00  0.00  0.00  0.00  0.00  0.00  0.00  0.45  0.00  0.00  0.00  0.00   6   0.45
       49  '-'  1.00  1.00  0.00  0.75  0.75  0.75  0.00  0.00  0.00  0.00  0.00  0.00  0.00  0.00  0.00  0.00 -0.45  0.00  0.00  0.00  0.00   5   0.45
       50  '-'  1.00  1.00  0.00  0.75  0.75  0.75  0.00  0.00  0.00  0.00  0.00  0.00  0.00  0.00  0.00  0.00 -0.45  0.00  0.00  0.00  0.00   6   0.45
       51  '-'  1.00  1.00  0.00  0.75  0.75  0.00  0.75  0.00  0.00  0.00  0.00  0.00  0.00  0.00  0.00  0.00  0.45  0.00  0.00  0.00  0.00   5   0.45
       52  '-'  1.00  1.00  0.00  0.75  0.75  0.00  0.75  0.00  0.00  0.00  0.00  0.00  0.00  0.00  0.00  0.00  0.45  0.00  0.00  0.00  0.00   6   0.45
       53  '-'  1.00  1.00  0.00  0.75  0.75  0.00  0.75  0.00  0.00  0.00  0.00  0.00  0.00  0.00  0.00  0.00 -0.45  0.00  0.00  0.00  0.00   5   0.45
       54  '-'  1.00  1.00  0.00  0.75  0.75  0.00  0.75  0.00  0.00  0.00  0.00  0.00  0.00  0.00  0.00  0.00 -0.45  0.00  0.00  0.00  0.00   6   0.45
       55  '-'  1.00  1.00  0.00  0.75  0.75  0.00  0.00  0.00  0.00  0.00  0.00  0.00  0.00  0.00  0.00  0.00  0.00  0.45  0.00  0.00  0.00   7   0.45
       56  '-'  1.00  1.00  0.00  0.75  0.75  0.00  0.00  0.00  0.00  0.00  0.00  0.00  0.00  0.00  0.00  0.00  0.00  0.45  0.00  0.00  0.00   8   0.45
       57  '-'  1.00  1.00  0.00  0.75  0.75  0.00  0.00  0.00  0.00  0.00  0.00  0.00  0.00  0.00  0.00  0.00  0.00 -0.45  0.00  0.00  0.00   7   0.45
       58  '-'  1.00  1.00  0.00  0.75  0.75  0.00  0.00  0.00  0.00  0.00  0.00  0.00  0.00  0.00  0.00  0.00  0.00 -0.45  0.00  0.00  0.00   8   0.45
       59  '-'  1.00  1.00  0.00  0.75  0.75  0.75  0.00  0.00  0.00  0.00  0.00  0.00  0.00  0.00  0.00  0.00  0.00  0.45  0.00  0.00  0.00   7   0.45
       60  '-'  1.00  1.00  0.00  0.75  0.75  0.75  0.00  0.00  0.00  0.00  0.00  0.00  0.00  0.00  0.00  0.00  0.00  0.45  0.00  0.00  0.00   8   0.45
       61  '-'  1.00  1.00  0.00  0.75  0.75  0.75  0.00  0.00  0.00  0.00  0.00  0.00  0.00  0.00  0.00  0.00  0.00 -0.45  0.00  0.00  0.00   7   0.45
       62  '-'  1.00  1.00  0.00  0.75  0.75  0.75  0.00  0.00  0.00  0.00  0.00  0.00  0.00  0.00  0.00  0.00  0.00 -0.45  0.00  0.00  0.00   8   0.45
       63  '-'  1.00  1.00  0.00  0.75  0.75  0.00  0.75  0.00  0.00  0.00  0.00  0.00  0.00  0.00  0.00  0.00  0.00  0.45  0.00  0.00  0.00   7   0.45
       64  '-'  1.00  1.00  0.00  0.75  0.75  0.00  0.75  0.00  0.00  0.00  0.00  0.00  0.00  0.00  0.00  0.00  0.00  0.45  0.00  0.00  0.00   8   0.45
       65  '-'  1.00  1.00  0.00  0.75  0.75  0.00  0.75  0.00  0.00  0.00  0.00  0.00  0.00  0.00  0.00  0.00  0.00 -0.45  0.00  0.00  0.00   7   0.45
       66  '-'  1.00  1.00  0.00  0.75  0.75  0.00  0.75  0.00  0.00  0.00  0.00  0.00  0.00  0.00  0.00  0.00  0.00 -0.45  0.00  0.00  0.00   8   0.45
       67  '-'  0.60  0.00  0.00  0.00  0.00  0.00  0.00  0.00  1.00  0.00  0.00  0.00  0.00  0.00  0.00  0.00  0.00  0.00  0.00  0.00  0.00   0   0.00
       68  '-'  0.60  0.00  0.00  0.00  0.00  0.00  0.00  0.00  0.00  1.00  0.00  0.00  0.00  0.00  0.00  0.00  0.00  0.00  0.00  0.00  0.00   0   0.00
       69  '-'  0.60  0.00  0.00  0.00  0.00  0.00  0.00  0.00  0.00  0.00  1.00  0.00  0.00  0.00  0.00  0.00  0.00  0.00  0.00  0.00  0.00   0   0.00
       70  '-'  0.60  0.00  0.00  0.00  0.00  0.00  0.00  0.00  0.00  0.00  0.00  1.00  0.00  0.00  0.00  0.00  0.00  0.00  0.00  0.00  0.00   0   0.00
       71  '-'  0.60  0.00  0.00  0.00  0.00  0.00  0.00  0.00  0.00  0.00  0.00  0.00  0.00  0.00  0.00  0.00  1.00  0.00  0.00  0.00  0.00   5   1.00
       72  '-'  0.60  0.00  0.00  0.00  0.00  0.00  0.00  0.00  0.00  0.00  0.00  0.00  0.00  0.00  0.00  0.00  1.00  0.00  0.00  0.00  0.00   6   1.00
       73  '-'  0.60  0.00  0.00  0.00  0.00  0.00  0.00  0.00  0.00  0.00  0.00  0.00  0.00  0.00  0.00  0.00 -1.00  0.00  0.00  0.00  0.00   5   1.00
       74  '-'  0.60  0.00  0.00  0.00  0.00  0.00  0.00  0.00  0.00  0.00  0.00  0.00  0.00  0.00  0.00  0.00 -1.00  0.00  0.00  0.00  0.00   6   1.00
       75  '-'  0.60  0.00  0.00  0.00  0.00  0.00  0.00  0.00  0.00  0.00  0.00  0.00  0.00  0.00  0.00  0.00  0.00  1.00  0.00  0.00  0.00   7   1.00
       76  '-'  0.60  0.00  0.00  0.00  0.00  0.00  0.00  0.00  0.00  0.00  0.00  0.00  0.00  0.00  0.00  0.00  0.00  1.00  0.00  0.00  0.00   8   1.00
       77  '-'  0.60  0.00  0.00  0.00  0.00  0.00  0.00  0.00  0.00  0.00  0.00  0.00  0.00  0.00  0.00  0.00  0.00 -1.00  0.00  0.00  0.00   7   1.00
       78  '-'  0.60  0.00  0.00  0.00  0.00  0.00  0.00  0.00  0.00  0.00  0.00  0.00  0.00  0.00  0.00  0.00  0.00 -1.00  0.00  0.00  0.00   8   1.00
       79  '-'  1.01  1.01  0.00  0.00  0.00  0.00  0.00  0.00  0.00  0.00  0.00  0.00  0.00  0.00  0.00  0.00  0.00  0.00  0.00  0.70  0.00   0   0.00
       80  '-'  1.01  1.01  0.00  0.00  0.00  0.00  0.00  0.00  0.00  0.00  0.00  0.00  0.00  0.00  0.00  0.00  0.00  0.00  0.00 -0.70  0.00   0   0.00
       81  '-'  1.01  1.01  0.75  0.75  0.00  0.00  0.00  0.00  0.00  0.00  0.00  0.00  0.00  0.00  0.00  0.00  0.00  0.00  0.00  0.52  0.00   0   0.00
       82  '-'  1.01  1.01  0.75  0.75  0.00  0.00  0.00  0.00  0.00  0.00  0.00  0.00  0.00  0.00  0.00  0.00  0.00  0.00  0.00 -0.52  0.00   0   0.00
       83  '-'  1.01  1.01  0.00  0.75  0.00  0.00  0.00  0.00  0.00  0.00  0.00  0.00  0.00  0.00  0.00  0.00  0.00  0.00  0.00  0.52  0.00   0   0.00
       84  '-'  1.01  1.01  0.00  0.75  0.00  0.00  0.00  0.00  0.00  0.00  0.00  0.00  0.00  0.00  0.00  0.00  0.00  0.00  0.00 -0.52  0.00   0   0.00
       85  '-'  0.59  0.00  0.00  0.00  0.00  0.00  0.00  0.00  0.00  0.00  0.00  0.00  0.00  0.00  0.00  0.00  0.00  0.00  0.00  0.70  0.00   0   0.00
       86  '-'  0.59  0.00  0.00  0.00  0.00  0.00  0.00  0.00  0.00  0.00  0.00  0.00  0.00  0.00  0.00  0.00  0.00  0.00  0.00 -0.70  0.00   0   0.00
       87  '-'  1.01  1.01  0.00  0.00  0.00  0.00  0.00  0.00  0.00  0.00  0.00  0.00  0.00  0.00  0.00  0.00  0.00  0.00  0.70  0.00  0.00   0   0.00
       88  '-'  1.01  1.01  0.00  0.00  0.00  0.00  0.00  0.00  0.00  0.00  0.00  0.00  0.00  0.00  0.00  0.00  0.00  0.00 -0.70  0.00  0.00   0   0.00
       89  '-'  1.01  1.01  0.75  0.75  0.00  0.00  0.00  0.00  0.00  0.00  0.00  0.00  0.00  0.00  0.00  0.00  0.00  0.00  0.52  0.00  0.00   0   0.00
       90  '-'  1.01  1.01  0.75  0.75  0.00  0.00  0.00  0.00  0.00  0.00  0.00  0.00  0.00  0.00  0.00  0.00  0.00  0.00 -0.52  0.00  0.00   0   0.00
       91  '-'  1.01  1.01  0.00  0.75  0.00  0.00  0.00  0.00  0.00  0.00  0.00  0.00  0.00  0.00  0.00  0.00  0.00  0.00  0.52  0.00  0.00   0   0.00
       92  '-'  1.01  1.01  0.00  0.75  0.00  0.00  0.00  0.00  0.00  0.00  0.00  0.00  0.00  0.00  0.00  0.00  0.00  0.00 -0.52  0.00  0.00   0   0.00
       93  '-'  0.59  0.00  0.00  0.00  0.00  0.00  0.00  0.00  0.00  0.00  0.00  0.00  0.00  0.00  0.00  0.00  0.00  0.00  0.70  0.00  0.00   0   0.00
       94  '-'  0.59  0.00  0.00  0.00  0.00  0.00  0.00  0.00  0.00  0.00  0.00  0.00  0.00  0.00  0.00  0.00  0.00  0.00 -0.70  0.00  0.00   0   0.00
       95  '-'  1.00  1.00  0.00  0.00  0.00  0.00  0.00  0.00  0.00  0.00  0.00  0.00  0.00  0.00  0.00  0.00  0.00  0.00  0.00  0.00  0.00   1   1.00
       96  '-'  1.00  1.00  0.00  0.00  0.00  0.00  0.00  0.00  0.00  0.00  0.00  0.00  0.00  0.00  0.00  0.00  0.00  0.00  0.00  0.00  0.00   2   1.00
       97  '-'  1.00  1.00  0.00  0.00  0.00  0.00  0.00  0.00  0.00  0.00  0.00  0.00  0.00  0.00  0.00  0.00  0.00  0.00  0.00  0.00  0.00   3   1.00
       98  '-'  1.00  1.00  0.00  0.00  0.00  0.00  0.00  0.00  0.00  0.00  0.00  0.00  0.00  0.00  0.00  0.00  0.00  0.00  0.00  0.00  0.00   4   1.00
       99  '-'  1.00  0.00  0.00  0.00  0.00  0.00  0.00  0.00  0.50  0.00  0.00  0.00  0.00  0.00  0.00  0.00  0.00  0.00  0.00  0.00  0.00   1   1.00
      100  '-'  1.00  0.00  0.00  0.00  0.00  0.00  0.00  0.00  0.00  0.00  0.50  0.00  0.00  0.00  0.00  0.00  0.00  0.00  0.00  0.00  0.00   1   1.00
      101  '-'  1.00  0.00  0.00  0.00  0.00  0.00  0.00  0.00  0.00  0.50  0.00  0.00  0.00  0.00  0.00  0.00  0.00  0.00  0.00  0.00  0.00   2   1.00
      102  '-'  1.00  0.00  0.00  0.00  0.00  0.00  0.00  0.00  0.00  0.00  0.00  0.50  0.00  0.00  0.00  0.00  0.00  0.00  0.00  0.00  0.00   2   1.00
      103  '-'  1.00  0.00  0.00  0.00  0.00  0.00  0.00  0.00  0.50  0.00  0.00  0.00  0.00  0.00  0.00  0.00  0.00  0.00  0.00  0.00  0.00   3   1.00
      104  '-'  1.00  0.00  0.00  0.00  0.00  0.00  0.00  0.00  0.00  0.00  0.50  0.00  0.00  0.00  0.00  0.00  0.00  0.00  0.00  0.00  0.00   3   1.00
      105  '-'  1.00  0.00  0.00  0.00  0.00  0.00  0.00  0.00  0.00  0.50  0.00  0.00  0.00  0.00  0.00  0.00  0.00  0.00  0.00  0.00  0.00   4   1.00
      106  '-'  1.00  0.00  0.00  0.00  0.00  0.00  0.00  0.00  0.00  0.00  0.00  0.50  0.00  0.00  0.00  0.00  0.00  0.00  0.00  0.00  0.00   4   1.00
      107  '-'  1.00  0.00  0.00  1.00  0.00  0.00  0.00  0.00  0.00  0.00  0.00  0.00  0.00  0.00  0.00  0.00  0.00  0.00  0.00  0.00  1.00   0   0.00
      108  '-'  1.00  0.00  0.00  1.00  0.00  0.00  0.00  0.00  0.00  0.00  0.00  0.00  0.00  0.00  0.00  0.00  0.00  0.00  0.00  0.00  1.00   0   0.00
      109  '-'  1.00  0.00  0.00  1.00  0.00  0.00  0.00  0.00  0.00  0.00  0.00  0.00  0.00  0.00  0.00  0.00  0.00  0.00  0.00  0.00 -1.00   0   0.00
      110  '-'  1.00  0.00  0.00  1.00  0.00  0.00  0.00  0.00  0.00  0.00  0.00  0.00  0.00  0.00  0.00  0.00  0.00  0.00  0.00  0.00 -1.00   0   0.00
      111  '-'  1.00  1.00  0.75  0.75  0.00  0.00  0.00  0.00  0.00  0.00  0.00  0.00  0.00  0.00  0.00  0.00  0.00  0.00  0.00  0.00  0.75   0   0.00
      112  '-'  1.00  1.00  0.75  0.75  0.00  0.00  0.00  0.00  0.00  0.00  0.00  0.00  0.00  0.00  0.00  0.00  0.00  0.00  0.00  0.00  0.75   0   0.00
      113  '-'  1.00  1.00  0.75  0.75  0.00  0.00  0.00  0.00  0.00  0.00  0.00  0.00  0.00  0.00  0.00  0.00  0.00  0.00  0.00  0.00 -0.75   0   0.00
      114  '-'  1.00  1.00  0.75  0.75  0.00  0.00  0.00  0.00  0.00  0.00  0.00  0.00  0.00  0.00  0.00  0.00  0.00  0.00  0.00  0.00 -0.75   0   0.00
      115  '-'  1.00  1.00  0.00  0.75  0.75  0.00  0.00  0.00  0.00  0.00  0.00  0.00  0.00  0.00  0.00  0.00  0.00  0.00  0.00  0.00  0.75   0   0.00
      116  '-'  1.00  1.00  0.00  0.75  0.75  0.00  0.00  0.00  0.00  0.00  0.00  0.00  0.00  0.00  0.00  0.00  0.00  0.00  0.00  0.00  0.75   0   0.00
      117  '-'  1.00  1.00  0.00  0.75  0.75  0.75  0.00  0.00  0.00  0.00  0.00  0.00  0.00  0.00  0.00  0.00  0.00  0.00  0.00  0.00  0.75   0   0.00
      118  '-'  1.00  1.00  0.00  0.75  0.75  0.75  0.00  0.00  0.00  0.00  0.00  0.00  0.00  0.00  0.00  0.00  0.00  0.00  0.00  0.00  0.75   0   0.00
      119  '-'  1.00  1.00  0.00  0.75  0.75  0.00  0.75  0.00  0.00  0.00  0.00  0.00  0.00  0.00  0.00  0.00  0.00  0.00  0.00  0.00  0.75   0   0.00
      120  '-'  1.00  1.00  0.00  0.75  0.75  0.00  0.75  0.00  0.00  0.00  0.00  0.00  0.00  0.00  0.00  0.00  0.00  0.00  0.00  0.00  0.75   0   0.00
      121  '-'  1.00  1.00  0.00  0.75  0.75  0.00  0.00  0.00  0.00  0.00  0.00  0.00  0.00  0.00  0.00  0.00  0.00  0.00  0.00  0.00 -0.75   0   0.00
      122  '-'  1.00  1.00  0.00  0.75  0.75  0.00  0.00  0.00  0.00  0.00  0.00  0.00  0.00  0.00  0.00  0.00  0.00  0.00  0.00  0.00 -0.75   0   0.00
      123  '-'  1.00  1.00  0.00  0.75  0.75  0.75  0.00  0.00  0.00  0.00  0.00  0.00  0.00  0.00  0.00  0.00  0.00  0.00  0.00  0.00 -0.75   0   0.00
      124  '-'  1.00  1.00  0.00  0.75  0.75  0.75  0.00  0.00  0.00  0.00  0.00  0.00  0.00  0.00  0.00  0.00  0.00  0.00  0.00  0.00 -0.75   0   0.00
      125  '-'  1.00  1.00  0.00  0.75  0.75  0.00  0.75  0.00  0.00  0.00  0.00  0.00  0.00  0.00  0.00  0.00  0.00  0.00  0.00  0.00 -0.75   0   0.00
      126  '-'  1.00  1.00  0.00  0.75  0.75  0.00  0.75  0.00  0.00  0.00  0.00  0.00  0.00  0.00  0.00  0.00  0.00  0.00  0.00  0.00 -0.75   0   0.00
 
 
*(33)DESIGN LOADS:Deflection
*                -----------------------------------------------------Load_Coefficients-----------------------------------------------------
*         Group             ---Live---       --Add_Snow-        --Wind_1--  --Wind_2--  --Wind_3--  --Wind_4--   Long_Wind  --Seismic-         Aux_Load
*No.   Id   Id  Dead  Coll  Roof Floor  Snow Drift Slide  Rain    Lt    Rt    Lt    Rt    Lt    Rt    Lt    Rt     1     2  Long  Tran  Temp  Id  Coeff
 0
 
*(34)DESIGN LOADS:Special
*                                 -----------------------------------------------------Load_Coefficients-----------------------------------------------------
*Load     Group                              ---Live---        -Add_Snow-        --Wind_1--  --Wind_2--   --Wind_3-- --Wind_4--   Long_Wind  --Seismic-         Aux_Load
*No.   Id   Id   Use  Code        Dead Coll  Roof Floor  Snow Drift Slide  Rain    Lt    Rt    Lt    Rt    Lt    Rt    Lt    Rt     1     2  Long  Tran  Temp  Id  Coeff
  16  127  '-'  'EP' '---------'  1.01 1.01  0.00  0.00  0.00  0.00  0.00  0.00  0.00  0.00  0.00  0.00  0.00  0.00  0.00  0.00  0.00  0.00  0.00  2.10  0.00   0   0.00
      128  '-'  'EP' '---------'  1.01 1.01  0.00  0.00  0.00  0.00  0.00  0.00  0.00  0.00  0.00  0.00  0.00  0.00  0.00  0.00  0.00  0.00  0.00 -2.10  0.00   0   0.00
      129  '-'  'EP' '---------'  1.01 1.01  0.75  0.75  0.00  0.00  0.00  0.00  0.00  0.00  0.00  0.00  0.00  0.00  0.00  0.00  0.00  0.00  0.00  1.57  0.00   0   0.00
      130  '-'  'EP' '---------'  1.01 1.01  0.75  0.75  0.00  0.00  0.00  0.00  0.00  0.00  0.00  0.00  0.00  0.00  0.00  0.00  0.00  0.00  0.00 -1.57  0.00   0   0.00
      131  '-'  'EP' '---------'  1.01 1.01  0.00  0.75  0.00  0.00  0.00  0.00  0.00  0.00  0.00  0.00  0.00  0.00  0.00  0.00  0.00  0.00  0.00  1.57  0.00   0   0.00
      132  '-'  'EP' '---------'  1.01 1.01  0.00  0.75  0.00  0.00  0.00  0.00  0.00  0.00  0.00  0.00  0.00  0.00  0.00  0.00  0.00  0.00  0.00 -1.57  0.00   0   0.00
      133  '-'  'EP' '---------'  0.59 0.00  0.00  0.00  0.00  0.00  0.00  0.00  0.00  0.00  0.00  0.00  0.00  0.00  0.00  0.00  0.00  0.00  0.00  2.10  0.00   0   0.00
      134  '-'  'EP' '---------'  0.59 0.00  0.00  0.00  0.00  0.00  0.00  0.00  0.00  0.00  0.00  0.00  0.00  0.00  0.00  0.00  0.00  0.00  0.00 -2.10  0.00   0   0.00
      135  '-'  'BP' '---------'  1.01 1.01  0.00  0.00  0.00  0.00  0.00  0.00  0.00  0.00  0.00  0.00  0.00  0.00  0.00  0.00  0.00  0.00  0.00  2.10  0.00   0   0.00
      136  '-'  'BP' '---------'  1.01 1.01  0.00  0.00  0.00  0.00  0.00  0.00  0.00  0.00  0.00  0.00  0.00  0.00  0.00  0.00  0.00  0.00  0.00 -2.10  0.00   0   0.00
      137  '-'  'BP' '---------'  1.01 1.01  0.75  0.75  0.00  0.00  0.00  0.00  0.00  0.00  0.00  0.00  0.00  0.00  0.00  0.00  0.00  0.00  0.00  1.57  0.00   0   0.00
      138  '-'  'BP' '---------'  1.01 1.01  0.75  0.75  0.00  0.00  0.00  0.00  0.00  0.00  0.00  0.00  0.00  0.00  0.00  0.00  0.00  0.00  0.00 -1.57  0.00   0   0.00
      139  '-'  'BP' '---------'  1.01 1.01  0.00  0.75  0.00  0.00  0.00  0.00  0.00  0.00  0.00  0.00  0.00  0.00  0.00  0.00  0.00  0.00  0.00  1.57  0.00   0   0.00
      140  '-'  'BP' '---------'  1.01 1.01  0.00  0.75  0.00  0.00  0.00  0.00  0.00  0.00  0.00  0.00  0.00  0.00  0.00  0.00  0.00  0.00  0.00 -1.57  0.00   0   0.00
      141  '-'  'BP' '---------'  0.59 0.00  0.00  0.00  0.00  0.00  0.00  0.00  0.00  0.00  0.00  0.00  0.00  0.00  0.00  0.00  0.00  0.00  0.00  2.10  0.00   0   0.00
      142  '-'  'BP' '---------'  0.59 0.00  0.00  0.00  0.00  0.00  0.00  0.00  0.00  0.00  0.00  0.00  0.00  0.00  0.00  0.00  0.00  0.00  0.00 -2.10  0.00   0   0.00
 
 
*(35)AUXILIARY LOAD:
*     Aux                No._Add    Add_Comb
*No.   Id   Name          Loads   Id    Coeff
   8    1  'F2CRANEA1 '      4     1   -62.77
                                   2     3.98
                                   3   -19.47
                                   4     3.98
        2  'F2CRANEA2 '      4     1   -62.77
                                   2    -3.98
                                   3   -19.47
                                   4    -3.98
        3  'F2CRANEA3 '      4     1   -19.47
                                   2     3.98
                                   3   -62.77
                                   4     3.98
        4  'F2CRANEA4 '      4     1   -19.47
                                   2    -3.98
                                   3   -62.77
                                   4    -3.98
        5  'LWIND1_L2E'      1     5     1.00
        6  'LWIND1_R2E'      1     6     1.00
        7  'LWIND2_L2E'      1     5     1.00
        8  'LWIND2_R2E'      1     6     1.00
 
 
*(36)ADDITIONAL LOADS:
*     Add Group Loc  Basic        Load       Fx        Fy      Mom        Dx        Dy  .. Conc
*No.   Id   Id   Id  Load         Type       W1        W2       Co       Dl1       Dl2  .. Dist
   6    1  '-'    1 '------    '  'C '    0.000     1.000    0.000    1530.0    5681.6
        2  '-'    1 '------    '  'C '    1.000     0.000    0.000    1530.0    6200.0
        3  '-'    4 '------    '  'C '    0.000     1.000    0.000   -1530.0   -2738.4
        4  '-'    4 '------    '  'C '    1.000     0.000    0.000   -1530.0   -2220.0
        5  '-'    2 'U_WIND    '  'D '     1.28      1.28    0.000       0.0    4494.0
        6  '-'    3 'U_WIND    '  'D '     1.28      1.28    0.000    6797.0   11291.0
 
 
*(37)STEPPED LOAD COEFFICIENTS:
*    Group Basic    Loc   No.  ----Step_1---   ----Step_2---   ----Step_3---
*No.   Id  Load      Id  Step  Locate   Coef   Locate   Coef   Locate   Coef
  4   '-' 'WINDL1  '  2    2  11235.0  1.000  11291.0  0.638
      '-' 'WINDR1  '  3    2     56.0  0.638  11291.0  1.000
      '-' 'WINDL2  '  2    2  11235.0  1.000  11291.0  0.383
      '-' 'WINDR2  '  3    2     56.0  0.383  11291.0  1.000
 
 
*(38)FLOOR BEAMS:
* Bay                      Con_Type   Con_Loc     --Properties--
*  Id   No.  Id   Height   Lt    Rt   Lt    Rt    Area       Ixx
    1    0
 
*(39)DIAGONAL BRACING:
*Bay
* Id   No.     Id   Level   Opt    Area
   1    0
 
*(40)CRANE BRACKET:
*        Span ----Crane----  ----Beam----    ----Offset----  ------Bracket-----  Col_Sup
*No. Id Lt Rt Type   Height  Depth  Width     Left    Right  Type Opt  Select     Lt  Rt    Load
  1   1  1  1 'TG'   6200.0 366.00 200.00   1530.0   1530.0  'WW' '1' '--------' 'N' 'N'   62.77
 
 
*(41)DESIGN PLATES:
*     ----Plate---   --Plate_Size-   Bolt   Bolt  ----Top---  --Bottom--   Bolt
*No.  Type      Id   Width   Thick    Dia   Gage  Row  Space  Row  Space  Gage2
  2  'BASE    '  1     0.0    0.00   0.00    0.0   1     0.0   1     0.0    0.0
     'BASE    '  2     0.0    0.00   0.00    0.0   1     0.0   1     0.0    0.0
 
 
*(42)ENDWALL COLUMNS:
*Wall   Expand_EW                                    Max_Deflect
* Id   Use  Offset    No.   Locate  Offset  Option   Down     Up
   1  'Y '  440.00     0
   3  'Y '  440.00     0
 
*(43)JACK BEAMS:
*                                                 Spring_Constant
*No.    Id   Offset   Height   Length   Part        Horz    Vert
  0
 
*(44)LINER:
*---Wall_Height---
*    F_SW     B_SW  Roof
      0.0      0.0  'N'
 
*(45)ADDITIONAL COLUMNS:
*No.  Id  Type  Rot  Opt  Part           Elev
  0
 
*(46)DESIGN CODE OPTIONS:
*No.   Event                         Condition
  0
================================================================================
 C323-153-Final      Frame  2 - Design Code                 11/AUG/2025  1:04pm
================================================================================

 STRUCTURAL CODE:
 ----------------
   Design Basis      : WS  - Working Stress
   Hot  Rolled Steel : AISC05
   Cold Formed Steel : NAUS07  

 BUILDING CODE:
 --------------
   Wind Code         : MBMA 10
   Seismic Zone      : B  

 MODULUS OF ELASTICITY:
 ----------------------
   Hot  Rolled Steel : 199955 (MN/m2)
   Cold Formed Steel : 203403 (MN/m2)
 
================================================================================
 C323-153-Final      Frame  2 - Base Plates and Anchor Bolt 11/AUG/2025  1:04pm
================================================================================

 DESIGN CONSTANTS:
 -----------------
  Base Plate Yield     = 345.0 (MN/m2)
  Concrete Bearing     =   7.0 (MN/m2)                                    
  Bolt Type            = A36  
  Bolt Shear   Stress  =  80.0 (MN/m2)
  Bolt Tension Stress  = 150.0 (MN/m2)
 

 BASE PLATE & BOLT SIZE:
 -----------------------

                                                  Bolt_Row
 --Column_Base--  --Plate_Size(mm)--  Bolt(A36  ) Near_Flg  --Bolt_Space(mm)-
 Id    Typ Depth  Width Length Thick   Dia  Gage  Out   In   End   Out   Flg
 ----- --- -----  ----- ------ -----  ----- ----  ---  ---  ----- ----- -----
 Left   FI   412   200  706.0  16.00  20.00  100    1    1  75.00  0.00 150.0
 Right  FI   412   200  706.0  16.00  20.00  100    1    1  75.00  0.00 150.0
 

         Base_Bending  Web_Tension  ---------------Bolts(kN)--------------
 Col         (MN/m2)      (MN/m2)   Bolt_Tension  -Bolt_Comp-   Bolt_Shear  Max   Req   Req
 Loc   Ld  Calc Limit   Calc Limit   Calc  Limit   Calc Limit   Calc Limit   UC Thick   Dia
 ----- -- ----- -----  ----- -----  -----  -----  ----- -----  ----- ----- ---- ----- -----
 Left   2    96   311     92   207   30.0   47.1    0.0  47.1    3.8  25.1 0.64 10.90 15.95
 Left  67    87   311    107   207   34.8   47.1    0.0  47.1    2.9  25.1 0.74 10.90 15.95
 Right  1    96   311     93   207   30.2   47.1    0.0  47.1    3.8  25.1 0.64 10.90 16.00
 Right 68    87   311    108   207   34.9   47.1    0.0  47.1    2.9  25.1 0.74 10.90 16.00

 BASE REACTIONS:
 ---------------

 Column  -Max_Compression(kN,kN-m)-   --Max_Tension(kN,kN-m)---
 Loc      Ld   Axial  Shear  Moment    Ld  Axial  Shear  Moment
 ------  ----  -----  -----  ------   ---- -----  -----  ------
 Left      2    54.7   30.5    71.4    67  -24.2   23.3    62.6
 Right     1    54.7   30.5    71.7    68  -24.2   23.3    62.7

 GUSSET PLATES:
 --------------

 Column  Gusset    --Plate_Size(mm)--      -Max_Comp(MN/m2)  Max_Tension(MN/m2)
 Locate  Locate    Width Thick Length  Ld  Calc  Limit   UC   Calc Limit   UC
 ------  --------  ----- ----- ------  --  ----- ----- ----  ----- ----- ----
 Left    Flg_Base  147.0 10.00  197.0   2  169.4 178.5 0.95   64.8 207.0 0.31
                                       67  144.4 178.5 0.81   75.4 207.0 0.36
 Right   Flg_Base  147.0 10.00  197.0   1  169.6 178.5 0.95   65.2 207.0 0.32
                                       68  144.6 178.5 0.81   75.5 207.0 0.36

 CONCRETE:
 ---------

          Comp_in
 Column   Bolt_Or       --Bearing(MN/m2)--   Bearing
 Locate   Concrete  Ld   Calc  Limit    UC  Length(mm)
 ------   --------  --  -----  -----  ----  ----------
 Left        C       2    7.0    7.0  1.00    249.3
                    67    7.0    7.0  1.00    164.5
 Right       C       1    7.0    7.0  1.00    250.4
                    68    7.0    7.0  1.00    164.9
 

 WELDS:
 ------
          Outside_Flange_To_Base  Inside_Flange_To_Base   -----Web_To_Base-----
 Base               Shear(kN/mm)            Shear(kN/mm)            Shear(kN/mm)
 Id       Size  Typ  Calc Limit   Size  Typ  Calc Limit   Size  Typ  Calc Limit
 -----    ----- --- ----- -----   ----- --- ----- -----   ----- --- ----- -----
 Left      4.00  F2 0.359 0.410    4.00  F2 0.359 0.410    4.00  F2 0.038 0.410
 Right     4.00  F2 0.360 0.410    4.00  F2 0.360 0.410    4.00  F2 0.038 0.410


                    ----Gusset_To_Base---   ---Gusset_To_Column--
 Column  Gusset               Shear(kN/mm)            Shear(kN/mm)
 Locate  Locate     Size  Typ  Calc Limit   Size  Typ  Calc Limit
 ------  --------   ----- --- ----- -----   ----- --- ----- -----
 Left    Flg_Base    6.00  F2 0.194 0.620    4.00  F2 0.153 0.410
 Right   Flg_Base    6.00  F2 0.194 0.620    4.00  F2 0.154 0.410
 

 LOAD COMBINATIONS:
 ------------------
     1   Dead+Collateral+Live
     2   Dead+Collateral+Live
    67   0.6Dead+Wind_Left1
    68   0.6Dead+Wind_Right1
 
================================================================================
 C323-153-Final      Frame  2 - Bolted-End-Plates           11/AUG/2025  1:04pm
================================================================================

 DESIGN CONSTANTS:
 -----------------
  Splice Yield         = 345.0 (MN/m2)
  Bolt Type            = Gr8.8 Snug-Tightened
  Bolt Shear   Stress  = 160.0 (MN/m2)
  Bolt Tension Stress  = 299.9 (MN/m2)


 PLATE SIZE:
 -----------
  Splice  Member    Web   Splice(mm)  -----------------Bolts(Gr8.8)-----------------
  Id Typ  Locate  Depth  Width Thick    Dia  Gage Gage2 RowT SpaceT RowB SpaceB RowI
  -- ---  ------  -----  ----- -----  ----- ----- ----- ---- ------ ---- ------ ----
   1 HSS   2- 3   700.0    200 16.00  20.00 100.0 100.0   2  100.0    2  100.0    1
   2 -SS   3- 4   250.0    200 16.00  20.00 100.0 100.0   2  100.0    2  100.0    0
   3 -SS   4- 5   452.2    200 16.00  20.00 100.0 100.0   2  100.0    2  100.0    0
   4 -SS   5- 6   250.0    200 16.00  20.00 100.0 100.0   2  100.0    2  100.0    0
   5 HSS   6- 7   700.0    200 16.00  20.00 100.0 100.0   2  100.0    2  100.0    1

 PLATE DESIGN:
 -------------
             -------Max_Moment------  -------Max_Shear------
  Splice Ten Load Axial Shear Moment  Load Axial Shear Moment    Req   Req  Bolt
  Id Typ Loc  Id   (kN)  (kN) (kN-m)   Id   (kN)  (kN) (kN-m)  Thick   Dia    UC
  -- --- --- ---- ----- ----- ------  ---- ----- ----- ------  ----- ----- -----
   1 HSS Top   2   52.0 -30.8  158.8    2   52.0 -30.8  158.8  14.23 15.41  0.59
         Bot  73  -16.2  21.7  -83.0   72  -27.4  22.5  -78.8  14.23 11.14  0.31
   2 -SS Top   2   33.4  27.1   22.1    2   33.4  27.1   22.1  14.82  9.52  0.23
         Bot  74  -26.6 -13.6  -12.3   74  -26.6 -13.6  -12.3  14.83  7.11  0.13
   3 -SS Top  74  -27.0  -0.2   27.2   67  -17.2   1.3   23.0  14.85  7.93  0.16
         Bot   1   30.5  -0.2  -60.3   95   13.6  -1.2  -12.4  14.85 11.80  0.35
   4 -SS Top   1   33.4 -27.0   21.9    1   33.4 -27.0   21.9  14.82  9.48  0.22
         Bot  73  -26.6  13.6  -12.2   73  -26.6  13.6  -12.2  14.83  7.09  0.13
   5 HSS Top   1   52.0  30.8  158.6    1   52.0  30.8  158.6  14.23 15.39  0.59
         Bot  74  -16.2 -21.7  -82.9   71  -27.4 -22.5  -78.7  14.23 11.13  0.31

 WELDS:
 ------
          Outside_Flange_To_Bep   Inside_Flange_To_Bep    -----Web_To_Bep------
 Splice             Shear(kN/mm)            Shear(kN/mm)            Shear(kN/mm)
 Id Side   Size Typ  Calc Limit    Size Typ  Calc Limit    Size Typ  Calc Limit
 -- ----  ----- --- ----- -----   ----- --- ----- -----   ----- --- ----- -----
  1   L    5.00  F2 0.462 0.510    4.00  F2 0.241 0.410    4.00  F2 0.022 0.410
  1   R    6.00  F2 0.540 0.620    4.00  G1 0.678 0.938    4.00  F2 0.022 0.410
  2   L    4.00  F2 0.281 0.410    4.00  F2 0.177 0.410    4.00  F2 0.054 0.410
  2   R    4.00  F2 0.281 0.410    4.00  F2 0.157 0.410    4.00  F2 0.054 0.410
  3   L    4.00  F2 0.164 0.410    4.00  F2 0.362 0.410    4.00  F2 0.001 0.410
  3   R    4.00  F2 0.164 0.410    4.00  F2 0.362 0.410    4.00  F2 0.001 0.410
  4   L    4.00  F2 0.279 0.410    4.00  F2 0.156 0.410    4.00  F2 0.054 0.410
  4   R    4.00  F2 0.279 0.410    4.00  F2 0.175 0.410    4.00  F2 0.054 0.410
  5   L    6.00  F2 0.539 0.620    4.00  G1 0.677 0.938    4.00  F2 0.022 0.410
  5   R    5.00  F2 0.461 0.510    4.00  F2 0.241 0.410    4.00  F2 0.022 0.410
 

 LOAD COMBINATIONS:
 ------------------
     1   Dead+Collateral+Live
     2   Dead+Collateral+Live
    67   0.6Dead+Wind_Left1
    71   0.6Dead+Wind_Long1+LWIND1_L2E
    72   0.6Dead+Wind_Long1+LWIND1_R2E
    73   0.6Dead-Wind_Long1+LWIND1_L2E
    74   0.6Dead-Wind_Long1+LWIND1_R2E
    95   Dead+Collateral+F2CRANEA1
 
================================================================================
 C323-153-Final      Frame  2 - Bearing Stiffeners          11/AUG/2025  1:04pm
================================================================================

 Stiffener Yield =  345 (MN/m2)
 Corner Cut      = 15.0 (mm)

 STIFFENER SIZE:
 ---------------
  ----Stiffener---  --Web(mm)--  ----Stiffener_Size(mm)---
  Location  Offset  Depth Thick  Width  Thick  Length  No.
  --------  ------  ----- -----  -----  -----  ------  ---
  Lt Col         0  600.0  5.00   60.0   6.00   600.0   1
  Rt Col     22470  600.0  5.00   60.0   6.00   600.0   1

 STIFFENER DESIGN:
 -----------------
            ----Tension(kN)---  --Compression(kN)-   Max
  Location  Load   Calc  Limit  Load   Calc  Limit    UC
  --------  ----  -----  -----  ----  -----  -----  ----
  Lt Col      71   77.8  111.6     2  147.5  240.8  0.70 
  Rt Col      72   77.7  111.6     1  147.2  240.8  0.70 

 WELDS:
 ------
                     ---Stiff_To_Flg/EP---   -----Stiff_To_Web----
  Stiffener                    Shear(kN/mm)            Shear(kN/mm)
  Location            Size Typ  Calc Limit    Size Typ  Calc Limit
  ----------         ----- --- ----- -----   ----- --- ----- -----
  Lt Col              6.00  F2 0.432 0.620    4.00  F2 0.063 0.410
  Rt Col              6.00  F2 0.432 0.620    4.00  F2 0.063 0.410
 

 LOAD COMBINATIONS:
 ------------------
     1   Dead+Collateral+Live
     2   Dead+Collateral+Live
    71   0.6Dead+Wind_Long1+LWIND1_L2E
    72   0.6Dead+Wind_Long1+LWIND1_R2E
 
================================================================================
 C323-153-Final      Frame  2 - Flange Braces               11/AUG/2025  1:04pm
================================================================================

 DESIGN CONSTANTS:
 -----------------
  Flange Brace Yield   = 345.0 MN/m2
  Girt/Purlin  Yield   = 345.0 MN/m2
  Flange Brace Bolt    = Gr8.8 (0 Washers)
  Bolt Shear  Stress   = 160.0 MN/m2

  Flange Brace Force
    Inside flange, max of bending compression                        

 LAYOUT:
 -------
  Surf                   Seg   Web  Brace Angle Design -----Bolt_Dia----- --Attachment-
   Id  Loc Side Part      Id Depth Offset   Deg Length Frame Purlin  Clip Frame  Purlin Ref
  ---- --- ---- -------- --- ----- ------ ----- ------ ----- ------ ----- ------ ------ -----
    1    2   2  L40X40X4   1 668.5  660.0  40.9  931.9 12.00  12.00       Clip   Web         
    2    1   2  L40X40X4   3 553.5  660.0  48.0  821.0 12.00  12.00       Clip   Web         
         3   2  L40X40X4   3 302.8  330.0  43.1  409.5 12.00  12.00       Clip   Web         
         5   2  L40X40X4   4 316.5  330.0  42.0  418.8 12.00  12.00       Clip   Web         
         7   2  L40X40X4   4 400.6  330.0  35.3  484.6 12.00  12.00       Clip   Web         
         8   2  L40X40X4   4 442.7  330.0  32.6  519.6 12.00  12.00       Clip   Web         
    3    1   2  L40X40X4   5 442.7  330.0  32.6  519.6 12.00  12.00       Clip   Web         
         2   2  L40X40X4   5 400.6  330.0  35.3  484.6 12.00  12.00       Clip   Web         
         4   2  L40X40X4   5 316.5  330.0  42.0  418.8 12.00  12.00       Clip   Web         
         6   2  L40X40X4   6 302.8  330.0  43.1  409.5 12.00  12.00       Clip   Web         
         8   2  L40X40X4   6 553.5  660.0  48.0  821.0 12.00  12.00       Clip   Web         
    4    2   2  L40X40X4   8 668.5  660.0  40.9  931.9 12.00  12.00       Clip   Web         

 DESIGN:
 -------
  Surf        Load(kN-m)  Force  -Brace_UC-  ---Connection_UC---
   Id   Loc    Id Moment   (kN)  Comp  Tens  Frame  Purlin  Clip
  ----  ---  ---- ------  -----  ----  ----  -----  ------  ----
    1     2    95   36.5   0.52  0.04  0.03   0.03    0.07      
    2     1     2  132.5   2.47  0.18  0.16   0.14    0.34      
          3     2   37.7   1.59  0.08  0.11   0.09    0.11      
          5    73   14.7   0.53  0.03  0.04   0.03    0.04      
          7    73   28.0   0.85  0.04  0.06   0.05    0.06      
          8    73   27.8   0.80  0.04  0.05   0.04    0.05      
    3     1    74   27.8   0.80  0.04  0.05   0.04    0.05      
          2    74   28.1   0.86  0.04  0.06   0.05    0.06      
          4    74   14.8   0.53  0.03  0.04   0.03    0.04      
          6     1   37.5   1.58  0.08  0.11   0.09    0.11      
          8     1  132.2   2.46  0.18  0.16   0.14    0.34      
    4     2    98   36.4   0.52  0.04  0.03   0.03    0.07      

 LOAD COMBINATIONS:
 ------------------
     1   Dead+Collateral+Live
     2   Dead+Collateral+Live
    73   0.6Dead-Wind_Long1+LWIND1_L2E
    74   0.6Dead-Wind_Long1+LWIND1_R2E
    95   Dead+Collateral+F2CRANEA1
    98   Dead+Collateral+F2CRANEA4
 
================================================================================
 C323-153-Final      Frame  2 - Web To Flange Weld          11/AUG/2025  1:04pm
================================================================================

                                                        ---Web_Flange_Weld---
  Surf  Mem  Seg  Sec  Load  Shear     Ixx           Q           Shear(kN/mm)
   Id    Id   Id   Id    Id   (kN)   (cm4)  Flg  (cm3)   Size Typ  Calc Limit
  ----  ---  ---  ---  ----  -----  ------  ---  -----  ----- --- ----- -----
    1     1    1    1     2   28.7   10085  Out    183   4.00  F1 0.052 0.410
                                            In     183   4.00  F1 0.052 0.410
    1     2    2   19     2   30.7   36722  Out    318   4.00  F1 0.027 0.410
                                            In     318   4.00  F1 0.027 0.410
    2     3    3   28     2   25.6    3375  Out    105   4.00  F1 0.080 0.410
                                            In     117   4.00  F1 0.089 0.410
    2     4    4   29     2   27.5    2553  Out     80   4.00  F1 0.086 0.410
                                            In      80   4.00  F1 0.086 0.410
    3     5    5   58     1   27.5    2553  Out     80   4.00  F1 0.086 0.410
                                            In      80   4.00  F1 0.086 0.410
    3     6    6   59     1   25.6    3375  Out    105   4.00  F1 0.080 0.410
                                            In     117   4.00  F1 0.089 0.410
    4     7    7   68     1   30.7   36722  Out    318   4.00  F1 0.027 0.410
                                            In     318   4.00  F1 0.027 0.410
    4     8    8   86     1   28.7   10085  Out    183   4.00  F1 0.052 0.410
                                            In     183   4.00  F1 0.052 0.410

 LOAD COMBINATIONS:
 ------------------
     1   Dead+Collateral+Live
     2   Dead+Collateral+Live
 
================================================================================
 C323-153-Final      Frame  2 - Special Segments            11/AUG/2025  1:04pm
================================================================================

  FLANGE PLATE:
  ----------------
            --Initial--   ---Final---
            Width Thick   Width Thick
   Locate    (mm)  (mm)    (mm)  (mm)
   ------   ----- -----   ----- -----
   Lt Col     125  6.00     125  6.00
   Rt Col     125  6.00     125  6.00



  WEB PLATE:
  ----------
                                Calc  ---Initial--  ------Final------
           ------Actions-----    Web    Web  Shear    Web  Shear
                Axial  Moment  Shear  Thick  Limit  Thick  Limit
   Locate   Id   (kN)  (kN-m)   (kN)   (mm)   (kN)   (mm)   (kN)   UC  Note
   ------  ---  -----  ------  -----  -----  -----  -----  ----- ----  -------------
   Lt Col    2   52.1   158.8  200.9   4.00  107.4   5.00  209.8 0.96  G2-1           
   Rt Col    1   52.1   158.6  200.5   4.00  107.4   5.00  209.8 0.96  G2-1           
 

  REQUIRED WEB DESIGN:
  --------------------
               Web  Stiff
   Locate    Depth  Space
   ------    -----  -----
   Lt Col    565.2  670.0
   Rt Col    565.2  670.0

 LOAD COMBINATIONS:
 ------------------
     1   Dead+Collateral+Live
     2   Dead+Collateral+Live
 
================================================================================
 C323-153-Final      Frame  2 - Design Summary              11/AUG/2025  1:04pm
================================================================================

 FRAME:
 ------
   Id        =   2
   Type      =  RF
   Line Id   =   2  3  5
   Load Width=   6068
   UC   Limit=   1.00
   KL/R Limit= 200.00

 MEMBERS:
 --------
                                                                -----Max_Axial+Moment----
 Srf Mem Seg --Flange- Web_Depth -Plate_Thickness- --Max_Shear- ----O-Flg--- ----I-Flg---  Max
  Id  Id  Id  Len  Wid Strt  End   Web O-flg I-flg  Id  Ld  Ucv  Id  Ld  Uco  Id  Ld  Uci KL/R
 --- --- --- ---- ---- ---- ---- ----- ----- ----- --- --- ---- --- --- ---- --- --- ---- ----
   1   1   1 4000  150  400  700  5.00  6.00  6.00  10   2 0.29   1   2 0.77   1  99 0.68  130
   1   2   2 4287  150  700  700  5.00  6.00  6.00  19   2 0.31  19   2 0.50  19   2 0.93   97
   2   3   3 4478  125  600  250  4.00  6.00  8.00  20   2 0.73  20   2 0.95  20   2 0.98  106
   2   4   4 6575  125  250  450  4.00  5.00  5.00  29   2 0.23  39   1 0.88  29   2 0.61  111
   3   5   5 6575  125  450  250  4.00  5.00  5.00  58   1 0.23  48   2 0.89  58   1 0.61  111
   3   6   6 4478  125  250  600  4.00  6.00  8.00  67   1 0.73  67   1 0.95  67   1 0.98  106
   4   7   7 4287  150  700  700  5.00  6.00  6.00  68   1 0.31  68   1 0.50  68   1 0.93   97
   4   8   8 4000  150  700  400  5.00  6.00  6.00  77   1 0.29  86   1 0.78  86 105 0.68  130
 

 LOAD COMBINATIONS:
 ------------------
      #  Controlling Load Combination In Design Summary

  Strength & Deflection Combinations:
     1#  Dead+Collateral+Live
     2#  Dead+Collateral+Live
     3   Dead+Collateral+Floor_Live
     4   Dead+Collateral+Floor_Live
     5   Dead+Collateral+Snow
     6   Dead+Collateral+Snow
     7   Dead+Collateral+Snow+Snow_Drift
     8   Dead+Collateral+Snow+Snow_Drift
     9   Dead+Collateral+Snow+Slide_Snow
    10   Dead+Collateral+Snow+Slide_Snow
    11   Dead
    12   Dead
    13   Dead+Collateral+0.75Snow+0.75Floor_Live
    14   Dead+Collateral+0.75Snow+0.75Floor_Live
    15   Dead+Collateral+0.75Snow+0.75Snow_Drift+0.75Floor_Live
    16   Dead+Collateral+0.75Snow+0.75Snow_Drift+0.75Floor_Live
    17   Dead+Collateral+0.75Snow+0.75Slide_Snow+0.75Floor_Live
    18   Dead+Collateral+0.75Snow+0.75Slide_Snow+0.75Floor_Live
    19   Dead+Collateral+0.75Live+0.75Wind_Left1+0.75Floor_Live
    20   Dead+Collateral+0.75Live+0.75Wind_Right1+0.75Floor_Live
    21   Dead+Collateral+0.75Live+0.75Wind_Left2+0.75Floor_Live
    22   Dead+Collateral+0.75Live+0.75Wind_Right2+0.75Floor_Live
    23   Dead+Collateral+0.75Live+0.75Wind_Long1+0.75Floor_Live+0.75LWIND1_L2E
    24   Dead+Collateral+0.75Live+0.75Wind_Long1+0.75Floor_Live+0.75LWIND1_R2E
    25   Dead+Collateral+0.75Live-0.75Wind_Long1+0.75Floor_Live+0.75LWIND1_L2E
    26   Dead+Collateral+0.75Live-0.75Wind_Long1+0.75Floor_Live+0.75LWIND1_R2E
    27   Dead+Collateral+0.75Live+0.75Wind_Long2+0.75Floor_Live+0.75LWIND2_L2E
    28   Dead+Collateral+0.75Live+0.75Wind_Long2+0.75Floor_Live+0.75LWIND2_R2E
    29   Dead+Collateral+0.75Live-0.75Wind_Long2+0.75Floor_Live+0.75LWIND2_L2E
    30   Dead+Collateral+0.75Live-0.75Wind_Long2+0.75Floor_Live+0.75LWIND2_R2E
    31   Dead+Collateral+0.75Snow+0.75Wind_Left1+0.75Floor_Live
    32   Dead+Collateral+0.75Snow+0.75Wind_Left1+0.75Snow_Drift+0.75Floor_Live
    33   Dead+Collateral+0.75Snow+0.75Wind_Left1+0.75Slide_Snow+0.75Floor_Live
    34   Dead+Collateral+0.75Snow+0.75Wind_Right1+0.75Floor_Live
    35   Dead+Collateral+0.75Snow+0.75Wind_Right1+0.75Snow_Drift+0.75Floor_Live
    36   Dead+Collateral+0.75Snow+0.75Wind_Right1+0.75Slide_Snow+0.75Floor_Live
    37   Dead+Collateral+0.75Snow+0.75Wind_Left2+0.75Floor_Live
    38   Dead+Collateral+0.75Snow+0.75Wind_Left2+0.75Snow_Drift+0.75Floor_Live
    39   Dead+Collateral+0.75Snow+0.75Wind_Left2+0.75Slide_Snow+0.75Floor_Live
    40   Dead+Collateral+0.75Snow+0.75Wind_Right2+0.75Floor_Live
    41   Dead+Collateral+0.75Snow+0.75Wind_Right2+0.75Snow_Drift+0.75Floor_Live
    42   Dead+Collateral+0.75Snow+0.75Wind_Right2+0.75Slide_Snow+0.75Floor_Live
    43   Dead+Collateral+0.75Snow+0.45Wind_Long1+0.75Floor_Live+0.45LWIND1_L2E
    44   Dead+Collateral+0.75Snow+0.45Wind_Long1+0.75Floor_Live+0.45LWIND1_R2E
    45   Dead+Collateral+0.75Snow-0.45Wind_Long1+0.75Floor_Live+0.45LWIND1_L2E
    46   Dead+Collateral+0.75Snow-0.45Wind_Long1+0.75Floor_Live+0.45LWIND1_R2E
    47   Dead+Collateral+0.75Snow+0.45Wind_Long1+0.75Snow_Drift+0.75Floor_Live+0.45LWIND1
    48   Dead+Collateral+0.75Snow+0.45Wind_Long1+0.75Snow_Drift+0.75Floor_Live+0.45LWIND1
    49   Dead+Collateral+0.75Snow-0.45Wind_Long1+0.75Snow_Drift+0.75Floor_Live+0.45LWIND1
    50   Dead+Collateral+0.75Snow-0.45Wind_Long1+0.75Snow_Drift+0.75Floor_Live+0.45LWIND1
    51   Dead+Collateral+0.75Snow+0.45Wind_Long1+0.75Slide_Snow+0.75Floor_Live+0.45LWIND1
    52   Dead+Collateral+0.75Snow+0.45Wind_Long1+0.75Slide_Snow+0.75Floor_Live+0.45LWIND1
    53   Dead+Collateral+0.75Snow-0.45Wind_Long1+0.75Slide_Snow+0.75Floor_Live+0.45LWIND1
    54   Dead+Collateral+0.75Snow-0.45Wind_Long1+0.75Slide_Snow+0.75Floor_Live+0.45LWIND1
    55   Dead+Collateral+0.75Snow+0.45Wind_Long2+0.75Floor_Live+0.45LWIND2_L2E
    56   Dead+Collateral+0.75Snow+0.45Wind_Long2+0.75Floor_Live+0.45LWIND2_R2E
    57   Dead+Collateral+0.75Snow-0.45Wind_Long2+0.75Floor_Live+0.45LWIND2_L2E
    58   Dead+Collateral+0.75Snow-0.45Wind_Long2+0.75Floor_Live+0.45LWIND2_R2E
    59   Dead+Collateral+0.75Snow+0.45Wind_Long2+0.75Snow_Drift+0.75Floor_Live+0.45LWIND2
    60   Dead+Collateral+0.75Snow+0.45Wind_Long2+0.75Snow_Drift+0.75Floor_Live+0.45LWIND2
    61   Dead+Collateral+0.75Snow-0.45Wind_Long2+0.75Snow_Drift+0.75Floor_Live+0.45LWIND2
    62   Dead+Collateral+0.75Snow-0.45Wind_Long2+0.75Snow_Drift+0.75Floor_Live+0.45LWIND2
    63   Dead+Collateral+0.75Snow+0.45Wind_Long2+0.75Slide_Snow+0.75Floor_Live+0.45LWIND2
    64   Dead+Collateral+0.75Snow+0.45Wind_Long2+0.75Slide_Snow+0.75Floor_Live+0.45LWIND2
    65   Dead+Collateral+0.75Snow-0.45Wind_Long2+0.75Slide_Snow+0.75Floor_Live+0.45LWIND2
    66   Dead+Collateral+0.75Snow-0.45Wind_Long2+0.75Slide_Snow+0.75Floor_Live+0.45LWIND2
    67   0.6Dead+Wind_Left1
    68   0.6Dead+Wind_Right1
    69   0.6Dead+Wind_Left2
    70   0.6Dead+Wind_Right2
    71   0.6Dead+Wind_Long1+LWIND1_L2E
    72   0.6Dead+Wind_Long1+LWIND1_R2E
    73   0.6Dead-Wind_Long1+LWIND1_L2E
    74   0.6Dead-Wind_Long1+LWIND1_R2E
    75   0.6Dead+Wind_Long2+LWIND2_L2E
    76   0.6Dead+Wind_Long2+LWIND2_R2E
    77   0.6Dead-Wind_Long2+LWIND2_L2E
    78   0.6Dead-Wind_Long2+LWIND2_R2E
    79   1.01Dead+1.01Collateral+0.7Seismic_L
    80   1.01Dead+1.01Collateral+0.7Seismic_R
    81   1.01Dead+1.01Collateral+0.75Live+0.52Seismic_L+0.75Floor_Live
    82   1.01Dead+1.01Collateral+0.75Live+0.52Seismic_R+0.75Floor_Live
    83   1.01Dead+1.01Collateral+0.52Seismic_L+0.75Floor_Live
    84   1.01Dead+1.01Collateral+0.52Seismic_R+0.75Floor_Live
    85   0.59Dead+0.7Seismic_L
    86   0.59Dead+0.7Seismic_R
    87   1.01Dead+1.01Collateral+0.7Seismic_Long
    88   1.01Dead+1.01Collateral-0.7Seismic_Long
    89   1.01Dead+1.01Collateral+0.75Live+0.52Seismic_Long+0.75Floor_Live
    90   1.01Dead+1.01Collateral+0.75Live-0.52Seismic_Long+0.75Floor_Live
    91   1.01Dead+1.01Collateral+0.52Seismic_Long+0.75Floor_Live
    92   1.01Dead+1.01Collateral-0.52Seismic_Long+0.75Floor_Live
    93   0.59Dead+0.7Seismic_Long
    94   0.59Dead-0.7Seismic_Long
    95   Dead+Collateral+F2CRANEA1
    96   Dead+Collateral+F2CRANEA2
    97   Dead+Collateral+F2CRANEA3
    98   Dead+Collateral+F2CRANEA4
    99#  Dead+Wind_Left1/2+F2CRANEA1
   100   Dead+Wind_Left2/2+F2CRANEA1
   101   Dead+Wind_Right1/2+F2CRANEA2
   102   Dead+Wind_Right2/2+F2CRANEA2
   103   Dead+Wind_Left1/2+F2CRANEA3
   104   Dead+Wind_Left2/2+F2CRANEA3
   105#  Dead+Wind_Right1/2+F2CRANEA4
   106   Dead+Wind_Right2/2+F2CRANEA4
   107   Dead+20Degree+Floor_Live
   108   Dead+20Degree+Floor_Live
   109   Dead-20Degree+Floor_Live
   110   Dead-20Degree+Floor_Live
   111   Dead+Collateral+0.75Live+15Degree+0.75Floor_Live
   112   Dead+Collateral+0.75Live+15Degree+0.75Floor_Live
   113   Dead+Collateral+0.75Live-15Degree+0.75Floor_Live
   114   Dead+Collateral+0.75Live-15Degree+0.75Floor_Live
   115   Dead+Collateral+0.75Snow+15Degree+0.75Floor_Live
   116   Dead+Collateral+0.75Snow+15Degree+0.75Floor_Live
   117   Dead+Collateral+0.75Snow+15Degree+0.75Snow_Drift+0.75Floor_Live
   118   Dead+Collateral+0.75Snow+15Degree+0.75Snow_Drift+0.75Floor_Live
   119   Dead+Collateral+0.75Snow+15Degree+0.75Slide_Snow+0.75Floor_Live
   120   Dead+Collateral+0.75Snow+15Degree+0.75Slide_Snow+0.75Floor_Live
   121   Dead+Collateral+0.75Snow-15Degree+0.75Floor_Live
   122   Dead+Collateral+0.75Snow-15Degree+0.75Floor_Live
   123   Dead+Collateral+0.75Snow-15Degree+0.75Snow_Drift+0.75Floor_Live
   124   Dead+Collateral+0.75Snow-15Degree+0.75Snow_Drift+0.75Floor_Live
   125   Dead+Collateral+0.75Snow-15Degree+0.75Slide_Snow+0.75Floor_Live
   126   Dead+Collateral+0.75Snow-15Degree+0.75Slide_Snow+0.75Floor_Live
  Special Combinations:
   127   1.01Dead+1.01Collateral+2.1Seismic_L
   128   1.01Dead+1.01Collateral+2.1Seismic_R
   129   1.01Dead+1.01Collateral+0.75Live+1.57Seismic_L+0.75Floor_Live
   130   1.01Dead+1.01Collateral+0.75Live+1.57Seismic_R+0.75Floor_Live
   131   1.01Dead+1.01Collateral+1.57Seismic_L+0.75Floor_Live
   132   1.01Dead+1.01Collateral+1.57Seismic_R+0.75Floor_Live
   133   0.59Dead+2.1Seismic_L
   134   0.59Dead+2.1Seismic_R
   135   1.01Dead+1.01Collateral+2.1Seismic_L
   136   1.01Dead+1.01Collateral+2.1Seismic_R
   137   1.01Dead+1.01Collateral+0.75Live+1.57Seismic_L+0.75Floor_Live
   138   1.01Dead+1.01Collateral+0.75Live+1.57Seismic_R+0.75Floor_Live
   139   1.01Dead+1.01Collateral+1.57Seismic_L+0.75Floor_Live
   140   1.01Dead+1.01Collateral+1.57Seismic_R+0.75Floor_Live
   141   0.59Dead+2.1Seismic_L
   142   0.59Dead+2.1Seismic_R

 PLATE LIMITS:
 -------------
       -----Web----  -----Flange----                  Web_Depth/     Web_Area/
  Seg   Depth/Thick  Width/(2xThick)  ---Flange---  Flange_Width   Flange_Area
   Id   Calc  Limit    Calc  Limit    Thick    Min   Calc  Limit   Calc  Limit
  ---  -----  -----   -----  -----    -----  -----  -----  -----  -----  -----
    1  140.0  180.0    12.5   16.5     6.00           4.7           3.9   10.0
    2  140.0  180.0    12.5   16.5     6.00           4.7           3.9   10.0
    3  150.0  180.0    10.4   16.5     6.00           4.8           3.2   10.0
    4  112.5  180.0    12.5   16.5     5.00           3.6           2.9   10.0
    5  112.5  180.0    12.5   16.5     5.00           3.6           2.9   10.0
    6  150.0  180.0    10.4   16.5     6.00           4.8           3.2   10.0
    7  140.0  180.0    12.5   16.5     6.00           4.7           3.9   10.0
    8  140.0  180.0    12.5   16.5     6.00           4.7           3.9   10.0

 FRAME AREA:
 ----------
    Frame    Area=    18.7
    Building Area=   202.0
            Ratio=    0.09


 WEIGHTS:
 --------

    Member             1     2     3     4     5     6     7     8
    ----------     ----- ----- ----- ----- ----- ----- ----- -----
    Weight (kg)      143   158   123   137   137   123   158   143 

                      Total Weight (kg)
                        Frame         =     1121
                        Splice Plate  =      167
                        Base   Plate  =       35
                                        --------
                                            1324
 


 REACTIONS - Sidewall Columns:
 -----------------------------

   Load   ----------Left_Column----------   ----------Right_Column---------
     Id   Fx(kN)  Fy(kN)  Fz(kN)  M(kN-m)   Fx(kN)  Fy(kN)  Fz(kN)  M(kN-m)  
   ----   ------ ------- ------- --------   ------ ------- ------- --------
      1    30.51   54.66    0.00   -69.32   -30.51   54.70    0.00    71.72
      2    30.51   54.73    0.00   -71.43   -30.51   54.64    0.00    69.62
      3     7.61   15.78    0.00   -17.06    -7.61   15.79    0.00    17.74
      4     7.61   15.79    0.00   -17.67    -7.61   15.77    0.00    17.13
      5     7.61   15.78    0.00   -17.06    -7.61   15.79    0.00    17.74
      6     7.61   15.79    0.00   -17.67    -7.61   15.77    0.00    17.13
      7     7.61   15.78    0.00   -17.06    -7.61   15.79    0.00    17.74
      8     7.61   15.79    0.00   -17.67    -7.61   15.77    0.00    17.13
      9     7.61   15.78    0.00   -17.06    -7.61   15.79    0.00    17.74
     10     7.61   15.79    0.00   -17.67    -7.61   15.77    0.00    17.13
     11     5.58   12.35    0.00   -12.45    -5.58   12.36    0.00    12.98
     12     5.58   12.36    0.00   -12.93    -5.58   12.34    0.00    12.50
     13     7.61   15.78    0.00   -17.06    -7.61   15.79    0.00    17.74
     14     7.61   15.79    0.00   -17.67    -7.61   15.77    0.00    17.13
     15     7.61   15.78    0.00   -17.06    -7.61   15.79    0.00    17.74
     16     7.61   15.79    0.00   -17.67    -7.61   15.77    0.00    17.13
     17     7.61   15.78    0.00   -17.06    -7.61   15.79    0.00    17.74
     18     7.61   15.79    0.00   -17.67    -7.61   15.77    0.00    17.13
     19     4.88   21.23    0.00    -3.84   -25.68   28.18    0.00    62.26
     20    25.68   28.20    0.00   -62.13    -4.88   21.21    0.00     3.96
     21     4.11   31.43    0.00    -8.23   -24.92   38.39    0.00    66.99
     22    24.92   38.41    0.00   -66.81    -4.11   31.42    0.00     8.40
     23    18.22    3.93    9.40   -37.55   -17.79    7.80    9.40    30.65
     24    17.79    7.80    9.40   -30.55   -18.22    3.92    9.40    37.65
     25    18.38   28.48    0.00   -37.06   -17.95   32.35    0.00    30.10
     26    17.95   32.36    0.00   -30.00   -18.38   28.48    0.00    37.16
     27    19.53   14.14    9.40   -44.95   -19.10   18.00    9.40    38.06
     28    19.10   18.01    9.40   -37.91   -19.53   14.13    9.40    45.10
     29    19.68   38.70    0.00   -44.47   -19.25   42.55    0.00    37.51
     30    19.25   42.57    0.00   -37.36   -19.68   38.68    0.00    44.62
     31   -12.35   -7.95    0.00    35.51    -8.45   -1.00    0.00    21.96
     32   -12.35   -7.95    0.00    35.51    -8.45   -1.00    0.00    21.96
     33   -12.35   -7.95    0.00    35.51    -8.45   -1.00    0.00    21.96
     34     8.45   -1.00    0.00   -21.99    12.35   -7.94    0.00   -35.55
     35     8.45   -1.00    0.00   -21.99    12.35   -7.94    0.00   -35.55
     36     8.45   -1.00    0.00   -21.99    12.35   -7.94    0.00   -35.55
     37   -13.10    2.26    0.00    31.12    -7.71    9.21    0.00    26.67
     38   -13.10    2.26    0.00    31.12    -7.71    9.21    0.00    26.67
     39   -13.10    2.26    0.00    31.12    -7.71    9.21    0.00    26.67
     40     7.71    9.21    0.00   -26.65    13.10    2.26    0.00   -31.11
     41     7.71    9.21    0.00   -26.65    13.10    2.26    0.00   -31.11
     42     7.71    9.21    0.00   -26.65    13.10    2.26    0.00   -31.11
     43     3.63   -8.84    5.64    -5.60    -3.38   -6.51    5.64     1.45
     44     3.38   -6.51    5.64    -1.45    -3.63   -8.84    5.64     5.59
     45     3.73    5.89    0.00    -5.30    -3.48    8.22    0.00     1.12
     46     3.48    8.22    0.00    -1.13    -3.73    5.89    0.00     5.29
     47     3.63   -8.84    5.64    -5.60    -3.38   -6.51    5.64     1.45
     48     3.38   -6.51    5.64    -1.45    -3.63   -8.84    5.64     5.59
     49     3.73    5.89    0.00    -5.30    -3.48    8.22    0.00     1.12
     50     3.48    8.22    0.00    -1.13    -3.73    5.89    0.00     5.29
     51     3.63   -8.84    5.64    -5.60    -3.38   -6.51    5.64     1.45
     52     3.38   -6.51    5.64    -1.45    -3.63   -8.84    5.64     5.59
     53     3.73    5.89    0.00    -5.30    -3.48    8.22    0.00     1.12
     54     3.48    8.22    0.00    -1.13    -3.73    5.89    0.00     5.29
     55     4.43   -2.71    5.64   -10.04    -4.17   -0.39    5.64     5.89
     56     4.17   -0.39    5.64    -5.87    -4.43   -2.71    5.64    10.06
     57     4.53   12.02    0.00    -9.74    -4.27   14.34    0.00     5.57
     58     4.27   14.35    0.00    -5.55    -4.53   12.02    0.00     9.76
     59     4.43   -2.71    5.64   -10.04    -4.17   -0.39    5.64     5.89
     60     4.17   -0.39    5.64    -5.87    -4.43   -2.71    5.64    10.06
     61     4.53   12.02    0.00    -9.74    -4.27   14.34    0.00     5.57
     62     4.27   14.35    0.00    -5.55    -4.53   12.02    0.00     9.76
     63     4.43   -2.71    5.64   -10.04    -4.17   -0.39    5.64     5.89
     64     4.17   -0.39    5.64    -5.87    -4.43   -2.71    5.64    10.06
     65     4.53   12.02    0.00    -9.74    -4.27   14.34    0.00     5.57
     66     4.27   14.35    0.00    -5.55    -4.53   12.02    0.00     9.76
     67   -23.29  -24.22    0.00    62.62    -4.45  -14.97    0.00    13.44
     68     4.45  -14.98    0.00   -13.54    23.29  -24.21    0.00   -62.74
     69   -24.27  -10.61    0.00    56.83    -3.47   -1.35    0.00    19.78
     70     3.47   -1.35    0.00   -19.81    24.27  -10.61    0.00   -56.89
     71    -5.52  -47.31   12.54    18.59     6.09  -42.12   12.54   -27.78
     72    -6.09  -42.14   12.54    27.64     5.52  -47.30   12.54   -18.73
     73    -5.28  -14.57    0.00    19.23     5.86   -9.38    0.00   -28.55
     74    -5.86   -9.40    0.00    28.40     5.28  -14.56    0.00   -19.37
     75    -3.73  -33.69   12.54     8.72     4.30  -28.52   12.54   -17.93
     76    -4.30  -28.52   12.54    17.86     3.73  -33.69   12.54    -8.79
     77    -3.50   -0.95    0.00     9.36     4.07    4.22    0.00   -18.69
     78    -4.07    4.22    0.00    18.62     3.50   -0.95    0.00    -9.43
     79     6.83   15.78    0.00   -12.35    -8.54   16.10    0.00    22.79
     80     8.54   16.10    0.00   -22.72    -6.83   15.78    0.00    12.42
     81    24.24   45.01    0.00   -53.37   -25.50   45.23    0.00    61.46
     82    25.50   45.25    0.00   -61.22   -24.24   44.98    0.00    53.61
     83     7.05   15.82    0.00   -13.69    -8.32   16.05    0.00    21.46
     84     8.32   16.06    0.00   -21.39    -7.05   15.82    0.00    13.76
     85     2.44    7.13    0.00    -2.33    -4.15    7.44    0.00    12.68
     86     4.15    7.45    0.00   -12.65    -2.44    7.13    0.00     2.36
     87     7.68   14.52    1.08   -17.54    -7.68   14.52    1.08    17.61
     88     7.70   17.36    0.00   -17.48    -7.70   17.36    0.00    17.55
     89    24.87   44.07    0.81   -57.29   -24.87   44.05    0.81    57.53
     90    24.88   46.18    0.00   -57.25   -24.88   46.16    0.00    57.49
     91     7.68   14.89    0.81   -17.54    -7.68   14.88    0.81    17.61
     92     7.70   17.00    0.00   -17.49    -7.70   16.99    0.00    17.56
     93     3.29    5.87    1.08    -7.49    -3.29    5.87    1.08     7.52
     94     3.31    8.71    0.00    -7.43    -3.31    8.71    0.00     7.46
     95     9.57   77.36    0.00    13.57   -17.53   36.44    0.00    61.17
     96    17.54   78.34    0.00   -25.57    -9.58   35.46    0.00    22.01
     97     9.58   35.47    0.00   -21.95   -17.54   78.33    0.00    25.63
     98    17.53   36.45    0.00   -61.10    -9.57   77.35    0.00   -13.52
     99    -5.83   58.15    0.00    51.98   -16.00   21.79    0.00    58.03
    100    -6.33   64.95    0.00    49.19   -15.50   28.60    0.00    61.31
    101    16.02   63.75    0.00   -25.17     5.81   16.18    0.00   -19.14
    102    15.52   70.56    0.00   -28.23     6.31   22.99    0.00   -16.14
    103    -5.81   16.18    0.00    19.11   -16.02   63.76    0.00    25.14
    104    -6.31   22.99    0.00    16.14   -15.52   70.56    0.00    28.24
    105    16.00   21.78    0.00   -58.05     5.83   58.16    0.00   -52.02
    106    15.50   28.60    0.00   -61.29     6.32   64.95    0.00   -49.20
    107     6.06   12.35    0.00   -16.22    -6.06   12.36    0.00    16.75
    108     6.06   12.36    0.00   -16.70    -6.06   12.34    0.00    16.28
    109     5.11   12.35    0.00    -8.68    -5.11   12.36    0.00     9.21
    110     5.11   12.36    0.00    -9.16    -5.11   12.34    0.00     8.73
    111    25.14   44.94    0.00   -59.09   -25.14   44.97    0.00    61.06
    112    25.14   44.99    0.00   -60.82   -25.14   44.92    0.00    59.32
    113    24.45   44.94    0.00   -53.42   -24.45   44.97    0.00    55.39
    114    24.45   44.99    0.00   -55.15   -24.45   44.92    0.00    53.66
    115     7.96   15.78    0.00   -19.89    -7.96   15.79    0.00    20.57
    116     7.96   15.79    0.00   -20.50    -7.96   15.77    0.00    19.96
    117     7.96   15.78    0.00   -19.89    -7.96   15.79    0.00    20.57
    118     7.96   15.79    0.00   -20.50    -7.96   15.77    0.00    19.96
    119     7.96   15.78    0.00   -19.89    -7.96   15.79    0.00    20.57
    120     7.96   15.79    0.00   -20.50    -7.96   15.77    0.00    19.96
    121     7.25   15.78    0.00   -14.23    -7.25   15.79    0.00    14.91
    122     7.25   15.79    0.00   -14.84    -7.25   15.77    0.00    14.30
    123     7.25   15.78    0.00   -14.23    -7.25   15.79    0.00    14.91
    124     7.25   15.79    0.00   -14.84    -7.25   15.77    0.00    14.30
    125     7.25   15.78    0.00   -14.23    -7.25   15.79    0.00    14.91
    126     7.25   15.79    0.00   -14.84    -7.25   15.77    0.00    14.30


 DEFLECTIONS:
 ------------

          Lateral Defl
  Load    @ Top Of Col   Vert Defl
   Id     Left   Right   On Rafter
  ----    ----   -----  ---------
    1    -11.0    12.4   -116.7
    2    -12.1    11.2   -116.7
    3     -2.7     3.1    -28.9
    4     -3.0     2.8    -28.9
    5     -2.7     3.1    -28.9
    6     -3.0     2.8    -28.9
    7     -2.7     3.1    -28.9
    8     -3.0     2.8    -28.9
    9     -2.7     3.1    -28.9
   10     -3.0     2.8    -28.9
   11     -2.0     2.3    -21.2
   12     -2.2     2.0    -21.2
   13     -2.7     3.1    -28.9
   14     -3.0     2.8    -28.9
   15     -2.7     3.1    -28.9
   16     -3.0     2.8    -28.9
   17     -2.7     3.1    -28.9
   18     -3.0     2.8    -28.9
   19      5.5    15.8    -50.9
   20    -15.7    -5.4    -50.8
   21      3.8    17.7    -70.1
   22    -17.5    -3.7    -70.0
   23     -6.8     2.2    -43.4
   24     -2.1     6.9    -43.4
   25     -6.8     2.2    -43.3
   26     -2.1     6.8    -43.3
   27     -8.7     4.2    -63.7
   28     -4.1     8.8    -63.7
   29     -8.7     4.1    -63.6
   30     -4.0     8.8    -63.6
   31     11.8     8.9     14.9
   32     11.8     8.9     14.9
   33     11.8     8.9     14.9
   34     -9.0   -11.8     15.0
   35     -9.0   -11.8     15.0
   36     -9.0   -11.8     15.0
   37     10.1    10.8     -4.3
   38     10.1    10.8     -4.3
   39     10.1    10.8     -4.3
   40    -10.8   -10.1     -4.2
   41    -10.8   -10.1     -4.2
   42    -10.8   -10.1     -4.2
   43     -1.3    -1.5      2.0
   44      1.5     1.3      2.0
   45     -1.3    -1.5      2.0
   46      1.5     1.3      2.0
   47     -1.3    -1.5      2.0
   48      1.5     1.3      2.0
   49     -1.3    -1.5      2.0
   50      1.5     1.3      2.0
   51     -1.3    -1.5      2.0
   52      1.5     1.3      2.0
   53     -1.3    -1.5      2.0
   54      1.5     1.3      2.0
   55     -2.4    -0.3    -10.3
   56      0.3     2.5    -10.3
   57     -2.4    -0.3    -10.3
   58      0.3     2.5    -10.3
   59     -2.4    -0.3    -10.3
   60      0.3     2.5    -10.3
   61     -2.4    -0.3    -10.3
   62      0.3     2.5    -10.3
   63     -2.4    -0.3    -10.3
   64      0.3     2.5    -10.3
   65     -2.4    -0.3    -10.3
   66      0.3     2.5    -10.3
   67     18.2     9.2     45.7
   68     -9.2   -18.3     45.8
   69     15.9    11.7     20.1
   70    -11.7   -16.0     20.2
   71      2.3    -8.4     55.7
   72      8.3    -2.4     55.7
   73      2.3    -8.5     55.8
   74      8.4    -2.4     55.8
   75     -0.3    -5.8     28.6
   76      5.8     0.2     28.6
   77     -0.3    -5.9     28.7
   78      5.8     0.2     28.7
   79     -0.1     5.7    -29.2
   80     -5.7     0.2    -29.2
   81     -7.3    11.7    -95.0
   82    -11.5     7.5    -95.0
   83     -0.8     5.0    -29.2
   84     -5.0     0.9    -29.2
   85      1.5     4.0    -12.5
   86     -4.0    -1.5    -12.5
   87     -2.9     2.9    -29.2
   88     -2.9     2.9    -29.2
   89     -9.4     9.6    -95.0
   90     -9.4     9.6    -95.0
   91     -2.9     2.9    -29.2
   92     -2.9     2.9    -29.2
   93     -1.2     1.3    -12.5
   94     -1.2     1.3    -12.5
   95     18.7    23.8    -26.5
   96     -0.1     5.0    -26.5
   97     -4.9     0.1    -26.5
   98    -23.7   -18.6    -26.5
   99     28.4    26.2     15.6
  100     27.4    27.5    -12.6
  101     -4.0    -6.2     10.4
  102     -5.2    -5.1     -2.4
  103      6.2     4.0     10.4
  104      5.1     5.2     -2.4
  105    -26.2   -28.5     15.7
  106    -27.5   -27.4    -12.6
  107     -4.2     4.5    -16.7
  108     -4.4     4.2    -16.7
  109      0.2     0.1    -25.7
  110      0.0    -0.2    -25.7
  111    -10.6    11.7    -91.4
  112    -11.5    10.8    -91.4
  113     -7.3     8.4    -98.1
  114     -8.2     7.5    -98.1
  115     -4.4     4.7    -25.5
  116     -4.7     4.4    -25.5
  117     -4.4     4.7    -25.5
  118     -4.7     4.4    -25.5
  119     -4.4     4.7    -25.5
  120     -4.7     4.4    -25.5
  121     -1.1     1.4    -32.3
  122     -1.4     1.1    -32.3
  123     -1.1     1.4    -32.3
  124     -1.4     1.1    -32.3
  125     -1.1     1.4    -32.3
  126     -1.4     1.1    -32.3


 DEFLECTIONS RATIO:
 ------------------

          Lateral Defl
  Load    @ Top Of Col   Vert Defl
   Id     Left   Right   On Rafter
  ----    ----   -----  ---------
    1      753     670     192 
    2      683     737     192 
    3     3065    2687     777 
    4     2736    3004     777 
    5     3065    2687     777 
    6     2736    3004     777 
    7     3065    2687     777 
    8     2736    3004     777 
    9     3065    2687     777 
   10     2736    3004     777 
   11     4203    3656    1060 
   12     3722    4119    1060 
   13     3065    2687     777 
   14     2736    3004     777 
   15     3065    2687     777 
   16     2736    3004     777 
   17     3065    2687     777 
   18     2736    3004     777 
   19     1509     524     441 
   20      528    1535     442 
   21     2187     468     320 
   22      472    2266     320 
   23     1222    3728     517 
   24     3862    1209     517 
   25     1223    3795     518 
   26     3934    1209     518 
   27      951    1985     352 
   28     2042     938     352 
   29      951    2003     353 
   30     2063     938     353 
   31      702     928    1505 
   32      702     928    1505 
   33      702     928    1505 
   34      925     700    1501 
   35      925     700    1501 
   36      925     700    1501 
   37      820     766    5258 
   38      820     766    5258 
   39      820     766    5258 
   40      767     821    5309 
   41      767     821    5309 
   42      767     821    5309 
   43     6450    5617   11369 
   44     5644    6488   11328 
   45     6483    5543   11359 
   46     5570    6522   11318 
   47     6450    5617   11369 
   48     5644    6488   11328 
   49     6483    5543   11359 
   50     5570    6522   11318 
   51     6450    5617   11369 
   52     5644    6488   11328 
   53     6483    5543   11359 
   54     5570    6522   11318 
   55     3392   27459    2181 
   56    25968    3369    2181 
   57     3401   25789    2189 
   58    24470    3377    2189 
   59     3392   27459    2181 
   60    25968    3369    2181 
   61     3401   25789    2189 
   62    24470    3377    2189 
   63     3392   27459    2181 
   64    25968    3369    2181 
   65     3401   25790    2189 
   66    24469    3377    2189 
   67      456     904     491 
   68      896     453     490 
   69      520     707    1115 
   70      706     519    1112 
   71     3608     982     403 
   72      995    3440     403 
   73     3612     974     402 
   74      988    3442     402 
   75    28703    1418     784 
   76     1432   36092     784 
   77    28435    1403     782 
   78     1417   35790     781 
   79    69560    1447     769 
   80     1461   47634     769 
   81     1132     707     236 
   82      719    1104     236 
   83     9949    1653     769 
   84     1672    9333     769 
   85     5439    2059    1797 
   86     2071    5523    1798 
   87     2863    2809     769 
   88     2865    2811     769 
   89      879     862     236 
   90      879     862     236 
   91     2863    2809     769 
   92     2865    2811     769 
   93     6693    6567    1798 
   94     6706    6580    1799 
   95      443     348     846 
   96    99999    1661     847 
   97     1677   70258     847 
   98      349     444     848 
   99      291     316    1437 
  100      302     301    1778 
  101     2078    1326    2154 
  102     1595    1637    9496 
  103     1331    2089    2158 
  104     1636    1592    9414 
  105      316     291    1434 
  106      301     302    1785 
  107     1986    1855    1346 
  108     1872    1967    1346 
  109    36192   99999     875 
  110    99999   43871     875 
  111      783     708     245 
  112      720     769     245 
  113     1138     987     229 
  114     1010    1110     229 
  115     1903    1750     879 
  116     1771    1879     879 
  117     1903    1750     879 
  118     1771    1879     879 
  119     1903    1750     879 
  120     1771    1879     879 
  121     7872    5783     696 
  122     6013    7482     696 
  123     7872    5783     696 
  124     6013    7482     696 
  125     7872    5783     696 
  126     6013    7482     696 

 MAX DEFLECTION:
 ---------------
                      Load  Deflect  Span/Deflect
    Type                Id     (mm)   Calc  Limit
    ----------------  ----  -------  -----  -----
    Live  Vertical            -87.7   256.   150.
    Total Vertical       1   -116.7   193.   150.
    Horizontal Drift   105    -28.5   291.    75.
    Horizontal Total   105    -28.5   291.    75.

    Horizontal Spring Constant= 0.621 kN/mm

 CRANE/FLOOR DEFLECTION:
 -----------------------
                         Height  Load  Deflect    Span/
    Id       Locate        (mm)    Id     (mm)  Deflect   Limit
    -------  ----------  ------  ----  -------  -------  ------
    Crane1   Left  Col     6200    99     21.2     292.    100.
    Crane1   Right Col     6200   105    -21.2     292.    100.


 P-DELTA - Effective Length:
 -----------------------------
  CONVERGENCE CHECK:
                Max
            Deflect
    Column    Ratio
    ------  -------
    Left     0.0295   
    Right    0.0474   

  MAXIMUM DRIFT CHECK:
           Max_Drift(mm)  Second/
    Load  First   Second   First
     Id    Order   Order   Ratio
    ----  ------  ------  -------
    109      0.1     0.2    2.26
 
================================================================================
 C323-153-Final      Frame  2 - Crane Brackets              11/AUG/2025  1:04pm
================================================================================

 CRANE LAYOUT:
 -------------
   Crane        Span  -Offset(mm)-
     Id   Type   Id    Left  Right
   -----  ----  ----  -----  -----
      1    TG     1    1530   1530

 BRACKET DESIGN:
 --------------
   Crane                   Factored_Shear(kN)  Factored_Moment(kN-m)
     Id   Side   Part       Calc  Limit    UC    Calc  Limit    UC
   -----  -----  --------  -----  -----  ----   -----  -----  ----
      1   Left   W35b228   62.77 191.96  0.33   36.90 120.40  0.31
      1   Right  W35b228   62.77 191.96  0.33   36.90 120.40  0.31
 

 STIFFENER DESIGN:
 -----------------
   Crane                     -Stiffener_Size(mm)-  -----Force(kN)----
     Id   Side   Locate      Width  Thick  Length   Calc  Limit    UC
   -----  -----  ----------  -----  -----  ------  -----  -----  ----
      1   Left   Top Flange   70.0   6.00   700.0 -100.8 136.40  0.74
      1   Left   Bot Flange   70.0   6.00   700.0 100.84 265.56  0.38
      1   Left   Crane Beam  140.0   6.00   700.0   0.00 309.99  0.00
      1   Left   Diagonal    (a)     
      1   Left   Bracket     (a)     
      1   Right  Top Flange   70.0   6.00   700.0 -100.8 136.40  0.74
      1   Right  Bot Flange   70.0   6.00   700.0 100.84 265.56  0.38
      1   Right  Crane Beam  140.0   6.00   700.0   0.00 309.99  0.00
      1   Right  Diagonal    (a)     
      1   Right  Bracket     (a)     

                             (a)Not Required
================================================================================
 C323-153-Final      Frame  2 - Rigid Frame Clearances      11/AUG/2025  1:04pm
================================================================================

 VERTICAL CLEARANCE:
 -------------------
   Location                          Span    X_Coord    Y_Coord
   ------------------------       -------   --------   --------
   Left                              7747        945       7747 
   Right                             7747      21525       7747 
   Midspan                           8929      11235       8929 

 HORIZONTAL CLEARANCE:
 ---------------------
   Location                          Span   X_CoordL   X_CoordR
   ------------------------       -------   --------   --------
   Left  - Right                    20586        942      21528 



 CRANE VERTICAL CLEARANCE:
 -------------------------
   Crane  Location          Clear    X_Coord   Y_Coord
   -----  ----------    ---------   --------  --------
      1   Left               1547        945      7747 

 CRANE HORIZONTAL CLEARANCE:
 ----------------------------
   Crane  Location          Clear    X_Coord   Y_Coord
   -----  ----------    ---------   --------  --------
      1   Left                494        936      6200 
      1   Right               494      21534      6200 
================================================================================
 C323-153-Final      Frame  2 - Weight Summary              11/AUG/2025  1:04pm
================================================================================

                      Total Weight (kg)
                        Frame         =     1121
                        Splice Plate  =      167
                        Base   Plate  =       35
                                        --------
                                            1324
 
================================================================================
 C323-153-Final      Frame  2 - Warning Summary             11/AUG/2025  1:04pm
================================================================================

                   .. No Warnings
