*===============================================================================
*C323-153-Final      Sidewall Design Input                  11/AUG/2025  1:04pm
*===============================================================================
 
*( 1)JOBID:
    'C323-153-Final'
 
*( 2)PROGRAM OPTIONS:
*Sidewall  Run    Run    Lap
*   Id     Girt   Panel Stiff
   'F'      'Y'   'Y'    0.50
 
*( 3)DESIGN CODE:
*Design  ---Steel_Code---             ---Build---   Code     Seismic
* Code   Cold       Hot      Country  Code   Year   Label     Zone
  'WS'  'NAUS07  ' 'AISC05'  '    '  'MBMA'  '10'  'MBMA 10 ' 'B  '
 
*( 4)DESIGN CONSTANTS:
*               ---Strength_Factors--
* Stress_Ratio          ---Seismic---
* Girt   Panel    Wind   Frame  Brace
  1.00    1.00  1.0000  1.0000 1.0000
 
*( 5)STEEL YIELDS:
* Web   Flg  C_Sec  W_Sec  R_Sec  P_Sec  T_Sec  U_Sec    EP     BP
  345   345    345    345    235    345    317    235   345    345
 
*( 6)DEFLECTION LIMITS:
* ---Girt---  --Panel---
* Wall Facia  Wall Facia
   90.  120.   90.  120.
 
*( 7)REPORTS:
*   Input  Wall  Door  Wall
*   Echo   Girt  Jamb  Panel
    'Y'    'Y'   'Y'   'Y'
 
*( 8)BUILDING LAYOUT:
*---------Build----------   -----Left_Expand_EW-----   -----Right_Expand_EW----
* Type    Width    Length   Use  Opt  Extend  Offset   Use  Opt  Extend  Offset
 'FF-'  22470.0   36285.0  'Y '  '-'    0.00  440.00  'Y '  '-'    0.00  440.00
 
*( 9)WALL LAYOUT:
* Id  Use     Type Opt     Start   Length
   2 'FRONT '  '-' '-'       0.0  36285.0
 
*(10)SURFACE SHAPE:
* No.    X_Coord  Y_Coord  Offset
   4         0.0   8420.0  200.00
         11235.0   9543.5  150.00
         22470.0   8420.0  150.00
         22470.0      0.0  200.00
 
*(11)SIDEWALL BAY SPACING:
*   No.   ---Bay_Set---
*  Sets     Width  Quan
     6     6200.0    1
           5990.0    1
           6145.0    1
           5700.0    1
           6000.0    1
           6250.0    1
 
*(12)WALL OPENINGS:
*         ----Bay---                            Sill   Base    Set  Panel  JambL/JambR/Header/Sill
*No.  Id  Id  Offset  Type    Width   Height  Height   Elev  Depth   Opt    Type    Part
  0
 
*(13)PARTIAL WALLS:
*                --Bay_Id-  ----Offset----          Jamb Base  Top Full_Load  ------Panel------  Deflect_Limit
*No. Id  Use Opt Start End   Start     End   Height Type Type Type Girt  Col  Part      Opt Rot   Girt   Panel
  1   2  'P' 'O'    1    6     0.0     0.0   2500.0  '-'  '-'  '-'  'N'  'Y' '--------' '-' '-'   90.0    90.0
 
*(14)GIRT DESIGN:
*Girt  --Flange_Strap--    Set     Set     Max
*Type  Out  In    Space  Depth     Lap   Space
 'ZB'  'C'  'Y'  2250.0 200.00     0.0  1500.0
 
*(15)GIRT LOCATION:
* Set
* Loc   No.   Location
  'Y'    5    2580.0   3580.0   4580.0   5780.0   7280.0
 
*(16)SPECIAL GIRT:
*     --Bay_Id--
*No.  Start  End   Height  Type  Rot  Part       Use
  0
 
*(17)PANELS/GUTTERS:
*--Wall_Panel--  -----Gutter-----  ------Insulation-----  Stand
* Part      Rot  Use  Type  Width  Use  Thick  Part       Seam
 '45250 .5' '-'  '-'  'Y'    0.00  'N'   0.00 '--------'  'N'
 
*(18)LINER PANELS:
*      --Bay_Id-                       Flange
*No.   Start End    Height   Part       Opt
  0
 
*(19)FACIA/PARAPET:
*                     -Bay_Id--    Horz -Vertical_Size-   --Edge_Extend-           Beam
* No.   Id  Type Opt  Start End   Width    Elev  Height     Left   Right  Mount     Lap
   0
 
*(20)FACIA/PARAPET GIRTS:
*Ext ---Top--  Interior  -Gutter-    Set
*Id  Type Rot  Type Rot  Type Rot  Depth
 
*(21)FACIA/PARAPET PANELS:
*Ext  Front      -----Back----    Angle
*Id   Part       Part      Rot  Spacing
 
*(22)LOAD GROUPS:
*    Group
*No.   Id   Description
   1  '-'  'Standard            '
 
*(23)BASIC LOADS:
*              ---Deflection---    Wind
*Group Basic      Load_Ratio       Load  -------Seismic-------
*  Id   Wind   Snow  Wind  Seis  Factor   Dead   Coeff  Factor
  '-' 0.5542   1.00  1.00  1.00    1.00 0.0957  0.0000    1.00
 
*(24)EDGE ZONE:
*                                    ---Ratio---
*Group -Left_Zone--   -Right_Zone-   Girt/
*  Id  Width   Base   Width   Base   Jamb  Panel
  '-'   2247      0    2247      0   1.07   1.00
 
*(25)WIND PRESSURE/SUCTION:
*Group   Wind    Wind
*  Id   Press    Suct
  '-'  0.4844 -0.5342    .. Girt/Header
  '-'  0.5986 -0.6485    .. Panel
  '-'  0.4844 -0.5342    .. Jamb
  '-'  0.0000  0.0000    .. Parapet Girt
 
*(26)GIRT LAPS:
*      Data  ------Set_1-------  ------Set_2-------  ------Set_3-------
* Opt  Sets  Left    Right Quan  Left    Right Quan  Left    Right Quan
  '-'   0
 
*(27)GIRT STRAPS:
*     Data  ---Set_1---  ---Set_2---  ---Set_3---  ---Set_4---
*Opt  Sets  Strap  Quan  Strap  Quan  Strap  Quan  Strap  Quan
 '-'   0
 
*(28)EXPANSION JOINTS:
* No.  Expansion_Location
   0
 
*(29)BEAMS:
*     Bay
*No.   Id Use    Height   Offset  Locate1  Locate2
  0
 
*(30)DESIGN CODE OPTIONS:
*No.   Event                         Condition
  0
 
*(31)PANEL SCREWS:
* No.                                    Washer
*Zone Zone   Part          Dia    Limit     Dia  -------Spacing------
   2 'INT ' '14x20SDS'    4.80   13.700   19.00  250.00 125.00  83.33
     'EDGE' '14x20SDS'    4.80   13.700   19.00  250.00 125.00  83.33
 
*(32)GIRT LAYOUT:
*      Bay                                    -----Extend----   Frame_Opt  -Frame_Id-
*  No.  Id   Locate  Type  Rot Opt  Part         Left   Right  Left Right  Left Right
    0
 
* Code files used:
*   MBMA.10N
*   EW_MBMA.10N Version 4.0


================================================================================
 C323-153-Final      Wall 2 - Design Code                   11/AUG/2025  1:04pm
================================================================================

 STRUCTURAL CODE:
 ----------------
   Design Basis      : WS - Working Stress
   Hot  Rolled Steel : AISC05
   Cold Formed Steel : NAUS07  

 BUILDING CODE:
 --------------
   Wind Code         : MBMA 10
   Seismic Zone      : B  

 MODULUS OF ELASTICITY:
 ----------------------
   Hot  Rolled Steel : 199955 (MN/m2)
   Cold Formed Steel : 203403 (MN/m2)
 

================================================================================
 C323-153-Final      Wall 2 - Bypass Girt Layout            11/AUG/2025  1:04pm
================================================================================

 GIRT LAYOUT:
 ------------
         Des Bay             Bay_Offset Design ---Extend--         ----Max_Load---
  Locate  Id  Id Part       Start   End Length  Left Right Weight  Id   UC Report  Rot
  ------ --- --- --------   ----- ----- ------ ----- ----- ------  -- ---- ------- ---
    2580   1   1 200Z15       440  6200   5760     0   330   24.7  WS 0.16 Moment   D
               2 200Z15         0  5990   5990   330   330   27.0  WS 0.17 Moment   D
               3 200Z15         0  6145   6145   330   330   27.6  WS 0.13 Moment   D
               4 200Z15         0  5700   5700   330   330   25.8  WS 0.14 Moment   D
               5 200Z15         0  6000   6000   330   330   27.0  WS 0.18 Moment   D
               6 200Z15         0  5810   5810   330     0   24.9  WS 0.17 Moment   D
  ------ --- --- --------   ----- ----- ------ ----- ----- ------  -- ---- ------- ---
    3580   2   1 200Z15       440  6200   5760     0   330   24.7  WS 0.30 Moment   D
               2 200Z15         0  5990   5990   330   330   27.0  WS 0.31 Moment   D
               3 200Z15         0  6145   6145   330   330   27.6  WS 0.25 Moment   D
               4 200Z15         0  5700   5700   330   330   25.8  WS 0.25 Moment   D
               5 200Z15         0  6000   6000   330   330   27.0  WS 0.33 Moment   D
               6 200Z15         0  5810   5810   330     0   24.9  WS 0.31 Moment   D
  ------ --- --- --------   ----- ----- ------ ----- ----- ------  -- ---- ------- ---
    4580   3   1 200Z15       440  6200   5760     0   330   24.7  WS 0.34 Moment   D
               2 200Z15         0  5990   5990   330   330   27.0  WS 0.35 Moment   D
               3 200Z15         0  6145   6145   330   330   27.6  WS 0.27 Moment   D
               4 200Z15         0  5700   5700   330   330   25.8  WS 0.28 Moment   D
               5 200Z15         0  6000   6000   330   330   27.0  WS 0.36 Moment   D
               6 200Z15         0  5810   5810   330     0   24.9  WS 0.34 Moment   D
  ------ --- --- --------   ----- ----- ------ ----- ----- ------  -- ---- ------- ---
    5780   4   1 200Z15       440  6200   5760     0   330   24.7  WS 0.41 Moment   D
               2 200Z15         0  5990   5990   330   330   27.0  WS 0.42 Moment   D
               3 200Z15         0  6145   6145   330   330   27.6  WS 0.33 Moment   D
               4 200Z15         0  5700   5700   330   330   25.8  WS 0.34 Moment   D
               5 200Z15         0  6000   6000   330   330   27.0  WS 0.44 Moment   D
               6 200Z15         0  5810   5810   330     0   24.9  WS 0.42 Moment   D
  ------ --- --- --------   ----- ----- ------ ----- ----- ------  -- ---- ------- ---
    7280   5   1 200Z15       440  6200   5760     0   330   24.7  WS 0.38 Moment   D
               2 200Z15         0  5990   5990   330   330   27.0  WS 0.39 Moment   D
               3 200Z15         0  6145   6145   330   330   27.6  WS 0.31 Moment   D
               4 200Z15         0  5700   5700   330   330   25.8  WS 0.31 Moment   D
               5 200Z15         0  6000   6000   330   330   27.0  WS 0.41 Moment   D
               6 200Z15         0  5810   5810   330     0   24.9  WS 0.39 Moment   D
 
                                      WS - Wind_Suction                  
 

 GIRT INSIDE FLANGE BRACE:
 -------------------------
  No._Brace/Bay
    1   2   3   4   5   6
  --- --- --- --- --- ---
    2   2   2   2   2   2

================================================================================
 C323-153-Final      Wall 2 - Girt Design  1 (Locate  2580) 11/AUG/2025  1:04pm
================================================================================

 GIRT LAYOUT:
 ------------
                                                                      Available
                                                                      Reduction
  Bay                      Design  --Lap(mm)--   Load   No.             Factor
   Id  Part        Locate  Length  Left  Right  Width  Brace  Weight   Out   In
  ---  --------   -------  ------  ----  -----  -----  -----  ------  ---- ----
    1  200Z15      2580.0    5760          330    540    2      24.7  0.00 0.70
    2  200Z15      2580.0    5990   330    330    540    2      27.0  0.00 0.70
    3  200Z15      2580.0    6145   330    330    540    2      27.6  0.00 0.70
    4  200Z15      2580.0    5700   330    330    540    2      25.8  0.00 0.70
    5  200Z15      2580.0    6000   330    330    540    2      27.0  0.00 0.70
    6  200Z15      2580.0    5810   330           540    2      24.9  0.00 0.70
                                                              ------
                                                               157.1


 LOAD ID - Wind_Pressure:
 ----------------------------

 GIRT ACTIONS:
       ---------Shear(kN)--------   --------------Moment(kN-m)--------------
  Bay   Left   Left  Right  Right    Left   Left     Mid-Span   Right  Right
   Id    Sup    Lap    Lap    Sup     Sup    Lap    Mom    Loc    Lap    Sup
  ---  -----  -----  -----  -----   -----  -----  -----  -----  -----  -----
    1   0.59         -0.83  -0.92    0.00         -0.67   2261   0.65   0.93
    2   0.81   0.72  -0.67  -0.76    0.93   0.68  -0.32   3095   0.54   0.78
    3   0.80   0.72  -0.72  -0.81    0.78   0.53  -0.45   3065   0.54   0.79
    4   0.76   0.68  -0.64  -0.73    0.79   0.55  -0.33   2921   0.46   0.68
    5   0.74   0.65  -0.75  -0.83    0.68   0.45  -0.36   2817   0.71   0.97
    6   0.93   0.84         -0.59    0.97   0.68  -0.67   3542          0.00

 STRENGTH/DEFLECTION:
  Bay  -------Shear(kN)------  -----Moment(kN-m)-----  -Mom+Shr-  Deflect(mm)
   Id  Loc    Calc Limit   UC  Loc    Calc Limit   UC  Loc    UC   Calc Limit
  ---  ---- ------ ----- ----  ---- ------ ----- ----  ---- ----  ----- -----
    1  RLap  -0.83 11.20 0.07  MidS  -0.67  4.46 0.15  RLap 0.12   -3.0  64.0
    2  LLap   0.72 11.20 0.06  LLap   0.68  4.81 0.14  LLap 0.13   -0.9  66.6
    3  RLap  -0.72 11.20 0.06  RLap   0.54  4.89 0.11  RLap 0.10   -1.9  68.3
    4  LLap   0.68 11.20 0.06  LLap   0.55  4.86 0.11  LLap 0.11   -1.0  63.3
    5  RLap  -0.75 11.20 0.07  RLap   0.71  4.81 0.15  RLap 0.13   -1.2  66.7
    6  LLap   0.84 11.20 0.08  MidS  -0.67  4.46 0.15  LLap 0.13   -3.0  64.6


 LAP BOLT SHEAR/BEARING:

  Bolt Size =12.00 (Gr8.8)

   Bay  Member    --Member_Left_End(kN)-  -Member_Right_End(kN)-
    Id  Part       Calc Shear  Bear   UC   Calc Shear  Bear   UC
  ----  --------  ----- ----- ----- ----  ----- ----- ----- ----
    1   200Z15                             0.71 15.37  7.27 0.10
    2   200Z15     0.71 15.37  7.27 0.10   0.59 15.37  7.27 0.08
    3   200Z15     0.59 15.37  7.27 0.08   0.60 15.37  7.27 0.08
    4   200Z15     0.60 15.37  7.27 0.08   0.52 15.37  7.27 0.07
    5   200Z15     0.52 15.37  7.27 0.07   0.73 15.37  7.27 0.10
    6   200Z15     0.73 15.37  7.27 0.10



 LOAD ID - Wind_Suction:
 ----------------------------

 GIRT ACTIONS:
       ---------Shear(kN)--------   --------------Moment(kN-m)--------------
  Bay   Left   Left  Right  Right    Left   Left     Mid-Span   Right  Right
   Id    Sup    Lap    Lap    Sup     Sup    Lap    Mom    Loc    Lap    Sup
  ---  -----  -----  -----  -----   -----  -----  -----  -----  -----  -----
    1  -0.68          0.92   1.02    0.00          0.75   2312  -0.72  -1.04
    2  -0.90  -0.80   0.74   0.83   -1.04  -0.76   0.35   3102  -0.59  -0.85
    3  -0.88  -0.79   0.79   0.89   -0.85  -0.58   0.50   3063  -0.59  -0.87
    4  -0.84  -0.75   0.71   0.80   -0.87  -0.61   0.36   2923  -0.50  -0.75
    5  -0.81  -0.72   0.83   0.92   -0.75  -0.50   0.39   2811  -0.79  -1.08
    6  -1.03  -0.93          0.68   -1.08  -0.75   0.76   3491          0.00

 STRENGTH/DEFLECTION:
  Bay  -------Shear(kN)------  -----Moment(kN-m)-----  -Mom+Shr-  Deflect(mm)
   Id  Loc    Calc Limit   UC  Loc    Calc Limit   UC  Loc    UC   Calc Limit
  ---  ---- ------ ----- ----  ---- ------ ----- ----  ---- ----  ----- -----
    1  RLap   0.92 11.20 0.08  MidS   0.75  4.58 0.16  RLap 0.14    3.4  64.0
    2  LLap  -0.80 11.20 0.07  LLap  -0.76  4.46 0.17  LLap 0.14    1.0  66.6
    3  RLap   0.79 11.20 0.07  RLap  -0.59  4.46 0.13  RLap 0.12    2.1  68.3
    4  LLap  -0.75 11.20 0.07  LLap  -0.61  4.46 0.14  LLap 0.12    1.1  63.3
    5  RLap   0.83 11.20 0.07  RLap  -0.79  4.46 0.18  RLap 0.15    1.2  66.7
    6  LLap  -0.93 11.20 0.08  LLap  -0.75  4.46 0.17  LLap 0.14    3.4  64.6


 LAP BOLT SHEAR/BEARING:

  Bolt Size =12.00 (Gr8.8)

   Bay  Member    --Member_Left_End(kN)-  -Member_Right_End(kN)-
    Id  Part       Calc Shear  Bear   UC   Calc Shear  Bear   UC
  ----  --------  ----- ----- ----- ----  ----- ----- ----- ----
    1   200Z15                             0.79 15.37  7.27 0.11
    2   200Z15     0.79 15.37  7.27 0.11   0.65 15.37  7.27 0.09
    3   200Z15     0.65 15.37  7.27 0.09   0.66 15.37  7.27 0.09
    4   200Z15     0.66 15.37  7.27 0.09   0.57 15.37  7.27 0.08
    5   200Z15     0.57 15.37  7.27 0.08   0.82 15.37  7.27 0.11
    6   200Z15     0.82 15.37  7.27 0.11


================================================================================
 C323-153-Final      Wall 2 - Girt Design  2 (Locate  3580) 11/AUG/2025  1:04pm
================================================================================

 GIRT LAYOUT:
 ------------
                                                                      Available
                                                                      Reduction
  Bay                      Design  --Lap(mm)--   Load   No.             Factor
   Id  Part        Locate  Length  Left  Right  Width  Brace  Weight   Out   In
  ---  --------   -------  ------  ----  -----  -----  -----  ------  ---- ----
    1  200Z15      3580.0    5760          330   1000    2      24.7  0.00 0.70
    2  200Z15      3580.0    5990   330    330   1000    2      27.0  0.00 0.70
    3  200Z15      3580.0    6145   330    330   1000    2      27.6  0.00 0.70
    4  200Z15      3580.0    5700   330    330   1000    2      25.8  0.00 0.70
    5  200Z15      3580.0    6000   330    330   1000    2      27.0  0.00 0.70
    6  200Z15      3580.0    5810   330          1000    2      24.9  0.00 0.70
                                                              ------
                                                               157.1


 LOAD ID - Wind_Pressure:
 ----------------------------

 GIRT ACTIONS:
       ---------Shear(kN)--------   --------------Moment(kN-m)--------------
  Bay   Left   Left  Right  Right    Left   Left     Mid-Span   Right  Right
   Id    Sup    Lap    Lap    Sup     Sup    Lap    Mom    Loc    Lap    Sup
  ---  -----  -----  -----  -----   -----  -----  -----  -----  -----  -----
    1   1.10         -1.54  -1.70    0.00         -1.24   2261   1.19   1.73
    2   1.50   1.34  -1.24  -1.40    1.73   1.26  -0.59   3095   1.00   1.44
    3   1.49   1.33  -1.33  -1.49    1.44   0.97  -0.84   3065   0.99   1.46
    4   1.42   1.26  -1.19  -1.35    1.46   1.02  -0.61   2921   0.84   1.26
    5   1.37   1.21  -1.38  -1.54    1.26   0.84  -0.66   2817   1.31   1.79
    6   1.72   1.56         -1.10    1.79   1.25  -1.25   3542          0.00

 STRENGTH/DEFLECTION:
  Bay  -------Shear(kN)------  -----Moment(kN-m)-----  -Mom+Shr-  Deflect(mm)
   Id  Loc    Calc Limit   UC  Loc    Calc Limit   UC  Loc    UC   Calc Limit
  ---  ---- ------ ----- ----  ---- ------ ----- ----  ---- ----  ----- -----
    1  RLap  -1.54 11.20 0.14  MidS  -1.24  4.46 0.28  RLap 0.23   -5.5  64.0
    2  LLap   1.34 11.20 0.12  LLap   1.26  4.81 0.26  LLap 0.24   -1.7  66.6
    3  RLap  -1.33 11.20 0.12  RLap   0.99  4.89 0.20  RLap 0.19   -3.5  68.3
    4  LLap   1.26 11.20 0.11  LLap   1.02  4.86 0.21  LLap 0.20   -1.9  63.3
    5  RLap  -1.38 11.20 0.12  RLap   1.31  4.81 0.27  RLap 0.25   -2.1  66.7
    6  LLap   1.56 11.20 0.14  MidS  -1.25  4.46 0.28  LLap 0.24   -5.6  64.6


 LAP BOLT SHEAR/BEARING:

  Bolt Size =12.00 (Gr8.8)

   Bay  Member    --Member_Left_End(kN)-  -Member_Right_End(kN)-
    Id  Part       Calc Shear  Bear   UC   Calc Shear  Bear   UC
  ----  --------  ----- ----- ----- ----  ----- ----- ----- ----
    1   200Z15                             1.31 15.37  7.27 0.18
    2   200Z15     1.31 15.37  7.27 0.18   1.09 15.37  7.27 0.15
    3   200Z15     1.09 15.37  7.27 0.15   1.10 15.37  7.27 0.15
    4   200Z15     1.10 15.37  7.27 0.15   0.96 15.37  7.27 0.13
    5   200Z15     0.96 15.37  7.27 0.13   1.36 15.37  7.27 0.19
    6   200Z15     1.36 15.37  7.27 0.19



 LOAD ID - Wind_Suction:
 ----------------------------

 GIRT ACTIONS:
       ---------Shear(kN)--------   --------------Moment(kN-m)--------------
  Bay   Left   Left  Right  Right    Left   Left     Mid-Span   Right  Right
   Id    Sup    Lap    Lap    Sup     Sup    Lap    Mom    Loc    Lap    Sup
  ---  -----  -----  -----  -----   -----  -----  -----  -----  -----  -----
    1  -1.26          1.71   1.88    0.00          1.40   2312  -1.33  -1.92
    2  -1.66  -1.48   1.37   1.54   -1.92  -1.40   0.65   3102  -1.10  -1.58
    3  -1.64  -1.46   1.47   1.65   -1.58  -1.07   0.93   3063  -1.10  -1.61
    4  -1.56  -1.39   1.31   1.49   -1.61  -1.12   0.67   2923  -0.93  -1.39
    5  -1.50  -1.33   1.53   1.71   -1.39  -0.92   0.72   2811  -1.46  -1.99
    6  -1.91  -1.73          1.27   -1.99  -1.39   1.41   3491          0.00

 STRENGTH/DEFLECTION:
  Bay  -------Shear(kN)------  -----Moment(kN-m)-----  -Mom+Shr-  Deflect(mm)
   Id  Loc    Calc Limit   UC  Loc    Calc Limit   UC  Loc    UC   Calc Limit
  ---  ---- ------ ----- ----  ---- ------ ----- ----  ---- ----  ----- -----
    1  RLap   1.71 11.20 0.15  MidS   1.40  4.58 0.30  RLap 0.26    6.2  64.0
    2  LLap  -1.48 11.20 0.13  LLap  -1.40  4.46 0.31  LLap 0.26    1.8  66.6
    3  RLap   1.47 11.20 0.13  RLap  -1.10  4.46 0.25  RLap 0.21    3.9  68.3
    4  LLap  -1.39 11.20 0.12  LLap  -1.12  4.46 0.25  LLap 0.22    2.1  63.3
    5  RLap   1.53 11.20 0.14  RLap  -1.46  4.46 0.33  RLap 0.27    2.3  66.7
    6  LLap  -1.73 11.20 0.15  LLap  -1.39  4.46 0.31  LLap 0.27    6.3  64.6


 LAP BOLT SHEAR/BEARING:

  Bolt Size =12.00 (Gr8.8)

   Bay  Member    --Member_Left_End(kN)-  -Member_Right_End(kN)-
    Id  Part       Calc Shear  Bear   UC   Calc Shear  Bear   UC
  ----  --------  ----- ----- ----- ----  ----- ----- ----- ----
    1   200Z15                             1.46 15.37  7.27 0.20
    2   200Z15     1.46 15.37  7.27 0.20   1.20 15.37  7.27 0.16
    3   200Z15     1.20 15.37  7.27 0.16   1.22 15.37  7.27 0.17
    4   200Z15     1.22 15.37  7.27 0.17   1.05 15.37  7.27 0.14
    5   200Z15     1.05 15.37  7.27 0.14   1.51 15.37  7.27 0.21
    6   200Z15     1.51 15.37  7.27 0.21


================================================================================
 C323-153-Final      Wall 2 - Girt Design  3 (Locate  4580) 11/AUG/2025  1:04pm
================================================================================

 GIRT LAYOUT:
 ------------
                                                                      Available
                                                                      Reduction
  Bay                      Design  --Lap(mm)--   Load   No.             Factor
   Id  Part        Locate  Length  Left  Right  Width  Brace  Weight   Out   In
  ---  --------   -------  ------  ----  -----  -----  -----  ------  ---- ----
    1  200Z15      4580.0    5760          330   1100    2      24.7  0.00 0.70
    2  200Z15      4580.0    5990   330    330   1100    2      27.0  0.00 0.70
    3  200Z15      4580.0    6145   330    330   1100    2      27.6  0.00 0.70
    4  200Z15      4580.0    5700   330    330   1100    2      25.8  0.00 0.70
    5  200Z15      4580.0    6000   330    330   1100    2      27.0  0.00 0.70
    6  200Z15      4580.0    5810   330          1100    2      24.9  0.00 0.70
                                                              ------
                                                               157.1


 LOAD ID - Wind_Pressure:
 ----------------------------

 GIRT ACTIONS:
       ---------Shear(kN)--------   --------------Moment(kN-m)--------------
  Bay   Left   Left  Right  Right    Left   Left     Mid-Span   Right  Right
   Id    Sup    Lap    Lap    Sup     Sup    Lap    Mom    Loc    Lap    Sup
  ---  -----  -----  -----  -----   -----  -----  -----  -----  -----  -----
    1   1.21         -1.69  -1.87    0.00         -1.36   2261   1.31   1.90
    2   1.65   1.48  -1.37  -1.54    1.90   1.39  -0.65   3095   1.10   1.58
    3   1.64   1.46  -1.47  -1.64    1.58   1.07  -0.93   3065   1.09   1.60
    4   1.56   1.38  -1.31  -1.48    1.60   1.12  -0.67   2921   0.93   1.39
    5   1.50   1.33  -1.52  -1.70    1.39   0.92  -0.73   2817   1.44   1.97
    6   1.89   1.71         -1.21    1.97   1.38  -1.37   3542          0.00

 STRENGTH/DEFLECTION:
  Bay  -------Shear(kN)------  -----Moment(kN-m)-----  -Mom+Shr-  Deflect(mm)
   Id  Loc    Calc Limit   UC  Loc    Calc Limit   UC  Loc    UC   Calc Limit
  ---  ---- ------ ----- ----  ---- ------ ----- ----  ---- ----  ----- -----
    1  RLap  -1.69 11.20 0.15  MidS  -1.36  4.46 0.31  RLap 0.25   -6.0  64.0
    2  LLap   1.48 11.20 0.13  LLap   1.39  4.81 0.29  LLap 0.26   -1.9  66.6
    3  RLap  -1.47 11.20 0.13  RLap   1.09  4.89 0.22  RLap 0.21   -3.9  68.3
    4  LLap   1.38 11.20 0.12  LLap   1.12  4.86 0.23  LLap 0.22   -2.0  63.3
    5  RLap  -1.52 11.20 0.14  RLap   1.44  4.81 0.30  RLap 0.27   -2.3  66.7
    6  LLap   1.71 11.20 0.15  MidS  -1.37  4.46 0.31  LLap 0.27   -6.1  64.6


 LAP BOLT SHEAR/BEARING:

  Bolt Size =12.00 (Gr8.8)

   Bay  Member    --Member_Left_End(kN)-  -Member_Right_End(kN)-
    Id  Part       Calc Shear  Bear   UC   Calc Shear  Bear   UC
  ----  --------  ----- ----- ----- ----  ----- ----- ----- ----
    1   200Z15                             1.44 15.37  7.27 0.20
    2   200Z15     1.44 15.37  7.27 0.20   1.20 15.37  7.27 0.16
    3   200Z15     1.20 15.37  7.27 0.16   1.22 15.37  7.27 0.17
    4   200Z15     1.22 15.37  7.27 0.17   1.05 15.37  7.27 0.14
    5   200Z15     1.05 15.37  7.27 0.14   1.50 15.37  7.27 0.21
    6   200Z15     1.50 15.37  7.27 0.21



 LOAD ID - Wind_Suction:
 ----------------------------

 GIRT ACTIONS:
       ---------Shear(kN)--------   --------------Moment(kN-m)--------------
  Bay   Left   Left  Right  Right    Left   Left     Mid-Span   Right  Right
   Id    Sup    Lap    Lap    Sup     Sup    Lap    Mom    Loc    Lap    Sup
  ---  -----  -----  -----  -----   -----  -----  -----  -----  -----  -----
    1  -1.39          1.88   2.07    0.00          1.54   2312  -1.46  -2.11
    2  -1.82  -1.63   1.51   1.70   -2.11  -1.54   0.72   3102  -1.21  -1.74
    3  -1.80  -1.61   1.62   1.81   -1.74  -1.18   1.02   3063  -1.21  -1.77
    4  -1.72  -1.53   1.44   1.63   -1.77  -1.24   0.74   2923  -1.02  -1.53
    5  -1.65  -1.46   1.68   1.88   -1.53  -1.01   0.80   2811  -1.61  -2.19
    6  -2.10  -1.90          1.39   -2.19  -1.53   1.55   3491          0.00

 STRENGTH/DEFLECTION:
  Bay  -------Shear(kN)------  -----Moment(kN-m)-----  -Mom+Shr-  Deflect(mm)
   Id  Loc    Calc Limit   UC  Loc    Calc Limit   UC  Loc    UC   Calc Limit
  ---  ---- ------ ----- ----  ---- ------ ----- ----  ---- ----  ----- -----
    1  RLap   1.88 11.20 0.17  MidS   1.54  4.58 0.34  RLap 0.28    6.8  64.0
    2  LLap  -1.63 11.20 0.15  LLap  -1.54  4.46 0.35  LLap 0.29    2.0  66.6
    3  RLap   1.62 11.20 0.14  RLap  -1.21  4.46 0.27  RLap 0.24    4.3  68.3
    4  LLap  -1.53 11.20 0.14  LLap  -1.24  4.46 0.28  LLap 0.24    2.3  63.3
    5  RLap   1.68 11.20 0.15  RLap  -1.61  4.46 0.36  RLap 0.30    2.5  66.7
    6  LLap  -1.90 11.20 0.17  LLap  -1.53  4.46 0.34  LLap 0.30    6.9  64.6


 LAP BOLT SHEAR/BEARING:

  Bolt Size =12.00 (Gr8.8)

   Bay  Member    --Member_Left_End(kN)-  -Member_Right_End(kN)-
    Id  Part       Calc Shear  Bear   UC   Calc Shear  Bear   UC
  ----  --------  ----- ----- ----- ----  ----- ----- ----- ----
    1   200Z15                             1.60 15.37  7.27 0.22
    2   200Z15     1.60 15.37  7.27 0.22   1.32 15.37  7.27 0.18
    3   200Z15     1.32 15.37  7.27 0.18   1.34 15.37  7.27 0.18
    4   200Z15     1.34 15.37  7.27 0.18   1.16 15.37  7.27 0.16
    5   200Z15     1.16 15.37  7.27 0.16   1.66 15.37  7.27 0.23
    6   200Z15     1.66 15.37  7.27 0.23


================================================================================
 C323-153-Final      Wall 2 - Girt Design  4 (Locate  5780) 11/AUG/2025  1:04pm
================================================================================

 GIRT LAYOUT:
 ------------
                                                                      Available
                                                                      Reduction
  Bay                      Design  --Lap(mm)--   Load   No.             Factor
   Id  Part        Locate  Length  Left  Right  Width  Brace  Weight   Out   In
  ---  --------   -------  ------  ----  -----  -----  -----  ------  ---- ----
    1  200Z15      5780.0    5760          330   1350    2      24.7  0.00 0.70
    2  200Z15      5780.0    5990   330    330   1350    2      27.0  0.00 0.70
    3  200Z15      5780.0    6145   330    330   1350    2      27.6  0.00 0.70
    4  200Z15      5780.0    5700   330    330   1350    2      25.8  0.00 0.70
    5  200Z15      5780.0    6000   330    330   1350    2      27.0  0.00 0.70
    6  200Z15      5780.0    5810   330          1350    2      24.9  0.00 0.70
                                                              ------
                                                               157.1


 LOAD ID - Wind_Pressure:
 ----------------------------

 GIRT ACTIONS:
       ---------Shear(kN)--------   --------------Moment(kN-m)--------------
  Bay   Left   Left  Right  Right    Left   Left     Mid-Span   Right  Right
   Id    Sup    Lap    Lap    Sup     Sup    Lap    Mom    Loc    Lap    Sup
  ---  -----  -----  -----  -----   -----  -----  -----  -----  -----  -----
    1   1.48         -2.07  -2.29    0.00         -1.67   2261   1.61   2.33
    2   2.03   1.81  -1.68  -1.89    2.33   1.70  -0.80   3095   1.35   1.94
    3   2.01   1.79  -1.80  -2.02    1.94   1.31  -1.14   3065   1.34   1.97
    4   1.91   1.70  -1.60  -1.82    1.97   1.37  -0.82   2921   1.14   1.70
    5   1.84   1.63  -1.87  -2.08    1.70   1.13  -0.89   2817   1.77   2.42
    6   2.32   2.10         -1.48    2.42   1.69  -1.68   3542          0.00

 STRENGTH/DEFLECTION:
  Bay  -------Shear(kN)------  -----Moment(kN-m)-----  -Mom+Shr-  Deflect(mm)
   Id  Loc    Calc Limit   UC  Loc    Calc Limit   UC  Loc    UC   Calc Limit
  ---  ---- ------ ----- ----  ---- ------ ----- ----  ---- ----  ----- -----
    1  RLap  -2.07 11.20 0.19  MidS  -1.67  4.46 0.38  RLap 0.31   -7.4  64.0
    2  LLap   1.81 11.20 0.16  LLap   1.70  4.81 0.35  LLap 0.32   -2.3  66.6
    3  RLap  -1.80 11.20 0.16  RLap   1.34  4.89 0.27  RLap 0.26   -4.8  68.3
    4  LLap   1.70 11.20 0.15  LLap   1.37  4.86 0.28  LLap 0.26   -2.5  63.3
    5  RLap  -1.87 11.20 0.17  RLap   1.77  4.81 0.37  RLap 0.33   -2.9  66.7
    6  LLap   2.10 11.20 0.19  MidS  -1.68  4.46 0.38  LLap 0.33   -7.5  64.6


 LAP BOLT SHEAR/BEARING:

  Bolt Size =12.00 (Gr8.8)

   Bay  Member    --Member_Left_End(kN)-  -Member_Right_End(kN)-
    Id  Part       Calc Shear  Bear   UC   Calc Shear  Bear   UC
  ----  --------  ----- ----- ----- ----  ----- ----- ----- ----
    1   200Z15                             1.77 15.37  7.27 0.24
    2   200Z15     1.77 15.37  7.27 0.24   1.47 15.37  7.27 0.20
    3   200Z15     1.47 15.37  7.27 0.20   1.49 15.37  7.27 0.21
    4   200Z15     1.49 15.37  7.27 0.21   1.29 15.37  7.27 0.18
    5   200Z15     1.29 15.37  7.27 0.18   1.84 15.37  7.27 0.25
    6   200Z15     1.84 15.37  7.27 0.25



 LOAD ID - Wind_Suction:
 ----------------------------

 GIRT ACTIONS:
       ---------Shear(kN)--------   --------------Moment(kN-m)--------------
  Bay   Left   Left  Right  Right    Left   Left     Mid-Span   Right  Right
   Id    Sup    Lap    Lap    Sup     Sup    Lap    Mom    Loc    Lap    Sup
  ---  -----  -----  -----  -----   -----  -----  -----  -----  -----  -----
    1  -1.71          2.31   2.54    0.00          1.89   2312  -1.79  -2.59
    2  -2.24  -2.00   1.85   2.09   -2.59  -1.89   0.88   3102  -1.48  -2.13
    3  -2.21  -1.97   1.99   2.22   -2.13  -1.44   1.25   3063  -1.48  -2.17
    4  -2.11  -1.87   1.77   2.00   -2.17  -1.52   0.91   2923  -1.25  -1.87
    5  -2.03  -1.79   2.06   2.30   -1.87  -1.24   0.98   2811  -1.97  -2.69
    6  -2.57  -2.34          1.71   -2.69  -1.88   1.90   3491          0.00

 STRENGTH/DEFLECTION:
  Bay  -------Shear(kN)------  -----Moment(kN-m)-----  -Mom+Shr-  Deflect(mm)
   Id  Loc    Calc Limit   UC  Loc    Calc Limit   UC  Loc    UC   Calc Limit
  ---  ---- ------ ----- ----  ---- ------ ----- ----  ---- ----  ----- -----
    1  RLap   2.31 11.20 0.21  MidS   1.89  4.58 0.41  RLap 0.35    8.4  64.0
    2  LLap  -2.00 11.20 0.18  LLap  -1.89  4.46 0.42  LLap 0.36    2.5  66.6
    3  RLap   1.99 11.20 0.18  RLap  -1.48  4.46 0.33  RLap 0.29    5.3  68.3
    4  LLap  -1.87 11.20 0.17  LLap  -1.52  4.46 0.34  LLap 0.29    2.8  63.3
    5  RLap   2.06 11.20 0.18  RLap  -1.97  4.46 0.44  RLap 0.37    3.1  66.7
    6  LLap  -2.34 11.20 0.21  LLap  -1.88  4.46 0.42  LLap 0.36    8.5  64.6


 LAP BOLT SHEAR/BEARING:

  Bolt Size =12.00 (Gr8.8)

   Bay  Member    --Member_Left_End(kN)-  -Member_Right_End(kN)-
    Id  Part       Calc Shear  Bear   UC   Calc Shear  Bear   UC
  ----  --------  ----- ----- ----- ----  ----- ----- ----- ----
    1   200Z15                             1.97 15.37  7.27 0.27
    2   200Z15     1.97 15.37  7.27 0.27   1.62 15.37  7.27 0.22
    3   200Z15     1.62 15.37  7.27 0.22   1.65 15.37  7.27 0.23
    4   200Z15     1.65 15.37  7.27 0.23   1.42 15.37  7.27 0.20
    5   200Z15     1.42 15.37  7.27 0.20   2.04 15.37  7.27 0.28
    6   200Z15     2.04 15.37  7.27 0.28


================================================================================
 C323-153-Final      Wall 2 - Girt Design  5 (Locate  7280) 11/AUG/2025  1:04pm
================================================================================

 GIRT LAYOUT:
 ------------
                                                                      Available
                                                                      Reduction
  Bay                      Design  --Lap(mm)--   Load   No.             Factor
   Id  Part        Locate  Length  Left  Right  Width  Brace  Weight   Out   In
  ---  --------   -------  ------  ----  -----  -----  -----  ------  ---- ----
    1  200Z15      7280.0    5760          330   1245    2      24.7  0.00 0.70
    2  200Z15      7280.0    5990   330    330   1245    2      27.0  0.00 0.70
    3  200Z15      7280.0    6145   330    330   1245    2      27.6  0.00 0.70
    4  200Z15      7280.0    5700   330    330   1245    2      25.8  0.00 0.70
    5  200Z15      7280.0    6000   330    330   1245    2      27.0  0.00 0.70
    6  200Z15      7280.0    5810   330          1245    2      24.9  0.00 0.70
                                                              ------
                                                               157.1


 LOAD ID - Wind_Pressure:
 ----------------------------

 GIRT ACTIONS:
       ---------Shear(kN)--------   --------------Moment(kN-m)--------------
  Bay   Left   Left  Right  Right    Left   Left     Mid-Span   Right  Right
   Id    Sup    Lap    Lap    Sup     Sup    Lap    Mom    Loc    Lap    Sup
  ---  -----  -----  -----  -----   -----  -----  -----  -----  -----  -----
    1   1.36         -1.91  -2.11    0.00         -1.54   2261   1.49   2.15
    2   1.87   1.67  -1.55  -1.75    2.15   1.57  -0.74   3095   1.24   1.79
    3   1.85   1.65  -1.66  -1.86    1.79   1.21  -1.05   3065   1.23   1.81
    4   1.76   1.56  -1.48  -1.68    1.81   1.27  -0.76   2921   1.05   1.57
    5   1.70   1.50  -1.72  -1.92    1.57   1.04  -0.82   2817   1.63   2.23
    6   2.14   1.94         -1.37    2.23   1.56  -1.55   3542          0.00

 STRENGTH/DEFLECTION:
  Bay  -------Shear(kN)------  -----Moment(kN-m)-----  -Mom+Shr-  Deflect(mm)
   Id  Loc    Calc Limit   UC  Loc    Calc Limit   UC  Loc    UC   Calc Limit
  ---  ---- ------ ----- ----  ---- ------ ----- ----  ---- ----  ----- -----
    1  RLap  -1.91 11.20 0.17  MidS  -1.54  4.46 0.35  RLap 0.29   -6.8  64.0
    2  LLap   1.67 11.20 0.15  LLap   1.57  4.81 0.33  LLap 0.30   -2.1  66.6
    3  RLap  -1.66 11.20 0.15  RLap   1.23  4.89 0.25  RLap 0.24   -4.4  68.3
    4  LLap   1.56 11.20 0.14  LLap   1.27  4.86 0.26  LLap 0.24   -2.3  63.3
    5  RLap  -1.72 11.20 0.15  RLap   1.63  4.81 0.34  RLap 0.31   -2.7  66.7
    6  LLap   1.94 11.20 0.17  MidS  -1.55  4.46 0.35  LLap 0.30   -6.9  64.6


 LAP BOLT SHEAR/BEARING:

  Bolt Size =12.00 (Gr8.8)

   Bay  Member    --Member_Left_End(kN)-  -Member_Right_End(kN)-
    Id  Part       Calc Shear  Bear   UC   Calc Shear  Bear   UC
  ----  --------  ----- ----- ----- ----  ----- ----- ----- ----
    1   200Z15                             1.63 15.37  7.27 0.22
    2   200Z15     1.63 15.37  7.27 0.22   1.35 15.37  7.27 0.19
    3   200Z15     1.35 15.37  7.27 0.19   1.38 15.37  7.27 0.19
    4   200Z15     1.38 15.37  7.27 0.19   1.19 15.37  7.27 0.16
    5   200Z15     1.19 15.37  7.27 0.16   1.69 15.37  7.27 0.23
    6   200Z15     1.69 15.37  7.27 0.23



 LOAD ID - Wind_Suction:
 ----------------------------

 GIRT ACTIONS:
       ---------Shear(kN)--------   --------------Moment(kN-m)--------------
  Bay   Left   Left  Right  Right    Left   Left     Mid-Span   Right  Right
   Id    Sup    Lap    Lap    Sup     Sup    Lap    Mom    Loc    Lap    Sup
  ---  -----  -----  -----  -----   -----  -----  -----  -----  -----  -----
    1  -1.57          2.13   2.35    0.00          1.74   2312  -1.65  -2.39
    2  -2.06  -1.84   1.70   1.92   -2.39  -1.75   0.81   3102  -1.37  -1.97
    3  -2.04  -1.82   1.83   2.05   -1.97  -1.33   1.16   3063  -1.36  -2.00
    4  -1.95  -1.73   1.63   1.85   -2.00  -1.40   0.84   2923  -1.15  -1.73
    5  -1.87  -1.65   1.90   2.12   -1.73  -1.15   0.90   2811  -1.82  -2.48
    6  -2.37  -2.15          1.58   -2.48  -1.73   1.75   3491          0.00

 STRENGTH/DEFLECTION:
  Bay  -------Shear(kN)------  -----Moment(kN-m)-----  -Mom+Shr-  Deflect(mm)
   Id  Loc    Calc Limit   UC  Loc    Calc Limit   UC  Loc    UC   Calc Limit
  ---  ---- ------ ----- ----  ---- ------ ----- ----  ---- ----  ----- -----
    1  RLap   2.13 11.20 0.19  MidS   1.74  4.58 0.38  RLap 0.32    7.7  64.0
    2  LLap  -1.84 11.20 0.16  LLap  -1.75  4.46 0.39  LLap 0.33    2.3  66.6
    3  RLap   1.83 11.20 0.16  RLap  -1.36  4.46 0.31  RLap 0.27    4.9  68.3
    4  LLap  -1.73 11.20 0.15  LLap  -1.40  4.46 0.31  LLap 0.27    2.6  63.3
    5  RLap   1.90 11.20 0.17  RLap  -1.82  4.46 0.41  RLap 0.34    2.9  66.7
    6  LLap  -2.15 11.20 0.19  LLap  -1.73  4.46 0.39  LLap 0.33    7.8  64.6


 LAP BOLT SHEAR/BEARING:

  Bolt Size =12.00 (Gr8.8)

   Bay  Member    --Member_Left_End(kN)-  -Member_Right_End(kN)-
    Id  Part       Calc Shear  Bear   UC   Calc Shear  Bear   UC
  ----  --------  ----- ----- ----- ----  ----- ----- ----- ----
    1   200Z15                             1.81 15.37  7.27 0.25
    2   200Z15     1.81 15.37  7.27 0.25   1.49 15.37  7.27 0.20
    3   200Z15     1.49 15.37  7.27 0.20   1.52 15.37  7.27 0.21
    4   200Z15     1.52 15.37  7.27 0.21   1.31 15.37  7.27 0.18
    5   200Z15     1.31 15.37  7.27 0.18   1.88 15.37  7.27 0.26
    6   200Z15     1.88 15.37  7.27 0.26


================================================================================
 C323-153-Final      Wall 2 - Panel Design (Bay  1)         11/AUG/2025  1:04pm
================================================================================

 PANEL DATA:
 -----------
  Bay                                       Rotation   Panel
   Id   Part      Rot  Type  Thick  Yield  Stiffness  Height
  ---   --------  ---  ----  -----  -----  ---------  ------
    1   45250 .5   N    4525  0.50    250     0.00      8269

 MOMENTS & DEFLECTION:
 ---------------------
                            --------------Moment(m-N/m   )-------------
  Span    Locate(mm)            Start       Midspan        End      Max  Deflect(mm)
   Id    Start   End  Load   Calc Limit   Calc Limit   Calc Limit    UC   Calc Limit
  ----   ----- -----  ----  ----- -----  ----- -----  ----- -----  ----  ----- -----
    1     2500  2580   WP       0  1800     23  1800     46  1800  0.03    0.0   0.9
                       WS       0   940    -25   940    -50   940  0.05    0.0   0.9
    2     2580  3580   WP      46  1800    -27   940     50  1800  0.03   -0.1  11.1
                       WS     -50   940     29  1800    -54   940  0.06    0.1  11.1
    3     3580  4580   WP      50  1800    -23   940     54  1800  0.03    0.0  11.1
                       WS     -54   940     25  1800    -58   940  0.06    0.0  11.1
    4     4580  5780   WP      54  1800    -31   940    102  1800  0.06   -0.1  13.3
                       WS     -58   940     34  1800   -110   940  0.12    0.1  13.3
    5     5780  7280   WP     102  1800    -68   940    100  1800  0.07   -0.3  16.7
                       WS    -110   940     73  1800   -108   940  0.12    0.4  16.7
    6     7280  8269   WP     100  1800    -32   940      0   940  0.06    0.0  11.0
                       WS    -108   940     34  1800      0  1800  0.12    0.0  11.0
 
                       WP - Wind_Pressure                  
                       WS - Wind_Suction                   
 

================================================================================
 C323-153-Final      Wall 2 - Panel Zones                   11/AUG/2025  1:04pm
================================================================================

 PANEL:
 ------
                            Tensile
            Thick   Yield   Strength
  Part       (mm)  (MN/m2)  (MN/m2)
  --------  -----  -------  --------
  45250 .5   0.50   250.0     325.0

 GIRT SCREWS:
 ------------
              Dia  Washer  Limit
  Part       (mm)    (mm)   (kN)
  --------  -----  ------  -----
  14x20SDS    4.8    19.0  13.70

 PANEL ZONE LAYOUT:
 ------------------
                                            --Girt(mm,mm,mm)--  Panel
  Zone                 ----Wall(mm)---  Bay         Load   Min   Span
   Id   Description    Offset1 Offset2   Id Locate Width Thick   (mm)
  ----  -------------  ------- -------  --- ------ ----- -----  -----
    1   Interior          2247   34038    1   5780  1350  1.50   1500
    2   Lt Edge              0    2247    1   5780  1350  1.50   1500
    3   Rt Edge          34038   36285    6   5780  1350  1.50   1500

 GIRT SCREW CHECK:
 -----------------
        Screw     Wind         --------Limit(kN)-------
  Zone  Space  Suction   Load     Girt    Panel   Screw   Max
   Id    (mm)  (kN/m2)   (kN)  Pullout Pullover Tension    UC
  ----  -----  -------  -----  ------- -------- -------  ----
    1     250    0.649   0.22     0.92     1.54    3.65  0.24
    2     250    0.649   0.22     0.92     1.54    3.65  0.24
    3     250    0.649   0.22     0.92     1.54    3.65  0.24
 

================================================================================
 C323-153-Final      Wall 2 - Weight Summary                11/AUG/2025  1:04pm
================================================================================

                                            Weight
                 Description                  (kg)
                 -----------               -------
                 Girts                 =    785.71

================================================================================
 C323-153-Final      Wall 2 - Warning Summary               11/AUG/2025  1:04pm
================================================================================

                   .. No Warnings
