*===============================================================================
*C323-153-Final      Wind Frame Detailing Input             11/AUG/2025  1:05pm
*===============================================================================
 
*( 1)JOBID:
    'C323-153-Final'
 
*( 2)BUILDING LAYOUT:
*Build  Build    Build  --Left_Endwall-  -Right_Endwall-
*Type   Width   Length  Exp Opt  Offset  Exp Opt  Offset
 'FF' 22470.0  36285.0 'YY' '-'  440.00 'YY' '-'  440.00
 
*( 3)WALL LAYOUT:
*                              -------Wall------    Base    Wall  Detail  Detail
*No.  Id   Use      Type  Opt    Start    Length    Elev  Offset   Wall   Brace
  5    1  'LEFT  '  '-'   '-'      0.0   22470.0    0.00  230.00   'Y'     'Y'
       2  'FRONT '  '-'   '-'      0.0   36285.0    0.00  230.00   'Y'     'Y'
       3  'RIGHT '  '-'   '-'      0.0   22470.0    0.00  230.00   'Y'     'Y'
       4  'BACK  '  '-'   '-'      0.0   36285.0    0.00  230.00   'Y'     'Y'
       5  'ROOF  '  '-'   '-'      0.0   36285.0    0.00    0.00   'Y'     'Y'
 
*( 4)SURFACE SHAPE:
*No.                      --------Offset-------  --Option--
*Surf  X_Coord  Y_Coord    L_EW    R_EW   Frame  L_EW  R_EW
  4        0.0   8420.0  230.00  230.00  230.00  '-'   '-'
       11235.0   9543.5  150.00  150.00  150.00  '-'   '-'
       22470.0   8420.0  150.00  150.00  150.00  '-'   '-'
       22470.0      0.0  230.00  230.00  230.00  '-'   '-'
 
 
*( 5)BAY SPACING:
*Wall  ---Offset---    No.  ---Bay_Set---
* Id    Left  Right   Sets    Width  Quan
   1  230.00 230.00     1   11235.0    2
   2  440.00 440.00     6    6200.0    1
                             5990.0    1
                             6145.0    1
                             5700.0    1
                             6000.0    1
                             6250.0    1
   3  230.00 230.00     1   11235.0    2
   4  440.00 440.00     6    6250.0    1
                             6000.0    1
                             5700.0    1
                             6145.0    1
                             5990.0    1
                             6200.0    1
   5  440.00 440.00     6    6200.0    1
                             5990.0    1
                             6145.0    1
                             5700.0    1
                             6000.0    1
                             6250.0    1
 
*( 6)WALL COLUMNS:
* Wall  No.                               Bolt    Cap
*  Id   Col  Id   Part        Rot  Opt  Offset   Gage
    1    3    1  '--------'   'N'  '-'    0.00   0.00
              2  'W40b155 '   'N'  '-'   50.00  100.0
              3  '--------'   'N'  '-'    0.00   0.00
 
    2    7    1  '--------'   'N'  '-'    0.00  100.0
              2  '--------'   'N'  '-'    0.00  100.0
              3  '--------'   'N'  '-'    0.00  100.0
              4  '--------'   'N'  '-'    0.00  100.0
              5  '--------'   'N'  '-'    0.00  100.0
              6  '--------'   'N'  '-'    0.00  100.0
              7  '--------'   'N'  '-'    0.00  100.0
 
    3    3    1  '--------'   'N'  '-'    0.00   0.00
              2  'W40b155 '   'N'  '-'   50.00  100.0
              3  '--------'   'N'  '-'    0.00   0.00
 
    4    7    1  '--------'   'N'  '-'    0.00  100.0
              2  '--------'   'N'  '-'    0.00  100.0
              3  '--------'   'N'  '-'    0.00  100.0
              4  '--------'   'N'  '-'    0.00  100.0
              5  '--------'   'N'  '-'    0.00  100.0
              6  '--------'   'N'  '-'    0.00  100.0
              7  '--------'   'N'  '-'    0.00  100.0
 
 
*( 7)RIGID FRAMES/INTERIOR COLUMNS:
*     ----Frame---  ---Flange_Thick---  No.
*No.  Line Id Type  LtCol  RtCol  Roof  Col  Id Type  Rot  Part        Locate
  7     1   1 'HP'   6.00   6.00  5.00   1    1  'W'  'Y' 'W40b155 '  11235.0
        2   2 'RF'   6.00   6.00  6.00   0
        3   2 'RF'   6.00   6.00  6.00   0
        4   3 'RF'   6.00   6.00  6.00   0
        5   2 'RF'   6.00   6.00  6.00   0
        6   4 'RF'   6.00   6.00  6.00   0
        7   5 'HP'   6.00   6.00  5.00   1    1  'W'  'Y' 'W40b155 '  11235.0
 
 
*( 8)WIND BENT:
*Wall                         Bay  --------------Column--------------  ----Rafter----  ---Base-- Splice Stiff_Id
* Id   No.   Offset   Height   Id  Type  Part       Depth    Web Weld  Part      Weld   Elev  Id    Id    1   2
   1     0
   2     0
   3     0
   4     0
   5     0
 
*( 9)WIND COLUMN:
*Wall               Bay  Side                      Top  Weld  Base_Plate  Flange Web
* Id   No.  Offset   Id   L/R  Type  Part        Depth   Id    Elev   Id     Id   Id
   1    0
   2    0
   3    0
   4    0
   5    0
 
*(10)WALL OPENINGS:
*Wall       Bay                                  ----Jamb_Part----
* Id   No.   Id   Width   Height  Offset Type    Left        Right
   1    0
   2    0
   3    0
   4    0
 
*(11)PARTIAL WALLS:
*Wall         Base        Top         --Bay_Id--
* Id  No.     Part        Part        Start  End   Height
   1    1    '--------'  '--------'      1     2   2500.0
   2    1    '--------'  '--------'      1     6   2500.0
   3    1    '--------'  '--------'      1     2   2500.0
   4    1    '--------'  '--------'      1     6   2500.0
 
*(12)WALL GIRTS:
*Wall No.  Bay                                    No.
* Id  Bay  Id  Type Offset  Project   Part       Girt  Location
   1   0
   2   0
   3   0
   4   0
 
*(13)PURLIN LAYOUT:
*Surf                                             Rafter_Width
* Id   Type  Offset  Project   Depth   Part        Left  Right
   2   'ZB'    0.00     0.00  150.00  '150Z15  '   0.00   0.00
   3   'ZB'    0.00     0.00  150.00  '150Z15  '   0.00   0.00
 
*(14)PURLIN LOCATION:
*Surf    Peak
* Id    Space  Row  Locate
   2    300.0    8  1373.9   2747.8   4121.6   5495.5   6869.4   8243.3   9617.2
                   10991.0
   3    300.0    8   300.0   1673.9   3047.8   4421.6   5795.5   7169.4   8543.3
                    9917.2
 
*(15)EAVE STRUTS:
*Wall
* Id   Type   Part
   2   'ZB'  '150Z15  '
   4   'ZB'  '150Z15  '
 
*(16)WALL/ROOF STRUTS:
*----Strut---- Wall  --Bay_Id-- --Attach--                       Connect_Id
*No.   Id Type Surf  Start End  Locate Opt  Part      Rot Offset  Start End   X_Coord  Y_Coord
   4    1 'W'    2      2    2  6630.0   4 'T80x32  ' 'N'    0.0    31   31   22084.0   6630.0
        2 'W'    2      5    5  6630.0   4 'T80x32  ' 'N'    0.0    32   32   22084.0   6630.0
        3 'W'    4      2    2  6630.0   4 'T80x32  ' 'N'    0.0    33   33     386.0   6630.0
        4 'W'    4      5    5  6630.0   4 'T80x32  ' 'N'    0.0    34   34     386.0   6630.0
 
 
*(17)ROOF DIAGONAL BRACING ATTACHMENT POINTS:
*Wall    No.      Attachment_Locations
* Id   Attach        1        2        3        4        5
   1      5         0.0   5468.2  11235.0  17001.8  22470.0
   2      0
   3      5         0.0   5468.2  11235.0  17001.8  22470.0
   4      0
 
*(18)ROOF DIAGONAL BRACING:
*Wall  No.  Bay                          Connect
* Id   Bay   Id  Use  Type   Part        Opt  Id
   1    2     2  'B'  'R '  'ROD20   '   '-'   5
                      'R '  'ROD20   '   '-'   6
                      'R '  'ROD20   '   '-'   7
                      'R '  'ROD20   '   '-'   8
              5  'B'  'R '  'ROD20   '   '-'   9
                      'R '  'ROD20   '   '-'  10
                      'R '  'ROD20   '   '-'  11
                      'R '  'ROD20   '   '-'  12
 
   2    0
   3    0
   4    0
 
*(19)WALL DIAGONAL BRACING:
*Wall No.         --Bay_Id-           No.  Level    Level                   Connect
* Id  Bay  Offset Start End    Elev  Level  Type   Height  Type  Part       Opt  Id
   1   0
   2   2      0.0   2    2     0.00    2    'B'    6630.0  'R ' 'ROD20   '  '-'  13
                                            'B'    8420.0  'R ' 'ROD20   '  '-'  14
              0.0   5    5     0.00    2    'B'    6630.0  'R ' 'ROD20   '  '-'  15
                                            'B'    8420.0  'R ' 'ROD20   '  '-'  16
 
   3   0
   4   2      0.0   2    2     0.00    2    'B'    6630.0  'R ' 'ROD20   '  '-'  17
                                            'B'    8420.0  'R ' 'ROD20   '  '-'  18
              0.0   5    5     0.00    2    'B'    6630.0  'R ' 'ROD20   '  '-'  19
                                            'B'    8420.0  'R ' 'ROD20   '  '-'  20
 
   5   0
 
*(20)WALL BRACING SLOTS:
*No.  Wall  Bay  Line  Level  ---------Start--------   ----------End---------
*Loc   Id    Id   Id    Id    Offset    Locate Thick   Offset    Locate Thick  Slot
  16    2     2    2     1    311.00    266.00  0.00   311.00   6480.00  0.00  0.00
        2     2    2     2    311.00   6780.00  0.00   311.00   8036.82  0.00  0.00
        2     2    3     1    311.00    266.00  0.00   311.00   6480.00  0.00  0.00
        2     2    3     2    311.00   6780.00  0.00   311.00   8036.82  0.00  0.00
        2     5    5     1    311.00    266.00  0.00   311.00   6480.00  0.00  0.00
        2     5    5     2    311.00   6780.00  0.00   311.00   8036.82  0.00  0.00
        2     5    6     1    311.00    266.00  0.00   311.00   6480.00  0.00  0.00
        2     5    6     2    311.00   6780.00  0.00   311.00   8036.82  0.00  0.00
        4     2    2     1    311.00    266.00  0.00   311.00   6480.00  0.00  0.00
        4     2    2     2    311.00   6780.00  0.00   311.00   8036.82  0.00  0.00
        4     2    3     1    311.00    266.00  0.00   311.00   6480.00  0.00  0.00
        4     2    3     2    311.00   6780.00  0.00   311.00   8036.82  0.00  0.00
        4     5    5     1    311.00    266.00  0.00   311.00   6480.00  0.00  0.00
        4     5    5     2    311.00   6780.00  0.00   311.00   8036.82  0.00  0.00
        4     5    6     1    311.00    266.00  0.00   311.00   6480.00  0.00  0.00
        4     5    6     2    311.00   6780.00  0.00   311.00   8036.82  0.00  0.00
 
*(21)ROOF BRACING SLOTS:
*No.  Wall  Bay  Line  Att  -----------Start-----------   ------------End------------
*Loc   Id    Id   Id    Id  Surf  Offset    Locate Thick  Surf  Offset    Locate Thick  Slot
  16    1     2    2     1   2    231.00    396.58  0.00    2   231.00   5345.50  0.00  0.00
        1     2    2     2   2    231.00   5645.50  0.00    2   231.00  11075.44  0.00  0.00
        1     2    2     3   3    231.00    215.60  0.00    3   231.00   5645.50  0.00  0.00
        1     2    2     4   3    231.00   5945.50  0.00    3   231.00  10894.46  0.00  0.00
        1     2    3     1   2    231.00    396.58  0.00    2   231.00   5345.50  0.00  0.00
        1     2    3     2   2    231.00   5645.50  0.00    2   231.00  11075.44  0.00  0.00
        1     2    3     3   3    231.00    215.60  0.00    3   231.00   5645.50  0.00  0.00
        1     2    3     4   3    231.00   5945.50  0.00    3   231.00  10894.46  0.00  0.00
        1     5    5     1   2    231.00    396.58  0.00    2   231.00   5345.50  0.00  0.00
        1     5    5     2   2    231.00   5645.50  0.00    2   231.00  11075.44  0.00  0.00
        1     5    5     3   3    231.00    215.60  0.00    3   231.00   5645.50  0.00  0.00
        1     5    5     4   3    231.00   5945.50  0.00    3   231.00  10894.46  0.00  0.00
        1     5    6     1   2    231.00    396.58  0.00    2   231.00   5345.50  0.00  0.00
        1     5    6     2   2    231.00   5645.50  0.00    2   231.00  11075.44  0.00  0.00
        1     5    6     3   3    231.00    215.60  0.00    3   231.00   5645.50  0.00  0.00
        1     5    6     4   3    231.00   5945.50  0.00    3   231.00  10894.46  0.00  0.00
 
*(22)ROOF OPENING LAYOUT:
*   Open  --Location-     Frame --Surface-- ----Bay----                     Ref
*No. Id   Use      Id Opt  Type Id   Offset Id   Offset    Width   Length   Id
   0
 
*(23)ROOF OPENING FRAMING:
*    Mem Open     Surf Bay           ---------Member--------  Frame_Opt   Frame_Id  Connect_Id Weld
*No.  Id  Id  Use  Id   Id   Offset  Type Opt  Rot  Part      Start End  Start End  Start  End  Id
   0
 
*(24)ADDITIONAL PURLINS:
*         Surf Ext          Bay Purl           --------Member--------  ----Extension----   Frame_Opt -Frame_Id-  Connect_Id
*No.  Id   Id   Id  Use      Id  Id    Offset  Type Rot Opt  Part          Left    Right  Left Right Left Right  Left Right
   0
 
*(25)EXTENSION LAYOUT:
*         Wall            ---Bay---  --Edge_Extend--  End_Option
*No.  Id   Id  Type  Opt  Start End    Left    Right  Left Right
  1    1    3  'EC'  '-'     1    2     0.0      0.0   '-'  '-'
 
*(26)EXTENSION SIZE:
*      ----Horizontal_Size---   ---------Vertical_Size-------- --Orient--
*Id      Elev   Width   Slope     Elev  Height   Slope Project Beam Panel
  1    5700.0  1800.0   10.00      0.0     0.0    0.00    0.00  '-'  '-'
 
*(27)EXTENSION DETAIL PROPERTIES:
*    Ext    Purlin_Deduct   Eave_Deduct
*No.  Id     Left   Right   Left  Right
  0
 
*(28)EXTENSION BEAMS:
*    Ext Line                                                --------Offset-------  -Connect-
*No.  Id  Id   Use       Orn  Part      Type Shape Rot Opt    Horz   Vert     Wall  Start End
   0
 
*(29)EXTENSION BRACING:
*          Bay
*No.   Id   Id  Orn  Type   Part
  0
 
*(30)EXTENSION SLOTS:
*          Bay  Line      --------Start--------  ---------End---------
*No.   Id   Id   Id  Orn  Offset  Locate  Thick  Offset  Locate  Thick
   0
 
*(31)CONNECTIONS:
*                   ------Plate------  -----Plate_Size----  -------------------Bolts-------------------  Bolt  -Weld-
*No.  Id  Type Opt  Use        Id Loc  Width Length  Thick  Type      Dia Row1 Row2 Space1 Space2  Gage   Ref   1   2
  20   5  ' R' '-' 'BRACE_R '   1   1   0.00   0.00   0.00 '-----'   0.00   0    1    0.00   0.00   0.0     0   0   0
       6  ' R' '-' 'BRACE_R '   1   1   0.00   0.00   0.00 '-----'   0.00   0    1    0.00   0.00   0.0     0   0   0
       7  ' R' '-' 'BRACE_R '   1   1   0.00   0.00   0.00 '-----'   0.00   0    1    0.00   0.00   0.0     0   0   0
       8  ' R' '-' 'BRACE_R '   1   1   0.00   0.00   0.00 '-----'   0.00   0    1    0.00   0.00   0.0     0   0   0
       9  ' R' '-' 'BRACE_R '   1   2   0.00   0.00   0.00 '-----'   0.00   0    1    0.00   0.00   0.0     0   0   0
      10  ' R' '-' 'BRACE_R '   1   2   0.00   0.00   0.00 '-----'   0.00   0    1    0.00   0.00   0.0     0   0   0
      11  ' R' '-' 'BRACE_R '   1   2   0.00   0.00   0.00 '-----'   0.00   0    1    0.00   0.00   0.0     0   0   0
      12  ' R' '-' 'BRACE_R '   1   2   0.00   0.00   0.00 '-----'   0.00   0    1    0.00   0.00   0.0     0   0   0
      13  ' R' '-' 'BRACE_W '   2   1   0.00   0.00   0.00 '-----'   0.00   0    1    0.00   0.00   0.0     0   0   0
      14  ' R' '-' 'BRACE_W '   2   1   0.00   0.00   0.00 '-----'   0.00   0    1    0.00   0.00   0.0     0   0   0
      15  ' R' '-' 'BRACE_W '   2   2   0.00   0.00   0.00 '-----'   0.00   0    1    0.00   0.00   0.0     0   0   0
      16  ' R' '-' 'BRACE_W '   2   2   0.00   0.00   0.00 '-----'   0.00   0    1    0.00   0.00   0.0     0   0   0
      17  ' R' '-' 'BRACE_W '   4   1   0.00   0.00   0.00 '-----'   0.00   0    1    0.00   0.00   0.0     0   0   0
      18  ' R' '-' 'BRACE_W '   4   1   0.00   0.00   0.00 '-----'   0.00   0    1    0.00   0.00   0.0     0   0   0
      19  ' R' '-' 'BRACE_W '   4   2   0.00   0.00   0.00 '-----'   0.00   0    1    0.00   0.00   0.0     0   0   0
      20  ' R' '-' 'BRACE_W '   4   2   0.00   0.00   0.00 '-----'   0.00   0    1    0.00   0.00   0.0     0   0   0
      31  'SG' '-' 'STRUT   '   0   1 150.00   0.00  10.00 'Gr8.8'  16.00   2    1   75.00   0.00  75.0   104   1   2
      32  'SG' '-' 'STRUT   '   0   1 150.00   0.00  10.00 'Gr8.8'  16.00   2    1   75.00   0.00  75.0   104   3   4
      33  'SG' '-' 'STRUT   '   0   1 150.00   0.00  10.00 'Gr8.8'  16.00   2    1   75.00   0.00  75.0   104   5   6
      34  'SG' '-' 'STRUT   '   0   1 150.00   0.00  10.00 'Gr8.8'  16.00   2    1   75.00   0.00  75.0   104   7   8
 
 
*(32)WELDS:
*    Table      ---OS_Flange---  ---IS_Flange---  ------Web------
*No.  Id   Opt   Size Type Note   Size Type Note   Size Type Note
   8   1   '-'   0.00 '-1' '--'   0.00 '-1' '--'   0.00 '-1' '--'
       2   '-'   0.00 '--' '--'   0.00 '--' '--'   4.00 'F2' '--'
       3   '-'   0.00 '-1' '--'   0.00 '-1' '--'   0.00 '-1' '--'
       4   '-'   0.00 '--' '--'   0.00 '--' '--'   4.00 'F2' '--'
       5   '-'   0.00 '-1' '--'   0.00 '-1' '--'   0.00 '-1' '--'
       6   '-'   0.00 '--' '--'   0.00 '--' '--'   4.00 'F2' '--'
       7   '-'   0.00 '-1' '--'   0.00 '-1' '--'   0.00 '-1' '--'
       8   '-'   0.00 '--' '--'   0.00 '--' '--'   4.00 'F2' '--'
 

================================================================================
 C323-153-Final              Wall Strut  ST-1               11/AUG/2025  1:05pm
================================================================================
  Quan:   2                        Mark: ST-1   
-------------------------------------------------------------------------------

 PLATES:
 -------
 Quan Mark Part     Description     Width   Thick    Length   UnitWt  TotalWt
 ---- ---- -------- -----------   -------   -----  --------   ------  -------
   2  MB1  T80x32   Member             80    3.20      5685    42.69    85.39
   2  EP1  EP       End Plate         150   10.00       150     1.77     3.54
   2  EP2  EP       End Plate         150   10.00       150     1.77     3.54
   2  EW1  EW       Welded EP         150   10.00       120     1.41     2.83
   2  EW2  EW       Welded EP         150   10.00       120     1.41     2.83
                                                                      -------
                                                                        98.12

 PLATE CUTS:
 -----------
  Plate     Cut  Cut     Cut      Cut
  Mark      Loc  Type  Width   Length
  --------  ---  ----  -----   ------
  EW 1       1    C      15        15 
  EW 2       1    C      15        15 

 HOLE LOCATIONS:
 ---------------
  Hole
  Type     Dia  Offset   Gage    Aux   Angle  Locate
  ----   -----  ------  -----  -----  ------  --------------------------------
  EW1       18     38      75      0    0.00         50 
  EW2       18     38      75      0    0.00         50 

 PLATE LOCATIONS:
 ----------------
  Plate
  Type  Attach  Offset   Angle  Side  Rot  Locate
  ----- ------  ------  ------  ----  ---  --------------------------------
  EP1      -        35    0.00    -    -        -130 
  EP2      -        35    0.00    -    -        5685 
  EW1      E       -35    0.00    -    -        -130 
  EW2      E       -35    0.00    -    -        5685 

 WELDS:
 ------
                  Weld   Weld  Weld    Weld
   Plate  Plate2  Type   Size  Note  Length  Opt
   -----  ------  ----  -----  ----  ------  ---
    EP1    WB      -1    0.00    -     80.0   -
    EP1    WB      -1    0.00    -     80.0   -
    EP1    OF      -1    0.00    -     80.0   -
    EP1    IF      -1    0.00    -     80.0   -
    EP2    WB      -1    0.00    -     80.0   -
    EP2    WB      -1    0.00    -     80.0   -
    EP2    OF      -1    0.00    -     80.0   -
    EP2    IF      -1    0.00    -     80.0   -
    EW1    EP1     F2    4.00    -    150.0   -
    EW2    EP2     F2    4.00    -    150.0   -

 FINISH DIMENSIONS:
 ------------------
   Member Overall  =     5685 
   Max    Overall  =     5945 

 CLIP DETAILING:
 ---------------
   Mark   Typ Thick Ang     A      B      C      D      E      F      G      H
   ------ --- ----- --- ------ ------ ------ ------ ------ ------ ------ ------
   EP1     z  10.00   0   0.00   0.00 150.00   0.00   0.00   0.00   0.00   0.00
   EW1     y   0.00   0  37.50  75.00  50.00  70.00   0.00   0.00   0.00   0.00

================================================================================
 C323-153-Final              Wall Strut  ST-2               11/AUG/2025  1:05pm
================================================================================
  Quan:   2                        Mark: ST-2   
-------------------------------------------------------------------------------

 PLATES:
 -------
 Quan Mark Part     Description     Width   Thick    Length   UnitWt  TotalWt
 ---- ---- -------- -----------   -------   -----  --------   ------  -------
   2  MB1  T80x32   Member             80    3.20      5695    42.77    85.54
   2  EP1  EP       End Plate         150   10.00       150     1.77     3.54
   2  EP2  EP       End Plate         150   10.00       150     1.77     3.54
   2  EW1  EW       Welded EP         150   10.00       120     1.41     2.83
   2  EW2  EW       Welded EP         150   10.00       120     1.41     2.83
                                                                      -------
                                                                        98.27

 PLATE CUTS:
 -----------
  Plate     Cut  Cut     Cut      Cut
  Mark      Loc  Type  Width   Length
  --------  ---  ----  -----   ------
  EW 1       1    C      15        15 
  EW 2       1    C      15        15 

 HOLE LOCATIONS:
 ---------------
  Hole
  Type     Dia  Offset   Gage    Aux   Angle  Locate
  ----   -----  ------  -----  -----  ------  --------------------------------
  EW1       18     38      75      0    0.00         50 
  EW2       18     38      75      0    0.00         50 

 PLATE LOCATIONS:
 ----------------
  Plate
  Type  Attach  Offset   Angle  Side  Rot  Locate
  ----- ------  ------  ------  ----  ---  --------------------------------
  EP1      -        35    0.00    -    -        -130 
  EP2      -        35    0.00    -    -        5695 
  EW1      E       -35    0.00    -    -        -130 
  EW2      E       -35    0.00    -    -        5695 

 WELDS:
 ------
                  Weld   Weld  Weld    Weld
   Plate  Plate2  Type   Size  Note  Length  Opt
   -----  ------  ----  -----  ----  ------  ---
    EP1    WB      -1    0.00    -     80.0   -
    EP1    WB      -1    0.00    -     80.0   -
    EP1    OF      -1    0.00    -     80.0   -
    EP1    IF      -1    0.00    -     80.0   -
    EP2    WB      -1    0.00    -     80.0   -
    EP2    WB      -1    0.00    -     80.0   -
    EP2    OF      -1    0.00    -     80.0   -
    EP2    IF      -1    0.00    -     80.0   -
    EW1    EP1     F2    4.00    -    150.0   -
    EW2    EP2     F2    4.00    -    150.0   -

 FINISH DIMENSIONS:
 ------------------
   Member Overall  =     5695 
   Max    Overall  =     5955 

 CLIP DETAILING:
 ---------------
   Mark   Typ Thick Ang     A      B      C      D      E      F      G      H
   ------ --- ----- --- ------ ------ ------ ------ ------ ------ ------ ------
   EP1     z  10.00   0   0.00   0.00 150.00   0.00   0.00   0.00   0.00   0.00
   EW1     y   0.00   0  37.50  75.00  50.00  70.00   0.00   0.00   0.00   0.00

================================================================================
 C323-153-Final             Rod Bracing  CB-1               11/AUG/2025  1:05pm
================================================================================
  Quan:   4                        Mark: CB-1               Part:ROD20   
-------------------------------------------------------------------------------

 PLATES:
 -------
 Quan Mark Part     Description     Width   Thick    Length   UnitWt  TotalWt
 ---- ---- -------- -----------   -------   -----  --------   ------  -------
   4  CB1  ROD20    SW Rod             20   20.00      8630    21.28    85.13
                                                                      -------
                                                                        85.13

 FINISH DIMENSIONS:
 ------------------
   Fabricated Length  =     8880 
   Cut        Length  =     8630 

================================================================================
 C323-153-Final             Rod Bracing  CB-2               11/AUG/2025  1:05pm
================================================================================
  Quan:   4                        Mark: CB-2               Part:ROD20   
-------------------------------------------------------------------------------

 PLATES:
 -------
 Quan Mark Part     Description     Width   Thick    Length   UnitWt  TotalWt
 ---- ---- -------- -----------   -------   -----  --------   ------  -------
   4  CB1  ROD20    SW Rod             20   20.00      6120    15.09    60.37
                                                                      -------
                                                                        60.37

 FINISH DIMENSIONS:
 ------------------
   Fabricated Length  =     6370 
   Cut        Length  =     6120 

================================================================================
 C323-153-Final             Rod Bracing  CB-3               11/AUG/2025  1:05pm
================================================================================
  Quan:   4                        Mark: CB-3               Part:ROD20   
-------------------------------------------------------------------------------

 PLATES:
 -------
 Quan Mark Part     Description     Width   Thick    Length   UnitWt  TotalWt
 ---- ---- -------- -----------   -------   -----  --------   ------  -------
   4  CB1  ROD20    SW Rod             20   20.00      8640    21.31    85.23
                                                                      -------
                                                                        85.23

 FINISH DIMENSIONS:
 ------------------
   Fabricated Length  =     8890 
   Cut        Length  =     8640 

================================================================================
 C323-153-Final             Rod Bracing  CB-4               11/AUG/2025  1:05pm
================================================================================
  Quan:   4                        Mark: CB-4               Part:ROD20   
-------------------------------------------------------------------------------

 PLATES:
 -------
 Quan Mark Part     Description     Width   Thick    Length   UnitWt  TotalWt
 ---- ---- -------- -----------   -------   -----  --------   ------  -------
   4  CB1  ROD20    SW Rod             20   20.00      6130    15.12    60.47
                                                                      -------
                                                                        60.47

 FINISH DIMENSIONS:
 ------------------
   Fabricated Length  =     6380 
   Cut        Length  =     6130 

================================================================================
 C323-153-Final             Rod Bracing  CB-5               11/AUG/2025  1:05pm
================================================================================
  Quan:   4                        Mark: CB-5               Part:ROD20   
-------------------------------------------------------------------------------

 PLATES:
 -------
 Quan Mark Part     Description     Width   Thick    Length   UnitWt  TotalWt
 ---- ---- -------- -----------   -------   -----  --------   ------  -------
   4  CB1  ROD20    Roof Rod           20   20.00      7770    19.16    76.64
                                                                      -------
                                                                        76.64

 FINISH DIMENSIONS:
 ------------------
   Fabricated Length  =     8020 
   Cut        Length  =     7770 

================================================================================
 C323-153-Final             Rod Bracing  CB-6               11/AUG/2025  1:05pm
================================================================================
  Quan:   4                        Mark: CB-6               Part:ROD20   
-------------------------------------------------------------------------------

 PLATES:
 -------
 Quan Mark Part     Description     Width   Thick    Length   UnitWt  TotalWt
 ---- ---- -------- -----------   -------   -----  --------   ------  -------
   4  CB1  ROD20    Roof Rod           20   20.00      8080    19.93    79.70
                                                                      -------
                                                                        79.70

 FINISH DIMENSIONS:
 ------------------
   Fabricated Length  =     8330 
   Cut        Length  =     8080 

================================================================================
 C323-153-Final             Rod Bracing  CB-7               11/AUG/2025  1:05pm
================================================================================
  Quan:   4                        Mark: CB-7               Part:ROD20   
-------------------------------------------------------------------------------

 PLATES:
 -------
 Quan Mark Part     Description     Width   Thick    Length   UnitWt  TotalWt
 ---- ---- -------- -----------   -------   -----  --------   ------  -------
   4  CB1  ROD20    Roof Rod           20   20.00      7780    19.19    76.74
                                                                      -------
                                                                        76.74

 FINISH DIMENSIONS:
 ------------------
   Fabricated Length  =     8030 
   Cut        Length  =     7780 

================================================================================
 C323-153-Final             Rod Bracing  CB-8               11/AUG/2025  1:05pm
================================================================================
  Quan:   4                        Mark: CB-8               Part:ROD20   
-------------------------------------------------------------------------------

 PLATES:
 -------
 Quan Mark Part     Description     Width   Thick    Length   UnitWt  TotalWt
 ---- ---- -------- -----------   -------   -----  --------   ------  -------
   4  CB1  ROD20    Roof Rod           20   20.00      8090    19.95    79.80
                                                                      -------
                                                                        79.80

 FINISH DIMENSIONS:
 ------------------
   Fabricated Length  =     8340 
   Cut        Length  =     8090 

================================================================================
 C323-153-Final      Bracing Attachments                    11/AUG/2025  1:05pm
================================================================================
 
  WALL BRACING:
  -------------
    Wall  Bay  Level        Brace  Piece             -------Span-------          ------Deduct------  Diagonal
     Id   Id    Id    Side  Order  Mark    Part         Width  Vertical   Angle     Start       End    Length
    ----  ---  -----  ----  -----  ------  --------  --------  --------  ------  --------  --------  --------
      2    2     1      L     1    CB-1    ROD20      5990.00   6214.00  0.8038   -250.00      0.00   8880.99          
      2    2     1      R     2    CB-1    ROD20      5990.00   6214.00  0.8038   -250.00      0.00   8880.99          
      2    2     2      L     1    CB-2    ROD20      5990.00   1256.82  0.2068   -250.00      0.00   6370.43          
      2    2     2      R     2    CB-2    ROD20      5990.00   1256.82  0.2068   -250.00      0.00   6370.43          
      2    5     1      L     1    CB-3    ROD20      6000.00   6214.00  0.8029   -250.00      0.00   8887.93          
      2    5     1      R     2    CB-3    ROD20      6000.00   6214.00  0.8029   -250.00      0.00   8887.93          
      2    5     2      L     1    CB-4    ROD20      6000.00   1256.82  0.2065   -250.00      0.00   6380.22          
      2    5     2      R     2    CB-4    ROD20      6000.00   1256.82  0.2065   -250.00      0.00   6380.22          
      4    2     1      L     1    CB-3    ROD20      6000.00   6214.00  0.8029   -250.00      0.00   8887.93          
      4    2     1      R     2    CB-3    ROD20      6000.00   6214.00  0.8029   -250.00      0.00   8887.93          
      4    2     2      L     1    CB-4    ROD20      6000.00   1256.82  0.2065   -250.00      0.00   6380.22          
      4    2     2      R     2    CB-4    ROD20      6000.00   1256.82  0.2065   -250.00      0.00   6380.22          
      4    5     1      L     1    CB-1    ROD20      5990.00   6214.00  0.8038   -250.00      0.00   8880.98          
      4    5     1      R     2    CB-1    ROD20      5990.00   6214.00  0.8038   -250.00      0.00   8880.98          
      4    5     2      L     1    CB-2    ROD20      5990.00   1256.82  0.2068   -250.00      0.00   6370.43          
      4    5     2      R     2    CB-2    ROD20      5990.00   1256.82  0.2068   -250.00      0.00   6370.43          
 
  ROOF BRACING:
  -------------
    Wall  Bay  Level        Brace  Piece             -------Span-------           Event Id   ------Deduct------  Diagonal
     Id   Id    Id    Side  Order  Mark    Part         Width  Vertical   Angle  Start  End     Start       End    Length
    ----  ---  -----  ----  -----  ------  --------  --------  --------  ------  -----  ---  --------  --------  --------
      1    2     1      L     1    CB-5    ROD20      5990.00   4948.92  0.6905      0    0   -250.00      0.00   8019.94          
      1    2     1      R     2    CB-5    ROD20      5990.00   4948.92  0.6905      0    0   -250.00      0.00   8019.94          
      1    2     2      L     1    CB-6    ROD20      5990.00   5429.94  0.7364      0    0   -250.00      0.00   8334.82          
      1    2     2      R     2    CB-6    ROD20      5990.00   5429.94  0.7364      0    0   -250.00      0.00   8334.82          
      1    2     3      L     1    CB-6    ROD20      5990.00   5429.90  0.7364      0    0   -250.00      0.00   8334.80          
      1    2     3      R     2    CB-6    ROD20      5990.00   5429.90  0.7364      0    0   -250.00      0.00   8334.80          
      1    2     4      L     1    CB-5    ROD20      5990.00   4948.96  0.6905      0    0   -250.00      0.00   8019.96          
      1    2     4      R     2    CB-5    ROD20      5990.00   4948.96  0.6905      0    0   -250.00      0.00   8019.96          
      1    5     1      L     1    CB-7    ROD20      6000.00   4948.92  0.6897      0    0   -250.00      0.00   8027.65          
      1    5     1      R     2    CB-7    ROD20      6000.00   4948.92  0.6897      0    0   -250.00      0.00   8027.65          
      1    5     2      L     1    CB-8    ROD20      6000.00   5429.94  0.7356      0    0   -250.00      0.00   8342.23          
      1    5     2      R     2    CB-8    ROD20      6000.00   5429.94  0.7356      0    0   -250.00      0.00   8342.23          
      1    5     3      L     1    CB-8    ROD20      6000.00   5429.90  0.7356      0    0   -250.00      0.00   8342.21          
      1    5     3      R     2    CB-8    ROD20      6000.00   5429.90  0.7356      0    0   -250.00      0.00   8342.21          
      1    5     4      L     1    CB-7    ROD20      6000.00   4948.96  0.6897      0    0   -250.00      0.00   8027.67          
      1    5     4      R     2    CB-7    ROD20      6000.00   4948.96  0.6897      0    0   -250.00      0.00   8027.67          

================================================================================
 C323-153-Final      Strut Attachments                      11/AUG/2025  1:05pm
================================================================================
 
  WALL STRUT:
  -----------
    Strut  Wall  Bay  Attach  Piece
       Id    Id   Id  Locate   Mark 
    -----  ----  ---  ------  -----
       1      2    2   6630.0 ST-1   
       2      2    5   6630.0 ST-2   
       3      4    2   6630.0 ST-2   
       4      4    5   6630.0 ST-1   

================================================================================
 C323-153-Final      Weld Lengths                           11/AUG/2025  1:05pm
================================================================================

        Piece            Web-Flange    --------Hand_Weld-------
  Quan  Mark     Size      Fillet       Fillet   Groove    Butt
  ----  -----   -----    ----------    -------  -------  ------
     2  ST-1     4.00           0          600        0       0
 
     2  ST-2     4.00           0          600        0       0

================================================================================
 C323-153-Final      Cost Summary                           11/AUG/2025  1:05pm
================================================================================
        Piece                  End    Clip  Stiff         Surf   Set  Unit  Total
  Quan  Id     Flange    Web  Plate  Plate  Plate  Weld  Treat    Up  Cost   Cost
  ----  -----  ------    ---  -----  -----  -----  ----  -----  ----  ----  -----
    2    ST-1   
        Matrl:      0     33      5      0      0     0     0           38     76
        Labor:      0      0      0      0      0     0     0      0     0      0
               ------    ---  -----  -----  -----  ----  -----  ----  ----  -----
                    0     33      5      0      0     0     0      0    38     76
    2    ST-2   
        Matrl:      0     33      5      0      0     0     0           38     76
        Labor:      0      0      0      0      0     0     0      0     0      0
               ------    ---  -----  -----  -----  ----  -----  ----  ----  -----
                    0     33      5      0      0     0     0      0    38     76
    4    CB-1   
        Matrl:      0      0      0      0      0     0     0            0      0
        Labor:      0      0      0      0      0     0     0      0     0      0
               ------    ---  -----  -----  -----  ----  -----  ----  ----  -----
                    0      0      0      0      0     0     0      0     0      0
    4    CB-2   
        Matrl:      0      0      0      0      0     0     0            0      0
        Labor:      0      0      0      0      0     0     0      0     0      0
               ------    ---  -----  -----  -----  ----  -----  ----  ----  -----
                    0      0      0      0      0     0     0      0     0      0
    4    CB-3   
        Matrl:      0      0      0      0      0     0     0            0      0
        Labor:      0      0      0      0      0     0     0      0     0      0
               ------    ---  -----  -----  -----  ----  -----  ----  ----  -----
                    0      0      0      0      0     0     0      0     0      0
    4    CB-4   
        Matrl:      0      0      0      0      0     0     0            0      0
        Labor:      0      0      0      0      0     0     0      0     0      0
               ------    ---  -----  -----  -----  ----  -----  ----  ----  -----
                    0      0      0      0      0     0     0      0     0      0
    4    CB-5   
        Matrl:      0      0      0      0      0     0     0            0      0
        Labor:      0      0      0      0      0     0     0      0     0      0
               ------    ---  -----  -----  -----  ----  -----  ----  ----  -----
                    0      0      0      0      0     0     0      0     0      0
    4    CB-6   
        Matrl:      0      0      0      0      0     0     0            0      0
        Labor:      0      0      0      0      0     0     0      0     0      0
               ------    ---  -----  -----  -----  ----  -----  ----  ----  -----
                    0      0      0      0      0     0     0      0     0      0
    4    CB-7   
        Matrl:      0      0      0      0      0     0     0            0      0
        Labor:      0      0      0      0      0     0     0      0     0      0
               ------    ---  -----  -----  -----  ----  -----  ----  ----  -----
                    0      0      0      0      0     0     0      0     0      0
    4    CB-8   
        Matrl:      0      0      0      0      0     0     0            0      0
        Labor:      0      0      0      0      0     0     0      0     0      0
               ------    ---  -----  -----  -----  ----  -----  ----  ----  -----
                    0      0      0      0      0     0     0      0     0      0
 

 PLATE COST:
 -----------
  Piece  -------------Plate-------------        Material    Labor   Surface
  Mark   Mark  Part      Length   Weight  Qty       Cost     Cost  Treatment  File     Record    Adjust
  -----  ----  --------  ------   ------  ---   --------  -------  ---------  -------  --------  --------
  ST-1   MB1   T80x32    5685.0    42.69    1      32.87     0.00      0.00   EW_COST  FRAME     @$W/L(F)
  ST-1   EP1              150.0     1.77    1       1.36     0.00      0.00   EW_COST  FRAME     @$W/L(F)
  ST-1   EP2              150.0     1.77    1       1.36     0.00      0.00   EW_COST  FRAME     @$W/L(F)
  ST-1   EW1              120.0     1.41    1       1.09     0.00      0.00   EW_COST  FRAME     @$W/L(F)
  ST-1   EW2              120.0     1.41    1       1.09     0.00      0.00   EW_COST  FRAME     @$W/L(F)
  ST-2   MB1   T80x32    5695.0    42.77    1      32.93     0.00      0.00   EW_COST  FRAME     @$W/L(F)
  ST-2   EP1              150.0     1.77    1       1.36     0.00      0.00   EW_COST  FRAME     @$W/L(F)
  ST-2   EP2              150.0     1.77    1       1.36     0.00      0.00   EW_COST  FRAME     @$W/L(F)
  ST-2   EW1              120.0     1.41    1       1.09     0.00      0.00   EW_COST  FRAME     @$W/L(F)
  ST-2   EW2              120.0     1.41    1       1.09     0.00      0.00   EW_COST  FRAME     @$W/L(F)
  CB-1   CB1   ROD20     8880.0    21.28    1       0.01     0.00      0.00   DT_COST  ROD20             
  CB-2   CB1   ROD20     6370.0    15.09    1       0.01     0.00      0.00   DT_COST  ROD20             
  CB-3   CB1   ROD20     8890.0    21.31    1       0.01     0.00      0.00   DT_COST  ROD20             
  CB-4   CB1   ROD20     6380.0    15.12    1       0.01     0.00      0.00   DT_COST  ROD20             
  CB-5   CB1   ROD20     8020.0    19.16    1       0.01     0.00      0.00   DT_COST  ROD20             
  CB-6   CB1   ROD20     8330.0    19.93    1       0.01     0.00      0.00   DT_COST  ROD20             
  CB-7   CB1   ROD20     8030.0    19.19    1       0.01     0.00      0.00   DT_COST  ROD20             
  CB-8   CB1   ROD20     8340.0    19.95    1       0.01     0.00      0.00   DT_COST  ROD20             

================================================================================
 C323-153-Final      Warning Summary                        11/AUG/2025  1:05pm
================================================================================

                   .. No Warnings
