Columns & Rafters
1,   1  , CL1-1     ,RF Column               ,         ,RO        ,          ,          ,     7950     ,  440.3
1,   2  , RF1-2     ,RF Rafter               ,         ,RO        ,          ,          ,     4471     ,  277.0
1,   2  , RF1-3     ,RF Rafter               ,         ,RO        ,          ,          ,     4032     ,  217.8
1,   1  , RF1-4     ,RF Rafter               ,         ,RO        ,          ,          ,     5086     ,  164.8
1,   1  , CL1-5     ,RF Column               ,         ,RO        ,          ,          ,     7950     ,  440.3
1,   6  , CL2-1     ,RF Column               ,         ,RO        ,          ,          ,     7748     , 2577.0
1,   6  , RF2-2     ,RF Rafter               ,         ,RO        ,          ,          ,     4484     , 1042.2
1,   6  , RF2-3     ,RF Rafter               ,         ,RO        ,          ,          ,     6576     , 1045.2
1,   2  , CL3-1     ,RF Column               ,         ,RO        ,          ,          ,     7748     ,  853.2
1,   2  , RF3-2     ,RF Rafter               ,         ,RO        ,          ,          ,     4484     ,  347.4
1,   2  , RF3-3     ,RF Rafter               ,         ,RO        ,          ,          ,     6576     ,  348.4
1,   2  , CL4-1     ,RF Column               ,         ,RO        ,          ,          ,     7748     ,  859.0
1,   2  , RF4-2     ,RF Rafter               ,         ,RO        ,          ,          ,     4484     ,  347.4
1,   2  , RF4-3     ,RF Rafter               ,         ,RO        ,          ,          ,     6576     ,  348.4
1,   1  , CL5-1     ,RF Column               ,         ,RO        ,          ,          ,     7950     ,  440.3
1,   2  , RF5-2     ,RF Rafter               ,         ,RO        ,          ,          ,     4471     ,  277.0
1,   2  , RF5-3     ,RF Rafter               ,         ,RO        ,          ,          ,     4032     ,  217.8
1,   1  , RF5-4     ,RF Rafter               ,         ,RO        ,          ,          ,     5086     ,  164.8
1,   1  , CL5-5     ,RF Column               ,         ,RO        ,          ,          ,     7950     ,  440.3
1,   1  ,EB-1       ,Ext Beam                ,         ,RO        ,          ,          ,     2272     ,   63.0
1,   2  ,EB-2       ,Ext Beam                ,W30a155  ,RO        ,          ,          ,     5805     ,  282.6
1,   1  ,EB-3       ,Ext Beam                ,         ,RO        ,          ,          ,     1830     ,   52.0
1,   1  ,EB-4       ,Ext Beam                ,         ,RO        ,          ,          ,     2272     ,   63.0
1,   1  ,EC-1       ,EW Column               ,W40b155  ,RO        ,          ,          ,     8830     ,  272.3
1,   1  ,EC-2       ,EW Column               ,W40b155  ,RO        ,          ,          ,     8830     ,  295.2
 
    Colors:   RO  - Red Oxide
 
Opening Framing
2,   2  ,DJ-1       ,Door Jamb               ,200C20   ,RO        ,          ,          ,     4480     ,   48.6
 
    Colors:   RO  - Red Oxide
 
Purlins & Girts
3,   8  , P-1       ,Roof Purlin             ,150Z15   ,RO        ,          , ??-??    ,     6570     ,  182.4
3,  16  , P-2       ,Roof Purlin             ,150Z15   ,RO        ,          , ??-??    ,     6740     ,  374.2
3,  16  , P-3       ,Roof Purlin             ,150Z15   ,RO        ,          , ??-??    ,     6895     ,  382.8
3,  16  , P-4       ,Roof Purlin             ,150Z15   ,RO        ,          , ??-??    ,     6450     ,  358.1
3,  16  , P-5       ,Roof Purlin             ,150Z15   ,RO        ,          , ??-??    ,     6750     ,  374.8
3,   8  , P-6       ,Roof Purlin             ,150Z15   ,RO        ,          , ??-??    ,     6620     ,  183.8
3,   8  , P-7       ,Roof Purlin             ,150Z15   ,RO        ,          , ??-??    ,     6570     ,  182.4
3,   8  , P-8       ,Roof Purlin             ,150Z15   ,RO        ,          , ??-??    ,     6620     ,  183.8
3,   1  , P-9       ,Roof Purlin             ,250Z18   ,RO        ,          , ??-??    ,    12235     ,   77.7
3,   1  , P-10      ,Roof Purlin             ,250Z18   ,RO        ,          , ??-??    ,    12235     ,   77.7
3,   1  , E-1       ,Eave Strut              ,150Z15   ,RO        ,          , ??-??    ,     6570     ,   22.8
3,   2  , E-2       ,Eave Strut              ,150Z15   ,RO        ,          , ??-??    ,     6740     ,   46.8
3,   2  , E-3       ,Eave Strut              ,150Z15   ,RO        ,          , ??-??    ,     6895     ,   47.9
3,   2  , E-4       ,Eave Strut              ,150Z15   ,RO        ,          , ??-??    ,     6450     ,   44.8
3,   2  , E-5       ,Eave Strut              ,150Z15   ,RO        ,          , ??-??    ,     6750     ,   46.8
3,   1  , E-6       ,Eave Strut              ,150Z15   ,RO        ,          , ??-??    ,     6620     ,   23.0
3,   1  , E-7       ,Eave Strut              ,150Z15   ,RO        ,          , ??-??    ,     6570     ,   22.8
3,   1  , E-8       ,Eave Strut              ,150Z15   ,RO        ,          , ??-??    ,     6620     ,   23.0
3,   1  , E-9       ,Eave Strut              ,250Z18   ,RO        ,          , ??-??    ,    12240     ,   77.7
3,   1  , E-10      ,Eave Strut              ,250Z18   ,RO        ,          , ??-??    ,    12240     ,   77.7
3,   1  , G-1       ,EW Girt                 ,200Z15   ,RO        ,          , ??-??    ,    11730     ,   47.6
3,   2  , G-2       ,EW Girt                 ,200Z20   ,RO        ,          , ??-??    ,    11730     ,  127.2
3,   4  , G-3       ,EW Girt                 ,200Z25   ,RO        ,          , ??-??    ,    11730     ,  317.6
3,   2  , G-4       ,EW Girt                 ,200Z25   ,RO        ,          , ??-??    ,    11935     ,  161.6
3,   2  , G-5       ,EW Girt                 ,200Z15   ,RO        ,          , ??-??    ,    11730     ,   95.2
3,   4  , G-6       ,EW Girt                 ,200Z20   ,RO        ,          , ??-??    ,    11730     ,  254.3
3,   4  , G-7       ,EW Girt                 ,200Z25   ,RO        ,          , ??-??    ,    11730     ,  317.6
3,   2  , G-8       ,EW Girt                 ,200Z25   ,RO        ,          , ??-??    ,    11935     ,  161.6
3,   2  , G-9       ,EW Girt                 ,200Z15   ,RO        ,          , ??-??    ,     3066     ,   24.9
3,   2  , G-10      ,EW Girt                 ,200Z25   ,RO        ,          , ??-??    ,    11730     ,  158.8
3,   1  , G-11      ,EW Girt                 ,200Z15   ,RO        ,          , ??-??    ,     3980     ,   16.2
3,   1  , G-12      ,EW Girt                 ,200Z18   ,RO        ,          , ??-??    ,     3980     ,   19.4
3,   1  , G-13      ,EW Girt                 ,200Z18   ,RO        ,          , ??-??    ,    11730     ,   57.1
3,   5  , G-14      ,SW Girt                 ,200Z15   ,RO        ,          , ??-??    ,     6570     ,  133.4
3,  10  , G-15      ,SW Girt                 ,200Z15   ,RO        ,          , ??-??    ,     6740     ,  273.6
3,  10  , G-16      ,SW Girt                 ,200Z15   ,RO        ,          , ??-??    ,     6895     ,  279.9
3,  10  , G-17      ,SW Girt                 ,200Z15   ,RO        ,          , ??-??    ,     6450     ,  261.9
3,  10  , G-18      ,SW Girt                 ,200Z15   ,RO        ,          , ??-??    ,     6750     ,  274.0
3,   5  , G-19      ,SW Girt                 ,200Z15   ,RO        ,          , ??-??    ,     6620     ,  134.4
3,   5  , G-20      ,SW Girt                 ,200Z15   ,RO        ,          , ??-??    ,     6620     ,  134.4
3,   5  , G-21      ,SW Girt                 ,200Z15   ,RO        ,          , ??-??    ,     6570     ,  133.4
3,   2  ,ST-1       ,Wall Strut              ,T80x32   ,          ,          ,          ,     5945     ,   98.2
3,   2  ,ST-2       ,Wall Strut              ,T80x32   ,          ,          ,          ,     5955     ,   98.2
 
    Colors:   RO  - Red Oxide
 
Sheeting
3,  74  ,RS-1       ,Roof Sheet              ,45250 .5 ,A3        ,          ,          ,     5750     , 2038.2
3,  74  ,RS-2       ,Roof Sheet              ,45250 .5 ,A3        ,          ,          ,     5900     , 2091.3
3,  23  ,RS-3       ,Ext Sheet               ,45250 .5 ,A3        ,          ,          ,     1860     ,  204.9
3,   2  ,ES-1       ,EW Sheet                ,45250 .5 ,A2        ,          ,          ,     6020     ,   57.7
3,   2  ,ES-2       ,EW Sheet                ,45250 .5 ,A2        ,          ,          ,     6120     ,   58.6
3,   2  ,ES-3       ,EW Sheet                ,45250 .5 ,A2        ,          ,          ,     6220     ,   59.6
3,   2  ,ES-4       ,EW Sheet                ,45250 .5 ,A2        ,          ,          ,     6320     ,   60.5
3,   2  ,ES-5       ,EW Sheet                ,45250 .5 ,A2        ,          ,          ,     6420     ,   61.5
3,   2  ,ES-6       ,EW Sheet                ,45250 .5 ,A2        ,          ,          ,     6520     ,   62.5
3,   2  ,ES-7       ,EW Sheet                ,45250 .5 ,A2        ,          ,          ,     6620     ,   63.4
3,   2  ,ES-8       ,EW Sheet                ,45250 .5 ,A2        ,          ,          ,     6720     ,   64.4
3,   2  ,ES-9       ,EW Sheet                ,45250 .5 ,A2        ,          ,          ,     6820     ,   65.3
3,   2  ,ES-10      ,EW Sheet                ,45250 .5 ,A2        ,          ,          ,     6920     ,   66.3
3,   2  ,ES-11      ,EW Sheet                ,45250 .5 ,A2        ,          ,          ,     7020     ,   67.3
3,   1  ,ES-12      ,EW Sheet                ,45250 .5 ,A2        ,          ,          ,     7090     ,   34.0
3,  20  ,ES-13      ,EW Sheet                ,45250 .5 ,A2        ,          ,          ,     3300     ,  316.1
3,   2  ,ES-14      ,EW Sheet                ,45250 .5 ,A2        ,          ,          ,     2660     ,   25.5
3,   2  ,ES-15      ,EW Sheet                ,45250 .5 ,A2        ,          ,          ,     2760     ,   26.4
3,   2  ,ES-16      ,EW Sheet                ,45250 .5 ,A2        ,          ,          ,     2860     ,   27.4
3,   2  ,ES-17      ,EW Sheet                ,45250 .5 ,A2        ,          ,          ,     2960     ,   28.4
3,   3  ,ES-18      ,EW Sheet                ,45250 .5 ,A2        ,          ,          ,     1190     ,   17.1
3,   2  ,ES-19      ,EW Sheet                ,45250 .5 ,A2        ,          ,          ,     3060     ,   29.3
3,   2  ,ES-20      ,EW Sheet                ,45250 .5 ,A2        ,          ,          ,     3160     ,   30.3
3,   2  ,ES-21      ,EW Sheet                ,45250 .5 ,A2        ,          ,          ,     3260     ,   31.2
3,   2  ,ES-22      ,EW Sheet                ,45250 .5 ,A2        ,          ,          ,     3360     ,   32.2
3,   2  ,ES-23      ,EW Sheet                ,45250 .5 ,A2        ,          ,          ,     3460     ,   33.1
3,   2  ,ES-24      ,EW Sheet                ,45250 .5 ,A2        ,          ,          ,     3560     ,   34.1
3,   2  ,ES-25      ,EW Sheet                ,45250 .5 ,A2        ,          ,          ,     3660     ,   35.1
3,   1  ,ES-26      ,EW Sheet                ,45250 .5 ,A2        ,          ,          ,     3730     ,   17.9
3,  74  ,SS-1       ,SW Sheet                ,45250 .5 ,A2        ,          ,          ,     6020     , 2133.9
 
    Colors:   A2  - NEED WALL COLOR
              A3  - NEED ROOF COLOR
 
Clips
3,   4  , b1        ,Grt-Jmb Plt             ,         , 90       ,  5.0     ,  144     ,      203     ,    4.6
3,   4  , d1        ,Cor-Grt6 Plt            ,         , 90       ,  5.0     ,  144     ,      456     ,   10.4
3,   2  , f1        ,Jmb-Bas Plt             ,         , 90       ,  5.0     ,  144     ,      155     ,    1.8
3,   2  , j1        ,Jmb-Grt Plt             ,         , 90       ,  5.0     ,  144     ,      206     ,    2.3
 
Angles
3,  24  ,FB456     ,RF Flg Brc              ,L40X40X4 ,FB456     ,RO        ,  4.0     ,      456     ,   26.5
3,  24  ,FB464     ,RF Flg Brc              ,L40X40X4 ,FB464     ,RO        ,  4.0     ,      464     ,   26.9
3,   3  ,FB496     ,Ext Flg Br              ,L40X40X4 ,FB496     ,RO        ,  4.0     ,      496     ,    3.6
3,   8  ,FB528     ,RF Flg Brc              ,L40X40X4 ,FB528     ,RO        ,  4.0     ,      528     ,   10.2
3,  20  ,FB536     ,RF Flg Brc              ,L40X40X4 ,FB536     ,RO        ,  4.0     ,      536     ,   26.0
3,   4  ,FB568     ,EW Flg Brc              ,L40X40X4 ,FB568     ,RO        ,  4.0     ,      568     ,    5.5
3,  20  ,FB568     ,RF Flg Brc              ,L40X40X4 ,FB568     ,RO        ,  4.0     ,      568     ,   27.5
3,   4  ,FB848     ,RF Flg Brc              ,L40X40X4 ,FB848     ,RO        ,  4.0     ,      848     ,    8.2
3,  20  ,FB872     ,RF Flg Brc              ,L40X40X4 ,FB872     ,RO        ,  4.0     ,      872     ,   42.2
3,  24  ,FB976     ,RF Flg Brc              ,L40X40X4 ,FB976     ,RO        ,  4.0     ,      976     ,   56.7
3,  76  ,JB-1      ,Sag rod at base         ,SROD12   ,JB-1      ,          ,          ,     1100     ,   90.3
3,  40  ,JB-2      ,Sag rod at base         ,SROD12   ,JB-2      ,          ,          ,     1300     ,   56.1
3,  40  ,JB-3      ,Sag rod at base         ,SROD12   ,JB-3      ,          ,          ,     1600     ,   69.1
3,  16  ,JB-4      ,Sag rod at base         ,SROD12   ,JB-4      ,          ,          ,      900     ,   15.6
3,  24  ,JB-5      ,Sag rod at girt         ,SROD12   ,JB-5      ,          ,          ,     1090     ,   28.2
3,  18  ,GA        ,GABLE ANGLE             ,L75X100  ,GA        ,RO        , 2.00     ,     3000     ,  169.6
3,  16  ,SI-       ,12mm SAG ROD            ,SROD12   ,SI-       ,          , 12.0     ,     1519     ,   11.8
3,  12  ,SP-1      ,12mm SAG ROD            ,SROD12   ,SP-1      ,          , 12.0     ,      697     ,    4.1
3, 168  ,SI-1      ,12mm SAG ROD            ,SROD12   ,SI-1      ,          , 12.0     ,     1474     ,  120.7
3,  24  ,SE-1      ,12mm SAG ROD            ,SROD12   ,SE-1      ,          , 12.0     ,     1394     ,   16.3
3,  24  ,CA-1      ,Crane Angle             ,L75X6    ,CA-1      ,          ,          ,     1676     ,  276.0
3,  24  ,CA-2      ,Crane Angle             ,L100X8   ,CA-2      ,          ,          ,      486     ,  141.6
 
    Colors:   RO  - Red Oxide
 
Trim
3,   2  ,BA        ,Base Angle              ,SGA-001  ,HA        ,  10.0    , 2.00     ,     3000     ,   56.5
3,   2  ,BSA       ,Base/Seal An            ,P20204   ,HA        ,  10.0    , 2.00     ,       25     ,  0.120
3,   2  ,DT        ,Drip Trim               ,P150X.63 ,HA        ,  10.0    , 0.50     ,       25     ,  0.042
3,   5  ,ET-01     ,Eave Trim               ,ET-01    ,HA        ,  10.0    , 0.40     ,     5600     ,   26.4
3,   5  ,CT-05     ,Roof To Wall            ,CT-05    ,A3        ,          , 0.40     ,     5600     ,   26.4
3,  12  ,GT-01     ,Rake Trim               ,GT-01    ,HA        ,          , 0.40     ,     5600     ,   63.4
3,   1  ,CTS-04    ,H Trim                  ,CTS-04   ,HA        ,          , 0.40     ,     5600     ,    7.0
3,   2  ,CTS-05    ,J Trim                  ,CTS-05   ,HA        ,          , 0.40     ,     5600     ,   14.1
3,  32  ,DS-100    ,Downspout               ,DS-100   ,          ,          , 0.40     ,     5600     ,  281.3
3,  64  ,GS-01     ,Downspout Strap         ,GS-01    ,          ,          , 0.40     ,      350     ,   96.0
3,  14  ,EG-01     ,Eave Gutter             ,EG-01    ,          ,          , 0.40     ,     5600     ,  147.7
3,   1  ,GS-01     ,Eave Gutter Strap       ,GS-01    ,          ,          , 0.40     ,      600     ,    1.0
3,   2  ,GC-01     ,Gutter Endcap           ,GC-01    ,          ,          , 0.40     ,       25     ,    1.0
3,   2  ,GC-02     ,Gutter Endcap           ,GC-02    ,          ,          , 0.40     ,       25     ,    1.0
3,  23  ,DT-01     ,Base Trim               ,DT-01    ,HA        ,          , 0.40     ,     5600     ,  128.3
3,   8  ,CT-02     ,Outside Corner          ,CT-02    ,HA        ,          , 0.40     ,     5600     ,   42.2
3,  61  ,RC-01     ,Ridge Cap               ,RC-01    ,A3        ,          , 0.40     ,      700     ,  305.0
 
    Colors:   A3  - NEED ROOF COLOR
              HA  - 9010 PURE WHITE
 
Bracing
3,   4  ,CB-1       ,SW Rod                  ,ROD20    ,  20      ,     8880     ,     ,     8630     ,   85.2
3,   4  ,CB-2       ,SW Rod                  ,ROD20    ,  20      ,     6370     ,     ,     6120     ,   60.4
3,   4  ,CB-3       ,SW Rod                  ,ROD20    ,  20      ,     8890     ,     ,     8640     ,   85.2
3,   4  ,CB-4       ,SW Rod                  ,ROD20    ,  20      ,     6380     ,     ,     6130     ,   60.4
3,   4  ,CB-5       ,Roof Rod                ,ROD20    ,  20      ,     8020     ,     ,     7770     ,   76.8
3,   4  ,CB-6       ,Roof Rod                ,ROD20    ,  20      ,     8330     ,     ,     8080     ,   79.6
3,   4  ,CB-7       ,Roof Rod                ,ROD20    ,  20      ,     8030     ,     ,     7780     ,   76.8
3,   4  ,CB-8       ,Roof Rod                ,ROD20    ,  20      ,     8340     ,     ,     8090     ,   79.6
3,  22  ,SSEAL      ,Silicone Tube Seal      ,SILICON  ,          ,        6     ,     ,     7500     ,   22.0
3, 209  ,FF100      ,Panel Clsr  (IN)        ,FF-100   ,          ,       25     ,     ,     1020     ,  209.0
3, 119  ,FF200      ,Panel Clsr  (OUT)       ,FF-200   ,          ,       25     ,     ,     1020     ,  119.0
 
 
Accessories
3,  64  ,---        ,NUT 20                  ,HN20     ,          ,          ,          ,      1.0     ,    3.2
3,  64  ,---        ,HILLSIDE WASHER20       ,HW20     ,          ,          ,          ,      1.0     ,   22.7
3,  64  ,---        ,FLAT WASHER20           ,Ø20WSHR ,          ,          ,          ,      1.0     ,    2.2
 
Fasteners
3, 859  ,Bolts                            , ,H12X50   ,          ,Gr8.8     , 12.0     ,       50     ,   44.5
3,1074  ,Bolts                            , ,M12X50   ,          ,Gr8.8     , 12.0     ,       50     ,   56.6
3, 492  ,Bolts                            , ,H20X90   ,          ,Gr8.8     , 20.0     ,       90     ,  155.3
3,  21  ,Bolts                            , ,H16X70   ,          ,Gr8.8     , 16.0     ,       70     ,    2.8
3, 120  ,Anchor Bolt                      , ,AB20     ,          ,A36       , 20.0     ,      625     ,  202.8
3, 120  ,A.B. Washers                     , ,W20      ,          ,A36       , 20.0     ,              ,    1.9
3,3800  ,No. 12-14x20 SDS                 , ,14x20SDS ,A2        ,          ,          ,       20     ,   25.9
3,3500  ,No. 12-14x55 SDS                 , ,14x55SDS ,A3        ,          ,          ,       55     ,   23.8
3, 500  ,No. 10-12X20 SDS                 , ,12x20SDS ,HA        ,          ,          ,       20     ,    3.4
3, 900  ,No. 10-12x20 SDS                 , ,12x20SDS ,HA        ,          ,          ,       20     ,    6.1
3, 100  ,Pop Rivet                        , ,Rivet    ,HA        ,          ,          ,       11     ,    0.7
3, 400  ,No. 10-12X20 SDS                 , ,12x20SDS ,          ,          ,          ,       20     ,    2.7
3,2500  ,No. 10-12X20 SDS                 , ,12x20SDS ,A3        ,          ,          ,       20     ,   17.0
3, 200  ,Pop Rivet                        , ,Rivet    ,          ,          ,          ,       11     ,    1.4
3,1600  ,No. 10-12x20 SDS                 , ,12x20SDS ,A2        ,          ,          ,       20     ,   10.9
3, 400  ,Pop Rivet                        , ,Rivet    ,A3        ,          ,          ,       11     ,    2.7
 
    Colors:   A2  - NEED WALL COLOR
              A3  - NEED ROOF COLOR
              HA  - 9010 PURE WHITE
 
