*===============================================================================
*C163-027_Crane      Crane Design Input                     28/NOV/2025  2:48pm
*===============================================================================
 
*( 1)JOBID:
    'C163-027_Crane'
 
*( 2)DESIGN CODE:
*Design  ---Steel_Code---             ---Build---   Code     Seismic
* Code   Cold       Hot      Country  Code   Year   Label     Zone
  'WS'  'NAUS07  ' 'AISC05'  '    '  'MBMA'  '10'  'MBMA 10 ' 'B  '
 
*( 3)DESIGN CONSTANTS:
*                                                      Wind     Load
* ---------------Steel_Yield----------------  Stress Strength   Ratio
* Web   Flg  C_Sec W_Sec R_Sec  U_Sec   EP    Ratio   Ratio    Factor
  340   340    350   340   250    250   340    1.00    1.0000  1.0000
 
*( 4)REPORTS:
* Input  Runway   ---Support---  Cable
* Echo    Beam    Beam   Column  Brace
   'I'    'Y'     'Y'     'Y'     'Y'
 
*( 5)BUILDING LAYOUT:
* Build   L_Expand_EW  R_Expand_EW
*  Type   Use  Offset  Use  Offset
  'FF-'   'Y ' 365.00  'Y ' 365.00
 
*( 6)SURFACE SHAPE:
*  No.     X_Coord  Y_Coord  Offset
     4          0      9800  230.00
             6000     10400  200.00
            12000      9800  200.00
            12000         0  230.00
 
*( 7)BAY SPACING:
* Wall   No.   ---Bay_Set---
*  Id   Sets     Width  Quan
    1     1       6000    2
    2     3       7100    1
                  7500    4
                  7100    1
    3     1       6000    2
    4     3       7100    1
                  7500    4
                  7100    1
    5     3       7100    1
                  7500    4
                  7100    1
 
*( 8)CRANE RUNWAY LAYOUT:
*        Crane Runway -----------------Runway_Location----------------    Frame_Offset
*No. Id  Type  Orn      Elev    Offset      Span      Start        End    Left   Right
  1   1  'TG'  'L'      7500      1100      9900          0      44200     870     770
 
*( 9)CRANE OPTIONS:
*System Runway ---Support---        ----------Rail---------  Min_Crane   Set
* Id     Beam  Beam   Column Stops  Type  Depth Conn   Dead    Space    Order
   1     'N-'  'N-'   'N-'   'N-'   'R-'  45.00 'H '   30.0        0     'Y'
 
*(10)CRANE SYSTEM OPTIMIZATION:
*    --------Runway_Beam--------  -----Support_Beam-----  ---------Support_Column---------
*Sys ------Depth-----   Deflect   -----Depth------  Defl  ---Left_Depth--  --Right_Depth--
* Id Opt  Min   Max    Horz Vert  Opt  Min    Max   Vert  Opt  Min   Max   Opt  Min   Max
   1 '-'   0.0   0.0  400.  600.  '-'   0.0    0.0  150.  '-'   0.0   0.0  '-'   0.0   0.0
 
*(11)CRANE RUNWAY BEAM:
*    Sys Mem Rnwy        Member                            ----Web----   Bot_Flange    Top_Flange
* No. Id  Id Side  Locate Type  Opt  Beam       Channel    Depth Thick  Width  Thick  Width  Thick
   12  1   1 'L'        0 'WB'  '-' '--------' '--------'   0.00  0.00   0.00   0.00   0.00   0.00
       1   2 'R'        0 'WB'  '-' '--------' '--------'   0.00  0.00   0.00   0.00   0.00   0.00
       1   3 'L'     7100 'WB'  '-' '--------' '--------'   0.00  0.00   0.00   0.00   0.00   0.00
       1   4 'R'     7100 'WB'  '-' '--------' '--------'   0.00  0.00   0.00   0.00   0.00   0.00
       1   5 'L'    14600 'WB'  '-' '--------' '--------'   0.00  0.00   0.00   0.00   0.00   0.00
       1   6 'R'    14600 'WB'  '-' '--------' '--------'   0.00  0.00   0.00   0.00   0.00   0.00
       1   7 'L'    22100 'WB'  '-' '--------' '--------'   0.00  0.00   0.00   0.00   0.00   0.00
       1   8 'R'    22100 'WB'  '-' '--------' '--------'   0.00  0.00   0.00   0.00   0.00   0.00
       1   9 'L'    29600 'WB'  '-' '--------' '--------'   0.00  0.00   0.00   0.00   0.00   0.00
       1  10 'R'    29600 'WB'  '-' '--------' '--------'   0.00  0.00   0.00   0.00   0.00   0.00
       1  11 'L'    37100 'WB'  '-' '--------' '--------'   0.00  0.00   0.00   0.00   0.00   0.00
       1  12 'R'    37100 'WB'  '-' '--------' '--------'   0.00  0.00   0.00   0.00   0.00   0.00
 
*(12)CRANE SUPPORT BEAM:
*    Sys Member Rnwy                                 Conn
* No. Id   Id   Side   Locate Type Opt    Part       Type
   0
 
*(13)CRANE SUPPORT COLUMN:
*    Sys Member Rnwy                                       Base      Max
* No. Id   Id   Side   Locate Type Rot   Opt  Part         Elev      UBL
   0
 
*(14)CRANE BRACKET:
*       Sys Member Rnwy  ------------Bracket----------- Conn
*  No.   Id   Id   Side    Locate Type  Opt   Part      Type
   14     1    1    'L'         0 'R '  '-'  'W15a125 ' '--'
          1    2    'R'         0 'R '  '-'  'W15a125 ' '--'
          1    3    'L'      7100 'R '  '-'  'W15a125 ' '--'
          1    4    'R'      7100 'R '  '-'  'W15a125 ' '--'
          1    5    'L'     14600 'R '  '-'  'W15a125 ' '--'
          1    6    'R'     14600 'R '  '-'  'W15a125 ' '--'
          1    7    'L'     22100 'R '  '-'  'W15a125 ' '--'
          1    8    'R'     22100 'R '  '-'  'W15a125 ' '--'
          1    9    'L'     29600 'R '  '-'  'W15a125 ' '--'
          1   10    'R'     29600 'R '  '-'  'W15a125 ' '--'
          1   11    'L'     37100 'R '  '-'  'W15a125 ' '--'
          1   12    'R'     37100 'R '  '-'  'W15a125 ' '--'
          1   13    'L'     44200 'R '  '-'  'W15a125 ' '--'
          1   14    'R'     44200 'R '  '-'  'W15a125 ' '--'
 
*(15)CRANE STOP:
*    Sys Member Rnwy                                Conn
* No. Id   Id   Side   Locate Type Opt   Part       Type
   0
 
*(16)CRANE MEMBER:
*     Sys                        --Wheel_Base--
*No.  Id  Id    Start      End      Out      In
  1    1   1        0    44000     1900       0
 
*(17)CRANE LOAD:
*                                                                Vertical_Impact
*     Sys               --------------Wheel_Loads-------------    Frame    Beam   Overload Service    No.
*No.  Id  Id  Capacity  Bridge  Hoist  Vertical  Lateral  Long   Factor  Factor    Factor    Class  Cycles
  1    1   1    50.00    3.78    0.95   30.00     2.69    3.00     1.10    1.10     0.00      'C'   500000
 
*(18)INDEPENDENT DIAGONAL BRACING:
*             Support_Beam  --------Runway_Brace---------
*System  Rnwy    Brace      Brace Brace    No.
*  Id    Side    Type       Type   Opt    Bays     Bay_Id
    1    'L'     'N '       'N '   '  '     0
    1    'R'     'N '       'N '   '  '     0
 
*(19)DESIGN CODE OPTIONS:
*No.   Event                         Condition
  0
 
* Code file used:
*   MBMA.10N


================================================================================
 C163-027_Crane      Design Code                            28/NOV/2025  2:48pm
================================================================================

 STRUCTURAL CODE:
 ----------------
   Design Basis      : WS - Working Stress
   Hot  Rolled Steel : AISC05
   Cold Formed Steel : NAUS07

 BUILDING CODE:
 --------------
   Wind Code         : MBMA 10
   Seismic Zone      : B  

 MODULUS OF ELASTICITY:
 ----------------------
   Hot  Rolled Steel : 199955 (MN/m2)
   Cold Formed Steel : 203403 (MN/m2)
 


================================================================================
 C163-027_Crane      Crane System  1                        28/NOV/2025  2:48pm
================================================================================

 CRANE SYSTEM:
 -------------
   -Crane-  Runway   --------------Runway_Location--------------
   Id Type  Orient      Elev   Offset     Span    Start      End
   -- ----  ------   -------  -------  -------  -------  -------
    1  TG      L      7500.0   1100.0   9900.0      0.0  44200.0

 CRANE LOADING:
 --------------
           Capacity  Wheel_Load(kN)   Wheel_Base(mm)  ----Range(mm)-----   Serv     No.
  Id           (kN)    Vert     Lat      Out      In     Start       End  Class  Cycles
  -------  --------  ------  ------  ------- -------  --------  --------  ----- -------
  Crane1      50.00   30.00    2.69   1900.0     0.0       0.0   44000.0     C   500000

  Lateral load based on total carried by both runway beams

 RUNWAY BEAM:
 ------------

  LAYOUT:
           Bay                           Beam      Channel   Ds_CrnBm  Unbrace_Len(mm)
   Id       Id Side   Start  Length Type Part      Part      Name       Major  Minor  Cb
   ------- --- ----  ------  ------ ---- --------  --------  --------  ------ ------ ----
   Beam1     1   L    365.0  6735.0  WB  W40b2210  --------  W40b2210  6735.0 2888.6 1.00
   Beam2     1   R    365.0  6735.0  WB  W40b2210  --------  W40b2210  6735.0 2888.6 1.00
   Beam3     2   L   7100.0  7500.0  WB  W40b2510  --------  W40b2510  7500.0 3276.6 1.00
   Beam4     2   R   7100.0  7500.0  WB  W40b2510  --------  W40b2510  7500.0 3276.6 1.00
   Beam5     3   L  14600.0  7500.0  WB  W40b2510  --------  W40b2510  7500.0 3281.6 1.00
   Beam6     3   R  14600.0  7500.0  WB  W40b2510  --------  W40b2510  7500.0 3281.6 1.00
   Beam7     4   L  22100.0  7500.0  WB  W40b2510  --------  W40b2510  7500.0 3274.6 1.00
   Beam8     4   R  22100.0  7500.0  WB  W40b2510  --------  W40b2510  7500.0 3274.6 1.00
   Beam9     5   L  29600.0  7500.0  WB  W40b2510  --------  W40b2510  7500.0 3272.2 1.00
   Beam10    5   R  29600.0  7500.0  WB  W40b2510  --------  W40b2510  7500.0 3272.2 1.00
   Beam11    6   L  37100.0  6735.0  WB  W40b2210  --------  W40b2210  6735.0 2895.2 1.00
   Beam12    6   R  37100.0  6735.0  WB  W40b2210  --------  W40b2210  6735.0 2895.2 1.00

  MEMBER SIZE:
             ----Web----   Top_Flange   Bot_Flange
   Part      Depth Thick  Width Thick  Width Thick
   --------  ----- -----  ----- -----  ----- -----
   W40b2210  400.0  5.00  225.0 10.00  225.0 10.00
   W40b2510  400.0  5.00  250.0 10.00  250.0 10.00

  BENDING:
           ------Compression_Flange(kN-m)------  -Tension_Flange(kN-m)-
           Ld Vertical_Load  Lateral_Load        Ld Vertical_Load
   Id      Id   Calc  Limit   Calc  Limit    UC  Id   Calc  Limit    UC
   ------- --  -----  -----  -----  -----  ----  --  -----  -----  ----
   Beam1    1  86.38 210.41a  6.68  22.75b 0.70   1  86.38 228.56c 0.38 
   Beam2    1  86.38 210.41a  6.68  22.75b 0.70   1  86.38 228.56c 0.38 
   Beam3    1 100.12 217.77a  7.69  25.75b 0.76   1 100.12 249.43c 0.40 
   Beam4    1 100.12 217.77a  7.69  25.75b 0.76   1 100.12 249.43c 0.40 
   Beam5    1 100.13 217.77a  7.69  25.75b 0.76   1 100.13 249.43c 0.40 
   Beam6    1 100.13 217.77a  7.69  25.75b 0.76   1 100.13 249.43c 0.40 
   Beam7    1 100.12 217.77a  7.69  25.75b 0.76   1 100.12 249.43c 0.40 
   Beam8    1 100.12 217.77a  7.69  25.75b 0.76   1 100.12 249.43c 0.40 
   Beam9    1 100.12 217.77a  7.69  25.75b 0.76   1 100.12 249.43c 0.40 
   Beam10   1 100.12 217.77a  7.69  25.75b 0.76   1 100.12 249.43c 0.40 
   Beam11   1  86.38 210.41a  6.68  22.75b 0.70   1  86.38 228.56c 0.38 
   Beam12   1  86.38 210.41a  6.68  22.75b 0.70   1  86.38 228.56c 0.38 

  SHEAR & SIDESWAY BUCKLING:
                                      --------Sidesway_Buckling---------
            -------Shear(kN)-------  [(dc/tw)/(L/bf)] Wheel_Load(kN)
   Id       Ld    Calc  Limit    UC    Calc  Limit    Calc   Limit    UC
   -------  --  ------ ------  ----   -----  -----   -----   -----  ----
   Beam1     1   59.21 178.04d 0.33    2.67   1.70   33.00    (a)        
   Beam2     1   59.21 178.04d 0.33    2.67   1.70   33.00    (a)        
   Beam3     1   60.76 178.04d 0.34    2.67   1.70   33.00    (a)        
   Beam4     1   60.76 178.04d 0.34    2.67   1.70   33.00    (a)        
   Beam5     1   60.72 178.04d 0.34    2.67   1.70   33.00    (a)        
   Beam6     1   60.72 178.04d 0.34    2.67   1.70   33.00    (a)        
   Beam7     1   60.64 178.04d 0.34    2.67   1.70   33.00    (a)        
   Beam8     1   60.64 178.04d 0.34    2.67   1.70   33.00    (a)        
   Beam9     1   60.62 178.04d 0.34    2.67   1.70   33.00    (a)        
   Beam10    1   60.62 178.04d 0.34    2.67   1.70   33.00    (a)        
   Beam11    1   59.28 178.04d 0.33    2.67   1.70   33.00    (a)        
   Beam12    1   59.28 178.04d 0.33    2.67   1.70   33.00    (a)        

   (a)Sidesway Buckling Does Not Apply

  WEB YIELDING & WEB CRIPPLING:
            --------Web_Yielding(kN)--------    --------Web_Crippling(kN)-------
            Ld  Bearing    Max                  Ld  Bearing    Max
   Id       Id    Width   Load   Limit    UC    Id    Width   Load   Limit    UC
   -------  --  ------- ------  ------  ----    --  ------- ------  ------  ----
   Beam1     1    90.00  33.00  144.55  0.23     1    90.00  33.00   71.87  0.46 
   Beam2     1    90.00  33.00  144.55  0.23     1    90.00  33.00   71.87  0.46 
   Beam3     1    90.00  33.00  144.55  0.23     1    90.00  33.00   71.87  0.46 
   Beam4     1    90.00  33.00  144.55  0.23     1    90.00  33.00   71.87  0.46 
   Beam5     1    90.00  33.00  144.55  0.23     1    90.00  33.00   71.87  0.46 
   Beam6     1    90.00  33.00  144.55  0.23     1    90.00  33.00   71.87  0.46 
   Beam7     1    90.00  33.00  144.55  0.23     1    90.00  33.00   71.87  0.46 
   Beam8     1    90.00  33.00  144.55  0.23     1    90.00  33.00   71.87  0.46 
   Beam9     1    90.00  33.00  144.55  0.23     1    90.00  33.00   71.87  0.46 
   Beam10    1    90.00  33.00  144.55  0.23     1    90.00  33.00   71.87  0.46 
   Beam11    1    90.00  33.00  144.55  0.23     1    90.00  33.00   71.87  0.46 
   Beam12    1    90.00  33.00  144.55  0.23     1    90.00  33.00   71.87  0.46 

   Code Reference
   --------------
    a)AISC05   - F3-1      
    b)AISC05   - F6-2      
    c)AISC05   - F2-1      
    d)AISC05   - G2-1      

  DEFLECTION:
            ----Vertical(mm)---  ----Lateral(mm)----
            Ld                   Ld
   Id       Id  Calc Limit   UC  Id  Calc Limit   UC
   -------  -- ----- ----- ----  -- ----- ----- ----
   Beam1     1   7.9  11.2 0.70   1  16.1  16.8 0.95 
   Beam2     1   7.9  11.2 0.70   1  16.1  16.8 0.95 
   Beam3     1  10.2  12.5 0.81   1  16.5  18.8 0.88 
   Beam4     1  10.2  12.5 0.81   1  16.5  18.8 0.88 
   Beam5     1  10.2  12.5 0.81   1  16.5  18.7 0.88 
   Beam6     1  10.2  12.5 0.81   1  16.5  18.7 0.88 
   Beam7     1  10.2  12.5 0.81   1  16.5  18.8 0.88 
   Beam8     1  10.2  12.5 0.81   1  16.5  18.8 0.88 
   Beam9     1  10.2  12.5 0.81   1  16.5  18.8 0.88 
   Beam10    1  10.2  12.5 0.81   1  16.5  18.8 0.88 
   Beam11    1   7.9  11.2 0.70   1  16.1  16.8 0.95 
   Beam12    1   7.9  11.2 0.70   1  16.1  16.8 0.95 

 FATIGUE CHECK:
 --------------

  BOTTOM FLANGE:
            Load  Moment(kN-m) Stress(MN/m2) Stress_Range(MN/m2)   Serv
   Id        Id     Max   Min     Max   Min    Calc Limit     UC  Class  Cycles
   -------  ----  ----- -----   ----- -----   ----- -----  -----  ----- -------
   Beam1      1    78.9   4.4      77     4      72   110c  0.66     C         
   Beam2      1    78.9   4.4      77     4      72   110c  0.66     C         
   Beam3      1    91.5   5.8      81     5      76   110c  0.69     C         
   Beam4      1    91.5   5.8      81     5      76   110c  0.69     C         
   Beam5      1    91.5   5.8      81     5      76   110c  0.69     C         
   Beam6      1    91.5   5.8      81     5      76   110c  0.69     C         
   Beam7      1    91.5   5.8      81     5      76   110c  0.69     C         
   Beam8      1    91.5   5.8      81     5      76   110c  0.69     C         
   Beam9      1    91.5   5.8      81     5      76   110c  0.69     C         
   Beam10     1    91.5   5.8      81     5      76   110c  0.69     C         
   Beam11     1    78.9   4.4      77     4      72   110c  0.66     C         
   Beam12     1    78.9   4.4      77     4      72   110c  0.66     C         

  TOP FLANGE:
            Load  Moment(kN-m) Stress(MN/m2) Stress_Range(MN/m2)   Serv
   Id        Id    Vert   Lat    Vert   Lat    Calc Limit     UC  Class  Cycles
   -------  ----  ----- -----   ----- -----   ----- -----  -----  ----- -------
   Beam1      1    78.9   6.7      77    79       6   110c  0.06     C         
   Beam2      1    78.9   6.7      77    79       6   110c  0.06     C         
   Beam3      1    91.5   7.7      81    74      -2      a           C         
   Beam4      1    91.5   7.7      81    74      -2      a           C         
   Beam5      1    91.5   7.7      81    74      -2      a           C         
   Beam6      1    91.5   7.7      81    74      -2      a           C         
   Beam7      1    91.5   7.7      81    74      -2      a           C         
   Beam8      1    91.5   7.7      81    74      -2      a           C         
   Beam9      1    91.5   7.7      81    74      -2      a           C         
   Beam10     1    91.5   7.7      81    74      -2      a           C         
   Beam11     1    78.9   6.7      77    79       6   110c  0.06     C         
   Beam12     1    78.9   6.7      77    79       6   110c  0.06     C         
 
   Notes
   -----
    a) - No tension in channel or top flange                                          
    c) - AISC05, Appendix 3, Table A-3.1, case 3.1, welded plate - No fatigue present 

 CRANE LOCATION @ MAX MOMENT:
 ----------------------------
           Ld  ---Crane--
  Id       Id  Id  Offset
  -------  --  --  ------
  Beam1     1   1  3261.4
  Beam2     1   1  3261.4
  Beam3     1   1 10373.4
  Beam4     1   1 10373.4
  Beam5     1   1 18831.6
  Beam6     1   1 18831.6
  Beam7     1   1 26324.6
  Beam8     1   1 26324.6
  Beam9     1   1 32877.8
  Beam10    1   1 32877.8
  Beam11    1   1 39989.8
  Beam12    1   1 39989.8

 CRANE COMBINATIONS:
 -------------------
  Load   Vert  Horz Crane    Vert  Horz Crane
   Id   Coeff Coeff   Id    Coeff Coeff   Id
  ----  ----- ----- -----   ----- ----- -----
    1    1.10  1.00    1


================================================================================
 C163-027_Crane      Web To Flange Weld (System  1)         28/NOV/2025  2:48pm
================================================================================

 WELDS:
 ------
                                           ---Fatigue--  --Stitch(mm)-
                             Shear(kN/mm)  Shear(kN/mm)    Min
  Id      Loc    Size  Type   Calc Limit    Calc  Limit  Length  Space
  ------- ----  -----  ----  ----- -----   -----  -----  ------  -----
  Beam1   Top    4.00  F2    0.063 0.410                              
          Bot    4.00  F2    0.063 0.410   0.060  0.235               
  Beam2   Top    4.00  F2    0.063 0.410                              
          Bot    4.00  F2    0.063 0.410   0.060  0.235               
  Beam3   Top    4.00  F2    0.066 0.410                              
          Bot    4.00  F2    0.066 0.410   0.062  0.235               
  Beam4   Top    4.00  F2    0.066 0.410                              
          Bot    4.00  F2    0.066 0.410   0.062  0.235               
  Beam5   Top    4.00  F2    0.066 0.410                              
          Bot    4.00  F2    0.066 0.410   0.062  0.235               
  Beam6   Top    4.00  F2    0.066 0.410                              
          Bot    4.00  F2    0.066 0.410   0.062  0.235               
  Beam7   Top    4.00  F2    0.066 0.410                              
          Bot    4.00  F2    0.066 0.410   0.062  0.235               
  Beam8   Top    4.00  F2    0.066 0.410                              
          Bot    4.00  F2    0.066 0.410   0.062  0.235               
  Beam9   Top    4.00  F2    0.066 0.410                              
          Bot    4.00  F2    0.066 0.410   0.062  0.235               
  Beam10  Top    4.00  F2    0.066 0.410                              
          Bot    4.00  F2    0.066 0.410   0.062  0.235               
  Beam11  Top    4.00  F2    0.063 0.410                              
          Bot    4.00  F2    0.063 0.410   0.060  0.235               
  Beam12  Top    4.00  F2    0.063 0.410                              
          Bot    4.00  F2    0.063 0.410   0.060  0.235               

 WELD FACTORS:
 -------------
                                            ---Fatigue(MN/m2)--
               Load  Shear     Q     Ixx    Shear  Stress_Range
  Id      Loc   Id    (kN)  (cm3)   (cm4)    (kN)   Calc  Limit
  ------- ---- ----  -----  -----  ------   -----  -----  -----
  Beam1   Top    1   59.21    461   21582                      
          Bot    1   59.21    461   21582   56.53   21.4   83.2
  Beam2   Top    1   59.21    461   21582                      
          Bot    1   59.21    461   21582   56.53   21.4   83.2
  Beam3   Top    1   60.76    513   23683                      
          Bot    1   60.76    513   23683   57.64   22.0   83.2
  Beam4   Top    1   60.76    513   23683                      
          Bot    1   60.76    513   23683   57.64   22.0   83.2
  Beam5   Top    1   60.72    513   23683                      
          Bot    1   60.72    513   23683   57.60   22.0   83.2
  Beam6   Top    1   60.72    513   23683                      
          Bot    1   60.72    513   23683   57.60   22.0   83.2
  Beam7   Top    1   60.64    513   23683                      
          Bot    1   60.64    513   23683   57.52   22.0   83.2
  Beam8   Top    1   60.64    513   23683                      
          Bot    1   60.64    513   23683   57.52   22.0   83.2
  Beam9   Top    1   60.62    513   23683                      
          Bot    1   60.62    513   23683   57.50   22.0   83.2
  Beam10  Top    1   60.62    513   23683                      
          Bot    1   60.62    513   23683   57.50   22.0   83.2
  Beam11  Top    1   59.28    461   21582                      
          Bot    1   59.28    461   21582   56.60   21.4   83.2
  Beam12  Top    1   59.28    461   21582                      
          Bot    1   59.28    461   21582   56.60   21.4   83.2


================================================================================
 C163-027_Crane      Crane Bracing                          28/NOV/2025  2:48pm
================================================================================


================================================================================
 C163-027_Crane      Crane Angles                           28/NOV/2025  2:48pm
================================================================================

 RUNWAY LONGITUDINAL ANGLE:
 --------------------------

  Angle Yield=  250 MN/m2
  Angle Bolt = 20.00 (Gr8.8)
  Connection
    Runway   = S9
    Frame    = S4

  System  ---Runway---   Col  -Brace_Dist- Design            Force  --Brace_UC--  --Bolt_UC-
    Id    Side  Locate  Side  Depth  Width Length  Part       (kN)   Comp   Tens  Shear Bear
  ------  ----  ------  ----  -----  ----- ------  --------  -----  -----  -----  ----- ----
     1      L    365.0    R   870.0  770.0  975.8  L75X6      1.41   0.02   0.02   0.03 0.02
     1      L   7100.0    L   870.0  770.0  975.8  L75X6      1.41   0.02   0.02   0.03 0.02
     1      L   7100.0    R   870.0  770.0  975.8  L75X6      1.41   0.02   0.02   0.03 0.02
     1      L  14600.0    L   870.0  770.0  975.8  L75X6      1.41   0.02   0.02   0.03 0.02
     1      L  14600.0    R   870.0  770.0  975.8  L75X6      1.41   0.02   0.02   0.03 0.02
     1      L  22100.0    L   870.0  770.0  975.8  L75X6      1.41   0.02   0.02   0.03 0.02
     1      L  22100.0    R   870.0  770.0  975.8  L75X6      1.41   0.02   0.02   0.03 0.02
     1      L  29600.0    L   870.0  770.0  975.8  L75X6      1.41   0.02   0.02   0.03 0.02
     1      L  29600.0    R   870.0  770.0  975.8  L75X6      1.41   0.02   0.02   0.03 0.02
     1      L  37100.0    L   870.0  770.0  975.8  L75X6      1.41   0.02   0.02   0.03 0.02
     1      L  37100.0    R   870.0  770.0  975.8  L75X6      1.41   0.02   0.02   0.03 0.02
     1      L  43835.0    L   870.0  770.0  975.8  L75X6      1.41   0.02   0.02   0.03 0.02
     1      R    365.0    R   770.0  670.0  834.4  L75X6      1.41   0.02   0.02   0.03 0.02
     1      R   7100.0    L   770.0  670.0  834.4  L75X6      1.41   0.02   0.02   0.03 0.02
     1      R   7100.0    R   770.0  670.0  834.4  L75X6      1.41   0.02   0.02   0.03 0.02
     1      R  14600.0    L   770.0  670.0  834.4  L75X6      1.41   0.02   0.02   0.03 0.02
     1      R  14600.0    R   770.0  670.0  834.4  L75X6      1.41   0.02   0.02   0.03 0.02
     1      R  22100.0    L   770.0  670.0  834.4  L75X6      1.41   0.02   0.02   0.03 0.02
     1      R  22100.0    R   770.0  670.0  834.4  L75X6      1.41   0.02   0.02   0.03 0.02
     1      R  29600.0    L   770.0  670.0  834.4  L75X6      1.41   0.02   0.02   0.03 0.02
     1      R  29600.0    R   770.0  670.0  834.4  L75X6      1.41   0.02   0.02   0.03 0.02
     1      R  37100.0    L   770.0  670.0  834.4  L75X6      1.41   0.02   0.02   0.03 0.02
     1      R  37100.0    R   770.0  670.0  834.4  L75X6      1.41   0.02   0.02   0.03 0.02
     1      R  43835.0    L   770.0  670.0  834.4  L75X6      1.41   0.02   0.02   0.03 0.02


 RUNWAY LATERAL ANGLE:
 ---------------------

  Angle Yield=  250 MN/m2
  Angle Bolt = 20.00 (Gr8.8)
  Connection
    Runway   = S9
    Frame    = S9

  System  ---Runway---  Design                 Force  -Angle_UC-  --Bolt_UC-
    Id    Side  Locate  Length  No.  Part       (kN)  Comp  Tens  Shear Bear
  ------  ----  ------  ------  ---  --------  -----  ----  ----  ----- ----
     1      L    365.0   457.2   1   L100X8     4.62  0.04  0.05   0.09 0.05
     1      L   7100.0   457.2   2   L100X8     4.70  0.04  0.05   0.09 0.05
     1      L  14600.0   457.2   2   L100X8     4.70  0.04  0.05   0.09 0.05
     1      L  22100.0   457.2   2   L100X8     4.69  0.04  0.05   0.09 0.05
     1      L  29600.0   457.2   2   L100X8     4.69  0.04  0.05   0.09 0.05
     1      L  37100.0   457.2   2   L100X8     4.69  0.04  0.05   0.09 0.05
     1      L  43835.0   457.2   1   L100X8     4.62  0.04  0.05   0.09 0.05
     1      R    365.0   457.2   1   L100X8     4.62  0.04  0.05   0.09 0.05
     1      R   7100.0   457.2   2   L100X8     4.70  0.04  0.05   0.09 0.05
     1      R  14600.0   457.2   2   L100X8     4.70  0.04  0.05   0.09 0.05
     1      R  22100.0   457.2   2   L100X8     4.69  0.04  0.05   0.09 0.05
     1      R  29600.0   457.2   2   L100X8     4.69  0.04  0.05   0.09 0.05
     1      R  37100.0   457.2   2   L100X8     4.69  0.04  0.05   0.09 0.05
     1      R  43835.0   457.2   1   L100X8     4.62  0.04  0.05   0.09 0.05



================================================================================
 C163-027_Crane      Crane System Reactions                 28/NOV/2025  2:48pm
================================================================================

 REACTIONS WITH SINGLE CRANE:
 ----------------------------

  System                 Horiz   -----Vertical(kN)-----  Crane
    Id    Side  Locate    (kN)      Min     Max    Dead    Id
  ------  ----  ------  ------   ------  ------  ------  -----
     1      L    365.0    4.62     9.17   59.36   10.80     1
     1      R    365.0    4.62     9.17   59.36   10.80     1
     1      L   7100.0    4.70    12.40   63.44   14.06     1
     1      R   7100.0    4.70    12.40   63.44   14.06     1
     1      L  14600.0    4.70    12.85   63.89   14.51     1
     1      R  14600.0    4.70    12.85   63.89   14.51     1
     1      L  22100.0    4.70    12.85   63.89   14.51     1
     1      R  22100.0    4.70    12.85   63.89   14.51     1
     1      L  29600.0    4.70    12.85   63.89   14.51     1
     1      R  29600.0    4.70    12.85   63.89   14.51     1
     1      L  37100.0    4.70    12.40   63.44   14.06     1
     1      R  37100.0    4.70    12.40   63.44   14.06     1
     1      L  43835.0    4.62     9.17   59.36   10.80     1
     1      R  43835.0    4.62     9.17   59.36   10.80     1


================================================================================
 C163-027_Crane      Weight Summary                         28/NOV/2025  2:48pm
================================================================================

               CRANE SYSTEM  1
                                            Weight
                 Description                  (kg)
                 -----------             ---------
                 Runway+Rail           =   7284.84
                 Angles                =    226.89
                                         ---------
                 Total                 =   7511.73


================================================================================
 C163-027_Crane      Warning Report                         28/NOV/2025  2:48pm
================================================================================

                   .. No Warnings
