*===============================================================================
*C163-027            Sidewall Design Input                  19/JAN/2026 10:57am
*===============================================================================
 
*( 1)JOBID:
    'C163-027'
 
*( 2)PROGRAM OPTIONS:
*Sidewall  Run    Run    Lap
*   Id     Girt   Panel Stiff
   'B'      'Y'   'Y'    0.50
 
*( 3)DESIGN CODE:
*Design  ---Steel_Code---             ---Build---   Code     Seismic
* Code   Cold       Hot      Country  Code   Year   Label     Zone
  'WS'  'NAUS07  ' 'AISC05'  '    '  'MBMA'  '10'  'MBMA 10 ' 'B  '
 
*( 4)DESIGN CONSTANTS:
*               ---Strength_Factors--
* Stress_Ratio          ---Seismic---
* Girt   Panel    Wind   Frame  Brace
  1.00    1.00  1.0000  1.0000 1.0000
 
*( 5)STEEL YIELDS:
* Web   Flg  C_Sec  W_Sec  R_Sec  P_Sec  T_Sec  U_Sec    EP     BP
  340   340    350    340    250    345    317    250   340    340
 
*( 6)DEFLECTION LIMITS:
* ---Girt---  --Panel---
* Wall Facia  Wall Facia
   90.  120.   90.  120.
 
*( 7)REPORTS:
*   Input  Wall  Door  Wall
*   Echo   Girt  Jamb  Panel
    'Y'    'Y'   'Y'   'Y'
 
*( 8)BUILDING LAYOUT:
*---------Build----------   -----Left_Expand_EW-----   -----Right_Expand_EW----
* Type    Width    Length   Use  Opt  Extend  Offset   Use  Opt  Extend  Offset
 'FF-'  12200.0   45730.0  'Y '  '-'    0.00  415.00  'Y '  '-'    0.00  415.00
 
*( 9)WALL LAYOUT:
* Id  Use     Type Opt     Start   Length
   4 'BACK  '  '-' '-'       0.0  45730.0
 
*(10)SURFACE SHAPE:
* No.    X_Coord  Y_Coord  Offset
   4         0.0   9600.0  200.00
          6100.0  10210.0  200.00
         12200.0   9600.0  200.00
         12200.0      0.0  200.00
 
*(11)SIDEWALL BAY SPACING:
*   No.   ---Bay_Set---
*  Sets     Width  Quan
     3     7805.0    1
           7530.0    4
           7805.0    1
 
*(12)WALL OPENINGS:
*         ----Bay---                            Sill   Base    Set  Panel  JambL/JambR/Header/Sill
*No.  Id  Id  Offset  Type    Width   Height  Height   Elev  Depth   Opt    Type    Part
  0
 
*(13)PARTIAL WALLS:
*                --Bay_Id-  ----Offset----          Jamb Base  Top Full_Load  ------Panel------  Deflect_Limit
*No. Id  Use Opt Start End   Start     End   Height Type Type Type Girt  Col  Part      Opt Rot   Girt   Panel
  1   4  'P' 'O'    1    6     0.0     0.0   3000.0  '-'  '-'  '-'  'N'  'Y' '--------' '-' '-'   90.0    90.0
 
*(14)GIRT DESIGN:
*Girt  --Flange_Strap--    Set     Set     Max
*Type  Out  In    Space  Depth     Lap   Space
 'ZB'  'C'  'Y'  2250.0 200.00     0.0  1500.0
 
*(15)GIRT LOCATION:
* Set
* Loc   No.   Location
  'Y'    5    3080.0   4580.0   6080.0   7580.0   8980.0
 
*(16)SPECIAL GIRT:
*     --Bay_Id--
*No.  Start  End   Height  Type  Rot  Part       Use
  0
 
*(17)PANELS/GUTTERS:
*----Wall_Panel----  -----Gutter-----  ------Insulation-----  Stand
* Part      Opt Rot  Use  Type  Width  Use  Thick  Part       Seam
 '40333 .5' '-' '-'  '-'  'Y'    0.00  'N'   0.00 '--------'  'N'
 
*(18)LINER PANELS:
*      --Bay_Id-                       Flange
*No.   Start End    Height   Part       Opt
  0
 
*(19)FACIA/PARAPET:
*                     -Bay_Id--    Horz -Vertical_Size-   --Edge_Extend-           Beam
* No.   Id  Type Opt  Start End   Width    Elev  Height     Left   Right  Mount     Lap
   0
 
*(20)FACIA/PARAPET GIRTS:
*Ext ---Top--  Interior  -Gutter-    Set
*Id  Type Rot  Type Rot  Type Rot  Depth
 
*(21)FACIA/PARAPET PANELS:
*Ext  Front      -----Back----    Angle
*Id   Part       Part      Rot  Spacing
 
*(22)LOAD GROUPS:
*    Group
*No.   Id   Description
   1  '-'  'Standard            '
 
*(23)BASIC LOADS:
*              ---Deflection---    Wind
*Group Basic      Load_Ratio       Load  -------Seismic-------
*  Id   Wind   Snow  Wind  Seis  Factor   Dead   Coeff  Factor
  '-' 0.5613   1.00  1.00  1.00    1.00 0.0957  0.0000    1.00
 
*(24)EDGE ZONE:
*                                    ---Ratio---
*Group -Left_Zone--   -Right_Zone-   Girt/
*  Id  Width   Base   Width   Base   Jamb  Panel
  '-'   1220      0    1220      0   1.07   1.00
 
*(25)WIND PRESSURE/SUCTION:
*Group   Wind    Wind
*  Id   Press    Suct
  '-'  0.4906 -0.5411    .. Girt/Header
  '-'  0.6062 -0.6568    .. Panel
  '-'  0.4906 -0.5411    .. Jamb
  '-'  0.0000  0.0000    .. Parapet Girt
 
*(26)GIRT LAPS:
*      Data  ------Set_1-------  ------Set_2-------  ------Set_3-------
* Opt  Sets  Left    Right Quan  Left    Right Quan  Left    Right Quan
  '-'   0
 
*(27)GIRT STRAPS:
*     Data  ---Set_1---  ---Set_2---  ---Set_3---  ---Set_4---
*Opt  Sets  Strap  Quan  Strap  Quan  Strap  Quan  Strap  Quan
 '-'   0
 
*(28)EXPANSION JOINTS:
* No.  Expansion_Location
   0
 
*(29)BEAMS:
*     Bay
*No.   Id Use    Height   Offset  Locate1  Locate2
  0
 
*(30)DESIGN CODE OPTIONS:
*No.   Event                         Condition
  0
 
*(31)PANEL SCREWS:
* No.                                    Washer
*Zone Zone   Part          Dia    Limit     Dia  -------Spacing------
   2 'INT ' '14x20SDS'    4.80   13.700   19.00  250.00 125.00  83.33
     'EDGE' '14x20SDS'    4.80   13.700   19.00  250.00 125.00  83.33
 
*(32)GIRT LAYOUT:
*      Bay                                    -----Extend----   Frame_Opt  -Frame_Id-
*  No.  Id   Locate  Type  Rot Opt  Part         Left   Right  Left Right  Left Right
    0
 
* Code files used:
*   MBMA.10N
*   EW_MBMA.10N Version 4.0


================================================================================
 C163-027            Wall 4 - Design Code                   19/JAN/2026 10:57am
================================================================================

 STRUCTURAL CODE:
 ----------------
   Design Basis      : WS - Working Stress
   Hot  Rolled Steel : AISC05
   Cold Formed Steel : NAUS07  

 BUILDING CODE:
 --------------
   Wind Code         : MBMA 10
   Seismic Zone      : B  

 MODULUS OF ELASTICITY:
 ----------------------
   Hot  Rolled Steel : 199955 (MN/m2)
   Cold Formed Steel : 203403 (MN/m2)
 

================================================================================
 C163-027            Wall 4 - Bypass Girt Layout            19/JAN/2026 10:57am
================================================================================

 GIRT LAYOUT:
 ------------
         Des Bay             Bay_Offset Design ---Extend--         ----Max_Load---
  Locate  Id  Id Part       Start   End Length  Left Right Weight  Id   UC Report  Rot
  ------ --- --- --------   ----- ----- ------ ----- ----- ------  -- ---- ------- ---
    3080   1   1 200Z15       415  7805   7390     0   330   31.3  WS 0.42 Moment   D
               2 200Z15         0  7530   7530   330   330   33.3  WS 0.44 Moment   D
               3 200Z15         0  7530   7530   330   330   33.3  WS 0.35 Moment   D
               4 200Z15         0  7530   7530   330   330   33.3  WS 0.35 Moment   D
               5 200Z15         0  7530   7530   330   330   33.3  WS 0.44 Moment   D
               6 200Z15         0  7390   7390   330     0   31.3  WS 0.42 Moment   D
  ------ --- --- --------   ----- ----- ------ ----- ----- ------  -- ---- ------- ---
    4580   2   1 200Z15       415  7805   7390     0   330   31.3  WS 0.80 Moment   D
               2 200Z15         0  7530   7530   330   330   33.3  WS 0.83 Moment   D
               3 200Z15         0  7530   7530   330   330   33.3  WS 0.66 Moment   D
               4 200Z15         0  7530   7530   330   330   33.3  WS 0.66 Moment   D
               5 200Z15         0  7530   7530   330   330   33.3  WS 0.83 Moment   D
               6 200Z15         0  7390   7390   330     0   31.3  WS 0.80 Moment   D
  ------ --- --- --------   ----- ----- ------ ----- ----- ------  -- ---- ------- ---
    6080   3   1 200Z15       415  7805   7390     0   330   31.3  WS 0.80 Moment   D
               2 200Z15         0  7530   7530   330   330   33.3  WS 0.83 Moment   D
               3 200Z15         0  7530   7530   330   330   33.3  WS 0.66 Moment   D
               4 200Z15         0  7530   7530   330   330   33.3  WS 0.66 Moment   D
               5 200Z15         0  7530   7530   330   330   33.3  WS 0.83 Moment   D
               6 200Z15         0  7390   7390   330     0   31.3  WS 0.80 Moment   D
  ------ --- --- --------   ----- ----- ------ ----- ----- ------  -- ---- ------- ---
    7580   4   1 200Z15       415  7805   7390     0   330   31.3  WS 0.77 Moment   D
               2 200Z15         0  7530   7530   330   330   33.3  WS 0.80 Moment   D
               3 200Z15         0  7530   7530   330   330   33.3  WS 0.64 Moment   D
               4 200Z15         0  7530   7530   330   330   33.3  WS 0.64 Moment   D
               5 200Z15         0  7530   7530   330   330   33.3  WS 0.80 Moment   D
               6 200Z15         0  7390   7390   330     0   31.3  WS 0.77 Moment   D
  ------ --- --- --------   ----- ----- ------ ----- ----- ------  -- ---- ------- ---
    8980   5   1 200Z15       415  7805   7390     0   330   31.3  WS 0.48 Moment   D
               2 200Z15         0  7530   7530   330   330   33.3  WS 0.50 Moment   D
               3 200Z15         0  7530   7530   330   330   33.3  WS 0.40 Moment   D
               4 200Z15         0  7530   7530   330   330   33.3  WS 0.40 Moment   D
               5 200Z15         0  7530   7530   330   330   33.3  WS 0.50 Moment   D
               6 200Z15         0  7390   7390   330     0   31.3  WS 0.48 Moment   D
 
                                      WS - Wind_Suction                  
 

 GIRT INSIDE FLANGE BRACE:
 -------------------------
  No._Brace/Bay
    1   2   3   4   5   6
  --- --- --- --- --- ---
    3   3   3   3   3   3

================================================================================
 C163-027            Wall 4 - Girt Design  1 (Locate  3080) 19/JAN/2026 10:57am
================================================================================

 GIRT LAYOUT:
 ------------
                                                                      Available
                                                                      Reduction
  Bay                      Design  --Lap(mm)--   Load   No.             Factor
   Id  Part        Locate  Length  Left  Right  Width  Brace  Weight   Out   In
  ---  --------   -------  ------  ----  -----  -----  -----  ------  ---- ----
    1  200Z15      3080.0    7390          330    790    3      31.3  0.00 0.70
    2  200Z15      3080.0    7530   330    330    790    3      33.3  0.00 0.70
    3  200Z15      3080.0    7530   330    330    790    3      33.3  0.00 0.70
    4  200Z15      3080.0    7530   330    330    790    3      33.3  0.00 0.70
    5  200Z15      3080.0    7530   330    330    790    3      33.3  0.00 0.70
    6  200Z15      3080.0    7390   330           790    3      31.3  0.00 0.70
                                                              ------
                                                               195.7


 LOAD ID - Wind_Pressure:
 ----------------------------

 GIRT ACTIONS:
       ---------Shear(kN)--------   --------------Moment(kN-m)--------------
  Bay   Left   Left  Right  Right    Left   Left     Mid-Span   Right  Right
   Id    Sup    Lap    Lap    Sup     Sup    Lap    Mom    Loc    Lap    Sup
  ---  -----  -----  -----  -----   -----  -----  -----  -----  -----  -----
    1   1.13         -1.61  -1.74    0.00         -1.64   2904   1.71   2.27
    2   1.54   1.41  -1.26  -1.39    2.27   1.78  -0.77   3957   1.27   1.71
    3   1.44   1.31  -1.36  -1.49    1.71   1.26  -0.95   3701   1.43   1.89
    4   1.49   1.36  -1.31  -1.44    1.89   1.43  -0.95   3829   1.26   1.71
    5   1.39   1.26  -1.41  -1.54    1.71   1.27  -0.77   3573   1.78   2.27
    6   1.74   1.61         -1.13    2.27   1.71  -1.64   4486          0.00

 STRENGTH/DEFLECTION:
  Bay  -------Shear(kN)------  -----Moment(kN-m)-----  -Mom+Shr-  Deflect(mm)
   Id  Loc    Calc Limit   UC  Loc    Calc Limit   UC  Loc    UC   Calc Limit
  ---  ---- ------ ----- ----  ---- ------ ----- ----  ---- ----  ----- -----
    1  RLap  -1.61 11.20 0.14  MidS  -1.64  4.50 0.36  RLap 0.32  -12.0  82.1
    2  LLap   1.41 11.20 0.13  LLap   1.78  4.79 0.37  LLap 0.32   -3.5  83.7
    3  RLap  -1.36 11.20 0.12  RLap   1.43  4.84 0.29  RLap 0.26   -5.7  83.7
    4  LLap   1.36 11.20 0.12  LLap   1.43  4.84 0.29  LLap 0.26   -5.7  83.7
    5  RLap  -1.41 11.20 0.13  RLap   1.78  4.79 0.37  RLap 0.32   -3.5  83.7
    6  LLap   1.61 11.20 0.14  MidS  -1.64  4.50 0.36  LLap 0.32  -12.0  82.1


 LAP BOLT SHEAR/BEARING:

  Bolt Size =12.00 (Gr8.8)

   Bay  Member    --Member_Left_End(kN)-  -Member_Right_End(kN)-
    Id  Part       Calc Shear  Bear   UC   Calc Shear  Bear   UC
  ----  --------  ----- ----- ----- ----  ----- ----- ----- ----
    1   200Z15                             1.72 15.37  7.37 0.23
    2   200Z15     1.72 15.37  7.37 0.23   1.29 15.37  7.37 0.18
    3   200Z15     1.29 15.37  7.37 0.18   1.44 15.37  7.37 0.19
    4   200Z15     1.44 15.37  7.37 0.19   1.29 15.37  7.37 0.18
    5   200Z15     1.29 15.37  7.37 0.18   1.72 15.37  7.37 0.23
    6   200Z15     1.72 15.37  7.37 0.23



 LOAD ID - Wind_Suction:
 ----------------------------

 GIRT ACTIONS:
       ---------Shear(kN)--------   --------------Moment(kN-m)--------------
  Bay   Left   Left  Right  Right    Left   Left     Mid-Span   Right  Right
   Id    Sup    Lap    Lap    Sup     Sup    Lap    Mom    Loc    Lap    Sup
  ---  -----  -----  -----  -----   -----  -----  -----  -----  -----  -----
    1  -1.27          1.78   1.92    0.00          1.81   2934  -1.89  -2.50
    2  -1.69  -1.55   1.39   1.53   -2.50  -1.97   0.85   3958  -1.40  -1.88
    3  -1.58  -1.44   1.50   1.64   -1.88  -1.38   1.05   3701  -1.57  -2.09
    4  -1.64  -1.50   1.44   1.58   -2.09  -1.57   1.05   3829  -1.38  -1.88
    5  -1.53  -1.39   1.55   1.69   -1.88  -1.40   0.85   3572  -1.97  -2.50
    6  -1.92  -1.78          1.27   -2.50  -1.89   1.81   4456          0.00

 STRENGTH/DEFLECTION:
  Bay  -------Shear(kN)------  -----Moment(kN-m)-----  -Mom+Shr-  Deflect(mm)
   Id  Loc    Calc Limit   UC  Loc    Calc Limit   UC  Loc    UC   Calc Limit
  ---  ---- ------ ----- ----  ---- ------ ----- ----  ---- ----  ----- -----
    1  RLap   1.78 11.20 0.16  RLap  -1.89  4.50 0.42  RLap 0.35   13.2  82.1
    2  LLap  -1.55 11.20 0.14  LLap  -1.97  4.50 0.44  LLap 0.36    3.9  83.7
    3  RLap   1.50 11.20 0.13  RLap  -1.57  4.50 0.35  RLap 0.29    6.3  83.7
    4  LLap  -1.50 11.20 0.13  LLap  -1.57  4.50 0.35  LLap 0.29    6.3  83.7
    5  RLap   1.55 11.20 0.14  RLap  -1.97  4.50 0.44  RLap 0.36    3.9  83.7
    6  LLap  -1.78 11.20 0.16  LLap  -1.89  4.50 0.42  LLap 0.35   13.2  82.1


 LAP BOLT SHEAR/BEARING:

  Bolt Size =12.00 (Gr8.8)

   Bay  Member    --Member_Left_End(kN)-  -Member_Right_End(kN)-
    Id  Part       Calc Shear  Bear   UC   Calc Shear  Bear   UC
  ----  --------  ----- ----- ----- ----  ----- ----- ----- ----
    1   200Z15                             1.90 15.37  7.37 0.26
    2   200Z15     1.90 15.37  7.37 0.26   1.43 15.37  7.37 0.19
    3   200Z15     1.43 15.37  7.37 0.19   1.58 15.37  7.37 0.21
    4   200Z15     1.58 15.37  7.37 0.21   1.43 15.37  7.37 0.19
    5   200Z15     1.43 15.37  7.37 0.19   1.90 15.37  7.37 0.26
    6   200Z15     1.90 15.37  7.37 0.26


================================================================================
 C163-027            Wall 4 - Girt Design  2 (Locate  4580) 19/JAN/2026 10:57am
================================================================================

 GIRT LAYOUT:
 ------------
                                                                      Available
                                                                      Reduction
  Bay                      Design  --Lap(mm)--   Load   No.             Factor
   Id  Part        Locate  Length  Left  Right  Width  Brace  Weight   Out   In
  ---  --------   -------  ------  ----  -----  -----  -----  ------  ---- ----
    1  200Z15      4580.0    7390          330   1500    3      31.3  0.00 0.70
    2  200Z15      4580.0    7530   330    330   1500    3      33.3  0.00 0.70
    3  200Z15      4580.0    7530   330    330   1500    3      33.3  0.00 0.70
    4  200Z15      4580.0    7530   330    330   1500    3      33.3  0.00 0.70
    5  200Z15      4580.0    7530   330    330   1500    3      33.3  0.00 0.70
    6  200Z15      4580.0    7390   330          1500    3      31.3  0.00 0.70
                                                              ------
                                                               195.7


 LOAD ID - Wind_Pressure:
 ----------------------------

 GIRT ACTIONS:
       ---------Shear(kN)--------   --------------Moment(kN-m)--------------
  Bay   Left   Left  Right  Right    Left   Left     Mid-Span   Right  Right
   Id    Sup    Lap    Lap    Sup     Sup    Lap    Mom    Loc    Lap    Sup
  ---  -----  -----  -----  -----   -----  -----  -----  -----  -----  -----
    1   2.14         -3.06  -3.30    0.00         -3.11   2904   3.26   4.31
    2   2.91   2.67  -2.39  -2.63    4.31   3.38  -1.46   3957   2.42   3.24
    3   2.73   2.48  -2.58  -2.82    3.24   2.38  -1.80   3701   2.71   3.60
    4   2.82   2.58  -2.48  -2.73    3.60   2.71  -1.80   3829   2.38   3.24
    5   2.63   2.39  -2.67  -2.91    3.24   2.42  -1.46   3573   3.38   4.31
    6   3.31   3.06         -2.14    4.31   3.26  -3.11   4486          0.00

 STRENGTH/DEFLECTION:
  Bay  -------Shear(kN)------  -----Moment(kN-m)-----  -Mom+Shr-  Deflect(mm)
   Id  Loc    Calc Limit   UC  Loc    Calc Limit   UC  Loc    UC   Calc Limit
  ---  ---- ------ ----- ----  ---- ------ ----- ----  ---- ----  ----- -----
    1  RLap  -3.06 11.20 0.27  MidS  -3.11  4.50 0.69  RLap 0.60  -22.7  82.1
    2  LLap   2.67 11.20 0.24  LLap   3.38  4.79 0.71  LLap 0.61   -6.7  83.7
    3  RLap  -2.58 11.20 0.23  RLap   2.71  4.84 0.56  RLap 0.50  -10.8  83.7
    4  LLap   2.58 11.20 0.23  LLap   2.71  4.84 0.56  LLap 0.50  -10.8  83.7
    5  RLap  -2.67 11.20 0.24  RLap   3.38  4.79 0.71  RLap 0.61   -6.7  83.7
    6  LLap   3.06 11.20 0.27  MidS  -3.11  4.50 0.69  LLap 0.60  -22.7  82.1


 LAP BOLT SHEAR/BEARING:

  Bolt Size =12.00 (Gr8.8)

   Bay  Member    --Member_Left_End(kN)-  -Member_Right_End(kN)-
    Id  Part       Calc Shear  Bear   UC   Calc Shear  Bear   UC
  ----  --------  ----- ----- ----- ----  ----- ----- ----- ----
    1   200Z15                             3.26 15.37  7.37 0.44
    2   200Z15     3.26 15.37  7.37 0.44   2.46 15.37  7.37 0.33
    3   200Z15     2.46 15.37  7.37 0.33   2.73 15.37  7.37 0.37
    4   200Z15     2.73 15.37  7.37 0.37   2.46 15.37  7.37 0.33
    5   200Z15     2.46 15.37  7.37 0.33   3.26 15.37  7.37 0.44
    6   200Z15     3.26 15.37  7.37 0.44



 LOAD ID - Wind_Suction:
 ----------------------------

 GIRT ACTIONS:
       ---------Shear(kN)--------   --------------Moment(kN-m)--------------
  Bay   Left   Left  Right  Right    Left   Left     Mid-Span   Right  Right
   Id    Sup    Lap    Lap    Sup     Sup    Lap    Mom    Loc    Lap    Sup
  ---  -----  -----  -----  -----   -----  -----  -----  -----  -----  -----
    1  -2.40          3.38   3.65    0.00          3.43   2934  -3.59  -4.75
    2  -3.22  -2.95   2.63   2.90   -4.75  -3.74   1.61   3958  -2.66  -3.58
    3  -3.01  -2.74   2.84   3.11   -3.58  -2.63   1.99   3701  -2.99  -3.97
    4  -3.11  -2.84   2.74   3.01   -3.97  -2.99   1.99   3829  -2.63  -3.58
    5  -2.90  -2.63   2.95   3.22   -3.58  -2.66   1.61   3572  -3.74  -4.75
    6  -3.65  -3.38          2.40   -4.75  -3.59   3.43   4456          0.00

 STRENGTH/DEFLECTION:
  Bay  -------Shear(kN)------  -----Moment(kN-m)-----  -Mom+Shr-  Deflect(mm)
   Id  Loc    Calc Limit   UC  Loc    Calc Limit   UC  Loc    UC   Calc Limit
  ---  ---- ------ ----- ----  ---- ------ ----- ----  ---- ----  ----- -----
    1  RLap   3.38 11.20 0.30  RLap  -3.59  4.50 0.80  RLap 0.66   25.1  82.1
    2  LLap  -2.95 11.20 0.26  LLap  -3.74  4.50 0.83  LLap 0.68    7.3  83.7
    3  RLap   2.84 11.20 0.25  RLap  -2.99  4.50 0.66  RLap 0.55   11.9  83.7
    4  LLap  -2.84 11.20 0.25  LLap  -2.99  4.50 0.66  LLap 0.55   11.9  83.7
    5  RLap   2.95 11.20 0.26  RLap  -3.74  4.50 0.83  RLap 0.68    7.3  83.7
    6  LLap  -3.38 11.20 0.30  LLap  -3.59  4.50 0.80  LLap 0.66   25.1  82.1


 LAP BOLT SHEAR/BEARING:

  Bolt Size =12.00 (Gr8.8)

   Bay  Member    --Member_Left_End(kN)-  -Member_Right_End(kN)-
    Id  Part       Calc Shear  Bear   UC   Calc Shear  Bear   UC
  ----  --------  ----- ----- ----- ----  ----- ----- ----- ----
    1   200Z15                             3.60 15.37  7.37 0.49
    2   200Z15     3.60 15.37  7.37 0.49   2.71 15.37  7.37 0.37
    3   200Z15     2.71 15.37  7.37 0.37   3.01 15.37  7.37 0.41
    4   200Z15     3.01 15.37  7.37 0.41   2.71 15.37  7.37 0.37
    5   200Z15     2.71 15.37  7.37 0.37   3.60 15.37  7.37 0.49
    6   200Z15     3.60 15.37  7.37 0.49


================================================================================
 C163-027            Wall 4 - Girt Design  3 (Locate  6080) 19/JAN/2026 10:57am
================================================================================

 GIRT LAYOUT:
 ------------
                                                                      Available
                                                                      Reduction
  Bay                      Design  --Lap(mm)--   Load   No.             Factor
   Id  Part        Locate  Length  Left  Right  Width  Brace  Weight   Out   In
  ---  --------   -------  ------  ----  -----  -----  -----  ------  ---- ----
    1  200Z15      6080.0    7390          330   1500    3      31.3  0.00 0.70
    2  200Z15      6080.0    7530   330    330   1500    3      33.3  0.00 0.70
    3  200Z15      6080.0    7530   330    330   1500    3      33.3  0.00 0.70
    4  200Z15      6080.0    7530   330    330   1500    3      33.3  0.00 0.70
    5  200Z15      6080.0    7530   330    330   1500    3      33.3  0.00 0.70
    6  200Z15      6080.0    7390   330          1500    3      31.3  0.00 0.70
                                                              ------
                                                               195.7


 LOAD ID - Wind_Pressure:
 ----------------------------

 GIRT ACTIONS:
       ---------Shear(kN)--------   --------------Moment(kN-m)--------------
  Bay   Left   Left  Right  Right    Left   Left     Mid-Span   Right  Right
   Id    Sup    Lap    Lap    Sup     Sup    Lap    Mom    Loc    Lap    Sup
  ---  -----  -----  -----  -----   -----  -----  -----  -----  -----  -----
    1   2.14         -3.06  -3.30    0.00         -3.11   2904   3.26   4.31
    2   2.91   2.67  -2.39  -2.63    4.31   3.38  -1.46   3957   2.42   3.24
    3   2.73   2.48  -2.58  -2.82    3.24   2.38  -1.80   3701   2.71   3.60
    4   2.82   2.58  -2.48  -2.73    3.60   2.71  -1.80   3829   2.38   3.24
    5   2.63   2.39  -2.67  -2.91    3.24   2.42  -1.46   3573   3.38   4.31
    6   3.31   3.06         -2.14    4.31   3.26  -3.11   4486          0.00

 STRENGTH/DEFLECTION:
  Bay  -------Shear(kN)------  -----Moment(kN-m)-----  -Mom+Shr-  Deflect(mm)
   Id  Loc    Calc Limit   UC  Loc    Calc Limit   UC  Loc    UC   Calc Limit
  ---  ---- ------ ----- ----  ---- ------ ----- ----  ---- ----  ----- -----
    1  RLap  -3.06 11.20 0.27  MidS  -3.11  4.50 0.69  RLap 0.60  -22.7  82.1
    2  LLap   2.67 11.20 0.24  LLap   3.38  4.79 0.71  LLap 0.61   -6.7  83.7
    3  RLap  -2.58 11.20 0.23  RLap   2.71  4.84 0.56  RLap 0.50  -10.8  83.7
    4  LLap   2.58 11.20 0.23  LLap   2.71  4.84 0.56  LLap 0.50  -10.8  83.7
    5  RLap  -2.67 11.20 0.24  RLap   3.38  4.79 0.71  RLap 0.61   -6.7  83.7
    6  LLap   3.06 11.20 0.27  MidS  -3.11  4.50 0.69  LLap 0.60  -22.7  82.1


 LAP BOLT SHEAR/BEARING:

  Bolt Size =12.00 (Gr8.8)

   Bay  Member    --Member_Left_End(kN)-  -Member_Right_End(kN)-
    Id  Part       Calc Shear  Bear   UC   Calc Shear  Bear   UC
  ----  --------  ----- ----- ----- ----  ----- ----- ----- ----
    1   200Z15                             3.26 15.37  7.37 0.44
    2   200Z15     3.26 15.37  7.37 0.44   2.46 15.37  7.37 0.33
    3   200Z15     2.46 15.37  7.37 0.33   2.73 15.37  7.37 0.37
    4   200Z15     2.73 15.37  7.37 0.37   2.46 15.37  7.37 0.33
    5   200Z15     2.46 15.37  7.37 0.33   3.26 15.37  7.37 0.44
    6   200Z15     3.26 15.37  7.37 0.44



 LOAD ID - Wind_Suction:
 ----------------------------

 GIRT ACTIONS:
       ---------Shear(kN)--------   --------------Moment(kN-m)--------------
  Bay   Left   Left  Right  Right    Left   Left     Mid-Span   Right  Right
   Id    Sup    Lap    Lap    Sup     Sup    Lap    Mom    Loc    Lap    Sup
  ---  -----  -----  -----  -----   -----  -----  -----  -----  -----  -----
    1  -2.40          3.38   3.65    0.00          3.43   2934  -3.59  -4.75
    2  -3.22  -2.95   2.63   2.90   -4.75  -3.74   1.61   3958  -2.66  -3.58
    3  -3.01  -2.74   2.84   3.11   -3.58  -2.63   1.99   3701  -2.99  -3.97
    4  -3.11  -2.84   2.74   3.01   -3.97  -2.99   1.99   3829  -2.63  -3.58
    5  -2.90  -2.63   2.95   3.22   -3.58  -2.66   1.61   3572  -3.74  -4.75
    6  -3.65  -3.38          2.40   -4.75  -3.59   3.43   4456          0.00

 STRENGTH/DEFLECTION:
  Bay  -------Shear(kN)------  -----Moment(kN-m)-----  -Mom+Shr-  Deflect(mm)
   Id  Loc    Calc Limit   UC  Loc    Calc Limit   UC  Loc    UC   Calc Limit
  ---  ---- ------ ----- ----  ---- ------ ----- ----  ---- ----  ----- -----
    1  RLap   3.38 11.20 0.30  RLap  -3.59  4.50 0.80  RLap 0.66   25.1  82.1
    2  LLap  -2.95 11.20 0.26  LLap  -3.74  4.50 0.83  LLap 0.68    7.3  83.7
    3  RLap   2.84 11.20 0.25  RLap  -2.99  4.50 0.66  RLap 0.55   11.9  83.7
    4  LLap  -2.84 11.20 0.25  LLap  -2.99  4.50 0.66  LLap 0.55   11.9  83.7
    5  RLap   2.95 11.20 0.26  RLap  -3.74  4.50 0.83  RLap 0.68    7.3  83.7
    6  LLap  -3.38 11.20 0.30  LLap  -3.59  4.50 0.80  LLap 0.66   25.1  82.1


 LAP BOLT SHEAR/BEARING:

  Bolt Size =12.00 (Gr8.8)

   Bay  Member    --Member_Left_End(kN)-  -Member_Right_End(kN)-
    Id  Part       Calc Shear  Bear   UC   Calc Shear  Bear   UC
  ----  --------  ----- ----- ----- ----  ----- ----- ----- ----
    1   200Z15                             3.60 15.37  7.37 0.49
    2   200Z15     3.60 15.37  7.37 0.49   2.71 15.37  7.37 0.37
    3   200Z15     2.71 15.37  7.37 0.37   3.01 15.37  7.37 0.41
    4   200Z15     3.01 15.37  7.37 0.41   2.71 15.37  7.37 0.37
    5   200Z15     2.71 15.37  7.37 0.37   3.60 15.37  7.37 0.49
    6   200Z15     3.60 15.37  7.37 0.49


================================================================================
 C163-027            Wall 4 - Girt Design  4 (Locate  7580) 19/JAN/2026 10:57am
================================================================================

 GIRT LAYOUT:
 ------------
                                                                      Available
                                                                      Reduction
  Bay                      Design  --Lap(mm)--   Load   No.             Factor
   Id  Part        Locate  Length  Left  Right  Width  Brace  Weight   Out   In
  ---  --------   -------  ------  ----  -----  -----  -----  ------  ---- ----
    1  200Z15      7580.0    7390          330   1450    3      31.3  0.00 0.70
    2  200Z15      7580.0    7530   330    330   1450    3      33.3  0.00 0.70
    3  200Z15      7580.0    7530   330    330   1450    3      33.3  0.00 0.70
    4  200Z15      7580.0    7530   330    330   1450    3      33.3  0.00 0.70
    5  200Z15      7580.0    7530   330    330   1450    3      33.3  0.00 0.70
    6  200Z15      7580.0    7390   330          1450    3      31.3  0.00 0.70
                                                              ------
                                                               195.7


 LOAD ID - Wind_Pressure:
 ----------------------------

 GIRT ACTIONS:
       ---------Shear(kN)--------   --------------Moment(kN-m)--------------
  Bay   Left   Left  Right  Right    Left   Left     Mid-Span   Right  Right
   Id    Sup    Lap    Lap    Sup     Sup    Lap    Mom    Loc    Lap    Sup
  ---  -----  -----  -----  -----   -----  -----  -----  -----  -----  -----
    1   2.07         -2.96  -3.19    0.00         -3.00   2904   3.15   4.16
    2   2.82   2.58  -2.31  -2.54    4.16   3.27  -1.41   3957   2.34   3.14
    3   2.64   2.40  -2.49  -2.73    3.14   2.31  -1.74   3701   2.62   3.48
    4   2.73   2.49  -2.40  -2.64    3.48   2.62  -1.74   3829   2.31   3.14
    5   2.54   2.31  -2.58  -2.82    3.14   2.34  -1.41   3573   3.27   4.16
    6   3.19   2.96         -2.07    4.16   3.15  -3.00   4486          0.00

 STRENGTH/DEFLECTION:
  Bay  -------Shear(kN)------  -----Moment(kN-m)-----  -Mom+Shr-  Deflect(mm)
   Id  Loc    Calc Limit   UC  Loc    Calc Limit   UC  Loc    UC   Calc Limit
  ---  ---- ------ ----- ----  ---- ------ ----- ----  ---- ----  ----- -----
    1  RLap  -2.96 11.20 0.26  MidS  -3.00  4.50 0.67  RLap 0.58  -22.0  82.1
    2  LLap   2.58 11.20 0.23  LLap   3.27  4.79 0.68  LLap 0.59   -6.4  83.7
    3  RLap  -2.49 11.20 0.22  RLap   2.62  4.84 0.54  RLap 0.48  -10.4  83.7
    4  LLap   2.49 11.20 0.22  LLap   2.62  4.84 0.54  LLap 0.48  -10.4  83.7
    5  RLap  -2.58 11.20 0.23  RLap   3.27  4.79 0.68  RLap 0.59   -6.4  83.7
    6  LLap   2.96 11.20 0.26  MidS  -3.00  4.50 0.67  LLap 0.58  -22.0  82.1


 LAP BOLT SHEAR/BEARING:

  Bolt Size =12.00 (Gr8.8)

   Bay  Member    --Member_Left_End(kN)-  -Member_Right_End(kN)-
    Id  Part       Calc Shear  Bear   UC   Calc Shear  Bear   UC
  ----  --------  ----- ----- ----- ----  ----- ----- ----- ----
    1   200Z15                             3.15 15.37  7.37 0.43
    2   200Z15     3.15 15.37  7.37 0.43   2.38 15.37  7.37 0.32
    3   200Z15     2.38 15.37  7.37 0.32   2.64 15.37  7.37 0.36
    4   200Z15     2.64 15.37  7.37 0.36   2.38 15.37  7.37 0.32
    5   200Z15     2.38 15.37  7.37 0.32   3.15 15.37  7.37 0.43
    6   200Z15     3.15 15.37  7.37 0.43



 LOAD ID - Wind_Suction:
 ----------------------------

 GIRT ACTIONS:
       ---------Shear(kN)--------   --------------Moment(kN-m)--------------
  Bay   Left   Left  Right  Right    Left   Left     Mid-Span   Right  Right
   Id    Sup    Lap    Lap    Sup     Sup    Lap    Mom    Loc    Lap    Sup
  ---  -----  -----  -----  -----   -----  -----  -----  -----  -----  -----
    1  -2.32          3.27   3.53    0.00          3.32   2934  -3.48  -4.60
    2  -3.11  -2.85   2.55   2.81   -4.60  -3.61   1.55   3958  -2.57  -3.46
    3  -2.91  -2.65   2.75   3.01   -3.46  -2.54   1.92   3701  -2.89  -3.84
    4  -3.01  -2.75   2.65   2.91   -3.84  -2.89   1.92   3829  -2.54  -3.46
    5  -2.81  -2.55   2.85   3.11   -3.46  -2.57   1.55   3572  -3.61  -4.60
    6  -3.53  -3.27          2.32   -4.60  -3.48   3.32   4456          0.00

 STRENGTH/DEFLECTION:
  Bay  -------Shear(kN)------  -----Moment(kN-m)-----  -Mom+Shr-  Deflect(mm)
   Id  Loc    Calc Limit   UC  Loc    Calc Limit   UC  Loc    UC   Calc Limit
  ---  ---- ------ ----- ----  ---- ------ ----- ----  ---- ----  ----- -----
    1  RLap   3.27 11.20 0.29  RLap  -3.48  4.50 0.77  RLap 0.64   24.3  82.1
    2  LLap  -2.85 11.20 0.25  LLap  -3.61  4.50 0.80  LLap 0.65    7.1  83.7
    3  RLap   2.75 11.20 0.25  RLap  -2.89  4.50 0.64  RLap 0.53   11.5  83.7
    4  LLap  -2.75 11.20 0.25  LLap  -2.89  4.50 0.64  LLap 0.53   11.5  83.7
    5  RLap   2.85 11.20 0.25  RLap  -3.61  4.50 0.80  RLap 0.65    7.1  83.7
    6  LLap  -3.27 11.20 0.29  LLap  -3.48  4.50 0.77  LLap 0.64   24.3  82.1


 LAP BOLT SHEAR/BEARING:

  Bolt Size =12.00 (Gr8.8)

   Bay  Member    --Member_Left_End(kN)-  -Member_Right_End(kN)-
    Id  Part       Calc Shear  Bear   UC   Calc Shear  Bear   UC
  ----  --------  ----- ----- ----- ----  ----- ----- ----- ----
    1   200Z15                             3.48 15.37  7.37 0.47
    2   200Z15     3.48 15.37  7.37 0.47   2.62 15.37  7.37 0.36
    3   200Z15     2.62 15.37  7.37 0.36   2.91 15.37  7.37 0.39
    4   200Z15     2.91 15.37  7.37 0.39   2.62 15.37  7.37 0.36
    5   200Z15     2.62 15.37  7.37 0.36   3.48 15.37  7.37 0.47
    6   200Z15     3.48 15.37  7.37 0.47


================================================================================
 C163-027            Wall 4 - Girt Design  5 (Locate  8980) 19/JAN/2026 10:57am
================================================================================

 GIRT LAYOUT:
 ------------
                                                                      Available
                                                                      Reduction
  Bay                      Design  --Lap(mm)--   Load   No.             Factor
   Id  Part        Locate  Length  Left  Right  Width  Brace  Weight   Out   In
  ---  --------   -------  ------  ----  -----  -----  -----  ------  ---- ----
    1  200Z15      8980.0    7390          330    910    3      31.3  0.00 0.70
    2  200Z15      8980.0    7530   330    330    910    3      33.3  0.00 0.70
    3  200Z15      8980.0    7530   330    330    910    3      33.3  0.00 0.70
    4  200Z15      8980.0    7530   330    330    910    3      33.3  0.00 0.70
    5  200Z15      8980.0    7530   330    330    910    3      33.3  0.00 0.70
    6  200Z15      8980.0    7390   330           910    3      31.3  0.00 0.70
                                                              ------
                                                               195.7


 LOAD ID - Wind_Pressure:
 ----------------------------

 GIRT ACTIONS:
       ---------Shear(kN)--------   --------------Moment(kN-m)--------------
  Bay   Left   Left  Right  Right    Left   Left     Mid-Span   Right  Right
   Id    Sup    Lap    Lap    Sup     Sup    Lap    Mom    Loc    Lap    Sup
  ---  -----  -----  -----  -----   -----  -----  -----  -----  -----  -----
    1   1.30         -1.86  -2.00    0.00         -1.88   2904   1.97   2.61
    2   1.77   1.62  -1.45  -1.60    2.61   2.05  -0.88   3957   1.46   1.97
    3   1.65   1.51  -1.56  -1.71    1.97   1.45  -1.09   3701   1.64   2.18
    4   1.71   1.56  -1.51  -1.65    2.18   1.64  -1.09   3829   1.45   1.97
    5   1.60   1.45  -1.62  -1.77    1.97   1.46  -0.88   3573   2.05   2.61
    6   2.00   1.86         -1.30    2.61   1.97  -1.88   4486          0.00

 STRENGTH/DEFLECTION:
  Bay  -------Shear(kN)------  -----Moment(kN-m)-----  -Mom+Shr-  Deflect(mm)
   Id  Loc    Calc Limit   UC  Loc    Calc Limit   UC  Loc    UC   Calc Limit
  ---  ---- ------ ----- ----  ---- ------ ----- ----  ---- ----  ----- -----
    1  RLap  -1.86 11.20 0.17  MidS  -1.88  4.50 0.42  RLap 0.36  -13.8  82.1
    2  LLap   1.62 11.20 0.14  LLap   2.05  4.79 0.43  LLap 0.37   -4.0  83.7
    3  RLap  -1.56 11.20 0.14  RLap   1.64  4.84 0.34  RLap 0.30   -6.5  83.7
    4  LLap   1.56 11.20 0.14  LLap   1.64  4.84 0.34  LLap 0.30   -6.5  83.7
    5  RLap  -1.62 11.20 0.14  RLap   2.05  4.79 0.43  RLap 0.37   -4.0  83.7
    6  LLap   1.86 11.20 0.17  MidS  -1.88  4.50 0.42  LLap 0.36  -13.8  82.1


 LAP BOLT SHEAR/BEARING:

  Bolt Size =12.00 (Gr8.8)

   Bay  Member    --Member_Left_End(kN)-  -Member_Right_End(kN)-
    Id  Part       Calc Shear  Bear   UC   Calc Shear  Bear   UC
  ----  --------  ----- ----- ----- ----  ----- ----- ----- ----
    1   200Z15                             1.98 15.37  7.37 0.27
    2   200Z15     1.98 15.37  7.37 0.27   1.49 15.37  7.37 0.20
    3   200Z15     1.49 15.37  7.37 0.20   1.65 15.37  7.37 0.22
    4   200Z15     1.65 15.37  7.37 0.22   1.49 15.37  7.37 0.20
    5   200Z15     1.49 15.37  7.37 0.20   1.98 15.37  7.37 0.27
    6   200Z15     1.98 15.37  7.37 0.27



 LOAD ID - Wind_Suction:
 ----------------------------

 GIRT ACTIONS:
       ---------Shear(kN)--------   --------------Moment(kN-m)--------------
  Bay   Left   Left  Right  Right    Left   Left     Mid-Span   Right  Right
   Id    Sup    Lap    Lap    Sup     Sup    Lap    Mom    Loc    Lap    Sup
  ---  -----  -----  -----  -----   -----  -----  -----  -----  -----  -----
    1  -1.46          2.05   2.21    0.00          2.08   2934  -2.18  -2.88
    2  -1.95  -1.79   1.60   1.76   -2.88  -2.27   0.97   3958  -1.61  -2.17
    3  -1.82  -1.66   1.72   1.89   -2.17  -1.59   1.20   3701  -1.81  -2.41
    4  -1.89  -1.72   1.66   1.82   -2.41  -1.81   1.20   3829  -1.59  -2.17
    5  -1.76  -1.60   1.79   1.95   -2.17  -1.61   0.97   3572  -2.27  -2.88
    6  -2.21  -2.05          1.46   -2.88  -2.18   2.08   4456          0.00

 STRENGTH/DEFLECTION:
  Bay  -------Shear(kN)------  -----Moment(kN-m)-----  -Mom+Shr-  Deflect(mm)
   Id  Loc    Calc Limit   UC  Loc    Calc Limit   UC  Loc    UC   Calc Limit
  ---  ---- ------ ----- ----  ---- ------ ----- ----  ---- ----  ----- -----
    1  RLap   2.05 11.20 0.18  RLap  -2.18  4.50 0.48  RLap 0.40   15.2  82.1
    2  LLap  -1.79 11.20 0.16  LLap  -2.27  4.50 0.50  LLap 0.41    4.4  83.7
    3  RLap   1.72 11.20 0.15  RLap  -1.81  4.50 0.40  RLap 0.33    7.2  83.7
    4  LLap  -1.72 11.20 0.15  LLap  -1.81  4.50 0.40  LLap 0.33    7.2  83.7
    5  RLap   1.79 11.20 0.16  RLap  -2.27  4.50 0.50  RLap 0.41    4.4  83.7
    6  LLap  -2.05 11.20 0.18  LLap  -2.18  4.50 0.48  LLap 0.40   15.2  82.1


 LAP BOLT SHEAR/BEARING:

  Bolt Size =12.00 (Gr8.8)

   Bay  Member    --Member_Left_End(kN)-  -Member_Right_End(kN)-
    Id  Part       Calc Shear  Bear   UC   Calc Shear  Bear   UC
  ----  --------  ----- ----- ----- ----  ----- ----- ----- ----
    1   200Z15                             2.18 15.37  7.37 0.30
    2   200Z15     2.18 15.37  7.37 0.30   1.64 15.37  7.37 0.22
    3   200Z15     1.64 15.37  7.37 0.22   1.82 15.37  7.37 0.25
    4   200Z15     1.82 15.37  7.37 0.25   1.64 15.37  7.37 0.22
    5   200Z15     1.64 15.37  7.37 0.22   2.18 15.37  7.37 0.30
    6   200Z15     2.18 15.37  7.37 0.30


================================================================================
 C163-027            Wall 4 - Panel Design (Bay  1)         19/JAN/2026 10:57am
================================================================================

 PANEL DATA:
 -----------
  Bay                                       Rotation   Panel
   Id   Part      Rot  Type  Thick  Yield  Stiffness  Height
  ---   --------  ---  ----  -----  -----  ---------  ------
    1   40333 .5   N    4033  0.45    333     0.00      9399

 MOMENTS & DEFLECTION:
 ---------------------
                            --------------Moment(m-N/m   )-------------
  Span    Locate(mm)            Start       Midspan        End      Max  Deflect(mm)
   Id    Start   End  Load   Calc Limit   Calc Limit   Calc Limit    UC   Calc Limit
  ----   ----- -----  ----  ----- -----  ----- -----  ----- -----  ----  ----- -----
    1     3000  3080   WP       0  1800     53  1800    107  1800  0.06    0.0   0.9
                       WS       0   940    -58   940   -116   940  0.12    0.0   0.9
    2     3080  4580   WP     107  1800    -59   940    115  1800  0.06   -0.3  16.7
                       WS    -116   940     64  1800   -125   940  0.13    0.3  16.7
    3     4580  6080   WP     115  1800    -56   940    114  1800  0.06   -0.2  16.7
                       WS    -125   940     61  1800   -123   940  0.13    0.3  16.7
    4     6080  7580   WP     114  1800    -57   940    113  1800  0.06   -0.2  16.7
                       WS    -123   940     62  1800   -122   940  0.13    0.3  16.7
    5     7580  8980   WP     113  1800    -56   940     74  1800  0.06   -0.2  15.6
                       WS    -122   940     61  1800    -80   940  0.13    0.2  15.6
    6     8980  9399   WP      74  1800     24  1800      0  1800  0.04    0.0   4.7
                       WS     -80   940    -26   940      0   940  0.09    0.0   4.7
 
                       WP - Wind_Pressure                  
                       WS - Wind_Suction                   
 

================================================================================
 C163-027            Wall 4 - Panel Zones                   19/JAN/2026 10:57am
================================================================================

 PANEL:
 ------
                            Tensile
            Thick   Yield   Strength
  Part       (mm)  (MN/m2)  (MN/m2)
  --------  -----  -------  --------
  40333 .5   0.45   333.0     432.9

 GIRT SCREWS:
 ------------
              Dia  Washer  Limit
  Part       (mm)    (mm)   (kN)
  --------  -----  ------  -----
  14x20SDS    4.8    19.0  13.70

 PANEL ZONE LAYOUT:
 ------------------
                                            --Girt(mm,mm,mm)--  Panel
  Zone                 ----Wall(mm)---  Bay         Load   Min   Span
   Id   Description    Offset1 Offset2   Id Locate Width Thick   (mm)
  ----  -------------  ------- -------  --- ------ ----- -----  -----
    1   Interior          1220   44510    1   4580  1500  1.50   1500
    2   Lt Edge              0    1220    1   4580  1500  1.50   1500
    3   Rt Edge          44510   45730    6   4580  1500  1.50   1500

 GIRT SCREW CHECK:
 -----------------
        Screw     Wind         --------Limit(kN)-------
  Zone  Space  Suction   Load     Girt    Panel   Screw   Max
   Id    (mm)  (kN/m2)   (kN)  Pullout Pullover Tension    UC
  ----  -----  -------  -----  ------- -------- -------  ----
    1     250    0.657   0.25     0.93     1.85    3.65  0.27
    2     250    0.657   0.25     0.93     1.85    3.65  0.27
    3     250    0.657   0.25     0.93     1.85    3.65  0.27
 

================================================================================
 C163-027            Wall 4 - Weight Summary                19/JAN/2026 10:57am
================================================================================

                                            Weight
                 Description                  (kg)
                 -----------               -------
                 Girts                 =    978.46

================================================================================
 C163-027            Wall 4 - Warning Summary               19/JAN/2026 10:57am
================================================================================

                   .. No Warnings
