===============================================================================
 C323-153            1.RIGID & ENDWALL FRAME MEMBERS:       23/JUL/2025 11:22am

                                                                 Total    Total
 Quan Mark   Description           Part     Punch       Length  Weight     Cost
===============================================================================
    2 RF1-1  RF Column                                    7649   807.4     0.08
    4 RF1-2  RF Rafter                                    4198   527.6     0.04
    4 RF1-3  RF Rafter                                    4305   460.8     0.04
    2 RF1-4  RF Rafter                                    5086   329.2     0.04
    1 RF1-5  RF Column                                    7649   396.8     0.04
    1 RF1-6  RF Column                                    7649   396.8     0.04
    5 RF2-1  RF Column                                    7447  1953.0     0.20
   10 RF2-2  RF Rafter                                    4199  1651.0     0.20
   10 RF2-3  RF Rafter                                    6860  1811.0     0.20
    4 RF2-4  RF Column                                    7447  1534.8     0.16
    1 RF2-5  RF Column                                    7447   383.7     0.04

    1 EB-1   Ext Beam                                     2473    70.3    52.00
    1 EB-2   Ext Beam              W30b155                5805   155.2   114.82
    1 EB-3   Ext Beam                                     2031    58.9    43.61
    1 RB-1   Runway Beam           W35b208                6045   241.3     6.29
    1 RB-2   Runway Beam           W35b208                6045   241.3     6.29
    1 RB-3   Runway Beam           W35b208                5980   238.8     6.29
    1 RB-4   Runway Beam           W35b208                5980   238.8     6.29
    1 RB-5   Runway Beam           W35b208                5720   228.8     6.29
    1 RB-6   Runway Beam           W35b208                5720   228.8     6.29
    1 RB-7   Runway Beam           W35b228                6220   267.8     6.64
    1 RB-8   Runway Beam           W35b228                6220   267.8     6.64
    1 RB-9   Runway Beam           W35b208                5860   234.1     6.29
    1 RB-10  Runway Beam           W35b208                5860   234.1     6.29
    1 RB-11  Runway Beam           W35b208                6095   243.2     6.29
    1 RB-12  Runway Beam           W35b208                6095   243.2     6.29

    1 EC-1   EW Column             W40b155                8530   265.3   196.29
    1 EC-2   EW Column             W40b155                8530   289.0   213.87

-------------------------------------------------------------------------------
                                                     Total:    13998.8   697.85


===============================================================================
 C323-153            2.DOOR JAMBS & HEADERS:                23/JUL/2025 11:22am

                                           Punch/                Total    Total
 Quan Mark   Description      Part          Color       Length  Weight     Cost
===============================================================================
    2 DJ-1   Door Jamb        200C20                      4480    48.6     0.04
                    Web Slot:  
                     Loc=       45      2605      3605      4435 

-------------------------------------------------------------------------------
                                                     Total:       48.6     0.04


===============================================================================
 C323-153            3.PURLINS, EAVE STRUTS, WALL GIRTS:    23/JUL/2025 11:22am

                                                                 Total    Total
 Quan Mark   Description     Part     Pitch   Punch     Length  Weight     Cost
===============================================================================
    7 P-1    Roof Purlin     200Z15           ??-??       6570   186.7     0.14
                     Web=      385       485       765      1095      1395 
                              5235      5535      5865      6145      6245 
                              6525 
                    Slot=     2190      4380 
   14 P-2    Roof Purlin     200Z15           ??-??       6740   383.1     0.28
                     Web=       45       325       425       705      1035 
                              1335      5405      5705      6035      6315 
                              6415      6695 
                    Slot=     2246      4493 
   14 P-3    Roof Purlin     200Z15           ??-??       6480   368.3     0.28
                     Web=       45       325       425       705      1035 
                              1335      5145      5445      5775      6055 
                              6155      6435 
                    Slot=     2160      4320 
   14 P-4    Roof Purlin     200Z15           ??-??       6980   396.7     0.28
                     Web=       45       325       425       705      1035 
                              1335      5645      5945      6275      6555 
                              6655      6935 
                    Slot=     2326      4653 
   14 P-5    Roof Purlin     200Z15           ??-??       6620   376.3     0.28
                     Web=       45       325       425       705      1035 
                              1335      5285      5585      5915      6195 
                              6295      6575 
                    Slot=     2206      4413 
    7 P-6    Roof Purlin     200Z15           ??-??       6620   188.1     0.14
                     Web=       45       325       425       705      1035 
                              1335      5225      5525      5855      6135 
                              6235 
                    Slot=     2206      4413 
    7 P-7    Roof Purlin     200Z15           ??-??       6570   186.7     0.14
                     Web=       45       325       425       705      1035 
                              1335      5175      5475      5805      6085 
                              6185 
                    Slot=     2190      4380 
    7 P-8    Roof Purlin     200Z15           ??-??       6620   188.1     0.14
                     Web=      385       485       765      1095      1395 
                              5285      5585      5915      6195      6295 
                              6575 
                    Slot=     2206      4413 
    2 P-9    Roof Purlin     250Z25           ??-??      11430   200.7     0.02
                     Web=      150       250       530       860      1160 
                              9945     10245     10575     10855     10955 
                             11235 
                    Slot=     2286      4572      6858      9144 
    1 E-1    Eave Strut      200Z15           ??-??       6570    26.7     0.02
                     Web=      385       485      5865      6145      6245 
                              6525 
                    Slot=     2061      2190      4128      4380 
    2 E-2    Eave Strut      200Z15           ??-??       6740    54.7     0.04
                     Web=       45       325       425       705      6035 
                              6315      6415      6695 
                    Slot=     2246      2371      4368      4493 
    2 E-3    Eave Strut      200Z15           ??-??       6480    52.6     0.04
                     Web=       45       325       425       705      5775 
                              6055      6155      6435 
                    Slot=     2160      2285      4195      4320 
    2 E-4    Eave Strut      200Z15           ??-??       6980    56.7     0.04
                     Web=       45       325       425       705      6275 
                              6555      6655      6935 
                    Slot=     2326      2451      4528      4653 
    2 E-5    Eave Strut      200Z15           ??-??       6620    53.8     0.04
                     Web=       45       325       425       705      5915 
                              6195      6295      6575 
                    Slot=     2206      2331      4288      4413 
    1 E-6    Eave Strut      200Z15           ??-??       6620    26.9     0.02
                     Web=       45       325       425       705      6135 
                              6235 
                    Slot=     2206      2458      4413      4541 
    1 E-7    Eave Strut      200Z15           ??-??       6570    26.7     0.02
                     Web=       45       325       425       705      6085 
                              6185 
                    Slot=     2190      2441      4380      4508 
    1 E-8    Eave Strut      200Z15           ??-??       6620    26.9     0.02
                     Web=      385       485      5915      6195      6295 
                              6575 
                    Slot=     2078      2206      4161      4413 
    1 E-9    Eave Strut      250Z18           ??-??      11435    72.6     0.01
                     Web=      150       250     10855     10955 
                    Slot=     2287      4574      6861      9148 

    1 G-1    EW Girt         200Z15           ??-??      12030    48.8     0.02
                     Web=      170       270     10065     10365     10695 
                             10975     11075     11355     11685     11985 
                    Slot=     2037      4284      6531      8778 
    7 G-2    EW Girt         200Z18           ??-??      12235   417.1     0.14
                     Web=      375       475     10270     10570     10900 
                             11180     11280     11560     11890     12190 
                    Slot=     2242      4489      6736      8983 
    1 G-3    EW Girt         200Z18           ??-??      12030    58.6     0.02
                     Web=      170       270     10065     10365     10695 
                             10975     11075     11355     11685     11985 
                    Slot=     2037      4284      6531      8778 
    2 G-4    EW Girt         200Z15           ??-??       8130    66.0     0.04
                     Web=     1457      1557      6165      6465      6795 
                              7075      7175      7455      7785      8085 
                    Slot=      384      2631      4878 
    2 G-5    EW Girt         200Z15           ??-??      12030    97.7     0.04
                     Web=       45       345       675       955      1055 
                              1335      1665      1965     11760     11860 
                    Slot=     3252      5499      7746      9993 
   10 G-6    EW Girt         200Z18           ??-??      12235   595.8     0.20
                     Web=       45       345       675       955      1055 
                              1335      1665      1965     11760     11860 
                    Slot=     3252      5499      7746      9993 
    1 G-7    EW Girt         200Z18           ??-??      12030    58.6     0.02
                     Web=       45       345       675       955      1055 
                              1335      1665      1965     11760     11860 
                    Slot=     3252      5499      7746      9993 
    2 G-8    EW Girt         200Z15           ??-??       8130    66.0     0.04
                     Web=       45       345       675       955      1055 
                              1335      1665      1965      6572      6672 
                    Slot=     3252      5499      7746 
    1 G-9    EW Girt         200Z15           ??-??       3116    12.7     0.02
                     Web=      170       270      3071 
                    Slot=     2037 
    1 G-10   EW Girt         200Z15           ??-??       3321    13.5     0.02
                     Web=      375       475      3276 
                    Slot=     2242 
    2 G-11   EW Girt         200Z25           ??-??      12235   165.7     0.04
                     Web=      375       475      3373      7953     10270 
                             10570     10900     11180     11280     11560 
                             11890     12190 
                    Slot=     2242      4489      6736      8983 
    1 G-12   EW Girt         200Z15           ??-??       4230    17.2     0.02
                     Web=       45      2265      2565      2895      3175 
                              3275      3555      3885      4185 
                    Slot=      978 
    1 G-13   EW Girt         200Z18           ??-??       4230    20.6     0.02
                     Web=       45      2265      2565      2895      3175 
                              3275      3555      3885      4185 
                    Slot=      978 
    4 G-14   SW Girt         200Z15           ??-??       6570   106.7     0.08
                     Web=      385       485       765      1095      1395 
                              5235      5535      5865      6145      6245 
                              6525 
                    Slot=     2061      4128 
    8 G-15   SW Girt         200Z15           ??-??       6740   218.9     0.16
                     Web=       45       325       425       705      1035 
                              1335      5405      5705      6035      6315 
                              6415      6695 
                    Slot=     2371      4368 
    8 G-16   SW Girt         200Z15           ??-??       6480   210.5     0.16
                     Web=       45       325       425       705      1035 
                              1335      5145      5445      5775      6055 
                              6155      6435 
                    Slot=     2285      4195 
    8 G-17   SW Girt         200Z15           ??-??       6980   226.7     0.16
                     Web=       45       325       425       705      1035 
                              1335      5645      5945      6275      6555 
                              6655      6935 
                    Slot=     2451      4528 
    8 G-18   SW Girt         200Z15           ??-??       6620   215.0     0.16
                     Web=       45       325       425       705      1035 
                              1335      5285      5585      5915      6195 
                              6295      6575 
                    Slot=     2331      4288 
    4 G-19   SW Girt         200Z15           ??-??       6620   107.5     0.08
                     Web=       45       325       425       705      1035 
                              1335      5225      5525      5855      6135 
                              6235 
                    Slot=     2458      4541 
    4 G-20   SW Girt         200Z15           ??-??       6620   107.5     0.08
                     Web=      385       485       765      1095      1395 
                              5285      5585      5915      6195      6295 
                              6575 
                    Slot=     2078      4161 
    4 G-21   SW Girt         200Z15           ??-??       6570   106.7     0.08
                     Web=       45       325       425       705      1035 
                              1335      5175      5475      5805      6085 
                              6185 
                    Slot=     2441      4508 

    2 ST-1   Strut           T80x32                       5945    98.2    75.54
    2 ST-2   Strut           T80x32                       5825    96.4    74.16

-------------------------------------------------------------------------------
                                                     Total:     6004.7   153.25


===============================================================================
 C323-153            4.ROOF & WALL SHEETING:                23/JUL/2025 11:22am

                                                                 Total    Total
 Quan Mark   Description           Part    Clr Pitch    Length  Weight     Cost
===============================================================================
   74 RS-1   Roof Sheet            45250 .5 A3           6530   2314.7     1.48
   74 RS-2   Roof Sheet            45250 .5 A3           5110   1811.3     1.48
   12 RS-3   Ext Sheet             45250 .5 A3           2060    118.4     0.24

    3 ES-1   EW Sheet              45250 .5 A2           5770     82.9     0.06
    3 ES-2   EW Sheet              45250 .5 A2           5870     84.4     0.06
    3 ES-3   EW Sheet              45250 .5 A2           5970     85.8     0.06
    3 ES-4   EW Sheet              45250 .5 A2           6070     87.2     0.06
    3 ES-5   EW Sheet              45250 .5 A2           6170     88.7     0.06
    3 ES-6   EW Sheet              45250 .5 A2           6270     90.1     0.06
    3 ES-7   EW Sheet              45250 .5 A2           6370     91.5     0.06
    3 ES-8   EW Sheet              45250 .5 A2           6470     93.0     0.06
    3 ES-9   EW Sheet              45250 .5 A2           6570     94.4     0.06
    3 ES-10  EW Sheet              45250 .5 A2           6670     95.8     0.06
    3 ES-11  EW Sheet              45250 .5 A2           6770     97.3     0.06
    2 ES-12  EW Sheet              45250 .5 A2           6840     65.5     0.04
    8 ES-13  EW Sheet              45250 .5 A2           3300    126.5     0.16
    1 ES-14  EW Sheet              45250 .5 A2           2410     11.5     0.02
    1 ES-15  EW Sheet              45250 .5 A2           2510     12.0     0.02
    1 ES-16  EW Sheet              45250 .5 A2           2610     12.5     0.02
    1 ES-17  EW Sheet              45250 .5 A2           2710     13.0     0.02
    3 ES-18  EW Sheet              45250 .5 A2           1190     17.1     0.06
    1 ES-19  EW Sheet              45250 .5 A2           2810     13.5     0.02
    1 ES-20  EW Sheet              45250 .5 A2           2910     13.9     0.02
    1 ES-21  EW Sheet              45250 .5 A2           3010     14.4     0.02
    1 ES-22  EW Sheet              45250 .5 A2           3110     14.9     0.02
    1 ES-23  EW Sheet              45250 .5 A2           3210     15.4     0.02
    1 ES-24  EW Sheet              45250 .5 A2           3310     15.9     0.02
    1 ES-25  EW Sheet              45250 .5 A2           3410     16.3     0.02

   74 SS-1   SW Sheet              45250 .5 A2           5770   2045.3     1.48


            Colors
            ------
              A2 - NEED WALL COLOR          
              A3 - NEED ROOF COLOR          

-------------------------------------------------------------------------------
                                                     Total:     7643.1     5.82


===============================================================================
 C323-153            5.CONNECTION PLATES:                   23/JUL/2025 11:22am

                                                                 Total    Total
 Quan Mark   Description Part     Dwg  Ang Thick  Width Length  Weight     Cost
===============================================================================
    4 d1     Frm-Grt Plt          SP2   90  5.00    144    461    10.5     0.22
               A=   22  B=  100  C=   22  D=  100 
               E=   35  F=  282  G=  100 
    4 b1     Grt-Jmb Plt          SP2   90  5.00    144    203     4.6     0.10
               A=   22  B=  100  C=   22  D=  100 
               E=   30  F=  129 
   18 d2     Cor-Grt6 Pl          SP4   90  5.00    144    456    46.6     0.94
               A=   22  B=  100  C=   22  D=  100 
               E=   30  F=  282  G=  100 
    2 f1     Jmb-Bas Plt          SP6   90  5.00    144    155     1.8     0.04
               A=   22  B=  100  C=   22  D=  100 
               E=   50  F=   42 
    2 j1     Jmb-Grt Plt          SP10  90  5.00    144    206     2.3     0.06
               A=   22  B=  100  C=   22  D=  100 
               E=   32  F=  130 


            Colors
            ------
              RO - Red Oxide                

-------------------------------------------------------------------------------
                                                     Total:       65.8     1.36


===============================================================================
 C323-153            6.ANGLES:                              23/JUL/2025 11:22am

                                                                 Total    Total
 Quan Mark   Description    Part    Clr Width Thick     Length  Weight     Cost
===============================================================================
   20 FB432  RF Flg Brc     L40X40X4 RO    40  4.00        432    20.9     0.40
    2 FB456  Ext Flg Br     L40X40X4 RO    40  4.00        456     2.2     0.04
    8 FB464  RF Flg Brc     L40X40X4 RO    40  4.00        464     9.0     0.16
   20 FB504  RF Flg Brc     L40X40X4 RO    40  4.00        504    24.4     0.40
    2 FB520  Ext Flg Br     L40X40X4 RO    40  4.00        520     2.5     0.04
    4 FB528  RF Flg Brc     L40X40X4 RO    40  4.00        528     5.1     0.08
    4 FB568  EW Flg Brc     L40X40X4 RO    40  4.00        568     5.5     0.08
   20 FB576  RF Flg Brc     L40X40X4 RO    40  4.00        576    27.9     0.40
    4 FB856  RF Flg Brc     L40X40X4 RO    40  4.00        856     8.3     0.08
   20 FB864  RF Flg Brc     L40X40X4 RO    40  4.00        864    41.9     0.40
   24 FB920  RF Flg Brc     L40X40X4 RO    40  4.00        920    53.4     0.48

   60 JB-1   Sag rod at bas SROD12                       1100     71.3     1.20
   20 JB-2   Sag rod at bas SROD12                        900     19.4     0.40
   72 JB-3   Sag rod at bas SROD12                       1600    124.4     1.44
    8 JB-4   Sag rod at bas SROD12                       1300     11.2     0.16
   24 JB-5   Sag rod at gir SROD12                        990     25.7     0.48

   18 GA     GABLE ANGLE    L75X100  RO        2.00       3000   169.6     0.18
    8 SI-    12mm SAG ROD   SROD12   --       12.00        865     3.4     0.16
   12 SP-1   12mm SAG ROD   SROD12   --       12.00        697     4.1     0.24
  144 SI-1   12mm SAG ROD   SROD12   --       12.00       1670   117.2     2.88
    4 SI-2   12mm SAG ROD   SROD12   --       12.00        955     1.9     0.08
   24 SE-1   12mm SAG ROD   SROD12   --       12.00       1590    18.6     0.48

   12 CA-1   Crane Angle    L75X6                         1209    99.6     0.24
   12 CA-2   Crane Angle    L75X6                         1061    87.6     0.24
   12 CA-3   Crane Angle    L100X8                         156    22.8     0.12
   12 CA-4   Crane Angle    L100X8                          51     7.2     0.12


            Colors
            ------
              RO - Red Oxide                

-------------------------------------------------------------------------------
                                                     Total:      984.8    10.98


===============================================================================
 C323-153            7.TRIM:                                23/JUL/2025 11:22am

                                                                 Total    Total
 Quan Mark   Description    Part    Clr Pitch Thick     Length  Weight     Cost
===============================================================================
    2 BA     Base Angle     SGA-001  HA    10  2.00       3000    56.5     0.04
    2 BSA    Base/Seal An   P20204   HA    10  2.00         25    0.12     0.04
    2 DT     Drip Trim      P150X.63 HA    10  0.50         25    0.04     0.04

    3 ET-01  Eave Trim      ET-01    HA    10  0.40       5600    15.8     0.06
    3 CT-05  Roof To Wall   CT-05    A3        0.40       5600    15.8     0.06
   12 GT-01  Rake Trim      GT-01    HA        0.40       5600    63.4     0.24
    1 CTS-04 H Trim         CTS-04   HA        0.40       5600     7.0     0.02
    2 CTS-05 J Trim         CTS-05   HA        0.40       5600    14.1     0.04
   32 DS-100 Downspout      DS-100   --        0.40       5600   281.3     0.64
   64 GS-01  Downspout Stra GS-01    --        0.40        350    96.0     1.28
   14 EG-01  Eave Gutter    EG-01    --        0.40       5600   147.7     0.28
    1 GS-01  Eave Gutter St GS-01    --        0.40        600     1.0     0.02
    2 GC-01  Gutter Endcap  GC-01    --        0.40         25    1.00     0.04
    2 GC-02  Gutter Endcap  GC-02    --        0.40         25    1.00     0.04
   23 DT-01  Base Trim      DT-01    HA        0.40       5600   128.3     0.46
    8 CT-02  Outside Corner CT-02    HA        0.40       5600    42.2     0.16
   61 RC-01  Ridge Cap      RC-01    A3        0.40        700   305.0     1.22


            Colors
            ------
              A3 - NEED ROOF COLOR          
              HA - 9010 PURE WHITE          

-------------------------------------------------------------------------------
                                                     Total:     1176.4     4.68


===============================================================================
 C323-153            8.DIAGONAL BRACING & SEALANT:          23/JUL/2025 11:22am

                                    Clr/     Thick/              Total    Total
 Quan Mark   Description  Part       Dia     FabLen     Length  Weight     Cost
===============================================================================
    4 CB-1   SW Rod       ROD20    20.00       8390       8140    80.4     0.04
    4 CB-2   SW Rod       ROD20    20.00       6460       6210    61.2     0.04
    4 CB-3   SW Rod       ROD20    20.00       8300       8050    79.6     0.04
    4 CB-4   SW Rod       ROD20    20.00       6350       6100    60.0     0.04
    4 CB-5   Roof Rod     ROD20    20.00       8550       8300    82.0     0.04
    4 CB-6   Roof Rod     ROD20    20.00       7830       7580    74.8     0.04
    4 CB-7   Roof Rod     ROD20    20.00       8460       8210    80.8     0.04
    4 CB-8   Roof Rod     ROD20    20.00       7730       7480    73.6     0.04

   22        Silicone Tub SILICON              4.00       7500    22.0     0.44
  198        Panel Clsr   FF-100              25.00       1020   198.0     3.96
  120        Panel Clsr   FF-200              25.00       1020   120.0     2.40

-------------------------------------------------------------------------------
                                                     Total:      932.5     7.12


===============================================================================
 C323-153            9.ACCESSORIES:                         23/JUL/2025 11:22am

                                       Width/                    Total    Total
 Quan Mark   Description      Part      Color Thick     Length  Weight     Cost
===============================================================================
   64 ---    NUT 20           HN20         --                1     3.2     0.64
   64 ---    HILLSIDE WASHER2 HW20         --                1    22.7     0.64
   64 ---    FLAT WASHER20    Ø20WSHR     --                1     2.2     0.64

-------------------------------------------------------------------------------
                                                     Total:       28.0     1.92


===============================================================================
 C323-153            10.FASTENERS:                          23/JUL/2025 11:22am

                                        Type/                    Total    Total
  Quan Mark   Description      Part     Color   Dia     Length  Weight     Cost
===============================================================================
   200        Bolts            H12X50   Gr8.8 12.00         50     9.8     2.00
   970        Bolts            M12X50   Gr8.8 12.00         50    51.1     9.70
    13        Bolts            M12X50   Gr8.8 12.00         50    0.73     0.13
   567        Bolts            H12X50   Gr8.8 12.00         50    29.9     5.67
   374        Bolts            H20X90   Gr8.8 20.00         90   126.0     7.48
     4        Bolts            H16X70   Gr8.8 16.00         70    0.58     0.08
   160        Bolts            H20X90   Gr8.8 20.00         90    37.4     3.20
   120        Anchor Bolt      AB20       A36 20.00        625   202.8     1.20
   120        A.B. Washers     W20            20.00                1.9     2.40
    17        Bolts            H16X70   Gr8.8 16.00         70     2.2     0.34

  3600        No. 12-14x20 SDS 14x20SDS    A2               20    24.5    72.00
  3200        No. 12-14x55 SDS 14x55SDS    A3               55    21.8    64.00
   400        No. 10-12X20 SDS 12x20SDS    HA               20     2.7     8.00
   800        No. 10-12x20 SDS 12x20SDS    HA               20     5.4    16.00
   100        Pop Rivet        Rivet       HA               11    0.68     2.00
   400        No. 10-12X20 SDS 12x20SDS    --               20     2.7     8.00
  2400        No. 10-12X20 SDS 12x20SDS    A3               20    16.3    48.00
   200        Pop Rivet        Rivet       --               11     1.4     4.00
  1600        No. 10-12x20 SDS 12x20SDS    A2               20    10.9    32.00
   400        Pop Rivet        Rivet       A3               11     2.7     8.00


            Colors
            ------
              A2 - NEED WALL COLOR          
              A3 - NEED ROOF COLOR          
              HA - 9010 PURE WHITE          

-------------------------------------------------------------------------------
                                                     Total:      551.6   294.20


===============================================================================
 C323-153             Summary Reports                       23/JUL/2025 11:22am
===============================================================================






                             WEIGHT & COST SUMMARY
         --------------------------------------------------------------
         Page    Description                     Total Wt    Total Cost
         --------------------------------------------------------------
           1     Rigid Frames & Endwall Frames    13998.8        697.85
           2     Door Jambs & Headers                48.6          0.04
           3     Purlins, Girts & Eave Struts      6004.7        153.25
           4     Roof & Wall Sheeting              7643.1          5.82
           5     Connection Plates                   65.8          1.36
           6     Angles                             984.8         10.98
           7     Trim                              1176.4          4.68
           8     Diagonal Bracing & Sealant         932.5          7.12
           9     Accessories                         28.0          1.92
          10     Fasteners                          551.6        294.20
         --------------------------------------------------------------
                                     Totals:      31434.3       1177.22


                        SUPPLIER DISCOUNT SUMMARY
-------------------------------------------------------------------------------
                                Total   -------Cost------ --Discount-     Final
Supplier                       Weight   Material    Labor Matrl Labor      Cost
-------------------------------------------------------------------------------

ASPRINGS            
 C & Z Type Members           10447.1      97.37     0.68  0.00  0.00     98.05
 Wall & Roof Panels              0.00       0.00     0.00  0.00  0.00      0.00
 Rigid Frames                    0.00       0.00     0.00  0.00  0.00      0.00
 Bolts, Fasteners                0.00       0.00     0.00  0.00  0.00      0.00
 Sealant, Tape                   0.00       0.00     0.00  0.00  0.00      0.00
 Cables & Hardware               0.00       0.00     0.00  0.00  0.00      0.00
 Clips                           0.00       0.00     0.00  0.00  0.00      0.00
 Standard Trim                   0.00       0.00     0.00  0.00  0.00      0.00
 Special Trim                    0.00       0.00     0.00  0.00  0.00      0.00
 Light Gage E, CH, A             0.00       0.00     0.00  0.00  0.00      0.00
 Accessories                     0.00       0.00     0.00  0.00  0.00      0.00
 Walkdoors & Door Acc.           0.00       0.00     0.00  0.00  0.00      0.00
 Standing Seam Acc.              0.00       0.00     0.00  0.00  0.00      0.00
 Ridge Caps                      0.00       0.00     0.00  0.00  0.00      0.00
 Hot Rolled                      0.00       0.00     0.00  0.00  0.00      0.00
 Standing Seam Galv.             0.00       0.00     0.00  0.00  0.00      0.00
 Standing Seam Kynar             0.00       0.00     0.00  0.00  0.00      0.00
 Weather-lok Galv.               0.00       0.00     0.00  0.00  0.00      0.00
 Weather-lok Kynar               0.00       0.00     0.00  0.00  0.00      0.00
 Shadow Wall Galv.               0.00       0.00     0.00  0.00  0.00      0.00
 Shadow Wall Kynar               0.00       0.00     0.00  0.00  0.00      0.00
 Accent 11 Panel                 0.00       0.00     0.00  0.00  0.00      0.00
 Insulation                      0.00       0.00     0.00  0.00  0.00      0.00
 Special Panel Pricing           0.00       0.00     0.00  0.00  0.00      0.00
 Spl C & Z Type Members          0.00       0.00     0.00  0.00  0.00      0.00
 Spl Clips                       0.00       0.00     0.00  0.00  0.00      0.00
 Spl Whirlwind Trim              0.00       0.00     0.00  0.00  0.00      0.00
 Spl Light Gage E, CH, A         0.00       0.00     0.00  0.00  0.00      0.00
 Spl Hot Rolled                  0.00       0.00     0.00  0.00  0.00      0.00
 Spl Standing Seam Galv.         0.00       0.00     0.00  0.00  0.00      0.00
 Spl2 Clips                      0.00       0.00     0.00  0.00  0.00      0.00
 Spl2 Whirlwind Trim             0.00       0.00     0.00  0.00  0.00      0.00
 Spl2 Light Gage E, CH, A        0.00       0.00     0.00  0.00  0.00      0.00
 Spl2 Standing Seam Galv.        0.00       0.00     0.00  0.00  0.00      0.00

*Supplier Not Found 
 Additional Items             20987.2     925.59   153.58  0.00  0.00   1079.17
-------------------------------------------------------------------------------
                              31434.3    1022.96   154.26               1177.22
