*===============================================================================
*C323-153            Component Detail Input                 23/JUL/2025 11:21am
*===============================================================================
 
*( 1)JOBID:
    'C323-153'
 
*( 2)BUILDING LAYOUT:
*                          ----Left_Endwall----  ----Right_Endwall----
*  Type    Width   Length  Exp  Offset  Project   Exp  Offset  Project
  'FF-'  22470.0  36270.0 'Y '  440.00   230.00  'Y '  440.00   230.00
 
*( 3)WALL LAYOUT:
*                          -------Wall-------    Base    Wall
* No. Id  Use     Type Opt    Start    Length    Elev  Offset
   5  1  'LEFT  ' '-'  '-'      0.0   22470.0    0.00  230.00
      2  'FRONT ' '-'  '-'      0.0   36270.0    0.00  230.00
      3  'RIGHT ' '-'  '-'      0.0   22470.0    0.00  230.00
      4  'BACK  ' '-'  '-'      0.0   36270.0    0.00  230.00
      5  'ROOF  ' '-'  '-'      0.0   36270.0    0.00    0.00
 
*( 4)SURFACE SHAPE:
*                                -------Offset-------
*  No.    X_Coord   Y_Coord     Left   Right    Frame  Opt
    4         0.0    8170.0   230.00 230.00    230.00  '-'
          11235.0    9293.5   200.00 200.00    200.00  '-'
          22470.0    8170.0   200.00 200.00    200.00  '-'
          22470.0       0.0   230.00 230.00    230.00  '-'
 
*( 5)BAY SPACING:
*Wall  ----Offset---   No.   ---Bay_Set---
* Id    Left   Right  Sets     Width  Quan
   1  230.00  230.00    1    11235.0    2
   2  440.00  440.00    6     6200.0    1
                              5990.0    1
                              5730.0    1
                              6230.0    1
                              5870.0    1
                              6250.0    1
   3  230.00  230.00    1    11235.0    2
   4  440.00  440.00    6     6250.0    1
                              5870.0    1
                              6230.0    1
                              5730.0    1
                              5990.0    1
                              6200.0    1
   5  440.00  440.00    6     6200.0    1
                              5990.0    1
                              5730.0    1
                              6230.0    1
                              5870.0    1
                              6250.0    1
 
*( 6)WALL COLUMNS:
*Wall                                         ---Flange---          ---Clearance--
* Id  No.  Id   Part       Rot  Opt   Height  Width  Thick  Splice    Roof    Wall
  1    3    1  '--------'  'N'  '-'     0.00   0.00   0.00   '-'      0.00    0.00
            2  'W40b155 '  'N'  '-'  8513.70 150.00   5.00   '-'      0.00    0.00
            3  '--------'  'N'  '-'     0.00   0.00   0.00   '-'      0.00    0.00
  2    7    1  '--------'  'N'  '-'     0.00 150.00   6.00   'H'   1481.25  988.40
            2  '--------'  'N'  '-'     0.00 150.00   6.00   'H'   1481.25  632.39
            3  '--------'  'N'  '-'     0.00 150.00   6.00   'H'   1481.25  632.39
            4  '--------'  'N'  '-'     0.00 150.00   6.00   'H'   1481.25  632.39
            5  '--------'  'N'  '-'     0.00 150.00   6.00   'H'   1481.25  632.39
            6  '--------'  'N'  '-'     0.00 150.00   6.00   'H'   1481.25  632.39
            7  '--------'  'N'  '-'     0.00 150.00   6.00   'H'   1481.25  988.40
  3    3    1  '--------'  'N'  '-'     0.00   0.00   0.00   '-'      0.00    0.00
            2  'W40b155 '  'N'  '-'  8513.70 150.00   5.00   '-'      0.00    0.00
            3  '--------'  'N'  '-'     0.00   0.00   0.00   '-'      0.00    0.00
  4    7    1  '--------'  'N'  '-'     0.00 150.00   6.00   'H'   1481.25  988.40
            2  '--------'  'N'  '-'     0.00 150.00   6.00   'H'   1481.25  632.39
            3  '--------'  'N'  '-'     0.00 150.00   6.00   'H'   1481.25  632.39
            4  '--------'  'N'  '-'     0.00 150.00   6.00   'H'   1481.25  632.39
            5  '--------'  'N'  '-'     0.00 150.00   6.00   'H'   1481.25  632.39
            6  '--------'  'N'  '-'     0.00 150.00   6.00   'H'   1481.25  632.39
            7  '--------'  'N'  '-'     0.00 150.00   6.00   'H'   1481.25  988.40
 
*( 7)RAFTERS:
* Wall             Surf
*  Id   No.  Id     Id   Location Rotate Option  Part
    1    2    1      2        0.0  '-'    '-'   '--------'
              2      3        0.0  '-'    '-'   '--------'
    2    0
    3    2    1      2        0.0  '-'    '-'   '--------'
              2      3        0.0  '-'    '-'   '--------'
    4    0
 
*( 8)RIGID FRAMES:
*  No.    Line   ---Front_Sidewall_Flange--   ---Back_Sidewall_Flange---
* Lines    Id    Width  Thick  Splice Clear   Width  Thick  Splice Clear
    7       1   150.00   6.00    'H' 1481.2  150.00   6.00    'H' 1481.2
            2   150.00   6.00    'H' 1481.2  150.00   6.00    'H' 1481.2
            3   150.00   6.00    'H' 1481.2  150.00   6.00    'H' 1481.2
            4   150.00   6.00    'H' 1481.2  150.00   6.00    'H' 1481.2
            5   150.00   6.00    'H' 1481.2  150.00   6.00    'H' 1481.2
            6   150.00   6.00    'H' 1481.2  150.00   6.00    'H' 1481.2
            7   150.00   6.00    'H' 1481.2  150.00   6.00    'H' 1481.2
 
*( 9)EAVE STRUTS:
*Wall
* Id   Type   Part      Offset
   2   'ZB' '200Z15  '    0.00
   4   'ZB' '200Z15  '    0.00
 
*(10)PURLIN LOCATION:
*Surf         Peak
* Id  Type   Space  No.  Locate
   2  'ZB'   300.0    7  1570.1   3140.3   4710.4   6280.6   7850.7   9420.9  10991.0
   3  'ZB'   300.0    7   300.0   1870.1   3440.3   5010.4   6580.6   8150.7   9720.9
 
*(11)SPECIAL GIRTS:
* Wall   No.    ---Bay---
*  Id   Sets    Start End   Height Type Rotate  Part
    1     0
    2     0
    3     0
    4     0
 
*(12)EXTENSION LAYOUT:
*        Wall                ---Bay---   -Edge_Extend-  End_Option  End_Support
* No. Id  Id  Type Opt Mount Start End    Left   Right  Left Right   Left Right
   1   1   3  'EC' '-'  'B'    1     1     0.0     0.0  '-'  '-'     '-'   '-'
 
*(13)EXTENSION SIZE:
*      ----Horizontal_Size---   ---------Vertical_Size--------  --Orient--  -------Support------ ---Concrete---
* Id     Elev   Width   Slope     Elev   Height   Slope Project Beam Panel  Offset   Elev Splice Extend    Elev
   1   5700.0  2000.0   10.00      0.0     0.0     0.00    0.00  '-'  '-'     0.00   0.00   '-'    0.00    0.00
 
*(14)EXTENSION BEAMS:
*    Ext Line                                              ----------Web---------   ------Flange-------               Connect_Id  Weld
*No.  Id  Id   Use       Orn   Part     Type Shape Rot Opt  Depth1  Depth2  Thick   Width  Thick  Thick Bracket Stiff Start  End   Id
   3   1   1  'ATTACH  ' 'H'  '--------' '-'  'H'  '-' '-'  196.40  396.40   4.00  125.00   5.00   5.00   'N'    'N'    1     0     0
       1   1  'ATT_SUPP' 'H'  'W30b155 ' 'W'  'H'  '-' '-'  300.00  300.00   5.00  150.00   5.00   5.00   'N'    'N'    2     3     0
       1   2  'ATTACH  ' 'H'  '--------' '-'  'H'  '-' '-'  196.40  396.40   4.00  125.00   5.00   5.00   'Y'    'N'    4     0     0
 
*(15)EXTENSION PURLINS:
*                                     Peak     Set   ------Lap-----              Flg_Brace
*No.  Id   Use       Type  Rot Row   Space   Space     Ext      Int    Part      Side Type
   2   1  'ROOF    ' 'ZB'  'U'   2    300.0     0.0     0.0      0.0  '250Z25  '   1   'A'
       1  'EAVE    ' 'ZB'  'U'   1      0.0     0.0     0.0      0.0  '250Z18  '   0   'A'
 
*(16)EXTENSION PANELS & GUTTER:
*Ext  Stand  --Gutter--
* Id   Seam  Use  Width Soffit
   1   'N'   'N'   0.00  '-'
 
*(17)EXTENSION BRACING:
*    Ext  Bay
*No.  Id   Id  Orn Pattern  Type   Part
   0
 
*(18)EXTENSION DETAIL PROPERTIES:
*    Ext    Purlin_Deduct   Eave_Deduct   ----Beam_Offset----
*No.  Id     Left   Right   Left  Right    Hip   Stub  Column
  0
 
*(19)EAVE STRUT BOLTS:
*          Strut  Wall Frame
* No.  Id  Type    Id   Id    Locate   Opt    Type     Dia     Len Quan Washer
  14    1   'E'     2    1   22470.0     0   'Gr8.8' 12.00   50.00   2     0
        2   'E'     2    2   22470.0     0   'Gr8.8' 12.00   50.00   4     0
        3   'E'     2    3   22470.0     0   'Gr8.8' 12.00   50.00   4     0
        4   'E'     2    4   22470.0     0   'Gr8.8' 12.00   50.00   4     0
        5   'E'     2    5   22470.0     0   'Gr8.8' 12.00   50.00   4     0
        6   'E'     2    6   22470.0     0   'Gr8.8' 12.00   50.00   4     0
        7   'E'     2    7   22470.0     0   'Gr8.8' 12.00   50.00   2     0
        8   'E'     4    7       0.0     0   'Gr8.8' 12.00   50.00   2     0
        9   'E'     4    6       0.0     0   'Gr8.8' 12.00   50.00   4     0
       10   'E'     4    5       0.0     0   'Gr8.8' 12.00   50.00   4     0
       11   'E'     4    4       0.0     0   'Gr8.8' 12.00   50.00   4     0
       12   'E'     4    3       0.0     0   'Gr8.8' 12.00   50.00   4     0
       13   'E'     4    2       0.0     0   'Gr8.8' 12.00   50.00   4     0
       14   'E'     4    1       0.0     0   'Gr8.8' 12.00   50.00   2     0
 
 
*(20)ROOF STRUTS:
*             Surf/ Bay
*No. Id Type  Wall   Id   Locate  Opt   Part       Rot
  0
 
*(21)CONNECTIONS:
*                   -----Plate_Size----  -------------------Bolts-------------------  Bolt  Weld
* No. Id  Type Opt  Width Length  Thick  Type      Dia Row1 Row2 Space1 Space2  Gage   Ref   Id
   4   1  'SS' '-' 200.00   0.00  16.00 'Gr8.8'  20.00   2    2  100.00 100.00 100.0     0    4
       2  'SS' '-' 200.00   0.00  16.00 'Gr8.8'  20.00   2    2  100.00 100.00 100.0     0    5
       3  'S3' '-' 150.00   0.00  10.00 'Gr8.8'  16.00   2    2  100.00  75.00 75.00     0    6
       4  'SS' '-' 200.00   0.00  16.00 'Gr8.8'  20.00   2    2  100.00 100.00 100.0     0    7
 
*(22)BEAM HOLES:
*     Ext  Line                                                              ----Hole---
*No.   Id    Id  Beam  Use  Locate  Orn    Dia   Length   Gage  Ref  Offset  No.  Locate
   0
 
*(23)WELDS:
*    Table      ---OS_Flange---  ---IS_Flange---  ------Web------
*No.  Id   Opt   Size Type Note   Size Type Note   Size Type Note
   7   1   '-'   4.00 'F1'  '-'   4.00 'F1'  '-'   4.00 'F1'  '-'
       2   '-'   4.00 'F1'  '-'   4.00 'F1'  '-'   4.00 'F1'  '-'
       3   '-'   4.00 'F1'  '-'   4.00 'F1'  '-'   4.00 'F1'  '-'
       4   '-'   4.00 'F2'  '-'   4.00 'F2'  '-'   4.00 'F1'  '-'
       5   '-'   4.00 'F2'  '-'   4.00 'F2'  '-'   4.00 'F1'  '-'
       6   '-'   4.00 'F1'  '-'   4.00 'F1'  '-'   4.00 'F1'  '-'
       7   '-'   4.00 'F2'  '-'   4.00 'F2'  '-'   4.00 'F1'  '-'
 
*(24)RIGID FRAME LOCATIONS:
*                              Line
*   No.     Id    Type    Quan  Id
     2       1    'HP-'    2     1   7
             2    'RF-'    5     2   3   4   5   6
 
*(25)RIGID FRAME COORDINATES:
*Frame
* Id   No. X_Coord    Y_Coord     Thick
   1   28    236.0        0.0      6.00
             236.0     4016.0      6.00
             236.0     4016.0      6.00
             236.0     7649.4      6.00
             236.0     7649.4      5.00
             236.0     7987.6      5.00
             236.0     7987.6      5.00
             700.6     8034.0      5.00
             700.6     8034.0      5.00
            4408.9     8404.9      5.00
            4408.9     8404.9      5.00
            8692.6     8833.2      5.00
            8692.6     8833.2      5.00
           11235.0     9087.5      5.00
           11235.0     9087.5      5.00
           13777.3     8833.2      5.00
           13777.3     8833.2      5.00
           18061.1     8404.9      5.00
           18061.1     8404.9      5.00
           21769.4     8034.0      5.00
           21769.4     8034.0      5.00
           22234.0     7987.6      5.00
           22234.0     7987.6      5.00
           22234.0     7649.4      5.00
           22234.0     7649.4      6.00
           22234.0     4016.0      6.00
           22234.0     4016.0      6.00
           22234.0        0.0      6.00
   2   24    236.0        0.0      6.00
             236.0     4016.0      6.00
             236.0     4016.0      6.00
             236.0     7447.4      6.00
             236.0     7447.4      6.00
             236.0     7986.6      6.00
             236.0     7986.6      6.00
             680.7     8031.0      6.00
             680.7     8031.0      6.00
            4409.0     8403.9      6.00
            4409.0     8403.9      5.00
           11235.0     9086.5      5.00
           11235.0     9086.5      5.00
           18061.0     8403.9      5.00
           18061.0     8403.9      6.00
           21789.3     8031.0      6.00
           21789.3     8031.0      6.00
           22234.0     7986.6      6.00
           22234.0     7986.6      6.00
           22234.0     7447.4      6.00
           22234.0     7447.4      6.00
           22234.0     4016.0      6.00
           22234.0     4016.0      6.00
           22234.0        0.0      6.00

================================================================================
 C323-153                Eave/Canopy(Rafter EB-1)           23/JUL/2025 11:21am
================================================================================
  Quan:  1                         Mark: EB-1  
-------------------------------------------------------------------------------

 PLATES:
 -------
 Quan Mark   Part     Description   Width   Thick    Length   UnitWt  TotalWt
 ---- ----   -------- -----------   -----   -----  --------   ------  -------
   1  WB1             Web             440    4.00      2424    24.76    24.76
   1  OF1             OS Flange       125    5.00      2436    11.96    11.96
   1  IF1             IS Flange       125    5.00      2424    11.90    11.90
   1  EP1             End Plate       200   16.00       642    16.14    16.14
   1  SS1             EP Stiffen      120    5.00       109     0.51     0.51
   1  SS2             EP Stiffen      120    5.00       120     0.57     0.57
   1  GB11            Purl Clip       150    5.00       225     1.33     1.33
   2  GB1             Purl Clip       150    5.00       225     1.33     2.65
   2  BC1             Brace Clip       75    5.00        75     0.22     0.44
                                                                      -------
                                                                        70.27

 MEMBER CUTS:
 ------------
   Plate  Cut   -------Left-------  -------Right------
   Mark   Type      Cut       Le       Cut       Re
   -----  ----  --------- --------  --------- --------
    WB1    DU                 44 B       199      20 T

 HOLE LOCATIONS:
 ---------------
  Plate                        Slot/          Bolt
  Mark     Dia  Offset   Gage  Gage2   Angle   Ref Locate
  ----   -----  ------  -----  -----  ------  ---- -----------------------------------
  EP1       22       0    100      0     0.0    23        45       145       497 

                                                         597 
  GB11      14       0    100      0     0.0    11        25       175 
  GB1       14       0    100      0     0.0    10        25       175 
  BC1       14      50      0      0     0.0    12        25 

 PLATE LOCATIONS:
 ----------------
  Plate
  Type  Attach  Offset   Angle  Side  Locate
  ----- ------  ------  ------  ----  ------------------------------------
  EP1              97     0.00    -                 
  PC11     O        0     0.00    -        2321     
  GB1      O        0     0.00    -         701      1556 
  BC1      W        0     0.00    B         701      1556 

 WELDS:
 ------
                  Weld   Weld  Weld    Weld
   Plate  Plate2  Type   Size  Note  Length
   -----  ------  ----  -----  ----  ------
    OF1    WB      F1    4.00    -   2436.6
    IF1    WB1     F1    4.00    -   2424.5
    EP1    WB1     F1    4.00    -    396.4
    EP1    OF1     F2    4.00    -    125.0
    EP1    IF1     F2    4.00    -    125.0
    SS1    OF1     F1    4.00    -    120.6
    SS1    EP1     F1    4.00    -     96.6
    SS2    IF1     F1    4.00    -    120.6
    SS2    EP1     F1    4.00    -    120.0
    FC11   OF      F1    4.00    -      0.0
    FC1    OF      F1    4.00    -      0.0
    BC1    WB      F1    4.00    -     75.0
    BC1    IF      F1    4.00    -      0.0

 FINISH DIMENSIONS:
 ------------------
   Max     Overall     =     2473 
   Outside Flange Total=     2436 
   Inside  Flange Total=     2424 
   Outside Overall     =     2453 
   Inside  Overall     =     2440 
   Left    Overall     =      452 
   Right   Overall     =      208 
   Left  Extension     =      -45 
   Right Extension     =       21 

 CLIP DETAILING:
 ---------------
   Mark   Typ Thick Ang     A      B      C      D      E      F      G      H
   ------ --- ----- --- ------ ------ ------ ------ ------ ------ ------ ------
   EP1     z  16.00   0   0.00   0.00   0.00   0.00   0.00   0.00   0.00   0.00
   SS1     y   5.00   0   0.00   0.00  75.00   0.00   0.00   0.00   0.00   0.00
   SS2     y   5.00   0   0.00   0.00  75.00   0.00   0.00   0.00   0.00   0.00
   PC11    y   5.00   0  25.00 100.00  25.00 150.00  50.00   0.00   0.00   0.00
   PC1     y   5.00   0  25.00 100.00  25.00 150.00  50.00   0.00   0.00   0.00
   BC1     x   5.00   0  50.00   0.00  25.00  50.00   0.00   0.00   0.00   0.00

================================================================================
 C323-153                Eave/Canopy(Support EB-2)          23/JUL/2025 11:21am
================================================================================
  Quan:  1                         Mark: EB-2              Part:W30b155 
-------------------------------------------------------------------------------

 PLATES:
 -------
 Quan Mark   Part     Description   Width   Thick    Length   UnitWt  TotalWt
 ---- ----   -------- -----------   -----   -----  --------   ------  -------
   1  WB1             Web             300    5.00      5779    69.35    69.35
   1  OF1             OS Flange       150    5.00      5779    34.05    34.05
   1  IF1             IS Flange       150    5.00      5779    34.05    34.05
   1  EP1             End Plate       200   16.00       500    12.57    12.57
   1  SS1             EP Stiffen      120    5.00        95     0.45     0.45
   1  SS2             EP Stiffen      120    5.00        95     0.45     0.45
   1  EP2             End Plate       150   10.00       360     4.24     4.24
                                                                      -------
                                                                       155.16

 MEMBER CUTS:
 ------------
   Plate  Cut   -------Left-------  -------Right------
   Mark   Type      Cut       Le       Cut       Re
   -----  ----  --------- --------  --------- --------
    WB1    PP        300                              

 HOLE LOCATIONS:
 ---------------
  Plate                        Slot/          Bolt
  Mark     Dia  Offset   Gage  Gage2   Angle   Ref Locate
  ----   -----  ------  -----  -----  ------  ---- -----------------------------------
  EP1       22       0    100      0     0.0    23        45       145       497 

                                                         597 
  EP2       18       0     75      0     0.0    17       130       230 

 PLATE LOCATIONS:
 ----------------
  Plate
  Type  Attach  Offset   Angle  Side  Locate
  ----- ------  ------  ------  ----  ------------------------------------
  EP1              95     0.00    -                 
  EP2              25     0.00    -                 

 WELDS:
 ------
                  Weld   Weld  Weld    Weld
   Plate  Plate2  Type   Size  Note  Length
   -----  ------  ----  -----  ----  ------
    OF1    WB      F1    4.00    -   5779.0
    IF1    WB1     F1    4.00    -   5779.0
    EP1    WB1     F1    4.00    -    300.0
    EP1    OF1     F2    4.00    -    150.0
    EP1    IF1     F2    4.00    -    150.0
    EP2    WB      F1    4.00    -    300.0
    EP2    OF      F2    4.00    -    150.0
    EP2    IF      F2    4.00    -    150.0
    SS1    OF      F1    4.00    -    120.0
    SS1    EP1     F1    4.00    -     95.0
    SS2    IF1     F1    4.00    -    120.0
    SS2    EP1     F1    4.00    -     95.0

 FINISH DIMENSIONS:
 ------------------
   Max     Overall     =     5805 
   Outside Flange Total=     5779 
   Inside  Flange Total=     5779 
   Outside Overall     =     5805 
   Inside  Overall     =     5805 
   Left    Overall     =      310 
   Right   Overall     =      310 
   Left  Extension     =          
   Right Extension     =          

 CLIP DETAILING:
 ---------------
   Mark   Typ Thick Ang     A      B      C      D      E      F      G      H
   ------ --- ----- --- ------ ------ ------ ------ ------ ------ ------ ------
   EP1     z  16.00   0   0.00   0.00   0.00   0.00   0.00   0.00   0.00   0.00
   SS1     y   5.00   0   0.00   0.00  75.00   0.00   0.00   0.00   0.00   0.00
   SS2     y   5.00   0   0.00   0.00  75.00   0.00   0.00   0.00   0.00   0.00
   EP2     z  10.00   0  37.50  75.00 130.01 100.00 130.01  18.00   0.00   0.00

================================================================================
 C323-153                Eave/Canopy(Rafter EB-3)           23/JUL/2025 11:21am
================================================================================
  Quan:  1                         Mark: EB-3  
-------------------------------------------------------------------------------

 PLATES:
 -------
 Quan Mark   Part     Description   Width   Thick    Length   UnitWt  TotalWt
 ---- ----   -------- -----------   -----   -----  --------   ------  -------
   1  WB1             Web             396    4.00      1984    18.87    18.87
   1  OF1             OS Flange       125    5.00      1994     9.79     9.79
   1  IF1             IS Flange       125    5.00      1984     9.74     9.74
   1  EP1             End Plate       200   16.00       598    15.03    15.03
   1  SS1             EP Stiffen      120    5.00       109     0.51     0.51
   1  SS2             EP Stiffen      120    5.00       120     0.57     0.57
   1  GB11            Purl Clip       150    5.00       225     1.33     1.33
   2  GB1             Purl Clip       150    5.00       225     1.33     2.65
   2  BC1             Brace Clip       75    5.00        75     0.22     0.44
                                                                      -------
                                                                        58.94

 MEMBER CUTS:
 ------------
   Plate  Cut   -------Left-------  -------Right------
   Mark   Type      Cut       Le       Cut       Re
   -----  ----  --------- --------  --------- --------
    WB1    DU                 40 B       199      20 T

 HOLE LOCATIONS:
 ---------------
  Plate                        Slot/          Bolt
  Mark     Dia  Offset   Gage  Gage2   Angle   Ref Locate
  ----   -----  ------  -----  -----  ------  ---- -----------------------------------
  EP1       22       0    100      0     0.0    23        45       145       453 

                                                         553 
  GB11      14       0    100      0     0.0    11        25       175 
  GB1       14       0    100      0     0.0    10        25       175 
  BC1       14      50      0      0     0.0    12        25 

 PLATE LOCATIONS:
 ----------------
  Plate
  Type  Attach  Offset   Angle  Side  Locate
  ----- ------  ------  ------  ----  ------------------------------------
  EP1              97     0.00    -                 
  PC11     O        0     0.00    -        1878     
  GB1      O        0     0.00    -         258      1113 
  BC1      W        0     0.00    F         258      1113 

 WELDS:
 ------
                  Weld   Weld  Weld    Weld
   Plate  Plate2  Type   Size  Note  Length
   -----  ------  ----  -----  ----  ------
    OF1    WB      F1    4.00    -   1994.4
    IF1    WB1     F1    4.00    -   1984.5
    EP1    WB1     F1    4.00    -    396.4
    EP1    OF1     F2    4.00    -    125.0
    EP1    IF1     F2    4.00    -    125.0
    SS1    OF1     F1    4.00    -    120.6
    SS1    EP1     F1    4.00    -     96.6
    SS2    IF1     F1    4.00    -    120.6
    SS2    EP1     F1    4.00    -    120.0
    FC11   OF      F1    4.00    -      0.0
    FC1    OF      F1    4.00    -      0.0
    BC1    WB      F1    4.00    -     75.0
    BC1    IF      F1    4.00    -      0.0

 FINISH DIMENSIONS:
 ------------------
   Max     Overall     =     2031 
   Outside Flange Total=     1994 
   Inside  Flange Total=     1984 
   Outside Overall     =     2010 
   Inside  Overall     =     2000 
   Left    Overall     =      408 
   Right   Overall     =      208 
   Left  Extension     =      -41 
   Right Extension     =       21 

 CLIP DETAILING:
 ---------------
   Mark   Typ Thick Ang     A      B      C      D      E      F      G      H
   ------ --- ----- --- ------ ------ ------ ------ ------ ------ ------ ------
   EP1     z  16.00   0   0.00   0.00   0.00   0.00   0.00   0.00   0.00   0.00
   SS1     y   5.00   0   0.00   0.00  75.00   0.00   0.00   0.00   0.00   0.00
   SS2     y   5.00   0   0.00   0.00  75.00   0.00   0.00   0.00   0.00   0.00
   PC11    y   5.00   0  25.00 100.00  25.00 150.00  50.00   0.00   0.00   0.00
   PC1     y   5.00   0  25.00 100.00  25.00 150.00  50.00   0.00   0.00   0.00
   BC1     x   5.00   0  50.00   0.00  25.00  50.00   0.00   0.00   0.00   0.00

================================================================================
 C323-153            Connection Bolt Summary                23/JUL/2025 11:21am
================================================================================

  BOLTS:
  ------
     Mark   Locate  Qty  Type     Dia  Length  Part      DtBolt
     ------ ------  ---  -----  -----  ------  --------  ------
     EB-1   Start     8  Gr8.8  20.00   90.00  H20X90      23
     EB-2   Start     8  Gr8.8  20.00   90.00  H20X90      23
     EB-2   End       4  Gr8.8  16.00   70.00  --------     0
     EB-3   Start     8  Gr8.8  20.00   90.00  H20X90      23

================================================================================
 C323-153            Weld Lengths                           23/JUL/2025 11:21am
================================================================================


        Piece    Size    Web-Flange    ------Hand_Weld(mm)-----
  Qty   Mark     (mm)    Fillet(mm)     Fillet   Groove    Butt
  ---   -----   -----    ----------    -------  -------  ------
    1   EB-1     4.00        4861         1962        0       0
 
    1   EB-2     4.00       11558         1800        0       0
 
    1   EB-3     4.00        3979         1962        0       0

================================================================================
 C323-153            Flange Braces                          23/JUL/2025 11:21am
================================================================================

 EXTENSION FLANGE BRACES:
 ------------------------
 Ext  Beam     Web    Brace                    Brace_At
 Id  Id Side  Depth    Dist  Length     Part   Purlin_Id
 --- -- ----  -----   -----  ------  --------  ---------
  1   1   R  382.53  330.00  520.00  L40X40X4    1
  1   1   R  297.04  330.00  456.00  L40X40X4    2
  1   2   L  382.53  330.00  520.00  L40X40X4    1
  1   2   L  297.04  330.00  456.00  L40X40X4    2

================================================================================
 C323-153            Bracing Attachments                    23/JUL/2025 11:21am
================================================================================

    .. No Beam Slots

================================================================================
 C323-153            Cost Summary                           23/JUL/2025 11:21am
================================================================================

        Piece                  End    Clip  Stiff         Surf   Set  Unit  Total
  Quan  Id     Flange    Web  Plate  Plate  Plate  Weld  Treat    Up  Cost   Cost
  ----  -----  ------    ---  -----  -----  -----  ----  -----  ----  ----  -----
    1   EB-1    
        Matrl:     18     18     12      3      1     0     0           52     52
        Labor:      0      0      0      0      0     0     0      0     0      0
               ------    ---  -----  -----  -----  ----  -----  ----  ----  -----
                   18     18     12      3      1     0     0      0    52     52 
    1   EB-2    
        Matrl:      0    102     12      0      1     0     0          115    115
        Labor:      0      0      0      0      0     0     0      0     0      0
               ------    ---  -----  -----  -----  ----  -----  ----  ----  -----
                    0    102     12      0      1     0     0      0   115    115 
    1   EB-3    
        Matrl:     14     14     11      3      1     0     0           44     44
        Labor:      0      0      0      0      0     0     0      0     0      0
               ------    ---  -----  -----  -----  ----  -----  ----  ----  -----
                   14     14     11      3      1     0     0      0    44     44 
 

 PLATE COST:
 -----------
  Piece  -------------Plate-------------        Material    Labor   Surface
  Mark   Mark  Part      Length   Weight  Qty       Cost     Cost  Treatment  File     Record    Adjust
  -----  ----  --------  ------   ------  ---   --------  -------  ---------  -------  --------  --------
  EB-1   WB1             2424.5    24.76    1      18.32     0.00      0.00   EW_COST  FRAME     @$W/L(F)
  EB-1   OF1             2436.1    11.96    1       8.85     0.00      0.00   EW_COST  FRAME     @$W/L(F)
  EB-1   IF1             2424.5    11.90    1       8.81     0.00      0.00   EW_COST  FRAME     @$W/L(F)
  EB-1   EP1              642.0    16.14    1      11.94     0.00      0.00   EW_COST  FRAME     @$W/L(F)
  EB-1   SS1              108.6     0.51    1       0.38     0.00      0.00   EW_COST  FRAME     @$W/L(F)
  EB-1   SS2              120.0     0.57    1       0.42     0.00      0.00   EW_COST  FRAME     @$W/L(F)
  EB-1   GB11             225.0     1.33    1       0.98     0.00      0.00   EW_COST  FRAME     @$W/L(F)
  EB-1   GB1              225.0     1.33    2       1.96     0.00      0.00   EW_COST  FRAME     @$W/L(F)
  EB-1   BC1               75.0     0.22    2       0.33     0.00      0.00   EW_COST  FRAME     @$W/L(F)
  EB-2   WB1             5779.0   137.45    1     101.71     0.00      0.00   EW_COST  FRAME     @$W/L(W)
  EB-2   EP1              500.0    12.57    1       9.30     0.00      0.00   EW_COST  FRAME     @$W/L(W)
  EB-2   SS1               95.0     0.45    1       0.33     0.00      0.00   EW_COST  FRAME     @$W/L(W)
  EB-2   SS2               95.0     0.45    1       0.33     0.00      0.00   EW_COST  FRAME     @$W/L(W)
  EB-2   EP2              360.0     4.24    1       3.14     0.00      0.00   EW_COST  FRAME     @$W/L(W)
  EB-3   WB1             1984.5    18.87    1      13.97     0.00      0.00   EW_COST  FRAME     @$W/L(F)
  EB-3   OF1             1993.9     9.79    1       7.24     0.00      0.00   EW_COST  FRAME     @$W/L(F)
  EB-3   IF1             1984.5     9.74    1       7.21     0.00      0.00   EW_COST  FRAME     @$W/L(F)
  EB-3   EP1              598.0    15.03    1      11.13     0.00      0.00   EW_COST  FRAME     @$W/L(F)
  EB-3   SS1              108.6     0.51    1       0.38     0.00      0.00   EW_COST  FRAME     @$W/L(F)
  EB-3   SS2              120.0     0.57    1       0.42     0.00      0.00   EW_COST  FRAME     @$W/L(F)
  EB-3   GB11             225.0     1.33    1       0.98     0.00      0.00   EW_COST  FRAME     @$W/L(F)
  EB-3   GB1              225.0     1.33    2       1.96     0.00      0.00   EW_COST  FRAME     @$W/L(F)
  EB-3   BC1               75.0     0.22    2       0.33     0.00      0.00   EW_COST  FRAME     @$W/L(F)

================================================================================
 C323-153            Warning Summary                        23/JUL/2025 11:21am
================================================================================


                   .. No Warnings
