 
 
 
 
                          Sivoko Steel Structures Ltd.
                                  Comm.7,Tema
                              Ghana (West Africa)
 
 
 
 
                       BUILDING WEIGHT & PRICE SUMMARY
                                      FOR
 
 
 
 
 
 
 
                               Proposed Warehouse
                               Proposed Warehouse
 
                                    C323-153
 
 
 
 
                                 BUILDING LAYOUT
                        Width              (mm)=  22470
                        Length             (mm)=  36270
                        Eave Height        (mm)=   8170/  8170
                        Roof Slope   (rise/100)= 10.00/10.00
 
                                 BUILDING LOADS
                        Roof Dead Load  (kN/m2)=  0.10
                        Wall Dead Load
                          Left  Endwall (kN/m2)=  0.10
                          Right Endwall (kN/m2)=  0.10
                          Front Sidewall(kN/m2)=  0.10
                          Back  Sidewall(kN/m2)=  0.10
                        Live Load       (kN/m2)=  0.57
                        Collateral Load (kN/m2)=  0.05
                        Wind Speed       (m/s )=  39.0
                        Wind Code              = MBMA10
                        Exposure               = B
                        Closure                = Enclosed
                        Internal Wind Coeff    = -0.18, +0.18
                        Risk Category          = -
                        Importance - Wind      =  1.00
                        Importance - Seismic   =  1.00
                        Seismic Design Category= B
                        Seismic Coeff (Sms)    =  0.16
                        Temperature Change     =   20
                        -------------------------------
                        Designer : VVJ
                        Detailer :
 
 
 
 
                                     23/JUL/2025



                        BUILDING WEIGHT & PRICE SUMMARY
             ====================================================
             Description                   Weight(kg)      Price
             ====================================================
             Rigid Frames & Endwall Frames    13998.8      697.85
             Door Jambs & Headers                48.6        0.04
             Purlins, Girts & Eave Struts      6004.7      153.25
             Roof & Wall Sheeting              7643.1        5.82
             Connection Plates                   65.8        1.36
             Angles                             984.8       10.98
             Trim                              1176.4        4.68
             Cables & Sealant                   932.5        7.12
             Accessories                         28.0        1.92
             Fasteners                          551.6      294.20
             ----------------------------------------------------
                                   Total:     31434.3     1177.22

             ----------------------------------------------------
             PRICE PER WEIGHT(kg)                            0.04
             PRICE PER FLOOR AREA(m2 )                       1.44
             WEIGHT PER FLOOR AREA(m2 )                     38.57
             ----------------------------------------------------


                             PRICE DISCOUNT SUMMARY
             ====================================================
             Desc.                 Qty                    Amount
             ====================================================
             Building Components                          1177.22

             ----------------------------------------------------
             ADJUSTED PRICE                               1177.22

             ----------------------------------------------------
             TAXABLE TOTAL                                1177.22

             ----------------------------------------------------
             FINAL PRICE                                  1177.22




                                  LEFT ENDWALL
             ====================================================
             Description                   Weight(kg)      Price
             ====================================================
             Columns                            265.3      196.29
             Girts                              757.5        0.28
             Sheeting                           693.5        0.46
             Connection Plates                   26.0        0.60
             ----------------------------------------------------
             TOTAL:                            1742.3      197.63



                                 FRONT SIDEWALL
             ====================================================
             Description                   Weight(kg)      Price
             ====================================================
             Eave Struts                        162.4        0.12
             Girts                              649.8        0.48
             Sheeting                          1022.6        0.74
             Cable                              140.6        0.08
             ----------------------------------------------------
             TOTAL:                            1975.4        1.42



                                 RIGHT ENDWALL
             ====================================================
             Description                   Weight(kg)      Price
             ====================================================
             Columns                            289.0      213.87
             Door Jambs                          48.6        0.04
             Eave Struts                         72.6        0.01
             Girts                              880.7        0.36
             Sheeting                           778.4        0.92
             Connection Plates                   39.9        1.00
             ----------------------------------------------------
             TOTAL:                            2109.1      216.20



                                 BACK SIDEWALL
             ====================================================
             Description                   Weight(kg)      Price
             ====================================================
             Eave Struts                        162.4        0.12
             Girts                              649.8        0.48
             Sheeting                          1022.6        0.74
             Cable                              140.6        0.08
             ----------------------------------------------------
             TOTAL:                            1975.4        1.42



                                      ROOF
             ====================================================
             Description                   Weight(kg)      Price
             ====================================================
             Purlins                           2474.9        1.70
             Sheeting                          4125.9        2.96
             Cable                              311.2        0.16
             ----------------------------------------------------
             TOTAL:                            6912.0        4.82



                                  RIGID FRAMES
             ====================================================
             Description                   Weight(kg)      Price
             ====================================================
             Rigid Frame 1                     2918.6        0.28
             Rigid Frame 2                     7333.5        0.80
             Ext Beams                          284.4      210.43
             Crane Supports                    3125.2       76.90
             ----------------------------------------------------
             TOTAL:                           13661.7      288.41



                                  ACCESSORIES
             ====================================================
             Description                   Weight(kg)      Price
             ====================================================
             Gutters & Downspouts               528.0        2.30
             ----------------------------------------------------
             TOTAL:                             528.0        2.30
                  NOTE: Gutter is included as part of the trim
                        category from the summary.



                                     OTHER
             ====================================================
             Description                   Weight(kg)      Price
             ====================================================
             Purlins, Girts & Eave Struts       194.6      149.70
             Angles                             767.6       10.26
             Trim                               648.4        2.38
             Cables & Sealant                   340.1        6.80
             Accessories                         28.0        1.92
             Fasteners                          551.6      294.20
             ----------------------------------------------------
             TOTAL:                            2530.3      465.26
