*===============================================================================
*C323-153            Crane Design Input                     23/JUL/2025 11:19am
*===============================================================================
 
*( 1)JOBID:
    'C323-153'
 
*( 2)DESIGN CODE:
*Design  ---Steel_Code---             ---Build---   Code     Seismic
* Code   Cold       Hot      Country  Code   Year   Label     Zone
  'WS'  'NAUS07  ' 'AISC05'  '    '  'MBMA'  '10'  'MBMA 10 ' 'B  '
 
*( 3)DESIGN CONSTANTS:
*                                                      Wind     Load
* ---------------Steel_Yield----------------  Stress Strength   Ratio
* Web   Flg  C_Sec W_Sec R_Sec  U_Sec   EP    Ratio   Ratio    Factor
  345   345    345   345   235    235   345    1.00    1.0000  1.0000
 
*( 4)REPORTS:
* Input  Runway   ---Support---  Cable
* Echo    Beam    Beam   Column  Brace
   'I'    'Y'     'Y'     'Y'     'Y'
 
*( 5)BUILDING LAYOUT:
* Build   L_Expand_EW  R_Expand_EW
*  Type   Use  Offset  Use  Offset
  'FF-'   'Y ' 440.00  'Y ' 440.00
 
*( 6)SURFACE SHAPE:
*  No.     X_Coord  Y_Coord  Offset
     4          0      8170  230.00
            11235      9294  200.00
            22470      8170  200.00
            22470         0  230.00
 
*( 7)BAY SPACING:
* Wall   No.   ---Bay_Set---
*  Id   Sets     Width  Quan
    1     1      11235    2
    2     6       6200    1
                  5990    1
                  5730    1
                  6230    1
                  5870    1
                  6250    1
    3     1      11235    2
    4     6       6250    1
                  5870    1
                  6230    1
                  5730    1
                  5990    1
                  6200    1
    5     6       6200    1
                  5990    1
                  5730    1
                  6230    1
                  5870    1
                  6250    1
 
*( 8)CRANE RUNWAY LAYOUT:
*        Crane Runway -----------------Runway_Location----------------    Frame_Offset
*No. Id  Type  Orn      Elev    Offset      Span      Start        End    Left   Right
  1   1  'TG'  'L'      6000      1200     20175          0      36270     970     865
 
*( 9)CRANE OPTIONS:
*System Runway ---Support---        ----------Rail---------  Min_Crane   Set
* Id     Beam  Beam   Column Stops  Type  Depth Conn   Dead    Space    Order
   1     'Y-'  'N-'   'N-'   'N-'   'R-'  50.00 'H '   30.0        0     'Y'
 
*(10)CRANE SYSTEM OPTIMIZATION:
*    --------Runway_Beam--------  -----Support_Beam-----  ---------Support_Column---------
*Sys ------Depth-----   Deflect   -----Depth------  Defl  ---Left_Depth--  --Right_Depth--
* Id Opt  Min   Max    Horz Vert  Opt  Min    Max   Vert  Opt  Min   Max   Opt  Min   Max
   1 '-'   0.0   0.0  400.  600.  '-'   0.0    0.0  150.  '-'   0.0   0.0  '-'   0.0   0.0
 
*(11)CRANE RUNWAY BEAM:
*    Sys Mem Rnwy        Member                            ----Web----   Bot_Flange    Top_Flange
* No. Id  Id Side  Locate Type  Opt  Beam       Channel    Depth Thick  Width  Thick  Width  Thick
   12  1   1 'L'        0 'WB'  '-' '--------' '--------'   0.00  0.00   0.00   0.00   0.00   0.00
       1   2 'R'        0 'WB'  '-' '--------' '--------'   0.00  0.00   0.00   0.00   0.00   0.00
       1   3 'L'     6200 'WB'  '-' '--------' '--------'   0.00  0.00   0.00   0.00   0.00   0.00
       1   4 'R'     6200 'WB'  '-' '--------' '--------'   0.00  0.00   0.00   0.00   0.00   0.00
       1   5 'L'    12190 'WB'  '-' '--------' '--------'   0.00  0.00   0.00   0.00   0.00   0.00
       1   6 'R'    12190 'WB'  '-' '--------' '--------'   0.00  0.00   0.00   0.00   0.00   0.00
       1   7 'L'    17920 'WB'  '-' '--------' '--------'   0.00  0.00   0.00   0.00   0.00   0.00
       1   8 'R'    17920 'WB'  '-' '--------' '--------'   0.00  0.00   0.00   0.00   0.00   0.00
       1   9 'L'    24150 'WB'  '-' '--------' '--------'   0.00  0.00   0.00   0.00   0.00   0.00
       1  10 'R'    24150 'WB'  '-' '--------' '--------'   0.00  0.00   0.00   0.00   0.00   0.00
       1  11 'L'    30020 'WB'  '-' '--------' '--------'   0.00  0.00   0.00   0.00   0.00   0.00
       1  12 'R'    30020 'WB'  '-' '--------' '--------'   0.00  0.00   0.00   0.00   0.00   0.00
 
*(12)CRANE SUPPORT BEAM:
*    Sys Member Rnwy                                 Conn
* No. Id   Id   Side   Locate Type Opt    Part       Type
   0
 
*(13)CRANE SUPPORT COLUMN:
*    Sys Member Rnwy                                       Base      Max
* No. Id   Id   Side   Locate Type Rot   Opt  Part         Elev      UBL
   0
 
*(14)CRANE BRACKET:
*       Sys Member Rnwy  ------------Bracket----------- Conn
*  No.   Id   Id   Side    Locate Type  Opt   Part      Type
   14     1    1    'L'         0 'R '  '-'  'W15a125 ' '--'
          1    2    'R'         0 'R '  '-'  'W15a125 ' '--'
          1    3    'L'      6200 'R '  '-'  'W15a125 ' '--'
          1    4    'R'      6200 'R '  '-'  'W15a125 ' '--'
          1    5    'L'     12190 'R '  '-'  'W15a125 ' '--'
          1    6    'R'     12190 'R '  '-'  'W15a125 ' '--'
          1    7    'L'     17920 'R '  '-'  'W15a125 ' '--'
          1    8    'R'     17920 'R '  '-'  'W15a125 ' '--'
          1    9    'L'     24150 'R '  '-'  'W15a125 ' '--'
          1   10    'R'     24150 'R '  '-'  'W15a125 ' '--'
          1   11    'L'     30020 'R '  '-'  'W15a125 ' '--'
          1   12    'R'     30020 'R '  '-'  'W15a125 ' '--'
          1   13    'L'     36270 'R '  '-'  'W15a125 ' '--'
          1   14    'R'     36270 'R '  '-'  'W15a125 ' '--'
 
*(15)CRANE STOP:
*    Sys Member Rnwy                                Conn
* No. Id   Id   Side   Locate Type Opt   Part       Type
   0
 
*(16)CRANE MEMBER:
*     Sys                        --Wheel_Base--
*No.  Id  Id    Start      End      Out      In
  1    1   1        0    36270     3200       0
 
*(17)CRANE LOAD:
*                                                                Vertical_Impact
*     Sys               --------------Wheel_Loads-------------    Frame    Beam   Overload Service    No.
*No.  Id  Id  Capacity  Bridge  Hoist  Vertical  Lateral  Long   Factor  Factor    Factor    Class  Cycles
  1    1   1    50.00   10.33    0.95   36.00     2.69    3.60     1.10    1.10     0.00      'C'   500000
 
*(18)INDEPENDENT DIAGONAL BRACING:
*             Support_Beam  --------Runway_Brace---------
*System  Rnwy    Brace      Brace Brace    No.
*  Id    Side    Type       Type   Opt    Bays     Bay_Id
    1    'L'     'N '       'N '   '  '     0
    1    'R'     'N '       'N '   '  '     0
 
*(19)DESIGN CODE OPTIONS:
*No.   Event                         Condition
  0
 
* Code file used:
*   MBMA.10N


================================================================================
 C323-153            Design Code                            23/JUL/2025 11:19am
================================================================================

 STRUCTURAL CODE:
 ----------------
   Design Basis      : WS - Working Stress
   Hot  Rolled Steel : AISC05
   Cold Formed Steel : NAUS07

 BUILDING CODE:
 --------------
   Wind Code         : MBMA 10
   Seismic Zone      : B  

 MODULUS OF ELASTICITY:
 ----------------------
   Hot  Rolled Steel : 199955 (MN/m2)
   Cold Formed Steel : 203403 (MN/m2)
 


================================================================================
 C323-153            Crane System  1                        23/JUL/2025 11:19am
================================================================================

 CRANE SYSTEM:
 -------------
   -Crane-  Runway   --------------Runway_Location--------------
   Id Type  Orient      Elev   Offset     Span    Start      End
   -- ----  ------   -------  -------  -------  -------  -------
    1  TG      L      6000.0   1200.0  20175.0      0.0  36270.0

 CRANE LOADING:
 --------------
           Capacity  Wheel_Load(kN)   Wheel_Base(mm)  ----Range(mm)-----   Serv     No.
  Id           (kN)    Vert     Lat      Out      In     Start       End  Class  Cycles
  -------  --------  ------  ------  ------- -------  --------  --------  ----- -------
  Crane1      50.00   36.00    2.69   3200.0     0.0       0.0   36270.0     C   500000

  Lateral load based on total carried by both runway beams

 RUNWAY BEAM:
 ------------

  LAYOUT:
           Bay                           Beam      Channel   Ds_CrnBm  Unbrace_Len(mm)
   Id       Id Side   Start  Length Type Part      Part      Name       Major  Minor  Cb
   ------- --- ----  ------  ------ ---- --------  --------  --------  ------ ------ ----
   Beam1     1   L    440.0  5760.0  WB  W35b208   --------  W35b208   5760.0 2074.6 1.00
   Beam2     1   R    440.0  5760.0  WB  W35b208   --------  W35b208   5760.0 2074.6 1.00
   Beam3     2   L   6200.0  5990.0  WB  W35b208   --------  W35b208   5990.0 2182.8 1.00
   Beam4     2   R   6200.0  5990.0  WB  W35b208   --------  W35b208   5990.0 2182.8 1.00
   Beam5     3   L  12190.0  5730.0  WB  W35b208   --------  W35b208   5730.0 2059.4 1.00
   Beam6     3   R  12190.0  5730.0  WB  W35b208   --------  W35b208   5730.0 2059.4 1.00
   Beam7     4   L  17920.0  6230.0  WB  W35b228   --------  W35b228   6230.0 2306.4 1.00
   Beam8     4   R  17920.0  6230.0  WB  W35b228   --------  W35b228   6230.0 2306.4 1.00
   Beam9     5   L  24150.0  5870.0  WB  W35b208   --------  W35b208   5870.0 2131.2 1.00
   Beam10    5   R  24150.0  5870.0  WB  W35b208   --------  W35b208   5870.0 2131.2 1.00
   Beam11    6   L  30020.0  5810.0  WB  W35b208   --------  W35b208   5810.0 2099.2 1.00
   Beam12    6   R  30020.0  5810.0  WB  W35b208   --------  W35b208   5810.0 2099.2 1.00

  MEMBER SIZE:
             ----Web----   Top_Flange   Bot_Flange
   Part      Depth Thick  Width Thick  Width Thick
   --------  ----- -----  ----- -----  ----- -----
   W35b208   350.0  5.00  200.0  8.00  200.0  8.00
   W35b228   350.0  5.00  225.0  8.00  225.0  8.00

  BENDING:
           ------Compression_Flange(kN-m)------  -Tension_Flange(kN-m)-
           Ld Vertical_Load  Lateral_Load        Ld Vertical_Load
   Id      Id   Calc  Limit   Calc  Limit    UC  Id   Calc  Limit    UC
   ------- --  -----  -----  -----  -----  ----  --  -----  -----  ----
   Beam1    1  62.05 131.14a  4.04  13.53b 0.77   1  62.05 149.98c 0.41 
   Beam2    1  62.05 131.14a  4.04  13.53b 0.77   1  62.05 149.98c 0.41 
   Beam3    1  66.49 131.14a  4.33  13.53b 0.83   1  66.49 149.98c 0.44 
   Beam4    1  66.49 131.14a  4.33  13.53b 0.83   1  66.49 149.98c 0.44 
   Beam5    1  61.48 131.14a  4.00  13.53b 0.76   1  61.48 149.98c 0.41 
   Beam6    1  61.48 131.14a  4.00  13.53b 0.76   1  61.48 149.98c 0.41 
   Beam7    1  71.30 134.80a  4.63  15.33b 0.83   1  71.30 164.77c 0.43 
   Beam8    1  71.30 134.80a  4.63  15.33b 0.83   1  71.30 164.77c 0.43 
   Beam9    1  64.17 131.14a  4.18  13.53b 0.80   1  64.17 149.98c 0.43 
   Beam10   1  64.17 131.14a  4.18  13.53b 0.80   1  64.17 149.98c 0.43 
   Beam11   1  63.02 131.14a  4.10  13.53b 0.78   1  63.02 149.98c 0.42 
   Beam12   1  63.02 131.14a  4.10  13.53b 0.78   1  63.02 149.98c 0.42 

  SHEAR & SIDESWAY BUCKLING:
                                      --------Sidesway_Buckling---------
            -------Shear(kN)-------  [(dc/tw)/(L/bf)] Wheel_Load(kN)
   Id       Ld    Calc  Limit    UC    Calc  Limit    Calc   Limit    UC
   -------  --  ------ ------  ----   -----  -----   -----   -----  ----
   Beam1     1   59.11 191.96d 0.31    2.43   1.70   39.60    (a)        
   Beam2     1   59.11 191.96d 0.31    2.43   1.70   39.60    (a)        
   Beam3     1   59.76 191.96d 0.31    2.34   1.70   39.60    (a)        
   Beam4     1   59.76 191.96d 0.31    2.34   1.70   39.60    (a)        
   Beam5     1   58.99 191.96d 0.31    2.44   1.70   39.60    (a)        
   Beam6     1   58.99 191.96d 0.31    2.44   1.70   39.60    (a)        
   Beam7     1   60.90 191.96d 0.32    2.53   1.70   39.60    (a)        
   Beam8     1   60.90 191.96d 0.32    2.53   1.70   39.60    (a)        
   Beam9     1   59.52 191.96d 0.31    2.39   1.70   39.60    (a)        
   Beam10    1   59.52 191.96d 0.31    2.39   1.70   39.60    (a)        
   Beam11    1   59.31 191.96d 0.31    2.41   1.70   39.60    (a)        
   Beam12    1   59.31 191.96d 0.31    2.41   1.70   39.60    (a)        

   (a)Sidesway Buckling Does Not Apply

  WEB YIELDING & WEB CRIPPLING:
            --------Web_Yielding(kN)--------    --------Web_Crippling(kN)-------
            Ld  Bearing    Max                  Ld  Bearing    Max
   Id       Id    Width   Load   Limit    UC    Id    Width   Load   Limit    UC
   -------  --  ------- ------  ------  ----    --  ------- ------  ------  ----
   Beam1     1   100.00  39.60  152.43  0.26     1   100.00  39.60   75.73  0.52 
   Beam2     1   100.00  39.60  152.43  0.26     1   100.00  39.60   75.73  0.52 
   Beam3     1   100.00  39.60  152.43  0.26     1   100.00  39.60   75.73  0.52 
   Beam4     1   100.00  39.60  152.43  0.26     1   100.00  39.60   75.73  0.52 
   Beam5     1   100.00  39.60  152.43  0.26     1   100.00  39.60   75.73  0.52 
   Beam6     1   100.00  39.60  152.43  0.26     1   100.00  39.60   75.73  0.52 
   Beam7     1   100.00  39.60  152.43  0.26     1   100.00  39.60   75.73  0.52 
   Beam8     1   100.00  39.60  152.43  0.26     1   100.00  39.60   75.73  0.52 
   Beam9     1   100.00  39.60  152.43  0.26     1   100.00  39.60   75.73  0.52 
   Beam10    1   100.00  39.60  152.43  0.26     1   100.00  39.60   75.73  0.52 
   Beam11    1   100.00  39.60  152.43  0.26     1   100.00  39.60   75.73  0.52 
   Beam12    1   100.00  39.60  152.43  0.26     1   100.00  39.60   75.73  0.52 

   Code Reference
   --------------
    a)AISC05   - F3-1      
    b)AISC05   - F6-2      
    c)AISC05   - F2-1      
    d)AISC05   - G2-1      

  DEFLECTION:
            ----Vertical(mm)---  ----Lateral(mm)----
            Ld                   Ld
   Id       Id  Calc Limit   UC  Id  Calc Limit   UC
   -------  -- ----- ----- ----  -- ----- ----- ----
   Beam1     1   7.4   9.6 0.77   1  12.5  14.4 0.87 
   Beam2     1   7.4   9.6 0.77   1  12.5  14.4 0.87 
   Beam3     1   8.7  10.0 0.87   1  14.6  15.0 0.98 
   Beam4     1   8.7  10.0 0.87   1  14.6  15.0 0.98 
   Beam5     1   7.3   9.6 0.76   1  12.2  14.3 0.85 
   Beam6     1   7.3   9.6 0.76   1  12.2  14.3 0.85 
   Beam7     1   9.1  10.4 0.88   1  12.0  15.6 0.77 
   Beam8     1   9.1  10.4 0.88   1  12.0  15.6 0.77 
   Beam9     1   8.0   9.8 0.82   1  13.5  14.7 0.92 
   Beam10    1   8.0   9.8 0.82   1  13.5  14.7 0.92 
   Beam11    1   7.7   9.7 0.79   1  12.9  14.5 0.89 
   Beam12    1   7.7   9.7 0.79   1  12.9  14.5 0.89 

 FATIGUE CHECK:
 --------------

  BOTTOM FLANGE:
            Load  Moment(kN-m) Stress(MN/m2) Stress_Range(MN/m2)   Serv
   Id        Id     Max   Min     Max   Min    Calc Limit     UC  Class  Cycles
   -------  ----  ----- -----   ----- -----   ----- -----  -----  ----- -------
   Beam1      1    56.6   2.6      86     4      82   110c  0.74     C         
   Beam2      1    56.6   2.6      86     4      82   110c  0.74     C         
   Beam3      1    60.7   2.8      92     4      88   110c  0.80     C         
   Beam4      1    60.7   2.8      92     4      88   110c  0.80     C         
   Beam5      1    56.1   2.6      85     4      81   110c  0.74     C         
   Beam6      1    56.1   2.6      85     4      81   110c  0.74     C         
   Beam7      1    65.1   3.2      89     4      85   110c  0.77     C         
   Beam8      1    65.1   3.2      89     4      85   110c  0.77     C         
   Beam9      1    58.6   2.7      89     4      85   110c  0.77     C         
   Beam10     1    58.6   2.7      89     4      85   110c  0.77     C         
   Beam11     1    57.5   2.6      87     4      83   110c  0.76     C         
   Beam12     1    57.5   2.6      87     4      83   110c  0.76     C         

  TOP FLANGE:
            Load  Moment(kN-m) Stress(MN/m2) Stress_Range(MN/m2)   Serv
   Id        Id    Vert   Lat    Vert   Lat    Calc Limit     UC  Class  Cycles
   -------  ----  ----- -----   ----- -----   ----- -----  -----  ----- -------
   Beam1      1    56.6   4.0      86    75      -7      a           C         
   Beam2      1    56.6   4.0      86    75      -7      a           C         
   Beam3      1    60.7   4.3      92    80      -8      a           C         
   Beam4      1    60.7   4.3      92    80      -8      a           C         
   Beam5      1    56.1   4.0      85    74      -7      a           C         
   Beam6      1    56.1   4.0      85    74      -7      a           C         
   Beam7      1    65.1   4.6      89    68     -17      a           C         
   Beam8      1    65.1   4.6      89    68     -17      a           C         
   Beam9      1    58.6   4.2      89    77      -8      a           C         
   Beam10     1    58.6   4.2      89    77      -8      a           C         
   Beam11     1    57.5   4.1      87    76      -7      a           C         
   Beam12     1    57.5   4.1      87    76      -7      a           C         
 
   Notes
   -----
    a) - No tension in channel or top flange                                          
    c) - AISC05, Appendix 3, Table A-3.1, case 3.1, welded plate - No fatigue present 

 CRANE LOCATION @ MAX MOMENT:
 ----------------------------
           Ld  ---Crane--
  Id       Id  Id  Offset
  -------  --  --  ------
  Beam1     1   1  4114.6
  Beam2     1   1  4114.6
  Beam3     1   1  8407.2
  Beam4     1   1  8407.2
  Beam5     1   1 15849.4
  Beam6     1   1 15849.4
  Beam7     1   1 20243.6
  Beam8     1   1 20243.6
  Beam9     1   1 26288.8
  Beam10    1   1 26288.8
  Beam11    1   1 32130.8
  Beam12    1   1 32130.8

 CRANE COMBINATIONS:
 -------------------
  Load   Vert  Horz Crane    Vert  Horz Crane
   Id   Coeff Coeff   Id    Coeff Coeff   Id
  ----  ----- ----- -----   ----- ----- -----
    1    1.10  1.00    1


================================================================================
 C323-153            Web To Flange Weld (System  1)         23/JUL/2025 11:19am
================================================================================

 WELDS:
 ------
                                           ---Fatigue--  --Stitch(mm)-
                             Shear(kN/mm)  Shear(kN/mm)    Min
  Id      Loc    Size  Type   Calc Limit    Calc  Limit  Length  Space
  ------- ----  -----  ----  ----- -----   -----  -----  ------  -----
  Beam1   Top    4.00  F2    0.070 0.410                              
          Bot    4.00  F2    0.070 0.410   0.068  0.235               
  Beam2   Top    4.00  F2    0.070 0.410                              
          Bot    4.00  F2    0.070 0.410   0.068  0.235               
  Beam3   Top    4.00  F2    0.071 0.410                              
          Bot    4.00  F2    0.071 0.410   0.069  0.235               
  Beam4   Top    4.00  F2    0.071 0.410                              
          Bot    4.00  F2    0.071 0.410   0.069  0.235               
  Beam5   Top    4.00  F2    0.070 0.410                              
          Bot    4.00  F2    0.070 0.410   0.068  0.235               
  Beam6   Top    4.00  F2    0.070 0.410                              
          Bot    4.00  F2    0.070 0.410   0.068  0.235               
  Beam7   Top    4.00  F2    0.074 0.410                              
          Bot    4.00  F2    0.074 0.410   0.071  0.235               
  Beam8   Top    4.00  F2    0.074 0.410                              
          Bot    4.00  F2    0.074 0.410   0.071  0.235               
  Beam9   Top    4.00  F2    0.071 0.410                              
          Bot    4.00  F2    0.071 0.410   0.068  0.235               
  Beam10  Top    4.00  F2    0.071 0.410                              
          Bot    4.00  F2    0.071 0.410   0.068  0.235               
  Beam11  Top    4.00  F2    0.071 0.410                              
          Bot    4.00  F2    0.071 0.410   0.068  0.235               
  Beam12  Top    4.00  F2    0.071 0.410                              
          Bot    4.00  F2    0.071 0.410   0.068  0.235               

 WELD FACTORS:
 -------------
                                            ---Fatigue(MN/m2)--
               Load  Shear     Q     Ixx    Shear  Stress_Range
  Id      Loc   Id    (kN)  (cm3)   (cm4)    (kN)   Calc  Limit
  ------- ---- ----  -----  -----  ------   -----  -----  -----
  Beam1   Top    1   59.11    286   12041                      
          Bot    1   59.11    286   12041   57.16   24.0   83.2
  Beam2   Top    1   59.11    286   12041                      
          Bot    1   59.11    286   12041   57.16   24.0   83.2
  Beam3   Top    1   59.76    286   12041                      
          Bot    1   59.76    286   12041   57.74   24.3   83.2
  Beam4   Top    1   59.76    286   12041                      
          Bot    1   59.76    286   12041   57.74   24.3   83.2
  Beam5   Top    1   58.99    286   12041                      
          Bot    1   58.99    286   12041   57.06   24.0   83.2
  Beam6   Top    1   58.99    286   12041                      
          Bot    1   58.99    286   12041   57.06   24.0   83.2
  Beam7   Top    1   60.90    322   13323                      
          Bot    1   60.90    322   13323   58.70   25.1   83.2
  Beam8   Top    1   60.90    322   13323                      
          Bot    1   60.90    322   13323   58.70   25.1   83.2
  Beam9   Top    1   59.52    286   12041                      
          Bot    1   59.52    286   12041   57.54   24.2   83.2
  Beam10  Top    1   59.52    286   12041                      
          Bot    1   59.52    286   12041   57.54   24.2   83.2
  Beam11  Top    1   59.31    286   12041                      
          Bot    1   59.31    286   12041   57.35   24.1   83.2
  Beam12  Top    1   59.31    286   12041                      
          Bot    1   59.31    286   12041   57.35   24.1   83.2


================================================================================
 C323-153            Crane Bracing                          23/JUL/2025 11:19am
================================================================================


================================================================================
 C323-153            Crane Angles                           23/JUL/2025 11:19am
================================================================================

 RUNWAY LONGITUDINAL ANGLE:
 --------------------------

  Angle Yield=  250 MN/m2
  Angle Bolt = 20.00 (Gr8.8)
  Connection
    Runway   = S9
    Frame    = S4

  System  ---Runway---   Col  -Brace_Dist- Design            Force  --Brace_UC--  --Bolt_UC-
    Id    Side  Locate  Side  Depth  Width Length  Part       (kN)   Comp   Tens  Shear Bear
  ------  ----  ------  ----  -----  ----- ------  --------  -----  -----  -----  ----- ----
     1      L    440.0    R   970.0  870.0 1117.2  L75X6      1.70   0.03   0.03   0.03 0.02
     1      L   6200.0    L   970.0  870.0 1117.2  L75X6      1.70   0.03   0.03   0.03 0.02
     1      L   6200.0    R   970.0  870.0 1117.2  L75X6      1.70   0.03   0.03   0.03 0.02
     1      L  12190.0    L   970.0  870.0 1117.2  L75X6      1.70   0.03   0.03   0.03 0.02
     1      L  12190.0    R   970.0  870.0 1117.2  L75X6      1.70   0.03   0.03   0.03 0.02
     1      L  17920.0    L   970.0  870.0 1117.2  L75X6      1.70   0.03   0.03   0.03 0.02
     1      L  17920.0    R   970.0  870.0 1117.2  L75X6      1.70   0.03   0.03   0.03 0.02
     1      L  24150.0    L   970.0  870.0 1117.2  L75X6      1.70   0.03   0.03   0.03 0.02
     1      L  24150.0    R   970.0  870.0 1117.2  L75X6      1.70   0.03   0.03   0.03 0.02
     1      L  30020.0    L   970.0  870.0 1117.2  L75X6      1.70   0.03   0.03   0.03 0.02
     1      L  30020.0    R   970.0  870.0 1117.2  L75X6      1.70   0.03   0.03   0.03 0.02
     1      L  35830.0    L   970.0  870.0 1117.2  L75X6      1.70   0.03   0.03   0.03 0.02
     1      R    440.0    R   865.0  765.0  968.7  L75X6      1.70   0.03   0.03   0.03 0.02
     1      R   6200.0    L   865.0  765.0  968.7  L75X6      1.70   0.03   0.03   0.03 0.02
     1      R   6200.0    R   865.0  765.0  968.7  L75X6      1.70   0.03   0.03   0.03 0.02
     1      R  12190.0    L   865.0  765.0  968.7  L75X6      1.70   0.03   0.03   0.03 0.02
     1      R  12190.0    R   865.0  765.0  968.7  L75X6      1.70   0.03   0.03   0.03 0.02
     1      R  17920.0    L   865.0  765.0  968.7  L75X6      1.70   0.03   0.03   0.03 0.02
     1      R  17920.0    R   865.0  765.0  968.7  L75X6      1.70   0.03   0.03   0.03 0.02
     1      R  24150.0    L   865.0  765.0  968.7  L75X6      1.70   0.03   0.03   0.03 0.02
     1      R  24150.0    R   865.0  765.0  968.7  L75X6      1.70   0.03   0.03   0.03 0.02
     1      R  30020.0    L   865.0  765.0  968.7  L75X6      1.70   0.03   0.03   0.03 0.02
     1      R  30020.0    R   865.0  765.0  968.7  L75X6      1.70   0.03   0.03   0.03 0.02
     1      R  35830.0    L   865.0  765.0  968.7  L75X6      1.70   0.03   0.03   0.03 0.02


 RUNWAY LATERAL ANGLE:
 ---------------------

  Angle Yield=  250 MN/m2
  Angle Bolt = 20.00 (Gr8.8)
  Connection
    Runway   = S9
    Frame    = S9

  System  ---Runway---  Design                 Force  -Angle_UC-  --Bolt_UC-
    Id    Side  Locate  Length  No.  Part       (kN)  Comp  Tens  Shear Bear
  ------  ----  ------  ------  ---  --------  -----  ----  ----  ----- ----
     1      L    440.0   457.2   1   L100X8     3.88  0.03  0.04   0.08 0.04
     1      L   6200.0   457.2   2   L100X8     3.92  0.03  0.05   0.08 0.04
     1      L  12190.0   457.2   2   L100X8     3.92  0.03  0.05   0.08 0.04
     1      L  17920.0   457.2   2   L100X8     3.99  0.03  0.05   0.08 0.04
     1      L  24150.0   457.2   2   L100X8     3.99  0.03  0.05   0.08 0.04
     1      L  30020.0   457.2   2   L100X8     3.91  0.03  0.04   0.08 0.04
     1      L  35830.0   457.2   1   L100X8     3.90  0.03  0.04   0.08 0.04
     1      R    440.0   457.2   1   L100X8     3.88  0.03  0.04   0.08 0.04
     1      R   6200.0   457.2   2   L100X8     3.92  0.03  0.05   0.08 0.04
     1      R  12190.0   457.2   2   L100X8     3.92  0.03  0.05   0.08 0.04
     1      R  17920.0   457.2   2   L100X8     3.99  0.03  0.05   0.08 0.04
     1      R  24150.0   457.2   2   L100X8     3.99  0.03  0.05   0.08 0.04
     1      R  30020.0   457.2   2   L100X8     3.91  0.03  0.04   0.08 0.04
     1      R  35830.0   457.2   1   L100X8     3.90  0.03  0.04   0.08 0.04



================================================================================
 C323-153            Crane System Reactions                 23/JUL/2025 11:19am
================================================================================

 REACTIONS WITH SINGLE CRANE:
 ----------------------------

  System                 Horiz   -----Vertical(kN)-----  Crane
    Id    Side  Locate    (kN)      Min     Max    Dead    Id
  ------  ----  ------  ------   ------  ------  ------  -----
     1      L    440.0    3.88    16.86   59.12   18.23     1
     1      R    440.0    3.88    16.86   59.12   18.23     1
     1      L   6200.0    3.94    19.11   62.01   20.50     1
     1      R   6200.0    3.94    19.11   62.01   20.50     1
     1      L  12190.0    3.94    19.10   62.00   20.49     1
     1      R  12190.0    3.94    19.10   62.00   20.49     1
     1      L  17920.0    4.00    19.49   62.99   20.90     1
     1      R  17920.0    4.00    19.49   62.99   20.90     1
     1      L  24150.0    4.00    19.53   63.04   20.95     1
     1      R  24150.0    4.00    19.53   63.04   20.95     1
     1      L  30020.0    3.91    18.97   61.56   20.35     1
     1      R  30020.0    3.91    18.97   61.56   20.35     1
     1      L  35830.0    3.90    16.93   59.34   18.31     1
     1      R  35830.0    3.90    16.93   59.34   18.31     1


================================================================================
 C323-153            Weight Summary                         23/JUL/2025 11:19am
================================================================================

               CRANE SYSTEM  1
                                            Weight
                 Description                  (kg)
                 -----------             ---------
                 Runway+Rail           =   4915.37
                 Angles                =    249.56
                                         ---------
                 Total                 =   5164.93


================================================================================
 C323-153            Warning Report                         23/JUL/2025 11:19am
================================================================================

                   .. No Warnings
