*===============================================================================
*C323-153            Crane Detail Input                     23/JUL/2025 11:21am
*===============================================================================
 
*( 1)JOBID:
    'C323-153'
 
*( 2)BUILDING LAYOUT:
*                           L_Expand_EW  R_Expand_EW  Build
* Type     Width    Length  Use  Offset  Use  Offset  Slope
  'FF-'  22470.0   36270.0 'Y '  440.00 'Y '  440.00  10.00
 
*( 3)WALL LAYOUT:
*                           -------Wall-------    Wall
* No. Id  Use     Type Opt     Start    Length  Offset
   5  1  'LEFT  ' '-'  '-'         0     22470  230.00
      2  'FRONT ' '-'  '-'         0     36270  230.00
      3  'RIGHT ' '-'  '-'         0     22470  230.00
      4  'BACK  ' '-'  '-'         0     36270  230.00
      5  'ROOF  ' '-'  '-'         0     36270    0.00
 
*( 4)SURFACE SHAPE:
*                            ---Offset---
*  No.   X_Coord   Y_Coord   Left   Right
    4        0.0    8170.0  230.00 230.00
         11235.0    9293.5  200.00 200.00
         22470.0    8170.0  200.00 200.00
         22470.0       0.0  230.00 230.00
 
*( 5)BAY SPACING:
* Wall   --Offset---     No.   ---Bay_Set---
*  Id    Left  Right    Sets     Width  Quan
    1  230.00 230.00      1    11235.0    2
    2  440.00 440.00      6     6200.0    1
                                5990.0    1
                                5730.0    1
                                6230.0    1
                                5870.0    1
                                6250.0    1
    3  230.00 230.00      1    11235.0    2
    4  440.00 440.00      6     6250.0    1
                                5870.0    1
                                6230.0    1
                                5730.0    1
                                5990.0    1
                                6200.0    1
    5  440.00 440.00      6     6200.0    1
                                5990.0    1
                                5730.0    1
                                6230.0    1
                                5870.0    1
                                6250.0    1
 
*( 6)WALL COLUMNS:
*Wall                                    Base  Base   Flange    Web
* Id   No.  Id    Part       Rot  Opt    Elev  Thick   Thick  Thick
   1    3    1   '--------'  'N'  '-'    0.00  16.00    0.00   0.00
             2   'W40b155'   'N'  '-'    0.00   0.00  127.00   0.00
             3   '--------'  'N'  '-'    0.00   0.00    0.00   0.00
   2    7    1   '--------'  'N'  '-'    0.00   0.00    6.00   5.00
             2   '--------'  'N'  '-'    0.00   0.00    6.00   5.00
             3   '--------'  'N'  '-'    0.00   0.00    6.00   5.00
             4   '--------'  'N'  '-'    0.00   0.00    6.00   5.00
             5   '--------'  'N'  '-'    0.00   0.00    6.00   5.00
             6   '--------'  'N'  '-'    0.00   0.00    6.00   5.00
             7   '--------'  'N'  '-'    0.00   0.00    6.00   5.00
   3    3    1   '--------'  'N'  '-'    0.00  16.00    0.00   0.00
             2   'W40b155'   'N'  '-'    0.00   0.00  127.00   0.00
             3   '--------'  'N'  '-'    0.00   0.00    0.00   0.00
   4    7    1   '--------'  'N'  '-'    0.00   0.00    6.00   5.00
             2   '--------'  'N'  '-'    0.00   0.00    6.00   5.00
             3   '--------'  'N'  '-'    0.00   0.00    6.00   5.00
             4   '--------'  'N'  '-'    0.00   0.00    6.00   5.00
             5   '--------'  'N'  '-'    0.00   0.00    6.00   5.00
             6   '--------'  'N'  '-'    0.00   0.00    6.00   5.00
             7   '--------'  'N'  '-'    0.00   0.00    6.00   5.00
 
*( 7)RIGID FRAMES/INTERIOR COLUMNS:
* No.   Frame  Frame  Frame                                                 Web ----Flange---
*Frame  Line     Id    Type  No.  Id    Part       Rot   Locate    Elev   Depth OS_Flg IS_Flg
   7      1       1    'RF'   1    1   'W40b155 '  'Y'  11235.0    0.00    0.00   0.00   0.00
          2       2    'RF'   0
          3       2    'RF'   0
          4       2    'RF'   0
          5       2    'RF'   0
          6       2    'RF'   0
          7       1    'RF'   1    1   'W40b155 '  'Y'  11235.0    0.00    0.00   0.00   0.00
 
*( 8)CRANE RUNWAY LAYOUT:
*No. Sys Crane Runway -----------------Runway_Location----------------
*Sys Id  Type  Orn      Elev    Offset      Span      Start        End
  1   1  'TG'  'L'    6000.0    1200.0   20175.0        0.0    36270.0
 
*( 9)CRANES OPTIONS:
*System Runway ---Support---         -------Angles-------
* Id     Beam  Beam   Column  Stops  Lat  Long  Beam  Col
   1     'Y'   'N'    'N'     'N'    'Y'  'Y'   'Y'   'Y'
 
*(10)RUNWAY BEAM:
*    Sys Mem Rnwy                                                       Conn_Id   Stiff  ---Weld_Id--
* No. Id  Id Side   Locate Type Opt   Part       Beam       Channel   Left  Right   Id   Beam Channel
  12   1   1 'L'       0.0 'WB' '-'  'W35b208 ' 'W35b208 ' '--------'   0     0      4     1      0
       1   2 'R'       0.0 'WB' '-'  'W35b208 ' 'W35b208 ' '--------'   0     0      4     2      0
       1   3 'L'    6200.0 'WB' '-'  'W35b208 ' 'W35b208 ' '--------'   0     0      4     3      0
       1   4 'R'    6200.0 'WB' '-'  'W35b208 ' 'W35b208 ' '--------'   0     0      4     4      0
       1   5 'L'   12190.0 'WB' '-'  'W35b208 ' 'W35b208 ' '--------'   0     0      4     5      0
       1   6 'R'   12190.0 'WB' '-'  'W35b208 ' 'W35b208 ' '--------'   0     0      4     6      0
       1   7 'L'   17920.0 'WB' '-'  'W35b228 ' 'W35b228 ' '--------'   0     0      5     7      0
       1   8 'R'   17920.0 'WB' '-'  'W35b228 ' 'W35b228 ' '--------'   0     0      5     8      0
       1   9 'L'   24150.0 'WB' '-'  'W35b208 ' 'W35b208 ' '--------'   0     0      4     9      0
       1  10 'R'   24150.0 'WB' '-'  'W35b208 ' 'W35b208 ' '--------'   0     0      4    10      0
       1  11 'L'   30020.0 'WB' '-'  'W35b208 ' 'W35b208 ' '--------'   0     0      4    11      0
       1  12 'R'   30020.0 'WB' '-'  'W35b208 ' 'W35b208 ' '--------'   0     0      4    12      0
 
*(11)CRANE SUPPORT BEAM:
*    Sys Member Rnwy                              Conn_Id   Stiff  Weld
* No. Id   Id   Side   Locate Opt    Part       Left  Right   Id    Id
   0
 
*(12)CRANE SUPPORT COLUMN:
*    Sys Member Rnwy                                 Base  Base Cap Stiff  Weld
*No.  Id   Id   Side   Locate Rot Opt   Part         Elev   Id   Id   Id    Id
   0
 
*(13)CRANE BRACKET:
*        Sys Member Rnwy                           Stiff  Weld
*  No.    Id   Id   Side   Locate Opt   Part         Id    Id
   14      1    1   'L'       0.0 '-'  'W35b228 '     0     0
           1    2   'R'       0.0 '-'  'W35b228 '     0     0
           1    3   'L'    6200.0 '-'  'W35b228 '     0     0
           1    4   'R'    6200.0 '-'  'W35b228 '     0     0
           1    5   'L'   12190.0 '-'  'W35b228 '     0     0
           1    6   'R'   12190.0 '-'  'W35b228 '     0     0
           1    7   'L'   17920.0 '-'  'W35b228 '     0     0
           1    8   'R'   17920.0 '-'  'W35b228 '     0     0
           1    9   'L'   24150.0 '-'  'W35b228 '     0     0
           1   10   'R'   24150.0 '-'  'W35b228 '     0     0
           1   11   'L'   30020.0 '-'  'W35b228 '     0     0
           1   12   'R'   30020.0 '-'  'W35b228 '     0     0
           1   13   'L'   36270.0 '-'  'W35b228 '     0     0
           1   14   'R'   36270.0 '-'  'W35b228 '     0     0
 
*(14)CRANE STOP:
*    Sys Member Rnwy                           Conn  Stiff  Weld
* No. Id   Id   Side   Locate Opt   Part        Id     Id    Id
   0
 
*(15)CRANE ANGLES:
*        Sys  Rnwy                                            ---Conn_Id---
*  No.   Id   Side   Locate  Use     Offset  Opt   Part       Frame   Crane
   38     1   'L'       440 'LONG'      870  'R' 'L75X6   '     1       2
          1   'L'      6200 'LONG'      870  'L' 'L75X6   '     1       2
          1   'L'      6200 'LONG'      870  'R' 'L75X6   '     1       2
          1   'L'     12190 'LONG'      870  'L' 'L75X6   '     1       2
          1   'L'     12190 'LONG'      870  'R' 'L75X6   '     1       2
          1   'L'     17920 'LONG'      870  'L' 'L75X6   '     1       2
          1   'L'     17920 'LONG'      870  'R' 'L75X6   '     1       2
          1   'L'     24150 'LONG'      870  'L' 'L75X6   '     1       2
          1   'L'     24150 'LONG'      870  'R' 'L75X6   '     1       2
          1   'L'     30020 'LONG'      870  'L' 'L75X6   '     1       2
          1   'L'     30020 'LONG'      870  'R' 'L75X6   '     1       2
          1   'L'     35830 'LONG'      870  'L' 'L75X6   '     1       2
          1   'R'       440 'LONG'      765  'R' 'L75X6   '     1       2
          1   'R'      6200 'LONG'      765  'L' 'L75X6   '     1       2
          1   'R'      6200 'LONG'      765  'R' 'L75X6   '     1       2
          1   'R'     12190 'LONG'      765  'L' 'L75X6   '     1       2
          1   'R'     12190 'LONG'      765  'R' 'L75X6   '     1       2
          1   'R'     17920 'LONG'      765  'L' 'L75X6   '     1       2
          1   'R'     17920 'LONG'      765  'R' 'L75X6   '     1       2
          1   'R'     24150 'LONG'      765  'L' 'L75X6   '     1       2
          1   'R'     24150 'LONG'      765  'R' 'L75X6   '     1       2
          1   'R'     30020 'LONG'      765  'L' 'L75X6   '     1       2
          1   'R'     30020 'LONG'      765  'R' 'L75X6   '     1       2
          1   'R'     35830 'LONG'      765  'L' 'L75X6   '     1       2
          1   'L'       440 'LAT '        0  '1' 'L100X8  '     3       3
          1   'L'      6200 'LAT '        0  '2' 'L100X8  '     3       3
          1   'L'     12190 'LAT '        0  '2' 'L100X8  '     3       3
          1   'L'     17920 'LAT '        0  '2' 'L100X8  '     3       3
          1   'L'     24150 'LAT '        0  '2' 'L100X8  '     3       3
          1   'L'     30020 'LAT '        0  '2' 'L100X8  '     3       3
          1   'L'     35830 'LAT '        0  '1' 'L100X8  '     3       3
          1   'R'       440 'LAT '        0  '1' 'L100X8  '     3       3
          1   'R'      6200 'LAT '        0  '2' 'L100X8  '     3       3
          1   'R'     12190 'LAT '        0  '2' 'L100X8  '     3       3
          1   'R'     17920 'LAT '        0  '2' 'L100X8  '     3       3
          1   'R'     24150 'LAT '        0  '2' 'L100X8  '     3       3
          1   'R'     30020 'LAT '        0  '2' 'L100X8  '     3       3
          1   'R'     35830 'LAT '        0  '1' 'L100X8  '     3       3
 
*(16)INDEPENDENT DIAGONAL BRACING:
*      System  Rnwy    -----Locate-----       No.   Level                          Conn
* No.    Id    Side    Start        End Dir  Level  Height  Type   Part       Opt   Id
   0
 
*(17)CONNECTION TABLE:
*      Table            ------------Plate-----------    --------------------Bolt-------------------  Bolt  Weld
* No.   Id   Type  Opt  Part       Width Length Thick   Type     Dia Row1 Row2 Space1 Space2   Gage   Ref   Id
   5     1   'S9'  '-' '--------'   0.00   0.00  0.00  'Gr8.8' 20.00   1    1    0.00   0.00   0.00   128    0
         2   'S4'  '-' '--------'   0.00   0.00  0.00  'Gr8.8' 20.00   1    1    0.00   0.00   0.00   128    0
         3   'S9'  '-' '--------'   0.00   0.00  0.00  'Gr8.8' 20.00   1    1    0.00   0.00   0.00   127    0
         4   'ST'  '-' '--------'  90.00 250.00  6.00  'A325 ' 20.00   1    1    0.00   0.00   0.00     0    0
         5   'ST'  '-' '--------' 100.00 250.00  6.00  'A325 ' 20.00   1    1    0.00   0.00   0.00     0    0
 
*(18)WELDS:
*    Table      ---OS_Flange---  ---IS_Flange---  ------Web------  ----Stitch----
*No.  Id   Opt   Size Type Note   Size Type Note   Size Type Note  Length   Space
  12   1   '-'   4.00 'F2'  '-'   4.00 'F2'  '-'   0.00 '- '  '-'    0.00    0.00
       2   '-'   4.00 'F2'  '-'   4.00 'F2'  '-'   0.00 '- '  '-'    0.00    0.00
       3   '-'   4.00 'F2'  '-'   4.00 'F2'  '-'   0.00 '- '  '-'    0.00    0.00
       4   '-'   4.00 'F2'  '-'   4.00 'F2'  '-'   0.00 '- '  '-'    0.00    0.00
       5   '-'   4.00 'F2'  '-'   4.00 'F2'  '-'   0.00 '- '  '-'    0.00    0.00
       6   '-'   4.00 'F2'  '-'   4.00 'F2'  '-'   0.00 '- '  '-'    0.00    0.00
       7   '-'   4.00 'F2'  '-'   4.00 'F2'  '-'   0.00 '- '  '-'    0.00    0.00
       8   '-'   4.00 'F2'  '-'   4.00 'F2'  '-'   0.00 '- '  '-'    0.00    0.00
       9   '-'   4.00 'F2'  '-'   4.00 'F2'  '-'   0.00 '- '  '-'    0.00    0.00
      10   '-'   4.00 'F2'  '-'   4.00 'F2'  '-'   0.00 '- '  '-'    0.00    0.00
      11   '-'   4.00 'F2'  '-'   4.00 'F2'  '-'   0.00 '- '  '-'    0.00    0.00
      12   '-'   4.00 'F2'  '-'   4.00 'F2'  '-'   0.00 '- '  '-'    0.00    0.00
 
*(19)CRANE STRUT:
*    Sys Member Rnwy                            --Conn_Id--  Weld
* No. Id   Id   Side  Locate  Opt    Part       Left  Right   Id
   0
 
*(20)RIGID FRAME COORDINATES:
*                  No.
*No.   Id   Type  Coord  X_Y_Coordinates
  2     1   'RF-'   28      641          0
                            942       4016
                            942       4016
                            942       7649
                            937       7644
                           1040       7660
                           1040       7660
                           1040       7660
                           1040       7660
                           4439       8101
                           4439       8101
                           8723       8530
                           8722       8530
                          11235       8530
                          11235       8530
                          13747       8530
                          13747       8530
                          18031       8101
                          18031       8101
                          21430       7660
                          21430       7660
                          21430       7660
                          21430       7660
                          21533       7644
                          21528       7649
                          21528       4016
                          21528       4016
                          21829          0
        2   'RF-'   24      641          0
                            942       4016
                            942       4016
                            942       7447
                            937       7439
                           1040       7455
                           1041       7456
                           1041       7456
                           1041       7456
                           4435       8147
                           4434       8150
                          11235       8629
                          11235       8629
                          18036       8150
                          18034       8147
                          21429       7456
                          21429       7456
                          21429       7456
                          21430       7455
                          21533       7439
                          21528       7447
                          21528       4016
                          21528       4016
                          21829          0
 
*(21)ADDED HOLES:
*    Sys  Mem         Bolt    Slot                      ----Hole---
*No.  Id   Id  Use     Dia  Length   Gage  Offset  Row  No.  Locate
  0
 
*(22)ADDED PLATES:
*    Sys  Mem                                            --------Plate-------- ----Bolts---- Bolt_Holes
*No.  Id   Id  Opt  Att  Side  Locate  Offset  Orn  Rot   Width  Thick  Length    Dia   Gage No. Locate
  0

================================================================================
 C323-153                   Runway Beam  RB-1               23/JUL/2025 11:21am
================================================================================
  Quan:  1                         Mark: RB-1              Part:W35b208 
-------------------------------------------------------------------------------

 PLATES:
 -------
 Quan Mark   Part     Description   Width   Thick    Length   UnitWt  TotalWt
 ---- ----   -------- -----------   -----   -----  --------   ------  -------
   1  WB1             Web             350    5.00      6045    82.30    82.30
   1  OF1             Flg-O           200    8.00      6045    75.25    75.25
   1  IF1             Flg-I           200    8.00      6045    75.25    75.25
   2  ST3             Web Stiff        90    6.00       250     1.06     2.12
   2  ST2             Web Stiff        90    6.00       250     1.06     2.12
   1  WV4             Vrt Web Clp     200    5.00       125     0.99     0.99
   1  WV1             Vrt Web Clp     200    5.00       125     0.99     0.99
   1  WV3    cl-001   Vrt Web Clp     120    8.00       150     1.13     1.13
   1  WV2    cl-001   Vrt Web Clp     120    8.00       150     1.13     1.13
                                                                      -------
                                                                       241.27

 HOLE LOCATIONS:
 ---------------
  Plate                        Slot/          Bolt
  Mark     Dia  Offset   Gage  Gage2   Angle   Ref Locate
  ----   -----  ------  -----  -----  ------  ---- -----------------------------------
  IF1       22       0    100      0     0.0   130        45      5705      5805 
  WV4       22       0      0      0     0.0   128       100 
  WV1       22       0      0      0     0.0   128       100 
  WV3       22      60      0      0     0.0   127       100 
  WV2       22      60      0      0     0.0   127       100 

 PLATE LOCATIONS:
 ----------------
  Plate
  Type  Attach  Offset   Angle  Side  Locate
  ----- ------  ------  ------  ----  ------------------------------------
  ST3      2        0     0.00    L          15     
  ST2      2        0     0.00    R        5755     
  WV4      F      150     0.00    R         765     
  WV1      F      150     0.00    L        4985     
  WV3      F      150     0.00    R          35     
  WV2      F      150     0.00    L        5915     

 WELDS:
 ------
                  Weld   Weld  Weld    Weld
   Plate  Plate2  Type   Size  Note  Length
   -----  ------  ----  -----  ----  ------
    OF1    WB1     F2    4.00    -   6045.0
    IF1    WB1     F2    4.00    -   6045.0
    ST3    WB      F2    4.00    -    250.0
    ST3    IF      F2    4.00    -     90.0
    ST2    WB      F2    4.00    -    250.0
    ST2    IF      F2    4.00    -     90.0
    WV4    WB1     F1    4.00    -    200.0
    WV1    WB1     F1    4.00    -    200.0
    WV3    WB1     F1    4.00    -    120.0
    WV2    WB1     F1    4.00    -    120.0

 FINISH DIMENSIONS:
 ------------------
   Left    Overall     =     6045 
   Right   Overall     =     6045 
   Max     Overall     =     6045 

 CLIP DETAILING:
 ---------------
   Mark   Typ Thick Ang     A      B      C      D      E      F      G      H
   ------ --- ----- --- ------ ------ ------ ------ ------ ------ ------ ------
   ST3     w   0.00   0  90.00 250.00   0.00   0.00   0.00   0.00   0.00   0.00
   ST2     w   0.00   0  90.00 250.00   0.00   0.00   0.00   0.00   0.00   0.00
   WV1     x   0.00   0 100.00   0.00 100.00  25.40   0.00   0.00   0.00   0.00
   WV4     x   0.00   0 100.00   0.00 100.00  25.40   0.00   0.00   0.00   0.00

================================================================================
 C323-153                   Runway Beam  RB-2               23/JUL/2025 11:21am
================================================================================
  Quan:  1                         Mark: RB-2              Part:W35b208 
-------------------------------------------------------------------------------

 PLATES:
 -------
 Quan Mark   Part     Description   Width   Thick    Length   UnitWt  TotalWt
 ---- ----   -------- -----------   -----   -----  --------   ------  -------
   1  WB1             Web             350    5.00      6045    82.30    82.30
   1  OF1             Flg-O           200    8.00      6045    75.25    75.25
   1  IF1             Flg-I           200    8.00      6045    75.25    75.25
   2  ST2             Web Stiff        90    6.00       250     1.06     2.12
   2  ST3             Web Stiff        90    6.00       250     1.06     2.12
   1  WV1             Vrt Web Clp     200    5.00       125     0.99     0.99
   1  WV4             Vrt Web Clp     200    5.00       125     0.99     0.99
   1  WV2    cl-001   Vrt Web Clp     120    8.00       150     1.13     1.13
   1  WV3    cl-001   Vrt Web Clp     120    8.00       150     1.13     1.13
                                                                      -------
                                                                       241.27

 HOLE LOCATIONS:
 ---------------
  Plate                        Slot/          Bolt
  Mark     Dia  Offset   Gage  Gage2   Angle   Ref Locate
  ----   -----  ------  -----  -----  ------  ---- -----------------------------------
  IF1       22       0    100      0     0.0   130       240       340      6000 
  WV1       22       0      0      0     0.0   128       100 
  WV4       22       0      0      0     0.0   128       100 
  WV2       22      60      0      0     0.0   127       100 
  WV3       22      60      0      0     0.0   127       100 

 PLATE LOCATIONS:
 ----------------
  Plate
  Type  Attach  Offset   Angle  Side  Locate
  ----- ------  ------  ------  ----  ------------------------------------
  ST2      2        0     0.00    L         290     
  ST3      2        0     0.00    R        6030     
  WV1      F      150     0.00    R         955     
  WV4      F      150     0.00    L        5385     
  WV2      F      150     0.00    R         130     
  WV3      F      150     0.00    L        6010     

 WELDS:
 ------
                  Weld   Weld  Weld    Weld
   Plate  Plate2  Type   Size  Note  Length
   -----  ------  ----  -----  ----  ------
    OF1    WB1     F2    4.00    -   6045.0
    IF1    WB1     F2    4.00    -   6045.0
    ST2    WB      F2    4.00    -    250.0
    ST2    IF      F2    4.00    -     90.0
    ST3    WB      F2    4.00    -    250.0
    ST3    IF      F2    4.00    -     90.0
    WV1    WB1     F1    4.00    -    200.0
    WV4    WB1     F1    4.00    -    200.0
    WV2    WB1     F1    4.00    -    120.0
    WV3    WB1     F1    4.00    -    120.0

 FINISH DIMENSIONS:
 ------------------
   Left    Overall     =     6045 
   Right   Overall     =     6045 
   Max     Overall     =     6045 

 CLIP DETAILING:
 ---------------
   Mark   Typ Thick Ang     A      B      C      D      E      F      G      H
   ------ --- ----- --- ------ ------ ------ ------ ------ ------ ------ ------
   ST2     w   0.00   0  90.00 250.00   0.00   0.00   0.00   0.00   0.00   0.00
   ST3     w   0.00   0  90.00 250.00   0.00   0.00   0.00   0.00   0.00   0.00
   WV1     x   0.00   0 100.00   0.00 100.00  25.40   0.00   0.00   0.00   0.00
   WV4     x   0.00   0 100.00   0.00 100.00  25.40   0.00   0.00   0.00   0.00

================================================================================
 C323-153                   Runway Beam  RB-3               23/JUL/2025 11:21am
================================================================================
  Quan:  1                         Mark: RB-3              Part:W35b208 
-------------------------------------------------------------------------------

 PLATES:
 -------
 Quan Mark   Part     Description   Width   Thick    Length   UnitWt  TotalWt
 ---- ----   -------- -----------   -----   -----  --------   ------  -------
   1  WB1             Web             350    5.00      5980    81.42    81.42
   1  OF1             Flg-O           200    8.00      5980    74.44    74.44
   1  IF1             Flg-I           200    8.00      5980    74.44    74.44
   2  ST3             Web Stiff        90    6.00       250     1.06     2.12
   2  ST2             Web Stiff        90    6.00       250     1.06     2.12
   1  WV4             Vrt Web Clp     200    5.00       125     0.99     0.99
   1  WV1             Vrt Web Clp     200    5.00       125     0.99     0.99
   1  WV3    cl-001   Vrt Web Clp     120    8.00       150     1.13     1.13
   1  WV2    cl-001   Vrt Web Clp     120    8.00       150     1.13     1.13
                                                                      -------
                                                                       238.77

 HOLE LOCATIONS:
 ---------------
  Plate                        Slot/          Bolt
  Mark     Dia  Offset   Gage  Gage2   Angle   Ref Locate
  ----   -----  ------  -----  -----  ------  ---- -----------------------------------
  IF1       22       0    100      0     0.0   130        45      5935 
  WV4       22       0      0      0     0.0   128       100 
  WV1       22       0      0      0     0.0   128       100 
  WV3       22      60      0      0     0.0   127       100 
  WV2       22      60      0      0     0.0   127       100 

 PLATE LOCATIONS:
 ----------------
  Plate
  Type  Attach  Offset   Angle  Side  Locate
  ----- ------  ------  ------  ----  ------------------------------------
  ST3      2        0     0.00    L          15     
  ST2      2        0     0.00    R        5965     
  WV4      F      150     0.00    R         765     
  WV1      F      150     0.00    L        5215     
  WV3      F      150     0.00    R          35     
  WV2      F      150     0.00    L        5945     

 WELDS:
 ------
                  Weld   Weld  Weld    Weld
   Plate  Plate2  Type   Size  Note  Length
   -----  ------  ----  -----  ----  ------
    OF1    WB1     F2    4.00    -   5980.0
    IF1    WB1     F2    4.00    -   5980.0
    ST3    WB      F2    4.00    -    250.0
    ST3    IF      F2    4.00    -     90.0
    ST2    WB      F2    4.00    -    250.0
    ST2    IF      F2    4.00    -     90.0
    WV4    WB1     F1    4.00    -    200.0
    WV1    WB1     F1    4.00    -    200.0
    WV3    WB1     F1    4.00    -    120.0
    WV2    WB1     F1    4.00    -    120.0

 FINISH DIMENSIONS:
 ------------------
   Left    Overall     =     5980 
   Right   Overall     =     5980 
   Max     Overall     =     5980 

 CLIP DETAILING:
 ---------------
   Mark   Typ Thick Ang     A      B      C      D      E      F      G      H
   ------ --- ----- --- ------ ------ ------ ------ ------ ------ ------ ------
   ST3     w   0.00   0  90.00 250.00   0.00   0.00   0.00   0.00   0.00   0.00
   ST2     w   0.00   0  90.00 250.00   0.00   0.00   0.00   0.00   0.00   0.00
   WV1     x   0.00   0 100.00   0.00 100.00  25.40   0.00   0.00   0.00   0.00
   WV4     x   0.00   0 100.00   0.00 100.00  25.40   0.00   0.00   0.00   0.00

================================================================================
 C323-153                   Runway Beam  RB-4               23/JUL/2025 11:21am
================================================================================
  Quan:  1                         Mark: RB-4              Part:W35b208 
-------------------------------------------------------------------------------

 PLATES:
 -------
 Quan Mark   Part     Description   Width   Thick    Length   UnitWt  TotalWt
 ---- ----   -------- -----------   -----   -----  --------   ------  -------
   1  WB1             Web             350    5.00      5980    81.42    81.42
   1  OF1             Flg-O           200    8.00      5980    74.44    74.44
   1  IF1             Flg-I           200    8.00      5980    74.44    74.44
   2  ST2             Web Stiff        90    6.00       250     1.06     2.12
   2  ST3             Web Stiff        90    6.00       250     1.06     2.12
   1  WV1             Vrt Web Clp     200    5.00       125     0.99     0.99
   1  WV4             Vrt Web Clp     200    5.00       125     0.99     0.99
   1  WV2    cl-001   Vrt Web Clp     120    8.00       150     1.13     1.13
   1  WV3    cl-001   Vrt Web Clp     120    8.00       150     1.13     1.13
                                                                      -------
                                                                       238.77

 HOLE LOCATIONS:
 ---------------
  Plate                        Slot/          Bolt
  Mark     Dia  Offset   Gage  Gage2   Angle   Ref Locate
  ----   -----  ------  -----  -----  ------  ---- -----------------------------------
  IF1       22       0    100      0     0.0   130        45      5935 
  WV1       22       0      0      0     0.0   128       100 
  WV4       22       0      0      0     0.0   128       100 
  WV2       22      60      0      0     0.0   127       100 
  WV3       22      60      0      0     0.0   127       100 

 PLATE LOCATIONS:
 ----------------
  Plate
  Type  Attach  Offset   Angle  Side  Locate
  ----- ------  ------  ------  ----  ------------------------------------
  ST2      2        0     0.00    L          15     
  ST3      2        0     0.00    R        5965     
  WV1      F      150     0.00    R         660     
  WV4      F      150     0.00    L        5320     
  WV2      F      150     0.00    R          35     
  WV3      F      150     0.00    L        5945     

 WELDS:
 ------
                  Weld   Weld  Weld    Weld
   Plate  Plate2  Type   Size  Note  Length
   -----  ------  ----  -----  ----  ------
    OF1    WB1     F2    4.00    -   5980.0
    IF1    WB1     F2    4.00    -   5980.0
    ST2    WB      F2    4.00    -    250.0
    ST2    IF      F2    4.00    -     90.0
    ST3    WB      F2    4.00    -    250.0
    ST3    IF      F2    4.00    -     90.0
    WV1    WB1     F1    4.00    -    200.0
    WV4    WB1     F1    4.00    -    200.0
    WV2    WB1     F1    4.00    -    120.0
    WV3    WB1     F1    4.00    -    120.0

 FINISH DIMENSIONS:
 ------------------
   Left    Overall     =     5980 
   Right   Overall     =     5980 
   Max     Overall     =     5980 

 CLIP DETAILING:
 ---------------
   Mark   Typ Thick Ang     A      B      C      D      E      F      G      H
   ------ --- ----- --- ------ ------ ------ ------ ------ ------ ------ ------
   ST2     w   0.00   0  90.00 250.00   0.00   0.00   0.00   0.00   0.00   0.00
   ST3     w   0.00   0  90.00 250.00   0.00   0.00   0.00   0.00   0.00   0.00
   WV1     x   0.00   0 100.00   0.00 100.00  25.40   0.00   0.00   0.00   0.00
   WV4     x   0.00   0 100.00   0.00 100.00  25.40   0.00   0.00   0.00   0.00

================================================================================
 C323-153                   Runway Beam  RB-5               23/JUL/2025 11:21am
================================================================================
  Quan:  1                         Mark: RB-5              Part:W35b208 
-------------------------------------------------------------------------------

 PLATES:
 -------
 Quan Mark   Part     Description   Width   Thick    Length   UnitWt  TotalWt
 ---- ----   -------- -----------   -----   -----  --------   ------  -------
   1  WB1             Web             350    5.00      5720    77.88    77.88
   1  OF1             Flg-O           200    8.00      5720    71.20    71.20
   1  IF1             Flg-I           200    8.00      5720    71.20    71.20
   2  ST3             Web Stiff        90    6.00       250     1.06     2.12
   2  ST2             Web Stiff        90    6.00       250     1.06     2.12
   1  WV4             Vrt Web Clp     200    5.00       125     0.99     0.99
   1  WV1             Vrt Web Clp     200    5.00       125     0.99     0.99
   1  WV3    cl-001   Vrt Web Clp     120    8.00       150     1.13     1.13
   1  WV2    cl-001   Vrt Web Clp     120    8.00       150     1.13     1.13
                                                                      -------
                                                                       228.76

 HOLE LOCATIONS:
 ---------------
  Plate                        Slot/          Bolt
  Mark     Dia  Offset   Gage  Gage2   Angle   Ref Locate
  ----   -----  ------  -----  -----  ------  ---- -----------------------------------
  IF1       22       0    100      0     0.0   130        45      5675 
  WV4       22       0      0      0     0.0   128       100 
  WV1       22       0      0      0     0.0   128       100 
  WV3       22      60      0      0     0.0   127       100 
  WV2       22      60      0      0     0.0   127       100 

 PLATE LOCATIONS:
 ----------------
  Plate
  Type  Attach  Offset   Angle  Side  Locate
  ----- ------  ------  ------  ----  ------------------------------------
  ST3      2        0     0.00    L          15     
  ST2      2        0     0.00    R        5705     
  WV4      F      150     0.00    R         765     
  WV1      F      150     0.00    L        4955     
  WV3      F      150     0.00    R          35     
  WV2      F      150     0.00    L        5685     

 WELDS:
 ------
                  Weld   Weld  Weld    Weld
   Plate  Plate2  Type   Size  Note  Length
   -----  ------  ----  -----  ----  ------
    OF1    WB1     F2    4.00    -   5720.0
    IF1    WB1     F2    4.00    -   5720.0
    ST3    WB      F2    4.00    -    250.0
    ST3    IF      F2    4.00    -     90.0
    ST2    WB      F2    4.00    -    250.0
    ST2    IF      F2    4.00    -     90.0
    WV4    WB1     F1    4.00    -    200.0
    WV1    WB1     F1    4.00    -    200.0
    WV3    WB1     F1    4.00    -    120.0
    WV2    WB1     F1    4.00    -    120.0

 FINISH DIMENSIONS:
 ------------------
   Left    Overall     =     5720 
   Right   Overall     =     5720 
   Max     Overall     =     5720 

 CLIP DETAILING:
 ---------------
   Mark   Typ Thick Ang     A      B      C      D      E      F      G      H
   ------ --- ----- --- ------ ------ ------ ------ ------ ------ ------ ------
   ST3     w   0.00   0  90.00 250.00   0.00   0.00   0.00   0.00   0.00   0.00
   ST2     w   0.00   0  90.00 250.00   0.00   0.00   0.00   0.00   0.00   0.00
   WV1     x   0.00   0 100.00   0.00 100.00  25.40   0.00   0.00   0.00   0.00
   WV4     x   0.00   0 100.00   0.00 100.00  25.40   0.00   0.00   0.00   0.00

================================================================================
 C323-153                   Runway Beam  RB-6               23/JUL/2025 11:21am
================================================================================
  Quan:  1                         Mark: RB-6              Part:W35b208 
-------------------------------------------------------------------------------

 PLATES:
 -------
 Quan Mark   Part     Description   Width   Thick    Length   UnitWt  TotalWt
 ---- ----   -------- -----------   -----   -----  --------   ------  -------
   1  WB1             Web             350    5.00      5720    77.88    77.88
   1  OF1             Flg-O           200    8.00      5720    71.20    71.20
   1  IF1             Flg-I           200    8.00      5720    71.20    71.20
   2  ST2             Web Stiff        90    6.00       250     1.06     2.12
   2  ST3             Web Stiff        90    6.00       250     1.06     2.12
   1  WV1             Vrt Web Clp     200    5.00       125     0.99     0.99
   1  WV4             Vrt Web Clp     200    5.00       125     0.99     0.99
   1  WV2    cl-001   Vrt Web Clp     120    8.00       150     1.13     1.13
   1  WV3    cl-001   Vrt Web Clp     120    8.00       150     1.13     1.13
                                                                      -------
                                                                       228.76

 HOLE LOCATIONS:
 ---------------
  Plate                        Slot/          Bolt
  Mark     Dia  Offset   Gage  Gage2   Angle   Ref Locate
  ----   -----  ------  -----  -----  ------  ---- -----------------------------------
  IF1       22       0    100      0     0.0   130        45      5675 
  WV1       22       0      0      0     0.0   128       100 
  WV4       22       0      0      0     0.0   128       100 
  WV2       22      60      0      0     0.0   127       100 
  WV3       22      60      0      0     0.0   127       100 

 PLATE LOCATIONS:
 ----------------
  Plate
  Type  Attach  Offset   Angle  Side  Locate
  ----- ------  ------  ------  ----  ------------------------------------
  ST2      2        0     0.00    L          15     
  ST3      2        0     0.00    R        5705     
  WV1      F      150     0.00    R         660     
  WV4      F      150     0.00    L        5060     
  WV2      F      150     0.00    R          35     
  WV3      F      150     0.00    L        5685     

 WELDS:
 ------
                  Weld   Weld  Weld    Weld
   Plate  Plate2  Type   Size  Note  Length
   -----  ------  ----  -----  ----  ------
    OF1    WB1     F2    4.00    -   5720.0
    IF1    WB1     F2    4.00    -   5720.0
    ST2    WB      F2    4.00    -    250.0
    ST2    IF      F2    4.00    -     90.0
    ST3    WB      F2    4.00    -    250.0
    ST3    IF      F2    4.00    -     90.0
    WV1    WB1     F1    4.00    -    200.0
    WV4    WB1     F1    4.00    -    200.0
    WV2    WB1     F1    4.00    -    120.0
    WV3    WB1     F1    4.00    -    120.0

 FINISH DIMENSIONS:
 ------------------
   Left    Overall     =     5720 
   Right   Overall     =     5720 
   Max     Overall     =     5720 

 CLIP DETAILING:
 ---------------
   Mark   Typ Thick Ang     A      B      C      D      E      F      G      H
   ------ --- ----- --- ------ ------ ------ ------ ------ ------ ------ ------
   ST2     w   0.00   0  90.00 250.00   0.00   0.00   0.00   0.00   0.00   0.00
   ST3     w   0.00   0  90.00 250.00   0.00   0.00   0.00   0.00   0.00   0.00
   WV1     x   0.00   0 100.00   0.00 100.00  25.40   0.00   0.00   0.00   0.00
   WV4     x   0.00   0 100.00   0.00 100.00  25.40   0.00   0.00   0.00   0.00

================================================================================
 C323-153                   Runway Beam  RB-7               23/JUL/2025 11:21am
================================================================================
  Quan:  1                         Mark: RB-7              Part:W35b228 
-------------------------------------------------------------------------------

 PLATES:
 -------
 Quan Mark   Part     Description   Width   Thick    Length   UnitWt  TotalWt
 ---- ----   -------- -----------   -----   -----  --------   ------  -------
   1  WB1             Web             350    5.00      6220    84.66    84.66
   1  OF1             Flg-O           225    8.00      6220    87.08    87.08
   1  IF1             Flg-I           225    8.00      6220    87.08    87.08
   2  ST3             Web Stiff       100    6.00       250     1.18     2.36
   2  ST2             Web Stiff       100    6.00       250     1.18     2.36
   1  WV4             Vrt Web Clp     200    5.00       125     0.99     0.99
   1  WV1             Vrt Web Clp     200    5.00       125     0.99     0.99
   1  WV3    cl-001   Vrt Web Clp     120    8.00       150     1.13     1.13
   1  WV2    cl-001   Vrt Web Clp     120    8.00       150     1.13     1.13
                                                                      -------
                                                                       267.77

 HOLE LOCATIONS:
 ---------------
  Plate                        Slot/          Bolt
  Mark     Dia  Offset   Gage  Gage2   Angle   Ref Locate
  ----   -----  ------  -----  -----  ------  ---- -----------------------------------
  IF1       22       0    100      0     0.0   130        45      6175 
  WV4       22       0      0      0     0.0   128       100 
  WV1       22       0      0      0     0.0   128       100 
  WV3       22      60      0      0     0.0   127       100 
  WV2       22      60      0      0     0.0   127       100 

 PLATE LOCATIONS:
 ----------------
  Plate
  Type  Attach  Offset   Angle  Side  Locate
  ----- ------  ------  ------  ----  ------------------------------------
  ST3      2        0     0.00    L          15     
  ST2      2        0     0.00    R        6205     
  WV4      F      150     0.00    R         765     
  WV1      F      150     0.00    L        5455     
  WV3      F      150     0.00    R          35     
  WV2      F      150     0.00    L        6185     

 WELDS:
 ------
                  Weld   Weld  Weld    Weld
   Plate  Plate2  Type   Size  Note  Length
   -----  ------  ----  -----  ----  ------
    OF1    WB1     F2    4.00    -   6220.0
    IF1    WB1     F2    4.00    -   6220.0
    ST3    WB      F2    4.00    -    250.0
    ST3    IF      F2    4.00    -    100.0
    ST2    WB      F2    4.00    -    250.0
    ST2    IF      F2    4.00    -    100.0
    WV4    WB1     F1    4.00    -    200.0
    WV1    WB1     F1    4.00    -    200.0
    WV3    WB1     F1    4.00    -    120.0
    WV2    WB1     F1    4.00    -    120.0

 FINISH DIMENSIONS:
 ------------------
   Left    Overall     =     6220 
   Right   Overall     =     6220 
   Max     Overall     =     6220 

 CLIP DETAILING:
 ---------------
   Mark   Typ Thick Ang     A      B      C      D      E      F      G      H
   ------ --- ----- --- ------ ------ ------ ------ ------ ------ ------ ------
   ST3     w   0.00   0 100.00 250.00   0.00   0.00   0.00   0.00   0.00   0.00
   ST2     w   0.00   0 100.00 250.00   0.00   0.00   0.00   0.00   0.00   0.00
   WV1     x   0.00   0 100.00   0.00 100.00  25.40   0.00   0.00   0.00   0.00
   WV4     x   0.00   0 100.00   0.00 100.00  25.40   0.00   0.00   0.00   0.00

================================================================================
 C323-153                   Runway Beam  RB-8               23/JUL/2025 11:21am
================================================================================
  Quan:  1                         Mark: RB-8              Part:W35b228 
-------------------------------------------------------------------------------

 PLATES:
 -------
 Quan Mark   Part     Description   Width   Thick    Length   UnitWt  TotalWt
 ---- ----   -------- -----------   -----   -----  --------   ------  -------
   1  WB1             Web             350    5.00      6220    84.66    84.66
   1  OF1             Flg-O           225    8.00      6220    87.08    87.08
   1  IF1             Flg-I           225    8.00      6220    87.08    87.08
   2  ST2             Web Stiff       100    6.00       250     1.18     2.36
   2  ST3             Web Stiff       100    6.00       250     1.18     2.36
   1  WV1             Vrt Web Clp     200    5.00       125     0.99     0.99
   1  WV4             Vrt Web Clp     200    5.00       125     0.99     0.99
   1  WV2    cl-001   Vrt Web Clp     120    8.00       150     1.13     1.13
   1  WV3    cl-001   Vrt Web Clp     120    8.00       150     1.13     1.13
                                                                      -------
                                                                       267.77

 HOLE LOCATIONS:
 ---------------
  Plate                        Slot/          Bolt
  Mark     Dia  Offset   Gage  Gage2   Angle   Ref Locate
  ----   -----  ------  -----  -----  ------  ---- -----------------------------------
  IF1       22       0    100      0     0.0   130        45      6175 
  WV1       22       0      0      0     0.0   128       100 
  WV4       22       0      0      0     0.0   128       100 
  WV2       22      60      0      0     0.0   127       100 
  WV3       22      60      0      0     0.0   127       100 

 PLATE LOCATIONS:
 ----------------
  Plate
  Type  Attach  Offset   Angle  Side  Locate
  ----- ------  ------  ------  ----  ------------------------------------
  ST2      2        0     0.00    L          15     
  ST3      2        0     0.00    R        6205     
  WV1      F      150     0.00    R         660     
  WV4      F      150     0.00    L        5560     
  WV2      F      150     0.00    R          35     
  WV3      F      150     0.00    L        6185     

 WELDS:
 ------
                  Weld   Weld  Weld    Weld
   Plate  Plate2  Type   Size  Note  Length
   -----  ------  ----  -----  ----  ------
    OF1    WB1     F2    4.00    -   6220.0
    IF1    WB1     F2    4.00    -   6220.0
    ST2    WB      F2    4.00    -    250.0
    ST2    IF      F2    4.00    -    100.0
    ST3    WB      F2    4.00    -    250.0
    ST3    IF      F2    4.00    -    100.0
    WV1    WB1     F1    4.00    -    200.0
    WV4    WB1     F1    4.00    -    200.0
    WV2    WB1     F1    4.00    -    120.0
    WV3    WB1     F1    4.00    -    120.0

 FINISH DIMENSIONS:
 ------------------
   Left    Overall     =     6220 
   Right   Overall     =     6220 
   Max     Overall     =     6220 

 CLIP DETAILING:
 ---------------
   Mark   Typ Thick Ang     A      B      C      D      E      F      G      H
   ------ --- ----- --- ------ ------ ------ ------ ------ ------ ------ ------
   ST2     w   0.00   0 100.00 250.00   0.00   0.00   0.00   0.00   0.00   0.00
   ST3     w   0.00   0 100.00 250.00   0.00   0.00   0.00   0.00   0.00   0.00
   WV1     x   0.00   0 100.00   0.00 100.00  25.40   0.00   0.00   0.00   0.00
   WV4     x   0.00   0 100.00   0.00 100.00  25.40   0.00   0.00   0.00   0.00

================================================================================
 C323-153                   Runway Beam  RB-9               23/JUL/2025 11:21am
================================================================================
  Quan:  1                         Mark: RB-9              Part:W35b208 
-------------------------------------------------------------------------------

 PLATES:
 -------
 Quan Mark   Part     Description   Width   Thick    Length   UnitWt  TotalWt
 ---- ----   -------- -----------   -----   -----  --------   ------  -------
   1  WB1             Web             350    5.00      5860    79.78    79.78
   1  OF1             Flg-O           200    8.00      5860    72.95    72.95
   1  IF1             Flg-I           200    8.00      5860    72.95    72.95
   2  ST3             Web Stiff        90    6.00       250     1.06     2.12
   2  ST2             Web Stiff        90    6.00       250     1.06     2.12
   1  WV4             Vrt Web Clp     200    5.00       125     0.99     0.99
   1  WV1             Vrt Web Clp     200    5.00       125     0.99     0.99
   1  WV3    cl-001   Vrt Web Clp     120    8.00       150     1.13     1.13
   1  WV2    cl-001   Vrt Web Clp     120    8.00       150     1.13     1.13
                                                                      -------
                                                                       234.15

 HOLE LOCATIONS:
 ---------------
  Plate                        Slot/          Bolt
  Mark     Dia  Offset   Gage  Gage2   Angle   Ref Locate
  ----   -----  ------  -----  -----  ------  ---- -----------------------------------
  IF1       22       0    100      0     0.0   130        45      5815 
  WV4       22       0      0      0     0.0   128       100 
  WV1       22       0      0      0     0.0   128       100 
  WV3       22      60      0      0     0.0   127       100 
  WV2       22      60      0      0     0.0   127       100 

 PLATE LOCATIONS:
 ----------------
  Plate
  Type  Attach  Offset   Angle  Side  Locate
  ----- ------  ------  ------  ----  ------------------------------------
  ST3      2        0     0.00    L          15     
  ST2      2        0     0.00    R        5845     
  WV4      F      150     0.00    R         765     
  WV1      F      150     0.00    L        5095     
  WV3      F      150     0.00    R          35     
  WV2      F      150     0.00    L        5825     

 WELDS:
 ------
                  Weld   Weld  Weld    Weld
   Plate  Plate2  Type   Size  Note  Length
   -----  ------  ----  -----  ----  ------
    OF1    WB1     F2    4.00    -   5860.0
    IF1    WB1     F2    4.00    -   5860.0
    ST3    WB      F2    4.00    -    250.0
    ST3    IF      F2    4.00    -     90.0
    ST2    WB      F2    4.00    -    250.0
    ST2    IF      F2    4.00    -     90.0
    WV4    WB1     F1    4.00    -    200.0
    WV1    WB1     F1    4.00    -    200.0
    WV3    WB1     F1    4.00    -    120.0
    WV2    WB1     F1    4.00    -    120.0

 FINISH DIMENSIONS:
 ------------------
   Left    Overall     =     5860 
   Right   Overall     =     5860 
   Max     Overall     =     5860 

 CLIP DETAILING:
 ---------------
   Mark   Typ Thick Ang     A      B      C      D      E      F      G      H
   ------ --- ----- --- ------ ------ ------ ------ ------ ------ ------ ------
   ST3     w   0.00   0  90.00 250.00   0.00   0.00   0.00   0.00   0.00   0.00
   ST2     w   0.00   0  90.00 250.00   0.00   0.00   0.00   0.00   0.00   0.00
   WV1     x   0.00   0 100.00   0.00 100.00  25.40   0.00   0.00   0.00   0.00
   WV4     x   0.00   0 100.00   0.00 100.00  25.40   0.00   0.00   0.00   0.00

================================================================================
 C323-153                   Runway Beam  RB-10              23/JUL/2025 11:21am
================================================================================
  Quan:  1                         Mark: RB-10             Part:W35b208 
-------------------------------------------------------------------------------

 PLATES:
 -------
 Quan Mark   Part     Description   Width   Thick    Length   UnitWt  TotalWt
 ---- ----   -------- -----------   -----   -----  --------   ------  -------
   1  WB1             Web             350    5.00      5860    79.78    79.78
   1  OF1             Flg-O           200    8.00      5860    72.95    72.95
   1  IF1             Flg-I           200    8.00      5860    72.95    72.95
   2  ST2             Web Stiff        90    6.00       250     1.06     2.12
   2  ST3             Web Stiff        90    6.00       250     1.06     2.12
   1  WV1             Vrt Web Clp     200    5.00       125     0.99     0.99
   1  WV4             Vrt Web Clp     200    5.00       125     0.99     0.99
   1  WV2    cl-001   Vrt Web Clp     120    8.00       150     1.13     1.13
   1  WV3    cl-001   Vrt Web Clp     120    8.00       150     1.13     1.13
                                                                      -------
                                                                       234.15

 HOLE LOCATIONS:
 ---------------
  Plate                        Slot/          Bolt
  Mark     Dia  Offset   Gage  Gage2   Angle   Ref Locate
  ----   -----  ------  -----  -----  ------  ---- -----------------------------------
  IF1       22       0    100      0     0.0   130        45      5815 
  WV1       22       0      0      0     0.0   128       100 
  WV4       22       0      0      0     0.0   128       100 
  WV2       22      60      0      0     0.0   127       100 
  WV3       22      60      0      0     0.0   127       100 

 PLATE LOCATIONS:
 ----------------
  Plate
  Type  Attach  Offset   Angle  Side  Locate
  ----- ------  ------  ------  ----  ------------------------------------
  ST2      2        0     0.00    L          15     
  ST3      2        0     0.00    R        5845     
  WV1      F      150     0.00    R         660     
  WV4      F      150     0.00    L        5200     
  WV2      F      150     0.00    R          35     
  WV3      F      150     0.00    L        5825     

 WELDS:
 ------
                  Weld   Weld  Weld    Weld
   Plate  Plate2  Type   Size  Note  Length
   -----  ------  ----  -----  ----  ------
    OF1    WB1     F2    4.00    -   5860.0
    IF1    WB1     F2    4.00    -   5860.0
    ST2    WB      F2    4.00    -    250.0
    ST2    IF      F2    4.00    -     90.0
    ST3    WB      F2    4.00    -    250.0
    ST3    IF      F2    4.00    -     90.0
    WV1    WB1     F1    4.00    -    200.0
    WV4    WB1     F1    4.00    -    200.0
    WV2    WB1     F1    4.00    -    120.0
    WV3    WB1     F1    4.00    -    120.0

 FINISH DIMENSIONS:
 ------------------
   Left    Overall     =     5860 
   Right   Overall     =     5860 
   Max     Overall     =     5860 

 CLIP DETAILING:
 ---------------
   Mark   Typ Thick Ang     A      B      C      D      E      F      G      H
   ------ --- ----- --- ------ ------ ------ ------ ------ ------ ------ ------
   ST2     w   0.00   0  90.00 250.00   0.00   0.00   0.00   0.00   0.00   0.00
   ST3     w   0.00   0  90.00 250.00   0.00   0.00   0.00   0.00   0.00   0.00
   WV1     x   0.00   0 100.00   0.00 100.00  25.40   0.00   0.00   0.00   0.00
   WV4     x   0.00   0 100.00   0.00 100.00  25.40   0.00   0.00   0.00   0.00

================================================================================
 C323-153                   Runway Beam  RB-11              23/JUL/2025 11:21am
================================================================================
  Quan:  1                         Mark: RB-11             Part:W35b208 
-------------------------------------------------------------------------------

 PLATES:
 -------
 Quan Mark   Part     Description   Width   Thick    Length   UnitWt  TotalWt
 ---- ----   -------- -----------   -----   -----  --------   ------  -------
   1  WB1             Web             350    5.00      6095    82.98    82.98
   1  OF1             Flg-O           200    8.00      6095    75.87    75.87
   1  IF1             Flg-I           200    8.00      6095    75.87    75.87
   2  ST3             Web Stiff        90    6.00       250     1.06     2.12
   2  ST2             Web Stiff        90    6.00       250     1.06     2.12
   1  WV4             Vrt Web Clp     200    5.00       125     0.99     0.99
   1  WV1             Vrt Web Clp     200    5.00       125     0.99     0.99
   1  WV3    cl-001   Vrt Web Clp     120    8.00       150     1.13     1.13
   1  WV2    cl-001   Vrt Web Clp     120    8.00       150     1.13     1.13
                                                                      -------
                                                                       243.20

 HOLE LOCATIONS:
 ---------------
  Plate                        Slot/          Bolt
  Mark     Dia  Offset   Gage  Gage2   Angle   Ref Locate
  ----   -----  ------  -----  -----  ------  ---- -----------------------------------
  IF1       22       0    100      0     0.0   130       240       340      6050 
  WV4       22       0      0      0     0.0   128       100 
  WV1       22       0      0      0     0.0   128       100 
  WV3       22      60      0      0     0.0   127       100 
  WV2       22      60      0      0     0.0   127       100 

 PLATE LOCATIONS:
 ----------------
  Plate
  Type  Attach  Offset   Angle  Side  Locate
  ----- ------  ------  ------  ----  ------------------------------------
  ST3      2        0     0.00    L         290     
  ST2      2        0     0.00    R        6080     
  WV4      F      150     0.00    R        1060     
  WV1      F      150     0.00    L        5330     
  WV3      F      150     0.00    R         130     
  WV2      F      150     0.00    L        6060     

 WELDS:
 ------
                  Weld   Weld  Weld    Weld
   Plate  Plate2  Type   Size  Note  Length
   -----  ------  ----  -----  ----  ------
    OF1    WB1     F2    4.00    -   6095.0
    IF1    WB1     F2    4.00    -   6095.0
    ST3    WB      F2    4.00    -    250.0
    ST3    IF      F2    4.00    -     90.0
    ST2    WB      F2    4.00    -    250.0
    ST2    IF      F2    4.00    -     90.0
    WV4    WB1     F1    4.00    -    200.0
    WV1    WB1     F1    4.00    -    200.0
    WV3    WB1     F1    4.00    -    120.0
    WV2    WB1     F1    4.00    -    120.0

 FINISH DIMENSIONS:
 ------------------
   Left    Overall     =     6095 
   Right   Overall     =     6095 
   Max     Overall     =     6095 

 CLIP DETAILING:
 ---------------
   Mark   Typ Thick Ang     A      B      C      D      E      F      G      H
   ------ --- ----- --- ------ ------ ------ ------ ------ ------ ------ ------
   ST3     w   0.00   0  90.00 250.00   0.00   0.00   0.00   0.00   0.00   0.00
   ST2     w   0.00   0  90.00 250.00   0.00   0.00   0.00   0.00   0.00   0.00
   WV1     x   0.00   0 100.00   0.00 100.00  25.40   0.00   0.00   0.00   0.00
   WV4     x   0.00   0 100.00   0.00 100.00  25.40   0.00   0.00   0.00   0.00

================================================================================
 C323-153                   Runway Beam  RB-12              23/JUL/2025 11:21am
================================================================================
  Quan:  1                         Mark: RB-12             Part:W35b208 
-------------------------------------------------------------------------------

 PLATES:
 -------
 Quan Mark   Part     Description   Width   Thick    Length   UnitWt  TotalWt
 ---- ----   -------- -----------   -----   -----  --------   ------  -------
   1  WB1             Web             350    5.00      6095    82.98    82.98
   1  OF1             Flg-O           200    8.00      6095    75.87    75.87
   1  IF1             Flg-I           200    8.00      6095    75.87    75.87
   2  ST2             Web Stiff        90    6.00       250     1.06     2.12
   2  ST3             Web Stiff        90    6.00       250     1.06     2.12
   1  WV1             Vrt Web Clp     200    5.00       125     0.99     0.99
   1  WV4             Vrt Web Clp     200    5.00       125     0.99     0.99
   1  WV2    cl-001   Vrt Web Clp     120    8.00       150     1.13     1.13
   1  WV3    cl-001   Vrt Web Clp     120    8.00       150     1.13     1.13
                                                                      -------
                                                                       243.20

 HOLE LOCATIONS:
 ---------------
  Plate                        Slot/          Bolt
  Mark     Dia  Offset   Gage  Gage2   Angle   Ref Locate
  ----   -----  ------  -----  -----  ------  ---- -----------------------------------
  IF1       22       0    100      0     0.0   130        45      5755      5855 
  WV1       22       0      0      0     0.0   128       100 
  WV4       22       0      0      0     0.0   128       100 
  WV2       22      60      0      0     0.0   127       100 
  WV3       22      60      0      0     0.0   127       100 

 PLATE LOCATIONS:
 ----------------
  Plate
  Type  Attach  Offset   Angle  Side  Locate
  ----- ------  ------  ------  ----  ------------------------------------
  ST2      2        0     0.00    L          15     
  ST3      2        0     0.00    R        5805     
  WV1      F      150     0.00    R         660     
  WV4      F      150     0.00    L        5140     
  WV2      F      150     0.00    R          35     
  WV3      F      150     0.00    L        5965     

 WELDS:
 ------
                  Weld   Weld  Weld    Weld
   Plate  Plate2  Type   Size  Note  Length
   -----  ------  ----  -----  ----  ------
    OF1    WB1     F2    4.00    -   6095.0
    IF1    WB1     F2    4.00    -   6095.0
    ST2    WB      F2    4.00    -    250.0
    ST2    IF      F2    4.00    -     90.0
    ST3    WB      F2    4.00    -    250.0
    ST3    IF      F2    4.00    -     90.0
    WV1    WB1     F1    4.00    -    200.0
    WV4    WB1     F1    4.00    -    200.0
    WV2    WB1     F1    4.00    -    120.0
    WV3    WB1     F1    4.00    -    120.0

 FINISH DIMENSIONS:
 ------------------
   Left    Overall     =     6095 
   Right   Overall     =     6095 
   Max     Overall     =     6095 

 CLIP DETAILING:
 ---------------
   Mark   Typ Thick Ang     A      B      C      D      E      F      G      H
   ------ --- ----- --- ------ ------ ------ ------ ------ ------ ------ ------
   ST2     w   0.00   0  90.00 250.00   0.00   0.00   0.00   0.00   0.00   0.00
   ST3     w   0.00   0  90.00 250.00   0.00   0.00   0.00   0.00   0.00   0.00
   WV1     x   0.00   0 100.00   0.00 100.00  25.40   0.00   0.00   0.00   0.00
   WV4     x   0.00   0 100.00   0.00 100.00  25.40   0.00   0.00   0.00   0.00

================================================================================
 C323-153            Angles                                 23/JUL/2025 11:21am
================================================================================

 LONGITUDINAL ANGLES:
 -------------------
 System  ---Runway---   Col  -Brace_Dist-
   Id    Side  Locate  Side  Depth  Width  Length  Part      Mark
 ------  ----  ------  ----  -----  -----  ------  --------  ------
    1      L      440    R   970.0  870.0 1209.5   L75X6     CA-1  
    1      L     6200    L   970.0  870.0 1209.5   L75X6     CA-1  
    1      L     6200    R   970.0  870.0 1209.5   L75X6     CA-1  
    1      L    12190    L   970.0  870.0 1209.5   L75X6     CA-1  
    1      L    12190    R   970.0  870.0 1209.5   L75X6     CA-1  
    1      L    17920    L   970.0  870.0 1209.5   L75X6     CA-1  
    1      L    17920    R   970.0  870.0 1209.5   L75X6     CA-1  
    1      L    24150    L   970.0  870.0 1209.5   L75X6     CA-1  
    1      L    24150    R   970.0  870.0 1209.5   L75X6     CA-1  
    1      L    30020    L   970.0  870.0 1209.5   L75X6     CA-1  
    1      L    30020    R   970.0  870.0 1209.5   L75X6     CA-1  
    1      L    35830    L   970.0  870.0 1209.5   L75X6     CA-1  
    1      R      440    R   865.0  765.0 1061.0   L75X6     CA-2  
    1      R     6200    L   865.0  765.0 1061.0   L75X6     CA-2  
    1      R     6200    R   865.0  765.0 1061.0   L75X6     CA-2  
    1      R    12190    L   865.0  765.0 1061.0   L75X6     CA-2  
    1      R    12190    R   865.0  765.0 1061.0   L75X6     CA-2  
    1      R    17920    L   865.0  765.0 1061.0   L75X6     CA-2  
    1      R    17920    R   865.0  765.0 1061.0   L75X6     CA-2  
    1      R    24150    L   865.0  765.0 1061.0   L75X6     CA-2  
    1      R    24150    R   865.0  765.0 1061.0   L75X6     CA-2  
    1      R    30020    L   865.0  765.0 1061.0   L75X6     CA-2  
    1      R    30020    R   865.0  765.0 1061.0   L75X6     CA-2  
    1      R    35830    L   865.0  765.0 1061.0   L75X6     CA-2  
 
 LATERAL ANGLES AT RIGID FRAME:
 ------------------------------
 System  ---Runway---   Col  -Brace_Dist-
   Id    Side  Locate  Side  Depth  Width  Length  Part      Mark
 ------  ----  ------  ----  -----  -----  ------  --------  ------
    1      L      440    1     0.0  258.0  155.5   L100X8    CA-3  
    1      L     6200    2     0.0  258.0  155.5   L100X8    CA-3  
    1      L    12190    2     0.0  258.0  155.5   L100X8    CA-3  
    1      L    17920    2     0.0  258.0  155.5   L100X8    CA-3  
    1      L    24150    2     0.0  258.0  155.5   L100X8    CA-3  
    1      L    30020    2     0.0  258.0  155.5   L100X8    CA-3  
    1      L    35830    1     0.0  258.0  155.5   L100X8    CA-3  
    1      R      440    1     0.0  153.0   50.5   L100X8    CA-4  
    1      R     6200    2     0.0  153.0   50.5   L100X8    CA-4  
    1      R    12190    2     0.0  153.0   50.5   L100X8    CA-4  
    1      R    17920    2     0.0  153.0   50.5   L100X8    CA-4  
    1      R    24150    2     0.0  153.0   50.5   L100X8    CA-4  
    1      R    30020    2     0.0  153.0   50.5   L100X8    CA-4  
    1      R    35830    1     0.0  153.0   50.5   L100X8    CA-4  
 
 LATERAL ANGLES AT SUPPORT BEAM:
 -------------------------------
 System  ---Runway---   Col  -Brace_Dist-
   Id    Side  Locate  Side  Depth  Width  Length  Part      Mark
 ------  ----  ------  ----  -----  -----  ------  --------  ------
 
 COLUMN ANGLES:
 --------------
 System  ---Runway---   Col
   Id    Side  Locate  Side  Height  Length  Part      Mark
 ------  ----  ------  ----  ------  ------  --------  ------

================================================================================
 C323-153            Connection Summary                     23/JUL/2025 11:21am
================================================================================

 RUNWAY BEAM:
 ------------
   Sys  -----Beam----        ---------Plate(mm)--------  -------Bolt(mm)-------
    Id  Id Mark   End  Type  Mark   Thick  Width Length  Type    Dia Qty DtBolt
   ---  -- ------ ---  ----  ------ ----- ------ ------  ----  ----- --- ------
     1   1 RB-1    1    S4           0.00   0.00   0.00  Gr8.8 20.00   4   130
     1   1 RB-1    2    S4           0.00   0.00   0.00  Gr8.8 20.00   2   130
     1   2 RB-2    1    S4           0.00   0.00   0.00  Gr8.8 20.00   4   130
     1   2 RB-2    2    S4           0.00   0.00   0.00  Gr8.8 20.00   2   130
     1   3 RB-3    1    S4           0.00   0.00   0.00  Gr8.8 20.00   2   130
     1   3 RB-3    2    S4           0.00   0.00   0.00  Gr8.8 20.00   2   130
     1   4 RB-4    1    S4           0.00   0.00   0.00  Gr8.8 20.00   2   130
     1   4 RB-4    2    S4           0.00   0.00   0.00  Gr8.8 20.00   2   130
     1   5 RB-5    1    S4           0.00   0.00   0.00  Gr8.8 20.00   2   130
     1   5 RB-5    2    S4           0.00   0.00   0.00  Gr8.8 20.00   2   130
     1   6 RB-6    1    S4           0.00   0.00   0.00  Gr8.8 20.00   2   130
     1   6 RB-6    2    S4           0.00   0.00   0.00  Gr8.8 20.00   2   130
     1   7 RB-7    1    S4           0.00   0.00   0.00  Gr8.8 20.00   2   130
     1   7 RB-7    2    S4           0.00   0.00   0.00  Gr8.8 20.00   2   130
     1   8 RB-8    1    S4           0.00   0.00   0.00  Gr8.8 20.00   2   130
     1   8 RB-8    2    S4           0.00   0.00   0.00  Gr8.8 20.00   2   130
     1   9 RB-9    1    S4           0.00   0.00   0.00  Gr8.8 20.00   2   130
     1   9 RB-9    2    S4           0.00   0.00   0.00  Gr8.8 20.00   2   130
     1  10 RB-10   1    S4           0.00   0.00   0.00  Gr8.8 20.00   2   130
     1  10 RB-10   2    S4           0.00   0.00   0.00  Gr8.8 20.00   2   130
     1  11 RB-11   1    S4           0.00   0.00   0.00  Gr8.8 20.00   2   130
     1  11 RB-11   2    S4           0.00   0.00   0.00  Gr8.8 20.00   4   130
     1  12 RB-12   1    S4           0.00   0.00   0.00  Gr8.8 20.00   2   130
     1  12 RB-12   2    S4           0.00   0.00   0.00  Gr8.8 20.00   4   130
 
 SUPPORT COLUMN:
 ---------------
   Sys  -----Beam----        ---------Plate(mm)--------  -------Bolt(mm)-------
    Id  Id Mark   End  Type  Mark   Thick  Width Length  Type    Dia Qty DtBolt
   ---  -- ------ ---  ----  ------ ----- ------ ------  ----  ----- --- ------
 
 SUPPORT BEAM:
 -------------
   Sys  -----Beam----        ---------Plate(mm)--------  -------Bolt(mm)-------
    Id  Id Mark   End  Type  Mark   Thick  Width Length  Type    Dia Qty DtBolt
   ---  -- ------ ---  ----  ------ ----- ------ ------  ----  ----- --- ------
 
 ANGLES:
 ------
   Sys  -----Beam----        ---------Plate(mm)--------  -------Bolt(mm)-------
    Id  Id Mark   End  Type  Mark   Thick  Width Length  Type    Dia Qty DtBolt
   ---  -- ------ ---  ----  ------ ----- ------ ------  ----  ----- --- ------
     1   1 CA-1    1    S4           0.00   0.00   0.00  Gr8.8 20.00   1   128
     1   1 CA-1    2    S9           5.00 200.00 125.40  Gr8.8 20.00   1   128
     1   2 CA-1    1    S4           0.00   0.00   0.00  Gr8.8 20.00   1   128
     1   2 CA-1    2    S9           5.00 200.00 125.40  Gr8.8 20.00   1   128
     1   3 CA-1    1    S4           0.00   0.00   0.00  Gr8.8 20.00   1   128
     1   3 CA-1    2    S9           5.00 200.00 125.40  Gr8.8 20.00   1   128
     1   4 CA-1    1    S4           0.00   0.00   0.00  Gr8.8 20.00   1   128
     1   4 CA-1    2    S9           5.00 200.00 125.40  Gr8.8 20.00   1   128
     1   5 CA-1    1    S4           0.00   0.00   0.00  Gr8.8 20.00   1   128
     1   5 CA-1    2    S9           5.00 200.00 125.40  Gr8.8 20.00   1   128
     1   6 CA-1    1    S4           0.00   0.00   0.00  Gr8.8 20.00   1   128
     1   6 CA-1    2    S9           5.00 200.00 125.40  Gr8.8 20.00   1   128
     1   7 CA-1    1    S4           0.00   0.00   0.00  Gr8.8 20.00   1   128
     1   7 CA-1    2    S9           5.00 200.00 125.40  Gr8.8 20.00   1   128
     1   8 CA-1    1    S4           0.00   0.00   0.00  Gr8.8 20.00   1   128
     1   8 CA-1    2    S9           5.00 200.00 125.40  Gr8.8 20.00   1   128
     1   9 CA-1    1    S4           0.00   0.00   0.00  Gr8.8 20.00   1   128
     1   9 CA-1    2    S9           5.00 200.00 125.40  Gr8.8 20.00   1   128
     1  10 CA-1    1    S4           0.00   0.00   0.00  Gr8.8 20.00   1   128
     1  10 CA-1    2    S9           5.00 200.00 125.40  Gr8.8 20.00   1   128
     1  11 CA-1    1    S4           0.00   0.00   0.00  Gr8.8 20.00   1   128
     1  11 CA-1    2    S9           5.00 200.00 125.40  Gr8.8 20.00   1   128
     1  12 CA-1    1    S4           0.00   0.00   0.00  Gr8.8 20.00   1   128
     1  12 CA-1    2    S9           5.00 200.00 125.40  Gr8.8 20.00   1   128
     1  13 CA-2    1    S4           0.00   0.00   0.00  Gr8.8 20.00   1   128
     1  13 CA-2    2    S9           5.00 200.00 125.40  Gr8.8 20.00   1   128
     1  14 CA-2    1    S4           0.00   0.00   0.00  Gr8.8 20.00   1   128
     1  14 CA-2    2    S9           5.00 200.00 125.40  Gr8.8 20.00   1   128
     1  15 CA-2    1    S4           0.00   0.00   0.00  Gr8.8 20.00   1   128
     1  15 CA-2    2    S9           5.00 200.00 125.40  Gr8.8 20.00   1   128
     1  16 CA-2    1    S4           0.00   0.00   0.00  Gr8.8 20.00   1   128
     1  16 CA-2    2    S9           5.00 200.00 125.40  Gr8.8 20.00   1   128
     1  17 CA-2    1    S4           0.00   0.00   0.00  Gr8.8 20.00   1   128
     1  17 CA-2    2    S9           5.00 200.00 125.40  Gr8.8 20.00   1   128
     1  18 CA-2    1    S4           0.00   0.00   0.00  Gr8.8 20.00   1   128
     1  18 CA-2    2    S9           5.00 200.00 125.40  Gr8.8 20.00   1   128
     1  19 CA-2    1    S4           0.00   0.00   0.00  Gr8.8 20.00   1   128
     1  19 CA-2    2    S9           5.00 200.00 125.40  Gr8.8 20.00   1   128
     1  20 CA-2    1    S4           0.00   0.00   0.00  Gr8.8 20.00   1   128
     1  20 CA-2    2    S9           5.00 200.00 125.40  Gr8.8 20.00   1   128
     1  21 CA-2    1    S4           0.00   0.00   0.00  Gr8.8 20.00   1   128
     1  21 CA-2    2    S9           5.00 200.00 125.40  Gr8.8 20.00   1   128
     1  22 CA-2    1    S4           0.00   0.00   0.00  Gr8.8 20.00   1   128
     1  22 CA-2    2    S9           5.00 200.00 125.40  Gr8.8 20.00   1   128
     1  23 CA-2    1    S4           0.00   0.00   0.00  Gr8.8 20.00   1   128
     1  23 CA-2    2    S9           5.00 200.00 125.40  Gr8.8 20.00   1   128
     1  24 CA-2    1    S4           0.00   0.00   0.00  Gr8.8 20.00   1   128
     1  24 CA-2    2    S9           5.00 200.00 125.40  Gr8.8 20.00   1   128
     1  25 CA-3    1    S9           5.00 200.00 125.40  Gr8.8 20.00   1   127
     1  25 CA-3    2    S9           5.00 200.00 125.40  Gr8.8 20.00   1   127
     1  26 CA-3    1    S9           5.00 200.00 125.40  Gr8.8 20.00   1   127
     1  26 CA-3    2    S9           5.00 200.00 125.40  Gr8.8 20.00   1   127
     1  27 CA-3    1    S9           5.00 200.00 125.40  Gr8.8 20.00   1   127
     1  27 CA-3    2    S9           5.00 200.00 125.40  Gr8.8 20.00   1   127
     1  28 CA-3    1    S9           5.00 200.00 125.40  Gr8.8 20.00   1   127
     1  28 CA-3    2    S9           5.00 200.00 125.40  Gr8.8 20.00   1   127
     1  29 CA-3    1    S9           5.00 200.00 125.40  Gr8.8 20.00   1   127
     1  29 CA-3    2    S9           5.00 200.00 125.40  Gr8.8 20.00   1   127
     1  30 CA-3    1    S9           5.00 200.00 125.40  Gr8.8 20.00   1   127
     1  30 CA-3    2    S9           5.00 200.00 125.40  Gr8.8 20.00   1   127
     1  31 CA-3    1    S9           5.00 200.00 125.40  Gr8.8 20.00   1   127
     1  31 CA-3    2    S9           5.00 200.00 125.40  Gr8.8 20.00   1   127
     1  32 CA-4    1    S9           5.00 200.00 125.40  Gr8.8 20.00   1   127
     1  32 CA-4    2    S9           5.00 200.00 125.40  Gr8.8 20.00   1   127
     1  33 CA-4    1    S9           5.00 200.00 125.40  Gr8.8 20.00   1   127
     1  33 CA-4    2    S9           5.00 200.00 125.40  Gr8.8 20.00   1   127
     1  34 CA-4    1    S9           5.00 200.00 125.40  Gr8.8 20.00   1   127
     1  34 CA-4    2    S9           5.00 200.00 125.40  Gr8.8 20.00   1   127
     1  35 CA-4    1    S9           5.00 200.00 125.40  Gr8.8 20.00   1   127
     1  35 CA-4    2    S9           5.00 200.00 125.40  Gr8.8 20.00   1   127
     1  36 CA-4    1    S9           5.00 200.00 125.40  Gr8.8 20.00   1   127
     1  36 CA-4    2    S9           5.00 200.00 125.40  Gr8.8 20.00   1   127
     1  37 CA-4    1    S9           5.00 200.00 125.40  Gr8.8 20.00   1   127
     1  37 CA-4    2    S9           5.00 200.00 125.40  Gr8.8 20.00   1   127
     1  38 CA-4    1    S9           5.00 200.00 125.40  Gr8.8 20.00   1   127
     1  38 CA-4    2    S9           5.00 200.00 125.40  Gr8.8 20.00   1   127

================================================================================
 C323-153            Weld Lengths                           23/JUL/2025 11:21am
================================================================================


        Piece    Size    Web-Flange    ------Hand_Weld(mm)-----
  Qty   Mark     (mm)    Fillet(mm)     Fillet   Groove    Butt
  ---   -----   -----    ----------    -------  -------  ------
    1    RB-1    4.00       24180         3360        0       0
 
    1    RB-2    4.00       24180         3360        0       0
 
    1    RB-3    4.00       23920         3360        0       0
 
    1    RB-4    4.00       23920         3360        0       0
 
    1    RB-5    4.00       22880         3360        0       0
 
    1    RB-6    4.00       22880         3360        0       0
 
    1    RB-7    4.00       24880         3440        0       0
 
    1    RB-8    4.00       24880         3440        0       0
 
    1    RB-9    4.00       23440         3360        0       0
 
    1    RB-10   4.00       23440         3360        0       0
 
    1    RB-11   4.00       24380         3360        0       0
 
    1    RB-12   4.00       24380         3360        0       0

================================================================================
 C323-153            Cost Summary                           23/JUL/2025 11:21am
================================================================================

        Piece                  End    Clip  Stiff         Surf   Set  Unit  Total
  Quan  Id     Flange    Web  Plate  Plate  Plate  Weld  Treat    Up  Cost   Cost
  ----  -----  ------    ---  -----  -----  -----  ----  -----  ----  ----  -----
    1   RB-1    
        Matrl:      0      0      0      3      3     0     0            6      6
        Labor:      0      0      0      0      0     0     0      0     0      0
               ------    ---  -----  -----  -----  ----  -----  ----  ----  -----
                    0      0      0      3      3     0     0      0     6      6 
    1   RB-2    
        Matrl:      0      0      0      3      3     0     0            6      6
        Labor:      0      0      0      0      0     0     0      0     0      0
               ------    ---  -----  -----  -----  ----  -----  ----  ----  -----
                    0      0      0      3      3     0     0      0     6      6 
    1   RB-3    
        Matrl:      0      0      0      3      3     0     0            6      6
        Labor:      0      0      0      0      0     0     0      0     0      0
               ------    ---  -----  -----  -----  ----  -----  ----  ----  -----
                    0      0      0      3      3     0     0      0     6      6 
    1   RB-4    
        Matrl:      0      0      0      3      3     0     0            6      6
        Labor:      0      0      0      0      0     0     0      0     0      0
               ------    ---  -----  -----  -----  ----  -----  ----  ----  -----
                    0      0      0      3      3     0     0      0     6      6 
    1   RB-5    
        Matrl:      0      0      0      3      3     0     0            6      6
        Labor:      0      0      0      0      0     0     0      0     0      0
               ------    ---  -----  -----  -----  ----  -----  ----  ----  -----
                    0      0      0      3      3     0     0      0     6      6 
    1   RB-6    
        Matrl:      0      0      0      3      3     0     0            6      6
        Labor:      0      0      0      0      0     0     0      0     0      0
               ------    ---  -----  -----  -----  ----  -----  ----  ----  -----
                    0      0      0      3      3     0     0      0     6      6 
    1   RB-7    
        Matrl:      0      0      0      3      3     0     0            7      7
        Labor:      0      0      0      0      0     0     0      0     0      0
               ------    ---  -----  -----  -----  ----  -----  ----  ----  -----
                    0      0      0      3      3     0     0      0     7      7 
    1   RB-8    
        Matrl:      0      0      0      3      3     0     0            7      7
        Labor:      0      0      0      0      0     0     0      0     0      0
               ------    ---  -----  -----  -----  ----  -----  ----  ----  -----
                    0      0      0      3      3     0     0      0     7      7 
    1   RB-9    
        Matrl:      0      0      0      3      3     0     0            6      6
        Labor:      0      0      0      0      0     0     0      0     0      0
               ------    ---  -----  -----  -----  ----  -----  ----  ----  -----
                    0      0      0      3      3     0     0      0     6      6 
    1   RB-10   
        Matrl:      0      0      0      3      3     0     0            6      6
        Labor:      0      0      0      0      0     0     0      0     0      0
               ------    ---  -----  -----  -----  ----  -----  ----  ----  -----
                    0      0      0      3      3     0     0      0     6      6 
    1   RB-11   
        Matrl:      0      0      0      3      3     0     0            6      6
        Labor:      0      0      0      0      0     0     0      0     0      0
               ------    ---  -----  -----  -----  ----  -----  ----  ----  -----
                    0      0      0      3      3     0     0      0     6      6 
    1   RB-12   
        Matrl:      0      0      0      3      3     0     0            6      6
        Labor:      0      0      0      0      0     0     0      0     0      0
               ------    ---  -----  -----  -----  ----  -----  ----  ----  -----
                    0      0      0      3      3     0     0      0     6      6 
 

 PLATE COST:
 -----------
  Piece  -------------Plate-------------        Material    Labor   Surface
  Mark   Mark  Part      Length   Weight  Qty       Cost     Cost  Treatment  File     Record    Adjust
  -----  ----  --------  ------   ------  ---   --------  -------  ---------  -------  --------  --------
  RB-1   WB1   W35b208   6045.0   232.80    1       0.01     0.01      0.00   DT_COST  W35b208           
  RB-1   ST3              250.0     1.06    2       1.57     0.00      0.00   EW_COST  FRAME     @$W/L(F)
  RB-1   ST2              250.0     1.06    2       1.57     0.00      0.00   EW_COST  FRAME     @$W/L(F)
  RB-1   WV4              125.4     0.99    1       0.73     0.00      0.00   EW_COST  FRAME     @$W/L(F)
  RB-1   WV1              125.4     0.99    1       0.73     0.00      0.00   EW_COST  FRAME     @$W/L(F)
  RB-1   cl-0  cl-001     150.0     1.13    1       0.84     0.00      0.00   EW_COST  FRAME     @$W/L(F)
  RB-1   cl-0  cl-001     150.0     1.13    1       0.84     0.00      0.00   EW_COST  FRAME     @$W/L(F)
  RB-2   WB1   W35b208   6045.0   232.80    1       0.01     0.01      0.00   DT_COST  W35b208           
  RB-2   ST2              250.0     1.06    2       1.57     0.00      0.00   EW_COST  FRAME     @$W/L(F)
  RB-2   ST3              250.0     1.06    2       1.57     0.00      0.00   EW_COST  FRAME     @$W/L(F)
  RB-2   WV1              125.4     0.99    1       0.73     0.00      0.00   EW_COST  FRAME     @$W/L(F)
  RB-2   WV4              125.4     0.99    1       0.73     0.00      0.00   EW_COST  FRAME     @$W/L(F)
  RB-2   cl-0  cl-001     150.0     1.13    1       0.84     0.00      0.00   EW_COST  FRAME     @$W/L(F)
  RB-2   cl-0  cl-001     150.0     1.13    1       0.84     0.00      0.00   EW_COST  FRAME     @$W/L(F)
  RB-3   WB1   W35b208   5980.0   230.30    1       0.01     0.01      0.00   DT_COST  W35b208           
  RB-3   ST3              250.0     1.06    2       1.57     0.00      0.00   EW_COST  FRAME     @$W/L(F)
  RB-3   ST2              250.0     1.06    2       1.57     0.00      0.00   EW_COST  FRAME     @$W/L(F)
  RB-3   WV4              125.4     0.99    1       0.73     0.00      0.00   EW_COST  FRAME     @$W/L(F)
  RB-3   WV1              125.4     0.99    1       0.73     0.00      0.00   EW_COST  FRAME     @$W/L(F)
  RB-3   cl-0  cl-001     150.0     1.13    1       0.84     0.00      0.00   EW_COST  FRAME     @$W/L(F)
  RB-3   cl-0  cl-001     150.0     1.13    1       0.84     0.00      0.00   EW_COST  FRAME     @$W/L(F)
  RB-4   WB1   W35b208   5980.0   230.30    1       0.01     0.01      0.00   DT_COST  W35b208           
  RB-4   ST2              250.0     1.06    2       1.57     0.00      0.00   EW_COST  FRAME     @$W/L(F)
  RB-4   ST3              250.0     1.06    2       1.57     0.00      0.00   EW_COST  FRAME     @$W/L(F)
  RB-4   WV1              125.4     0.99    1       0.73     0.00      0.00   EW_COST  FRAME     @$W/L(F)
  RB-4   WV4              125.4     0.99    1       0.73     0.00      0.00   EW_COST  FRAME     @$W/L(F)
  RB-4   cl-0  cl-001     150.0     1.13    1       0.84     0.00      0.00   EW_COST  FRAME     @$W/L(F)
  RB-4   cl-0  cl-001     150.0     1.13    1       0.84     0.00      0.00   EW_COST  FRAME     @$W/L(F)
  RB-5   WB1   W35b208   5720.0   220.28    1       0.01     0.01      0.00   DT_COST  W35b208           
  RB-5   ST3              250.0     1.06    2       1.57     0.00      0.00   EW_COST  FRAME     @$W/L(F)
  RB-5   ST2              250.0     1.06    2       1.57     0.00      0.00   EW_COST  FRAME     @$W/L(F)
  RB-5   WV4              125.4     0.99    1       0.73     0.00      0.00   EW_COST  FRAME     @$W/L(F)
  RB-5   WV1              125.4     0.99    1       0.73     0.00      0.00   EW_COST  FRAME     @$W/L(F)
  RB-5   cl-0  cl-001     150.0     1.13    1       0.84     0.00      0.00   EW_COST  FRAME     @$W/L(F)
  RB-5   cl-0  cl-001     150.0     1.13    1       0.84     0.00      0.00   EW_COST  FRAME     @$W/L(F)
  RB-6   WB1   W35b208   5720.0   220.28    1       0.01     0.01      0.00   DT_COST  W35b208           
  RB-6   ST2              250.0     1.06    2       1.57     0.00      0.00   EW_COST  FRAME     @$W/L(F)
  RB-6   ST3              250.0     1.06    2       1.57     0.00      0.00   EW_COST  FRAME     @$W/L(F)
  RB-6   WV1              125.4     0.99    1       0.73     0.00      0.00   EW_COST  FRAME     @$W/L(F)
  RB-6   WV4              125.4     0.99    1       0.73     0.00      0.00   EW_COST  FRAME     @$W/L(F)
  RB-6   cl-0  cl-001     150.0     1.13    1       0.84     0.00      0.00   EW_COST  FRAME     @$W/L(F)
  RB-6   cl-0  cl-001     150.0     1.13    1       0.84     0.00      0.00   EW_COST  FRAME     @$W/L(F)
  RB-7   WB1   W35b228   6220.0   258.82    1       0.01     0.01      0.00   DT_COST  W35b228           
  RB-7   ST3              250.0     1.18    2       1.74     0.00      0.00   EW_COST  FRAME     @$W/L(F)
  RB-7   ST2              250.0     1.18    2       1.74     0.00      0.00   EW_COST  FRAME     @$W/L(F)
  RB-7   WV4              125.4     0.99    1       0.73     0.00      0.00   EW_COST  FRAME     @$W/L(F)
  RB-7   WV1              125.4     0.99    1       0.73     0.00      0.00   EW_COST  FRAME     @$W/L(F)
  RB-7   cl-0  cl-001     150.0     1.13    1       0.84     0.00      0.00   EW_COST  FRAME     @$W/L(F)
  RB-7   cl-0  cl-001     150.0     1.13    1       0.84     0.00      0.00   EW_COST  FRAME     @$W/L(F)
  RB-8   WB1   W35b228   6220.0   258.82    1       0.01     0.01      0.00   DT_COST  W35b228           
  RB-8   ST2              250.0     1.18    2       1.74     0.00      0.00   EW_COST  FRAME     @$W/L(F)
  RB-8   ST3              250.0     1.18    2       1.74     0.00      0.00   EW_COST  FRAME     @$W/L(F)
  RB-8   WV1              125.4     0.99    1       0.73     0.00      0.00   EW_COST  FRAME     @$W/L(F)
  RB-8   WV4              125.4     0.99    1       0.73     0.00      0.00   EW_COST  FRAME     @$W/L(F)
  RB-8   cl-0  cl-001     150.0     1.13    1       0.84     0.00      0.00   EW_COST  FRAME     @$W/L(F)
  RB-8   cl-0  cl-001     150.0     1.13    1       0.84     0.00      0.00   EW_COST  FRAME     @$W/L(F)
  RB-9   WB1   W35b208   5860.0   225.67    1       0.01     0.01      0.00   DT_COST  W35b208           
  RB-9   ST3              250.0     1.06    2       1.57     0.00      0.00   EW_COST  FRAME     @$W/L(F)
  RB-9   ST2              250.0     1.06    2       1.57     0.00      0.00   EW_COST  FRAME     @$W/L(F)
  RB-9   WV4              125.4     0.99    1       0.73     0.00      0.00   EW_COST  FRAME     @$W/L(F)
  RB-9   WV1              125.4     0.99    1       0.73     0.00      0.00   EW_COST  FRAME     @$W/L(F)
  RB-9   cl-0  cl-001     150.0     1.13    1       0.84     0.00      0.00   EW_COST  FRAME     @$W/L(F)
  RB-9   cl-0  cl-001     150.0     1.13    1       0.84     0.00      0.00   EW_COST  FRAME     @$W/L(F)
  RB-10  WB1   W35b208   5860.0   225.67    1       0.01     0.01      0.00   DT_COST  W35b208           
  RB-10  ST2              250.0     1.06    2       1.57     0.00      0.00   EW_COST  FRAME     @$W/L(F)
  RB-10  ST3              250.0     1.06    2       1.57     0.00      0.00   EW_COST  FRAME     @$W/L(F)
  RB-10  WV1              125.4     0.99    1       0.73     0.00      0.00   EW_COST  FRAME     @$W/L(F)
  RB-10  WV4              125.4     0.99    1       0.73     0.00      0.00   EW_COST  FRAME     @$W/L(F)
  RB-10  cl-0  cl-001     150.0     1.13    1       0.84     0.00      0.00   EW_COST  FRAME     @$W/L(F)
  RB-10  cl-0  cl-001     150.0     1.13    1       0.84     0.00      0.00   EW_COST  FRAME     @$W/L(F)
  RB-11  WB1   W35b208   6095.0   234.73    1       0.01     0.01      0.00   DT_COST  W35b208           
  RB-11  ST3              250.0     1.06    2       1.57     0.00      0.00   EW_COST  FRAME     @$W/L(F)
  RB-11  ST2              250.0     1.06    2       1.57     0.00      0.00   EW_COST  FRAME     @$W/L(F)
  RB-11  WV4              125.4     0.99    1       0.73     0.00      0.00   EW_COST  FRAME     @$W/L(F)
  RB-11  WV1              125.4     0.99    1       0.73     0.00      0.00   EW_COST  FRAME     @$W/L(F)
  RB-11  cl-0  cl-001     150.0     1.13    1       0.84     0.00      0.00   EW_COST  FRAME     @$W/L(F)
  RB-11  cl-0  cl-001     150.0     1.13    1       0.84     0.00      0.00   EW_COST  FRAME     @$W/L(F)
  RB-12  WB1   W35b208   6095.0   234.73    1       0.01     0.01      0.00   DT_COST  W35b208           
  RB-12  ST2              250.0     1.06    2       1.57     0.00      0.00   EW_COST  FRAME     @$W/L(F)
  RB-12  ST3              250.0     1.06    2       1.57     0.00      0.00   EW_COST  FRAME     @$W/L(F)
  RB-12  WV1              125.4     0.99    1       0.73     0.00      0.00   EW_COST  FRAME     @$W/L(F)
  RB-12  WV4              125.4     0.99    1       0.73     0.00      0.00   EW_COST  FRAME     @$W/L(F)
  RB-12  cl-0  cl-001     150.0     1.13    1       0.84     0.00      0.00   EW_COST  FRAME     @$W/L(F)
  RB-12  cl-0  cl-001     150.0     1.13    1       0.84     0.00      0.00   EW_COST  FRAME     @$W/L(F)

================================================================================
 C323-153            Warning Summary                        23/JUL/2025 11:21am
================================================================================


                   .. No Warnings
