================================================================================
 C323-153            Detail Warning Summary                 23/JUL/2025 11:22am
================================================================================

 ENDWALL
 -------
     No Warnings!

 EXTENSIONS
 ----------
     No Warnings!

 RIGID FRAME #1
 --------------
     CONFLICT
       SPLICE
         WRN(RFD-001): Purlin\Girt Near Splice

 RIGID FRAME #2
 --------------
     CONFLICT
       SPLICE
         WRN(RFD-001): Purlin\Girt Near Splice

 CRANE SYSTEM
 ------------
     No Warnings!

 WIND FRAMING
 ------------
     No Warnings!

 BOM
 ---
   INPUT
   -----
         WRN(AB-105) : No anchor bolt record for diameter
           16.00                                             

   OUTPUT
   ------
     No Warnings!
