================================================================================
 C323-153            PLATE SUMMARY REPORT                   23/JUL/2025 11:22am
================================================================================

 ----------
 BAR STOCK:
 ----------
                                          Surface
   Width  Thickness    Length    Weight      Area
    (mm)     (mm)        (mm)      (kg)     (cm2)
   -----  ---------  --------   -------  --------
    60.0     6.00     15280.0      43.9     20170   
    70.0     6.00     35400.0     118.9     53808   
    90.0     6.00     10000.0      42.4     19200   
   100.0     6.00      2000.0       9.4      4240   
   120.0     8.00      3600.0      27.1      9216   
   125.0     5.00    212137.8    1059.9    551558   
   125.0     6.00     49269.4     295.6    129086   
   125.0     8.00     34477.5     275.8     91710   
   140.0     6.00     16800.0     112.9     49056   
   150.0     5.00    103074.1     613.4    319530   
   150.0     6.00    209397.6    1507.7    653321   
   150.0    10.00      4920.0      58.5     15744   
   200.0     8.00    118800.0    1478.8    494208   
   200.0    16.00     62732.7    1604.1    271005   
   225.0     8.00     36234.0     511.8    168850   
   300.0     8.00      2100.0      39.6     12936   
                                -------  --------
                      Total =    7799.9   2863638 

 ----------------
 WEB PLATE STOCK:
 ----------------
                                   Surface
   Thickness    Area     Weight       Area
      (mm)     (cm2)       (kg)      (cm2)
   ---------  ------     ------   --------
      4.00    561819     1765.5    1123638   
      5.00   1039106     4081.7    2078213   
                         ------   --------
      Total =            5847.1    3201850 

 -----------------
 MISC PLATE STOCK:
 -----------------
                                              Surface
   Width   Thickness    Length   Weight          Area
    (mm)      (mm)        (mm)     (kg)         (cm2)
   -----   ---------  --------   ------     ---------
     396      4.00       214.0      2.7          1697                 
      75      5.00     11100.0     33.3         16650                 
     120      5.00     13634.3     64.8         32722                 
     151      5.00      2870.0     17.0          8656                 
     200      5.00      3009.6     23.6         12038                 
     230      5.00      1610.0     14.8          7406                 
     304      5.00      2471.0     30.0         15014                 
     350      5.00      5677.0     79.5         39739                 
     364      5.00      3206.0     46.7         23367                 
     144      5.00     11599.6     65.8         33511                 
     196     10.00      1020.5     16.0          3996                 
     197     10.00      1029.0     16.2          4054                 
     197     10.00      1029.0     16.2          4054                 
     196     10.00      1020.5     16.0          3996                 
                                 ------     ---------
        Total =                   442.6        206902 

 ----------------------
 INDIVIDUAL WEB PLATES:
 ----------------------
                                   -----Width-----
             Thickness    Length     Wide   Narrow
   Quantity     (mm)        (mm)     (mm)     (mm)
   --------  ---------   -------   ------   ------
       1        4.00     1984.50   396.40   198.94   
       1        4.00     2424.50   440.40   198.94   
      10        4.00     3430.87   600.50   251.63   
       4        4.00     4209.78   400.50   300.47   
       4        4.00     4273.10   300.00   300.00   
       2        4.00     5052.83   552.75   552.75   
      10        4.00     6827.96   450.00   250.47   
 
      10        5.00      799.01   600.50   520.60   
      10        5.00     3415.38   700.00   700.00   
       4        5.00     3617.38   700.00   700.00   
      14        5.00     4000.00   700.00   400.00   
       2        5.00     5720.00   350.00   350.00   
       1        5.00     5779.00   300.00   300.00   
       2        5.00     5860.00   350.00   350.00   
       2        5.00     5980.00   350.00   350.00   
       2        5.00     6045.00   350.00   350.00   
       2        5.00     6095.00   350.00   350.00   
       2        5.00     6220.00   350.00   350.00   
       2        5.00     8497.70   400.00   400.00   

 -------
 PLATES:
 -------
                                   Surface
   Thick       Area     Weight        Area
    (mm)      (cm2)       (kg)       (cm2)
  ------    -------    -------   ---------
    4.00     562667     1768.1     1125334
    5.00    1569203     6130.5     3138405
    6.00     464440     2130.9      928880
    8.00     388460     2333.2      776920
   10.00      15923      122.9       31845
   16.00     135503     1604.0      271005
                       -------   --------
                       14089.7     6272391

 -------------------
 HOT ROLLED MEMBERS:
 -------------------
                                    Total             Surface
                        Length     Length   Weight       Area
 Part       Quantity      (mm)       (mm)     (kg)      (cm2)
 ---------- --------  --------   --------   ------   --------
 T80x32         2       5565.0    11130.0     83.6      35616    
 T80x32         2       5685.0    11370.0     85.4      36384    
                                            ------   --------
                     Total =                 169.0      72000

 --------------------
 COLD FORMED MEMBERS:
 --------------------
              Flange            Total    Total     Surface   Blank
       Depth   Width  Thick    Length   Weight        Area   Width
 Type   (mm)    (mm)             (mm)     (kg)       (cm2)    (mm)
 ----  -----  ------  -----  --------  -------    --------  ------
   C  200.00   60.00  2.00     8960.0     48.6       61824  345.00    
   Z  200.00   60.00  1.50    1039515   4220.4     7172642  345.00    
   Z  200.00   60.00  1.80   236284.5   1150.7     1630361  345.00    
   Z  200.00   60.00  2.50    24470.0    165.7      168842  345.00    
   Z  250.00   80.00  1.80    11435.0     72.6      102661  448.89    
   Z  250.00   80.00  2.50    22860.0    200.7      204276  446.80    
                                       -------    --------
                 Cold Formed Total =    5858.7     9340606

 -------
 PANELS:
 -------
                                            Total     Total     Surface
                                  Width    Length    Weight        Area
  Part       Type  Thick  Color    (mm)      (mm)      (kg)       (cm2)
  --------   ----- -----  -----  ------  --------   -------    --------
  45250 .5   4525  0.50    A2    1000.0  709558.7    3398.8     7095586  
  45250 .5   4525  0.50    A3    1000.0  886083.6    4244.3     8860835  
                                                    -------    --------
                   Panel Total =                     7643.1    15956422

 -----
 TRIM:
 -----

                            Total    Total      Surface
                 Width     Length   Weight         Area
   Thick  Color   (mm)       (mm)     (kg)        (cm2)
   -----  -----  -----    -------   ------      -------
   0.40    --   501.65   179200.0    281.3      1795656    
   0.40    --   531.81      600.0      1.0         6385    
   0.40    --   601.66    78400.0    147.7       942914    
   0.40    --  1368.42    22400.0     96.0       612866    
   0.40    --  6381.75      100.0      2.0        12764    
   0.40    A3   301.63    16800.0     15.8       101122    
   0.40    A3  2279.65    42700.1    305.0      1947067    
   0.40    HA   301.63   128800.0    121.4       775270    
   0.40    HA   317.50   128800.0    128.3       819333    
   0.40    HA   400.05    16800.0     21.1       134641    
   0.50    HA   215.00       50.0      0.0          213    
   2.00    HA   152.40       50.0      0.1          153    
   2.00    HA   600.08     6000.0     56.5        71981    
                                    ------      -------
                Trim Total =        1176.4      7220366

 ------
 ANGLE:
 ------
                            Total    Total      Surface
                           Length   Weight         Area
  Part         Thick         (mm)     (kg)        (cm2)
  --------     -----      -------   ------      -------
  L100X8       8.00        2472.0     30.2         9597   
  L40X40X4     4.00       83075.3    201.0       127918   
  L75X100      2.00       54000.0    169.6       215943   
  L75X6        6.00       27245.1    186.6        79187   
  SROD12      12.00      233326.4    252.0        53460   
  SROD12      12.00      297746.3    145.0        30775   
                                    ------      -------
                Angle Total =        984.4       516880

 --------
 BRACING:
 --------
                            Total    Total      Surface
                 Dia       Length   Weight         Area
  Part          (mm)         (mm)     (kg)        (cm2)
  --------     -----      -------   ------      -------
  ROD20        20.00     240280.0    592.5       150973   
                                    ------      -------
                Bracing Total =      592.5       150973

 -----
 BOLTS:
 -----
            Bolt       Dia   Length             Total
  Part      Type      (mm)     (mm)     Quan   Weight
  --------  -----    -----   ------   ------   ------
  AB20      A36      20.00   624.99      120    202.8   
  H12X50    Gr8.8    12.00    50.01      767     37.6   
  H16X70    Gr8.8    16.00    70.00       21      3.0   
  H20X90    Gr8.8    20.00    89.99      534    163.4   
  M12X50    Gr8.8    12.00    50.01      983     51.8   

 ------
 SCREWS:
 ------
                   Length             Total
  Part      Color    (mm)     Quan   Weight
  --------  -----  ------   ------   ------
  12x20SDS    --    20.00      400      2.7                   No. 10-12X20 SDS
  12x20SDS    A2    20.00     1600     10.9                   No. 10-12X20 SDS
  12x20SDS    A3    20.00     2400     16.3                   No. 10-12X20 SDS
  12x20SDS    HA    20.00     1200      8.2                   No. 10-12X20 SDS
  14x20SDS    A2    20.00     3600     24.5                   No. 12-14x20 SDS
  14x55SDS    A3    55.00     3200     21.8                   No. 12-14x55 SDS
  Rivet       --    11.00      200      1.4                   Pop Rivet
  Rivet       A3    11.00      400      2.7                   Pop Rivet
  Rivet       HA    11.00      100      0.7                   Pop Rivet

 ------
 WELDS:
 ------

                         Web-Flange   -------Hand_Weld--------
                  Size      Fillet     Fillet   Groove    Butt
  Member Type     (mm)        (mm)       (mm)     (mm)    (mm)
  ------------   -----   ----------   -------  -------  ------
  Welded Plate    0.00           0       2560        0       0
                  3.00           0        596        0       0
                  4.00      712591     425203     1250   15805
                  5.00           0       3000        0       0
                  6.00           0      13657        0    3350
                  8.00           0       8400        0       0
