 
 
 
 
                          Sivoko Steel Structures Ltd.
                                  Comm.7,Tema
                              Ghana (West Africa)
 
 
 
 
                    REACTIONS, ANCHOR BOLTS, & BASE PLATES
                                      FOR
 
 
 
 
 
 
 
                               Proposed Warehouse
                               Proposed Warehouse
 
                                    C323-153
 
 
 
 
                                 BUILDING LAYOUT
                        Width              (mm)=  22470
                        Length             (mm)=  36270
                        Eave Height        (mm)=   8170/  8170
                        Roof Slope   (rise/100)= 10.00/10.00
 
                                 BUILDING LOADS
                        Roof Dead Load  (kN/m2)=  0.10
                        Wall Dead Load
                          Left  Endwall (kN/m2)=  0.10
                          Right Endwall (kN/m2)=  0.10
                          Front Sidewall(kN/m2)=  0.10
                          Back  Sidewall(kN/m2)=  0.10
                        Live Load       (kN/m2)=  0.57
                        Collateral Load (kN/m2)=  0.05
                        Wind Speed       (m/s )=  39.0
                        Wind Code              = MBMA10
                        Exposure               = B
                        Closure                = Enclosed
                        Internal Wind Coeff    = -0.18, +0.18
                        Risk Category          = -
                        Importance - Wind      =  1.00
                        Importance - Seismic   =  1.00
                        Seismic Design Category= B
                        Seismic Coeff (Sms)    =  0.16
                        Temperature Change     =   20
                        -------------------------------
                        Designer : VVJ
                        Detailer :
 
 
 
 
                                     23/JUL/2025



================================================================================
 C323-153            Reactions, Anchor Bolts, & Base Plates:23/JUL/2025 11:20am
================================================================================

 -----  -----   -----Foundation_Loads(kN)-----   ---------   -----------------
 Frame  Col      Max_Pos_Val     Max_Neg_Val     Anc._Bolt      Base_Plate 
 Line   Line    Id  Horz  Vert  Id  Horz  Vert   No.  Diam   Width   Len Thick
 -----  ------  -- ----- -----  -- ----- -----   --- -----   ----- ----- -----
 1*     C       Moment connection, see below.     8   20.0   200.0 706.0  16.0 
 1*     A       Moment connection, see below.     8   20.0   200.0 706.0  16.0 
 1*     B       16  32.3 -38.1  17 -27.7 -38.2    4   20.0   200.0 450.0  16.0 
                 9   0.0  51.4   8   0.0 -28.2                                 
 -----  ------  -- ----- -----  -- ----- -----   --- -----   ----- ----- -----
 2*     C       Moment connection, see below.     8   20.0   200.0 706.0  16.0 
 2*     A       Moment connection, see below.     8   20.0   200.0 706.0  16.0 

 Rigid Frame Reactions Frame Lines :1  7  
 --------------------------------------------------

 Load  -----Left_Column------- -----Right_Column------
  Id   Fx(kN) Fy(kN) Mom(kN-m) Fx(kN) Fy(kN) Mom(kN-m)
 ----  ------ ------ --------- ------ ------ ---------
   1     14.0   61.1     -25.0    7.1   12.1     -20.1
   2    -19.7  -13.5      41.5   -6.8   -0.2      23.2
   3      9.7   68.8     -13.1   -1.9   26.4       0.4
   4    -16.2  -20.9      38.2  -10.2   -7.5      26.5
   5      6.8   -0.2     -23.3   19.7  -13.5     -41.5
   6     -7.1   53.7      46.3  -14.0   19.5      51.1
   7      1.6   26.3       3.1   -9.4   68.9      15.6
   8     10.3   -7.5     -26.6   16.2  -20.9     -38.2
   9      7.1   28.3     -11.9   -7.1   28.3      11.9
  11      5.4  -17.9      -8.7   -4.8  -12.9      -0.4
  13      4.8  -12.9       0.3   -5.4  -17.9       8.7
  18      1.8    9.1      -2.8   -1.8    9.1       2.8
  19      1.8    9.1      -2.8   -1.8    9.1       2.8
  20      1.8    9.1      -2.8   -1.8    9.1       2.8
  21      1.8    9.1      -2.8   -1.8    9.1       2.8
  22      1.3    7.5      -2.0   -1.3    7.5       2.0
  23      1.8    9.1      -2.8   -1.8    9.1       2.8
  24      1.8    9.1      -2.8   -1.8    9.1       2.8
  25      1.8    9.1      -2.8   -1.8    9.1       2.8
  26     -7.0    4.5      19.9  -12.8   14.5      28.6
  27     12.8   14.6     -28.6    7.0    4.5     -19.9
  28     -9.6   10.0      22.4  -10.2   20.0      26.2
  29     10.2   20.0     -26.1    9.6   10.0     -22.4
  30      9.2    6.7     -15.3   -8.8   10.5       8.5
  31      8.8   10.5      -8.4   -9.2    6.7      15.3
  32      6.6   12.2     -12.8   -6.2   16.0       6.0
  33      6.2   16.0      -5.9   -6.6   12.2      12.8
  34    -11.0   -9.9      26.7   -8.9    0.2      21.8
  35    -11.0   -9.9      26.7   -8.9    0.2      21.8
  36    -11.0   -9.9      26.7   -8.9    0.2      21.8
  37      8.9    0.2     -21.9   11.0   -9.8     -26.7
  38      8.9    0.2     -21.9   11.0   -9.8     -26.7
  39      8.9    0.2     -21.9   11.0   -9.8     -26.7
  40    -13.6   -4.4      29.2   -6.3    5.7      19.3
  41    -13.6   -4.4      29.2   -6.3    5.7      19.3
  42    -13.6   -4.4      29.2   -6.3    5.7      19.3
  43      6.3    5.7     -19.4   13.6   -4.4     -29.2
  44      6.3    5.7     -19.4   13.6   -4.4     -29.2
  45      6.3    5.7     -19.4   13.6   -4.4     -29.2
  46      3.8   -0.9      -6.2   -3.6    1.3       2.1
  47      3.6    1.3      -2.1   -3.8   -0.9       6.2
  48      3.8   -0.9      -6.2   -3.6    1.3       2.1
  49      3.6    1.3      -2.1   -3.8   -0.9       6.2
  50      3.8   -0.9      -6.2   -3.6    1.3       2.1
  51      3.6    1.3      -2.1   -3.8   -0.9       6.2
  52      2.3    2.4      -4.7   -2.0    4.6       0.6
  53      2.0    4.6      -0.6   -2.3    2.4       4.7
  54      2.3    2.4      -4.7   -2.0    4.6       0.6
  55      2.0    4.6      -0.6   -2.3    2.4       4.7
  56      2.3    2.4      -4.7   -2.0    4.6       0.6
  57      2.0    4.6      -0.6   -2.3    2.4       4.7
  58      1.9  -10.6      -5.4   -1.4   -5.6      -3.7
  59      1.4   -5.6       3.7   -1.9  -10.6       5.4
  60      0.9    9.1       2.9   -2.7    9.4       8.6
  61      2.7    9.4      -8.6   -0.9    9.1      -2.9
  62      5.1   23.5      -5.4   -6.4   23.7      13.9
  63      6.4   23.7     -13.9   -5.1   23.5       5.4
  64      1.1    9.1       1.4   -2.4    9.3       7.1
  65      2.4    9.3      -7.1   -1.1    9.1      -1.4
  66     -0.2    4.3       4.5   -1.7    4.5       6.9
  67      1.7    4.5      -6.9    0.2    4.3      -4.5
  68      1.8    9.2      -2.9   -1.8    9.2       2.9
  69      5.7   23.6      -9.6   -5.7   23.6       9.7
  70      1.8    9.2      -2.9   -1.8    9.2       2.9
  71      0.8    4.4      -1.2   -0.8    4.4       1.2
  72      1.9   68.1      25.8   -9.7   27.1      39.3
  73      9.4   27.0     -35.8   -1.6   68.2     -23.3
  74     -8.8   57.4      47.9  -12.2   23.1      49.5
  75     12.2   64.8     -23.4    8.8   15.7     -21.8
  76     -7.4   11.9      23.6  -13.6   61.2      27.4
  77     -9.2   15.6      25.3  -11.9   64.9      25.8
  78     13.6   19.4     -47.7    7.4   53.8     -43.8
  79     11.9   23.0     -46.0    9.1   57.5     -45.5
  80      4.4   30.4      13.5   -4.4    7.1      28.3
  81      4.4    7.1     -28.2   -4.4   30.4     -13.5
  82      2.1    7.8      -6.9   -2.1    7.8       6.9
  83      0.4    7.1       2.9   -0.4    7.1      -2.9
  84      6.4   23.8     -13.3   -6.4   23.8      13.3
  85      5.1   23.3      -5.9   -5.1   23.3       6.0
  86      2.4    9.4      -6.5   -2.4    9.4       6.5
  87      2.4    9.4      -6.5   -2.4    9.4       6.5
  88      2.4    9.4      -6.5   -2.4    9.4       6.5
  89      1.1    8.9       0.8   -1.1    8.9      -0.8
  90      1.1    8.9       0.8   -1.1    8.9      -0.8
  91      1.1    8.9       0.8   -1.1    8.9      -0.8

 Rigid Frame Reactions Frame Lines :2  3  4  5  6  
 --------------------------------------------------

 Load  -----Left_Column------- -----Right_Column------
  Id   Fx(kN) Fy(kN) Mom(kN-m) Fx(kN) Fy(kN) Mom(kN-m)
 ----  ------ ------ --------- ------ ------ ---------
   2    -23.9  -10.6      54.5   -3.1   -1.5      18.0
   4    -23.3  -24.2      61.1   -3.7  -15.0      11.2
   5      3.1   -1.5     -18.2   23.9  -10.6     -54.6
   8      3.7  -15.1     -11.5   23.3  -24.1     -61.4
   9     31.6   54.4     -70.6  -31.6   54.4      71.4
  10     15.9   78.7     -27.3   -7.9   35.1      14.5
  11     -6.4  -46.1      19.6    7.0  -41.3     -29.2
  12      7.5   35.0     -10.9  -15.5   78.8      30.0
  13     -7.0  -41.0      28.8    6.4  -46.5     -20.0
  18      7.8   15.6     -17.4   -7.8   15.6      17.6
  19      7.8   15.6     -17.4   -7.8   15.6      17.6
  20      7.8   15.6     -17.4   -7.8   15.6      17.6
  21      7.8   15.6     -17.4   -7.8   15.6      17.6
  22      5.8   12.2     -12.7   -5.8   12.2      12.9
  23      7.8   15.6     -17.4   -7.8   15.6      17.6
  24      7.8   15.6     -17.4   -7.8   15.6      17.6
  25      7.8   15.6     -17.4   -7.8   15.6      17.6
  26      5.5   21.1      -5.7  -25.8   27.9      60.5
  27     25.8   27.9     -60.2   -5.5   21.1       6.1
  28      5.1   31.3     -10.7  -25.4   38.1      65.7
  29     25.4   38.1     -65.2   -5.1   31.3      11.2
  30     18.2    4.6     -36.9  -17.8    8.2      30.3
  31     17.8    8.5     -29.9  -18.2    4.3      37.2
  32     19.9   14.8     -44.7  -19.5   18.4      38.2
  33     19.5   18.7     -37.8  -19.9   14.5      45.1
  34    -12.3   -8.0      34.1   -8.0   -1.2      20.2
  35    -12.3   -8.0      34.1   -8.0   -1.2      20.2
  36    -12.3   -8.0      34.1   -8.0   -1.2      20.2
  37      8.1   -1.2     -20.3   12.3   -8.0     -34.3
  38      8.1   -1.2     -20.3   12.3   -8.0     -34.3
  39      8.1   -1.2     -20.3   12.3   -8.0     -34.3
  40    -12.7    2.2      29.2   -7.6    9.0      25.4
  41    -12.7    2.2      29.2   -7.6    9.0      25.4
  42    -12.7    2.2      29.2   -7.6    9.0      25.4
  43      7.6    9.0     -25.3   12.7    2.2     -29.1
  44      7.6    9.0     -25.3   12.7    2.2     -29.1
  45      7.6    9.0     -25.3   12.7    2.2     -29.1
  46      3.4   -8.4      -5.2   -3.2   -6.3       1.0
  47      3.2   -6.1      -1.0   -3.4   -8.6       5.2
  48      3.4   -8.4      -5.2   -3.2   -6.3       1.0
  49      3.2   -6.1      -1.0   -3.4   -8.6       5.2
  50      3.4   -8.4      -5.2   -3.2   -6.3       1.0
  51      3.2   -6.1      -1.0   -3.4   -8.6       5.2
  52      4.4   -2.3      -9.9   -4.2   -0.2       5.8
  53      4.2    0.0      -5.7   -4.4   -2.5       9.9
  54      4.4   -2.3      -9.9   -4.2   -0.2       5.8
  55      4.2    0.0      -5.7   -4.4   -2.5       9.9
  56      4.4   -2.3      -9.9   -4.2   -0.2       5.8
  57      4.2    0.0      -5.7   -4.4   -2.5       9.9
  58     -4.2  -32.6       9.1    4.7  -27.8     -18.6
  59     -4.7  -27.4      18.4    4.2  -32.9      -9.4
  60      7.1   15.6     -12.6   -8.8   15.9      22.8
  61      8.8   15.9     -22.6   -7.1   15.6      12.8
  62     25.1   44.8     -53.7  -26.3   44.9      61.8
  63     26.3   45.0     -61.2  -25.1   44.7      54.4
  64      7.3   15.7     -13.9   -8.6   15.9      21.5
  65      8.6   15.9     -21.3   -7.3   15.7      14.1
  66      2.5    7.1      -2.5   -4.2    7.3      12.6
  67      4.2    7.3     -12.5   -2.5    7.0       2.6
  68      7.9   14.4     -17.6   -7.9   14.4      17.8
  69     25.7   43.9     -57.4  -25.7   43.8      58.1
  70      7.9   14.8     -17.6   -7.9   14.7      17.8
  71      3.4    5.8      -7.5   -3.4    5.8       7.6
  82      6.3   12.2     -16.7   -6.3   12.2      16.9
  83      5.2   12.2      -8.7   -5.2   12.2       8.9
  84     26.0   44.7     -60.3  -26.0   44.7      60.9
  85     25.2   44.7     -54.3  -25.2   44.7      55.0
  86      8.2   15.6     -20.4   -8.2   15.6      20.6
  87      8.2   15.6     -20.4   -8.2   15.6      20.6
  88      8.2   15.6     -20.4   -8.2   15.6      20.6
  89      7.5   15.6     -14.4   -7.5   15.6      14.6
  90      7.5   15.6     -14.4   -7.5   15.6      14.6
  91      7.5   15.6     -14.4   -7.5   15.6      14.6
  92      7.9   77.7      10.8  -15.9   36.1      52.7
  93     15.5   36.0     -49.0   -7.5   77.8      -8.1
  94     -7.6   58.6      49.9  -13.9   21.5      49.6
  95     -7.9   65.4      46.5  -13.6   28.2      53.1
  96     13.9   64.0     -24.5    7.6   16.0     -24.8
  97     13.6   70.8     -27.9    7.9   22.8     -21.4
  98     -7.9   15.9      28.2  -13.6   64.2      27.0
  99     -8.2   22.7      24.9  -13.3   70.9      30.4
 100     13.6   21.3     -46.2    7.9   58.7     -47.5
 101     13.3   28.1     -49.6    8.2   65.5     -44.0


 -----------------------------------------------------------------------------
 1*   Frame Lines:1 7  
 2*   Frame Lines:2 3 4 5 6  

 LOAD COMBINATIONS:
 ------------------
     Id   Combination
   ----   ------------------------------
      1   Dead+Wind_Right1/2+F1CRANEA2
      2   0.6Dead+Wind_Left2
      3   Dead+Collateral+F1CRANEA2
      4   0.6Dead+Wind_Left1
      5   0.6Dead+Wind_Right2
      6   Dead+Wind_Left1/2+F1CRANEA1
      7   Dead+Collateral+F1CRANEA3
      8   0.6Dead+Wind_Right1
      9   Dead+Collateral+Live
     10   Dead+Collateral+F2CRANEA2
     11   0.6Dead+Wind_Long1L+LWIND1_L2E
     12   Dead+Collateral+F2CRANEA3
     13   0.6Dead+Wind_Long1L+LWIND1_R2E
     14   0.6Dead+Wind_Right2+Wind_Suction
     15   0.6Dead+Wind_Pressure+Wind_Long2L
     16   0.6Dead+Wind_Right1+Wind_Suction
     17   0.6Dead+Wind_Pressure+Wind_Long1L
     18   Dead+Collateral+Floor_Live
     19   Dead+Collateral+Snow
     20   Dead+Collateral+Snow+Snow_Drift
     21   Dead+Collateral+Snow+Slide_Snow
     22   Dead
     23   Dead+Collateral+0.75Snow+0.75Floor_Live
     24   Dead+Collateral+0.75Snow+0.75Snow_Drift+0.75Floor_Live
     25   Dead+Collateral+0.75Snow+0.75Slide_Snow+0.75Floor_Live
     26   Dead+Collateral+0.75Live+0.75Wind_Left1+0.75Floor_Live
     27   Dead+Collateral+0.75Live+0.75Wind_Right1+0.75Floor_Live
     28   Dead+Collateral+0.75Live+0.75Wind_Left2+0.75Floor_Live
     29   Dead+Collateral+0.75Live+0.75Wind_Right2+0.75Floor_Live
     30   Dead+Collateral+0.75Live+0.75Wind_Long1L+0.75Floor_Live+0.75LWIND1_L2E
     31   Dead+Collateral+0.75Live+0.75Wind_Long1L+0.75Floor_Live+0.75LWIND1_R2E
     32   Dead+Collateral+0.75Live+0.75Wind_Long2L+0.75Floor_Live+0.75LWIND2_L2E
     33   Dead+Collateral+0.75Live+0.75Wind_Long2L+0.75Floor_Live+0.75LWIND2_R2E
     34   Dead+Collateral+0.75Snow+0.75Wind_Left1+0.75Floor_Live
     35   Dead+Collateral+0.75Snow+0.75Wind_Left1+0.75Snow_Drift+0.75Floor_Live
     36   Dead+Collateral+0.75Snow+0.75Wind_Left1+0.75Slide_Snow+0.75Floor_Live
     37   Dead+Collateral+0.75Snow+0.75Wind_Right1+0.75Floor_Live
     38   Dead+Collateral+0.75Snow+0.75Wind_Right1+0.75Snow_Drift+0.75Floor_Live
     39   Dead+Collateral+0.75Snow+0.75Wind_Right1+0.75Slide_Snow+0.75Floor_Live
     40   Dead+Collateral+0.75Snow+0.75Wind_Left2+0.75Floor_Live
     41   Dead+Collateral+0.75Snow+0.75Wind_Left2+0.75Snow_Drift+0.75Floor_Live
     42   Dead+Collateral+0.75Snow+0.75Wind_Left2+0.75Slide_Snow+0.75Floor_Live
     43   Dead+Collateral+0.75Snow+0.75Wind_Right2+0.75Floor_Live
     44   Dead+Collateral+0.75Snow+0.75Wind_Right2+0.75Snow_Drift+0.75Floor_Live
     45   Dead+Collateral+0.75Snow+0.75Wind_Right2+0.75Slide_Snow+0.75Floor_Live
     46   Dead+Collateral+0.75Snow+0.45Wind_Long1L+0.75Floor_Live+0.45LWIND1_L2E
     47   Dead+Collateral+0.75Snow+0.45Wind_Long1L+0.75Floor_Live+0.45LWIND1_R2E
     48   Dead+Collateral+0.75Snow+0.45Wind_Long1L+0.75Snow_Drift+0.75Floor_Live+0.45LWIND1_L2E
     49   Dead+Collateral+0.75Snow+0.45Wind_Long1L+0.75Snow_Drift+0.75Floor_Live+0.45LWIND1_R2E
     50   Dead+Collateral+0.75Snow+0.45Wind_Long1L+0.75Slide_Snow+0.75Floor_Live+0.45LWIND1_L2E
     51   Dead+Collateral+0.75Snow+0.45Wind_Long1L+0.75Slide_Snow+0.75Floor_Live+0.45LWIND1_R2E
     52   Dead+Collateral+0.75Snow+0.45Wind_Long2L+0.75Floor_Live+0.45LWIND2_L2E
     53   Dead+Collateral+0.75Snow+0.45Wind_Long2L+0.75Floor_Live+0.45LWIND2_R2E
     54   Dead+Collateral+0.75Snow+0.45Wind_Long2L+0.75Snow_Drift+0.75Floor_Live+0.45LWIND2_L2E
     55   Dead+Collateral+0.75Snow+0.45Wind_Long2L+0.75Snow_Drift+0.75Floor_Live+0.45LWIND2_R2E
     56   Dead+Collateral+0.75Snow+0.45Wind_Long2L+0.75Slide_Snow+0.75Floor_Live+0.45LWIND2_L2E
     57   Dead+Collateral+0.75Snow+0.45Wind_Long2L+0.75Slide_Snow+0.75Floor_Live+0.45LWIND2_R2E
     58   0.6Dead+Wind_Long2L+LWIND2_L2E
     59   0.6Dead+Wind_Long2L+LWIND2_R2E
     60   1.01Dead+1.01Collateral+0.7Seismic_Left
     61   1.01Dead+1.01Collateral+0.7Seismic_Right
     62   1.01Dead+1.01Collateral+0.75Live+0.52Seismic_Left+0.75Floor_Live
     63   1.01Dead+1.01Collateral+0.75Live+0.52Seismic_Right+0.75Floor_Live
     64   1.01Dead+1.01Collateral+0.52Seismic_Left+0.75Floor_Live
     65   1.01Dead+1.01Collateral+0.52Seismic_Right+0.75Floor_Live
     66   0.59Dead+0.7Seismic_Left
     67   0.59Dead+0.7Seismic_Right
     68   1.01Dead+1.01Collateral+0.7Seismic_LongL
     69   1.01Dead+1.01Collateral+0.75Live+0.52Seismic_LongL+0.75Floor_Live
     70   1.01Dead+1.01Collateral+0.52Seismic_LongL+0.75Floor_Live
     71   0.59Dead+0.7Seismic_LongL
     72   Dead+Collateral+F1CRANEA1
     73   Dead+Collateral+F1CRANEA4
     74   Dead+Wind_Left2/2+F1CRANEA1
     75   Dead+Wind_Right2/2+F1CRANEA2
     76   Dead+Wind_Left1/2+F1CRANEA3
     77   Dead+Wind_Left2/2+F1CRANEA3
     78   Dead+Wind_Right1/2+F1CRANEA4
     79   Dead+Wind_Right2/2+F1CRANEA4
     80   Dead+Collateral+F1PAT_LL_1
     81   Dead+Collateral+F1PAT_LL_2
     82   Dead+ 20Deg+Floor_Live
     83   Dead- 20Deg+Floor_Live
     84   Dead+Collateral+0.75Live+ 15Deg+0.75Floor_Live
     85   Dead+Collateral+0.75Live- 15Deg+0.75Floor_Live
     86   Dead+Collateral+0.75Snow+ 15Deg+0.75Floor_Live
     87   Dead+Collateral+0.75Snow+ 15Deg+0.75Snow_Drift+0.75Floor_Live
     88   Dead+Collateral+0.75Snow+ 15Deg+0.75Slide_Snow+0.75Floor_Live
     89   Dead+Collateral+0.75Snow- 15Deg+0.75Floor_Live
     90   Dead+Collateral+0.75Snow- 15Deg+0.75Snow_Drift+0.75Floor_Live
     91   Dead+Collateral+0.75Snow- 15Deg+0.75Slide_Snow+0.75Floor_Live
     92   Dead+Collateral+F2CRANEA1
     93   Dead+Collateral+F2CRANEA4
     94   Dead+Wind_Left1/2+F2CRANEA1
     95   Dead+Wind_Left2/2+F2CRANEA1
     96   Dead+Wind_Right1/2+F2CRANEA2
     97   Dead+Wind_Right2/2+F2CRANEA2
     98   Dead+Wind_Left1/2+F2CRANEA3
     99   Dead+Wind_Left2/2+F2CRANEA3
    100   Dead+Wind_Right1/2+F2CRANEA4
    101   Dead+Wind_Right2/2+F2CRANEA4


================================================================================
 C323-153            Bracing Reactions Report:              23/JUL/2025 11:20am
================================================================================



 BUILDING BRACING REACTIONS:
 ---------------------------
                        ----Reactions(+/-)(kN)----
  ----Wall---  Col      ----Wind----  --Seismic---  Panel_Shear(N/m  )
  Loc  Line    Line      Horz   Vert   Horz   Vert     Wind  Seismic    Notes
  ---- ------  -------  -----  -----  -----  -----   ------  -------    -----
  L_EW 1                                                                 (h)
 
  F_SW A       2  ,3    12.18  15.29   1.54   1.93                           
               5  ,6    12.18  15.60   1.54   1.97                           
 
  R_EW 7                                                                 (h)
 
  B_SW C       6  ,5    11.89  15.23   1.53   1.96                           
               3  ,2    11.89  14.92   1.53   1.92                           
 
  ---- ------  -------  -----  -----  -----  -----   ------  -------    -----
 
  (h)Rigid frame at endwall

  Reaction values for seismic shear force, Eh
  Reaction values shown are unfactored
  Maximum load combination factors are:
    Wind   : 1.00
    Seismic: 0.70


================================================================================
 C323-153            Additional Reactions Report:           23/JUL/2025 11:20am
================================================================================



                    Rigid Frame Column Reactions(kN,kN-m)
                    -------------------------------------


 Frame  Col     --------Dead-------  ----Collateral-----  --------Live-------
 Line   Line     Horz  Vert  Moment   Horz  Vert  Moment   Horz  Vert  Moment
 -----  ------  ----- ----- -------  ----- ----- -------  ----- ----- -------
 1*     C         1.3   7.5    -2.0    0.5   1.7    -0.8    5.3  19.2    -9.0
 1*     A        -1.3   7.5     2.0   -0.5   1.7     0.8   -5.3  19.2     9.1
 1*     B         0.0  11.1     0.0    0.0   3.3     0.0   -0.8  37.1     0.0

 Frame  Col     ----Wind_Left1-----  ----Wind_Right1----  ----Wind_Left2-----
 Line   Line     Horz  Vert  Moment   Horz  Vert  Moment   Horz  Vert  Moment
 -----  ------  ----- ----- -------  ----- ----- -------  ----- ----- -------
 1*     C       -17.0 -25.3    39.4    9.5 -12.0   -25.4  -20.5 -18.0    42.7
 1*     A        -9.5 -12.0    25.3   17.0 -25.3   -39.4   -6.0  -4.7    22.0
 1*     B         0.0 -34.8     0.0    0.0 -34.8     0.0    0.0 -23.0     0.0

 Frame  Col     ----Wind_Right2----  ----Wind_Press-----  -----Wind_Suct-----
 Line   Line     Horz  Vert  Moment   Horz  Vert  Moment   Horz  Vert  Moment
 -----  ------  ----- ----- -------  ----- ----- -------  ----- ----- -------
 1*     C         6.0  -4.7   -22.0    0.0   0.0     0.0    0.0   0.0     0.0
 1*     A        20.5 -18.0   -42.8    0.0   0.0     0.0    0.0   0.0     0.0
 1*     B         0.0 -23.1     0.0  -27.6   0.0     0.0   32.4   0.0     0.0

 Frame  Col     ----Wind_Long1-----  ----Wind_Long2-----  -----Seis_Left-----
 Line   Line     Horz  Vert  Moment   Horz  Vert  Moment   Horz  Vert  Moment
 -----  ------  ----- ----- -------  ----- ----- -------  ----- ----- -------
 1*     C         4.8 -17.3    -3.7    1.4 -10.0    -0.4   -1.3  -0.2     8.2
 1*     A        -4.8 -17.3     3.7   -1.4 -10.0     0.4   -1.3   0.2     8.2
 1*     B         0.0 -29.1     0.0    0.0 -17.4     0.0    0.0   0.0     0.0

 Frame  Col     ----Seis_Right-----  --------Temp-------  -----F1CRANEA1 ----
 Line   Line     Horz  Vert  Moment   Horz  Vert  Moment   Horz  Vert  Moment
 -----  ------  ----- ----- -------  ----- ----- -------  ----- ----- -------
 1*     C         1.3   0.2    -8.2    0.9   0.4    -4.9    0.1  58.9    28.6
 1*     A         1.3  -0.2    -8.2   -0.9   0.4     4.9   -7.9  18.0    36.4
 1*     B         0.0   0.0     0.0    0.0  -0.7     0.0    0.0  -0.7     0.0

 Frame  Col     -----F1CRANEA2 ----  -----F1CRANEA3 ----  -----F1CRANEA4 ----
 Line   Line     Horz  Vert  Moment   Horz  Vert  Moment   Horz  Vert  Moment
 -----  ------  ----- ----- -------  ----- ----- -------  ----- ----- -------
 1*     C         7.9  59.7   -10.3   -0.2  17.1     6.0    7.6  17.9   -32.9
 1*     A        -0.1  17.3    -2.5   -7.6  59.7    12.7    0.2  59.0   -26.2
 1*     B         0.0  -0.7     0.0    0.0  -0.6     0.0    0.0  -0.6     0.0

 Frame  Col     ----LWIND1_L2E ----  ----LWIND1_R2E ----  ----LWIND2_L2E ----
 Line   Line     Horz  Vert  Moment   Horz  Vert  Moment   Horz  Vert  Moment
 -----  ------  ----- ----- -------  ----- ----- -------  ----- ----- -------
 1*     C        -0.2  -5.1    -3.8   -0.8   0.0     5.3   -0.2  -5.1    -3.8
 1*     A         0.8   0.0    -5.3    0.2  -5.1     3.8    0.8   0.0    -5.3
 1*     B         0.0  -0.4     0.0    0.0  -0.4     0.0    0.0  -0.4     0.0

 Frame  Col     ----LWIND2_R2E ----  ----F1PAT_LL_1 ----  ----F1PAT_LL_2 ----
 Line   Line     Horz  Vert  Moment   Horz  Vert  Moment   Horz  Vert  Moment
 -----  ------  ----- ----- -------  ----- ----- -------  ----- ----- -------
 1*     C        -0.8   0.0     5.3    2.7  21.3    16.4    2.6  -2.1   -25.4
 1*     A         0.2  -5.1     3.8   -2.7  -2.1    25.4   -2.6  21.2   -16.4
 1*     B         0.0  -0.4     0.0    0.0  18.5     0.0    0.0  18.5     0.0
 ----------------------------------------------------------------------------


 Frame  Col     --------Dead-------  ----Collateral-----  --------Live-------
 Line   Line     Horz  Vert  Moment   Horz  Vert  Moment   Horz  Vert  Moment
 -----  ------  ----- ----- -------  ----- ----- -------  ----- ----- -------
 2*     C         5.8  12.2   -12.7    2.1   3.4    -4.7   23.7  38.8   -53.1
 2*     A        -5.8  12.2    12.9   -2.1   3.4     4.7  -23.7  38.8    53.8

 Frame  Col     ----Wind_Left1-----  ----Wind_Right1----  ----Wind_Left2-----
 Line   Line     Horz  Vert  Moment   Horz  Vert  Moment   Horz  Vert  Moment
 -----  ------  ----- ----- -------  ----- ----- -------  ----- ----- -------
 2*     C       -26.8 -31.5    68.7    0.3 -22.4    -3.9  -27.4 -17.9    62.1
 2*     A        -0.3 -22.4     3.5   26.8 -31.5   -69.2    0.3  -8.8    10.3

 Frame  Col     ----Wind_Right2----  ----Wind_Long1-----  ----Wind_Long2-----
 Line   Line     Horz  Vert  Moment   Horz  Vert  Moment   Horz  Vert  Moment
 -----  ------  ----- ----- -------  ----- ----- -------  ----- ----- -------
 2*     C        -0.3  -8.8   -10.5   -9.4 -48.1    30.5   -7.2 -34.5    20.1
 2*     A        27.4 -17.9   -62.3    9.4 -48.4   -31.0    7.2 -34.8   -20.4

 Frame  Col     -----Seis_Left-----  ----Seis_Right-----  -----Seis_Long-----
 Line   Line     Horz  Vert  Moment   Horz  Vert  Moment   Horz  Vert  Moment
 -----  ------  ----- ----- -------  ----- ----- -------  ----- ----- -------
 2*     C        -1.2  -0.2     7.1    1.2   0.2    -7.1    0.0  -2.0     0.0
 2*     A        -1.2   0.2     7.2    1.2  -0.2    -7.2    0.0  -2.0     0.0

 Frame  Col     --------Temp-------  -----F2CRANEA1 ----  -----F2CRANEA2 ----
 Line   Line     Horz  Vert  Moment   Horz  Vert  Moment   Horz  Vert  Moment
 -----  ------  ----- ----- -------  ----- ----- -------  ----- ----- -------
 2*     C         0.5   0.0    -4.0    0.0  62.1    28.2    8.0  63.0    -9.9
 2*     A        -0.5   0.0     4.0   -8.0  20.5    35.0    0.0  19.5    -3.1

 Frame  Col     -----F2CRANEA3 ----  -----F2CRANEA4 ----  ----LWIND1_L2E ----
 Line   Line     Horz  Vert  Moment   Horz  Vert  Moment   Horz  Vert  Moment
 -----  ------  ----- ----- -------  ----- ----- -------  ----- ----- -------
 2*     C        -0.3  19.4     6.5    7.7  20.3   -31.6   -0.4  -5.4    -3.3
 2*     A        -7.7  63.2    12.4    0.3  62.2   -25.8    1.0  -0.3    -5.9

 Frame  Col     ----LWIND1_R2E ----  ----LWIND2_L2E ----  ----LWIND2_R2E ----
 Line   Line     Horz  Vert  Moment   Horz  Vert  Moment   Horz  Vert  Moment
 -----  ------  ----- ----- -------  ----- ----- -------  ----- ----- -------
 2*     C        -1.0  -0.3     5.9   -0.4  -5.4    -3.3   -1.0  -0.3     5.9
 2*     A         0.4  -5.4     3.3    1.0  -0.3    -5.9    0.4  -5.4     3.3
 ----------------------------------------------------------------------------

 1*   Frame Lines:1 7  
 2*   Frame Lines:2 3 4 5 6  


                      Endwall Column Reactions(kN)
                      -----------------------------


 Frame  Col
 Line   Line  Note
 -----  ----  -----------------------------------
 1      B     See rigid frame reactions

 Frame  Col
 Line   Line  Note
 -----  ----  -----------------------------------
 7      B     See rigid frame reactions


================================================================================
 C323-153            Seismic Design Report:                 23/JUL/2025 11:20am
================================================================================


      Building Data
      -------------
        Code                =MBMA 10
        Length              =   36270
        Width               =   22470
        Left  Eave Height   =    8170
        Right Eave Height   =    8170

      Seismic Formula
      ---------------
        Equivalent Lateral Force, Section 12.8

        Base  Shear V       = 0.667*Ie*Sms*W/R                        


        Shear Force Eh      = Rho*V                                   
         (Rigid frame, endwall frame, wind bent, wind column & base reactions)

        Shear Force Em      = Omega*V                                 
         (Wall diagonal bracing, splice at rigid frame & wind bent knee)


        Note: Applied load is seismic force multiplied by load combination

        Sms                 =   0.160
        Zone/Design Category=   B  
        Ie                  =   1.000

      Seismic Dead Load, W
      --------------------
        Frame    Dead       =   0.096 (kN/m2)
        Roof     Dead       =   0.100 (kN/m2)
        Collateral          =   0.050 (kN/m2)
        Roof     Total      =   0.246 (kN/m2)    , Weight= 200.46 (kN)
        Left  EW Dead       =   0.096 (kN/m2)    , Weight=   9.43 (kN)
        Front SW Dead       =   0.096 (kN/m2)    , Weight=  14.24 (kN)
        Right EW Dead       =   0.096 (kN/m2)    , Weight=   9.43 (kN)
        Back  SW Dead       =   0.096 (kN/m2)    , Weight=  14.24 (kN)
        Extensions
          Right EW Total    =   0.100 (kN/m2)    , Weight=   2.25 (kN)
        Crane  Dead                                Weight=  45.10 (kN)
        Runway Weight                              Weight=  48.18 (kN)
                                                          -------
                                                   Total = 343.32 (kN)

      Seismic Forces
      --------------

        Roof Bracing
                       R  =   5.00, Rho=   1.15                              
                      Cs  =   0.0213
                       W  = 219.31 (kN)
                Force  V  =   4.67 (kN)        
                Force  Eh =   5.37 (kN)

        Sidewall Bracing
          Front SW     R  =   5.00, Rho=   1.15, Omega=   2.00               
                      Cs  =   0.0213
                       W  = 125.71 (kN)
                Force  V  =   2.68 (kN)        
                Force  Em =   5.37 (kN)
                Force  Eh =   3.08 (kN)
          Back  SW     R  =   5.00, Rho=   1.15, Omega=   2.00               
                      Cs  =   0.0213
                       W  = 124.58 (kN)
                Force  V  =   2.65 (kN)        
                Force  Em =   5.32 (kN)
                Force  Eh =   3.05 (kN)

        Rigid Frames
                       R  =   3.50, Rho=   1.00                              
                      Cs  =   0.0305
          Frame  1     W  =  83.28 (kN)
                Force  V  =   2.54 (kN)        
                Force  Eh =   2.54 (kN)
          Frame  2     W  =  80.00 (kN)
                Force  V  =   2.44 (kN)        
                Force  Eh =   2.44 (kN)

        End Plates
          Frame        R  =   3.50, Omega=   3.00                            

        Total Base Shear
          Longitudinal
                Force  V  =   5.33 (kN)
          Transverse
                Force  V  =  17.28 (kN)
