*===============================================================================
*C323-153            Rigid Frame Design Input               23/JUL/2025 11:15am
*===============================================================================
 
*( 1)JOBID:
    'C323-153'
 
*( 2)FRAME DESIGN OPTIONS:
*--Frame-    -------Frame_Space-------  Section  Web_Stiffener     P
*Id  Type      L_Col    R_Col   Rafter    Space  Use Ratio Side  Delta
  2 'RF '     6050.0   6050.0   6050.0    500.0  'N'  0.00 'Y '  'EL'
 
*( 3)FRAME LINES:
*No.    Line_Id
   5    2   3   4   5   6
 
*( 4)OPTIMIZATION OPTIONS:
*Plate  Depth  Frame  -L_Col_Depth_Opt-  -R_Col_Depth_Opt-    Rafter_Depth_Opt
* Opt    Opt    Sym   Typ    Min    Max  Typ    Min    Max   Typ    Min    Max
  'N'    'N'    'S'  'T '  250.0 1400.0 'T '  250.0 1400.0  'T '  350.0 1400.0
 
*( 5)DESIGN CODE:
*Design  ---Steel_Code---             ---Build---   Code      Seismic
* Code   Cold       Hot      Country  Code   Year   Label      Zone
  'WS ' 'NAUS07  ' 'AISC05'  '    '  'MBMA'  '10'  'MBMA 10 '  'B  '
 
*( 6)DESIGN CONSTANTS:
*                        ---Strength_Factor---
* ----Stress_Ratio----           ---Seismic---
* Frame  Col   EP   BP     Wind   Frame  SpcEP
   1.00 1.00 1.00 1.00   1.0000  1.0000 1.0000
 
*( 7)STEEL YIELDS:
* Web   Flg  C_Sec  W_Sec  R_Sec  P_Sec  T_Sec  U_Sec    EP     BP
  345   345    345    345    235    345    317    235   345    345
 
*( 8)DEFLECTION LIMITS:
* ------Vertical-----  -------Horizontal-------  -Weak_Axis-
*  Live   Wind  Total  Total  Seis  Crane Floor   Wind  Seis
  150.0    0.0  150.0    75.  50.0  100.0   0.0   60.0  50.0
 
*( 9)REPORTS:
* Input Design   End  Base  Revise Action Sec  Flange Segment Unbrc Floor  Diag
* Echo  Summary Plate Plate Input  Stress Prop Brace  Displ.   Len  React Brace
  'Y'    'Y'     'Y'   'Y'   'Y'    'N'   'N'   'Y'     'N'    'N'   'N'   'N'
 
*(10)BUILDING LAYOUT:
*                             -----------Wall-----------
* Type      Width     Length  Type Opt    Start   Length
 'FF-'    22470.0    36270.0   '-' '-'      0.0  22470.0
 
*(11)SURFACE SHAPE:
* No.    X_Coord   Y_Coord  Offset
   4         0.0    8170.0  230.00
         11235.0    9293.5  200.00
         22470.0    8170.0  200.00
         22470.0       0.0  230.00
 
*(12)MEMBER DEPTHS:
*Surf   ----Depth----  No.   --Interior_Depth-
* Id    Start     End  Dep    Locate     Depth
   1   400.00  700.00   1     4000.0    700.00
   2   600.00  450.00   1     4500.0    250.00
   3   450.00  600.00   1     6844.0    250.00
   4   700.00  400.00   1     4170.0    700.00
 
*(13)MEMBER SPLICES:
*Surf    No.    Splice Splice
* Id   Splice   Locate  Type
   1      0
   2      2        0.0  'HSS'
                4500.0  '-SS'
   3      2        0.0  '-SS'
                6844.0  '-SS'
   4      1        0.0  'HSS'
 
*(14)SEGMENT PLATES:
*    Surf Mem ---Segment--    Member      Flange  ----Plate_Thickness---
*No.  Id   Id  Id   Length    Part         Width     Web  OS_Flg  IS_Flg
   8   1    1   1      0.0   '--------'   150.00    5.00    6.00    6.00
       1    2   2      0.0   '--------'   150.00    5.00    6.00    6.00
       2    3   3      0.0   '--------'   125.00    4.00    6.00    8.00
       2    4   4      0.0   '--------'   125.00    4.00    5.00    5.00
       3    5   5      0.0   '--------'   125.00    4.00    5.00    5.00
       3    6   6      0.0   '--------'   125.00    4.00    6.00    8.00
       4    7   7      0.0   '--------'   150.00    5.00    6.00    6.00
       4    8   8      0.0   '--------'   150.00    5.00    6.00    6.00
 
*(15)INTERIOR COLUMNS:
*      --------Column-------  Cap   Rafter   Unbrace_Length  ----Column---
* No.  Id  Typ  Rot   Locate  Conn   Opt     Major    Minor  Set  Part
   0
 
*(16)INTERIOR COLUMN PLATES:
* -Column- -----Depth----  No.    Start  ---Web_Depth--     Web    Flg  --Thickness--
* Id Shape    Min     Max  Mem   Locate   Start     End   Thick  Width  OS_Flg IS_Flg
 
*(17)INTERIOR COLUMN SPLICES:
*         Col
* No. Id   Id    Locate  Type
   0
 
*(18)BASE & WALL OPTIONS:
*----------Base----------      Open  Brace
* Id   Conn   Opt    Elev    Height   Opt
   1   'FI'   '-'    0.00       0.0   '-'   Left  Column
   2   'FI'   '-'    0.00       0.0   '-'   Right Column
 
*(19)BASE DISPLACEMENT:
*Base
* Id   Opt  Dir  Displace
   0   '-'  '-'    0.000
 
*(20)BASE SPRINGS:
*      Base         --Spring_Constants--
* No.   Id    Elev    Horz   Vert Rotate
   0
 
*(21)WALL GIRT:
*Surf                                       Bay
* Id  Type  Part       Depth   Proj     Lap  Id  No.  Locate Type
   1  'ZB' '200Z15  ' 200.00 230.00   330.0   6   4   2580.0 'ZB'
                                                      4080.0 'ZB'
                                                      5580.0 'ZB'
                                                      7080.0 'ZB'
 
   4  'ZB' '200Z15  ' 200.00 230.00   330.0   2   4   2580.0 'ZB'
                                                      4080.0 'ZB'
                                                      5580.0 'ZB'
                                                      7080.0 'ZB'
 
 
*(22)ROOF PURLIN DESIGN:
*Surf
* Id  Type  Part       Depth   Proj     Lap
   2  'ZB' '200Z15  ' 200.00   0.00   330.0
   3  'ZB' '200Z15  ' 200.00   0.00   330.0
 
*(23)ROOF PURLINS:
*Surf    Peak
* Id    Space  No.  Locate
   2    300.0   7   1570.1    3140.3    4710.4    6280.6    7850.7    9420.9   10991.0
   3    300.0   7    300.0    1870.1    3440.3    5010.4    6580.6    8150.7    9720.9
 
*(24)FLANGE BRACE:
*Surf       Locate  Side
* Id  No.     Id     Opt
   1   4       1     '-'
               2     '-'
               3     '-'
               4     '-'
   2   7       1     '-'
               2     '-'
               3     '-'
               4     '-'
               5     '-'
               6     '-'
               7     '-'
   3   7       1     '-'
               2     '-'
               3     '-'
               4     '-'
               5     '-'
               6     '-'
               7     '-'
   4   4       1     '-'
               2     '-'
               3     '-'
               4     '-'
 
*(25)COLUMN ADDITIONAL BRACE LOCATIONS:
*     Col                   -Minor-
*No.   Id    Height  Major  Out  In
  2     0    5850.0   'N'   'N' 'Y'
        1    5850.0   'N'   'N' 'Y'
 
*(26)EXTENSIONS:
*Surf                    ----Horizontal_Size----  -----Vertical_Size-----     Load
* Id  No.  Id  Type Opt     Elev    Width  Slope     Elev   Height  Slope    Width
   1   0
   4   0
 
*(27)LOAD GROUPS:
*    Group
*No.   Id   Description
   1  '-'  'Standard            '
 
*(28)BASIC LOADS:
*                                             ---Deflection---
*Group Dead  Coll   Live   Snow  Rain  Basic     Load_Ratio       Temp
*  Id  Load  Load   Load   Load  Load   Wind  Snow  Wind  Seis   Change
  '-' 0.100 0.050  0.570  0.000 0.000  0.554  1.00  1.00  1.00     20.0
 
*(29)BASIC LOADS AT EAVE:
*Group Seis   --Torsion--   -EWALL_BRACE----Extension-   -Additional-
*  Id  Load   Wind   Seis   Wind   Seis    Wind   Seis    Wind   Seis
  '-'  1.22   0.00   0.00   0.00   0.00    0.00   0.00    0.00   0.00
 
*(30)WIND COEFFICIENT:
*Group Surf  ---Wind_1--   ---Wind_2--   ---Wind_3--   ---Wind_4--     Long_Wind  Surface
*  Id   Id   Left  Right   Left  Right   Left  Right   Left  Right      1      2  Friction
  '-'    1   0.33  -0.70   0.86  -0.17   0.00   0.00   0.00   0.00  -0.63  -0.27    0.00
  '-'    2  -0.87  -0.56  -0.51  -0.20   0.00   0.00   0.00   0.00  -0.87  -0.51    0.00
  '-'    3  -0.56  -0.87  -0.20  -0.51   0.00   0.00   0.00   0.00  -0.87  -0.51    0.00
  '-'    4  -0.70   0.33  -0.17   0.86   0.00   0.00   0.00   0.00  -0.63  -0.27    0.00
 
*(31)LONGITUDINAL & WEAK AXIS BRACING LOADS:
*Group  ----Wind-----   ---Seismic---   -Weak_Axis-
*  Id   Horz    Vert    Horz    Vert   Wind   Seis
  '-'  11.89   15.23    1.53    1.96   0.00   0.00  Left  Column
  '-'  12.18   15.60    1.54    1.97   0.00   0.00  Right Column
 
*(32)LOAD COMBINATIONS - STRENGTH:
*               -----------------------------------------------------Load_Coefficients------------------------------------------------------
*     Load Group            ---Live---        -Add_Snow-        --Wind_1--  --Wind_2--  --Wind_3--  --Wind_4--   Long_Wind  --Seismic-         Aux_Load
*No.   Id    Id Dead  Coll  Roof Floor  Snow Drift Slide  Rain    Lt    Rt    Lt    Rt    Lt    Rt    Lt    Rt     1     2  Long  Tran  Temp  Id  Coeff
 126    1   '-' 1.00  1.00  1.00  0.00  0.00  0.00  0.00  0.00  0.00  0.00  0.00  0.00  0.00  0.00  0.00  0.00  0.00  0.00  0.00  0.00  0.00   0   0.00
        2   '-' 1.00  1.00  1.00  0.00  0.00  0.00  0.00  0.00  0.00  0.00  0.00  0.00  0.00  0.00  0.00  0.00  0.00  0.00  0.00  0.00  0.00   0   0.00
        3   '-' 1.00  1.00  0.00  1.00  0.00  0.00  0.00  0.00  0.00  0.00  0.00  0.00  0.00  0.00  0.00  0.00  0.00  0.00  0.00  0.00  0.00   0   0.00
        4   '-' 1.00  1.00  0.00  1.00  0.00  0.00  0.00  0.00  0.00  0.00  0.00  0.00  0.00  0.00  0.00  0.00  0.00  0.00  0.00  0.00  0.00   0   0.00
        5   '-' 1.00  1.00  0.00  0.00  1.00  0.00  0.00  0.00  0.00  0.00  0.00  0.00  0.00  0.00  0.00  0.00  0.00  0.00  0.00  0.00  0.00   0   0.00
        6   '-' 1.00  1.00  0.00  0.00  1.00  0.00  0.00  0.00  0.00  0.00  0.00  0.00  0.00  0.00  0.00  0.00  0.00  0.00  0.00  0.00  0.00   0   0.00
        7   '-' 1.00  1.00  0.00  0.00  1.00  1.00  0.00  0.00  0.00  0.00  0.00  0.00  0.00  0.00  0.00  0.00  0.00  0.00  0.00  0.00  0.00   0   0.00
        8   '-' 1.00  1.00  0.00  0.00  1.00  1.00  0.00  0.00  0.00  0.00  0.00  0.00  0.00  0.00  0.00  0.00  0.00  0.00  0.00  0.00  0.00   0   0.00
        9   '-' 1.00  1.00  0.00  0.00  1.00  0.00  1.00  0.00  0.00  0.00  0.00  0.00  0.00  0.00  0.00  0.00  0.00  0.00  0.00  0.00  0.00   0   0.00
       10   '-' 1.00  1.00  0.00  0.00  1.00  0.00  1.00  0.00  0.00  0.00  0.00  0.00  0.00  0.00  0.00  0.00  0.00  0.00  0.00  0.00  0.00   0   0.00
       11   '-' 1.00  0.00  0.00  0.00  0.00  0.00  0.00  0.00  0.00  0.00  0.00  0.00  0.00  0.00  0.00  0.00  0.00  0.00  0.00  0.00  0.00   0   0.00
       12   '-' 1.00  0.00  0.00  0.00  0.00  0.00  0.00  0.00  0.00  0.00  0.00  0.00  0.00  0.00  0.00  0.00  0.00  0.00  0.00  0.00  0.00   0   0.00
       13   '-' 1.00  1.00  0.00  0.75  0.75  0.00  0.00  0.00  0.00  0.00  0.00  0.00  0.00  0.00  0.00  0.00  0.00  0.00  0.00  0.00  0.00   0   0.00
       14   '-' 1.00  1.00  0.00  0.75  0.75  0.00  0.00  0.00  0.00  0.00  0.00  0.00  0.00  0.00  0.00  0.00  0.00  0.00  0.00  0.00  0.00   0   0.00
       15   '-' 1.00  1.00  0.00  0.75  0.75  0.75  0.00  0.00  0.00  0.00  0.00  0.00  0.00  0.00  0.00  0.00  0.00  0.00  0.00  0.00  0.00   0   0.00
       16   '-' 1.00  1.00  0.00  0.75  0.75  0.75  0.00  0.00  0.00  0.00  0.00  0.00  0.00  0.00  0.00  0.00  0.00  0.00  0.00  0.00  0.00   0   0.00
       17   '-' 1.00  1.00  0.00  0.75  0.75  0.00  0.75  0.00  0.00  0.00  0.00  0.00  0.00  0.00  0.00  0.00  0.00  0.00  0.00  0.00  0.00   0   0.00
       18   '-' 1.00  1.00  0.00  0.75  0.75  0.00  0.75  0.00  0.00  0.00  0.00  0.00  0.00  0.00  0.00  0.00  0.00  0.00  0.00  0.00  0.00   0   0.00
       19   '-' 1.00  1.00  0.75  0.75  0.00  0.00  0.00  0.00  0.75  0.00  0.00  0.00  0.00  0.00  0.00  0.00  0.00  0.00  0.00  0.00  0.00   0   0.00
       20   '-' 1.00  1.00  0.75  0.75  0.00  0.00  0.00  0.00  0.00  0.75  0.00  0.00  0.00  0.00  0.00  0.00  0.00  0.00  0.00  0.00  0.00   0   0.00
       21   '-' 1.00  1.00  0.75  0.75  0.00  0.00  0.00  0.00  0.00  0.00  0.75  0.00  0.00  0.00  0.00  0.00  0.00  0.00  0.00  0.00  0.00   0   0.00
       22   '-' 1.00  1.00  0.75  0.75  0.00  0.00  0.00  0.00  0.00  0.00  0.00  0.75  0.00  0.00  0.00  0.00  0.00  0.00  0.00  0.00  0.00   0   0.00
       23   '-' 1.00  1.00  0.75  0.75  0.00  0.00  0.00  0.00  0.00  0.00  0.00  0.00  0.00  0.00  0.00  0.00  0.75  0.00  0.00  0.00  0.00   5   0.75
       24   '-' 1.00  1.00  0.75  0.75  0.00  0.00  0.00  0.00  0.00  0.00  0.00  0.00  0.00  0.00  0.00  0.00  0.75  0.00  0.00  0.00  0.00   6   0.75
       25   '-' 1.00  1.00  0.75  0.75  0.00  0.00  0.00  0.00  0.00  0.00  0.00  0.00  0.00  0.00  0.00  0.00 -0.75  0.00  0.00  0.00  0.00   5   0.75
       26   '-' 1.00  1.00  0.75  0.75  0.00  0.00  0.00  0.00  0.00  0.00  0.00  0.00  0.00  0.00  0.00  0.00 -0.75  0.00  0.00  0.00  0.00   6   0.75
       27   '-' 1.00  1.00  0.75  0.75  0.00  0.00  0.00  0.00  0.00  0.00  0.00  0.00  0.00  0.00  0.00  0.00  0.00  0.75  0.00  0.00  0.00   7   0.75
       28   '-' 1.00  1.00  0.75  0.75  0.00  0.00  0.00  0.00  0.00  0.00  0.00  0.00  0.00  0.00  0.00  0.00  0.00  0.75  0.00  0.00  0.00   8   0.75
       29   '-' 1.00  1.00  0.75  0.75  0.00  0.00  0.00  0.00  0.00  0.00  0.00  0.00  0.00  0.00  0.00  0.00  0.00 -0.75  0.00  0.00  0.00   7   0.75
       30   '-' 1.00  1.00  0.75  0.75  0.00  0.00  0.00  0.00  0.00  0.00  0.00  0.00  0.00  0.00  0.00  0.00  0.00 -0.75  0.00  0.00  0.00   8   0.75
       31   '-' 1.00  1.00  0.00  0.75  0.75  0.00  0.00  0.00  0.75  0.00  0.00  0.00  0.00  0.00  0.00  0.00  0.00  0.00  0.00  0.00  0.00   0   0.00
       32   '-' 1.00  1.00  0.00  0.75  0.75  0.75  0.00  0.00  0.75  0.00  0.00  0.00  0.00  0.00  0.00  0.00  0.00  0.00  0.00  0.00  0.00   0   0.00
       33   '-' 1.00  1.00  0.00  0.75  0.75  0.00  0.75  0.00  0.75  0.00  0.00  0.00  0.00  0.00  0.00  0.00  0.00  0.00  0.00  0.00  0.00   0   0.00
       34   '-' 1.00  1.00  0.00  0.75  0.75  0.00  0.00  0.00  0.00  0.75  0.00  0.00  0.00  0.00  0.00  0.00  0.00  0.00  0.00  0.00  0.00   0   0.00
       35   '-' 1.00  1.00  0.00  0.75  0.75  0.75  0.00  0.00  0.00  0.75  0.00  0.00  0.00  0.00  0.00  0.00  0.00  0.00  0.00  0.00  0.00   0   0.00
       36   '-' 1.00  1.00  0.00  0.75  0.75  0.00  0.75  0.00  0.00  0.75  0.00  0.00  0.00  0.00  0.00  0.00  0.00  0.00  0.00  0.00  0.00   0   0.00
       37   '-' 1.00  1.00  0.00  0.75  0.75  0.00  0.00  0.00  0.00  0.00  0.75  0.00  0.00  0.00  0.00  0.00  0.00  0.00  0.00  0.00  0.00   0   0.00
       38   '-' 1.00  1.00  0.00  0.75  0.75  0.75  0.00  0.00  0.00  0.00  0.75  0.00  0.00  0.00  0.00  0.00  0.00  0.00  0.00  0.00  0.00   0   0.00
       39   '-' 1.00  1.00  0.00  0.75  0.75  0.00  0.75  0.00  0.00  0.00  0.75  0.00  0.00  0.00  0.00  0.00  0.00  0.00  0.00  0.00  0.00   0   0.00
       40   '-' 1.00  1.00  0.00  0.75  0.75  0.00  0.00  0.00  0.00  0.00  0.00  0.75  0.00  0.00  0.00  0.00  0.00  0.00  0.00  0.00  0.00   0   0.00
       41   '-' 1.00  1.00  0.00  0.75  0.75  0.75  0.00  0.00  0.00  0.00  0.00  0.75  0.00  0.00  0.00  0.00  0.00  0.00  0.00  0.00  0.00   0   0.00
       42   '-' 1.00  1.00  0.00  0.75  0.75  0.00  0.75  0.00  0.00  0.00  0.00  0.75  0.00  0.00  0.00  0.00  0.00  0.00  0.00  0.00  0.00   0   0.00
       43   '-' 1.00  1.00  0.00  0.75  0.75  0.00  0.00  0.00  0.00  0.00  0.00  0.00  0.00  0.00  0.00  0.00  0.45  0.00  0.00  0.00  0.00   5   0.45
       44   '-' 1.00  1.00  0.00  0.75  0.75  0.00  0.00  0.00  0.00  0.00  0.00  0.00  0.00  0.00  0.00  0.00  0.45  0.00  0.00  0.00  0.00   6   0.45
       45   '-' 1.00  1.00  0.00  0.75  0.75  0.00  0.00  0.00  0.00  0.00  0.00  0.00  0.00  0.00  0.00  0.00 -0.45  0.00  0.00  0.00  0.00   5   0.45
       46   '-' 1.00  1.00  0.00  0.75  0.75  0.00  0.00  0.00  0.00  0.00  0.00  0.00  0.00  0.00  0.00  0.00 -0.45  0.00  0.00  0.00  0.00   6   0.45
       47   '-' 1.00  1.00  0.00  0.75  0.75  0.75  0.00  0.00  0.00  0.00  0.00  0.00  0.00  0.00  0.00  0.00  0.45  0.00  0.00  0.00  0.00   5   0.45
       48   '-' 1.00  1.00  0.00  0.75  0.75  0.75  0.00  0.00  0.00  0.00  0.00  0.00  0.00  0.00  0.00  0.00  0.45  0.00  0.00  0.00  0.00   6   0.45
       49   '-' 1.00  1.00  0.00  0.75  0.75  0.75  0.00  0.00  0.00  0.00  0.00  0.00  0.00  0.00  0.00  0.00 -0.45  0.00  0.00  0.00  0.00   5   0.45
       50   '-' 1.00  1.00  0.00  0.75  0.75  0.75  0.00  0.00  0.00  0.00  0.00  0.00  0.00  0.00  0.00  0.00 -0.45  0.00  0.00  0.00  0.00   6   0.45
       51   '-' 1.00  1.00  0.00  0.75  0.75  0.00  0.75  0.00  0.00  0.00  0.00  0.00  0.00  0.00  0.00  0.00  0.45  0.00  0.00  0.00  0.00   5   0.45
       52   '-' 1.00  1.00  0.00  0.75  0.75  0.00  0.75  0.00  0.00  0.00  0.00  0.00  0.00  0.00  0.00  0.00  0.45  0.00  0.00  0.00  0.00   6   0.45
       53   '-' 1.00  1.00  0.00  0.75  0.75  0.00  0.75  0.00  0.00  0.00  0.00  0.00  0.00  0.00  0.00  0.00 -0.45  0.00  0.00  0.00  0.00   5   0.45
       54   '-' 1.00  1.00  0.00  0.75  0.75  0.00  0.75  0.00  0.00  0.00  0.00  0.00  0.00  0.00  0.00  0.00 -0.45  0.00  0.00  0.00  0.00   6   0.45
       55   '-' 1.00  1.00  0.00  0.75  0.75  0.00  0.00  0.00  0.00  0.00  0.00  0.00  0.00  0.00  0.00  0.00  0.00  0.45  0.00  0.00  0.00   7   0.45
       56   '-' 1.00  1.00  0.00  0.75  0.75  0.00  0.00  0.00  0.00  0.00  0.00  0.00  0.00  0.00  0.00  0.00  0.00  0.45  0.00  0.00  0.00   8   0.45
       57   '-' 1.00  1.00  0.00  0.75  0.75  0.00  0.00  0.00  0.00  0.00  0.00  0.00  0.00  0.00  0.00  0.00  0.00 -0.45  0.00  0.00  0.00   7   0.45
       58   '-' 1.00  1.00  0.00  0.75  0.75  0.00  0.00  0.00  0.00  0.00  0.00  0.00  0.00  0.00  0.00  0.00  0.00 -0.45  0.00  0.00  0.00   8   0.45
       59   '-' 1.00  1.00  0.00  0.75  0.75  0.75  0.00  0.00  0.00  0.00  0.00  0.00  0.00  0.00  0.00  0.00  0.00  0.45  0.00  0.00  0.00   7   0.45
       60   '-' 1.00  1.00  0.00  0.75  0.75  0.75  0.00  0.00  0.00  0.00  0.00  0.00  0.00  0.00  0.00  0.00  0.00  0.45  0.00  0.00  0.00   8   0.45
       61   '-' 1.00  1.00  0.00  0.75  0.75  0.75  0.00  0.00  0.00  0.00  0.00  0.00  0.00  0.00  0.00  0.00  0.00 -0.45  0.00  0.00  0.00   7   0.45
       62   '-' 1.00  1.00  0.00  0.75  0.75  0.75  0.00  0.00  0.00  0.00  0.00  0.00  0.00  0.00  0.00  0.00  0.00 -0.45  0.00  0.00  0.00   8   0.45
       63   '-' 1.00  1.00  0.00  0.75  0.75  0.00  0.75  0.00  0.00  0.00  0.00  0.00  0.00  0.00  0.00  0.00  0.00  0.45  0.00  0.00  0.00   7   0.45
       64   '-' 1.00  1.00  0.00  0.75  0.75  0.00  0.75  0.00  0.00  0.00  0.00  0.00  0.00  0.00  0.00  0.00  0.00  0.45  0.00  0.00  0.00   8   0.45
       65   '-' 1.00  1.00  0.00  0.75  0.75  0.00  0.75  0.00  0.00  0.00  0.00  0.00  0.00  0.00  0.00  0.00  0.00 -0.45  0.00  0.00  0.00   7   0.45
       66   '-' 1.00  1.00  0.00  0.75  0.75  0.00  0.75  0.00  0.00  0.00  0.00  0.00  0.00  0.00  0.00  0.00  0.00 -0.45  0.00  0.00  0.00   8   0.45
       67   '-' 0.60  0.00  0.00  0.00  0.00  0.00  0.00  0.00  1.00  0.00  0.00  0.00  0.00  0.00  0.00  0.00  0.00  0.00  0.00  0.00  0.00   0   0.00
       68   '-' 0.60  0.00  0.00  0.00  0.00  0.00  0.00  0.00  0.00  1.00  0.00  0.00  0.00  0.00  0.00  0.00  0.00  0.00  0.00  0.00  0.00   0   0.00
       69   '-' 0.60  0.00  0.00  0.00  0.00  0.00  0.00  0.00  0.00  0.00  1.00  0.00  0.00  0.00  0.00  0.00  0.00  0.00  0.00  0.00  0.00   0   0.00
       70   '-' 0.60  0.00  0.00  0.00  0.00  0.00  0.00  0.00  0.00  0.00  0.00  1.00  0.00  0.00  0.00  0.00  0.00  0.00  0.00  0.00  0.00   0   0.00
       71   '-' 0.60  0.00  0.00  0.00  0.00  0.00  0.00  0.00  0.00  0.00  0.00  0.00  0.00  0.00  0.00  0.00  1.00  0.00  0.00  0.00  0.00   5   1.00
       72   '-' 0.60  0.00  0.00  0.00  0.00  0.00  0.00  0.00  0.00  0.00  0.00  0.00  0.00  0.00  0.00  0.00  1.00  0.00  0.00  0.00  0.00   6   1.00
       73   '-' 0.60  0.00  0.00  0.00  0.00  0.00  0.00  0.00  0.00  0.00  0.00  0.00  0.00  0.00  0.00  0.00 -1.00  0.00  0.00  0.00  0.00   5   1.00
       74   '-' 0.60  0.00  0.00  0.00  0.00  0.00  0.00  0.00  0.00  0.00  0.00  0.00  0.00  0.00  0.00  0.00 -1.00  0.00  0.00  0.00  0.00   6   1.00
       75   '-' 0.60  0.00  0.00  0.00  0.00  0.00  0.00  0.00  0.00  0.00  0.00  0.00  0.00  0.00  0.00  0.00  0.00  1.00  0.00  0.00  0.00   7   1.00
       76   '-' 0.60  0.00  0.00  0.00  0.00  0.00  0.00  0.00  0.00  0.00  0.00  0.00  0.00  0.00  0.00  0.00  0.00  1.00  0.00  0.00  0.00   8   1.00
       77   '-' 0.60  0.00  0.00  0.00  0.00  0.00  0.00  0.00  0.00  0.00  0.00  0.00  0.00  0.00  0.00  0.00  0.00 -1.00  0.00  0.00  0.00   7   1.00
       78   '-' 0.60  0.00  0.00  0.00  0.00  0.00  0.00  0.00  0.00  0.00  0.00  0.00  0.00  0.00  0.00  0.00  0.00 -1.00  0.00  0.00  0.00   8   1.00
       79   '-' 1.01  1.01  0.00  0.00  0.00  0.00  0.00  0.00  0.00  0.00  0.00  0.00  0.00  0.00  0.00  0.00  0.00  0.00  0.00  0.70  0.00   0   0.00
       80   '-' 1.01  1.01  0.00  0.00  0.00  0.00  0.00  0.00  0.00  0.00  0.00  0.00  0.00  0.00  0.00  0.00  0.00  0.00  0.00 -0.70  0.00   0   0.00
       81   '-' 1.01  1.01  0.75  0.75  0.00  0.00  0.00  0.00  0.00  0.00  0.00  0.00  0.00  0.00  0.00  0.00  0.00  0.00  0.00  0.52  0.00   0   0.00
       82   '-' 1.01  1.01  0.75  0.75  0.00  0.00  0.00  0.00  0.00  0.00  0.00  0.00  0.00  0.00  0.00  0.00  0.00  0.00  0.00 -0.52  0.00   0   0.00
       83   '-' 1.01  1.01  0.00  0.75  0.00  0.00  0.00  0.00  0.00  0.00  0.00  0.00  0.00  0.00  0.00  0.00  0.00  0.00  0.00  0.52  0.00   0   0.00
       84   '-' 1.01  1.01  0.00  0.75  0.00  0.00  0.00  0.00  0.00  0.00  0.00  0.00  0.00  0.00  0.00  0.00  0.00  0.00  0.00 -0.52  0.00   0   0.00
       85   '-' 0.59  0.00  0.00  0.00  0.00  0.00  0.00  0.00  0.00  0.00  0.00  0.00  0.00  0.00  0.00  0.00  0.00  0.00  0.00  0.70  0.00   0   0.00
       86   '-' 0.59  0.00  0.00  0.00  0.00  0.00  0.00  0.00  0.00  0.00  0.00  0.00  0.00  0.00  0.00  0.00  0.00  0.00  0.00 -0.70  0.00   0   0.00
       87   '-' 1.01  1.01  0.00  0.00  0.00  0.00  0.00  0.00  0.00  0.00  0.00  0.00  0.00  0.00  0.00  0.00  0.00  0.00  0.70  0.00  0.00   0   0.00
       88   '-' 1.01  1.01  0.00  0.00  0.00  0.00  0.00  0.00  0.00  0.00  0.00  0.00  0.00  0.00  0.00  0.00  0.00  0.00 -0.70  0.00  0.00   0   0.00
       89   '-' 1.01  1.01  0.75  0.75  0.00  0.00  0.00  0.00  0.00  0.00  0.00  0.00  0.00  0.00  0.00  0.00  0.00  0.00  0.52  0.00  0.00   0   0.00
       90   '-' 1.01  1.01  0.75  0.75  0.00  0.00  0.00  0.00  0.00  0.00  0.00  0.00  0.00  0.00  0.00  0.00  0.00  0.00 -0.52  0.00  0.00   0   0.00
       91   '-' 1.01  1.01  0.00  0.75  0.00  0.00  0.00  0.00  0.00  0.00  0.00  0.00  0.00  0.00  0.00  0.00  0.00  0.00  0.52  0.00  0.00   0   0.00
       92   '-' 1.01  1.01  0.00  0.75  0.00  0.00  0.00  0.00  0.00  0.00  0.00  0.00  0.00  0.00  0.00  0.00  0.00  0.00 -0.52  0.00  0.00   0   0.00
       93   '-' 0.59  0.00  0.00  0.00  0.00  0.00  0.00  0.00  0.00  0.00  0.00  0.00  0.00  0.00  0.00  0.00  0.00  0.00  0.70  0.00  0.00   0   0.00
       94   '-' 0.59  0.00  0.00  0.00  0.00  0.00  0.00  0.00  0.00  0.00  0.00  0.00  0.00  0.00  0.00  0.00  0.00  0.00 -0.70  0.00  0.00   0   0.00
       95   '-' 1.00  1.00  0.00  0.00  0.00  0.00  0.00  0.00  0.00  0.00  0.00  0.00  0.00  0.00  0.00  0.00  0.00  0.00  0.00  0.00  0.00   1   1.00
       96   '-' 1.00  1.00  0.00  0.00  0.00  0.00  0.00  0.00  0.00  0.00  0.00  0.00  0.00  0.00  0.00  0.00  0.00  0.00  0.00  0.00  0.00   2   1.00
       97   '-' 1.00  1.00  0.00  0.00  0.00  0.00  0.00  0.00  0.00  0.00  0.00  0.00  0.00  0.00  0.00  0.00  0.00  0.00  0.00  0.00  0.00   3   1.00
       98   '-' 1.00  1.00  0.00  0.00  0.00  0.00  0.00  0.00  0.00  0.00  0.00  0.00  0.00  0.00  0.00  0.00  0.00  0.00  0.00  0.00  0.00   4   1.00
       99   '-' 1.00  0.00  0.00  0.00  0.00  0.00  0.00  0.00  0.50  0.00  0.00  0.00  0.00  0.00  0.00  0.00  0.00  0.00  0.00  0.00  0.00   1   1.00
      100   '-' 1.00  0.00  0.00  0.00  0.00  0.00  0.00  0.00  0.00  0.00  0.50  0.00  0.00  0.00  0.00  0.00  0.00  0.00  0.00  0.00  0.00   1   1.00
      101   '-' 1.00  0.00  0.00  0.00  0.00  0.00  0.00  0.00  0.00  0.50  0.00  0.00  0.00  0.00  0.00  0.00  0.00  0.00  0.00  0.00  0.00   2   1.00
      102   '-' 1.00  0.00  0.00  0.00  0.00  0.00  0.00  0.00  0.00  0.00  0.00  0.50  0.00  0.00  0.00  0.00  0.00  0.00  0.00  0.00  0.00   2   1.00
      103   '-' 1.00  0.00  0.00  0.00  0.00  0.00  0.00  0.00  0.50  0.00  0.00  0.00  0.00  0.00  0.00  0.00  0.00  0.00  0.00  0.00  0.00   3   1.00
      104   '-' 1.00  0.00  0.00  0.00  0.00  0.00  0.00  0.00  0.00  0.00  0.50  0.00  0.00  0.00  0.00  0.00  0.00  0.00  0.00  0.00  0.00   3   1.00
      105   '-' 1.00  0.00  0.00  0.00  0.00  0.00  0.00  0.00  0.00  0.50  0.00  0.00  0.00  0.00  0.00  0.00  0.00  0.00  0.00  0.00  0.00   4   1.00
      106   '-' 1.00  0.00  0.00  0.00  0.00  0.00  0.00  0.00  0.00  0.00  0.00  0.50  0.00  0.00  0.00  0.00  0.00  0.00  0.00  0.00  0.00   4   1.00
      107   '-' 1.00  0.00  0.00  1.00  0.00  0.00  0.00  0.00  0.00  0.00  0.00  0.00  0.00  0.00  0.00  0.00  0.00  0.00  0.00  0.00  1.00   0   0.00
      108   '-' 1.00  0.00  0.00  1.00  0.00  0.00  0.00  0.00  0.00  0.00  0.00  0.00  0.00  0.00  0.00  0.00  0.00  0.00  0.00  0.00  1.00   0   0.00
      109   '-' 1.00  0.00  0.00  1.00  0.00  0.00  0.00  0.00  0.00  0.00  0.00  0.00  0.00  0.00  0.00  0.00  0.00  0.00  0.00  0.00 -1.00   0   0.00
      110   '-' 1.00  0.00  0.00  1.00  0.00  0.00  0.00  0.00  0.00  0.00  0.00  0.00  0.00  0.00  0.00  0.00  0.00  0.00  0.00  0.00 -1.00   0   0.00
      111   '-' 1.00  1.00  0.75  0.75  0.00  0.00  0.00  0.00  0.00  0.00  0.00  0.00  0.00  0.00  0.00  0.00  0.00  0.00  0.00  0.00  0.75   0   0.00
      112   '-' 1.00  1.00  0.75  0.75  0.00  0.00  0.00  0.00  0.00  0.00  0.00  0.00  0.00  0.00  0.00  0.00  0.00  0.00  0.00  0.00  0.75   0   0.00
      113   '-' 1.00  1.00  0.75  0.75  0.00  0.00  0.00  0.00  0.00  0.00  0.00  0.00  0.00  0.00  0.00  0.00  0.00  0.00  0.00  0.00 -0.75   0   0.00
      114   '-' 1.00  1.00  0.75  0.75  0.00  0.00  0.00  0.00  0.00  0.00  0.00  0.00  0.00  0.00  0.00  0.00  0.00  0.00  0.00  0.00 -0.75   0   0.00
      115   '-' 1.00  1.00  0.00  0.75  0.75  0.00  0.00  0.00  0.00  0.00  0.00  0.00  0.00  0.00  0.00  0.00  0.00  0.00  0.00  0.00  0.75   0   0.00
      116   '-' 1.00  1.00  0.00  0.75  0.75  0.00  0.00  0.00  0.00  0.00  0.00  0.00  0.00  0.00  0.00  0.00  0.00  0.00  0.00  0.00  0.75   0   0.00
      117   '-' 1.00  1.00  0.00  0.75  0.75  0.75  0.00  0.00  0.00  0.00  0.00  0.00  0.00  0.00  0.00  0.00  0.00  0.00  0.00  0.00  0.75   0   0.00
      118   '-' 1.00  1.00  0.00  0.75  0.75  0.75  0.00  0.00  0.00  0.00  0.00  0.00  0.00  0.00  0.00  0.00  0.00  0.00  0.00  0.00  0.75   0   0.00
      119   '-' 1.00  1.00  0.00  0.75  0.75  0.00  0.75  0.00  0.00  0.00  0.00  0.00  0.00  0.00  0.00  0.00  0.00  0.00  0.00  0.00  0.75   0   0.00
      120   '-' 1.00  1.00  0.00  0.75  0.75  0.00  0.75  0.00  0.00  0.00  0.00  0.00  0.00  0.00  0.00  0.00  0.00  0.00  0.00  0.00  0.75   0   0.00
      121   '-' 1.00  1.00  0.00  0.75  0.75  0.00  0.00  0.00  0.00  0.00  0.00  0.00  0.00  0.00  0.00  0.00  0.00  0.00  0.00  0.00 -0.75   0   0.00
      122   '-' 1.00  1.00  0.00  0.75  0.75  0.00  0.00  0.00  0.00  0.00  0.00  0.00  0.00  0.00  0.00  0.00  0.00  0.00  0.00  0.00 -0.75   0   0.00
      123   '-' 1.00  1.00  0.00  0.75  0.75  0.75  0.00  0.00  0.00  0.00  0.00  0.00  0.00  0.00  0.00  0.00  0.00  0.00  0.00  0.00 -0.75   0   0.00
      124   '-' 1.00  1.00  0.00  0.75  0.75  0.75  0.00  0.00  0.00  0.00  0.00  0.00  0.00  0.00  0.00  0.00  0.00  0.00  0.00  0.00 -0.75   0   0.00
      125   '-' 1.00  1.00  0.00  0.75  0.75  0.00  0.75  0.00  0.00  0.00  0.00  0.00  0.00  0.00  0.00  0.00  0.00  0.00  0.00  0.00 -0.75   0   0.00
      126   '-' 1.00  1.00  0.00  0.75  0.75  0.00  0.75  0.00  0.00  0.00  0.00  0.00  0.00  0.00  0.00  0.00  0.00  0.00  0.00  0.00 -0.75   0   0.00
 
*(33)LOAD COMBINATIONS - DEFLECTION:
*               -----------------------------------------------------Load_Coefficients------------------------------------------------------
*     Load Group            ---Live---        -Add_Snow-        --Wind_1--  --Wind_2--  --Wind_3--  --Wind_4--   Long_Wind  --Seismic-         Aux_Load
*No.   Id    Id Dead  Coll  Roof Floor  Snow Drift Slide  Rain    Lt    Rt    Lt    Rt    Lt    Rt    Lt    Rt     1     2  Long  Tran  Temp  Id  Coeff
   0
 
*(34)LOAD COMBINATIONS - SPECIAL:
*                                 -----------------------------------------------------Load_Coefficients------------------------------------------------------
*     Load Group                              ---Live---        -Add_Snow-        --Wind_1--  --Wind_2--  --Wind_3--  --Wind_4--   Long_Wind  --Seismic-         Aux_Load
*No.   Id    Id  Use  Code        Dead  Coll  Roof Floor  Snow Drift Slide  Rain    Lt    Rt    Lt    Rt    Lt    Rt    Lt    Rt     1     2  Long  Tran  Temp  Id  Coeff
  16  127   '-' 'EP' '---------'  1.01  1.01  0.00  0.00  0.00  0.00  0.00  0.00  0.00  0.00  0.00  0.00  0.00  0.00  0.00  0.00  0.00  0.00  0.00  2.10  0.00   0   0.00
      128   '-' 'EP' '---------'  1.01  1.01  0.00  0.00  0.00  0.00  0.00  0.00  0.00  0.00  0.00  0.00  0.00  0.00  0.00  0.00  0.00  0.00  0.00 -2.10  0.00   0   0.00
      129   '-' 'EP' '---------'  1.01  1.01  0.75  0.75  0.00  0.00  0.00  0.00  0.00  0.00  0.00  0.00  0.00  0.00  0.00  0.00  0.00  0.00  0.00  1.57  0.00   0   0.00
      130   '-' 'EP' '---------'  1.01  1.01  0.75  0.75  0.00  0.00  0.00  0.00  0.00  0.00  0.00  0.00  0.00  0.00  0.00  0.00  0.00  0.00  0.00 -1.57  0.00   0   0.00
      131   '-' 'EP' '---------'  1.01  1.01  0.00  0.75  0.00  0.00  0.00  0.00  0.00  0.00  0.00  0.00  0.00  0.00  0.00  0.00  0.00  0.00  0.00  1.57  0.00   0   0.00
      132   '-' 'EP' '---------'  1.01  1.01  0.00  0.75  0.00  0.00  0.00  0.00  0.00  0.00  0.00  0.00  0.00  0.00  0.00  0.00  0.00  0.00  0.00 -1.57  0.00   0   0.00
      133   '-' 'EP' '---------'  0.59  0.00  0.00  0.00  0.00  0.00  0.00  0.00  0.00  0.00  0.00  0.00  0.00  0.00  0.00  0.00  0.00  0.00  0.00  2.10  0.00   0   0.00
      134   '-' 'EP' '---------'  0.59  0.00  0.00  0.00  0.00  0.00  0.00  0.00  0.00  0.00  0.00  0.00  0.00  0.00  0.00  0.00  0.00  0.00  0.00 -2.10  0.00   0   0.00
      135   '-' 'BP' '---------'  1.01  1.01  0.00  0.00  0.00  0.00  0.00  0.00  0.00  0.00  0.00  0.00  0.00  0.00  0.00  0.00  0.00  0.00  0.00  2.10  0.00   0   0.00
      136   '-' 'BP' '---------'  1.01  1.01  0.00  0.00  0.00  0.00  0.00  0.00  0.00  0.00  0.00  0.00  0.00  0.00  0.00  0.00  0.00  0.00  0.00 -2.10  0.00   0   0.00
      137   '-' 'BP' '---------'  1.01  1.01  0.75  0.75  0.00  0.00  0.00  0.00  0.00  0.00  0.00  0.00  0.00  0.00  0.00  0.00  0.00  0.00  0.00  1.57  0.00   0   0.00
      138   '-' 'BP' '---------'  1.01  1.01  0.75  0.75  0.00  0.00  0.00  0.00  0.00  0.00  0.00  0.00  0.00  0.00  0.00  0.00  0.00  0.00  0.00 -1.57  0.00   0   0.00
      139   '-' 'BP' '---------'  1.01  1.01  0.00  0.75  0.00  0.00  0.00  0.00  0.00  0.00  0.00  0.00  0.00  0.00  0.00  0.00  0.00  0.00  0.00  1.57  0.00   0   0.00
      140   '-' 'BP' '---------'  1.01  1.01  0.00  0.75  0.00  0.00  0.00  0.00  0.00  0.00  0.00  0.00  0.00  0.00  0.00  0.00  0.00  0.00  0.00 -1.57  0.00   0   0.00
      141   '-' 'BP' '---------'  0.59  0.00  0.00  0.00  0.00  0.00  0.00  0.00  0.00  0.00  0.00  0.00  0.00  0.00  0.00  0.00  0.00  0.00  0.00  2.10  0.00   0   0.00
      142   '-' 'BP' '---------'  0.59  0.00  0.00  0.00  0.00  0.00  0.00  0.00  0.00  0.00  0.00  0.00  0.00  0.00  0.00  0.00  0.00  0.00  0.00 -2.10  0.00   0   0.00
 
*(35)AUXILIARY LOAD:
*                        No._Add  --Add_Comb-
*No.   Id   Name          Loads   Id    Coeff
   8    1  'F2CRANEA1 '      4     1   -63.04
                                   2     4.00
                                   3   -19.53
                                   4     4.00
        2  'F2CRANEA2 '      4     1   -63.04
                                   2    -4.00
                                   3   -19.53
                                   4    -4.00
        3  'F2CRANEA3 '      4     1   -19.53
                                   2     4.00
                                   3   -63.04
                                   4     4.00
        4  'F2CRANEA4 '      4     1   -19.53
                                   2    -4.00
                                   3   -63.04
                                   4    -4.00
        5  'LWIND1_L2E'      1     5     1.00
        6  'LWIND1_R2E'      1     6     1.00
        7  'LWIND2_L2E'      1     5     1.00
        8  'LWIND2_R2E'      1     6     1.00
 
*(36)ADDITIONAL LOADS:
*     Add Group Loc  Basic        Load       Fx        Fy      Mom        Dx        Dy  .. Conc
*No.   Id   Id   Id  Load         Type       W1        W2       Co       Dl1       Dl2  .. Dist
   6    1  '-'    1 '------    '  'C '    0.000     1.000    0.000    1200.0    5481.6
        2  '-'    1 '------    '  'C '    1.000     0.000    0.000    1200.0    6000.0
        3  '-'    4 '------    '  'C '    0.000     1.000    0.000   -1095.0   -2688.4
        4  '-'    4 '------    '  'C '    1.000     0.000    0.000   -1095.0   -2170.0
        5  '-'    2 'U_WIND    '  'D '     1.27      1.27    0.000       0.0    4494.0
        6  '-'    3 'U_WIND    '  'D '     1.27      1.27    0.000    6797.0   11291.0
 
*(37)STEPPED LOAD COEFFICIENTS:
*    Group Basic    Loc   No.  ----Step_1---   ----Step_2---   ----Step_3---
*No.   Id  Load      Id  Step  Locate   Coef   Locate   Coef   Locate   Coef
  4   '-' 'WINDL1'    2    2  11235.0  1.000  11291.0  0.638
      '-' 'WINDR1'    3    2     56.0  0.638  11291.0  1.000
      '-' 'WINDL2'    2    2  11235.0  1.000  11291.0  0.383
      '-' 'WINDR2'    3    2     56.0  0.383  11291.0  1.000
 
*(38)FLOOR BEAMS:
*Bay                      Con_Type   Con_Loc     --Properties--
* Id   No.  Id   Height   Lt    Rt   Lt    Rt    Area       Ixx
   1    0
 
*(39)DIAGONAL BRACING:
*Bay
* Id   No.     Id   Level   Opt    Area
   1    0
 
*(40)CRANE BRACKET:
*        Span ----Crane----  ----Beam----    ----Offset----  -----Bracket------  Col_Sup
*No. Id Lt Rt Type   Height  Depth  Width     Left    Right  Type Opt  Select     Lt  Rt    Load
  1   1  1  1 'TG'   6000.0 366.00 200.00   1200.0   1095.0  'WW' '1' '--------' 'N' 'N'   63.04
 
*(41)DESIGN PLATES:
*     ----Plate---   --Plate_Size-   Bolt   Bolt  ----Top---  --Bottom--   Bolt
*No.  Type      Id   Width   Thick    Dia   Gage  Row  Space  Row  Space  Gage2
  2  'BASE'      1    0.00    0.00   0.00   0.00   1    0.00   1    0.00   0.00
     'BASE'      2    0.00    0.00   0.00   0.00   1    0.00   1    0.00   0.00
*(42)ENDWALL COLUMNS:
*Wall   Expand_EW                                    Max_Deflect
* Id   Use  Offset    No.   Locate  Offset  Option   Down     Up
   1  'Y '  440.00     0
   3  'Y '  440.00     0
 
*(43)JACK BEAMS:
*                                                 Spring_Constant
*No.    Id   Offset   Height   Length   Part        Horz    Vert
  0
 
*(44)LINER:
*---Wall_Height---
*    F_SW     B_SW  Roof
      0.0      0.0  'N'
 
*(45)ADDITIONAL COLUMNS:
*No.  Id  Type  Rot  Opt  Part           Elev
  0
 
*(46)DESIGN CODE OPTIONS:
*No.   Event                         Condition
  0
 
*(47)CORNER BRACE:
*      Loc   Member
* No.   Id   Size
   0
 
*COLUMN ADDITIONAL BRACE LOCATION DESCRIPTIONS:
*  Id  Description
*   1  Crane System 1
*   2  Crane System 1
 
*AUXILIARY LOAD DESCRIPTIONS:
* Aux
*  Id  Description
*   1  Crane load
*   2  Crane load
*   3  Crane load
*   4  Crane load
*   5  Longitudinal wind load, case 1
*   6  Longitudinal wind load, case 1
*   7  Longitudinal wind load, case 2
*   8  Longitudinal wind load, case 2
*
*ADDITIONAL LOAD DESCRIPTIONS:
* Add
*  Id  Description
*   1  Crane load vertical on aisle 1 left column
*   2  Crane load horizontal to right on aisle 1 left column
*   3  Crane load vertical on aisle 1 right column
*   4  Crane load horizontal to left on aisle 1 right column
*   5  Longitudinal wind load
*   6  Longitudinal wind load
*
* Code files used:
*   MBMA.10N
*   RF_MBMA.10N Version 4.0
*
*DS_RFDEP.Siz
*Surface  Span  --Required-   -----------Selected----------
*  Id      Id   Type   Span   Type   Span  #Depth  #Splice
*   1       1    W     8170    No record selected
*   2       1    C    11235    C    11000     1       1
*   3       1    C    11235    C    11000     1       1
*   4       1    W     8170    No record selected
*
* Calculated Seismic Mass, W = 80.07 kN
================================================================================
 C323-153            Frame  2 - Design Code                 23/JUL/2025 11:20am
================================================================================

 STRUCTURAL CODE:
 ----------------
   Design Basis      : WS  - Working Stress
   Hot  Rolled Steel : AISC05
   Cold Formed Steel : NAUS07  

 BUILDING CODE:
 --------------
   Wind Code         : MBMA 10
   Seismic Zone      : B  

 MODULUS OF ELASTICITY:
 ----------------------
   Hot  Rolled Steel : 199955 (MN/m2)
   Cold Formed Steel : 203403 (MN/m2)
 
================================================================================
 C323-153            Frame  2 - Base Plates and Anchor Bolt 23/JUL/2025 11:20am
================================================================================

 DESIGN CONSTANTS:
 -----------------
  Base Plate Yield     = 345.0 (MN/m2)
  Concrete Bearing     =   7.0 (MN/m2)                                    
  Bolt Type            = A36  
  Bolt Shear   Stress  =  80.0 (MN/m2)
  Bolt Tension Stress  = 150.0 (MN/m2)
 

 BASE PLATE & BOLT SIZE:
 -----------------------

                                                  Bolt_Row
 --Column_Base--  --Plate_Size(mm)--  Bolt(A36  ) Near_Flg  --Bolt_Space(mm)-
 Id    Typ Depth  Width Length Thick   Dia  Gage  Out   In   End   Out   Flg
 ----- --- -----  ----- ------ -----  ----- ----  ---  ---  ----- ----- -----
 Left   FI   412   200  706.0  16.00  20.00  100    1    1  75.00  0.00 150.0
 Right  FI   412   200  706.0  16.00  20.00  100    1    1  75.00  0.00 150.0
 

         Base_Bending  Web_Tension  ---------------Bolts(kN)--------------
 Col         (MN/m2)      (MN/m2)   Bolt_Tension  -Bolt_Comp-   Bolt_Shear  Max   Req   Req
 Loc   Ld  Calc Limit   Calc Limit   Calc  Limit   Calc Limit   Calc Limit   UC Thick   Dia
 ----- -- ----- -----  ----- -----  -----  -----  ----- -----  ----- ----- ---- ----- -----
 Left   2    96   311     93   207   30.1   47.1    0.0  47.1    3.9  25.1 0.64 10.90 15.98
 Left  67    86   311    104   207   33.8   47.1    0.0  47.1    2.9  25.1 0.72 10.90 15.98
 Right  1    96   311     95   207   30.7   47.1    0.0  47.1    3.9  25.1 0.65 10.91 16.13
 Right 68    86   311    105   207   34.0   47.1    0.0  47.1    2.9  25.1 0.72 10.91 16.13

 BASE REACTIONS:
 ---------------

 Column  -Max_Compression(kN,kN-m)-   --Max_Tension(kN,kN-m)---
 Loc      Ld   Axial  Shear  Moment    Ld  Axial  Shear  Moment
 ------  ----  -----  -----  ------   ---- -----  -----  ------
 Left      2    54.5   31.5    71.6    67  -24.2   23.4    60.7
 Right     1    54.4   31.5    72.5    68  -24.1   23.4    61.1

 GUSSET PLATES:
 --------------

 Column  Gusset    --Plate_Size(mm)--      -Max_Comp(MN/m2)  Max_Tension(MN/m2)
 Locate  Locate    Width Thick Length  Ld  Calc  Limit   UC   Calc Limit   UC
 ------  --------  ----- ----- ------  --  ----- ----- ----  ----- ----- ----
 Left    Flg_Base  147.0 10.00  197.0   2  169.5 178.5 0.95   65.1 207.0 0.31
                                       67  141.7 178.5 0.79   73.1 207.0 0.35
 Right   Flg_Base  147.0 10.00  197.0   1  170.1 178.5 0.95   66.4 207.0 0.32
                                       68  142.2 178.5 0.80   73.5 207.0 0.36

 CONCRETE:
 ---------

          Comp_in
 Column   Bolt_Or       --Bearing(MN/m2)--   Bearing
 Locate   Concrete  Ld   Calc  Limit    UC  Length(mm)
 ------   --------  --  -----  -----  ----  ----------
 Left        C       2    7.0    7.0  1.00    249.7
                    67    7.0    7.0  1.00    158.5
 Right       C       1    7.0    7.0  1.00    252.9
                    68    7.0    7.0  1.00    159.6
 

 WELDS:
 ------
          Outside_Flange_To_Base  Inside_Flange_To_Base   -----Web_To_Base-----
 Base               Shear(kN/mm)            Shear(kN/mm)            Shear(kN/mm)
 Id       Size  Typ  Calc Limit   Size  Typ  Calc Limit   Size  Typ  Calc Limit
 -----    ----- --- ----- -----   ----- --- ----- -----   ----- --- ----- -----
 Left      4.00  F2 0.348 0.410    4.00  F2 0.348 0.410    4.00  F2 0.039 0.410
 Right     4.00  F2 0.350 0.410    4.00  F2 0.350 0.410    4.00  F2 0.039 0.410


                    ----Gusset_To_Base---   ---Gusset_To_Column--
 Column  Gusset               Shear(kN/mm)            Shear(kN/mm)
 Locate  Locate     Size  Typ  Calc Limit   Size  Typ  Calc Limit
 ------  --------   ----- --- ----- -----   ----- --- ----- -----
 Left    Flg_Base    6.00  F2 0.188 0.620    4.00  F2 0.153 0.410
 Right   Flg_Base    6.00  F2 0.189 0.620    4.00  F2 0.154 0.410
 

 LOAD COMBINATIONS:
 ------------------
     1   Dead+Collateral+Live
     2   Dead+Collateral+Live
    67   0.6Dead+Wind_Left1
    68   0.6Dead+Wind_Right1
 
================================================================================
 C323-153            Frame  2 - Bolted-End-Plates           23/JUL/2025 11:20am
================================================================================

 DESIGN CONSTANTS:
 -----------------
  Splice Yield         = 345.0 (MN/m2)
  Bolt Type            = Gr8.8 Snug-Tightened
  Bolt Shear   Stress  = 160.0 (MN/m2)
  Bolt Tension Stress  = 299.9 (MN/m2)


 PLATE SIZE:
 -----------
  Splice  Member    Web   Splice(mm)  -----------------Bolts(Gr8.8)-----------------
  Id Typ  Locate  Depth  Width Thick    Dia  Gage Gage2 RowT SpaceT RowB SpaceB RowI
  -- ---  ------  -----  ----- -----  ----- ----- ----- ---- ------ ---- ------ ----
   1 HSS   2- 3   700.0    200 16.00  20.00 100.0 100.0   2  100.0    2  100.0    1
   2 -SS   3- 4   250.0    200 16.00  20.00 100.0 100.0   2  100.0    2  100.0    0
   3 -SS   4- 5   452.2    200 16.00  20.00 100.0 100.0   2  100.0    2  100.0    0
   4 -SS   5- 6   250.0    200 16.00  20.00 100.0 100.0   2  100.0    2  100.0    0
   5 HSS   6- 7   700.0    200 16.00  20.00 100.0 100.0   2  100.0    2  100.0    1

 PLATE DESIGN:
 -------------
             -------Max_Moment------  -------Max_Shear------
  Splice Ten Load Axial Shear Moment  Load Axial Shear Moment    Req   Req  Bolt
  Id Typ Loc  Id   (kN)  (kN) (kN-m)   Id   (kN)  (kN) (kN-m)  Thick   Dia    UC
  -- --- --- ---- ----- ----- ------  ---- ----- ----- ------  ----- ----- -----
   1 HSS Top   2   51.9 -31.7  156.5    2   51.9 -31.7  156.5  14.23 15.29  0.58
         Bot  73  -17.2  22.0  -82.1   72  -27.3  22.7  -77.7  14.23 11.08  0.31
   2 -SS Top   2   34.4  27.8   26.2    2   34.4  27.8   26.2  14.82 10.37  0.27
         Bot  74  -26.9 -14.0  -14.3   74  -26.9 -14.0  -14.3  14.83  7.67  0.15
   3 -SS Top  73  -27.3   0.4   27.7   67  -17.6   1.3   23.2  14.85  7.99  0.16
         Bot   1   31.5  -0.2  -61.0   22   21.3  -1.1  -36.6  14.85 11.86  0.35
   4 -SS Top   1   34.4 -28.0   27.1    1   34.4 -28.0   27.1  14.82 10.56  0.28
         Bot  73  -26.9  14.1  -14.8   73  -26.9  14.1  -14.8  14.83  7.79  0.15
   5 HSS Top   1   51.8  31.8  155.7    1   51.8  31.8  155.7  14.23 15.25  0.58
         Bot  74  -16.8 -22.0  -81.7   71  -27.3 -22.7  -77.3  14.23 11.05  0.31

 WELDS:
 ------
          Outside_Flange_To_Bep   Inside_Flange_To_Bep    -----Web_To_Bep------
 Splice             Shear(kN/mm)            Shear(kN/mm)            Shear(kN/mm)
 Id Side   Size Typ  Calc Limit    Size Typ  Calc Limit    Size Typ  Calc Limit
 -- ----  ----- --- ----- -----   ----- --- ----- -----   ----- --- ----- -----
  1   L    5.00  F2 0.455 0.510    4.00  F2 0.239 0.410    4.00  F2 0.023 0.410
  1   R    6.00  F2 0.532 0.620    4.00  G1 0.671 0.938    4.00  F2 0.023 0.410
  2   L    4.00  F2 0.333 0.410    4.00  F2 0.205 0.410    4.00  F2 0.056 0.410
  2   R    4.00  F2 0.333 0.410    4.00  F2 0.182 0.410    4.00  F2 0.056 0.410
  3   L    4.00  F2 0.166 0.410    4.00  F2 0.367 0.410    4.00  F2 0.001 0.410
  3   R    4.00  F2 0.166 0.410    4.00  F2 0.367 0.410    4.00  F2 0.001 0.410
  4   L    4.00  F2 0.346 0.410    4.00  F2 0.188 0.410    4.00  F2 0.056 0.410
  4   R    4.00  F2 0.345 0.410    4.00  F2 0.212 0.410    4.00  F2 0.056 0.410
  5   L    6.00  F2 0.530 0.620    4.00  G1 0.668 0.938    4.00  F2 0.023 0.410
  5   R    5.00  F2 0.453 0.510    4.00  F2 0.238 0.410    4.00  F2 0.023 0.410
 

 LOAD COMBINATIONS:
 ------------------
     1   Dead+Collateral+Live
     2   Dead+Collateral+Live
    22   Dead+Collateral+0.75Live+0.75Wind_Right2+0.75Floor_Live
    67   0.6Dead+Wind_Left1
    71   0.6Dead+Wind_Long1+LWIND1_L2E
    72   0.6Dead+Wind_Long1+LWIND1_R2E
    73   0.6Dead-Wind_Long1+LWIND1_L2E
    74   0.6Dead-Wind_Long1+LWIND1_R2E
 
================================================================================
 C323-153            Frame  2 - Bearing Stiffeners          23/JUL/2025 11:20am
================================================================================

 Stiffener Yield =  345 (MN/m2)
 Corner Cut      = 15.0 (mm)

 STIFFENER SIZE:
 ---------------
  ----Stiffener---  --Web(mm)--  ----Stiffener_Size(mm)---
  Location  Offset  Depth Thick  Width  Thick  Length  No.
  --------  ------  ----- -----  -----  -----  ------  ---
  Lt Col         0  600.0  5.00   60.0   6.00   600.0   1
  Rt Col     22470  600.0  5.00   60.0   6.00   600.0   1

 STIFFENER DESIGN:
 -----------------
            ----Tension(kN)---  --Compression(kN)-   Max
  Location  Load   Calc  Limit  Load   Calc  Limit    UC
  --------  ----  -----  -----  ----  -----  -----  ----
  Lt Col      71   77.0  111.6     2  145.4  240.8  0.69 
  Rt Col      72   76.7  111.6     1  144.7  240.8  0.69 

 WELDS:
 ------
                     ---Stiff_To_Flg/EP---   -----Stiff_To_Web----
  Stiffener                    Shear(kN/mm)            Shear(kN/mm)
  Location            Size Typ  Calc Limit    Size Typ  Calc Limit
  ----------         ----- --- ----- -----   ----- --- ----- -----
  Lt Col              6.00  F2 0.428 0.620    4.00  F2 0.062 0.410
  Rt Col              6.00  F2 0.426 0.620    4.00  F2 0.062 0.410
 

 LOAD COMBINATIONS:
 ------------------
     1   Dead+Collateral+Live
     2   Dead+Collateral+Live
    71   0.6Dead+Wind_Long1+LWIND1_L2E
    72   0.6Dead+Wind_Long1+LWIND1_R2E
 
================================================================================
 C323-153            Frame  2 - Flange Braces               23/JUL/2025 11:20am
================================================================================

 DESIGN CONSTANTS:
 -----------------
  Flange Brace Yield   = 345.0 MN/m2
  Girt/Purlin  Yield   = 345.0 MN/m2
  Flange Brace Bolt    = Gr8.8 (0 Washers)
  Bolt Shear  Stress   = 160.0 MN/m2

  Flange Brace Force
    Inside flange, max of bending compression                        

 LAYOUT:
 -------
  Surf                   Seg   Web  Brace Angle Design -----Bolt_Dia----- --Attachment-
   Id  Loc Side Part      Id Depth Offset   Deg Length Frame Purlin  Clip Frame  Purlin Ref
  ---- --- ---- -------- --- ----- ------ ----- ------ ----- ------ ----- ------ ------ -----
    1    1   2  L40X40X4   1 593.6  660.0  44.1  876.6 12.00  12.00       Clip   Web         
    2    1   2  L40X40X4   3 531.6  660.0  48.6  813.1 12.00  12.00       Clip   Web         
         3   2  L40X40X4   4 256.3  330.0  47.0  383.0 12.00  12.00       Clip   Web         
         5   2  L40X40X4   4 349.8  330.0  38.3  451.9 12.00  12.00       Clip   Web         
         7   2  L40X40X4   4 443.0  330.0  32.0  528.3 12.00  12.00       Clip   Web         
    3    1   2  L40X40X4   5 443.0  330.0  32.0  528.3 12.00  12.00       Clip   Web         
         3   2  L40X40X4   5 350.5  330.0  38.2  452.5 12.00  12.00       Clip   Web         
         5   2  L40X40X4   5 257.8  330.0  46.8  384.0 12.00  12.00       Clip   Web         
         7   2  L40X40X4   6 530.6  660.0  48.7  812.4 12.00  12.00       Clip   Web         
    4    1   2  L40X40X4   8 593.6  660.0  44.1  876.6 12.00  12.00       Clip   Web         

 DESIGN:
 -------
  Surf        Load(kN-m)  Force  -Brace_UC-  ---Connection_UC---
   Id   Loc    Id Moment   (kN)  Comp  Tens  Frame  Purlin  Clip
  ----  ---  ---- ------  -----  ----  ----  -----  ------  ----
    1     1    99   26.4   0.42  0.03  0.03   0.02    0.06      
    2     1     2  122.6   2.38  0.17  0.16   0.13    0.33      
          3     2   20.3   0.86  0.04  0.06   0.05    0.06      
          5    73   22.1   0.75  0.04  0.05   0.04    0.05      
          7    73   28.2   0.82  0.04  0.05   0.05    0.06      
    3     1    74   28.2   0.82  0.04  0.05   0.05    0.06      
          3    74   22.3   0.75  0.04  0.05   0.04    0.05      
          5     1   19.8   0.83  0.04  0.06   0.05    0.06      
          7     1  121.8   2.37  0.17  0.16   0.13    0.33      
    4     1   105   23.1   0.36  0.03  0.02   0.02    0.05      

 LOAD COMBINATIONS:
 ------------------
     1   Dead+Collateral+Live
     2   Dead+Collateral+Live
    73   0.6Dead-Wind_Long1+LWIND1_L2E
    74   0.6Dead-Wind_Long1+LWIND1_R2E
    99   Dead+Wind_Left1/2+F2CRANEA1
   105   Dead+Wind_Right1/2+F2CRANEA4
 
================================================================================
 C323-153            Frame  2 - Web To Flange Weld          23/JUL/2025 11:20am
================================================================================

                                                        ---Web_Flange_Weld---
  Surf  Mem  Seg  Sec  Load  Shear     Ixx           Q           Shear(kN/mm)
   Id    Id   Id   Id    Id   (kN)   (cm4)  Flg  (cm3)   Size Typ  Calc Limit
  ----  ---  ---  ---  ----  -----  ------  ---  -----  ----- --- ----- -----
    1     1    1    1     2   29.7   10085  Out    183   4.00  F1 0.054 0.410
                                            In     183   4.00  F1 0.054 0.410
    1     2    2   18     2   31.6   36722  Out    318   4.00  F1 0.027 0.410
                                            In     318   4.00  F1 0.027 0.410
    2     3    3   27     2   26.2    3375  Out    105   4.00  F1 0.082 0.410
                                            In     117   4.00  F1 0.091 0.410
    2     4    4   28     2   28.3    2553  Out     80   4.00  F1 0.088 0.410
                                            In      80   4.00  F1 0.088 0.410
    3     5    5   57     1   28.4    2553  Out     80   4.00  F1 0.089 0.410
                                            In      80   4.00  F1 0.089 0.410
    3     6    6   58     1   26.4    3375  Out    105   4.00  F1 0.082 0.410
                                            In     117   4.00  F1 0.091 0.410
    4     7    7   67     1   31.6   36722  Out    318   4.00  F1 0.027 0.410
                                            In     318   4.00  F1 0.027 0.410
    4     8    8   84     1   29.7   10085  Out    183   4.00  F1 0.054 0.410
                                            In     183   4.00  F1 0.054 0.410

 LOAD COMBINATIONS:
 ------------------
     1   Dead+Collateral+Live
     2   Dead+Collateral+Live
 
================================================================================
 C323-153            Frame  2 - Special Segments            23/JUL/2025 11:20am
================================================================================

  FLANGE PLATE:
  ----------------
            --Initial--   ---Final---
            Width Thick   Width Thick
   Locate    (mm)  (mm)    (mm)  (mm)
   ------   ----- -----   ----- -----
   Lt Col     125  6.00     125  6.00
   Rt Col     125  6.00     125  6.00



  WEB PLATE:
  ----------
                                Calc  ---Initial--  ------Final------
           ------Actions-----    Web    Web  Shear    Web  Shear
                Axial  Moment  Shear  Thick  Limit  Thick  Limit
   Locate   Id   (kN)  (kN-m)   (kN)   (mm)   (kN)   (mm)   (kN)   UC  Note
   ------  ---  -----  ------  -----  -----  -----  -----  ----- ----  -------------
   Lt Col    2   52.0   156.5  197.6   4.00  107.4   5.00  209.8 0.94  G2-1           
   Rt Col    1   51.9   155.7  196.5   4.00  107.4   5.00  209.8 0.94  G2-1           
 

  REQUIRED WEB DESIGN:
  --------------------
               Web  Stiff
   Locate    Depth  Space
   ------    -----  -----
   Lt Col    565.2  670.0
   Rt Col    565.2  670.0

 LOAD COMBINATIONS:
 ------------------
     1   Dead+Collateral+Live
     2   Dead+Collateral+Live
 
================================================================================
 C323-153            Frame  2 - Design Summary              23/JUL/2025 11:20am
================================================================================

 FRAME:
 ------
   Id        =   2
   Type      =  RF
   Line Id   =   2  3  4  5  6
   Load Width=   6050
   UC   Limit=   1.00
   KL/R Limit= 200.00

 MEMBERS:
 --------
                                                                -----Max_Axial+Moment----
 Srf Mem Seg --Flange- Web_Depth -Plate_Thickness- --Max_Shear- ----O-Flg--- ----I-Flg---  Max
  Id  Id  Id  Len  Wid Strt  End   Web O-flg I-flg  Id  Ld  Ucv  Id  Ld  Uco  Id  Ld  Uci KL/R
 --- --- --- ---- ---- ---- ---- ----- ----- ----- --- --- ---- --- --- ---- --- --- ---- ----
   1   1   1 4000  150  400  700  5.00  6.00  6.00  10   2 0.30   1   2 0.78   1  67 0.58  127
   1   2   2 3987  150  700  700  5.00  6.00  6.00  18   2 0.32  18   2 0.49  18   2 0.92  127
   2   3   3 4283  125  600  250  4.00  6.00  8.00  19   2 0.72  19   2 0.94  19   2 0.97  119
   2   4   4 6770  125  250  450  4.00  5.00  5.00  28   2 0.23  39   1 0.90  28   2 0.71  130
   3   5   5 6823  125  450  250  4.00  5.00  5.00  57   1 0.23  46   2 0.90  57   1 0.74  131
   3   6   6 4230  125  250  600  4.00  6.00  8.00  66   1 0.72  66   1 0.93  66   1 0.96  119
   4   7   7 3987  150  700  700  5.00  6.00  6.00  67   1 0.32  67   1 0.49  67   1 0.91  127
   4   8   8 4000  150  700  400  5.00  6.00  6.00  75   1 0.30  84   1 0.79  84  68 0.58  127
 

 LOAD COMBINATIONS:
 ------------------
      #  Controlling Load Combination In Design Summary

  Strength & Deflection Combinations:
     1#  Dead+Collateral+Live
     2#  Dead+Collateral+Live
     3   Dead+Collateral+Floor_Live
     4   Dead+Collateral+Floor_Live
     5   Dead+Collateral+Snow
     6   Dead+Collateral+Snow
     7   Dead+Collateral+Snow+Snow_Drift
     8   Dead+Collateral+Snow+Snow_Drift
     9   Dead+Collateral+Snow+Slide_Snow
    10   Dead+Collateral+Snow+Slide_Snow
    11   Dead
    12   Dead
    13   Dead+Collateral+0.75Snow+0.75Floor_Live
    14   Dead+Collateral+0.75Snow+0.75Floor_Live
    15   Dead+Collateral+0.75Snow+0.75Snow_Drift+0.75Floor_Live
    16   Dead+Collateral+0.75Snow+0.75Snow_Drift+0.75Floor_Live
    17   Dead+Collateral+0.75Snow+0.75Slide_Snow+0.75Floor_Live
    18   Dead+Collateral+0.75Snow+0.75Slide_Snow+0.75Floor_Live
    19   Dead+Collateral+0.75Live+0.75Wind_Left1+0.75Floor_Live
    20   Dead+Collateral+0.75Live+0.75Wind_Right1+0.75Floor_Live
    21   Dead+Collateral+0.75Live+0.75Wind_Left2+0.75Floor_Live
    22   Dead+Collateral+0.75Live+0.75Wind_Right2+0.75Floor_Live
    23   Dead+Collateral+0.75Live+0.75Wind_Long1+0.75Floor_Live+0.75LWIND1_L2E
    24   Dead+Collateral+0.75Live+0.75Wind_Long1+0.75Floor_Live+0.75LWIND1_R2E
    25   Dead+Collateral+0.75Live-0.75Wind_Long1+0.75Floor_Live+0.75LWIND1_L2E
    26   Dead+Collateral+0.75Live-0.75Wind_Long1+0.75Floor_Live+0.75LWIND1_R2E
    27   Dead+Collateral+0.75Live+0.75Wind_Long2+0.75Floor_Live+0.75LWIND2_L2E
    28   Dead+Collateral+0.75Live+0.75Wind_Long2+0.75Floor_Live+0.75LWIND2_R2E
    29   Dead+Collateral+0.75Live-0.75Wind_Long2+0.75Floor_Live+0.75LWIND2_L2E
    30   Dead+Collateral+0.75Live-0.75Wind_Long2+0.75Floor_Live+0.75LWIND2_R2E
    31   Dead+Collateral+0.75Snow+0.75Wind_Left1+0.75Floor_Live
    32   Dead+Collateral+0.75Snow+0.75Wind_Left1+0.75Snow_Drift+0.75Floor_Live
    33   Dead+Collateral+0.75Snow+0.75Wind_Left1+0.75Slide_Snow+0.75Floor_Live
    34   Dead+Collateral+0.75Snow+0.75Wind_Right1+0.75Floor_Live
    35   Dead+Collateral+0.75Snow+0.75Wind_Right1+0.75Snow_Drift+0.75Floor_Live
    36   Dead+Collateral+0.75Snow+0.75Wind_Right1+0.75Slide_Snow+0.75Floor_Live
    37   Dead+Collateral+0.75Snow+0.75Wind_Left2+0.75Floor_Live
    38   Dead+Collateral+0.75Snow+0.75Wind_Left2+0.75Snow_Drift+0.75Floor_Live
    39   Dead+Collateral+0.75Snow+0.75Wind_Left2+0.75Slide_Snow+0.75Floor_Live
    40   Dead+Collateral+0.75Snow+0.75Wind_Right2+0.75Floor_Live
    41   Dead+Collateral+0.75Snow+0.75Wind_Right2+0.75Snow_Drift+0.75Floor_Live
    42   Dead+Collateral+0.75Snow+0.75Wind_Right2+0.75Slide_Snow+0.75Floor_Live
    43   Dead+Collateral+0.75Snow+0.45Wind_Long1+0.75Floor_Live+0.45LWIND1_L2E
    44   Dead+Collateral+0.75Snow+0.45Wind_Long1+0.75Floor_Live+0.45LWIND1_R2E
    45   Dead+Collateral+0.75Snow-0.45Wind_Long1+0.75Floor_Live+0.45LWIND1_L2E
    46   Dead+Collateral+0.75Snow-0.45Wind_Long1+0.75Floor_Live+0.45LWIND1_R2E
    47   Dead+Collateral+0.75Snow+0.45Wind_Long1+0.75Snow_Drift+0.75Floor_Live+0.45LWIND1
    48   Dead+Collateral+0.75Snow+0.45Wind_Long1+0.75Snow_Drift+0.75Floor_Live+0.45LWIND1
    49   Dead+Collateral+0.75Snow-0.45Wind_Long1+0.75Snow_Drift+0.75Floor_Live+0.45LWIND1
    50   Dead+Collateral+0.75Snow-0.45Wind_Long1+0.75Snow_Drift+0.75Floor_Live+0.45LWIND1
    51   Dead+Collateral+0.75Snow+0.45Wind_Long1+0.75Slide_Snow+0.75Floor_Live+0.45LWIND1
    52   Dead+Collateral+0.75Snow+0.45Wind_Long1+0.75Slide_Snow+0.75Floor_Live+0.45LWIND1
    53   Dead+Collateral+0.75Snow-0.45Wind_Long1+0.75Slide_Snow+0.75Floor_Live+0.45LWIND1
    54   Dead+Collateral+0.75Snow-0.45Wind_Long1+0.75Slide_Snow+0.75Floor_Live+0.45LWIND1
    55   Dead+Collateral+0.75Snow+0.45Wind_Long2+0.75Floor_Live+0.45LWIND2_L2E
    56   Dead+Collateral+0.75Snow+0.45Wind_Long2+0.75Floor_Live+0.45LWIND2_R2E
    57   Dead+Collateral+0.75Snow-0.45Wind_Long2+0.75Floor_Live+0.45LWIND2_L2E
    58   Dead+Collateral+0.75Snow-0.45Wind_Long2+0.75Floor_Live+0.45LWIND2_R2E
    59   Dead+Collateral+0.75Snow+0.45Wind_Long2+0.75Snow_Drift+0.75Floor_Live+0.45LWIND2
    60   Dead+Collateral+0.75Snow+0.45Wind_Long2+0.75Snow_Drift+0.75Floor_Live+0.45LWIND2
    61   Dead+Collateral+0.75Snow-0.45Wind_Long2+0.75Snow_Drift+0.75Floor_Live+0.45LWIND2
    62   Dead+Collateral+0.75Snow-0.45Wind_Long2+0.75Snow_Drift+0.75Floor_Live+0.45LWIND2
    63   Dead+Collateral+0.75Snow+0.45Wind_Long2+0.75Slide_Snow+0.75Floor_Live+0.45LWIND2
    64   Dead+Collateral+0.75Snow+0.45Wind_Long2+0.75Slide_Snow+0.75Floor_Live+0.45LWIND2
    65   Dead+Collateral+0.75Snow-0.45Wind_Long2+0.75Slide_Snow+0.75Floor_Live+0.45LWIND2
    66   Dead+Collateral+0.75Snow-0.45Wind_Long2+0.75Slide_Snow+0.75Floor_Live+0.45LWIND2
    67#  0.6Dead+Wind_Left1
    68#  0.6Dead+Wind_Right1
    69   0.6Dead+Wind_Left2
    70   0.6Dead+Wind_Right2
    71   0.6Dead+Wind_Long1+LWIND1_L2E
    72   0.6Dead+Wind_Long1+LWIND1_R2E
    73   0.6Dead-Wind_Long1+LWIND1_L2E
    74   0.6Dead-Wind_Long1+LWIND1_R2E
    75   0.6Dead+Wind_Long2+LWIND2_L2E
    76   0.6Dead+Wind_Long2+LWIND2_R2E
    77   0.6Dead-Wind_Long2+LWIND2_L2E
    78   0.6Dead-Wind_Long2+LWIND2_R2E
    79   1.01Dead+1.01Collateral+0.7Seismic_L
    80   1.01Dead+1.01Collateral+0.7Seismic_R
    81   1.01Dead+1.01Collateral+0.75Live+0.52Seismic_L+0.75Floor_Live
    82   1.01Dead+1.01Collateral+0.75Live+0.52Seismic_R+0.75Floor_Live
    83   1.01Dead+1.01Collateral+0.52Seismic_L+0.75Floor_Live
    84   1.01Dead+1.01Collateral+0.52Seismic_R+0.75Floor_Live
    85   0.59Dead+0.7Seismic_L
    86   0.59Dead+0.7Seismic_R
    87   1.01Dead+1.01Collateral+0.7Seismic_Long
    88   1.01Dead+1.01Collateral-0.7Seismic_Long
    89   1.01Dead+1.01Collateral+0.75Live+0.52Seismic_Long+0.75Floor_Live
    90   1.01Dead+1.01Collateral+0.75Live-0.52Seismic_Long+0.75Floor_Live
    91   1.01Dead+1.01Collateral+0.52Seismic_Long+0.75Floor_Live
    92   1.01Dead+1.01Collateral-0.52Seismic_Long+0.75Floor_Live
    93   0.59Dead+0.7Seismic_Long
    94   0.59Dead-0.7Seismic_Long
    95   Dead+Collateral+F2CRANEA1
    96   Dead+Collateral+F2CRANEA2
    97   Dead+Collateral+F2CRANEA3
    98   Dead+Collateral+F2CRANEA4
    99   Dead+Wind_Left1/2+F2CRANEA1
   100   Dead+Wind_Left2/2+F2CRANEA1
   101   Dead+Wind_Right1/2+F2CRANEA2
   102   Dead+Wind_Right2/2+F2CRANEA2
   103   Dead+Wind_Left1/2+F2CRANEA3
   104   Dead+Wind_Left2/2+F2CRANEA3
   105   Dead+Wind_Right1/2+F2CRANEA4
   106   Dead+Wind_Right2/2+F2CRANEA4
   107   Dead+20Degree+Floor_Live
   108   Dead+20Degree+Floor_Live
   109   Dead-20Degree+Floor_Live
   110   Dead-20Degree+Floor_Live
   111   Dead+Collateral+0.75Live+15Degree+0.75Floor_Live
   112   Dead+Collateral+0.75Live+15Degree+0.75Floor_Live
   113   Dead+Collateral+0.75Live-15Degree+0.75Floor_Live
   114   Dead+Collateral+0.75Live-15Degree+0.75Floor_Live
   115   Dead+Collateral+0.75Snow+15Degree+0.75Floor_Live
   116   Dead+Collateral+0.75Snow+15Degree+0.75Floor_Live
   117   Dead+Collateral+0.75Snow+15Degree+0.75Snow_Drift+0.75Floor_Live
   118   Dead+Collateral+0.75Snow+15Degree+0.75Snow_Drift+0.75Floor_Live
   119   Dead+Collateral+0.75Snow+15Degree+0.75Slide_Snow+0.75Floor_Live
   120   Dead+Collateral+0.75Snow+15Degree+0.75Slide_Snow+0.75Floor_Live
   121   Dead+Collateral+0.75Snow-15Degree+0.75Floor_Live
   122   Dead+Collateral+0.75Snow-15Degree+0.75Floor_Live
   123   Dead+Collateral+0.75Snow-15Degree+0.75Snow_Drift+0.75Floor_Live
   124   Dead+Collateral+0.75Snow-15Degree+0.75Snow_Drift+0.75Floor_Live
   125   Dead+Collateral+0.75Snow-15Degree+0.75Slide_Snow+0.75Floor_Live
   126   Dead+Collateral+0.75Snow-15Degree+0.75Slide_Snow+0.75Floor_Live
  Special Combinations:
   127   1.01Dead+1.01Collateral+2.1Seismic_L
   128   1.01Dead+1.01Collateral+2.1Seismic_R
   129   1.01Dead+1.01Collateral+0.75Live+1.57Seismic_L+0.75Floor_Live
   130   1.01Dead+1.01Collateral+0.75Live+1.57Seismic_R+0.75Floor_Live
   131   1.01Dead+1.01Collateral+1.57Seismic_L+0.75Floor_Live
   132   1.01Dead+1.01Collateral+1.57Seismic_R+0.75Floor_Live
   133   0.59Dead+2.1Seismic_L
   134   0.59Dead+2.1Seismic_R
   135   1.01Dead+1.01Collateral+2.1Seismic_L
   136   1.01Dead+1.01Collateral+2.1Seismic_R
   137   1.01Dead+1.01Collateral+0.75Live+1.57Seismic_L+0.75Floor_Live
   138   1.01Dead+1.01Collateral+0.75Live+1.57Seismic_R+0.75Floor_Live
   139   1.01Dead+1.01Collateral+1.57Seismic_L+0.75Floor_Live
   140   1.01Dead+1.01Collateral+1.57Seismic_R+0.75Floor_Live
   141   0.59Dead+2.1Seismic_L
   142   0.59Dead+2.1Seismic_R

 PLATE LIMITS:
 -------------
       -----Web----  -----Flange----                  Web_Depth/     Web_Area/
  Seg   Depth/Thick  Width/(2xThick)  ---Flange---  Flange_Width   Flange_Area
   Id   Calc  Limit    Calc  Limit    Thick    Min   Calc  Limit   Calc  Limit
  ---  -----  -----   -----  -----    -----  -----  -----  -----  -----  -----
    1  140.0  180.0    12.5   16.5     6.00           4.7           3.9   10.0
    2  140.0  180.0    12.5   16.5     6.00           4.7           3.9   10.0
    3  150.0  180.0    10.4   16.5     6.00           4.8           3.2   10.0
    4  112.5  180.0    12.5   16.5     5.00           3.6           2.9   10.0
    5  112.5  180.0    12.5   16.5     5.00           3.6           2.9   10.0
    6  150.0  180.0    10.4   16.5     6.00           4.8           3.2   10.0
    7  140.0  180.0    12.5   16.5     6.00           4.7           3.9   10.0
    8  140.0  180.0    12.5   16.5     6.00           4.7           3.9   10.0

 FRAME AREA:
 ----------
    Frame    Area=    18.3
    Building Area=   196.3
            Ratio=    0.09


 WEIGHTS:
 --------

    Member             1     2     3     4     5     6     7     8
    ----------     ----- ----- ----- ----- ----- ----- ----- -----
    Weight (kg)      143   145   118   141   142   116   145   143 

                      Total Weight (kg)
                        Frame         =     1093
                        Splice Plate  =      167
                        Base   Plate  =       35
                                        --------
                                            1296
 


 REACTIONS - Sidewall Columns:
 -----------------------------

   Load   ----------Left_Column----------   ----------Right_Column---------
     Id   Fx(kN)  Fy(kN)  Fz(kN)  M(kN-m)   Fx(kN)  Fy(kN)  Fz(kN)  M(kN-m)  
   ----   ------ ------- ------- --------   ------ ------- ------- --------
      1    31.45   54.41    0.00   -69.55   -31.45   54.39    0.00    72.47
      2    31.45   54.47    0.00   -71.59   -31.45   54.33    0.00    70.43
      3     7.84   15.62    0.00   -17.12    -7.84   15.61    0.00    17.92
      4     7.84   15.63    0.00   -17.70    -7.84   15.60    0.00    17.33
      5     7.84   15.62    0.00   -17.12    -7.84   15.61    0.00    17.92
      6     7.84   15.63    0.00   -17.70    -7.84   15.60    0.00    17.33
      7     7.84   15.62    0.00   -17.12    -7.84   15.61    0.00    17.92
      8     7.84   15.63    0.00   -17.70    -7.84   15.60    0.00    17.33
      9     7.84   15.62    0.00   -17.12    -7.84   15.61    0.00    17.92
     10     7.84   15.63    0.00   -17.70    -7.84   15.60    0.00    17.33
     11     5.75   12.20    0.00   -12.50    -5.75   12.19    0.00    13.11
     12     5.75   12.21    0.00   -12.95    -5.75   12.18    0.00    12.66
     13     7.84   15.62    0.00   -17.12    -7.84   15.61    0.00    17.92
     14     7.84   15.63    0.00   -17.70    -7.84   15.60    0.00    17.33
     15     7.84   15.62    0.00   -17.12    -7.84   15.61    0.00    17.92
     16     7.84   15.63    0.00   -17.70    -7.84   15.60    0.00    17.33
     17     7.84   15.62    0.00   -17.12    -7.84   15.61    0.00    17.92
     18     7.84   15.63    0.00   -17.70    -7.84   15.60    0.00    17.33
     19     5.51   21.11    0.00    -5.46   -25.81   27.91    0.00    60.83
     20    25.81   27.95    0.00   -60.45    -5.51   21.08    0.00     5.82
     21     5.04   31.29    0.00   -10.31   -25.35   38.09    0.00    66.10
     22    25.35   38.14    0.00   -65.56    -5.05   31.24    0.00    10.84
     23    18.22    4.64    8.92   -36.90   -17.80    8.19    9.14    30.23
     24    17.80    8.50    8.92   -29.92   -18.22    4.33    9.14    37.20
     25    18.38   27.49    0.00   -36.48   -17.95   31.59    0.00    29.71
     26    17.95   31.34    0.00   -29.44   -18.38   27.73    0.00    36.75
     27    19.89   14.83    8.92   -44.74   -19.46   18.36    9.14    38.19
     28    19.46   18.68    8.92   -37.72   -19.89   14.50    9.14    45.21
     29    20.04   37.67    0.00   -44.32   -19.61   41.76    0.00    37.68
     30    19.61   41.53    0.00   -37.24   -20.04   37.90    0.00    44.76
     31   -12.26   -7.99    0.00    34.05    -8.04   -1.17    0.00    20.13
     32   -12.26   -7.99    0.00    34.05    -8.04   -1.17    0.00    20.13
     33   -12.26   -7.99    0.00    34.05    -8.04   -1.17    0.00    20.13
     34     8.04   -1.18    0.00   -20.23    12.26   -7.98    0.00   -34.16
     35     8.04   -1.18    0.00   -20.23    12.26   -7.98    0.00   -34.16
     36     8.04   -1.18    0.00   -20.23    12.26   -7.98    0.00   -34.16
     37   -12.70    2.19    0.00    29.19    -7.60    9.01    0.00    25.39
     38   -12.70    2.19    0.00    29.19    -7.60    9.01    0.00    25.39
     39   -12.70    2.19    0.00    29.19    -7.60    9.01    0.00    25.39
     40     7.60    9.01    0.00   -25.34    12.70    2.19    0.00   -29.15
     41     7.60    9.01    0.00   -25.34    12.70    2.19    0.00   -29.15
     42     7.60    9.01    0.00   -25.34    12.70    2.19    0.00   -29.15
     43     3.41   -8.43    5.35    -5.17    -3.15   -6.28    5.48     1.01
     44     3.15   -6.12    5.35    -1.03    -3.41   -8.60    5.48     5.15
     45     3.51    5.27    0.00    -4.91    -3.25    7.76    0.00     0.70
     46     3.25    7.59    0.00    -0.74    -3.51    5.44    0.00     4.86
     47     3.41   -8.43    5.35    -5.17    -3.15   -6.28    5.48     1.01
     48     3.15   -6.12    5.35    -1.03    -3.41   -8.60    5.48     5.15
     49     3.51    5.27    0.00    -4.91    -3.25    7.76    0.00     0.70
     50     3.25    7.59    0.00    -0.74    -3.51    5.44    0.00     4.86
     51     3.41   -8.43    5.35    -5.17    -3.15   -6.28    5.48     1.01
     52     3.15   -6.12    5.35    -1.03    -3.41   -8.60    5.48     5.15
     53     3.51    5.27    0.00    -4.91    -3.25    7.76    0.00     0.70
     54     3.25    7.59    0.00    -0.74    -3.51    5.44    0.00     4.86
     55     4.42   -2.32    5.35    -9.87    -4.16   -0.18    5.48     5.78
     56     4.16   -0.01    5.35    -5.71    -4.42   -2.50    5.48     9.94
     57     4.51   11.39    0.00    -9.61    -4.26   13.86    0.00     5.48
     58     4.26   13.70    0.00    -5.43    -4.51   11.54    0.00     9.66
     59     4.42   -2.32    5.35    -9.87    -4.16   -0.18    5.48     5.78
     60     4.16   -0.01    5.35    -5.71    -4.42   -2.50    5.48     9.94
     61     4.51   11.39    0.00    -9.61    -4.26   13.86    0.00     5.48
     62     4.26   13.70    0.00    -5.43    -4.51   11.54    0.00     9.66
     63     4.42   -2.32    5.35    -9.87    -4.16   -0.18    5.48     5.78
     64     4.16   -0.01    5.35    -5.71    -4.42   -2.50    5.48     9.94
     65     4.51   11.39    0.00    -9.61    -4.26   13.86    0.00     5.48
     66     4.26   13.70    0.00    -5.43    -4.51   11.54    0.00     9.66
     67   -23.38  -24.16    0.00    60.75    -3.70  -15.06    0.00    10.86
     68     3.70  -15.09    0.00   -11.18    23.37  -24.13    0.00   -61.08
     69   -23.95  -10.58    0.00    54.32    -3.12   -1.49    0.00    17.91
     70     3.13   -1.50    0.00   -18.04    23.95  -10.57    0.00   -54.46
     71    -6.44  -46.15   11.89    19.65     7.00  -41.33   12.18   -29.10
     72    -7.00  -40.99   11.89    28.69     6.44  -46.48   12.18   -20.06
     73    -6.20  -15.68    0.00    20.20     6.77  -10.13    0.00   -29.82
     74    -6.77  -10.53    0.00    29.35     6.20  -15.28    0.00   -20.66
     75    -4.17  -32.56   11.89     9.19     4.74  -27.76   12.18   -18.52
     76    -4.74  -27.41   11.89    18.31     4.17  -32.92   12.18    -9.39
     77    -3.95   -2.10    0.00     9.74     4.51    3.43    0.00   -19.23
     78    -4.51    3.05    0.00    18.97     3.95   -1.71    0.00   -10.00
     79     7.06   15.63    0.00   -12.54    -8.77   15.91    0.00    22.85
     80     8.77   15.93    0.00   -22.63    -7.06   15.61    0.00    12.76
     81    25.00   44.78    0.00   -53.64   -26.27   44.94    0.00    61.98
     82    26.27   45.00    0.00   -61.27   -25.00   44.72    0.00    54.35
     83     7.28   15.67    0.00   -13.84    -8.55   15.87    0.00    21.55
     84     8.55   15.89    0.00   -21.33    -7.28   15.65    0.00    14.05
     85     2.54    7.05    0.00    -2.49    -4.25    7.34    0.00    12.62
     86     4.25    7.35    0.00   -12.53    -2.54    7.04    0.00     2.58
     87     7.92   14.41    1.07   -17.59    -7.92   14.38    1.08    17.80
     88     7.94   17.15    0.00   -17.53    -7.94   17.14    0.00    17.75
     89    25.64   43.87    0.80   -57.45   -25.64   43.80    0.80    58.17
     90    25.65   45.91    0.00   -57.41   -25.65   45.85    0.00    58.13
     91     7.92   14.76    0.80   -17.59    -7.92   14.74    0.80    17.80
     92     7.93   16.80    0.00   -17.54    -7.93   16.78    0.00    17.76
     93     3.39    5.83    1.07    -7.51    -3.39    5.81    1.08     7.60
     94     3.41    8.57    0.00    -7.45    -3.41    8.57    0.00     7.54
     95     7.92   77.70    0.00    12.16   -15.92   36.10    0.00    53.96
     96    15.81   78.68    0.00   -28.40    -7.81   35.12    0.00    13.48
     97     7.48   35.01    0.00    -9.79   -15.48   78.79    0.00    31.12
     98    15.60   35.99    0.00   -50.26    -7.60   77.81    0.00    -9.45
     99    -7.63   58.57    0.00    49.75   -13.90   21.46    0.00    49.53
    100    -7.93   65.36    0.00    46.62   -13.61   28.25    0.00    53.15
    101    13.92   64.03    0.00   -24.51     7.62   16.01    0.00   -24.75
    102    13.62   70.82    0.00   -27.90     7.91   22.78    0.00   -21.39
    103    -7.95   15.87    0.00    28.13   -13.59   64.16    0.00    26.93
    104    -8.24   22.66    0.00    24.88   -13.29   70.95    0.00    30.43
    105    13.58   21.33    0.00   -46.14     7.95   58.71    0.00   -47.35
    106    13.29   28.13    0.00   -49.64     8.25   65.48    0.00   -44.11
    107     6.27   12.20    0.00   -16.49    -6.27   12.19    0.00    17.10
    108     6.27   12.21    0.00   -16.94    -6.27   12.18    0.00    16.65
    109     5.23   12.20    0.00    -8.51    -5.23   12.19    0.00     9.12
    110     5.23   12.21    0.00    -8.97    -5.23   12.18    0.00     8.66
    111    25.94   44.71    0.00   -59.44   -25.94   44.70    0.00    61.83
    112    25.94   44.76    0.00   -61.11   -25.94   44.65    0.00    60.15
    113    25.18   44.71    0.00   -53.44   -25.18   44.70    0.00    55.83
    114    25.18   44.76    0.00   -55.12   -25.18   44.65    0.00    54.15
    115     8.23   15.62    0.00   -20.11    -8.23   15.61    0.00    20.91
    116     8.23   15.63    0.00   -20.70    -8.23   15.60    0.00    20.33
    117     8.23   15.62    0.00   -20.11    -8.23   15.61    0.00    20.91
    118     8.23   15.63    0.00   -20.70    -8.23   15.60    0.00    20.33
    119     8.23   15.62    0.00   -20.11    -8.23   15.61    0.00    20.91
    120     8.23   15.63    0.00   -20.70    -8.23   15.60    0.00    20.33
    121     7.45   15.62    0.00   -14.13    -7.45   15.61    0.00    14.93
    122     7.45   15.63    0.00   -14.71    -7.45   15.60    0.00    14.34
    123     7.45   15.62    0.00   -14.13    -7.45   15.61    0.00    14.93
    124     7.45   15.63    0.00   -14.71    -7.45   15.60    0.00    14.34
    125     7.45   15.62    0.00   -14.13    -7.45   15.61    0.00    14.93
    126     7.45   15.63    0.00   -14.71    -7.45   15.60    0.00    14.34


 DEFLECTIONS:
 ------------

          Lateral Defl
  Load    @ Top Of Col   Vert Defl
   Id     Left   Right   On Rafter
  ----    ----   -----  ---------
    1    -10.7    12.4   -116.8
    2    -11.7    11.4   -116.8
    3     -2.6     3.1    -28.9
    4     -2.9     2.8    -28.9
    5     -2.6     3.1    -28.9
    6     -2.9     2.8    -28.9
    7     -2.6     3.1    -28.9
    8     -2.9     2.8    -28.9
    9     -2.6     3.1    -28.9
   10     -2.9     2.8    -28.9
   11     -1.9     2.3    -21.2
   12     -2.2     2.0    -21.2
   13     -2.6     3.1    -28.9
   14     -2.9     2.8    -28.9
   15     -2.6     3.1    -28.9
   16     -2.9     2.8    -28.9
   17     -2.6     3.1    -28.9
   18     -2.9     2.8    -28.9
   19      4.4    14.6    -50.9
   20    -14.3    -4.2    -50.8
   21      2.8    16.5    -70.3
   22    -16.1    -2.4    -70.2
   23     -6.5     2.3    -43.2
   24     -2.1     6.7    -43.2
   25     -6.5     2.3    -43.1
   26     -2.1     6.7    -43.1
   27     -8.4     4.3    -63.7
   28     -4.0     8.7    -63.7
   29     -8.4     4.3    -63.6
   30     -4.0     8.7    -63.6
   31     10.6     7.8     15.0
   32     10.6     7.8     15.0
   33     10.6     7.8     15.0
   34     -7.8   -10.7     15.1
   35     -7.8   -10.7     15.1
   36     -7.8   -10.7     15.1
   37      8.9     9.7     -4.4
   38      8.9     9.7     -4.4
   39      8.9     9.7     -4.4
   40     -9.6    -8.9     -4.3
   41     -9.6    -8.9     -4.3
   42     -9.6    -8.9     -4.3
   43     -1.2    -1.4      2.0
   44      1.4     1.2      2.0
   45     -1.2    -1.4      2.1
   46      1.4     1.2      2.1
   47     -1.2    -1.4      2.0
   48      1.4     1.2      2.0
   49     -1.2    -1.4      2.1
   50      1.4     1.2      2.1
   51     -1.2    -1.4      2.0
   52      1.4     1.2      2.0
   53     -1.2    -1.4      2.1
   54      1.4     1.2      2.1
   55     -2.3    -0.2    -10.3
   56      0.3     2.4    -10.3
   57     -2.3    -0.2    -10.2
   58      0.3     2.4    -10.2
   59     -2.3    -0.2    -10.3
   60      0.3     2.4    -10.3
   61     -2.3    -0.2    -10.2
   62      0.3     2.4    -10.2
   63     -2.3    -0.2    -10.3
   64      0.3     2.4    -10.3
   65     -2.3    -0.2    -10.2
   66      0.3     2.4    -10.2
   67     16.5     7.6     45.8
   68     -7.8   -16.8     45.9
   69     14.3    10.2     20.0
   70    -10.3   -14.4     20.1
   71      2.3    -8.3     56.1
   72      8.0    -2.6     56.1
   73      2.3    -8.4     56.2
   74      8.1    -2.7     56.2
   75     -0.2    -5.7     28.8
   76      5.6     0.0     28.8
   77     -0.2    -5.8     28.9
   78      5.6     0.0     28.9
   79     -0.3     5.5    -29.2
   80     -5.4     0.4    -29.2
   81     -7.2    11.6    -95.1
   82    -11.1     7.7    -95.1
   83     -0.9     4.9    -29.2
   84     -4.7     1.1    -29.2
   85      1.3     3.8    -12.5
   86     -3.7    -1.3    -12.5
   87     -2.8     3.0    -29.2
   88     -2.8     3.0    -29.2
   89     -9.1     9.7    -95.1
   90     -9.1     9.7    -95.1
   91     -2.8     3.0    -29.2
   92     -2.8     3.0    -29.2
   93     -1.2     1.3    -12.5
   94     -1.2     1.3    -12.5
   95     14.6    19.8    -27.3
   96     -3.9     1.3    -27.3
   97      0.9     6.2    -27.4
   98    -17.6   -12.4    -27.3
   99     23.5    21.5     13.5
  100     22.5    22.8    -11.0
  101     -6.0    -8.0      9.8
  102     -7.2    -6.8     -3.1
  103     10.0     8.0      9.6
  104      8.9     9.3     -4.0
  105    -19.5   -21.5     12.5
  106    -20.8   -20.4     -9.8
  107     -4.1     4.5    -16.7
  108     -4.3     4.2    -16.7
  109      0.3     0.1    -25.7
  110      0.0    -0.2    -25.7
  111    -10.3    11.7    -91.5
  112    -11.2    10.9    -91.5
  113     -7.0     8.4    -98.2
  114     -7.9     7.6    -98.2
  115     -4.3     4.7    -25.6
  116     -4.6     4.4    -25.6
  117     -4.3     4.7    -25.6
  118     -4.6     4.4    -25.6
  119     -4.3     4.7    -25.6
  120     -4.6     4.4    -25.6
  121     -1.0     1.4    -32.3
  122     -1.3     1.1    -32.3
  123     -1.0     1.4    -32.3
  124     -1.3     1.1    -32.3
  125     -1.0     1.4    -32.3
  126     -1.3     1.1    -32.3


 DEFLECTIONS RATIO:
 ------------------

          Lateral Defl
  Load    @ Top Of Col   Vert Defl
   Id     Left   Right   On Rafter
  ----    ----   -----  ---------
    1      745     645     192 
    2      680     703     192 
    3     3034    2588     776 
    4     2727    2863     776 
    5     3034    2588     776 
    6     2727    2863     776 
    7     3034    2588     776 
    8     2727    2863     776 
    9     3034    2588     776 
   10     2727    2863     776 
   11     4159    3523    1059 
   12     3712    3924    1060 
   13     3034    2588     776 
   14     2727    2863     776 
   15     3034    2588     776 
   16     2727    2863     776 
   17     3034    2588     776 
   18     2727    2863     776 
   19     1796     546     441 
   20      557    1910     442 
   21     2878     483     319 
   22      494    3333     320 
   23     1229    3403     520 
   24     3759    1188     520 
   25     1229    3464     520 
   26     3812    1190     520 
   27      952    1843     352 
   28     2000     915     352 
   29      952    1860     353 
   30     2015     916     353 
   31      753    1030    1500 
   32      753    1030    1500 
   33      753    1030    1500 
   34     1021     747    1491 
   35     1021     747    1491 
   36     1021     747    1491 
   37      894     826    5108 
   38      894     826    5108 
   39      894     826    5108 
   40      830     896    5214 
   41      830     896    5214 
   42      830     896    5214 
   43     6676    5632   10990 
   44     5691    6753   10963 
   45     6691    5546   10849 
   46     5636    6816   10888 
   47     6676    5632   10990 
   48     5691    6753   10963 
   49     6691    5546   10849 
   50     5636    6816   10888 
   51     6676    5632   10990 
   52     5691    6753   10963 
   53     6691    5546   10849 
   54     5636    6816   10888 
   55     3430   35406    2191 
   56    28566    3351    2190 
   57     3434   32293    2200 
   58    27223    3366    2198 
   59     3430   35406    2191 
   60    28566    3351    2190 
   61     3434   32293    2200 
   62    27223    3366    2198 
   63     3430   35406    2191 
   64    28566    3351    2190 
   65     3434   32292    2200 
   66    27223    3366    2198 
   67      483    1051     490 
   68     1020     476     489 
   69      558     785    1123 
   70      778     554    1116 
   71     3414     957     400 
   72      993    3024     400 
   73     3429     949     399 
   74      988    3010     400 
   75    42498    1399     780 
   76     1438   99999     780 
   77    40462    1383     777 
   78     1427   99999     778 
   79    30898    1447     768 
   80     1490   19228     768 
   81     1106     689     236 
   82      721    1032     236 
   83     8736    1642     768 
   84     1698    7454     768 
   85     5975    2097    1795 
   86     2136    6286    1798 
   87     2844    2692     768 
   88     2846    2694     768 
   89      873     826     236 
   90      873     826     236 
   91     2844    2692     768 
   92     2845    2693     768 
   93     6650    6294    1796 
   94     6662    6306    1797 
   95      547     403     823 
   96     2040    6181     823 
   97     8762    1297     818 
   98      454     646     822 
   99      339     371    1663 
  100      355     349    2046 
  101     1333     992    2289 
  102     1112    1166    7243 
  103      796     996    2336 
  104      896     860    5624 
  105      409     370    1795 
  106      384     391    2282 
  107     1943    1791    1345 
  108     1840    1889    1345 
  109    29623   99999     874 
  110    99999   51381     874 
  111      772     682     245 
  112      714     735     245 
  113     1133     949     228 
  114     1011    1055     228 
  115     1868    1689     878 
  116     1747    1801     878 
  117     1868    1689     878 
  118     1747    1801     878 
  119     1868    1689     878 
  120     1747    1801     878 
  121     8067    5538     695 
  122     6210    6969     695 
  123     8067    5538     695 
  124     6210    6969     695 
  125     8067    5538     695 
  126     6210    6969     695 

 MAX DEFLECTION:
 ---------------
                      Load  Deflect  Span/Deflect
    Type                Id     (mm)   Calc  Limit
    ----------------  ----  -------  -----  -----
    Live  Vertical            -87.8   256.   150.
    Total Vertical       1   -116.8   192.   150.
    Horizontal Drift    99     23.5   339.    75.
    Horizontal Total    99     23.5   339.    75.

    Horizontal Spring Constant= 0.675 kN/mm

 CRANE/FLOOR DEFLECTION:
 -----------------------
                         Height  Load  Deflect    Span/
    Id       Locate        (mm)    Id     (mm)  Deflect   Limit
    -------  ----------  ------  ----  -------  -------  ------
    Crane1   Left  Col     6000    99     17.8     337.    100.
    Crane1   Right Col     6000   100     17.2     348.    100.


 P-DELTA - Effective Length:
 -----------------------------
  CONVERGENCE CHECK:
                Max
            Deflect
    Column    Ratio
    ------  -------
    Left     0.0432   
    Right    0.0447   

  MAXIMUM DRIFT CHECK:
           Max_Drift(mm)  Second/
    Load  First   Second   First
     Id    Order   Order   Ratio
    ----  ------  ------  -------
    109      0.2     0.3    1.75
 
================================================================================
 C323-153            Frame  2 - Crane Brackets              23/JUL/2025 11:20am
================================================================================

 CRANE LAYOUT:
 -------------
   Crane        Span  -Offset(mm)-
     Id   Type   Id    Left  Right
   -----  ----  ----  -----  -----
      1    TG     1    1200   1095

 BRACKET DESIGN:
 --------------
   Crane                   Factored_Shear(kN)  Factored_Moment(kN-m)
     Id   Side   Part       Calc  Limit    UC    Calc  Limit    UC
   -----  -----  --------  -----  -----  ----   -----  -----  ----
      1   Left   W35b228   63.04 191.96  0.33   16.26 120.40  0.14
      1   Right  W35b228   63.04 191.96  0.33    9.64 120.40  0.08
 

 STIFFENER DESIGN:
 -----------------
   Crane                     -Stiffener_Size(mm)-  -----Force(kN)----
     Id   Side   Locate      Width  Thick  Length   Calc  Limit    UC
   -----  -----  ----------  -----  -----  ------  -----  -----  ----
      1   Left   Top Flange   70.0   6.00   700.0 -44.44 136.40  0.33
      1   Left   Bot Flange   70.0   6.00   700.0  44.44 265.56  0.17
      1   Left   Crane Beam  140.0   6.00   700.0   0.00 309.99  0.00
      1   Left   Diagonal    (a)     
      1   Left   Bracket     (a)     
      1   Right  Top Flange   70.0   6.00   700.0 -26.35 136.40  0.19
      1   Right  Bot Flange   70.0   6.00   700.0   0.00 136.40  0.00
      1   Right  Crane Beam  140.0   6.00   700.0   0.00 309.99  0.00
      1   Right  Diagonal    (a)     
      1   Right  Bracket     (a)     

                             (a)Not Required
================================================================================
 C323-153            Frame  2 - Rigid Frame Clearances      23/JUL/2025 11:20am
================================================================================

 VERTICAL CLEARANCE:
 -------------------
   Location                          Span    X_Coord    Y_Coord
   ------------------------       -------   --------   --------
   Left                              7447        944       7447 
   Right                             7447      21526       7447 
   Midspan                           8629      11235       8629 

 HORIZONTAL CLEARANCE:
 ---------------------
   Location                          Span   X_CoordL   X_CoordR
   ------------------------       -------   --------   --------
   Left  - Right                    20586        942      21528 



 CRANE VERTICAL CLEARANCE:
 -------------------------
   Crane  Location          Clear    X_Coord   Y_Coord
   -----  ----------    ---------   --------  --------
      1   Left               1447        944      7447 

 CRANE HORIZONTAL CLEARANCE:
 ----------------------------
   Crane  Location          Clear    X_Coord   Y_Coord
   -----  ----------    ---------   --------  --------
      1   Left                164        936      6000 
      1   Right                59      21534      6000 
================================================================================
 C323-153            Frame  2 - Weight Summary              23/JUL/2025 11:20am
================================================================================

                      Total Weight (kg)
                        Frame         =     1093
                        Splice Plate  =      167
                        Base   Plate  =       35
                                        --------
                                            1296
 
================================================================================
 C323-153            Frame  2 - Warning Summary             23/JUL/2025 11:20am
================================================================================

                   .. No Warnings
