*===============================================================================
*C323-153            Sidewall Design Input                  23/JUL/2025 11:20am
*===============================================================================
 
*( 1)JOBID:
    'C323-153'
 
*( 2)PROGRAM OPTIONS:
*Sidewall  Run    Run    Lap
*   Id     Girt   Panel Stiff
   'F'      'Y'   'Y'    0.50
 
*( 3)DESIGN CODE:
*Design  ---Steel_Code---             ---Build---   Code     Seismic
* Code   Cold       Hot      Country  Code   Year   Label     Zone
  'WS'  'NAUS07  ' 'AISC05'  '    '  'MBMA'  '10'  'MBMA 10 ' 'B  '
 
*( 4)DESIGN CONSTANTS:
*               ---Strength_Factors--
* Stress_Ratio          ---Seismic---
* Girt   Panel    Wind   Frame  Brace
  1.00    1.00  1.0000  1.0000 1.0000
 
*( 5)STEEL YIELDS:
* Web   Flg  C_Sec  W_Sec  R_Sec  P_Sec  T_Sec  U_Sec    EP     BP
  345   345    345    345    235    345    317    235   345    345
 
*( 6)DEFLECTION LIMITS:
* ---Girt---  --Panel---
* Wall Facia  Wall Facia
   90.  120.   90.  120.
 
*( 7)REPORTS:
*   Input  Wall  Door  Wall
*   Echo   Girt  Jamb  Panel
    'Y'    'Y'   'Y'   'Y'
 
*( 8)BUILDING LAYOUT:
*---------Build----------   -----Left_Expand_EW-----   -----Right_Expand_EW----
* Type    Width    Length   Use  Opt  Extend  Offset   Use  Opt  Extend  Offset
 'FF-'  22470.0   36270.0  'Y '  '-'    0.00  440.00  'Y '  '-'    0.00  440.00
 
*( 9)WALL LAYOUT:
* Id  Use     Type Opt     Start   Length
   2 'FRONT '  '-' '-'       0.0  36270.0
 
*(10)SURFACE SHAPE:
* No.    X_Coord  Y_Coord  Offset
   4         0.0   8170.0  200.00
         11235.0   9293.5  200.00
         22470.0   8170.0  200.00
         22470.0      0.0  200.00
 
*(11)SIDEWALL BAY SPACING:
*   No.   ---Bay_Set---
*  Sets     Width  Quan
     6     6200.0    1
           5990.0    1
           5730.0    1
           6230.0    1
           5870.0    1
           6250.0    1
 
*(12)WALL OPENINGS:
*         ----Bay---                            Sill   Base    Set  Panel  JambL/JambR/Header/Sill
*No.  Id  Id  Offset  Type    Width   Height  Height   Elev  Depth   Opt    Type    Part
  0
 
*(13)PARTIAL WALLS:
*                --Bay_Id-  ----Offset----          Jamb Base  Top Full_Load  ------Panel------  Deflect_Limit
*No. Id  Use Opt Start End   Start     End   Height Type Type Type Girt  Col  Part      Opt Rot   Girt   Panel
  1   2  'P' 'O'    1    6     0.0     0.0   2500.0  '-'  '-'  '-'  'N'  'Y' '--------' '-' '-'   90.0    90.0
 
*(14)GIRT DESIGN:
*Girt  --Flange_Strap--    Set     Set     Max
*Type  Out  In    Space  Depth     Lap   Space
 'ZB'  'C'  'Y'  2250.0 200.00     0.0  1500.0
 
*(15)GIRT LOCATION:
* Set
* Loc   No.   Location
  'Y'    4    2580.0   4080.0   5580.0   7080.0
 
*(16)SPECIAL GIRT:
*     --Bay_Id--
*No.  Start  End   Height  Type  Rot  Part       Use
  0
 
*(17)PANELS/GUTTERS:
*--Wall_Panel--  -----Gutter-----  ------Insulation-----  Stand
* Part      Rot  Use  Type  Width  Use  Thick  Part       Seam
 '45250 .5' '-'  '-'  'Y'    0.00  'N'   0.00 '--------'  'N'
 
*(18)LINER PANELS:
*      --Bay_Id-                       Flange
*No.   Start End    Height   Part       Opt
  0
 
*(19)FACIA/PARAPET:
*                     -Bay_Id--    Horz -Vertical_Size-   --Edge_Extend-           Beam
* No.   Id  Type Opt  Start End   Width    Elev  Height     Left   Right  Mount     Lap
   0
 
*(20)FACIA/PARAPET GIRTS:
*Ext ---Top--  Interior  -Gutter-    Set
*Id  Type Rot  Type Rot  Type Rot  Depth
 
*(21)FACIA/PARAPET PANELS:
*Ext  Front      -----Back----    Angle
*Id   Part       Part      Rot  Spacing
 
*(22)LOAD GROUPS:
*    Group
*No.   Id   Description
   1  '-'  'Standard            '
 
*(23)BASIC LOADS:
*              ---Deflection---    Wind
*Group Basic      Load_Ratio       Load  -------Seismic-------
*  Id   Wind   Snow  Wind  Seis  Factor   Dead   Coeff  Factor
  '-' 0.5542   1.00  1.00  1.00    1.00 0.0957  0.0000    1.00
 
*(24)EDGE ZONE:
*                                    ---Ratio---
*Group -Left_Zone--   -Right_Zone-   Girt/
*  Id  Width   Base   Width   Base   Jamb  Panel
  '-'   2247      0    2247      0   1.07   1.00
 
*(25)WIND PRESSURE/SUCTION:
*Group   Wind    Wind
*  Id   Press    Suct
  '-'  0.4844 -0.5342    .. Girt/Header
  '-'  0.5986 -0.6485    .. Panel
  '-'  0.4844 -0.5342    .. Jamb
  '-'  0.0000  0.0000    .. Parapet Girt
 
*(26)GIRT LAPS:
*      Data  ------Set_1-------  ------Set_2-------  ------Set_3-------
* Opt  Sets  Left    Right Quan  Left    Right Quan  Left    Right Quan
  '-'   0
 
*(27)GIRT STRAPS:
*     Data  ---Set_1---  ---Set_2---  ---Set_3---  ---Set_4---
*Opt  Sets  Strap  Quan  Strap  Quan  Strap  Quan  Strap  Quan
 '-'   0
 
*(28)EXPANSION JOINTS:
* No.  Expansion_Location
   0
 
*(29)BEAMS:
*     Bay
*No.   Id Use    Height   Offset  Locate1  Locate2
  0
 
*(30)DESIGN CODE OPTIONS:
*No.   Event                         Condition
  0
 
*(31)PANEL SCREWS:
* No.                                    Washer
*Zone Zone   Part          Dia    Limit     Dia  -------Spacing------
   2 'INT ' '14x20SDS'    4.80   13.700   19.00  250.00 125.00  83.33
     'EDGE' '14x20SDS'    4.80   13.700   19.00  250.00 125.00  83.33
 
*(32)GIRT LAYOUT:
*      Bay                                    -----Extend----   Frame_Opt  -Frame_Id-
*  No.  Id   Locate  Type  Rot Opt  Part         Left   Right  Left Right  Left Right
    0
 
* Code files used:
*   MBMA.10N
*   EW_MBMA.10N Version 4.0


================================================================================
 C323-153            Wall 2 - Design Code                   23/JUL/2025 11:20am
================================================================================

 STRUCTURAL CODE:
 ----------------
   Design Basis      : WS - Working Stress
   Hot  Rolled Steel : AISC05
   Cold Formed Steel : NAUS07  

 BUILDING CODE:
 --------------
   Wind Code         : MBMA 10
   Seismic Zone      : B  

 MODULUS OF ELASTICITY:
 ----------------------
   Hot  Rolled Steel : 199955 (MN/m2)
   Cold Formed Steel : 203403 (MN/m2)
 

================================================================================
 C323-153            Wall 2 - Bypass Girt Layout            23/JUL/2025 11:20am
================================================================================

 GIRT LAYOUT:
 ------------
         Des Bay             Bay_Offset Design ---Extend--         ----Max_Load---
  Locate  Id  Id Part       Start   End Length  Left Right Weight  Id   UC Report  Rot
  ------ --- --- --------   ----- ----- ------ ----- ----- ------  -- ---- ------- ---
    2580   1   1 200Z15       440  6200   5760     0   330   24.7  WS 0.24 Moment   D
               2 200Z15         0  5990   5990   330   330   27.0  WS 0.25 Moment   D
               3 200Z15         0  5730   5730   330   330   25.9  WS 0.21 Moment   D
               4 200Z15         0  6230   6230   330   330   28.0  WS 0.20 Moment   D
               5 200Z15         0  5870   5870   330   330   26.5  WS 0.25 Moment   D
               6 200Z15         0  5810   5810   330     0   24.9  WS 0.25 Moment   D
  ------ --- --- --------   ----- ----- ------ ----- ----- ------  -- ---- ------- ---
    4080   2   1 200Z15       440  6200   5760     0   330   24.7  WS 0.46 Moment   D
               2 200Z15         0  5990   5990   330   330   27.0  WS 0.48 Moment   D
               3 200Z15         0  5730   5730   330   330   25.9  WS 0.39 Moment   D
               4 200Z15         0  6230   6230   330   330   28.0  WS 0.38 Moment   D
               5 200Z15         0  5870   5870   330   330   26.5  WS 0.47 Moment   D
               6 200Z15         0  5810   5810   330     0   24.9  WS 0.47 Moment   D
  ------ --- --- --------   ----- ----- ------ ----- ----- ------  -- ---- ------- ---
    5580   3   1 200Z15       440  6200   5760     0   330   24.7  WS 0.46 Moment   D
               2 200Z15         0  5990   5990   330   330   27.0  WS 0.48 Moment   D
               3 200Z15         0  5730   5730   330   330   25.9  WS 0.39 Moment   D
               4 200Z15         0  6230   6230   330   330   28.0  WS 0.38 Moment   D
               5 200Z15         0  5870   5870   330   330   26.5  WS 0.47 Moment   D
               6 200Z15         0  5810   5810   330     0   24.9  WS 0.47 Moment   D
  ------ --- --- --------   ----- ----- ------ ----- ----- ------  -- ---- ------- ---
    7080   4   1 200Z15       440  6200   5760     0   330   24.7  WS 0.37 Moment   D
               2 200Z15         0  5990   5990   330   330   27.0  WS 0.39 Moment   D
               3 200Z15         0  5730   5730   330   330   25.9  WS 0.31 Moment   D
               4 200Z15         0  6230   6230   330   330   28.0  WS 0.30 Moment   D
               5 200Z15         0  5870   5870   330   330   26.5  WS 0.37 Moment   D
               6 200Z15         0  5810   5810   330     0   24.9  WS 0.38 Moment   D
 
                                      WS - Wind_Suction                  
 

 GIRT INSIDE FLANGE BRACE:
 -------------------------
  No._Brace/Bay
    1   2   3   4   5   6
  --- --- --- --- --- ---
    2   2   2   2   2   2

================================================================================
 C323-153            Wall 2 - Girt Design  1 (Locate  2580) 23/JUL/2025 11:20am
================================================================================

 GIRT LAYOUT:
 ------------
                                                                      Available
                                                                      Reduction
  Bay                      Design  --Lap(mm)--   Load   No.             Factor
   Id  Part        Locate  Length  Left  Right  Width  Brace  Weight   Out   In
  ---  --------   -------  ------  ----  -----  -----  -----  ------  ---- ----
    1  200Z15      2580.0    5760          330    790    2      24.7  0.00 0.70
    2  200Z15      2580.0    5990   330    330    790    2      27.0  0.00 0.70
    3  200Z15      2580.0    5730   330    330    790    2      25.9  0.00 0.70
    4  200Z15      2580.0    6230   330    330    790    2      28.0  0.00 0.70
    5  200Z15      2580.0    5870   330    330    790    2      26.5  0.00 0.70
    6  200Z15      2580.0    5810   330           790    2      24.9  0.00 0.70
                                                              ------
                                                               157.1


 LOAD ID - Wind_Pressure:
 ----------------------------

 GIRT ACTIONS:
       ---------Shear(kN)--------   --------------Moment(kN-m)--------------
  Bay   Left   Left  Right  Right    Left   Left     Mid-Span   Right  Right
   Id    Sup    Lap    Lap    Sup     Sup    Lap    Mom    Loc    Lap    Sup
  ---  -----  -----  -----  -----   -----  -----  -----  -----  -----  -----
    1   0.86         -1.22  -1.35    0.00         -0.97   2245   0.98   1.40
    2   1.21   1.09  -0.95  -1.08    1.40   1.02  -0.52   3170   0.66   1.00
    3   1.06   0.94  -1.00  -1.13    1.00   0.67  -0.48   2778   0.84   1.19
    4   1.20   1.08  -1.06  -1.18    1.19   0.81  -0.70   3143   0.75   1.12
    5   1.09   0.96  -1.04  -1.16    1.12   0.79  -0.41   2834   0.99   1.35
    6   1.35   1.22         -0.88    1.35   0.93  -1.01   3512          0.00

 STRENGTH/DEFLECTION:
  Bay  -------Shear(kN)------  -----Moment(kN-m)-----  -Mom+Shr-  Deflect(mm)
   Id  Loc    Calc Limit   UC  Loc    Calc Limit   UC  Loc    UC   Calc Limit
  ---  ---- ------ ----- ----  ---- ------ ----- ----  ---- ----  ----- -----
    1  RLap  -1.22 11.20 0.11  MidS  -0.97  4.46 0.22  RLap 0.19   -4.2  64.0
    2  LLap   1.09 11.20 0.10  LLap   1.02  4.82 0.21  LLap 0.19   -1.7  66.6
    3  RLap  -1.00 11.20 0.09  RLap   0.84  4.85 0.17  RLap 0.16   -1.5  63.7
    4  LLap   1.08 11.20 0.10  LLap   0.81  4.89 0.17  LLap 0.16   -3.1  69.2
    5  RLap  -1.04 11.20 0.09  RLap   0.99  4.81 0.21  RLap 0.19   -1.0  65.2
    6  LLap   1.22 11.20 0.11  MidS  -1.01  4.46 0.23  LLap 0.18   -4.6  64.6


 LAP BOLT SHEAR/BEARING:

  Bolt Size =12.00 (Gr8.8)

   Bay  Member    --Member_Left_End(kN)-  -Member_Right_End(kN)-
    Id  Part       Calc Shear  Bear   UC   Calc Shear  Bear   UC
  ----  --------  ----- ----- ----- ----  ----- ----- ----- ----
    1   200Z15                             1.06 15.37  7.27 0.15
    2   200Z15     1.06 15.37  7.27 0.15   0.76 15.37  7.27 0.10
    3   200Z15     0.76 15.37  7.27 0.10   0.90 15.37  7.27 0.12
    4   200Z15     0.90 15.37  7.27 0.12   0.85 15.37  7.27 0.12
    5   200Z15     0.85 15.37  7.27 0.12   1.02 15.37  7.27 0.14
    6   200Z15     1.02 15.37  7.27 0.14



 LOAD ID - Wind_Suction:
 ----------------------------

 GIRT ACTIONS:
       ---------Shear(kN)--------   --------------Moment(kN-m)--------------
  Bay   Left   Left  Right  Right    Left   Left     Mid-Span   Right  Right
   Id    Sup    Lap    Lap    Sup     Sup    Lap    Mom    Loc    Lap    Sup
  ---  -----  -----  -----  -----   -----  -----  -----  -----  -----  -----
    1  -0.99          1.36   1.50    0.00          1.09   2297  -1.09  -1.56
    2  -1.34  -1.20   1.05   1.19   -1.56  -1.14   0.57   3176  -0.73  -1.10
    3  -1.17  -1.03   1.11   1.25   -1.10  -0.73   0.53   2776  -0.92  -1.31
    4  -1.33  -1.19   1.16   1.30   -1.31  -0.90   0.78   3145  -0.83  -1.24
    5  -1.19  -1.06   1.15   1.29   -1.24  -0.86   0.45   2827  -1.10  -1.50
    6  -1.49  -1.35          1.01   -1.50  -1.03   1.14   3461          0.00

 STRENGTH/DEFLECTION:
  Bay  -------Shear(kN)------  -----Moment(kN-m)-----  -Mom+Shr-  Deflect(mm)
   Id  Loc    Calc Limit   UC  Loc    Calc Limit   UC  Loc    UC   Calc Limit
  ---  ---- ------ ----- ----  ---- ------ ----- ----  ---- ----  ----- -----
    1  RLap   1.36 11.20 0.12  RLap  -1.09  4.46 0.24  RLap 0.21    4.8  64.0
    2  LLap  -1.20 11.20 0.11  LLap  -1.14  4.46 0.25  LLap 0.21    1.8  66.6
    3  RLap   1.11 11.20 0.10  RLap  -0.92  4.46 0.21  RLap 0.18    1.6  63.7
    4  LLap  -1.19 11.20 0.11  LLap  -0.90  4.46 0.20  LLap 0.17    3.4  69.2
    5  RLap   1.15 11.20 0.10  RLap  -1.10  4.46 0.25  RLap 0.21    1.0  65.2
    6  LLap  -1.35 11.20 0.12  MidS   1.14  4.58 0.25  LLap 0.20    5.2  64.6


 LAP BOLT SHEAR/BEARING:

  Bolt Size =12.00 (Gr8.8)

   Bay  Member    --Member_Left_End(kN)-  -Member_Right_End(kN)-
    Id  Part       Calc Shear  Bear   UC   Calc Shear  Bear   UC
  ----  --------  ----- ----- ----- ----  ----- ----- ----- ----
    1   200Z15                             1.18 15.37  7.27 0.16
    2   200Z15     1.18 15.37  7.27 0.16   0.83 15.37  7.27 0.11
    3   200Z15     0.83 15.37  7.27 0.11   1.00 15.37  7.27 0.14
    4   200Z15     1.00 15.37  7.27 0.14   0.94 15.37  7.27 0.13
    5   200Z15     0.94 15.37  7.27 0.13   1.14 15.37  7.27 0.16
    6   200Z15     1.14 15.37  7.27 0.16


================================================================================
 C323-153            Wall 2 - Girt Design  2 (Locate  4080) 23/JUL/2025 11:20am
================================================================================

 GIRT LAYOUT:
 ------------
                                                                      Available
                                                                      Reduction
  Bay                      Design  --Lap(mm)--   Load   No.             Factor
   Id  Part        Locate  Length  Left  Right  Width  Brace  Weight   Out   In
  ---  --------   -------  ------  ----  -----  -----  -----  ------  ---- ----
    1  200Z15      4080.0    5760          330   1500    2      24.7  0.00 0.70
    2  200Z15      4080.0    5990   330    330   1500    2      27.0  0.00 0.70
    3  200Z15      4080.0    5730   330    330   1500    2      25.9  0.00 0.70
    4  200Z15      4080.0    6230   330    330   1500    2      28.0  0.00 0.70
    5  200Z15      4080.0    5870   330    330   1500    2      26.5  0.00 0.70
    6  200Z15      4080.0    5810   330          1500    2      24.9  0.00 0.70
                                                              ------
                                                               157.1


 LOAD ID - Wind_Pressure:
 ----------------------------

 GIRT ACTIONS:
       ---------Shear(kN)--------   --------------Moment(kN-m)--------------
  Bay   Left   Left  Right  Right    Left   Left     Mid-Span   Right  Right
   Id    Sup    Lap    Lap    Sup     Sup    Lap    Mom    Loc    Lap    Sup
  ---  -----  -----  -----  -----   -----  -----  -----  -----  -----  -----
    1   1.63         -2.32  -2.56    0.00         -1.83   2245   1.85   2.66
    2   2.31   2.07  -1.81  -2.05    2.66   1.94  -1.00   3170   1.26   1.89
    3   2.02   1.78  -1.91  -2.15    1.89   1.27  -0.91   2778   1.59   2.26
    4   2.29   2.05  -2.01  -2.25    2.26   1.54  -1.33   3143   1.43   2.13
    5   2.06   1.82  -1.97  -2.21    2.13   1.49  -0.79   2834   1.88   2.56
    6   2.55   2.31         -1.67    2.56   1.76  -1.92   3512          0.00

 STRENGTH/DEFLECTION:
  Bay  -------Shear(kN)------  -----Moment(kN-m)-----  -Mom+Shr-  Deflect(mm)
   Id  Loc    Calc Limit   UC  Loc    Calc Limit   UC  Loc    UC   Calc Limit
  ---  ---- ------ ----- ----  ---- ------ ----- ----  ---- ----  ----- -----
    1  RLap  -2.32 11.20 0.21  MidS  -1.83  4.46 0.41  RLap 0.36   -8.0  64.0
    2  LLap   2.07 11.20 0.18  LLap   1.94  4.82 0.40  LLap 0.37   -3.2  66.6
    3  RLap  -1.91 11.20 0.17  RLap   1.59  4.85 0.33  RLap 0.30   -2.8  63.7
    4  LLap   2.05 11.20 0.18  LLap   1.54  4.89 0.32  LLap 0.30   -5.9  69.2
    5  RLap  -1.97 11.20 0.18  RLap   1.88  4.81 0.39  RLap 0.35   -1.8  65.2
    6  LLap   2.31 11.20 0.21  MidS  -1.92  4.46 0.43  LLap 0.34   -8.8  64.6


 LAP BOLT SHEAR/BEARING:

  Bolt Size =12.00 (Gr8.8)

   Bay  Member    --Member_Left_End(kN)-  -Member_Right_End(kN)-
    Id  Part       Calc Shear  Bear   UC   Calc Shear  Bear   UC
  ----  --------  ----- ----- ----- ----  ----- ----- ----- ----
    1   200Z15                             2.01 15.37  7.27 0.28
    2   200Z15     2.01 15.37  7.27 0.28   1.44 15.37  7.27 0.20
    3   200Z15     1.44 15.37  7.27 0.20   1.71 15.37  7.27 0.24
    4   200Z15     1.71 15.37  7.27 0.24   1.62 15.37  7.27 0.22
    5   200Z15     1.62 15.37  7.27 0.22   1.94 15.37  7.27 0.27
    6   200Z15     1.94 15.37  7.27 0.27



 LOAD ID - Wind_Suction:
 ----------------------------

 GIRT ACTIONS:
       ---------Shear(kN)--------   --------------Moment(kN-m)--------------
  Bay   Left   Left  Right  Right    Left   Left     Mid-Span   Right  Right
   Id    Sup    Lap    Lap    Sup     Sup    Lap    Mom    Loc    Lap    Sup
  ---  -----  -----  -----  -----   -----  -----  -----  -----  -----  -----
    1  -1.88          2.57   2.84    0.00          2.07   2297  -2.06  -2.95
    2  -2.55  -2.28   1.99   2.26   -2.95  -2.16   1.09   3176  -1.38  -2.08
    3  -2.23  -1.96   2.11   2.37   -2.08  -1.39   1.01   2776  -1.76  -2.49
    4  -2.52  -2.26   2.21   2.47   -2.49  -1.71   1.47   3145  -1.57  -2.35
    5  -2.27  -2.00   2.18   2.44   -2.35  -1.64   0.86   2827  -2.09  -2.85
    6  -2.84  -2.57          1.93   -2.85  -1.96   2.16   3461          0.00

 STRENGTH/DEFLECTION:
  Bay  -------Shear(kN)------  -----Moment(kN-m)-----  -Mom+Shr-  Deflect(mm)
   Id  Loc    Calc Limit   UC  Loc    Calc Limit   UC  Loc    UC   Calc Limit
  ---  ---- ------ ----- ----  ---- ------ ----- ----  ---- ----  ----- -----
    1  RLap   2.57 11.20 0.23  RLap  -2.06  4.46 0.46  RLap 0.40    9.1  64.0
    2  LLap  -2.28 11.20 0.20  LLap  -2.16  4.46 0.48  LLap 0.41    3.5  66.6
    3  RLap   2.11 11.20 0.19  RLap  -1.76  4.46 0.39  RLap 0.34    3.0  63.7
    4  LLap  -2.26 11.20 0.20  LLap  -1.71  4.46 0.38  LLap 0.33    6.5  69.2
    5  RLap   2.18 11.20 0.19  RLap  -2.09  4.46 0.47  RLap 0.39    2.0  65.2
    6  LLap  -2.57 11.20 0.23  MidS   2.16  4.58 0.47  LLap 0.38    9.9  64.6


 LAP BOLT SHEAR/BEARING:

  Bolt Size =12.00 (Gr8.8)

   Bay  Member    --Member_Left_End(kN)-  -Member_Right_End(kN)-
    Id  Part       Calc Shear  Bear   UC   Calc Shear  Bear   UC
  ----  --------  ----- ----- ----- ----  ----- ----- ----- ----
    1   200Z15                             2.24 15.37  7.27 0.31
    2   200Z15     2.24 15.37  7.27 0.31   1.58 15.37  7.27 0.22
    3   200Z15     1.58 15.37  7.27 0.22   1.89 15.37  7.27 0.26
    4   200Z15     1.89 15.37  7.27 0.26   1.78 15.37  7.27 0.24
    5   200Z15     1.78 15.37  7.27 0.24   2.16 15.37  7.27 0.30
    6   200Z15     2.16 15.37  7.27 0.30


================================================================================
 C323-153            Wall 2 - Girt Design  3 (Locate  5580) 23/JUL/2025 11:20am
================================================================================

 GIRT LAYOUT:
 ------------
                                                                      Available
                                                                      Reduction
  Bay                      Design  --Lap(mm)--   Load   No.             Factor
   Id  Part        Locate  Length  Left  Right  Width  Brace  Weight   Out   In
  ---  --------   -------  ------  ----  -----  -----  -----  ------  ---- ----
    1  200Z15      5580.0    5760          330   1500    2      24.7  0.00 0.70
    2  200Z15      5580.0    5990   330    330   1500    2      27.0  0.00 0.70
    3  200Z15      5580.0    5730   330    330   1500    2      25.9  0.00 0.70
    4  200Z15      5580.0    6230   330    330   1500    2      28.0  0.00 0.70
    5  200Z15      5580.0    5870   330    330   1500    2      26.5  0.00 0.70
    6  200Z15      5580.0    5810   330          1500    2      24.9  0.00 0.70
                                                              ------
                                                               157.1


 LOAD ID - Wind_Pressure:
 ----------------------------

 GIRT ACTIONS:
       ---------Shear(kN)--------   --------------Moment(kN-m)--------------
  Bay   Left   Left  Right  Right    Left   Left     Mid-Span   Right  Right
   Id    Sup    Lap    Lap    Sup     Sup    Lap    Mom    Loc    Lap    Sup
  ---  -----  -----  -----  -----   -----  -----  -----  -----  -----  -----
    1   1.63         -2.32  -2.56    0.00         -1.83   2245   1.85   2.66
    2   2.31   2.07  -1.81  -2.05    2.66   1.94  -1.00   3170   1.26   1.89
    3   2.02   1.78  -1.91  -2.15    1.89   1.27  -0.91   2778   1.59   2.26
    4   2.29   2.05  -2.01  -2.25    2.26   1.54  -1.33   3143   1.43   2.13
    5   2.06   1.82  -1.97  -2.21    2.13   1.49  -0.79   2834   1.88   2.56
    6   2.55   2.31         -1.67    2.56   1.76  -1.92   3512          0.00

 STRENGTH/DEFLECTION:
  Bay  -------Shear(kN)------  -----Moment(kN-m)-----  -Mom+Shr-  Deflect(mm)
   Id  Loc    Calc Limit   UC  Loc    Calc Limit   UC  Loc    UC   Calc Limit
  ---  ---- ------ ----- ----  ---- ------ ----- ----  ---- ----  ----- -----
    1  RLap  -2.32 11.20 0.21  MidS  -1.83  4.46 0.41  RLap 0.36   -8.0  64.0
    2  LLap   2.07 11.20 0.18  LLap   1.94  4.82 0.40  LLap 0.37   -3.2  66.6
    3  RLap  -1.91 11.20 0.17  RLap   1.59  4.85 0.33  RLap 0.30   -2.8  63.7
    4  LLap   2.05 11.20 0.18  LLap   1.54  4.89 0.32  LLap 0.30   -5.9  69.2
    5  RLap  -1.97 11.20 0.18  RLap   1.88  4.81 0.39  RLap 0.35   -1.8  65.2
    6  LLap   2.31 11.20 0.21  MidS  -1.92  4.46 0.43  LLap 0.34   -8.8  64.6


 LAP BOLT SHEAR/BEARING:

  Bolt Size =12.00 (Gr8.8)

   Bay  Member    --Member_Left_End(kN)-  -Member_Right_End(kN)-
    Id  Part       Calc Shear  Bear   UC   Calc Shear  Bear   UC
  ----  --------  ----- ----- ----- ----  ----- ----- ----- ----
    1   200Z15                             2.01 15.37  7.27 0.28
    2   200Z15     2.01 15.37  7.27 0.28   1.44 15.37  7.27 0.20
    3   200Z15     1.44 15.37  7.27 0.20   1.71 15.37  7.27 0.24
    4   200Z15     1.71 15.37  7.27 0.24   1.62 15.37  7.27 0.22
    5   200Z15     1.62 15.37  7.27 0.22   1.94 15.37  7.27 0.27
    6   200Z15     1.94 15.37  7.27 0.27



 LOAD ID - Wind_Suction:
 ----------------------------

 GIRT ACTIONS:
       ---------Shear(kN)--------   --------------Moment(kN-m)--------------
  Bay   Left   Left  Right  Right    Left   Left     Mid-Span   Right  Right
   Id    Sup    Lap    Lap    Sup     Sup    Lap    Mom    Loc    Lap    Sup
  ---  -----  -----  -----  -----   -----  -----  -----  -----  -----  -----
    1  -1.88          2.57   2.84    0.00          2.07   2297  -2.06  -2.95
    2  -2.55  -2.28   1.99   2.26   -2.95  -2.16   1.09   3176  -1.38  -2.08
    3  -2.23  -1.96   2.11   2.37   -2.08  -1.39   1.01   2776  -1.76  -2.49
    4  -2.52  -2.26   2.21   2.47   -2.49  -1.71   1.47   3145  -1.57  -2.35
    5  -2.27  -2.00   2.18   2.44   -2.35  -1.64   0.86   2827  -2.09  -2.85
    6  -2.84  -2.57          1.93   -2.85  -1.96   2.16   3461          0.00

 STRENGTH/DEFLECTION:
  Bay  -------Shear(kN)------  -----Moment(kN-m)-----  -Mom+Shr-  Deflect(mm)
   Id  Loc    Calc Limit   UC  Loc    Calc Limit   UC  Loc    UC   Calc Limit
  ---  ---- ------ ----- ----  ---- ------ ----- ----  ---- ----  ----- -----
    1  RLap   2.57 11.20 0.23  RLap  -2.06  4.46 0.46  RLap 0.40    9.1  64.0
    2  LLap  -2.28 11.20 0.20  LLap  -2.16  4.46 0.48  LLap 0.41    3.5  66.6
    3  RLap   2.11 11.20 0.19  RLap  -1.76  4.46 0.39  RLap 0.34    3.0  63.7
    4  LLap  -2.26 11.20 0.20  LLap  -1.71  4.46 0.38  LLap 0.33    6.5  69.2
    5  RLap   2.18 11.20 0.19  RLap  -2.09  4.46 0.47  RLap 0.39    2.0  65.2
    6  LLap  -2.57 11.20 0.23  MidS   2.16  4.58 0.47  LLap 0.38    9.9  64.6


 LAP BOLT SHEAR/BEARING:

  Bolt Size =12.00 (Gr8.8)

   Bay  Member    --Member_Left_End(kN)-  -Member_Right_End(kN)-
    Id  Part       Calc Shear  Bear   UC   Calc Shear  Bear   UC
  ----  --------  ----- ----- ----- ----  ----- ----- ----- ----
    1   200Z15                             2.24 15.37  7.27 0.31
    2   200Z15     2.24 15.37  7.27 0.31   1.58 15.37  7.27 0.22
    3   200Z15     1.58 15.37  7.27 0.22   1.89 15.37  7.27 0.26
    4   200Z15     1.89 15.37  7.27 0.26   1.78 15.37  7.27 0.24
    5   200Z15     1.78 15.37  7.27 0.24   2.16 15.37  7.27 0.30
    6   200Z15     2.16 15.37  7.27 0.30


================================================================================
 C323-153            Wall 2 - Girt Design  4 (Locate  7080) 23/JUL/2025 11:20am
================================================================================

 GIRT LAYOUT:
 ------------
                                                                      Available
                                                                      Reduction
  Bay                      Design  --Lap(mm)--   Load   No.             Factor
   Id  Part        Locate  Length  Left  Right  Width  Brace  Weight   Out   In
  ---  --------   -------  ------  ----  -----  -----  -----  ------  ---- ----
    1  200Z15      7080.0    5760          330   1195    2      24.7  0.00 0.70
    2  200Z15      7080.0    5990   330    330   1195    2      27.0  0.00 0.70
    3  200Z15      7080.0    5730   330    330   1195    2      25.9  0.00 0.70
    4  200Z15      7080.0    6230   330    330   1195    2      28.0  0.00 0.70
    5  200Z15      7080.0    5870   330    330   1195    2      26.5  0.00 0.70
    6  200Z15      7080.0    5810   330          1195    2      24.9  0.00 0.70
                                                              ------
                                                               157.1


 LOAD ID - Wind_Pressure:
 ----------------------------

 GIRT ACTIONS:
       ---------Shear(kN)--------   --------------Moment(kN-m)--------------
  Bay   Left   Left  Right  Right    Left   Left     Mid-Span   Right  Right
   Id    Sup    Lap    Lap    Sup     Sup    Lap    Mom    Loc    Lap    Sup
  ---  -----  -----  -----  -----   -----  -----  -----  -----  -----  -----
    1   1.30         -1.84  -2.04    0.00         -1.46   2245   1.48   2.12
    2   1.84   1.65  -1.44  -1.63    2.12   1.54  -0.79   3170   1.00   1.51
    3   1.61   1.42  -1.52  -1.71    1.51   1.01  -0.73   2778   1.27   1.80
    4   1.82   1.63  -1.60  -1.79    1.80   1.23  -1.06   3143   1.14   1.70
    5   1.64   1.45  -1.57  -1.76    1.70   1.19  -0.63   2834   1.49   2.04
    6   2.03   1.84         -1.33    2.04   1.40  -1.53   3512          0.00

 STRENGTH/DEFLECTION:
  Bay  -------Shear(kN)------  -----Moment(kN-m)-----  -Mom+Shr-  Deflect(mm)
   Id  Loc    Calc Limit   UC  Loc    Calc Limit   UC  Loc    UC   Calc Limit
  ---  ---- ------ ----- ----  ---- ------ ----- ----  ---- ----  ----- -----
    1  RLap  -1.84 11.20 0.16  MidS  -1.46  4.46 0.33  RLap 0.28   -6.4  64.0
    2  LLap   1.65 11.20 0.15  LLap   1.54  4.82 0.32  LLap 0.29   -2.6  66.6
    3  RLap  -1.52 11.20 0.14  RLap   1.27  4.85 0.26  RLap 0.24   -2.2  63.7
    4  LLap   1.63 11.20 0.15  LLap   1.23  4.89 0.25  LLap 0.24   -4.7  69.2
    5  RLap  -1.57 11.20 0.14  RLap   1.49  4.81 0.31  RLap 0.28   -1.5  65.2
    6  LLap   1.84 11.20 0.16  MidS  -1.53  4.46 0.34  LLap 0.27   -7.0  64.6


 LAP BOLT SHEAR/BEARING:

  Bolt Size =12.00 (Gr8.8)

   Bay  Member    --Member_Left_End(kN)-  -Member_Right_End(kN)-
    Id  Part       Calc Shear  Bear   UC   Calc Shear  Bear   UC
  ----  --------  ----- ----- ----- ----  ----- ----- ----- ----
    1   200Z15                             1.60 15.37  7.27 0.22
    2   200Z15     1.60 15.37  7.27 0.22   1.14 15.37  7.27 0.16
    3   200Z15     1.14 15.37  7.27 0.16   1.36 15.37  7.27 0.19
    4   200Z15     1.36 15.37  7.27 0.19   1.29 15.37  7.27 0.18
    5   200Z15     1.29 15.37  7.27 0.18   1.55 15.37  7.27 0.21
    6   200Z15     1.55 15.37  7.27 0.21



 LOAD ID - Wind_Suction:
 ----------------------------

 GIRT ACTIONS:
       ---------Shear(kN)--------   --------------Moment(kN-m)--------------
  Bay   Left   Left  Right  Right    Left   Left     Mid-Span   Right  Right
   Id    Sup    Lap    Lap    Sup     Sup    Lap    Mom    Loc    Lap    Sup
  ---  -----  -----  -----  -----   -----  -----  -----  -----  -----  -----
    1  -1.50          2.05   2.26    0.00          1.65   2297  -1.64  -2.35
    2  -2.03  -1.82   1.59   1.80   -2.35  -1.72   0.87   3176  -1.10  -1.66
    3  -1.77  -1.56   1.68   1.89   -1.66  -1.11   0.80   2776  -1.40  -1.99
    4  -2.01  -1.80   1.76   1.97   -1.99  -1.36   1.17   3145  -1.25  -1.87
    5  -1.81  -1.60   1.73   1.94   -1.87  -1.31   0.69   2827  -1.66  -2.27
    6  -2.26  -2.05          1.53   -2.27  -1.56   1.72   3461          0.00

 STRENGTH/DEFLECTION:
  Bay  -------Shear(kN)------  -----Moment(kN-m)-----  -Mom+Shr-  Deflect(mm)
   Id  Loc    Calc Limit   UC  Loc    Calc Limit   UC  Loc    UC   Calc Limit
  ---  ---- ------ ----- ----  ---- ------ ----- ----  ---- ----  ----- -----
    1  RLap   2.05 11.20 0.18  RLap  -1.64  4.46 0.37  RLap 0.32    7.2  64.0
    2  LLap  -1.82 11.20 0.16  LLap  -1.72  4.46 0.39  LLap 0.32    2.8  66.6
    3  RLap   1.68 11.20 0.15  RLap  -1.40  4.46 0.31  RLap 0.27    2.4  63.7
    4  LLap  -1.80 11.20 0.16  LLap  -1.36  4.46 0.30  LLap 0.26    5.2  69.2
    5  RLap   1.73 11.20 0.15  RLap  -1.66  4.46 0.37  RLap 0.31    1.6  65.2
    6  LLap  -2.05 11.20 0.18  MidS   1.72  4.58 0.38  LLap 0.30    7.9  64.6


 LAP BOLT SHEAR/BEARING:

  Bolt Size =12.00 (Gr8.8)

   Bay  Member    --Member_Left_End(kN)-  -Member_Right_End(kN)-
    Id  Part       Calc Shear  Bear   UC   Calc Shear  Bear   UC
  ----  --------  ----- ----- ----- ----  ----- ----- ----- ----
    1   200Z15                             1.78 15.37  7.27 0.25
    2   200Z15     1.78 15.37  7.27 0.25   1.26 15.37  7.27 0.17
    3   200Z15     1.26 15.37  7.27 0.17   1.50 15.37  7.27 0.21
    4   200Z15     1.50 15.37  7.27 0.21   1.42 15.37  7.27 0.19
    5   200Z15     1.42 15.37  7.27 0.19   1.72 15.37  7.27 0.24
    6   200Z15     1.72 15.37  7.27 0.24


================================================================================
 C323-153            Wall 2 - Panel Design (Bay  1)         23/JUL/2025 11:20am
================================================================================

 PANEL DATA:
 -----------
  Bay                                       Rotation   Panel
   Id   Part      Rot  Type  Thick  Yield  Stiffness  Height
  ---   --------  ---  ----  -----  -----  ---------  ------
    1   45250 .5   N    4525  0.50    250     0.00      7969

 MOMENTS & DEFLECTION:
 ---------------------
                            --------------Moment(m-N/m   )-------------
  Span    Locate(mm)            Start       Midspan        End      Max  Deflect(mm)
   Id    Start   End  Load   Calc Limit   Calc Limit   Calc Limit    UC   Calc Limit
  ----   ----- -----  ----  ----- -----  ----- -----  ----- -----  ----  ----- -----
    1     2500  2580   WP       0  1800     53  1800    107  1800  0.06    0.0   0.9
                       WS       0   940    -57   940   -115   940  0.12    0.0   0.9
    2     2580  4080   WP     107  1800    -59   940    112  1800  0.06   -0.3  16.7
                       WS    -115   940     64  1800   -122   940  0.13    0.3  16.7
    3     4080  5580   WP     112  1800    -53   940    118  1800  0.07   -0.2  16.7
                       WS    -122   940     58  1800   -127   940  0.14    0.2  16.7
    4     5580  7080   WP     118  1800    -64   940     91  1800  0.07   -0.3  16.7
                       WS    -127   940     70  1800    -98   940  0.14    0.3  16.7
    5     7080  7969   WP      91  1800    -22   940      0   940  0.05    0.0   9.9
                       WS     -98   940     24  1800      0  1800  0.10    0.0   9.9
 
                       WP - Wind_Pressure                  
                       WS - Wind_Suction                   
 

================================================================================
 C323-153            Wall 2 - Panel Zones                   23/JUL/2025 11:20am
================================================================================

 PANEL:
 ------
                            Tensile
            Thick   Yield   Strength
  Part       (mm)  (MN/m2)  (MN/m2)
  --------  -----  -------  --------
  45250 .5   0.50   250.0     325.0

 GIRT SCREWS:
 ------------
              Dia  Washer  Limit
  Part       (mm)    (mm)   (kN)
  --------  -----  ------  -----
  14x20SDS    4.8    19.0  13.70

 PANEL ZONE LAYOUT:
 ------------------
                                            --Girt(mm,mm,mm)--  Panel
  Zone                 ----Wall(mm)---  Bay         Load   Min   Span
   Id   Description    Offset1 Offset2   Id Locate Width Thick   (mm)
  ----  -------------  ------- -------  --- ------ ----- -----  -----
    1   Interior          2247   34023    1   5580  1500  1.50   1500
    2   Lt Edge              0    2247    1   5580  1500  1.50   1500
    3   Rt Edge          34023   36270    6   5580  1500  1.50   1500

 GIRT SCREW CHECK:
 -----------------
        Screw     Wind         --------Limit(kN)-------
  Zone  Space  Suction   Load     Girt    Panel   Screw   Max
   Id    (mm)  (kN/m2)   (kN)  Pullout Pullover Tension    UC
  ----  -----  -------  -----  ------- -------- -------  ----
    1     250    0.649   0.24     0.92     1.54    3.65  0.27
    2     250    0.649   0.24     0.92     1.54    3.65  0.27
    3     250    0.649   0.24     0.92     1.54    3.65  0.27
 

================================================================================
 C323-153            Wall 2 - Weight Summary                23/JUL/2025 11:20am
================================================================================

                                            Weight
                 Description                  (kg)
                 -----------               -------
                 Girts                 =    628.33

================================================================================
 C323-153            Wall 2 - Warning Summary               23/JUL/2025 11:20am
================================================================================

                   .. No Warnings
