*==============================================================================
* BldCtrl.Log  :  Building Maintenance Control Log File   23-04-2026  14:59:22
*==============================================================================
*
*(1) DESCTRL SELECTED FILE:
*
* Date         ID       File              Description
'23-04-2026'  'in'     'Desctrl.in'      'Default CS-30x49.5x7'
 
*
*(2) DWGCTRL SELECTED FILE:
*
* Date         ID       File              Description
'23-04-2026'  'in'     'DwgCtrl.in'      'Default CS-30x49.5x7'
 
*
*(3) JOBINFO SELECTED FILE:
*
* Date         ID       File              Description
'23-04-2026'  'in'     'MBS.in'          'Sivoko Setup'
 
*
*(4) DATABASE SELECTED FILES:
*
* Date         ID       File              Description
 
