*===============================================================================
*C08-033             Component Design Input                 23/APR/2026  3:18pm
*===============================================================================
 
*( 1)JOBID:
    'C08-033'
 
*( 2)DESIGN CODE:
*        ---Steel_Code---             ---Build---            Seismic
* Code   Cold       Hot      Country  Code   Year   Label     Zone
  'WS'  'NAUS07  ' 'AISC05'  '    '  'MBMA'  '10'  'MBMA 10 ' 'B  '
 
*( 3)DESIGN CONSTANTS:
* -----------------------Steel_Yield-----------------------  Stress  Strength_Factor
* Web   Flg C_Sec W_Sec R_Sec P_Sec T_Sec U_Sec    EP    BP   Ratio    Wind  Seismic
  345   345   345   345   235   345   317   235   345   345    1.00  1.0000   1.0000
 
*( 4)DEFLECTION LIMITS:
* ---Eave_Extension--   ------Canopy-------   ----Horiz_Beam----- Vert_Facia
* Live   Wind   Total   Live   Wind   Total   Live   Wind   Total    Beam
  180.0  180.0  120.0   180.0  180.0  120.0   180.0  180.0  120.0   120.0
 
*( 5)REPORTS:
* Input  Ext   End  Flange
* Echo   Beam Plate Brace
  'I'    'Y'   'Y'   'Y'
 
*( 6)BUILDING LAYOUT:
*                          -------Left_Endwall------   ------Right_Endwall------
*  Type    Width   Length  Exp  Opt  Offset  Project   Exp  Opt  Offset  Project
  'FF-'    61000    45500  'Y ' '-'   380.0    200.0   'Y ' '-'   380.0    200.0
 
*( 7)WALL LAYOUT:
*                          -------Wall-------    Base    Wall
* No. Id  Use     Type Opt    Start    Length    Elev  Offset
   5  1  'LEFT  ' '-'  '-'      0.0   61000.0    0.00    0.00
      2  'FRONT ' '-'  '-'      0.0   45500.0    0.00    0.00
      3  'RIGHT ' '-'  '-'      0.0   61000.0    0.00    0.00
      4  'BACK  ' '-'  '-'      0.0   45500.0    0.00    0.00
      5  'ROOF  ' '-'  '-'      0.0   45500.0    0.00    0.00
 
*( 8)SURFACE SHAPE:
* No.   X_Coord  Y_Coord  Offset  Opt
   4        0.0   7000.0  150.00  '-'
        30500.0  10050.0  200.00  '-'
        61000.0   7000.0  200.00  '-'
        61000.0      0.0  150.00  '-'
 
*( 9)BAY SPACING:
*Wall  ----Offset---   No.   ---Bay_Set---
* Id    Left   Right  Sets     Width  Quan
   1  150.00  150.00    3     7400.0    1
                              7700.0    6
                              7400.0    1
   2  380.00  380.00    3     7350.0    1
                              7700.0    4
                              7350.0    1
   3  150.00  150.00    3     7400.0    1
                              7700.0    6
                              7400.0    1
   4  380.00  380.00    3     7350.0    1
                              7700.0    4
                              7350.0    1
   5  380.00  380.00    3     7350.0    1
                              7700.0    4
                              7350.0    1
 
*(10)WALL COLUMNS:
*Wall                                         ---Flange---          ---Clearance--    Bolt Frame
* Id  No.  Id   Part       Rot  Opt   Height  Width  Thick  Splice    Roof    Wall  Offset   Id
  1    9    1  '--------'  'N'  '-'      0.0   0.00   0.00   '-'      0.00    0.00    0.00    0
            2  'MB225   '  'N'  '-'   6834.6 110.00  11.80   '-'      0.00    0.00    0.00    0
            3  'MB225   '  'N'  '-'   7592.9 110.00  11.80   '-'      0.00    0.00    0.00    0
            4  'MB225   '  'N'  '-'   8518.0 110.00  11.80   '-'      0.00    0.00    0.00    0
            5  'MB225   '  'N'  '-'   8794.4 110.00  11.80   '-'      0.00    0.00    0.00    0
            6  'MB225   '  'N'  '-'   8518.0 110.00  11.80   '-'      0.00    0.00    0.00    0
            7  'MB225   '  'N'  '-'   7592.9 110.00  11.80   '-'      0.00    0.00    0.00    0
            8  'MB225   '  'N'  '-'   6834.6 110.00  11.80   '-'      0.00    0.00    0.00    0
            9  '--------'  'N'  '-'      0.0   0.00   0.00   '-'      0.00    0.00    0.00    0
  2    7    1  '--------'  'N'  '-'      0.0 140.00   5.00   'H'    263.22 1718.40    0.00    1
            2  '--------'  'N'  '-'      0.0 175.00   6.00   'H'    263.22  431.39    0.00    2
            3  '--------'  'N'  '-'      0.0 175.00   6.00   'H'    263.22  431.39    0.00    2
            4  '--------'  'N'  '-'      0.0 175.00   6.00   'H'    263.22  431.39    0.00    2
            5  '--------'  'N'  '-'      0.0 175.00   6.00   'H'    263.22  431.39    0.00    2
            6  '--------'  'N'  '-'      0.0 175.00   6.00   'H'    263.22  431.39    0.00    2
            7  '--------'  'N'  '-'      0.0 140.00   5.00   'H'    263.22 1718.40    0.00    1
  3    9    1  '--------'  'N'  '-'      0.0   0.00   0.00   '-'      0.00    0.00    0.00    0
            2  'MB225   '  'N'  '-'   6834.6 110.00  11.80   '-'      0.00    0.00    0.00    0
            3  'MB225   '  'N'  '-'   7592.9 110.00  11.80   '-'      0.00    0.00    0.00    0
            4  'MB225   '  'N'  '-'   8518.0 110.00  11.80   '-'      0.00    0.00    0.00    0
            5  'MB225   '  'N'  '-'   8794.4 110.00  11.80   '-'      0.00    0.00    0.00    0
            6  'MB225   '  'N'  '-'   8518.0 110.00  11.80   '-'      0.00    0.00    0.00    0
            7  'MB225   '  'N'  '-'   7592.9 110.00  11.80   '-'      0.00    0.00    0.00    0
            8  'MB225   '  'N'  '-'   6834.6 110.00  11.80   '-'      0.00    0.00    0.00    0
            9  '--------'  'N'  '-'      0.0   0.00   0.00   '-'      0.00    0.00    0.00    0
  4    7    1  '--------'  'N'  '-'      0.0 140.00   5.00   'H'    263.22 1718.40    0.00    1
            2  '--------'  'N'  '-'      0.0 175.00   6.00   'H'    263.22  431.39    0.00    2
            3  '--------'  'N'  '-'      0.0 175.00   6.00   'H'    263.22  431.39    0.00    2
            4  '--------'  'N'  '-'      0.0 175.00   6.00   'H'    263.22  431.39    0.00    2
            5  '--------'  'N'  '-'      0.0 175.00   6.00   'H'    263.22  431.39    0.00    2
            6  '--------'  'N'  '-'      0.0 175.00   6.00   'H'    263.22  431.39    0.00    2
            7  '--------'  'N'  '-'      0.0 140.00   5.00   'H'    263.22 1718.40    0.00    1
 
*(11)WALL RAFTERS:
* Wall             Surf
*  Id   No.  Id     Id   Part      Rotate  Option
    1    2    1      2  '--------'   '-'     '-'
              2      3  '--------'   '-'     '-'
    2    0
    3    2    1      2  '--------'   '-'     '-'
              2      3  '--------'   '-'     '-'
    4    0
 
*(12)PURLIN LOCATION:
*Surf         Peak
* Id  Type   Space  No.  Locate
   2  'ZB'   300.0   21   352.1   1852.1   3352.1   4852.1   6352.1   7852.1   9352.1
                        10852.1  12352.1  13852.1  15352.1  16852.1  18352.1  19852.1
                        21352.1  22852.1  24352.1  25852.1  27352.1  28852.1  30352.1
   3  'ZB'   300.0   21   300.0   1800.0   3300.0   4800.0   6300.0   7800.0   9300.0
                        10800.0  12300.0  13800.0  15300.0  16800.0  18300.0  19800.0
                        21300.0  22800.0  24300.0  25800.0  27300.0  28800.0  30300.0
 
*(13)EAVE STRUTS:
*Wall        Bays_With_Bending
* Id   Type  No.  Bay_Id
   2   'ZB'   6   1   2   3   4   5   6
   4   'ZB'   6   1   2   3   4   5   6
 
*(14)SPECIAL GIRT:
* Wall   No.    ---Bay---
*  Id   Sets    Start End   Height Type
    1     1        3    6   4550.0 'ZB'
    2     0
    3     1        3    6   4550.0 'ZB'
    4     0
 
*(15)EXTENSION LAYOUT:
*        Wall                ---Bay---   -Edge_Extend-  End_Option  End_Support Frame
* No. Id  Id  Type Opt Mount Start End    Left   Right  Left Right   Left Right  Opt
   2   1   1  'EC' '-'  'B'    3     6     0.0     0.0  '-'  '-'     '-'   '-'   '-'
       2   3  'EC' '-'  'B'    3     6     0.0     0.0  '-'  '-'     '-'   '-'   '-'
 
*(16)EXTENSION SIZE:
*      ----Horizontal_Size---   ---------Vertical_Size--------- --Orient--  ---Support_Column--- ---Concrete---
* Id     Elev   Width   Slope     Elev   Height   Slope Project Beam Panel  Offset   Elev Splice Extend    Elev
   1   4500.0  4500.0   10.00      0.0     0.0     0.00    0.00  '-'  '-'     0.00   0.00   '-'    0.00    0.00
   2   4500.0  4500.0   10.00      0.0     0.0     0.00    0.00  '-'  '-'     0.00   0.00   '-'    0.00    0.00
 
*(17)EXTENSION BEAMS:
*     Ext Line                                                   Load  ------Depth------ Splice_Type
*No.   Id  Id   Use       Orn   Part       Type Shape Rot Opt    Width Set   Min    Max  Start   End Bracket
  10    1   3  'ATTACH  ' 'H'  '--------'  'W'   'C'  '-' '-'   3850.0 'N'   0.00   0.00  'SS'  '--'   'Y'
        1   4  'ATTACH  ' 'H'  '--------'  'W'   'C'  '-' '-'   7700.0 'N'   0.00   0.00  'SS'  '--'   'Y'
        1   5  'ATTACH  ' 'H'  '--------'  'W'   'C'  '-' '-'   7700.0 'N'   0.00   0.00  'SS'  '--'   'Y'
        1   6  'ATTACH  ' 'H'  '--------'  'W'   'C'  '-' '-'   7700.0 'N'   0.00   0.00  'SS'  '--'   'Y'
        1   7  'ATTACH  ' 'H'  '--------'  'W'   'C'  '-' '-'   3850.0 'N'   0.00   0.00  'SS'  '--'   'Y'
        2   3  'ATTACH  ' 'H'  '--------'  'W'   'C'  '-' '-'   3850.0 'N'   0.00   0.00  'SS'  '--'   'Y'
        2   4  'ATTACH  ' 'H'  '--------'  'W'   'C'  '-' '-'   7700.0 'N'   0.00   0.00  'SS'  '--'   'Y'
        2   5  'ATTACH  ' 'H'  '--------'  'W'   'C'  '-' '-'   7700.0 'N'   0.00   0.00  'SS'  '--'   'Y'
        2   6  'ATTACH  ' 'H'  '--------'  'W'   'C'  '-' '-'   7700.0 'N'   0.00   0.00  'SS'  '--'   'Y'
        2   7  'ATTACH  ' 'H'  '--------'  'W'   'C'  '-' '-'   3850.0 'N'   0.00   0.00  'SS'  '--'   'Y'
 
*(18)EXTENSION PURLINS:
*    Ext
*No.  Id  Use        Type  Rot  Row     Peak   Space   Part       Brace
  2    1 'ROOF    '  'ZB'  'U'    4    200.0  1200.0  '150Z20  '   'Y'
       2 'ROOF    '  'ZB'  'U'    4    200.0  1200.0  '150Z20  '   'Y'
 
*(19)EXTENSION EAVE STRUTS:
* Ext
* Id  Type  Rot  Opt  Part
   1  'ZB'  'U'  '-' '150Z15  '
   2  'ZB'  'U'  '-' '150Z15  '
 
*(20)LOAD GROUPS:
*    Group
*No.   Id   Description
   1  '-'  'Standard            '
 
*(21)BASIC LOADS:
*                                                   Deflection
*Group Ext                                   Basic  Load_Ratio
*  Id   Id  Dead  Coll   Live   Snow   Rain   Wind  Snow  Wind
  '-'    1 0.100 0.050  0.570  0.000  0.000  0.554  1.00  1.00
  '-'    2 0.100 0.050  0.570  0.000  0.000  0.554  1.00  1.00
 
*(22)BASIC WIND LOADS:
*              -----Wind_Press-----    ------Wind_Suct-----
*Group Ext     Horz    Vert  Soffit    Horz    Vert  Soffit
*  Id   Id     Beam    Beam    Beam    Beam    Beam    Beam
  '-'    1   -0.926   0.000   0.000   0.479   0.000   0.000
  '-'    2   -0.926   0.000   0.000   0.479   0.000   0.000
 
*(23)EAVE STRUT BASIC LOADS:
*Group Wall                                   -----Wind----
*  Id   Id  Dead  Coll   Live   Snow   Rain   Press    Suct
  '-'    2 0.100 0.050  0.570  0.000  0.000  -0.926   0.479
  '-'    4 0.100 0.050  0.570  0.000  0.000  -0.926   0.479
 
*(24)LOAD COMBINATIONS - STRENGTH:
*    Load Group                                          Wind  Wind
*No.   Id   Id Dead  Coll  Live  Snow Drift Slide  Rain Press  Suct
  18    1  '-' 1.00  1.00  1.00  0.00  0.00  0.00  0.00  0.00  0.00
        2  '-' 1.00  1.00  0.00  1.00  0.00  0.00  0.00  0.00  0.00
        3  '-' 1.00  1.00  0.00  1.00  1.00  0.00  0.00  0.00  0.00
        4  '-' 1.00  1.00  0.00  1.00  0.00  1.00  0.00  0.00  0.00
        5  '-' 1.00  1.00  0.00  0.00  0.00  0.00  1.00  0.00  0.00
        6  '-' 1.00  1.00  0.00  0.00  0.00  0.00  0.00  0.00  0.00
        7  '-' 1.00  1.00  0.75  0.00  0.00  0.00  0.00  0.75  0.00
        8  '-' 1.00  1.00  0.75  0.00  0.00  0.00  0.00  0.00  0.75
        9  '-' 1.00  1.00  0.00  0.75  0.00  0.00  0.00  0.75  0.00
       10  '-' 1.00  1.00  0.00  0.75  0.00  0.00  0.00  0.00  0.75
       11  '-' 1.00  1.00  0.00  0.75  0.75  0.00  0.00  0.75  0.00
       12  '-' 1.00  1.00  0.00  0.75  0.75  0.00  0.00  0.00  0.75
       13  '-' 1.00  1.00  0.00  0.75  0.00  0.75  0.00  0.75  0.00
       14  '-' 1.00  1.00  0.00  0.75  0.00  0.75  0.00  0.00  0.75
       15  '-' 1.00  1.00  0.00  0.00  0.00  0.00  0.75  0.75  0.00
       16  '-' 1.00  1.00  0.00  0.00  0.00  0.00  0.75  0.00  0.75
       17  '-' 0.60  0.00  0.00  0.00  0.00  0.00  0.00  1.00  0.00
       18  '-' 0.60  0.00  0.00  0.00  0.00  0.00  0.00  0.00  1.00
 
*(25)LOAD COMBINATIONS - DEFLECTION:
*    Load Group                                          Wind  Wind
*No.   Id   Id Dead  Coll  Live  Snow Drift Slide  Rain Press  Suct
   0
 
*(26)ADDITIONAL LOADS:
*    Add  Group Ext  Basic    Load       Fx       Fy        Dx       Dy  .. Conc
*No.  Id    Id   Id  Load     Type       W1       W2        D1       D2  .. Dist
  0
 
*(27)DESIGN CODE OPTIONS:
*No.   Event                         Condition
  0
 
*(28)DESIGN PLATES:
*    Ext                    End  --Plate_Size--  -------Bolt------
*No.  Id  Line   Use        Loc   Width   Thick     Dia   Gage Row
  0
 
* Code files used:
*   MBMA.10N
*   COMPMBMA.10N Version 4.0
================================================================================
 C08-033             Extension Design Code                  23/APR/2026  3:18pm
================================================================================

    STRUCTURAL CODE:
    ----------------
      Design Basis      : WS - Working Stress
      Hot  Rolled Steel : AISC05
      Cold Formed Steel : NAUS07

    BUILDING CODE:
    --------------
      Wind Code         : MBMA 10 
      Seismic Zone      : B 

    MODULUS OF ELASTICITY:
    ----------------------
      Hot  Rolled Steel : 199955 (MN/m2)
      Cold Rolled Steel : 203403 (MN/m2)


================================================================================
 C08-033             Canopy  1                              23/APR/2026  3:18pm
================================================================================


 EXTENSION LAYOUT:
 -----------------
          Wall  --Bay_Id-  ---Horizontal_Size---   ----Vertical_Size---        
  Id Type  Id   Start End  Height   Width  Slope    Elev  Height  Slope        
  -- ---- ----  ----- ---  ------  ------  -----   -----  ------  -----        
   1  EC    1     3    6   4500.0  4500.0  10.00     0.0     0.0   0.00        

 BEAM SIZE:
 ----------
          Line                      -Web_Depth-   Web Flange Flange_Thick         ----Max_Load----
  Id       Id  Use     Orn Part     Start   End Thick  Width   Top Bottom  Weight  Id   UC Report
  ------- ---- ------  --- -------- ----- ----- ----- ------ ----- ------  ------ --- ---- -------
  Beam1     3  ATTACH   H  W30a125  300.0 300.0  4.00  125.0  5.00   5.00    86.8  17 0.87 Deflect
  Beam2     4  ATTACH   H  W45a125  450.0 450.0  4.00  125.0  5.00   5.00   108.5  17 0.94 Moment 
  Beam3     5  ATTACH   H  W45a125  450.0 450.0  4.00  125.0  5.00   5.00   108.5  17 0.94 Moment 
  Beam4     6  ATTACH   H  W45a125  450.0 450.0  4.00  125.0  5.00   5.00   108.5  17 0.94 Moment 
  Beam5     7  ATTACH   H  W30a125  300.0 300.0  4.00  125.0  5.00   5.00    86.8  17 0.87 Deflect

 DESIGN PROPERTIES:
 ------------------
                                  ---Top_Flange---  --Bottom_Flange-
             Load   Major  Minor  Minor  Mom1       Minor  Mom1       ----KL/R---
   Id       Width      KL  Axial   Bend /Mom2   Cb   Bend /Mom2   Cb  Major Minor
   -------  -----  ------  -----  ----- ----- ----  ----- ----- ----  ----- -----
   Beam1   3850.0  9044.9 1200.0 1200.0  1.00 1.00 1200.0  1.00 1.00     72    46
   Beam2   7700.0  9044.9 1200.0 1200.0  1.00 1.00 1200.0  1.00 1.00     51    51
   Beam3   7700.0  9044.9 1200.0 1200.0  1.00 1.00 1200.0  1.00 1.00     51    51
   Beam4   7700.0  9044.9 1200.0 1200.0  1.00 1.00 1200.0  1.00 1.00     51    51
   Beam5   3850.0  9044.9 1200.0 1200.0  1.00 1.00 1200.0  1.00 1.00     72    46

 PLATE LIMITS:
 -------------
            -----Web----  -----Flange----
             Depth/Thick  Width/(2xThick)
   Id        Calc  Limit    Calc  Limit
   -------  -----  -----   -----  -----
  Beam1      75.0  180.0    12.5   16.5
  Beam2     112.5  180.0    12.5   16.5
  Beam3     112.5  180.0    12.5   16.5
  Beam4     112.5  180.0    12.5   16.5
  Beam5      75.0  180.0    12.5   16.5

 STRENGTH:              
 ---------
                --Axial(kN)-  --Shear(kN)-  -----Moment(kN-m)-----  Axial+  Shear+
          Load                                         Top     Bot  Moment  Moment   Max
  Id       Id    Calc  Limit   Calc  Limit    Calc   Limit   Limit      UC      UC    UC
  ------- ----  ----- ------  ----- ------  ------  ------  ------  ------  ------  ----
  Beam1     1   -1.33 516.66  13.29 119.61   30.04   57.98   50.02    0.60    0.00  0.60 
  Beam1     2   -0.35 516.66   3.45 119.61    7.81   57.98   50.02    0.16    0.00  0.16 
  Beam1     3   -0.35 516.66   3.45 119.61    7.81   57.98   50.02    0.16    0.00  0.16 
  Beam1     4   -0.35 516.66   3.45 119.61    7.81   57.98   50.02    0.16    0.00  0.16 
  Beam1     5   -0.35 516.66   3.45 119.61    7.81   57.98   50.02    0.16    0.00  0.16 
  Beam1     6   -0.35 516.66   3.45 119.61    7.81   57.98   50.02    0.16    0.00  0.16 
  Beam1     7   -1.08 516.66  -1.28 119.61   -2.88   50.02   57.98    0.06    0.00  0.06 
  Beam1     8   -1.08 516.66  17.09 119.61   38.64   57.98   50.02    0.77    0.00  0.77 
  Beam1     9   -0.35 516.66  -8.65 119.61  -19.56   50.02   57.98    0.39    0.00  0.39 
  Beam1    10   -0.35 516.66   9.71 119.61   21.96   57.98   50.02    0.44    0.00  0.44 
  Beam1    11   -0.35 516.66  -8.65 119.61  -19.56   50.02   57.98    0.39    0.00  0.39 
  Beam1    12   -0.35 516.66   9.71 119.61   21.96   57.98   50.02    0.44    0.00  0.44 
  Beam1    13   -0.35 516.66  -8.65 119.61  -19.56   50.02   57.98    0.39    0.00  0.39 
  Beam1    14   -0.35 516.66   9.71 119.61   21.96   57.98   50.02    0.44    0.00  0.44 
  Beam1    15   -0.35 516.66  -8.65 119.61  -19.56   50.02   57.98    0.39    0.00  0.39 
  Beam1    16   -0.35 516.66   9.71 119.61   21.96   57.98   50.02    0.44    0.00  0.44 
  Beam1    17   -0.16 516.66 -14.59 119.61  -32.98   50.02   57.98    0.66    0.00  0.66 
  Beam1    18   -0.16 516.66   9.90 119.61   22.38   57.98   50.02    0.45    0.00  0.45 
  Beam2     1   -2.59 640.65  25.94  78.88   58.64  100.59   82.66    0.71    0.00  0.71 
  Beam2     2   -0.63 640.65   6.27  78.88   14.17  100.59   82.66    0.17    0.00  0.17 
  Beam2     3   -0.63 640.65   6.27  78.88   14.17  100.59   82.66    0.17    0.00  0.17 
  Beam2     4   -0.63 640.65   6.27  78.88   14.17  100.59   82.66    0.17    0.00  0.17 
  Beam2     5   -0.63 640.65   6.27  78.88   14.17  100.59   82.66    0.17    0.00  0.17 
  Beam2     6   -0.63 640.65   6.27  78.88   14.17  100.59   82.66    0.17    0.00  0.17 
  Beam2     7   -2.10 640.65  -3.19  78.88   -7.21   70.74  100.59    0.10    0.00  0.10 
  Beam2     8   -2.10 640.65  33.55  78.88   75.84  100.59   82.66    0.91    0.00  0.91 
  Beam2     9   -0.63 640.65 -17.94  78.88  -40.56   70.74  100.59    0.57    0.00  0.57 
  Beam2    10   -0.63 640.65  18.79  78.88   42.48  100.59   82.66    0.51    0.00  0.51 
  Beam2    11   -0.63 640.65 -17.94  78.88  -40.56   70.74  100.59    0.57    0.00  0.57 
  Beam2    12   -0.63 640.65  18.79  78.88   42.48  100.59   82.66    0.51    0.00  0.51 
  Beam2    13   -0.63 640.65 -17.94  78.88  -40.56   70.74  100.59    0.57    0.00  0.57 
  Beam2    14   -0.63 640.65  18.79  78.88   42.48  100.59   82.66    0.51    0.00  0.51 
  Beam2    15   -0.63 640.65 -17.94  78.88  -40.56   70.74  100.59    0.57    0.00  0.57 
  Beam2    16   -0.63 640.65  18.79  78.88   42.48  100.59   82.66    0.51    0.00  0.51 
  Beam2    17   -0.27 640.65 -29.56  78.88  -66.83   70.74  100.59    0.94    0.00  0.94 
  Beam2    18   -0.27 640.65  19.42  78.88   43.90  100.59   82.66    0.53    0.00  0.53 
  Beam3     1   -2.59 640.65  25.94  78.88   58.64  100.59   82.66    0.71    0.00  0.71 
  Beam3     2   -0.63 640.65   6.27  78.88   14.17  100.59   82.66    0.17    0.00  0.17 
  Beam3     3   -0.63 640.65   6.27  78.88   14.17  100.59   82.66    0.17    0.00  0.17 
  Beam3     4   -0.63 640.65   6.27  78.88   14.17  100.59   82.66    0.17    0.00  0.17 
  Beam3     5   -0.63 640.65   6.27  78.88   14.17  100.59   82.66    0.17    0.00  0.17 
  Beam3     6   -0.63 640.65   6.27  78.88   14.17  100.59   82.66    0.17    0.00  0.17 
  Beam3     7   -2.10 640.65  -3.19  78.88   -7.21   70.74  100.59    0.10    0.00  0.10 
  Beam3     8   -2.10 640.65  33.55  78.88   75.84  100.59   82.66    0.91    0.00  0.91 
  Beam3     9   -0.63 640.65 -17.94  78.88  -40.56   70.74  100.59    0.57    0.00  0.57 
  Beam3    10   -0.63 640.65  18.79  78.88   42.48  100.59   82.66    0.51    0.00  0.51 
  Beam3    11   -0.63 640.65 -17.94  78.88  -40.56   70.74  100.59    0.57    0.00  0.57 
  Beam3    12   -0.63 640.65  18.79  78.88   42.48  100.59   82.66    0.51    0.00  0.51 
  Beam3    13   -0.63 640.65 -17.94  78.88  -40.56   70.74  100.59    0.57    0.00  0.57 
  Beam3    14   -0.63 640.65  18.79  78.88   42.48  100.59   82.66    0.51    0.00  0.51 
  Beam3    15   -0.63 640.65 -17.94  78.88  -40.56   70.74  100.59    0.57    0.00  0.57 
  Beam3    16   -0.63 640.65  18.79  78.88   42.48  100.59   82.66    0.51    0.00  0.51 
  Beam3    17   -0.27 640.65 -29.56  78.88  -66.83   70.74  100.59    0.94    0.00  0.94 
  Beam3    18   -0.27 640.65  19.42  78.88   43.90  100.59   82.66    0.53    0.00  0.53 
  Beam4     1   -2.59 640.65  25.94  78.88   58.64  100.59   82.66    0.71    0.00  0.71 
  Beam4     2   -0.63 640.65   6.27  78.88   14.17  100.59   82.66    0.17    0.00  0.17 
  Beam4     3   -0.63 640.65   6.27  78.88   14.17  100.59   82.66    0.17    0.00  0.17 
  Beam4     4   -0.63 640.65   6.27  78.88   14.17  100.59   82.66    0.17    0.00  0.17 
  Beam4     5   -0.63 640.65   6.27  78.88   14.17  100.59   82.66    0.17    0.00  0.17 
  Beam4     6   -0.63 640.65   6.27  78.88   14.17  100.59   82.66    0.17    0.00  0.17 
  Beam4     7   -2.10 640.65  -3.19  78.88   -7.21   70.74  100.59    0.10    0.00  0.10 
  Beam4     8   -2.10 640.65  33.55  78.88   75.84  100.59   82.66    0.91    0.00  0.91 
  Beam4     9   -0.63 640.65 -17.94  78.88  -40.56   70.74  100.59    0.57    0.00  0.57 
  Beam4    10   -0.63 640.65  18.79  78.88   42.48  100.59   82.66    0.51    0.00  0.51 
  Beam4    11   -0.63 640.65 -17.94  78.88  -40.56   70.74  100.59    0.57    0.00  0.57 
  Beam4    12   -0.63 640.65  18.79  78.88   42.48  100.59   82.66    0.51    0.00  0.51 
  Beam4    13   -0.63 640.65 -17.94  78.88  -40.56   70.74  100.59    0.57    0.00  0.57 
  Beam4    14   -0.63 640.65  18.79  78.88   42.48  100.59   82.66    0.51    0.00  0.51 
  Beam4    15   -0.63 640.65 -17.94  78.88  -40.56   70.74  100.59    0.57    0.00  0.57 
  Beam4    16   -0.63 640.65  18.79  78.88   42.48  100.59   82.66    0.51    0.00  0.51 
  Beam4    17   -0.27 640.65 -29.56  78.88  -66.83   70.74  100.59    0.94    0.00  0.94 
  Beam4    18   -0.27 640.65  19.42  78.88   43.90  100.59   82.66    0.53    0.00  0.53 
  Beam5     1   -1.33 516.66  13.29 119.61   30.04   57.98   50.02    0.60    0.00  0.60 
  Beam5     2   -0.35 516.66   3.45 119.61    7.81   57.98   50.02    0.16    0.00  0.16 
  Beam5     3   -0.35 516.66   3.45 119.61    7.81   57.98   50.02    0.16    0.00  0.16 
  Beam5     4   -0.35 516.66   3.45 119.61    7.81   57.98   50.02    0.16    0.00  0.16 
  Beam5     5   -0.35 516.66   3.45 119.61    7.81   57.98   50.02    0.16    0.00  0.16 
  Beam5     6   -0.35 516.66   3.45 119.61    7.81   57.98   50.02    0.16    0.00  0.16 
  Beam5     7   -1.08 516.66  -1.28 119.61   -2.88   50.02   57.98    0.06    0.00  0.06 
  Beam5     8   -1.08 516.66  17.09 119.61   38.64   57.98   50.02    0.77    0.00  0.77 
  Beam5     9   -0.35 516.66  -8.65 119.61  -19.56   50.02   57.98    0.39    0.00  0.39 
  Beam5    10   -0.35 516.66   9.71 119.61   21.96   57.98   50.02    0.44    0.00  0.44 
  Beam5    11   -0.35 516.66  -8.65 119.61  -19.56   50.02   57.98    0.39    0.00  0.39 
  Beam5    12   -0.35 516.66   9.71 119.61   21.96   57.98   50.02    0.44    0.00  0.44 
  Beam5    13   -0.35 516.66  -8.65 119.61  -19.56   50.02   57.98    0.39    0.00  0.39 
  Beam5    14   -0.35 516.66   9.71 119.61   21.96   57.98   50.02    0.44    0.00  0.44 
  Beam5    15   -0.35 516.66  -8.65 119.61  -19.56   50.02   57.98    0.39    0.00  0.39 
  Beam5    16   -0.35 516.66   9.71 119.61   21.96   57.98   50.02    0.44    0.00  0.44 
  Beam5    17   -0.16 516.66 -14.59 119.61  -32.98   50.02   57.98    0.66    0.00  0.66 
  Beam5    18   -0.16 516.66   9.90 119.61   22.38   57.98   50.02    0.45    0.00  0.45 

 DEFLECTION:             
 -----------
          Load  --Deflection(mm)--
  Id       Id     Calc  Limit   UC
  ------- ----  ------ ------ ----
  Beam1     1    -20.2   37.5 0.54 
  Beam1     2     -5.2   37.5 0.14 
  Beam1     3     -5.2   37.5 0.14 
  Beam1     4     -5.2   37.5 0.14 
  Beam1     5     -5.2   37.5 0.14 
  Beam1     6     -5.2   37.5 0.14 
  Beam1     7      1.9   37.5 0.05 
  Beam1     8    -26.0   37.5 0.69 
  Beam1     9     13.1   37.5 0.35 
  Beam1    10    -14.7   37.5 0.39 
  Beam1    11     13.1   37.5 0.35 
  Beam1    12    -14.7   37.5 0.39 
  Beam1    13     13.1   37.5 0.35 
  Beam1    14    -14.7   37.5 0.39 
  Beam1    15     13.1   37.5 0.35 
  Beam1    16    -14.7   37.5 0.39 
  Beam1    17     21.6   25.0 0.87 
  Beam1    18    -15.5   25.0 0.62 
  Beam2     1    -15.8   37.5 0.42 
  Beam2     2     -3.8   37.5 0.10 
  Beam2     3     -3.8   37.5 0.10 
  Beam2     4     -3.8   37.5 0.10 
  Beam2     5     -3.8   37.5 0.10 
  Beam2     6     -3.8   37.5 0.10 
  Beam2     7      1.9   37.5 0.05 
  Beam2     8    -20.4   37.5 0.54 
  Beam2     9     10.9   37.5 0.29 
  Beam2    10    -11.4   37.5 0.30 
  Beam2    11     10.9   37.5 0.29 
  Beam2    12    -11.4   37.5 0.30 
  Beam2    13     10.9   37.5 0.29 
  Beam2    14    -11.4   37.5 0.30 
  Beam2    15     10.9   37.5 0.29 
  Beam2    16    -11.4   37.5 0.30 
  Beam2    17     17.7   25.0 0.71 
  Beam2    18    -12.1   25.0 0.48 
  Beam3     1    -15.8   37.5 0.42 
  Beam3     2     -3.8   37.5 0.10 
  Beam3     3     -3.8   37.5 0.10 
  Beam3     4     -3.8   37.5 0.10 
  Beam3     5     -3.8   37.5 0.10 
  Beam3     6     -3.8   37.5 0.10 
  Beam3     7      1.9   37.5 0.05 
  Beam3     8    -20.4   37.5 0.54 
  Beam3     9     10.9   37.5 0.29 
  Beam3    10    -11.4   37.5 0.30 
  Beam3    11     10.9   37.5 0.29 
  Beam3    12    -11.4   37.5 0.30 
  Beam3    13     10.9   37.5 0.29 
  Beam3    14    -11.4   37.5 0.30 
  Beam3    15     10.9   37.5 0.29 
  Beam3    16    -11.4   37.5 0.30 
  Beam3    17     17.7   25.0 0.71 
  Beam3    18    -12.1   25.0 0.48 
  Beam4     1    -15.8   37.5 0.42 
  Beam4     2     -3.8   37.5 0.10 
  Beam4     3     -3.8   37.5 0.10 
  Beam4     4     -3.8   37.5 0.10 
  Beam4     5     -3.8   37.5 0.10 
  Beam4     6     -3.8   37.5 0.10 
  Beam4     7      1.9   37.5 0.05 
  Beam4     8    -20.4   37.5 0.54 
  Beam4     9     10.9   37.5 0.29 
  Beam4    10    -11.4   37.5 0.30 
  Beam4    11     10.9   37.5 0.29 
  Beam4    12    -11.4   37.5 0.30 
  Beam4    13     10.9   37.5 0.29 
  Beam4    14    -11.4   37.5 0.30 
  Beam4    15     10.9   37.5 0.29 
  Beam4    16    -11.4   37.5 0.30 
  Beam4    17     17.7   25.0 0.71 
  Beam4    18    -12.1   25.0 0.48 
  Beam5     1    -20.2   37.5 0.54 
  Beam5     2     -5.2   37.5 0.14 
  Beam5     3     -5.2   37.5 0.14 
  Beam5     4     -5.2   37.5 0.14 
  Beam5     5     -5.2   37.5 0.14 
  Beam5     6     -5.2   37.5 0.14 
  Beam5     7      1.9   37.5 0.05 
  Beam5     8    -26.0   37.5 0.69 
  Beam5     9     13.1   37.5 0.35 
  Beam5    10    -14.7   37.5 0.39 
  Beam5    11     13.1   37.5 0.35 
  Beam5    12    -14.7   37.5 0.39 
  Beam5    13     13.1   37.5 0.35 
  Beam5    14    -14.7   37.5 0.39 
  Beam5    15     13.1   37.5 0.35 
  Beam5    16    -14.7   37.5 0.39 
  Beam5    17     21.6   25.0 0.87 
  Beam5    18    -15.5   25.0 0.62 

 DESIGN CONSTANTS:
 -----------------
  Base Plate Yield     = 345.0 (MN/m2)
  End  Plate Yield     =2378.8 (MN/m2)
  Concrete Bearing     =   7.6 (MN/m2)                                    

 CONNECTION LAYOUT:
 ------------------
          --Splice--  -----Plate(mm)-----  -----------------Bolt(mm)---------------    Req   Req
  Id      Loc   Type   Width Length Thick  Type    Dia Row1 Space1 Row2 Space2 Gage  Thick   Dia
  ------- ----  ----  ------ ------ -----  ----- ----- ---- ------ ---- ------ ----  ----- -----
  Beam1   Start  SS      200    0.0 16.00  Gr8.8 20.00   2   100.0   2   100.0  100  14.96 11.56
  Beam2   Start  SS      200    0.0 16.00  Gr8.8 20.00   2   100.0   2   100.0  100  14.94 13.26
  Beam3   Start  SS      200    0.0 16.00  Gr8.8 20.00   2   100.0   2   100.0  100  14.94 13.26
  Beam4   Start  SS      200    0.0 16.00  Gr8.8 20.00   2   100.0   2   100.0  100  14.94 13.26
  Beam5   Start  SS      200    0.0 16.00  Gr8.8 20.00   2   100.0   2   100.0  100  14.96 11.56

 MOMENT CONNECTION REACTIONS:
 ----------------------------
          --Splice--  ------Top(kN,kN-m)------  ------Bot(kN,kN-m)------
  Id      Loc   Type  Load Axial  Shear Moment  Load Axial  Shear Moment
  ------- ----- ----  ---- -----  ----- ------  ---- -----  ----- ------
  Beam1   Start  SS     8  -1.08  17.09  38.64   17  -0.16 -14.59 -32.98
  Beam2   Start  SS     8  -2.10  33.55  75.84   17  -0.27 -29.56 -66.83
  Beam3   Start  SS     8  -2.10  33.55  75.84   17  -0.27 -29.56 -66.83
  Beam4   Start  SS     8  -2.10  33.55  75.84   17  -0.27 -29.56 -66.83
  Beam5   Start  SS     8  -1.08  17.09  38.64   17  -0.16 -14.59 -32.98

 WELDS:
 ------
                 -Out_Flange_To_Plate-   --In_Flange_To_Plate-   -----Web_To_Plate----
                           Shear(kN/mm)            Shear(kN/mm)            Shear(kN/mm)
  Id      Loc     Size Typ  Calc Limit    Size Typ  Calc Limit    Size Typ  Calc Limit
  ------- -----  ----- --- ----- -----   ----- --- ----- -----   ----- --- ----- -----
  Beam1   Start   4.00  F2 0.393 0.410    4.00  F2 0.335 0.410    4.00  F1 0.057 0.410
  Beam2   Start   5.00  F2 0.459 0.510    4.00  F2 0.405 0.410    4.00  F1 0.075 0.410
  Beam3   Start   5.00  F2 0.459 0.510    4.00  F2 0.405 0.410    4.00  F1 0.075 0.410
  Beam4   Start   5.00  F2 0.459 0.510    4.00  F2 0.405 0.410    4.00  F1 0.075 0.410
  Beam5   Start   4.00  F2 0.393 0.410    4.00  F2 0.335 0.410    4.00  F1 0.057 0.410

 WEB TO FLANGE WELD:
 -------------------
                                        ----Web_To_Flange----
            Load  Shear      Q     Ixx            Shear(kN/mm)
  Id         Id    (kN)  (cm3)   (cm4)   Size Typ  Calc Limit
  --------  ----  -----  -----  ------  ----- --- ----- -----
  Beam1      18    17.1     78    3807   4.00 F1  0.035 0.410
  Beam2      18    33.5     78    9507   4.00 F1  0.028 0.410
  Beam3      18    33.5     78    9507   4.00 F1  0.028 0.410
  Beam4      18    33.5     78    9507   4.00 F1  0.028 0.410
  Beam5      18    17.1     78    3807   4.00 F1  0.035 0.410
================================================================================
 C08-033             Canopy  2                              23/APR/2026  3:18pm
================================================================================


 EXTENSION LAYOUT:
 -----------------
          Wall  --Bay_Id-  ---Horizontal_Size---   ----Vertical_Size---        
  Id Type  Id   Start End  Height   Width  Slope    Elev  Height  Slope        
  -- ---- ----  ----- ---  ------  ------  -----   -----  ------  -----        
   2  EC    3     3    6   4500.0  4500.0  10.00     0.0     0.0   0.00        

 BEAM SIZE:
 ----------
          Line                      -Web_Depth-   Web Flange Flange_Thick         ----Max_Load----
  Id       Id  Use     Orn Part     Start   End Thick  Width   Top Bottom  Weight  Id   UC Report
  ------- ---- ------  --- -------- ----- ----- ----- ------ ----- ------  ------ --- ---- -------
  Beam6     3  ATTACH   H  W30a125  300.0 300.0  4.00  125.0  5.00   5.00    86.8  17 0.87 Deflect
  Beam7     4  ATTACH   H  W45a125  450.0 450.0  4.00  125.0  5.00   5.00   108.5  17 0.94 Moment 
  Beam8     5  ATTACH   H  W45a125  450.0 450.0  4.00  125.0  5.00   5.00   108.5  17 0.94 Moment 
  Beam9     6  ATTACH   H  W45a125  450.0 450.0  4.00  125.0  5.00   5.00   108.5  17 0.94 Moment 
  Beam10    7  ATTACH   H  W30a125  300.0 300.0  4.00  125.0  5.00   5.00    86.8  17 0.87 Deflect

 DESIGN PROPERTIES:
 ------------------
                                  ---Top_Flange---  --Bottom_Flange-
             Load   Major  Minor  Minor  Mom1       Minor  Mom1       ----KL/R---
   Id       Width      KL  Axial   Bend /Mom2   Cb   Bend /Mom2   Cb  Major Minor
   -------  -----  ------  -----  ----- ----- ----  ----- ----- ----  ----- -----
   Beam6   3850.0  9044.9 1200.0 1200.0  1.00 1.00 1200.0  1.00 1.00     72    46
   Beam7   7700.0  9044.9 1200.0 1200.0  1.00 1.00 1200.0  1.00 1.00     51    51
   Beam8   7700.0  9044.9 1200.0 1200.0  1.00 1.00 1200.0  1.00 1.00     51    51
   Beam9   7700.0  9044.9 1200.0 1200.0  1.00 1.00 1200.0  1.00 1.00     51    51
   Beam10  3850.0  9044.9 1200.0 1200.0  1.00 1.00 1200.0  1.00 1.00     72    46

 PLATE LIMITS:
 -------------
            -----Web----  -----Flange----
             Depth/Thick  Width/(2xThick)
   Id        Calc  Limit    Calc  Limit
   -------  -----  -----   -----  -----
  Beam6      75.0  180.0    12.5   16.5
  Beam7     112.5  180.0    12.5   16.5
  Beam8     112.5  180.0    12.5   16.5
  Beam9     112.5  180.0    12.5   16.5
  Beam10     75.0  180.0    12.5   16.5

 STRENGTH:              
 ---------
                --Axial(kN)-  --Shear(kN)-  -----Moment(kN-m)-----  Axial+  Shear+
          Load                                         Top     Bot  Moment  Moment   Max
  Id       Id    Calc  Limit   Calc  Limit    Calc   Limit   Limit      UC      UC    UC
  ------- ----  ----- ------  ----- ------  ------  ------  ------  ------  ------  ----
  Beam6     1   -1.33 516.66  13.29 119.61   30.04   57.98   50.02    0.60    0.00  0.60 
  Beam6     2   -0.35 516.66   3.45 119.61    7.81   57.98   50.02    0.16    0.00  0.16 
  Beam6     3   -0.35 516.66   3.45 119.61    7.81   57.98   50.02    0.16    0.00  0.16 
  Beam6     4   -0.35 516.66   3.45 119.61    7.81   57.98   50.02    0.16    0.00  0.16 
  Beam6     5   -0.35 516.66   3.45 119.61    7.81   57.98   50.02    0.16    0.00  0.16 
  Beam6     6   -0.35 516.66   3.45 119.61    7.81   57.98   50.02    0.16    0.00  0.16 
  Beam6     7   -1.08 516.66  -1.28 119.61   -2.88   50.02   57.98    0.06    0.00  0.06 
  Beam6     8   -1.08 516.66  17.09 119.61   38.64   57.98   50.02    0.77    0.00  0.77 
  Beam6     9   -0.35 516.66  -8.65 119.61  -19.56   50.02   57.98    0.39    0.00  0.39 
  Beam6    10   -0.35 516.66   9.71 119.61   21.96   57.98   50.02    0.44    0.00  0.44 
  Beam6    11   -0.35 516.66  -8.65 119.61  -19.56   50.02   57.98    0.39    0.00  0.39 
  Beam6    12   -0.35 516.66   9.71 119.61   21.96   57.98   50.02    0.44    0.00  0.44 
  Beam6    13   -0.35 516.66  -8.65 119.61  -19.56   50.02   57.98    0.39    0.00  0.39 
  Beam6    14   -0.35 516.66   9.71 119.61   21.96   57.98   50.02    0.44    0.00  0.44 
  Beam6    15   -0.35 516.66  -8.65 119.61  -19.56   50.02   57.98    0.39    0.00  0.39 
  Beam6    16   -0.35 516.66   9.71 119.61   21.96   57.98   50.02    0.44    0.00  0.44 
  Beam6    17   -0.16 516.66 -14.59 119.61  -32.98   50.02   57.98    0.66    0.00  0.66 
  Beam6    18   -0.16 516.66   9.90 119.61   22.38   57.98   50.02    0.45    0.00  0.45 
  Beam7     1   -2.59 640.65  25.94  78.88   58.64  100.59   82.66    0.71    0.00  0.71 
  Beam7     2   -0.63 640.65   6.27  78.88   14.17  100.59   82.66    0.17    0.00  0.17 
  Beam7     3   -0.63 640.65   6.27  78.88   14.17  100.59   82.66    0.17    0.00  0.17 
  Beam7     4   -0.63 640.65   6.27  78.88   14.17  100.59   82.66    0.17    0.00  0.17 
  Beam7     5   -0.63 640.65   6.27  78.88   14.17  100.59   82.66    0.17    0.00  0.17 
  Beam7     6   -0.63 640.65   6.27  78.88   14.17  100.59   82.66    0.17    0.00  0.17 
  Beam7     7   -2.10 640.65  -3.19  78.88   -7.21   70.74  100.59    0.10    0.00  0.10 
  Beam7     8   -2.10 640.65  33.55  78.88   75.84  100.59   82.66    0.91    0.00  0.91 
  Beam7     9   -0.63 640.65 -17.94  78.88  -40.56   70.74  100.59    0.57    0.00  0.57 
  Beam7    10   -0.63 640.65  18.79  78.88   42.48  100.59   82.66    0.51    0.00  0.51 
  Beam7    11   -0.63 640.65 -17.94  78.88  -40.56   70.74  100.59    0.57    0.00  0.57 
  Beam7    12   -0.63 640.65  18.79  78.88   42.48  100.59   82.66    0.51    0.00  0.51 
  Beam7    13   -0.63 640.65 -17.94  78.88  -40.56   70.74  100.59    0.57    0.00  0.57 
  Beam7    14   -0.63 640.65  18.79  78.88   42.48  100.59   82.66    0.51    0.00  0.51 
  Beam7    15   -0.63 640.65 -17.94  78.88  -40.56   70.74  100.59    0.57    0.00  0.57 
  Beam7    16   -0.63 640.65  18.79  78.88   42.48  100.59   82.66    0.51    0.00  0.51 
  Beam7    17   -0.27 640.65 -29.56  78.88  -66.83   70.74  100.59    0.94    0.00  0.94 
  Beam7    18   -0.27 640.65  19.42  78.88   43.90  100.59   82.66    0.53    0.00  0.53 
  Beam8     1   -2.59 640.65  25.94  78.88   58.64  100.59   82.66    0.71    0.00  0.71 
  Beam8     2   -0.63 640.65   6.27  78.88   14.17  100.59   82.66    0.17    0.00  0.17 
  Beam8     3   -0.63 640.65   6.27  78.88   14.17  100.59   82.66    0.17    0.00  0.17 
  Beam8     4   -0.63 640.65   6.27  78.88   14.17  100.59   82.66    0.17    0.00  0.17 
  Beam8     5   -0.63 640.65   6.27  78.88   14.17  100.59   82.66    0.17    0.00  0.17 
  Beam8     6   -0.63 640.65   6.27  78.88   14.17  100.59   82.66    0.17    0.00  0.17 
  Beam8     7   -2.10 640.65  -3.19  78.88   -7.21   70.74  100.59    0.10    0.00  0.10 
  Beam8     8   -2.10 640.65  33.55  78.88   75.84  100.59   82.66    0.91    0.00  0.91 
  Beam8     9   -0.63 640.65 -17.94  78.88  -40.56   70.74  100.59    0.57    0.00  0.57 
  Beam8    10   -0.63 640.65  18.79  78.88   42.48  100.59   82.66    0.51    0.00  0.51 
  Beam8    11   -0.63 640.65 -17.94  78.88  -40.56   70.74  100.59    0.57    0.00  0.57 
  Beam8    12   -0.63 640.65  18.79  78.88   42.48  100.59   82.66    0.51    0.00  0.51 
  Beam8    13   -0.63 640.65 -17.94  78.88  -40.56   70.74  100.59    0.57    0.00  0.57 
  Beam8    14   -0.63 640.65  18.79  78.88   42.48  100.59   82.66    0.51    0.00  0.51 
  Beam8    15   -0.63 640.65 -17.94  78.88  -40.56   70.74  100.59    0.57    0.00  0.57 
  Beam8    16   -0.63 640.65  18.79  78.88   42.48  100.59   82.66    0.51    0.00  0.51 
  Beam8    17   -0.27 640.65 -29.56  78.88  -66.83   70.74  100.59    0.94    0.00  0.94 
  Beam8    18   -0.27 640.65  19.42  78.88   43.90  100.59   82.66    0.53    0.00  0.53 
  Beam9     1   -2.59 640.65  25.94  78.88   58.64  100.59   82.66    0.71    0.00  0.71 
  Beam9     2   -0.63 640.65   6.27  78.88   14.17  100.59   82.66    0.17    0.00  0.17 
  Beam9     3   -0.63 640.65   6.27  78.88   14.17  100.59   82.66    0.17    0.00  0.17 
  Beam9     4   -0.63 640.65   6.27  78.88   14.17  100.59   82.66    0.17    0.00  0.17 
  Beam9     5   -0.63 640.65   6.27  78.88   14.17  100.59   82.66    0.17    0.00  0.17 
  Beam9     6   -0.63 640.65   6.27  78.88   14.17  100.59   82.66    0.17    0.00  0.17 
  Beam9     7   -2.10 640.65  -3.19  78.88   -7.21   70.74  100.59    0.10    0.00  0.10 
  Beam9     8   -2.10 640.65  33.55  78.88   75.84  100.59   82.66    0.91    0.00  0.91 
  Beam9     9   -0.63 640.65 -17.94  78.88  -40.56   70.74  100.59    0.57    0.00  0.57 
  Beam9    10   -0.63 640.65  18.79  78.88   42.48  100.59   82.66    0.51    0.00  0.51 
  Beam9    11   -0.63 640.65 -17.94  78.88  -40.56   70.74  100.59    0.57    0.00  0.57 
  Beam9    12   -0.63 640.65  18.79  78.88   42.48  100.59   82.66    0.51    0.00  0.51 
  Beam9    13   -0.63 640.65 -17.94  78.88  -40.56   70.74  100.59    0.57    0.00  0.57 
  Beam9    14   -0.63 640.65  18.79  78.88   42.48  100.59   82.66    0.51    0.00  0.51 
  Beam9    15   -0.63 640.65 -17.94  78.88  -40.56   70.74  100.59    0.57    0.00  0.57 
  Beam9    16   -0.63 640.65  18.79  78.88   42.48  100.59   82.66    0.51    0.00  0.51 
  Beam9    17   -0.27 640.65 -29.56  78.88  -66.83   70.74  100.59    0.94    0.00  0.94 
  Beam9    18   -0.27 640.65  19.42  78.88   43.90  100.59   82.66    0.53    0.00  0.53 
  Beam10    1   -1.33 516.66  13.29 119.61   30.04   57.98   50.02    0.60    0.00  0.60 
  Beam10    2   -0.35 516.66   3.45 119.61    7.81   57.98   50.02    0.16    0.00  0.16 
  Beam10    3   -0.35 516.66   3.45 119.61    7.81   57.98   50.02    0.16    0.00  0.16 
  Beam10    4   -0.35 516.66   3.45 119.61    7.81   57.98   50.02    0.16    0.00  0.16 
  Beam10    5   -0.35 516.66   3.45 119.61    7.81   57.98   50.02    0.16    0.00  0.16 
  Beam10    6   -0.35 516.66   3.45 119.61    7.81   57.98   50.02    0.16    0.00  0.16 
  Beam10    7   -1.08 516.66  -1.28 119.61   -2.88   50.02   57.98    0.06    0.00  0.06 
  Beam10    8   -1.08 516.66  17.09 119.61   38.64   57.98   50.02    0.77    0.00  0.77 
  Beam10    9   -0.35 516.66  -8.65 119.61  -19.56   50.02   57.98    0.39    0.00  0.39 
  Beam10   10   -0.35 516.66   9.71 119.61   21.96   57.98   50.02    0.44    0.00  0.44 
  Beam10   11   -0.35 516.66  -8.65 119.61  -19.56   50.02   57.98    0.39    0.00  0.39 
  Beam10   12   -0.35 516.66   9.71 119.61   21.96   57.98   50.02    0.44    0.00  0.44 
  Beam10   13   -0.35 516.66  -8.65 119.61  -19.56   50.02   57.98    0.39    0.00  0.39 
  Beam10   14   -0.35 516.66   9.71 119.61   21.96   57.98   50.02    0.44    0.00  0.44 
  Beam10   15   -0.35 516.66  -8.65 119.61  -19.56   50.02   57.98    0.39    0.00  0.39 
  Beam10   16   -0.35 516.66   9.71 119.61   21.96   57.98   50.02    0.44    0.00  0.44 
  Beam10   17   -0.16 516.66 -14.59 119.61  -32.98   50.02   57.98    0.66    0.00  0.66 
  Beam10   18   -0.16 516.66   9.90 119.61   22.38   57.98   50.02    0.45    0.00  0.45 

 DEFLECTION:             
 -----------
          Load  --Deflection(mm)--
  Id       Id     Calc  Limit   UC
  ------- ----  ------ ------ ----
  Beam6     1    -20.2   37.5 0.54 
  Beam6     2     -5.2   37.5 0.14 
  Beam6     3     -5.2   37.5 0.14 
  Beam6     4     -5.2   37.5 0.14 
  Beam6     5     -5.2   37.5 0.14 
  Beam6     6     -5.2   37.5 0.14 
  Beam6     7      1.9   37.5 0.05 
  Beam6     8    -26.0   37.5 0.69 
  Beam6     9     13.1   37.5 0.35 
  Beam6    10    -14.7   37.5 0.39 
  Beam6    11     13.1   37.5 0.35 
  Beam6    12    -14.7   37.5 0.39 
  Beam6    13     13.1   37.5 0.35 
  Beam6    14    -14.7   37.5 0.39 
  Beam6    15     13.1   37.5 0.35 
  Beam6    16    -14.7   37.5 0.39 
  Beam6    17     21.6   25.0 0.87 
  Beam6    18    -15.5   25.0 0.62 
  Beam7     1    -15.8   37.5 0.42 
  Beam7     2     -3.8   37.5 0.10 
  Beam7     3     -3.8   37.5 0.10 
  Beam7     4     -3.8   37.5 0.10 
  Beam7     5     -3.8   37.5 0.10 
  Beam7     6     -3.8   37.5 0.10 
  Beam7     7      1.9   37.5 0.05 
  Beam7     8    -20.4   37.5 0.54 
  Beam7     9     10.9   37.5 0.29 
  Beam7    10    -11.4   37.5 0.30 
  Beam7    11     10.9   37.5 0.29 
  Beam7    12    -11.4   37.5 0.30 
  Beam7    13     10.9   37.5 0.29 
  Beam7    14    -11.4   37.5 0.30 
  Beam7    15     10.9   37.5 0.29 
  Beam7    16    -11.4   37.5 0.30 
  Beam7    17     17.7   25.0 0.71 
  Beam7    18    -12.1   25.0 0.48 
  Beam8     1    -15.8   37.5 0.42 
  Beam8     2     -3.8   37.5 0.10 
  Beam8     3     -3.8   37.5 0.10 
  Beam8     4     -3.8   37.5 0.10 
  Beam8     5     -3.8   37.5 0.10 
  Beam8     6     -3.8   37.5 0.10 
  Beam8     7      1.9   37.5 0.05 
  Beam8     8    -20.4   37.5 0.54 
  Beam8     9     10.9   37.5 0.29 
  Beam8    10    -11.4   37.5 0.30 
  Beam8    11     10.9   37.5 0.29 
  Beam8    12    -11.4   37.5 0.30 
  Beam8    13     10.9   37.5 0.29 
  Beam8    14    -11.4   37.5 0.30 
  Beam8    15     10.9   37.5 0.29 
  Beam8    16    -11.4   37.5 0.30 
  Beam8    17     17.7   25.0 0.71 
  Beam8    18    -12.1   25.0 0.48 
  Beam9     1    -15.8   37.5 0.42 
  Beam9     2     -3.8   37.5 0.10 
  Beam9     3     -3.8   37.5 0.10 
  Beam9     4     -3.8   37.5 0.10 
  Beam9     5     -3.8   37.5 0.10 
  Beam9     6     -3.8   37.5 0.10 
  Beam9     7      1.9   37.5 0.05 
  Beam9     8    -20.4   37.5 0.54 
  Beam9     9     10.9   37.5 0.29 
  Beam9    10    -11.4   37.5 0.30 
  Beam9    11     10.9   37.5 0.29 
  Beam9    12    -11.4   37.5 0.30 
  Beam9    13     10.9   37.5 0.29 
  Beam9    14    -11.4   37.5 0.30 
  Beam9    15     10.9   37.5 0.29 
  Beam9    16    -11.4   37.5 0.30 
  Beam9    17     17.7   25.0 0.71 
  Beam9    18    -12.1   25.0 0.48 
  Beam10    1    -20.2   37.5 0.54 
  Beam10    2     -5.2   37.5 0.14 
  Beam10    3     -5.2   37.5 0.14 
  Beam10    4     -5.2   37.5 0.14 
  Beam10    5     -5.2   37.5 0.14 
  Beam10    6     -5.2   37.5 0.14 
  Beam10    7      1.9   37.5 0.05 
  Beam10    8    -26.0   37.5 0.69 
  Beam10    9     13.1   37.5 0.35 
  Beam10   10    -14.7   37.5 0.39 
  Beam10   11     13.1   37.5 0.35 
  Beam10   12    -14.7   37.5 0.39 
  Beam10   13     13.1   37.5 0.35 
  Beam10   14    -14.7   37.5 0.39 
  Beam10   15     13.1   37.5 0.35 
  Beam10   16    -14.7   37.5 0.39 
  Beam10   17     21.6   25.0 0.87 
  Beam10   18    -15.5   25.0 0.62 

 DESIGN CONSTANTS:
 -----------------
  Base Plate Yield     = 345.0 (MN/m2)
  End  Plate Yield     =2378.8 (MN/m2)
  Concrete Bearing     =   7.6 (MN/m2)                                    

 CONNECTION LAYOUT:
 ------------------
          --Splice--  -----Plate(mm)-----  -----------------Bolt(mm)---------------    Req   Req
  Id      Loc   Type   Width Length Thick  Type    Dia Row1 Space1 Row2 Space2 Gage  Thick   Dia
  ------- ----  ----  ------ ------ -----  ----- ----- ---- ------ ---- ------ ----  ----- -----
  Beam6   Start  SS      200    0.0 16.00  Gr8.8 20.00   2   100.0   2   100.0  100  14.96 11.56
  Beam7   Start  SS      200    0.0 16.00  Gr8.8 20.00   2   100.0   2   100.0  100  14.94 13.26
  Beam8   Start  SS      200    0.0 16.00  Gr8.8 20.00   2   100.0   2   100.0  100  14.94 13.26
  Beam9   Start  SS      200    0.0 16.00  Gr8.8 20.00   2   100.0   2   100.0  100  14.94 13.26
  Beam10  Start  SS      200    0.0 16.00  Gr8.8 20.00   2   100.0   2   100.0  100  14.96 11.56

 MOMENT CONNECTION REACTIONS:
 ----------------------------
          --Splice--  ------Top(kN,kN-m)------  ------Bot(kN,kN-m)------
  Id      Loc   Type  Load Axial  Shear Moment  Load Axial  Shear Moment
  ------- ----- ----  ---- -----  ----- ------  ---- -----  ----- ------
  Beam6   Start  SS     8  -1.08  17.09  38.64   17  -0.16 -14.59 -32.98
  Beam7   Start  SS     8  -2.10  33.55  75.84   17  -0.27 -29.56 -66.83
  Beam8   Start  SS     8  -2.10  33.55  75.84   17  -0.27 -29.56 -66.83
  Beam9   Start  SS     8  -2.10  33.55  75.84   17  -0.27 -29.56 -66.83
  Beam10  Start  SS     8  -1.08  17.09  38.64   17  -0.16 -14.59 -32.98

 WELDS:
 ------
                 -Out_Flange_To_Plate-   --In_Flange_To_Plate-   -----Web_To_Plate----
                           Shear(kN/mm)            Shear(kN/mm)            Shear(kN/mm)
  Id      Loc     Size Typ  Calc Limit    Size Typ  Calc Limit    Size Typ  Calc Limit
  ------- -----  ----- --- ----- -----   ----- --- ----- -----   ----- --- ----- -----
  Beam6   Start   4.00  F2 0.393 0.410    4.00  F2 0.335 0.410    4.00  F1 0.057 0.410
  Beam7   Start   5.00  F2 0.459 0.510    4.00  F2 0.405 0.410    4.00  F1 0.075 0.410
  Beam8   Start   5.00  F2 0.459 0.510    4.00  F2 0.405 0.410    4.00  F1 0.075 0.410
  Beam9   Start   5.00  F2 0.459 0.510    4.00  F2 0.405 0.410    4.00  F1 0.075 0.410
  Beam10  Start   4.00  F2 0.393 0.410    4.00  F2 0.335 0.410    4.00  F1 0.057 0.410

 WEB TO FLANGE WELD:
 -------------------
                                        ----Web_To_Flange----
            Load  Shear      Q     Ixx            Shear(kN/mm)
  Id         Id    (kN)  (cm3)   (cm4)   Size Typ  Calc Limit
  --------  ----  -----  -----  ------  ----- --- ----- -----
  Beam6      18    17.1     78    3807   4.00 F1  0.035 0.410
  Beam7      18    33.5     78    9507   4.00 F1  0.028 0.410
  Beam8      18    33.5     78    9507   4.00 F1  0.028 0.410
  Beam9      18    33.5     78    9507   4.00 F1  0.028 0.410
  Beam10     18    17.1     78    3807   4.00 F1  0.035 0.410
 
 
================================================================================
 C08-033             Load Combinations                      23/APR/2026  3:18pm
================================================================================


 LOAD COMBINATIONS:
 ------------------
  Strength       
     1   Dead+Collateral+Live
     2   Dead+Collateral+Snow
     3   Dead+Collateral+Snow+Snow_Drift
     4   Dead+Collateral+Snow+Slide_Snow
     5   Dead+Collateral+Rain
     6   Dead+Collateral
     7   Dead+Collateral+0.75Live+0.75Wind_Pressure
     8   Dead+Collateral+0.75Live+0.75Wind_Suction
     9   Dead+Collateral+0.75Snow+0.75Wind_Pressure
    10   Dead+Collateral+0.75Snow+0.75Wind_Suction
    11   Dead+Collateral+0.75Snow+0.75Wind_Pressure+0.75Snow_Drift
    12   Dead+Collateral+0.75Snow+0.75Wind_Suction+0.75Snow_Drift
    13   Dead+Collateral+0.75Snow+0.75Wind_Pressure+0.75Slide_Snow
    14   Dead+Collateral+0.75Snow+0.75Wind_Suction+0.75Slide_Snow
    15   Dead+Collateral+0.75Wind_Pressure+0.75Rain
    16   Dead+Collateral+0.75Wind_Suction+0.75Rain
    17   0.6Dead+Wind_Pressure
    18   0.6Dead+Wind_Suction
  
  Deflection     
     1   Dead+Collateral+Live
     2   Dead+Collateral+Snow
     3   Dead+Collateral+Snow+Snow_Drift
     4   Dead+Collateral+Snow+Slide_Snow
     5   Dead+Collateral+Rain
     6   Dead+Collateral
     7   Dead+Collateral+0.75Live+0.75Wind_Pressure
     8   Dead+Collateral+0.75Live+0.75Wind_Suction
     9   Dead+Collateral+0.75Snow+0.75Wind_Pressure
    10   Dead+Collateral+0.75Snow+0.75Wind_Suction
    11   Dead+Collateral+0.75Snow+0.75Wind_Pressure+0.75Snow_Drift
    12   Dead+Collateral+0.75Snow+0.75Wind_Suction+0.75Snow_Drift
    13   Dead+Collateral+0.75Snow+0.75Wind_Pressure+0.75Slide_Snow
    14   Dead+Collateral+0.75Snow+0.75Wind_Suction+0.75Slide_Snow
    15   Dead+Collateral+0.75Wind_Pressure+0.75Rain
    16   Dead+Collateral+0.75Wind_Suction+0.75Rain
    17   0.6Dead+Wind_Pressure
    18   0.6Dead+Wind_Suction
  

================================================================================
 C08-033             Weight Summary                         23/APR/2026  3:18pm
================================================================================


              EXTENSION  1
                                            Weight
                 Description                  (kg)
                 -----------             ---------
                 Beam                  =    499.28
                                         ----------
                 Total                 =    499.28

              EXTENSION  2
                                            Weight
                 Description                  (kg)
                 -----------             ---------
                 Beam                  =    499.28
                                         ----------
                 Total                 =    499.28


================================================================================
 C08-033             Warning Report                         23/APR/2026  3:18pm
================================================================================

                   .. No Warnings
