                       Sivoko Steel Structures
                             GHana

www:


\-----------

Phone: (xxx) xxx-xxxx

Builder's Name :                                     Quote No.: C08-033
Address        :                                     Date     : 23/APR/2026

Project Name   : Proposed Warehouse
Location       : Proposed Warehouse

This is our proposal on the following building:

LOADING:
  Roof Live Load(kN/m2)      : 0.570          Wind Code          : MBMA 10
  Roof Dead Load(kN/m2)      : 0.100          Building Category  : Enclosed
  Roof Collateral Load(kN/m2): 0.050          Seismic Importance :  1.00



SIZE:
  Width(mm) : 61000
  Length(mm): 45500
  Back side eave height(mm) : 7000       Back side roof slope : 10.0:100
  Front side eave height(mm): 7000       Front side roof slope: 10.0:100

FRAMING:
  Left endwall frames  : Rigid               (Bearing = Post & Beam  -
  Right endwall frames : Rigid                          Non expandable)
  Interior Frames      :  2 horizontal peak frames
                         with interior columns at:   30500.00
                          5 horizontal peak frames
                         with interior columns at:   30500.00

ROOF SYSTEM:
  Roof panel Type : 4525      Gage : 0.5       Color : NEED ROOF COLOR
  Gable trim color: 9010 PURE WHITE
  Eave trim color : 9010 PURE WHITE

WALL SYSTEM:
  Wall panel type : 4525      Gage : 0.5       Color : NEED WALL COLOR
  Outside corner trim color: 9010 PURE WHITE
  Base trim color          : NEED WALL COLOR
  Opening trim color       : 9010 PURE WHITE

GUTTERS AND DOWNSPOUTS:
  Front sidewall gutters(mm) : 45500      Front sidewall downspouts:   8
  Back sidewall gutters(ft)  : 45500      Back sidewall downspouts :   8
  Color : --                              Color                    : --

The following building price includes optional items, accessories and factory
located framed openings listed on the next page.

The price of this building in    funds, excluding Tax and FREIGHT,
will be $5351.34.  (F.O.B. Metal Bldg Mfr)

The total estimated weight is (lbs) :  82434.4.

The above price does not include anchor bolts, insulation, doors and
hardware, site inspections.

Respectfully submitted by,





       TRIMMED STRUCTURAL OPENINGS / OPTIONAL ITEMS / ACCESSORIES

FACTORY LOCATED OPENINGS:
 Left endwall  : ( 4) 4000   W x 4000   H
 Front sidewall: none
 Right endwall : ( 4) 4000   W x 4000   H
 Back sidewall : none

 OPTIONAL ITEMS:


 ACCESSORIES:




