 
 
 
 
                          Sivoko Steel Structures Ltd.
                                  Comm.7,Tema
                              Ghana (West Africa)
 
 
 
 
                       BUILDING WEIGHT & PRICE SUMMARY
                                      FOR
 
 
 
 
 
 
 
                               Proposed Warehouse
                               Proposed Warehouse
 
                                    C08-033
 
 
 
 
                                 BUILDING LAYOUT
                        Width              (mm)=  61000
                        Length             (mm)=  45500
                        Eave Height        (mm)=   7000/  7000
                        Roof Slope   (rise/100)= 10.00/10.00
 
                                 BUILDING LOADS
                        Roof Dead Load  (kN/m2)=  0.10
                        Wall Dead Load
                          Left  Endwall (kN/m2)=  0.10
                          Right Endwall (kN/m2)=  0.10
                          Front Sidewall(kN/m2)=  0.10
                          Back  Sidewall(kN/m2)=  0.10
                        Live Load       (kN/m2)=  0.57
                        Collateral Load (kN/m2)=  0.05
                        Wind Speed       (m/s )=  39.0
                        Wind Code              = MBMA10
                        Exposure               = B
                        Closure                = Enclosed
                        Internal Wind Coeff    = -0.18, +0.18
                        Risk Category          = -
                        Importance - Wind      =  1.00
                        Importance - Seismic   =  1.00
                        Seismic Design Category= B
                        Seismic Coeff (Sms)    =  0.33
                        Temperature Change     =   20
                        -------------------------------
                        Designer : VVJ
                        Detailer :
 
 
 
 
                                     23/APR/2026



                        BUILDING WEIGHT & PRICE SUMMARY
             ====================================================
             Description                   Weight(kg)      Price
             ====================================================
             Rigid Frames & Endwall Frames    40953.5     4627.21
             Door Jambs & Headers               558.5        0.48
             Purlins, Girts & Eave Struts     14668.8        6.44
             Roof & Wall Sheeting             19714.9       15.96
             Connection Plates                   71.8        1.48
             Angles                            2148.5       28.89
             Trim                              1672.1        6.34
             Cables & Sealant                  1732.1       13.72
             Accessories                         38.5        2.64
             Fasteners                          875.7      648.18
             ----------------------------------------------------
                                   Total:     82434.4     5351.34

             ----------------------------------------------------
             PRICE PER WEIGHT(kg)                            0.06
             PRICE PER FLOOR AREA(m2 )                       1.93
             WEIGHT PER FLOOR AREA(m2 )                     29.70
             ----------------------------------------------------


                             PRICE DISCOUNT SUMMARY
             ====================================================
             Desc.                 Qty                    Amount
             ====================================================
             Building Components                          5351.34

             ----------------------------------------------------
             ADJUSTED PRICE                               5351.34

             ----------------------------------------------------
             TAXABLE TOTAL                                5351.34

             ----------------------------------------------------
             FINAL PRICE                                  5351.34




                                  LEFT ENDWALL
             ====================================================
             Description                   Weight(kg)      Price
             ====================================================
             Columns                           1862.2     1862.33
             Door Jambs                         193.0        0.16
             Door Header                         86.3        0.08
             Eave Struts                        122.9        0.00
             Girts                              949.3        0.58
             Sheeting                          2123.6        2.46
             Connection Plates                   35.9        1.08
             ----------------------------------------------------
             TOTAL:                            5373.2     1866.69



                                 FRONT SIDEWALL
             ====================================================
             Description                   Weight(kg)      Price
             ====================================================
             Eave Struts                        239.8        0.12
             Girts                              364.6        0.00
             Sheeting                           771.2        0.92
             Cable                               92.6        0.04
             ----------------------------------------------------
             TOTAL:                            1468.2        1.08



                                 RIGHT ENDWALL
             ====================================================
             Description                   Weight(kg)      Price
             ====================================================
             Columns                           1862.2     1862.33
             Door Jambs                         193.0        0.16
             Door Header                         86.3        0.08
             Eave Struts                        122.9        0.00
             Girts                              949.3        0.58
             Sheeting                          2123.6        2.46
             Connection Plates                   35.9        1.08
             ----------------------------------------------------
             TOTAL:                            5373.2     1866.69



                                 BACK SIDEWALL
             ====================================================
             Description                   Weight(kg)      Price
             ====================================================
             Eave Struts                        239.8        0.12
             Girts                              364.6        0.00
             Sheeting                           771.2        0.92
             Cable                               92.6        0.04
             ----------------------------------------------------
             TOTAL:                            1468.2        1.08



                                      ROOF
             ====================================================
             Description                   Weight(kg)      Price
             ====================================================
             Purlins                          11315.4        5.04
             Sheeting                         13925.5        9.20
             Cable                              796.8        0.32
             ----------------------------------------------------
             TOTAL:                           26037.8       14.56



                                  RIGID FRAMES
             ====================================================
             Description                   Weight(kg)      Price
             ====================================================
             Rigid Frame 1                     8072.6        0.78
             Rigid Frame 2                    27941.5        2.75
             Ext Beams                         1215.0      899.02
             ----------------------------------------------------
             TOTAL:                           37229.1      902.55



                                  ACCESSORIES
             ====================================================
             Description                   Weight(kg)      Price
             ====================================================
             Gutters & Downspouts               570.2        2.38
             ----------------------------------------------------
             TOTAL:                             570.2        2.38
                  NOTE: Gutter is included as part of the trim
                        category from the summary.



                                     OTHER
             ====================================================
             Description                   Weight(kg)      Price
             ====================================================
             Angles                            2148.5       28.89
             Trim                              1102.0        3.96
             Cables & Sealant                   750.1       13.32
             Accessories                         38.5        2.64
             Fasteners                          875.7      648.18
             ----------------------------------------------------
             TOTAL:                            4914.8      696.99

===============================================================================
 C08-033              Cost Error Summary                    23/APR/2026  3:19pm
===============================================================================

    *WARNING: Cost could not be computed for the following parts!
         Quan  Mark/Part           Description
         ----  ----------------    -----------------
            8   P-4  (150Z20  )    Roof Purlin         
           16   P-5  (150Z18  )    Roof Purlin         
            8   P-6  (150Z20  )    Roof Purlin         
            2   E-4  (150Z15  )    Eave Strut          
            4   E-5  (150Z15  )    Eave Strut          
            2   E-6  (150Z15  )    Eave Strut          
            4   G-14 (150Z15  )    SW Girt             
           16   G-15 (150Z15  )    SW Girt             
            4   G-16 (150Z15  )    SW Girt             
           56  ------(AB16    )    Anchor Bolt         
