 
 
 
 
                          Sivoko Steel Structures Ltd.
                                  Comm.7,Tema
                              Ghana (West Africa)
 
 
 
 
                                    FRAMING SUMMARY
                                      FOR
 
 
 
 
 
 
 
                               Proposed Warehouse
                               Proposed Warehouse
 
                                    C08-033
 
 
 
 
                                 BUILDING LAYOUT
                        Width              (mm)=  61000
                        Length             (mm)=  45500
                        Eave Height        (mm)=   7000/  7000
                        Roof Slope   (rise/100)= 10.00/10.00
 
                                 BUILDING LOADS
                        Roof Dead Load  (kN/m2)=  0.10
                        Wall Dead Load
                          Left  Endwall (kN/m2)=  0.10
                          Right Endwall (kN/m2)=  0.10
                          Front Sidewall(kN/m2)=  0.10
                          Back  Sidewall(kN/m2)=  0.10
                        Live Load       (kN/m2)=  0.57
                        Collateral Load (kN/m2)=  0.05
                        Wind Speed       (m/s )=  39.0
                        Wind Code              = MBMA10
                        Exposure               = B
                        Closure                = Enclosed
                        Internal Wind Coeff    = -0.18, +0.18
                        Risk Category          = -
                        Importance - Wind      =  1.00
                        Importance - Seismic   =  1.00
                        Seismic Design Category= B
                        Seismic Coeff (Sms)    =  0.33
                        Temperature Change     =   20
                        -------------------------------
                        Designer : VVJ
                        Detailer :
 
 
 
 
                                     23/APR/2026

 

================================================================================
 C08-033             FRAMING SUMMARY: Roof                  23/APR/2026  3:18pm
================================================================================
 
 PURLIN LAYOUT:
 --------------
 Surface   Purlin   Surface_Extend  Stub_Purlin  Total     Peak  --Set_Space--
    Id      Type      Left   Right  Left  Right   Rows    Space    Space   Row
 -------   ------  ------- -------  ----  -----  -----  -------  -------   ---
     2       ZB          0       0    N     N      21       300     1500    21
     3       ZB          0       0    N     N      21       300     1500    21
 
 EAVE LAYOUT:
 ------------
  Wall        Flange    Web
   Id   Type  Rotate  Orient  Offset
  ----  ----  ------  ------  ------
    2    ZB      O       P      80.0
    4    ZB      O       P      80.0
 
 PURLIN LOCATION:
 ----------------
  Surface  Purlin   Surface
     Id      Id      Offset    Space
   ------  ------  --------  -------
      2       1         352      352
              2        1852     1500
              3        3352     1500
              4        4852     1500
              5        6352     1500
              6        7852     1500
              7        9352     1500
              8       10852     1500
              9       12352     1500
             10       13852     1500
             11       15352     1500
             12       16852     1500
             13       18352     1500
             14       19852     1500
             15       21352     1500
             16       22852     1500
             17       24352     1500
             18       25852     1500
             19       27352     1500
             20       28852     1500
             21       30352     1500
                      30652      300
 
      3       1         300      300
              2        1800     1500
              3        3300     1500
              4        4800     1500
              5        6300     1500
              6        7800     1500
              7        9300     1500
              8       10800     1500
              9       12300     1500
             10       13800     1500
             11       15300     1500
             12       16800     1500
             13       18300     1500
             14       19800     1500
             15       21300     1500
             16       22800     1500
             17       24300     1500
             18       25800     1500
             19       27300     1500
             20       28800     1500
             21       30300     1500
                      30652      352
 
 PURLIN SIZE:
 ------------
   Surface  Bay             ----Purlin_Lap----   IS_Flg
     Id      Id  Part           Left     Right    Strap
   -------  ---  --------   --------  --------   ------
      2       1  200Z18                    330      3                      
              2  200Z18          330       330      3                      
              3  200Z18          330       330      3                      
              4  200Z18          330       330      3                      
              5  200Z18          330       330      3                      
              6  200Z18          330                3                      

      3       1  200Z18                    330      3                      
              2  200Z18          330       330      3                      
              3  200Z18          330       330      3                      
              4  200Z18          330       330      3                      
              5  200Z18          330       330      3                      
              6  200Z18          330                3                      


 EAVE STRUT SIZE:
 ----------------
    Wall  Bay               ----Eave_Lap----
     Id    Id  Part            Left    Right
    ----  ---  -----------  -------  -------
      2     1  200Z18                    330
            2  200Z18           330      330
            3  200Z18           330      330
            4  200Z18           330      330
            5  200Z18           330      330
            6  200Z18           330         

      4     1  200Z18                    330
            2  200Z18           330      330
            3  200Z18           330      330
            4  200Z18           330      330
            5  200Z18           330      330
            6  200Z18           330         

 
 ROOF BRACING:
 -------------
   Bay  Attach_Locate
    Id   Start    End   Type     Part        Dia
   ---  ------ ------   -------- --------  -----
     1       0   7813   Rod      ROD20     20.00
          7813  15276   Rod      ROD20     20.00
         15276  22739   Rod      ROD20     20.00
         22739  30500   Rod      ROD20     20.00
         30500  38261   Rod      ROD20     20.00
         38261  45724   Rod      ROD20     20.00
         45724  53187   Rod      ROD20     20.00
         53187  61000   Rod      ROD20     20.00
     6       0   7813   Rod      ROD20     20.00
          7813  15276   Rod      ROD20     20.00
         15276  22739   Rod      ROD20     20.00
         22739  30500   Rod      ROD20     20.00
         30500  38261   Rod      ROD20     20.00
         38261  45724   Rod      ROD20     20.00
         45724  53187   Rod      ROD20     20.00
         53187  61000   Rod      ROD20     20.00
 
 EXTENSION BRACING:
 ------------------
   Ext  Wall  Bay  Brace  Brace
    Id   Id    Id  Type    Dia
   ---  ----  ---  -----  -----
     1    1    4   Rod    20.00
     2    3    4   Rod    20.00
 
 BOLT AT EAVE STRUT:
 -------------------
  Wall Frame_Line   Lap   -------Bolt_Size------
   Id  Id   Type   Plate  No. Type    Dia Washer
  ---- --   ----   -----  --- ----- ----- ------
    2   1    RF      -     4  Gr8.8 12.00    0
    2   2    RF      Y     4  Gr8.8 12.00    0
    2   3    RF      Y     4  Gr8.8 12.00    0
    2   4    RF      Y     4  Gr8.8 12.00    0
    2   5    RF      Y     4  Gr8.8 12.00    0
    2   6    RF      Y     4  Gr8.8 12.00    0
    2   7    RF      -     4  Gr8.8 12.00    0
    4   1    RF      -     4  Gr8.8 12.00    0
    4   2    RF      Y     4  Gr8.8 12.00    0
    4   3    RF      Y     4  Gr8.8 12.00    0
    4   4    RF      Y     4  Gr8.8 12.00    0
    4   5    RF      Y     4  Gr8.8 12.00    0
    4   6    RF      Y     4  Gr8.8 12.00    0
    4   7    RF      -     4  Gr8.8 12.00    0

================================================================================
 C08-033             FRAMING SUMMARY: Left  Endwall         23/APR/2026  3:18pm
================================================================================
 
 RAFTER:
 -------
             Surf
    Id        Id    Part      Length
    ------   ----   --------  ------
    Raf1       2               30652
    Raf2       3               30652
 
 RAFTER SPLICE:
 --------------
   -Surface-        ---Plate---  Bolt    Bolt   Bolt  ---Top---  --Bottom-
   Id Locate  Type  Width Thick  Type     Dia   Gage  Row Space  Row Space
   -- ------  ----  ----- -----  -----  -----  -----  --- -----  --- -----
    3      0   -           0.00  Gr8.8   0.00          0          0
 
 COLUMN:
 -------
                    Grid                          Base
    Id      Offset  Line  Part      Rot  Length   Elev
    ------  ------  ----  --------  ---  ------  -----
    Col2      7400  H     MB225      N     6835    0.0
    Col3     15100  G     MB225      N     7593    0.0
    Col4     22800  F     MB225      N     8518    0.0
    Col5     30500  E     MB225      N     8794    0.0
    Col6     38200  D     MB225      N     8518    0.0
    Col7     45900  C     MB225      N     7593    0.0
    Col8     53600  B     MB225      N     6835    0.0
 
 BASE PLATE:
 -----------
            ----------Plate--------  -----Anchor_Bolt-----  Base_Clip_Bolts
    Id      Type Width Length Thick  Type    Dia  Gage Row  No. Type    Dia
    ------  ---- ----- ------ -----  ----- ----- ----- ---  --- ----- -----
    Col2     S3  200.0  300.0 16.00  A36   16.00 100.0  2    0             
    Col3     S3  200.0  300.0 16.00  A36   16.00 100.0  2    0             
    Col4     S3  200.0  300.0 16.00  A36   16.00 100.0  2    0             
    Col5     S3  200.0  300.0 16.00  A36   16.00 100.0  2    0             
    Col6     S3  200.0  300.0 16.00  A36   16.00 100.0  2    0             
    Col7     S3  200.0  300.0 16.00  A36   16.00 100.0  2    0             
    Col8     S3  200.0  300.0 16.00  A36   16.00 100.0  2    0             
 
 CAP PLATE:
 ----------
            -----Bolts-----
    Id      No. Type    Dia
    ------  --- ----- -----
    Col2     2  Gr8.8 16.00
    Col3     2  Gr8.8 16.00
    Col4     2  Gr8.8 16.00
    Col5     2  Gr8.8 16.00
    Col6     2  Gr8.8 16.00
    Col7     2  Gr8.8 16.00
    Col8     2  Gr8.8 16.00
 
 FLANGE BRACE:
 -------------
            Col             Brace_At
    Id      Side  Part      Girt_Id
    ------  ----  --------  --------------------
    Col3     R    L40X40X4  1
    Col4     R    L40X40X4  2
    Col5     R    L40X40X4  2
    Col6     L    L40X40X4  2
    Col7     L    L40X40X4  1
 
 OPENING LAYOUT:
 ---------------
   Open  -----Bay-----  -------Opening_Size------
    Id    Id    Offset    Width   Height     Sill    Note
   ----  ----  -------  -------  -------  -------    -------------
     1     3      1850     4000     4000        0                 
     2     4      1850     4000     4000        0                 
     3     5      1850     4000     4000        0                 
     4     6      1850     4000     4000        0                 
 
 OPENING JAMB/HEADER/SILL:
 -------------------------
   Open  Bay
    Id    Id  Member  Offset  Locate  Part       Length
   ----  ---  ------  ------  ------  --------  -------
     1     3  Jamb-L    1850       0  200C20       4550
              Jamb-R    5850       0  200C20       4550
              Header    4000    1850  200C20       4000
     2     4  Jamb-L    1850       0  200C20       4550
              Jamb-R    5850       0  200C20       4550
              Header    4000    1850  200C20       4000
     3     5  Jamb-L    1850       0  200C20       4550
              Jamb-R    5850       0  200C20       4550
              Header    4000    1850  200C20       4000
     4     6  Jamb-L    1850       0  200C20       4550
              Jamb-R    5850       0  200C20       4550
              Header    4000    1850  200C20       4000
 
 PARTIAL WALLS:
 --------------
       -Bay_Start-   --Bay_End--          Base  Left      Right
   Id   Id  Offset    Id  Offset  Height  Type  Jamb      Jamb
   --  ---  ------   ---  ------  ------  ----  --------  --------
    1    1       0     8       0    3600    -                     
 
 GIRT LAYOUT:
 ------------
  Bay                             ---Bay_Offset--  --Support-  ------Lap------  Flg
   Id    Locate  Type  Part         Start     End  Left Right     Left   Right  Rot
  ---  --------  ----  --------   ------- -------  ---- -----  ------- -------  ---
    1    3680.0   ZB   200Z15         0.0  7400.0  Col  Col        0.0   330.0   D
         5180.0   ZB   200Z15         0.0  7400.0  Col  Col        0.0   330.0   D
         6680.0   ZB   200Z15         0.0  7400.0  Col  Col        0.0   330.0   D
  ---  --------  ----  --------   ------- -------  ---- -----  ------- -------  ---
    2    3680.0   ZB   200Z15         0.0  7700.0  Col  Jamb     330.0     0.0   D
         5180.0   ZB   200Z15         0.0  7700.0  Col  Col      330.0   330.0   D
         6680.0   ZB   200Z15         0.0  7700.0  Col  Col      330.0   330.0   D
  ---  --------  ----  --------   ------- -------  ---- -----  ------- -------  ---
    3    4550.0   ZB   200Z18         0.0  7700.0  Col  Col        0.0   330.0   D
         5180.0   ZB   200Z15         0.0  7700.0  Col  Col      330.0   330.0   D
         6680.0   ZB   200Z15         0.0  7700.0  Col  Col      330.0   330.0   D
  ---  --------  ----  --------   ------- -------  ---- -----  ------- -------  ---
    4    3680.0   ZB   200Z15         0.0  1850.0  Jamb Jamb       0.0     0.0   D
         4550.0   ZB   200Z18         0.0  7700.0  Col  Col      330.0   330.0   D
         5180.0   ZB   200Z15         0.0  7700.0  Col  Col      330.0   330.0   D
         6680.0   ZB   200Z15         0.0  7700.0  Col  Col      330.0   330.0   D
         8180.0   ZB   200Z15         0.0  7700.0  Col  Col        0.0   330.0   D
  ---  --------  ----  --------   ------- -------  ---- -----  ------- -------  ---
    5    3680.0   ZB   200Z15         0.0  1850.0  Jamb Jamb       0.0     0.0   D
         4550.0   ZB   200Z18         0.0  7700.0  Col  Col      330.0   330.0   D
         5180.0   ZB   200Z15         0.0  7700.0  Col  Col      330.0   330.0   D
         6680.0   ZB   200Z15         0.0  7700.0  Col  Col      330.0   330.0   D
         8180.0   ZB   200Z15         0.0  7700.0  Col  Col      330.0     0.0   D
  ---  --------  ----  --------   ------- -------  ---- -----  ------- -------  ---
    6    3680.0   ZB   200Z15         0.0  1850.0  Jamb Jamb       0.0     0.0   D
         4550.0   ZB   200Z18         0.0  7700.0  Col  Col      330.0     0.0   D
         5180.0   ZB   200Z15         0.0  7700.0  Col  Col      330.0   330.0   D
         6680.0   ZB   200Z15         0.0  7700.0  Col  Col      330.0   330.0   D
  ---  --------  ----  --------   ------- -------  ---- -----  ------- -------  ---
    7    3680.0   ZB   200Z15         0.0  7700.0  Jamb Col        0.0   330.0   D
         5180.0   ZB   200Z15         0.0  7700.0  Col  Col      330.0   330.0   D
         6680.0   ZB   200Z15         0.0  7700.0  Col  Col      330.0   330.0   D
  ---  --------  ----  --------   ------- -------  ---- -----  ------- -------  ---
    8    3680.0   ZB   200Z15         0.0  7400.0  Col  Col      330.0     0.0   D
         5180.0   ZB   200Z15         0.0  7400.0  Col  Col      330.0     0.0   D
         6680.0   ZB   200Z15         0.0  7400.0  Col  Col      330.0     0.0   D

 GIRT INSIDE FLANGE BRACE:
 -------------------------
  No._Brace/Bay
    1   2   3   4   5   6   7   8
  --- --- --- --- --- --- --- --- 
    3   3   3   3   3   3   3   3

================================================================================
 C08-033             FRAMING SUMMARY: Front Sidewall        23/APR/2026  3:18pm
================================================================================
 
 PARTIAL WALLS:
 --------------
       -Bay_Start-   --Bay_End--          Base  Left      Right
   Id   Id  Offset    Id  Offset  Height  Type  Jamb      Jamb
   --  ---  ------   ---  ------  ------  ----  --------  --------
    2    1       0     6       0    3600    -                     
 
 GIRT LAYOUT:
 ------------
  Bay                             ---Bay_Offset--  --Support-  ------Lap------  Flg
   Id    Locate  Type  Part         Start     End  Left Right     Left   Right  Rot
  ---  --------  ----  --------   ------- -------  ---- -----  ------- -------  ---
    1    3680.0   ZB   150Z15       380.0  7350.0  Col  Col        0.0   660.0   D
         5180.0   ZB   150Z15       380.0  7350.0  Col  Col        0.0   660.0   D
  ---  --------  ----  --------   ------- -------  ---- -----  ------- -------  ---
    2    3680.0   ZB   150Z15         0.0  7700.0  Col  Col      660.0   660.0   D
         5180.0   ZB   150Z15         0.0  7700.0  Col  Col      660.0   660.0   D
  ---  --------  ----  --------   ------- -------  ---- -----  ------- -------  ---
    3    3680.0   ZB   150Z15         0.0  7700.0  Col  Col      660.0   660.0   D
         5180.0   ZB   150Z15         0.0  7700.0  Col  Col      660.0   660.0   D
  ---  --------  ----  --------   ------- -------  ---- -----  ------- -------  ---
    4    3680.0   ZB   150Z15         0.0  7700.0  Col  Col      660.0   660.0   D
         5180.0   ZB   150Z15         0.0  7700.0  Col  Col      660.0   660.0   D
  ---  --------  ----  --------   ------- -------  ---- -----  ------- -------  ---
    5    3680.0   ZB   150Z15         0.0  7700.0  Col  Col      660.0   660.0   D
         5180.0   ZB   150Z15         0.0  7700.0  Col  Col      660.0   660.0   D
  ---  --------  ----  --------   ------- -------  ---- -----  ------- -------  ---
    6    3680.0   ZB   150Z15         0.0  6970.0  Col  Col      660.0     0.0   D
         5180.0   ZB   150Z15         0.0  6970.0  Col  Col      660.0     0.0   D

 GIRT INSIDE FLANGE BRACE:
 -------------------------
  No._Brace/Bay
    1   2   3   4   5   6
  --- --- --- --- --- --- 
    3   3   3   3   3   3
 
 WALL BRACING:  
 -------------
   Bay    Brace_Height
   Id       Bot    Top  Type      Part        Dia
  -----  ------ ------  --------  --------  -----
    1         0   7000  Rod       ROD20     20.00
    6         0   7000  Rod       ROD20     20.00

================================================================================
 C08-033             FRAMING SUMMARY: Right Endwall         23/APR/2026  3:18pm
================================================================================
 
 RAFTER:
 -------
             Surf
    Id        Id    Part      Length
    ------   ----   --------  ------
    Raf1       2               30652
    Raf2       3               30652
 
 RAFTER SPLICE:
 --------------
   -Surface-        ---Plate---  Bolt    Bolt   Bolt  ---Top---  --Bottom-
   Id Locate  Type  Width Thick  Type     Dia   Gage  Row Space  Row Space
   -- ------  ----  ----- -----  -----  -----  -----  --- -----  --- -----
    3      0   -           0.00  Gr8.8   0.00          0          0
 
 COLUMN:
 -------
                    Grid                          Base
    Id      Offset  Line  Part      Rot  Length   Elev
    ------  ------  ----  --------  ---  ------  -----
    Col2      7400  B     MB225      N     6835    0.0
    Col3     15100  C     MB225      N     7593    0.0
    Col4     22800  D     MB225      N     8518    0.0
    Col5     30500  E     MB225      N     8794    0.0
    Col6     38200  F     MB225      N     8518    0.0
    Col7     45900  G     MB225      N     7593    0.0
    Col8     53600  H     MB225      N     6835    0.0
 
 BASE PLATE:
 -----------
            ----------Plate--------  -----Anchor_Bolt-----  Base_Clip_Bolts
    Id      Type Width Length Thick  Type    Dia  Gage Row  No. Type    Dia
    ------  ---- ----- ------ -----  ----- ----- ----- ---  --- ----- -----
    Col2     S3  200.0  300.0 16.00  A36   16.00 100.0  2    0             
    Col3     S3  200.0  300.0 16.00  A36   16.00 100.0  2    0             
    Col4     S3  200.0  300.0 16.00  A36   16.00 100.0  2    0             
    Col5     S3  200.0  300.0 16.00  A36   16.00 100.0  2    0             
    Col6     S3  200.0  300.0 16.00  A36   16.00 100.0  2    0             
    Col7     S3  200.0  300.0 16.00  A36   16.00 100.0  2    0             
    Col8     S3  200.0  300.0 16.00  A36   16.00 100.0  2    0             
 
 CAP PLATE:
 ----------
            -----Bolts-----
    Id      No. Type    Dia
    ------  --- ----- -----
    Col2     2  Gr8.8 16.00
    Col3     2  Gr8.8 16.00
    Col4     2  Gr8.8 16.00
    Col5     2  Gr8.8 16.00
    Col6     2  Gr8.8 16.00
    Col7     2  Gr8.8 16.00
    Col8     2  Gr8.8 16.00
 
 FLANGE BRACE:
 -------------
            Col             Brace_At
    Id      Side  Part      Girt_Id
    ------  ----  --------  --------------------
    Col3     R    L40X40X4  1
    Col4     R    L40X40X4  2
    Col5     R    L40X40X4  2
    Col6     L    L40X40X4  2
    Col7     L    L40X40X4  1
 
 OPENING LAYOUT:
 ---------------
   Open  -----Bay-----  -------Opening_Size------
    Id    Id    Offset    Width   Height     Sill    Note
   ----  ----  -------  -------  -------  -------    -------------
     1     3      1850     4000     4000        0                 
     2     4      1850     4000     4000        0                 
     3     5      1850     4000     4000        0                 
     4     6      1850     4000     4000        0                 
 
 OPENING JAMB/HEADER/SILL:
 -------------------------
   Open  Bay
    Id    Id  Member  Offset  Locate  Part       Length
   ----  ---  ------  ------  ------  --------  -------
     1     3  Jamb-L    1850       0  200C20       4550
              Jamb-R    5850       0  200C20       4550
              Header    4000    1850  200C20       4000
     2     4  Jamb-L    1850       0  200C20       4550
              Jamb-R    5850       0  200C20       4550
              Header    4000    1850  200C20       4000
     3     5  Jamb-L    1850       0  200C20       4550
              Jamb-R    5850       0  200C20       4550
              Header    4000    1850  200C20       4000
     4     6  Jamb-L    1850       0  200C20       4550
              Jamb-R    5850       0  200C20       4550
              Header    4000    1850  200C20       4000
 
 PARTIAL WALLS:
 --------------
       -Bay_Start-   --Bay_End--          Base  Left      Right
   Id   Id  Offset    Id  Offset  Height  Type  Jamb      Jamb
   --  ---  ------   ---  ------  ------  ----  --------  --------
    3    1       0     8       0    3600    -                     
 
 GIRT LAYOUT:
 ------------
  Bay                             ---Bay_Offset--  --Support-  ------Lap------  Flg
   Id    Locate  Type  Part         Start     End  Left Right     Left   Right  Rot
  ---  --------  ----  --------   ------- -------  ---- -----  ------- -------  ---
    1    3680.0   ZB   200Z15         0.0  7400.0  Col  Col        0.0   330.0   D
         5180.0   ZB   200Z15         0.0  7400.0  Col  Col        0.0   330.0   D
         6680.0   ZB   200Z15         0.0  7400.0  Col  Col        0.0   330.0   D
  ---  --------  ----  --------   ------- -------  ---- -----  ------- -------  ---
    2    3680.0   ZB   200Z15         0.0  7700.0  Col  Jamb     330.0     0.0   D
         5180.0   ZB   200Z15         0.0  7700.0  Col  Col      330.0   330.0   D
         6680.0   ZB   200Z15         0.0  7700.0  Col  Col      330.0   330.0   D
  ---  --------  ----  --------   ------- -------  ---- -----  ------- -------  ---
    3    4550.0   ZB   200Z18         0.0  7700.0  Col  Col        0.0   330.0   D
         5180.0   ZB   200Z15         0.0  7700.0  Col  Col      330.0   330.0   D
         6680.0   ZB   200Z15         0.0  7700.0  Col  Col      330.0   330.0   D
  ---  --------  ----  --------   ------- -------  ---- -----  ------- -------  ---
    4    3680.0   ZB   200Z15         0.0  1850.0  Jamb Jamb       0.0     0.0   D
         4550.0   ZB   200Z18         0.0  7700.0  Col  Col      330.0   330.0   D
         5180.0   ZB   200Z15         0.0  7700.0  Col  Col      330.0   330.0   D
         6680.0   ZB   200Z15         0.0  7700.0  Col  Col      330.0   330.0   D
         8180.0   ZB   200Z15         0.0  7700.0  Col  Col        0.0   330.0   D
  ---  --------  ----  --------   ------- -------  ---- -----  ------- -------  ---
    5    3680.0   ZB   200Z15         0.0  1850.0  Jamb Jamb       0.0     0.0   D
         4550.0   ZB   200Z18         0.0  7700.0  Col  Col      330.0   330.0   D
         5180.0   ZB   200Z15         0.0  7700.0  Col  Col      330.0   330.0   D
         6680.0   ZB   200Z15         0.0  7700.0  Col  Col      330.0   330.0   D
         8180.0   ZB   200Z15         0.0  7700.0  Col  Col      330.0     0.0   D
  ---  --------  ----  --------   ------- -------  ---- -----  ------- -------  ---
    6    3680.0   ZB   200Z15         0.0  1850.0  Jamb Jamb       0.0     0.0   D
         4550.0   ZB   200Z18         0.0  7700.0  Col  Col      330.0     0.0   D
         5180.0   ZB   200Z15         0.0  7700.0  Col  Col      330.0   330.0   D
         6680.0   ZB   200Z15         0.0  7700.0  Col  Col      330.0   330.0   D
  ---  --------  ----  --------   ------- -------  ---- -----  ------- -------  ---
    7    3680.0   ZB   200Z15         0.0  7700.0  Jamb Col        0.0   330.0   D
         5180.0   ZB   200Z15         0.0  7700.0  Col  Col      330.0   330.0   D
         6680.0   ZB   200Z15         0.0  7700.0  Col  Col      330.0   330.0   D
  ---  --------  ----  --------   ------- -------  ---- -----  ------- -------  ---
    8    3680.0   ZB   200Z15         0.0  7400.0  Col  Col      330.0     0.0   D
         5180.0   ZB   200Z15         0.0  7400.0  Col  Col      330.0     0.0   D
         6680.0   ZB   200Z15         0.0  7400.0  Col  Col      330.0     0.0   D

 GIRT INSIDE FLANGE BRACE:
 -------------------------
  No._Brace/Bay
    1   2   3   4   5   6   7   8
  --- --- --- --- --- --- --- --- 
    3   3   3   3   3   3   3   3

================================================================================
 C08-033             FRAMING SUMMARY: Back  Sidewall        23/APR/2026  3:18pm
================================================================================
 
 PARTIAL WALLS:
 --------------
       -Bay_Start-   --Bay_End--          Base  Left      Right
   Id   Id  Offset    Id  Offset  Height  Type  Jamb      Jamb
   --  ---  ------   ---  ------  ------  ----  --------  --------
    4    1       0     6       0    3600    -                     
 
 GIRT LAYOUT:
 ------------
  Bay                             ---Bay_Offset--  --Support-  ------Lap------  Flg
   Id    Locate  Type  Part         Start     End  Left Right     Left   Right  Rot
  ---  --------  ----  --------   ------- -------  ---- -----  ------- -------  ---
    1    3680.0   ZB   150Z15       380.0  7350.0  Col  Col        0.0   660.0   D
         5180.0   ZB   150Z15       380.0  7350.0  Col  Col        0.0   660.0   D
  ---  --------  ----  --------   ------- -------  ---- -----  ------- -------  ---
    2    3680.0   ZB   150Z15         0.0  7700.0  Col  Col      660.0   660.0   D
         5180.0   ZB   150Z15         0.0  7700.0  Col  Col      660.0   660.0   D
  ---  --------  ----  --------   ------- -------  ---- -----  ------- -------  ---
    3    3680.0   ZB   150Z15         0.0  7700.0  Col  Col      660.0   660.0   D
         5180.0   ZB   150Z15         0.0  7700.0  Col  Col      660.0   660.0   D
  ---  --------  ----  --------   ------- -------  ---- -----  ------- -------  ---
    4    3680.0   ZB   150Z15         0.0  7700.0  Col  Col      660.0   660.0   D
         5180.0   ZB   150Z15         0.0  7700.0  Col  Col      660.0   660.0   D
  ---  --------  ----  --------   ------- -------  ---- -----  ------- -------  ---
    5    3680.0   ZB   150Z15         0.0  7700.0  Col  Col      660.0   660.0   D
         5180.0   ZB   150Z15         0.0  7700.0  Col  Col      660.0   660.0   D
  ---  --------  ----  --------   ------- -------  ---- -----  ------- -------  ---
    6    3680.0   ZB   150Z15         0.0  6970.0  Col  Col      660.0     0.0   D
         5180.0   ZB   150Z15         0.0  6970.0  Col  Col      660.0     0.0   D

 GIRT INSIDE FLANGE BRACE:
 -------------------------
  No._Brace/Bay
    1   2   3   4   5   6
  --- --- --- --- --- --- 
    3   3   3   3   3   3
 
 WALL BRACING:  
 -------------
   Bay    Brace_Height
   Id       Bot    Top  Type      Part        Dia
  -----  ------ ------  --------  --------  -----
    1         0   7000  Rod       ROD20     20.00
    6         0   7000  Rod       ROD20     20.00

================================================================================
 C08-033             FRAMING SUMMARY: Rigid Frame 1         23/APR/2026  3:18pm
================================================================================
 
 LAYOUT:
 -------
   Type          :  HP
   No. Line      :   2
   Frame Line Id :   1    7
   Grid Line Id  :   1    7
 
 MEMBER:
 -------
   Surf  Mem  Seg            Flange  Flange  -Web_Depth-  -Plate_Thickness-
    Id    Id   Id  Part      Length   Width  Start   End    Web O-flg I-flg
   ----  ---  ---  --------  ------  ------  ----- -----  ----- ----- -----
     1     1    1              6806   140.0  250.0 400.0   4.00  5.00  8.00
     2     2    2              3497   160.0  500.0 600.0   5.00  5.00  5.00
     2     3    3              6000   160.0  600.0 750.0   5.00  6.00  5.00
     2     4    4              6000   140.0  750.0 700.0   5.00  8.00  5.00
     2     5    5              6000   185.0  700.0 500.0   5.00  8.00  6.00
     2     6    6              6000   185.0  500.0 750.0   5.00  6.00  8.00
     2     7    7              2999   225.0  750.0  1041   6.00  8.00  8.00
     3     8    8              2999   225.0   1041 750.0   6.00  8.00  8.00
     3     9    9              6000   185.0  750.0 500.0   5.00  6.00  8.00
     3    10   10              6000   185.0  500.0 700.0   5.00  8.00  6.00
     3    11   11              6000   140.0  700.0 750.0   5.00  8.00  5.00
     3    12   12              6000   160.0  750.0 600.0   5.00  6.00  5.00
     3    13   13              3497   160.0  600.0 500.0   5.00  5.00  5.00
     4    14   14              6806   140.0  400.0 250.0   4.00  5.00  8.00
 
 INTERIOR COLUMN:
 ----------------
   Col                       Flange  Flange  -Web_Depth-  -Plate_Thickness-
    Id   Locate    Part      Length   Width  Start   End    Web O-flg I-flg
   ---  -------    --------  ------  ------  ----- -----  ----- ----- -----
     1    30500    Special        0   200.0  203.2 203.2   5.00 12.00 12.00
 
 SPLICE:
 -------
   -Surface-        ---Plate---  Bolt    Bolt   Bolt  ---Top---  --Bottom-
   Id Locate  Type  Width Thick  Type     Dia   Gage  Row Space  Row Space
   -- ------  ----  ----- -----  -----  -----  -----  --- -----  --- -----
    2      0   HSS  200.0 16.00  A325   20.00  100.0   2  100.0   2  100.0
    2   9632   -SS  200.0 16.00  A325   20.00  100.0   2  100.0   2  100.0
    2  15632   -SS  200.0 16.00  A325   20.00  100.0   2  100.0   2  100.0
    2  27632   -SS  225.0 16.00  A325   20.00  100.0   2  100.0   2  100.0
    3   3020   -SS  225.0 16.00  A325   20.00  100.0   2  100.0   2  100.0
    3  15020   -SS  200.0 16.00  A325   20.00  100.0   2  100.0   2  100.0
    3  21020   -SS  200.0 16.00  A325   20.00  100.0   2  100.0   2  100.0
    4      0   HSS  200.0 16.00  A325   20.00  100.0   2  100.0   2  100.0
 
 BASE PLATE:
 -----------
                    ---Plate---  -----------Bolt----------   Base
   Locate     Type  Width Thick  Type     Dia   Gage   Row   Elev
   ---------- ----  ----- ------ -----  -----  -----  ----  -----
   Lt Column   P    200.0 16.00  A36    20.00  100.0    2     0.0
   Rt Column   P    200.0 16.00  A36    20.00  100.0    2     0.0
   Int Col  1  P    200.0 16.00  A36    20.00  100.0    2     0.0
 
 CAP PLATE:
 ----------
                    ---Plate---  -----------Bolt----------
   Locate     Type  Width Thick  Type     Dia   Gage   Row
   ---------- ----  ----- ------ -----  -----  -----  ----
   Int Col  1  FS   200.0 16.00  Gr8.8  20.00  100.0    4
 
 FLANGE BRACE:
 -------------
   Surf           No.
    Id   Locate  Side  Part      Clip
   ----  ------  ----  --------  ------
     1       1     1   L40X40X4        
     2       2     1   L40X40X4        
     2       4     1   L40X40X4        
     2       5     1   L40X40X4        
     2       6     1   L40X40X4        
     2       8     1   L40X40X4        
     2      10     1   L40X40X4        
     2      11     1   L40X40X4        
     2      13     1   L40X40X4        
     2      15     1   L40X40X4        
     2      16     1   L40X40X4        
     2      18     1   L40X40X4        
     2      20     1   L40X40X4        
     2      21     1   L50X50X5        
     3       1     1   L50X50X5        
     3       2     1   L40X40X4        
     3       4     1   L40X40X4        
     3       6     1   L40X40X4        
     3       7     1   L40X40X4        
     3       9     1   L40X40X4        
     3      11     1   L40X40X4        
     3      12     1   L40X40X4        
     3      14     1   L40X40X4        
     3      16     1   L40X40X4        
     3      17     1   L40X40X4        
     3      18     1   L40X40X4        
     3      20     1   L40X40X4        
     4       1     1   L40X40X4        
 
 BEARING STIFFENER:
 ------------------
   Locate      Width  Thick
   ----------  -----  -----
   Lt Column    70.0   8.00
   Rt Column    70.0   8.00
   Int Col  1  100.0  10.00

================================================================================
 C08-033             FRAMING SUMMARY: Rigid Frame 2         23/APR/2026  3:18pm
================================================================================
 
 LAYOUT:
 -------
   Type          :  HP
   No. Line      :   5
   Frame Line Id :   2    3    4    5    6
   Grid Line Id  :   2    3    4    5    6
 
 MEMBER:
 -------
   Surf  Mem  Seg            Flange  Flange  -Web_Depth-  -Plate_Thickness-
    Id    Id   Id  Part      Length   Width  Start   End    Web O-flg I-flg
   ----  ---  ---  --------  ------  ------  ----- -----  ----- ----- -----
     1     1    1              6799   175.0  350.0 700.0   5.00  6.00 12.00
     2     2    2              3497   200.0  400.0 400.0   5.00 16.00 16.00
     2     3    3              6000   200.0  400.0 550.0   5.00  8.00  8.00
     2     4    4              6000   175.0  550.0 550.0   5.00 10.00  6.00
     2     5    5              6000   225.0  550.0 400.0   5.00  8.00  8.00
     2     6    6              6000   225.0  400.0 900.0   6.00  8.00 10.00
     2     7    7              2998   270.0  900.0  1194   8.00 10.00 10.00
     3     8    8              2998   270.0   1194 900.0   8.00 10.00 10.00
     3     9    9              6000   225.0  900.0 400.0   6.00  8.00 10.00
     3    10   10              6000   225.0  400.0 550.0   5.00  8.00  8.00
     3    11   11              6000   175.0  550.0 550.0   5.00 10.00  6.00
     3    12   12              6000   200.0  550.0 400.0   5.00  8.00  8.00
     3    13   13              3497   200.0  400.0 400.0   5.00 16.00 16.00
     4    14   14              6799   175.0  700.0 350.0   5.00  6.00 12.00
 
 INTERIOR COLUMN:
 ----------------
   Col                       Flange  Flange  -Web_Depth-  -Plate_Thickness-
    Id   Locate    Part      Length   Width  Start   End    Web O-flg I-flg
   ---  -------    --------  ------  ------  ----- -----  ----- ----- -----
     1    30500    Special        0   240.0  787.4 787.4   5.00 16.00 16.00
 
 SPLICE:
 -------
   -Surface-        ---Plate---  Bolt    Bolt   Bolt  ---Top---  --Bottom-
   Id Locate  Type  Width Thick  Type     Dia   Gage  Row Space  Row Space
   -- ------  ----  ----- -----  -----  -----  -----  --- -----  --- -----
    2      0   HSS  200.0 20.00  A325   24.00  100.0   2  100.0   2  100.0
    2   9632   -SS  200.0 16.00  A325   20.00  100.0   2  100.0   2  100.0
    2  15632   -SS  225.0 16.00  A325   20.00  100.0   2  100.0   2  100.0
    2  27632   -SS  275.0 16.00  A325   24.00  100.0   2  100.0   2  100.0
    3   3020   -SS  275.0 16.00  A325   24.00  100.0   2  100.0   2  100.0
    3  15020   -SS  225.0 16.00  A325   20.00  100.0   2  100.0   2  100.0
    3  21020   -SS  200.0 16.00  A325   20.00  100.0   2  100.0   2  100.0
    4      0   HSS  200.0 20.00  A325   24.00  100.0   2  100.0   2  100.0
 
 BASE PLATE:
 -----------
                    ---Plate---  -----------Bolt----------   Base
   Locate     Type  Width Thick  Type     Dia   Gage   Row   Elev
   ---------- ----  ----- ------ -----  -----  -----  ----  -----
   Lt Column   P    200.0 16.00  A36    20.00  100.0    2     0.0
   Rt Column   P    200.0 16.00  A36    20.00  100.0    2     0.0
   Int Col  1  P    250.0 16.00  A36    20.00  100.0    2     0.0
 
 CAP PLATE:
 ----------
                    ---Plate---  -----------Bolt----------
   Locate     Type  Width Thick  Type     Dia   Gage   Row
   ---------- ----  ----- ------ -----  -----  -----  ----
   Int Col  1  FS   250.0 20.00  Gr8.8  24.00  100.0    4
 
 FLANGE BRACE:
 -------------
   Surf           No.
    Id   Locate  Side  Part      Clip
   ----  ------  ----  --------  ------
     1       1     2   L40X40X4        
     2       2     2   L40X40X4        
     2       4     2   L40X40X4        
     2       6     2   L40X40X4        
     2       8     2   L40X40X4        
     2      10     2   L40X40X4        
     2      12     2   L40X40X4        
     2      14     2   L40X40X4        
     2      16     2   L40X40X4        
     2      18     2   L40X40X4        
     2      20     2   L40X40X4        
     2      21     2   L50X50X5        
     3       1     2   L50X50X5        
     3       2     2   L40X40X4        
     3       4     2   L40X40X4        
     3       6     2   L40X40X4        
     3       8     2   L40X40X4        
     3      10     2   L40X40X4        
     3      12     2   L40X40X4        
     3      14     2   L40X40X4        
     3      16     2   L40X40X4        
     3      18     2   L40X40X4        
     3      20     2   L40X40X4        
     4       1     2   L40X40X4        
 
 BEARING STIFFENER:
 ------------------
   Locate      Width  Thick
   ----------  -----  -----
   Lt Column    90.0   8.00
   Rt Column    90.0   8.00
   Int Col  1  140.0   8.00

================================================================================
 C08-033             FRAMING SUMMARY: Extensions            23/APR/2026  3:18pm
================================================================================
 
 CANOPY LAYOUT:
 --------------
  Wall   Ext       --Bay_Id--                                -Edge_Extend-
   Id     Id  Opt  Start  End   Width  Height  Slope  Mount   Left   Right
  ----   ---  ---  -----  ---  ------  ------  -----  -----  -----   -----
    1      1   -     3     6   4500.0  4500.0  10.00    B      0.0     0.0
    3      2   -     3     6   4500.0  4500.0  10.00    B      0.0     0.0
 
 CANOPY BEAM & CONNECTION:
 -------------------------
  Wall Ext Column                -------Connection-----   -----------Bolts-----------
   Id   Id  Line  Use   Part     Loc   Type Width Thick   Type    Dia Space  Gage Row
  ---- --- ------ ----- -------- ----- ---- ----- -----   ----- ----- ----- ----- ---
    1    1    3   BeamH W30a125  Start  SS  200.0  16.0   Gr8.8 20.00 100.0 100.0   4
              4   BeamH W45a125  Start  SS  200.0  16.0   Gr8.8 20.00 100.0 100.0   4
              5   BeamH W45a125  Start  SS  200.0  16.0   Gr8.8 20.00 100.0 100.0   4
              6   BeamH W45a125  Start  SS  200.0  16.0   Gr8.8 20.00 100.0 100.0   4
              7   BeamH W30a125  Start  SS  200.0  16.0   Gr8.8 20.00 100.0 100.0   4
    3    2    3   BeamH W30a125  Start  SS  200.0  16.0   Gr8.8 20.00 100.0 100.0   4
              4   BeamH W45a125  Start  SS  200.0  16.0   Gr8.8 20.00 100.0 100.0   4
              5   BeamH W45a125  Start  SS  200.0  16.0   Gr8.8 20.00 100.0 100.0   4
              6   BeamH W45a125  Start  SS  200.0  16.0   Gr8.8 20.00 100.0 100.0   4
              7   BeamH W30a125  Start  SS  200.0  16.0   Gr8.8 20.00 100.0 100.0   4
 
 CANOPY ROOF & SOFFIT PURLIN:
 ----------------------------
  Wall  Ext          Bay                       -------Lap------  Eave      Flange
   Id    Id  Locate   Id  Type  Row  Part         Left    Right  Strut      Strap
  ----  ---  ------  ---  ----  ---  --------  -------  -------  --------  ------
    1     1  Roof      3   ZB     4  150Z20                 660  150Z15       3
             Roof      4   ZB     4  150Z18        660      660  150Z15       3
             Roof      5   ZB     4  150Z18        660      660  150Z15       3
             Roof      6   ZB     4  150Z20        660           150Z15       3
             Soffit    3   ZB     4  150Z20                 660  150Z15       3
             Soffit    4   ZB     4  150Z18        660      660  150Z15       3
             Soffit    5   ZB     4  150Z18        660      660  150Z15       3
             Soffit    6   ZB     4  150Z20        660           150Z15       3
    3     2  Roof      3   ZB     4  150Z20                 660  150Z15       0
             Roof      4   ZB     4  150Z18        660      660  150Z15       0
             Roof      5   ZB     4  150Z18        660      660  150Z15       0
             Roof      6   ZB     4  150Z20        660           150Z15       0
             Soffit    3   --     0                              150Z15       0
             Soffit    4   --     0                              150Z15       0
             Soffit    5   --     0                              150Z15       0
             Soffit    6   --     0                              150Z15       0
