================================================================================
 C08-033             PLATE SUMMARY REPORT                   23/APR/2026  3:19pm
================================================================================

 ----------
 BAR STOCK:
 ----------
                                          Surface
   Width  Thickness    Length    Weight      Area
    (mm)     (mm)        (mm)      (kg)     (cm2)
   -----  ---------  --------   -------  --------
    60.0     6.00      4000.0      11.3      5280   
    70.0     8.00      3680.0      16.5      5741   
    90.0     8.00      7200.0      41.5     14112   
   100.0    10.00      7440.0      59.5     16368   
   125.0     5.00     93807.3     460.6    243899   
   140.0     5.00     49104.3     275.0    142403   
   140.0     8.00     70110.0     628.2    207526   
   150.0     5.00     71905.6     430.7    222907   
   150.0    10.00      3024.0      36.3      9677   
   160.0     5.00     51383.1     328.9    169564   
   160.0     6.00     25200.0     193.5     83664   
   175.0     6.00    123887.4    1040.7    448472   
   175.0    10.00     59680.0     835.5    220816   
   175.0    12.00     64296.1    1080.2    240468   
   185.0     6.00     46530.1     413.2    177745   
   185.0     8.00     48937.1     579.4    188897   
   200.0     8.00    117017.6    1497.8    486793   
   200.0    12.00     34993.6     671.9    148373   
   200.0    16.00    127256.7    3250.4    549749   
   200.0    20.00     18021.8     576.7     79296   
   225.0     8.00    201345.2    2899.4    938268   
   225.0    10.00     59455.0    1070.2    279439   
   225.0    16.00     23454.4     675.5    113050   
   240.0    16.00     85771.7    2634.9    439151   
   250.0    16.00      4250.0     136.0     22610   
   250.0    20.00      5097.0     203.9     27524   
   270.0    10.00     54672.1    1180.9    306164   
   270.0    20.00      5097.0     220.2     29563   
   275.0    16.00     22000.1     774.4    128040   
                                -------  --------
                      Total =   22223.0   5945558 

 ----------------
 WEB PLATE STOCK:
 ----------------
                                   Surface
   Thickness    Area     Weight       Area
      (mm)     (cm2)       (kg)      (cm2)
   ---------  ------     ------   --------
      4.00    262492      824.9     524984   
      5.00   2463515     9676.8    4927030   
      6.00    499809     2355.9     999618   
      8.00    319001     2004.9     638001   
     10.00     28947      227.4      57894   
                         ------   --------
      Total =           15089.9    7147527 

 -----------------
 MISC PLATE STOCK:
 -----------------
                                              Surface
   Width   Thickness    Length   Weight          Area
    (mm)      (mm)        (mm)     (kg)         (cm2)
   -----   ---------  --------   ------     ---------
     300      4.00       736.0      6.9          4416                 
     450      4.00      1104.0     15.6          9936                 
      75      5.00     30150.0     90.2         45225                 
     120      5.00     25647.9    117.1         61555                 
     151      5.00     10150.0     60.1         30612                 
     144      5.00     12655.4     71.8         36561                 
                                 ------     ---------
        Total =                   361.7        188306 

 ----------------------
 INDIVIDUAL WEB PLATES:
 ----------------------
                                   -----Width-----
             Thickness    Length     Wide   Narrow
   Quantity     (mm)        (mm)     (mm)     (mm)
   --------  ---------   -------   ------   ------
       4        4.00     4536.86   300.00   300.00   
       6        4.00     4551.86   450.00   450.00   
       4        4.00     6307.92   400.00   250.00   
 
      10        5.00     2729.85   400.50   400.00   
       4        5.00     3545.96   600.00   600.00   
       4        5.00     5929.40   699.46   500.00   
      10        5.00     5964.00   549.60   400.00   
       4        5.00     5968.00   749.87   700.13   
      10        5.00     5968.00   550.00   550.00   
      10        5.00     6000.00   549.60   400.00   
       4        5.00     6000.00   749.33   500.00   
       4        5.00     6000.00   749.60   600.00   
      10        5.00     6420.74   700.00   350.00   
       5        5.00     8577.17   787.40   787.40   
       2        5.00     8748.39   203.20   203.20   
 
      10        6.00     5925.10   898.65   400.00   
       2        6.00     5974.22  1046.58  1046.58   
 
       5        8.00     6052.53  1199.76  1199.76   
 
      10       10.00      803.09   400.50   320.19   

 -------
 PLATES:
 -------
                                   Surface
   Thick       Area     Weight        Area
    (mm)      (cm2)       (kg)       (cm2)
  ------    -------    -------   ---------
    4.00     269668      847.4      539336
    5.00    2939879    11511.1     5879757
    6.00     857390     4014.6     1714779
    8.00    1239669     7667.6     2479339
   10.00     445179     3409.8      890357
   12.00     194420     1752.1      388840
   16.00     626300     7471.2     1252601
   20.00      68191     1000.8      136382
                       -------   --------
                       37674.6    13281390

 -------------------
 HOT ROLLED MEMBERS:
 -------------------
                                    Total             Surface
                        Length     Length   Weight       Area
 Part       Quantity      (mm)       (mm)     (kg)      (cm2)
 ---------- --------  --------   --------   ------   --------
 MB225          4       6716.0    26864.0    835.5     235597    
 MB225          4       7473.7    29894.8    929.7     262177    
 MB225          4       8394.7    33578.8   1044.3     294486    
 MB225          2       8694.4    17388.8    540.8     152500    
                                            ------   --------
                     Total =                3350.3     944761

 --------------------
 COLD FORMED MEMBERS:
 --------------------
              Flange            Total    Total     Surface   Blank
       Depth   Width  Thick    Length   Weight        Area   Width
 Type   (mm)    (mm)             (mm)     (kg)       (cm2)    (mm)
 ----  -----  ------  -----  --------  -------    --------  ------
   C  200.00   60.00  2.00   103040.1    558.5      710975  345.00    
   Z  150.00   60.00  1.50   281019.4    975.1     1652392  294.00    
   Z  150.00   60.00  1.80   145759.7    607.8      859981  295.00    
   Z  150.00   60.00  2.00   137679.7    636.1      809555  294.00    
   Z  200.00   60.00  1.50   387907.3   1574.9     2676556  345.00    
   Z  200.00   60.00  1.80    2233036  10874.9    15407920  345.00    
                                       -------    --------
                 Cold Formed Total =   15227.4    22117378

 -------
 PANELS:
 -------
                                            Total     Total     Surface
                                  Width    Length    Weight        Area
  Part       Type  Thick  Color    (mm)      (mm)      (kg)       (cm2)
  --------   ----- -----  -----  ------  --------   -------    --------
  45250 .5   4525  0.50    A2    1000.0  925328.1    4432.3     9253280  
  45250 .5   4525  0.50    A3    1000.0   3190504   15282.5    31905040  
                                                    -------    --------
                   Panel Total =                    19714.9    41158320

 -----
 TRIM:
 -----

                            Total    Total      Surface
                 Width     Length   Weight         Area
   Thick  Color   (mm)       (mm)     (kg)        (cm2)
   -----  -----  -----    -------   ------      -------
   0.40    --   501.65   179200.1    281.3      1795656    
   0.40    --   531.81      600.0      1.0         6385    
   0.40    --   601.66   100800.0    189.9      1212319    
   0.40    --  1368.43    22400.0     96.0       612866    
   0.40    --  6381.75      100.0      2.0        12764    
   0.40    A3   301.63    67200.0     63.4       404489    
   0.40    A3  2279.65    53200.1    380.0      2425854    
   0.40    HA   301.63   246400.1    232.3      1483125    
   0.40    HA   317.50   201600.1    200.9      1282435    
   0.40    HA   400.05   134400.0    168.7      1077129    
   0.50    HA   215.00       50.0      0.0          213    
   2.00    HA   152.40       50.0      0.1          153    
   2.00    HA   600.08     6000.0     56.5        71981    
                                    ------      -------
                Trim Total =        1672.1     10385368

 ------
 ANGLE:
 ------
                            Total    Total      Surface
                           Length   Weight         Area
  Part         Thick         (mm)     (kg)        (cm2)
  --------     -----      -------   ------      -------
  L40X40X4     4.00      255715.5    618.8       393815   
  L50X50X5     5.00       36577.0    137.9        70180   
  L75X100      2.00      147000.0    461.6       587846   
  SROD12      12.00      271418.3    293.1        62188   
  SROD12      12.00       1307811    637.1       135166   
                                    ------      -------
                Angle Total =       2148.5      1249196

 --------
 BRACING:
 --------
                            Total    Total      Surface
                 Dia       Length   Weight         Area
  Part          (mm)         (mm)     (kg)        (cm2)
  --------     -----      -------   ------      -------
  ROD20        20.00     433000.0   1067.8       272062   
                                    ------      -------
                Bracing Total =     1067.8       272062

 -----
 BOLTS:
 -----
            Bolt       Dia   Length             Total
  Part      Type      (mm)     (mm)     Quan   Weight
  --------  -----    -----   ------   ------   ------
  AB16      A36      16.00   624.99       56     48.2   
  AB20      A36      20.00   624.99       84    141.9   
  H12X50    Gr8.8    12.00    50.01     2152    105.5   
  H20X90    Gr8.8    20.00    89.99      428    144.2   
  H24X110   Gr8.8    24.00   110.01      252    139.8   
  M12X50    Gr8.8    12.00    50.01     1565     88.1   
  M16X70    Gr8.8    16.00    70.00       29      1.6   

 ------
 SCREWS:
 ------
                   Length             Total
  Part      Color    (mm)     Quan   Weight
  --------  -----  ------   ------   ------
  12x20SDS    --    20.00      400      2.7                   No. 10-12X20 SDS
  12x20SDS    A2    20.00     2000     13.6                   No. 10-12X20 SDS
  12x20SDS    A3    20.00     7200     49.0                   No. 10-12X20 SDS
  12x20SDS    HA    20.00     2600     17.7                   No. 10-12X20 SDS
  14x20SDS    A2    20.00     4700     32.0                   No. 12-14x20 SDS
  14x55SDS    A3    55.00    11900     81.0                   No. 12-14x55 SDS
  Rivet       --    11.00      300      2.0                   Pop Rivet
  Rivet       A3    11.00      500      3.4                   Pop Rivet
  Rivet       HA    11.00      200      1.4                   Pop Rivet

 ------
 WELDS:
 ------

                         Web-Flange   -------Hand_Weld--------
                  Size      Fillet     Fillet   Groove    Butt
  Member Type     (mm)        (mm)       (mm)     (mm)    (mm)
  ------------   -----   ----------   -------  -------  ------
  Hot Rolled      3.00           0       5900        0       0
                  4.00           0      19230        0       0
                  5.00           0       3080        0       0
                  6.00           0       5250        0       0
  Welded Plate    4.00     1238495     439100     4240   16405
                  5.00           0      23786     1200       0
                  6.00           0      23800     1750   13330
                  8.00           0      12920     2250       0
                 10.00           0      13200        0       0
