===============================================================================
 C493-012-B1         1.RIGID & ENDWALL FRAME MEMBERS:       13/FEB/2026  5:45pm

                                                                 Total    Total
 Quan Mark   Description           Part     Punch       Length  Weight     Cost
===============================================================================
    1 RF1-1  RF Column                                   10809   575.2     0.06
    2 RF1-2  RF Rafter                                    8962   488.4     0.04
    1 RF1-3  RF Rafter                                   13416   366.7     0.04
    1 RF1-4  RF Rafter                                   13416   368.9     0.04
    1 RF1-5  RF Column                                   10809   544.8     0.05
    1 RF1-6  RF Int Col                                  10759   859.1     0.09
    1 RF1-7  RF Int Col                                  10759   874.0     0.09
    1 RF1-8  RF Int Col                                   1514   145.7     0.01
    1 RF1-9  RF Int Col                                   1514   145.6     0.01
    9 RF2-1  RF Column                                   10809  5161.5     0.54
   18 RF2-2  RF Rafter                                    8962  4467.6     0.36
   18 RF2-3  RF Rafter                                   13416  6615.0     0.72
    9 RF2-4  RF Column                                   10809  4943.7     0.45
    9 RF2-5  RF Int Col                                  10759  7758.0     0.81
    9 RF2-6  RF Int Col                                  10759  7891.2     0.81
    9 RF2-7  RF Int Col                                   1514  1311.3     0.09
    9 RF2-8  RF Int Col                                   1514  1310.4     0.09
    1 RF3-1  RF Column                                   10809   575.2     0.06
    2 RF3-2  RF Rafter                                    8962   488.4     0.04
    1 RF3-3  RF Rafter                                   13416   366.7     0.04
    1 RF3-4  RF Rafter                                   13416   368.9     0.04
    1 RF3-5  RF Column                                   10809   544.8     0.05
    1 RF3-6  RF Int Col                                  10759   859.1     0.09
    1 RF3-7  RF Int Col                                  10759   874.0     0.09
    1 RF3-8  RF Int Col                                   1514   145.7     0.01
    1 RF3-9  RF Int Col                                   1514   145.6     0.01

    4 EC-2   EW Column             W35a146                1500   205.2   151.80
    4 EC-4   EW Column             W35a128                1500   220.0   162.92
    2 EC-6   EW Column             W35a148                1623   120.4    89.04
    1 RB-1   Runway Beam           NEW                    7345   894.7    15.56
    2 RB-2   Runway Beam           NEW                    7345  1789.4    31.12
    8 RB-3   Runway Beam           NEW                    7490  7296.8   124.48
   16 RB-4   Runway Beam           NEW                    7490 14593.6   248.96
    1 RB-5   Runway Beam           NEW                    7345   894.7    15.56
    2 RB-6   Runway Beam           NEW                    7345  1789.4    31.12
    1 RB-7   Runway Beam           NEW                    7345   894.7    15.56
    8 RB-8   Runway Beam           NEW                    7490  7296.8   124.48
    1 RB-9   Runway Beam           NEW                    7345   894.7    15.56
    1 RB-10  Runway Beam           NEW                    7345   581.1    11.52
    1 RB-11  Runway Beam           NEW                    7345   581.1    11.52
    8 RB-12  Runway Beam           NEW                    7490  4738.4    92.16
    8 RB-13  Runway Beam           NEW                    7490  4738.4    92.16
    1 RB-14  Runway Beam           NEW                    7345   581.1    11.52
    1 RB-15  Runway Beam           NEW                    7345   581.1    11.52

    4 EC-1   EW Column             W35a146               10188  1107.6   819.72
    4 EC-3   EW Column             W35a128               10671  1262.0   933.84
    2 EC-5   EW Column             W35a148               11500   721.2   533.74

-------------------------------------------------------------------------------
                                                     Total:    99977.9  3548.59


===============================================================================
 C493-012-B1         2.DOOR JAMBS & HEADERS:                13/FEB/2026  5:45pm

                                           Punch/                Total    Total
 Quan Mark   Description      Part          Color       Length  Weight     Cost
===============================================================================
    6 DJ-1   Door Jamb        200C25                      5080   206.3     0.06
                    Web Slot:  
                     Loc=       45      3705      4830      5035 

    3 DH-1   Door Header      200C20       ?? -??         5480    89.1     0.06
                    Web Slot:  
                     Loc=       45      5435 

-------------------------------------------------------------------------------
                                                     Total:      295.4     0.12


===============================================================================
 C493-012-B1         3.PURLINS, EAVE STRUTS, WALL GIRTS:    13/FEB/2026  5:45pm

                                                                 Total    Total
 Quan Mark   Description     Part     Pitch   Punch     Length  Weight     Cost
===============================================================================
   28 P-1    Roof Purlin     200Z18           ??-??       7870  1073.2     0.56
                     Web=      310       410       690      1020      1320 
                              6535      6835      7165      7445      7545 
                              7825 
                    Slot=     1967      3935      5902 
  224 P-2    Roof Purlin     200Z18           ??-??       8250  8999.7     4.48
                     Web=       45       325       425       705      1035 
                              1335      6915      7215      7545      7825 
                              7925      8205 
                    Slot=     2062      4125      6187 
   28 P-3    Roof Purlin     200Z18           ??-??       7870  1073.2     0.56
                     Web=       45       325       425       705      1035 
                              1335      6550      6850      7180      7460 
                              7560 
                    Slot=     1967      3935      5902 
    2 E-1    Eave Strut      200Z18           ??-??       7870    76.7     0.04
                     Web=      310       410      7165      7445      7545 
                              7825 
                    Slot=     1870      1967      3745      3935      5620 
                              5902 
   16 E-2    Eave Strut      200Z18           ??-??       8250   642.8     0.32
                     Web=       45       325       425       705      7545 
                              7825      7925      8205 
                    Slot=     2062      2250      4125      6000      6187 
    2 E-3    Eave Strut      200Z18           ??-??       7870    76.7     0.04
                     Web=       45       325       425       705      7460 
                              7560 
                    Slot=     1967      2250      3935      4125      5902 
                              6000 

    1 G-1    EW Girt         200Z15           ??-??        698     2.8     0.02
                     Web=      170       270       653 
    1 G-2    EW Girt         200Z18           ??-??       7665    37.3     0.02
                     Web=      170       270       750      6330      6630 
                              6960      7240      7340      7620 
                    Slot=     1665      3540      5415 
    8 G-3    EW Girt         200Z15           ??-??       7665   249.0     0.16
                     Web=      170       270      6330      6630      6960 
                              7240      7340      7620 
                    Slot=     1665      3540      5415 
    2 G-4    EW Girt         200Z15           ??-??       7870    63.9     0.04
                     Web=      375       475      6535      6835      7165 
                              7445      7545      7825 
                    Slot=     1870      3745      5620 
    2 G-5    EW Girt         200Z15           ??-??       9316    75.6     0.04
                     Web=       45       248       578       858       958 
                              1238      1568      1868      7448      7748 
                              8078      8358      8458      8738      9068 
                              9271 
                    Slot=     2783      4658      6533 
    4 G-6    EW Girt         200Z18           ??-??       8250   160.7     0.08
                     Web=       45       325       425       705      1035 
                              1335      6915      7215      7545      7825 
                              7925      8205 
                    Slot=     2250      4125      6000 
   40 G-7    EW Girt         200Z15           ??-??       8250  1339.8     0.80
                     Web=       45       325       425       705      1035 
                              1335      6915      7215      7545      7825 
                              7925      8205 
                    Slot=     2250      4125      6000 
    1 G-8    EW Girt         200Z15           ??-??       8198    33.3     0.02
                     Web=       45       248       578       858       958 
                              1238      1568      1868      7928      8028 
                    Slot=     2783      4658      6533 
    1 G-9    EW Girt         200Z18           ??-??       7665    37.3     0.02
                     Web=       45       325       425       705      1035 
                              1335      7395      7495 
                    Slot=     2250      4125      6000 
    8 G-10   EW Girt         200Z15           ??-??       7665   249.0     0.16
                     Web=       45       325       425       705      1035 
                              1335      7395      7495 
                    Slot=     2250      4125      6000 
    2 G-11   EW Girt         200Z15           ??-??       7870    63.9     0.04
                     Web=       45       325       425       705      1035 
                              1335      7395      7495 
                    Slot=     2250      4125      6000 
   10 G-12   SW Girt         200Z15           ??-??       7870   319.5     0.20
                     Web=      310       410       690      1020      1320 
                              6535      6835      7165      7445      7545 
                              7825 
                    Slot=     1870      3745      5620 
   80 G-13   SW Girt         200Z15           ??-??       8250  2679.6     1.60
                     Web=       45       325       425       705      1035 
                              1335      6915      7215      7545      7825 
                              7925      8205 
                    Slot=     2250      4125      6000 
   10 G-14   SW Girt         200Z15           ??-??       7870   319.5     0.20
                     Web=       45       325       425       705      1035 
                              1335      6550      6850      7180      7460 
                              7560 
                    Slot=     2250      4125      6000 
    4 G-15   SW Girt         200Z15           ??-??       7690   124.9     0.08
                     Web=       45       145      7545      7645 
                    Slot=     1970      3845      5720 

    4 ST-1   Strut           T100x40                      7455   363.2   279.56

-------------------------------------------------------------------------------
                                                     Total:    18061.6   289.04


===============================================================================
 C493-012-B1         4.ROOF & WALL SHEETING:                13/FEB/2026  5:45pm

                                                                 Total    Total
 Quan Mark   Description           Part    Clr Pitch    Length  Weight     Cost
===============================================================================
  150 RS-1   Roof Sheet            40333 .5 A3           5030   3251.9     3.00
  300 RS-2   Roof Sheet            40333 .5 A3           6570   8495.0     6.00
  150 RS-3   Roof Sheet            40333 .5 A3           5180   3348.9     3.00

    4 ES-1   EW Sheet              40333 .5 A2           8000    137.9     0.08
    4 ES-2   EW Sheet              40333 .5 A2           8080    139.3     0.08
    1 ES-3   EW Sheet              40333 .5 A2           6870     29.6     0.02
    1 ES-4   EW Sheet              40333 .5 A2           6970     30.0     0.02
    1 ES-5   EW Sheet              40333 .5 A2           7070     30.5     0.02
    1 ES-6   EW Sheet              40333 .5 A2           7170     30.9     0.02
    4 ES-7   EW Sheet              40333 .5 A2           8580    147.9     0.08
    4 ES-8   EW Sheet              40333 .5 A2           8680    149.6     0.08
    4 ES-9   EW Sheet              40333 .5 A2           8780    151.4     0.08
    3 ES-10  EW Sheet              40333 .5 A2           8880    114.8     0.06
    3 ES-11  EW Sheet              40333 .5 A2           8980    116.1     0.06
    3 ES-12  EW Sheet              40333 .5 A2           9080    117.4     0.06
    3 ES-13  EW Sheet              40333 .5 A2           9180    118.7     0.06
    3 ES-14  EW Sheet              40333 .5 A2           9280    120.0     0.06
    4 ES-15  EW Sheet              40333 .5 A2           9380    161.7     0.08
    4 ES-16  EW Sheet              40333 .5 A2           9480    163.4     0.08
    4 ES-17  EW Sheet              40333 .5 A2           9580    165.2     0.08
    1 ES-18  EW Sheet              40333 .5 A2           8370     36.1     0.02
    1 ES-19  EW Sheet              40333 .5 A2           8470     36.5     0.02
    1 ES-20  EW Sheet              40333 .5 A2           8570     36.9     0.02
    1 ES-21  EW Sheet              40333 .5 A2           8670     37.4     0.02
    4 ES-22  EW Sheet              40333 .5 A2          10080    173.8     0.08
    4 ES-23  EW Sheet              40333 .5 A2          10180    175.5     0.08
    3 ES-24  EW Sheet              40333 .5 A2           9980    129.0     0.06
    3 ES-25  EW Sheet              40333 .5 A2           9880    127.7     0.06
    3 ES-26  EW Sheet              40333 .5 A2           9780    126.5     0.06
    3 ES-27  EW Sheet              40333 .5 A2           9680    125.2     0.06
    1 ES-28  EW Sheet              40333 .5 A2           7970     34.4     0.02
    1 ES-29  EW Sheet              40333 .5 A2           7870     33.9     0.02
    1 ES-30  EW Sheet              40333 .5 A2           7770     33.5     0.02
    1 ES-31  EW Sheet              40333 .5 A2           7670     33.1     0.02
    1 ES-32  EW Sheet              40333 .5 A2           7570     32.6     0.02
    3 ES-33  EW Sheet              40333 .5 A2           8480    109.6     0.06
    3 ES-34  EW Sheet              40333 .5 A2           8380    108.4     0.06
    3 ES-35  EW Sheet              40333 .5 A2           8280    107.1     0.06
    3 ES-36  EW Sheet              40333 .5 A2           8180    105.8     0.06

  152 SS-1   SW Sheet              40333 .5 A2           8000   5241.0     3.04


            Colors
            ------
              A2 - NEED WALL COLOR          
              A3 - NEED ROOF COLOR          

-------------------------------------------------------------------------------
                                                     Total:    23864.1    16.88


===============================================================================
 C493-012-B1         5.CONNECTION PLATES:                   13/FEB/2026  5:45pm

                                                                 Total    Total
 Quan Mark   Description Part     Dwg  Ang Thick  Width Length  Weight     Cost
===============================================================================
    6 b1     Grt-Jmb Plt          SP2   90  5.00    144    203     6.9     0.14
               A=   22  B=  100  C=   22  D=  100 
               E=   30  F=  129 
    6 c1     Hdr-Jmb Plt          SP3   90  5.00    144    126     4.3     0.10
               A=   22  B=  100  C=   22  D=  100 
               E=   35  F=   47 
    4 d1     Cor-Grt6 Pl          SP4   90  5.00    144    381     8.7     0.18
               A=   22  B=  100  C=   22  D=  100 
               E=   30  F=  207  G=  100 
    6 f1     Jmb-Bas Plt          SP6   90  5.00    144    155     5.3     0.12
               A=   22  B=  100  C=   22  D=  100 
               E=   50  F=   42 
    6 j1     Jmb-Grt Plt          SP10  90  5.00    144    206     7.0     0.16
               A=   22  B=  100  C=   22  D=  100 
               E=   32  F=  130 


            Colors
            ------
              RO - Red Oxide                

-------------------------------------------------------------------------------
                                                     Total:       32.2     0.70


===============================================================================
 C493-012-B1         6.ANGLES:                              13/FEB/2026  5:45pm

                                                                 Total    Total
 Quan Mark   Description    Part    Clr Width Thick     Length  Weight     Cost
===============================================================================
  204 FB424  RF Flg Brc     L40X40X4 RO    40  4.00        424   209.3     4.08
   36 FB480  RF Flg Brc     L40X40X4 RO    40  4.00        480    41.8     0.72
   46 FB528  EW Flg Brc     L40X40X4 RO    40  4.00        528    58.7     0.92
   40 FB576  RF Flg Brc     L40X40X4 RO    40  4.00        576    55.8     0.80
   40 FB592  RF Flg Brc     L40X40X4 RO    40  4.00        592    57.4     0.80
    4 FB624  RF Flg Brc     L40X40X4 RO    40  4.00        624     6.0     0.08
   80 FB864  RF Flg Brc     L40X40X4 RO    40  4.00        864   167.4     1.60

  411 JB-1   Sag rod at bas SROD12                       1600    710.2     8.22
   60 JB-2   Sag rod at gir SROD12                       1720    111.4     1.20

   32 GA     GABLE ANGLE    L75X100  RO        2.00       3000   301.4     0.32
   30 SP-1   12mm SAG ROD   SROD12   --       12.00        697    10.2     0.60
  780 SI-1   12mm SAG ROD   SROD12   --       12.00       1694   643.8    15.60
   60 SE-1   12mm SAG ROD   SROD12   --       12.00       1614    47.2     1.20
   28 WA     WALL STRUT     Z20020   --        2.00        200    30.2     0.00

   20 CA-1   Crane Angle    L75X6                         1066   146.0     0.40
   40 CA-2   Crane Angle    L75X6                          693   188.0     0.80
   20 CA-3   Crane Angle    L75X6                          834   114.0     0.40
   20 CA-4   Crane Angle    L75X6                          976   134.0     0.40
   20 CA-5   Crane Angle    L75X6                          783   108.0     0.40
   20 CA-6   Crane Angle    L100X8                         250    62.0     0.20
   20 CA-7   Crane Angle    L100X8                         261    64.0     0.20
   20 CA-8   Crane Angle    L100X8                         259    64.0     0.20
   20 CA-9   Crane Angle    L100X8                         361    88.0     0.20
   20 CA-10  Crane Angle    L100X8                         459   112.0     0.20
   20 CA-11  Crane Angle    L100X8                          50    12.0     0.20


            Colors
            ------
              RO - Red Oxide                

-------------------------------------------------------------------------------
                                                     Total:     3542.9    39.74


===============================================================================
 C493-012-B1         7.TRIM:                                13/FEB/2026  5:45pm

                                                                 Total    Total
 Quan Mark   Description    Part    Clr Pitch Thick     Length  Weight     Cost
===============================================================================
    2 BA     Base Angle     SGA-001  HA    10  2.00       3000    56.5     0.04
    2 BSA    Base/Seal An   P20204   HA    10  2.00         25    0.12     0.04
    2 DT     Drip Trim      P150X.63 HA    10  0.50         25    0.04     0.04

   18 GT-01  Rake Trim      GT-01    HA        0.40       5600    95.0     0.36
    3 CTS-04 H Trim         CTS-04   HA        0.40       5600    21.1     0.06
    6 CTS-05 J Trim         CTS-05   HA        0.40       5600    42.2     0.12
   48 DS-100 Downspout      DS-100   --        0.40       5600   421.9     0.96
   64 GS-01  Downspout Stra GS-01    --        0.40        350    96.0     1.28
   28 EG-01  Eave Gutter    EG-01    --        0.40       5600   295.4     0.56
    1 GS-01  Eave Gutter St GS-01    --        0.40        600     1.0     0.02
    2 GC-01  Gutter Endcap  GC-01    --        0.40         25    1.00     0.04
    2 GC-02  Gutter Endcap  GC-02    --        0.40         25    1.00     0.04
   43 DT-01  Base Trim      DT-01    HA        0.40       5600   239.9     0.86
    8 CT-02  Outside Corner CT-02    HA        0.40       5600    42.2     0.16
  125 RC-01  Ridge Cap      RC-01    A3        0.40        700   625.0     2.50


            Colors
            ------
              A3 - NEED ROOF COLOR          
              HA - 9010 PURE WHITE          

-------------------------------------------------------------------------------
                                                     Total:     1938.5     7.08


===============================================================================
 C493-012-B1         8.DIAGONAL BRACING & SEALANT:          13/FEB/2026  5:45pm

                                    Clr/     Thick/              Total    Total
 Quan Mark   Description  Part       Dia     FabLen     Length  Weight     Cost
===============================================================================
    8 DB-1   SW Angle     L90X6    90.00       8811       8811   578.4     0.08
    8 DB-2   SW Angle     L100X6   100.0       9436       9436   689.6     0.08
    8 CB-1   SW Rod       ROD20    20.00       9910       9660   190.4     0.08
    8 CB-2   SW Rod       ROD20    20.00       9850       9600   189.6     0.08
   16 CB-3   Roof Rod     2ROD20   20.00      10800      10550   416.0     0.16
   16 CB-4   Roof Rod     2ROD20   20.00      10360      10110   398.4     0.16
   16 CB-5   Roof Rod     2ROD20   20.00      10640      10390   409.6     0.16

  383        Panel Clsr   FF-100              25.00       1020   383.1     7.66
   97        Silicone Tub SILICON              4.00       7500    97.0     1.94
  236        Panel Clsr   FF-200              25.00       1020   236.0     4.72

-------------------------------------------------------------------------------
                                                     Total:     3588.1    15.12


===============================================================================
 C493-012-B1         9.ACCESSORIES:                         13/FEB/2026  5:45pm

                                       Width/                    Total    Total
 Quan Mark   Description      Part      Color Thick     Length  Weight     Cost
===============================================================================
  128 ---    NUT 20           HN20         --                1     6.4     1.28
  128 ---    HILLSIDE WASHER2 HW20         --                1    45.3     1.28
  128 ---    FLAT WASHER20    Ø20WSHR     --                1     4.4     1.28

-------------------------------------------------------------------------------
                                                     Total:       56.1     3.84


===============================================================================
 C493-012-B1         10.FASTENERS:                          13/FEB/2026  5:45pm

                                        Type/                    Total    Total
  Quan Mark   Description      Part     Color   Dia     Length  Weight     Cost
===============================================================================

    21        Bolts            M16X70   Gr8.8 16.00         70     1.2     0.21
    38        Bolts            M12X50   Gr8.8 12.00         50     2.1     0.38
  2459        Bolts            M12X50   Gr8.8 12.00         50   129.5    24.59
   389        Bolts            H12X50   Gr8.8 12.00         50    19.1     3.89
  1781        Bolts            H12X50   Gr8.8 12.00         50    93.8    17.81
    84        Bolts            H16X70   Gr8.8 16.00         70    12.1     1.68
   966        Bolts            H20X90   Gr8.8 20.00         90   325.4    19.32
   781        Bolts            H20X90   Gr8.8 20.00         90   182.6    15.62
    40        Anchor Bolt      AB16       A36 16.00        625    34.4     0.00
    40        A.B. Washers     W16            16.00               0.40     0.80
    64        Anchor Bolt      AB20       A36 20.00        625   108.1     0.64
    64        A.B. Washers     W20            20.00                1.0     1.28
   288        Anchor Bolt      AB24       A36 24.00        730   884.1     2.88
   288        A.B. Washers     W24            24.00                7.7     5.76
    17        Bolts            H16X70   Gr8.8 16.00         70     2.2     0.34

 11800        No. 12-14x55 SDS 14x55SDS    A3               55    80.4   236.00
   700        No. 10-12X20 SDS 12x20SDS    HA               20     4.8    14.00
  7400        No. 12-14x20 SDS 14x20SDS    A2               20    50.4   148.00
  1400        No. 10-12x20 SDS 12x20SDS    HA               20     9.5    28.00
   200        Pop Rivet        Rivet       HA               11     1.4     4.00
   700        No. 10-12X20 SDS 12x20SDS    --               20     4.8    14.00
  8500        No. 10-12X20 SDS 12x20SDS    A3               20    57.9   170.00
   400        Pop Rivet        Rivet       --               11     2.7     8.00
  4300        No. 10-12x20 SDS 12x20SDS    A2               20    29.3    86.00
   800        Pop Rivet        Rivet       A3               11     5.4    16.00


            Colors
            ------
              A2 - NEED WALL COLOR          
              A3 - NEED ROOF COLOR          
              HA - 9010 PURE WHITE          

-------------------------------------------------------------------------------
                                                     Total:     2050.4   819.20


===============================================================================
 C493-012-B1          Summary Reports                       13/FEB/2026  5:45pm
===============================================================================






                             WEIGHT & COST SUMMARY
         --------------------------------------------------------------
         Page    Description                     Total Wt    Total Cost
         --------------------------------------------------------------
           1     Rigid Frames & Endwall Frames    99977.9       3548.59
           2     Door Jambs & Headers               295.4          0.12
           3     Purlins, Girts & Eave Struts     18061.6        289.04
           4     Roof & Wall Sheeting             23864.1         16.88
           5     Connection Plates                   32.2          0.70
           6     Angles                            3542.9         39.74
           7     Trim                              1938.5          7.08
           8     Diagonal Bracing & Sealant        3588.1         15.12
           9     Accessories                         56.1          3.84
          10     Fasteners                         2050.4        819.20
         --------------------------------------------------------------
                                     Totals:     153407.1       4740.31


                        SUPPLIER DISCOUNT SUMMARY
-------------------------------------------------------------------------------
                                Total   -------Cost------ --Discount-     Final
Supplier                       Weight   Material    Labor Matrl Labor      Cost
-------------------------------------------------------------------------------

ASPRINGS            
 C & Z Type Members           96373.7     857.28     0.95  0.00  0.00    858.23
 Wall & Roof Panels              0.00       0.00     0.00  0.00  0.00      0.00
 Rigid Frames                    0.00       0.00     0.00  0.00  0.00      0.00
 Bolts, Fasteners                0.00       0.00     0.00  0.00  0.00      0.00
 Sealant, Tape                   0.00       0.00     0.00  0.00  0.00      0.00
 Cables & Hardware               0.00       0.00     0.00  0.00  0.00      0.00
 Clips                           0.00       0.00     0.00  0.00  0.00      0.00
 Standard Trim                   0.00       0.00     0.00  0.00  0.00      0.00
 Special Trim                    0.00       0.00     0.00  0.00  0.00      0.00
 Light Gage E, CH, A             0.00       0.00     0.00  0.00  0.00      0.00
 Accessories                     0.00       0.00     0.00  0.00  0.00      0.00
 Walkdoors & Door Acc.           0.00       0.00     0.00  0.00  0.00      0.00
 Standing Seam Acc.              0.00       0.00     0.00  0.00  0.00      0.00
 Ridge Caps                      0.00       0.00     0.00  0.00  0.00      0.00
 Hot Rolled                      0.00       0.00     0.00  0.00  0.00      0.00
 Standing Seam Galv.             0.00       0.00     0.00  0.00  0.00      0.00
 Standing Seam Kynar             0.00       0.00     0.00  0.00  0.00      0.00
 Weather-lok Galv.               0.00       0.00     0.00  0.00  0.00      0.00
 Weather-lok Kynar               0.00       0.00     0.00  0.00  0.00      0.00
 Shadow Wall Galv.               0.00       0.00     0.00  0.00  0.00      0.00
 Shadow Wall Kynar               0.00       0.00     0.00  0.00  0.00      0.00
 Accent 11 Panel                 0.00       0.00     0.00  0.00  0.00      0.00
 Insulation                      0.00       0.00     0.00  0.00  0.00      0.00
 Special Panel Pricing           0.00       0.00     0.00  0.00  0.00      0.00
 Spl C & Z Type Members          0.00       0.00     0.00  0.00  0.00      0.00
 Spl Clips                       0.00       0.00     0.00  0.00  0.00      0.00
 Spl Whirlwind Trim              0.00       0.00     0.00  0.00  0.00      0.00
 Spl Light Gage E, CH, A         0.00       0.00     0.00  0.00  0.00      0.00
 Spl Hot Rolled                  0.00       0.00     0.00  0.00  0.00      0.00
 Spl Standing Seam Galv.         0.00       0.00     0.00  0.00  0.00      0.00
 Spl2 Clips                      0.00       0.00     0.00  0.00  0.00      0.00
 Spl2 Whirlwind Trim             0.00       0.00     0.00  0.00  0.00      0.00
 Spl2 Light Gage E, CH, A        0.00       0.00     0.00  0.00  0.00      0.00
 Spl2 Standing Seam Galv.        0.00       0.00     0.00  0.00  0.00      0.00

*Supplier Not Found 
 Additional Items             57033.4    3454.66   427.42  0.00  0.00   3882.08
-------------------------------------------------------------------------------
                             153407.1    4311.94   428.37               4740.31



    *WARNING: Cost could not be computed for the following parts!


                       Page     Quan       Part
                       ----    ------    --------
                         6        28     Z20020  
                        10        40     AB16    
