 
 
 
 
                      RECLA INTERNATIONAL PRIVATE LIMITED
                                      PUNE
 
 
 
 
 
                                SHIPPING LIST
                                      FOR
 
 
 
 
 
 
 
                               Proposed Warehouse
                               Proposed Warehouse
                                      PINE
                                    C323-153
 
 
 
 
                                 BUILDING LAYOUT
                        Width              (mm)=  22470
                        Length             (mm)=  36285
                        Eave Height        (mm)=   8420/  8420
                        Roof Slope   (rise/100)= 10.00/10.00
 
                                 BUILDING LOADS
                        Roof Dead Load  (kN/m2)=  0.10
                        Wall Dead Load
                          Left  Endwall (kN/m2)=  0.10
                          Right Endwall (kN/m2)=  0.10
                          Front Sidewall(kN/m2)=  0.10
                          Back  Sidewall(kN/m2)=  0.10
                        Live Load       (kN/m2)=  0.57
                        Collateral Load (kN/m2)=  0.05
                        Wind Speed       (m/s )=  39.0
                        Wind Code              = MBMA10
                        Exposure               = B
                        Closure                = Enclosed
                        Internal Wind Coeff    = -0.18, +0.18
                        Risk Category          = -
                        Importance - Wind      =  1.00
                        Importance - Seismic   =  1.00
                        Seismic Design Category= B
                        Seismic Coeff (Sms)    =  0.16
                        Temperature Change     =   20
                        -------------------------------
                        Designer : AAB
                        Detailer : AAB
 
 
 
 
                                     7/AUG/2025

===============================================================================
 
  RECLA INTERNATIONAL PRIVATE LI                                      7/AUG/2025
  PUNE
 
 
                              22470 x 36285 x 8420
 
  C323-153
 
===============================================================================
 
                 1. RIGID & ENDWALL FRAME MEMBERS
 
Quan  Mark   Description   Size       Color                 Length       Weight
===============================================================================
   1   CL1-1    RF Column               RO                     7950         418.9
   4   RF1-2    RF Rafter               RO                     4283         538.0
   4   RF1-3    RF Rafter               RO                     4221         450.4
   2   RF1-4    RF Rafter               RO                     5086         329.6
   1   CL1-5    RF Column               RO                     7950         416.6
   1   CL1-6    RF Column               RO                     7950         418.9
   1   CL1-7    RF Column               RO                     7950         416.6
   4   CL2-1    RF Column               RO                     7748        1606.4
   5   RF2-2    RF Rafter               RO                     4284         841.0
   5   RF2-3    RF Rafter               RO                     6776         892.0
   5   RF2-4    RF Rafter               RO                     6829         898.0
   5   RF2-5    RF Rafter               RO                     4231         833.5
   4   CL2-6    RF Column               RO                     7748        1600.8
   1   CL2-7    RF Column               RO                     7748         401.6
   1   CL2-8    RF Column               RO                     7748         400.2
   1  EB-1      Ext Beam                RO                     2272          63.0
   2  EB-2      Ext Beam    W30a155     RO                     5805         282.6
   1  EB-3      Ext Beam                RO                     1830          52.0
   1  EB-4      Ext Beam                RO                     2272          63.0
   1  EC-1      EW Column   W40b155     RO                     8830         273.5
   1  EC-2      EW Column   W40b155     RO                     8830         297.7
-------------------------------------------------------------------------------
                                                       Total =          11494.3
 
    Colors:   RO  - Red Oxide
 
 

================================================================================
 
  RECLA INTERNATIONAL PRIVATE LI                                      7/AUG/2025
  PUNE
 
 
                              22470 x 36285 x 8420
 
  C323-153
 
================================================================================
 
                 2. DOOR HEADERS / JAMBS
 
Quan  Mark   Description   Size      Color     Punch      Length         Weight
================================================================================
   2  DJ-1     Door Jamb    200C20     RO                      4480           48.6
--------------------------------------------------------------------------------
                                                       Total =              48.6
 
    Colors:   RO  - Red Oxide
 
    NOTE: ?? = non-standard punch
 

====================================================================================
 
  RECLA INTERNATIONAL PRIVATE LI                                      7/AUG/2025
  PUNE
 
 
                              22470 x 36285 x 8420
 
  C323-153
 
====================================================================================
 
                 3. PURLINS, EAVE STRUTS, WALL GIRTS,
 
Quan  Mark   Description   Size     Color   Punch     Pitch     Length        Weight
====================================================================================
   1   E-9     Eave Strut   250Z18    RO       ??-??                12240         77.7
                             Web :       45       955      1055      1965
                                 :    11660     11760
                             Slot:     2448      4896      7344      9792
   1   E-10    Eave Strut   250Z18    RO       ??-??                12240         77.7
                             Web :      480       580     10275     11185
                                 :    11285     12195
                             Slot:     2448      4896      7344      9792
   1   P-9     Roof Purlin  250Z18    RO       ??-??                12235         77.7
                             Web :       45       345       675       955
                                 :     1055      1335      1665      1965
                                 :    10750     11050     11380     11660
                                 :    11760     12040
                             Slot:     2447      4894      7341      9788
   1   P-10    Roof Purlin  250Z18    RO       ??-??                12235         77.7
                             Web :      195       475       575       855
                                 :     1185      1485     10270     10570
                                 :    10900     11180     11280     11560
                                 :    11890     12190
                             Slot:     2447      4894      7341      9788
   2   G-11    EW Girt      200Z20    RO       ??-??                12235        132.6
                             Web :      375       475      3323      7903
                                 :    10270     10570     10900     11180
                                 :    11280     11560     11890     12190
                             Slot:     2242      4489      6736      8983
   6   G-2     EW Girt      200Z18    RO       ??-??                12235        357.5
                             Web :      375       475     10270     10570
                                 :    10900     11180     11280     11560
                                 :    11890     12190
                             Slot:     2242      4489      6736      8983
   9   G-6     EW Girt      200Z18    RO       ??-??                12235        536.3
                             Web :       45       345       675       955
                                 :     1055      1335      1665      1965
                                 :    11760     11860
                             Slot:     3252      5499      7746      9993
   1   G-3     EW Girt      200Z18    RO       ??-??                12030         58.6
                             Web :      170       270     10065     10365
                                 :    10695     10975     11075     11355
                                 :    11685     11985
                             Slot:     2037      4284      6531      8778
   1   G-7     EW Girt      200Z18    RO       ??-??                12030         58.6
                             Web :       45       345       675       955
                                 :     1055      1335      1665      1965
                                 :    11760     11860
                             Slot:     3252      5499      7746      9993
   1   G-14    EW Girt      200Z18    RO       ??-??                 4280         20.8
                             Web :       45      2315      2615      2945
                                 :     3225      3325      3605      3935
                                 :     4235
                             Slot:     1028
   1   G-12    EW Girt      200Z15    RO       ??-??                12235         49.7
                             Web :      375       475     10270     10570
                                 :    10900     11180     11280     11560
                                 :    11890     12190
                             Slot:     2242      4489      6736      8983
   1   G-15    EW Girt      200Z15    RO       ??-??                12235         49.7
                             Web :       45       345       675       955
                                 :     1055      1335      1665      1965
                                 :    11760     11860
                             Slot:     3252      5499      7746      9993
   2   G-1     EW Girt      200Z15    RO       ??-??                12030         97.7
                             Web :      170       270     10065     10365
                                 :    10695     10975     11075     11355
                                 :    11685     11985
                             Slot:     2037      4284      6531      8778
   3   G-5     EW Girt      200Z15    RO       ??-??                12030        146.5
                             Web :       45       345       675       955
                                 :     1055      1335      1665      1965
                                 :    11760     11860
                             Slot:     3252      5499      7746      9993
   2   G-4     EW Girt      200Z15    RO       ??-??                11132         90.4
                             Web :     1457      1557      9167      9467
                                 :     9797     10077     10177     10457
                                 :    10787     11087
                             Slot:     1139      3386      5633      7880
   2   G-8     EW Girt      200Z15    RO       ??-??                11132         90.4
                             Web :       45       345       675       955
                                 :     1055      1335      1665      1965
                                 :     9575      9675
                             Slot:     3252      5499      7746      9993
   8   G-18    SW Girt      200Z15    RO       ??-??                 6895        223.9
                             Web :       45       325       425       705
                                 :     1035      1335      5560      5860
                                 :     6190      6470      6570      6850
                             Slot:     2423      4471
   8   G-20    SW Girt      200Z15    RO       ??-??                 6750        219.2
                             Web :       45       325       425       705
                                 :     1035      1335      5415      5715
                                 :     6045      6325      6425      6705
                             Slot:     2375      4375
   8   G-17    SW Girt      200Z15    RO       ??-??                 6740        218.9
                             Web :       45       325       425       705
                                 :     1035      1335      5405      5705
                                 :     6035      6315      6415      6695
                             Slot:     2371      4368
   4   G-21    SW Girt      200Z15    RO       ??-??                 6620        107.5
                             Web :       45       325       425       705
                                 :     1035      1335      5225      5525
                                 :     5855      6135      6235
                             Slot:     2458      4541
   4   G-22    SW Girt      200Z15    RO       ??-??                 6620        107.5
                             Web :      385       485       765      1095
                                 :     1395      5285      5585      5915
                                 :     6195      6295      6575
                             Slot:     2078      4161
   4   G-16    SW Girt      200Z15    RO       ??-??                 6570        106.7
                             Web :      385       485       765      1095
                                 :     1395      5235      5535      5865
                                 :     6145      6245      6525
                             Slot:     2061      4128
   4   G-23    SW Girt      200Z15    RO       ??-??                 6570        106.7
                             Web :       45       325       425       705
                                 :     1035      1335      5175      5475
                                 :     5805      6085      6185
                             Slot:     2441      4508
   8   G-19    SW Girt      200Z15    RO       ??-??                 6450        209.5
                             Web :       45       325       425       705
                                 :     1035      1335      5115      5415
                                 :     5745      6025      6125      6405
                             Slot:     2275      4175
   2   G-25    SW Girt      200Z15    RO       ??-??                 6190         50.3
                             Web :       45       145      6045      6145
                             Slot:     2095      4095
   2   G-24    SW Girt      200Z15    RO       ??-??                 6180         50.2
                             Web :       45       145      6035      6135
                             Slot:     2091      4088
   1   G-13    EW Girt      200Z15    RO       ??-??                 4280         17.4
                             Web :       45      2315      2615      2945
                                 :     3225      3325      3605      3935
                                 :     4235
                             Slot:     1028
   1   G-10    EW Girt      200Z15    RO       ??-??                 3271         13.3
                             Web :      375       475      3226
                             Slot:     2242
   1   G-9     EW Girt      200Z15    RO       ??-??                 3066         12.4
                             Web :      170       270      3021
                             Slot:     2037
  16   P-3     Roof Purlin  150Z15    RO       ??-??                 6895        382.8
                             Web :       45       325       425       705
                                 :     1035      1335      5560      5860
                                 :     6190      6470      6570      6850
                             Slot:     2298      4596
   2   E-3     Eave Strut   150Z15    RO       ??-??                 6895         47.9
                             Web :       45       325       425       705
                                 :     6190      6470      6570      6850
                             Slot:     2298      2423      4471      4596
  16   P-5     Roof Purlin  150Z15    RO       ??-??                 6750        374.8
                             Web :       45       325       425       705
                                 :     1035      1335      5415      5715
                                 :     6045      6325      6425      6705
                             Slot:     2250      4500
   2   E-5     Eave Strut   150Z15    RO       ??-??                 6750         46.8
                             Web :       45       325       425       705
                                 :     6045      6325      6425      6705
                             Slot:     2250      2375      4375      4500
  16   P-2     Roof Purlin  150Z15    RO       ??-??                 6740        374.2
                             Web :       45       325       425       705
                                 :     1035      1335      5405      5705
                                 :     6035      6315      6415      6695
                             Slot:     2246      4493
   2   E-2     Eave Strut   150Z15    RO       ??-??                 6740         46.8
                             Web :       45       325       425       705
                                 :     6035      6315      6415      6695
                             Slot:     2246      2371      4368      4493
   8   P-6     Roof Purlin  150Z15    RO       ??-??                 6620        183.8
                             Web :       45       325       425       705
                                 :     1035      1335      5225      5525
                                 :     5855      6135      6235
                             Slot:     2206      4413
   8   P-8     Roof Purlin  150Z15    RO       ??-??                 6620        183.8
                             Web :      385       485       765      1095
                                 :     1395      5285      5585      5915
                                 :     6195      6295      6575
                             Slot:     2206      4413
   1   E-6     Eave Strut   150Z15    RO       ??-??                 6620         23.0
                             Web :       45       325       425       705
                                 :     6135      6235
                             Slot:     2206      2458      4413      4541
   1   E-8     Eave Strut   150Z15    RO       ??-??                 6620         23.0
                             Web :      385       485      5915      6195
                                 :     6295      6575
                             Slot:     2078      2206      4161      4413
   8   P-1     Roof Purlin  150Z15    RO       ??-??                 6570        182.4
                             Web :      385       485       765      1095
                                 :     1395      5235      5535      5865
                                 :     6145      6245      6525
                             Slot:     2190      4380
   8   P-7     Roof Purlin  150Z15    RO       ??-??                 6570        182.4
                             Web :       45       325       425       705
                                 :     1035      1335      5175      5475
                                 :     5805      6085      6185
                             Slot:     2190      4380
   1   E-1     Eave Strut   150Z15    RO       ??-??                 6570         22.8
                             Web :      385       485      5865      6145
                                 :     6245      6525
                             Slot:     2061      2190      4128      4380
   1   E-7     Eave Strut   150Z15    RO       ??-??                 6570         22.8
                             Web :       45       325       425       705
                                 :     6085      6185
                             Slot:     2190      2441      4380      4508
  16   P-4     Roof Purlin  150Z15    RO       ??-??                 6450        358.1
                             Web :       45       325       425       705
                                 :     1035      1335      5115      5415
                                 :     5745      6025      6125      6405
                             Slot:     2150      4300
   2   E-4     Eave Strut   150Z15    RO       ??-??                 6450         44.8
                             Web :       45       325       425       705
                                 :     5745      6025      6125      6405
                             Slot:     2150      2275      4175      4300
------------------------------------------------------------------------------------
                                                           Total =            5943.1
 
 
    Colors:   RO  - Red Oxide
 
    NOTE: ?? = non-standard punch
 

================================================================================
 
  RECLA INTERNATIONAL PRIVATE LI                                      7/AUG/2025
  PUNE
 
 
                              22470 x 36285 x 8420
 
  C323-153
 
================================================================================
 
                 4. ROOF & WALL SHEETING
 
Quan  Mark     Description    Part            Color          Length       Weight
================================================================================
 
  74  SS-1       SW Sheet       45250 .5         A2             6020       2133.9
  23  RS-3       Ext Sheet      45250 .5         A3             1860        204.9
  74  RS-2       Roof Sheet     45250 .5         A3             5900       2091.3
  74  RS-1       Roof Sheet     45250 .5         A3             5750       2038.2
   2  ES-9       EW Sheet       45250 .5         A2             6820         65.3
   2  ES-8       EW Sheet       45250 .5         A2             6720         64.4
   2  ES-7       EW Sheet       45250 .5         A2             6620         63.4
   2  ES-6       EW Sheet       45250 .5         A2             6520         62.5
   2  ES-5       EW Sheet       45250 .5         A2             6420         61.5
   2  ES-4       EW Sheet       45250 .5         A2             6320         60.5
   2  ES-3       EW Sheet       45250 .5         A2             6220         59.6
   1  ES-26      EW Sheet       45250 .5         A2             3730         17.9
   2  ES-25      EW Sheet       45250 .5         A2             3660         35.1
   2  ES-24      EW Sheet       45250 .5         A2             3560         34.1
   2  ES-23      EW Sheet       45250 .5         A2             3460         33.1
   2  ES-22      EW Sheet       45250 .5         A2             3360         32.2
   2  ES-21      EW Sheet       45250 .5         A2             3260         31.2
   2  ES-20      EW Sheet       45250 .5         A2             3160         30.3
   2  ES-2       EW Sheet       45250 .5         A2             6120         58.6
   2  ES-19      EW Sheet       45250 .5         A2             3060         29.3
   3  ES-18      EW Sheet       45250 .5         A2             1190         17.1
   2  ES-17      EW Sheet       45250 .5         A2             2960         28.4
   2  ES-16      EW Sheet       45250 .5         A2             2860         27.4
   2  ES-15      EW Sheet       45250 .5         A2             2760         26.4
   2  ES-14      EW Sheet       45250 .5         A2             2660         25.5
  20  ES-13      EW Sheet       45250 .5         A2             3300        316.1
   1  ES-12      EW Sheet       45250 .5         A2             7090         34.0
   2  ES-11      EW Sheet       45250 .5         A2             7020         67.3
   2  ES-10      EW Sheet       45250 .5         A2             6920         66.3
   2  ES-1       EW Sheet       45250 .5         A2             6020         57.7
 
--------------------------------------------------------------------------------
                                                        Total =          7873.4
 
    Colors:   A2  - NEED WALL COLOR
              A3  - NEED ROOF COLOR
 
 

===============================================================================
 
  RECLA INTERNATIONAL PRIVATE LI                                      7/AUG/2025
  PUNE
 
 
                              22470 x 36285 x 8420
 
  C323-153
 
===============================================================================
 
                 5. CONNECTION PLATES / FLANGE BRACES
 
Quan  Mark   Description    Part   Type  Ang   Thick   Width    Length   Weight
===============================================================================
   4   d1      Frm-Grt Plt            d1    90     5.0   14      461         10.5
   4   b1      Grt-Jmb Plt            b1    90     5.0   14      203          4.6
  18   d2      Cor-Grt6 Plt           d2    90     5.0   14      456         46.6
   2   f1      Jmb-Bas Plt            f1    90     5.0   14      155          1.8
   2   j1      Jmb-Grt Plt            j1    90     5.0   14      206          2.3
-------------------------------------------------------------------------------
                                                       Total =             65.8
 
 

========================================================================================
 
  RECLA INTERNATIONAL PRIVATE LI                                      7/AUG/2025
  PUNE
 
 
                              22470 x 36285 x 8420
 
  C323-153
 
========================================================================================
 
                 6. ANGLES
 
Quan  Mark     Description         Part   Color   Width   Thick    Length       Weight
========================================================================================
  10  FB440      RF Flg Brc          L40X40X4 RO      40      4.0        440          10.7
  10  FB448      RF Flg Brc          L40X40X4 RO      40      4.0        448          10.9
   4  FB456      RF Flg Brc          L40X40X4 RO      40      4.0        456           4.4
   4  FB464      RF Flg Brc          L40X40X4 RO      40      4.0        464           4.5
  20  FB472      RF Flg Brc          L40X40X4 RO      40      4.0        472          22.9
   3  FB496      Ext Flg Br          L40X40X4 RO      40      4.0        496           3.6
   8  FB528      RF Flg Brc          L40X40X4 RO      40      4.0        528          10.2
  20  FB536      RF Flg Brc          L40X40X4 RO      40      4.0        536          26.0
   4  FB568      EW Flg Brc          L40X40X4 RO      40      4.0        568           5.5
  20  FB568      RF Flg Brc          L40X40X4 RO      40      4.0        568          27.5
   4  FB848      RF Flg Brc          L40X40X4 RO      40      4.0        848           8.2
  20  FB872      RF Flg Brc          L40X40X4 RO      40      4.0        872          42.2
  24  FB920      RF Flg Brc          L40X40X4 RO      40      4.0        920          53.4
  68  JB-1       Sag rod at base     SROD12                             1100          80.8
  16  JB-2       Sag rod at base     SROD12                              900          15.6
  72  JB-3       Sag rod at base     SROD12                             1600         124.4
   8  JB-4       Sag rod at base     SROD12                              271           2.3
   8  JB-5       Sag rod at base     SROD12                              930           8.0
  24  JB-6       Sag rod at girt     SROD12                             1290          33.4
  18  GA         GABLE ANGLE         L75X100  RO     175     2.00       3000         169.6
  16  SI-        12mm SAG ROD        SROD12           12     12.0       1519          11.8
  12  SP-1       12mm SAG ROD        SROD12           12     12.0        697           4.1
 168  SI-1       12mm SAG ROD        SROD12           12     12.0       1474         120.7
  24  SE-1       12mm SAG ROD        SROD12           12     12.0       1394          16.3
  70  WA         WALL STRUT          Z20020          200     2.00        200          75.6
  24  CA-1       Crane Angle         L75X6                              1209         199.2
  24  CA-2       Crane Angle         L100X8                              156          45.6
----------------------------------------------------------------------------------------
                                                                 Total =          1137.3
 
    Colors:   RO  - Red Oxide
 
 

===================================================================================
 
  RECLA INTERNATIONAL PRIVATE LI                                      7/AUG/2025
  PUNE
 
 
                              22470 x 36285 x 8420
 
  C323-153
 
===================================================================================
 
                 7. TRIM
                                                      Blank
Quan  Mark      Description              Clr  Pitch   Width       Length     Weight
===================================================================================
   2  SGA-001   Base Angle               HA    10.0     200       3000        56.5
  23  DT-01     Base Trim                HA             300       5600       128.3
   2  P20204    Base/Seal An             HA    10.0      50         25       0.120
  32  DS-100    Downspout                               500       5600       281.3
  64  GS-01     Downspout Strap                          50        350        96.0
   2  P150X.63  Drip Trim                HA    10.0     215         25       0.042
  14  EG-01     Eave Gutter                             600       5600       147.7
   1  GS-01     Eave Gutter Strap                        50        600         1.0
   5  ET-01     Eave Trim                HA    10.0     300       5600        26.4
   2  GC-01     Gutter Endcap                           200         25         1.0
   2  GC-02     Gutter Endcap                           200         25         1.0
   1  CTS-04    H Trim                   HA             400       5600         7.0
   2  CTS-05    J Trim                   HA             400       5600        14.1
   8  CT-02     Outside Corner           HA             300       5600        42.2
  12  GT-01     Rake Trim                HA             300       5600        63.4
  61  RC-01     Ridge Cap                A3             710        700       305.0
   5  CT-05     Roof To Wall             A3             300       5600        26.4
 
-----------------------------------------------------------------------------------
                                                           Total =          1197.5
 
    Colors:   A3  - NEED ROOF COLOR
              HA  - 9010 PURE WHITE
 
 

=================================================================================
 
  RECLA INTERNATIONAL PRIVATE LI                                      7/AUG/2025
  PUNE
 
 
                              22470 x 36285 x 8420
 
  C323-153
 
=================================================================================
 
                 8. CABLES & SEALANT
                                                    Length
Quan  Mark     Description           Part        Fab          Cut          Weight
=================================================================================
   4  CB-1       SW Rod               ROD20         8470           8220        81.2
   8  CB-2       SW Rod               ROD20         6520           6270       124.0
   4  CB-3       SW Rod               ROD20         8480           8230        81.2
   4  CB-4       Roof Rod             ROD20         8020           7770        76.8
   4  CB-5       Roof Rod             ROD20         8330           8080        79.6
   4  CB-6       Roof Rod             ROD20         8030           7780        76.8
   4  CB-7       Roof Rod             ROD20         8340           8090        79.6
  22  SSEAL      Silicone Tube Seal   SILICON          6           7500        22.0
 209  FF100      Panel Clsr  (IN)     FF-100          25           1020       209.0
 119  FF200      Panel Clsr  (OUT)    FF-200          25           1020       119.0
---------------------------------------------------------------------------------
                                                       Total =              949.3
 
 

================================================================================
 
  RECLA INTERNATIONAL PRIVATE LI                                      7/AUG/2025
  PUNE
 
 
                              22470 x 36285 x 8420
 
  C323-153
 
===============================================================================
 
                 9. ACCESSORIES
 
Quan  Mark   Description          Part        Clr  Pitch     Length      Weight
===============================================================================
  64  ---      NUT 20               HN20                          1.0         3.2
  64  ---      HILLSIDE WASHER20    HW20                          1.0        22.7
  64  ---      FLAT WASHER20        Ø20WSHR                      1.0         2.2
 
-------------------------------------------------------------------------------
                                                       Total =             28.0
 
 

===============================================================================
 
  RECLA INTERNATIONAL PRIVATE LI                                      7/AUG/2025
  PUNE
 
 
                              22470 x 36285 x 8420
 
  C323-153
 
===============================================================================
 
                10. FASTENERS
 
Quan  Mark    Description         Part     Clr  Type     Dia    Length   Weight
===============================================================================
 120  ------    A.B. Washers        W20           A36    20.0                 1.9
 100  Rivet     Pop Rivet           Rivet     HA                     11       0.7
 200  Rivet     Pop Rivet           Rivet                            11       1.4
 400  Rivet     Pop Rivet           Rivet     A3                     11       2.7
1116  ------    Bolts               M12X50        Gr8.8  12.0        50      58.8
 492  ------    Bolts               H20X90        Gr8.8  20.0        90     155.3
   4  ------    Bolts               H16X70        Gr8.8  16.0        70       0.6
 848  ------    Bolts               H12X50        Gr8.8  12.0        50      43.9
 120  ------    Anchor Bolt         AB20          A36    20.0       625     202.8
3500  ------    No. 12-14x55 SDS    14x55SDS  A3                     55      23.8
3800  ------    No. 12-14x20 SDS    14x20SDS  A2                     20      25.9
 500  ------    No. 10-12X20 SDS    12x20SDS  HA                     20       3.4
 900  ------    No. 10-12x20 SDS    12x20SDS  HA                     20       6.1
 400  ------    No. 10-12X20 SDS    12x20SDS                         20       2.7
2500  ------    No. 10-12X20 SDS    12x20SDS  A3                     20      17.0
1600  ------    No. 10-12x20 SDS    12x20SDS  A2                     20      10.9
 
-------------------------------------------------------------------------------
                                                        Total =           558.0
 
    Colors:   A2  - NEED WALL COLOR
              A3  - NEED ROOF COLOR
              HA  - 9010 PURE WHITE
