*==============================================================================
* BldCtrl.Log  :  Building Maintenance Control Log File   03-06-2025  17:29:58
*==============================================================================
*
*(1) DESCTRL SELECTED FILE:
*
* Date         ID       File              Description
'03-06-2025'  'in'     'Desctrl.in'      'Default CS-30x49.5x7'
 
*
*(2) DWGCTRL SELECTED FILE:
*
* Date         ID       File              Description
'03-06-2025'  'in'     'DwgCtrl.in'      'Default CS-30x49.5x7'
 
*
*(3) JOBINFO SELECTED FILE:
*
* Date         ID       File              Description
'03-06-2025'  'in'     'MBS.in'          'Sivoko Setup'
 
*
*(4) DATABASE SELECTED FILES:
*
* Date         ID       File              Description
 
