*===============================================================================
*C323-153            Sidewall Design Input                   6/AUG/2025  1:26pm
*===============================================================================
 
*( 1)JOBID:
    'C323-153'
 
*( 2)PROGRAM OPTIONS:
*Sidewall  Run    Run    Lap
*   Id     Girt   Panel Stiff
   'B'      'Y'   'Y'    0.50
 
*( 3)DESIGN CODE:
*Design  ---Steel_Code---             ---Build---   Code     Seismic
* Code   Cold       Hot      Country  Code   Year   Label     Zone
  'WS'  'NAUS07  ' 'AISC05'  '    '  'MBMA'  '10'  'MBMA 10 ' 'B  '
 
*( 4)DESIGN CONSTANTS:
*               ---Strength_Factors--
* Stress_Ratio          ---Seismic---
* Girt   Panel    Wind   Frame  Brace
  1.00    1.00  1.0000  1.0000 1.0000
 
*( 5)STEEL YIELDS:
* Web   Flg  C_Sec  W_Sec  R_Sec  P_Sec  T_Sec  U_Sec    EP     BP
  345   345    345    345    235    345    317    235   345    345
 
*( 6)DEFLECTION LIMITS:
* ---Girt---  --Panel---
* Wall Facia  Wall Facia
   90.  120.   90.  120.
 
*( 7)REPORTS:
*   Input  Wall  Door  Wall
*   Echo   Girt  Jamb  Panel
    'Y'    'Y'   'Y'   'Y'
 
*( 8)BUILDING LAYOUT:
*---------Build----------   -----Left_Expand_EW-----   -----Right_Expand_EW----
* Type    Width    Length   Use  Opt  Extend  Offset   Use  Opt  Extend  Offset
 'FF-'  22470.0   36285.0  'Y '  '-'    0.00  440.00  'Y '  '-'    0.00  440.00
 
*( 9)WALL LAYOUT:
* Id  Use     Type Opt     Start   Length
   4 'BACK  '  '-' '-'       0.0  36285.0
 
*(10)SURFACE SHAPE:
* No.    X_Coord  Y_Coord  Offset
   4         0.0   8420.0  200.00
         11235.0   9543.5  150.00
         22470.0   8420.0  150.00
         22470.0      0.0  200.00
 
*(11)SIDEWALL BAY SPACING:
*   No.   ---Bay_Set---
*  Sets     Width  Quan
     6     6250.0    1
           6000.0    1
           5700.0    1
           6145.0    1
           5990.0    1
           6200.0    1
 
*(12)WALL OPENINGS:
*         ----Bay---                            Sill   Base    Set  Panel  JambL/JambR/Header/Sill
*No.  Id  Id  Offset  Type    Width   Height  Height   Elev  Depth   Opt    Type    Part
  0
 
*(13)PARTIAL WALLS:
*                --Bay_Id-  ----Offset----          Jamb Base  Top Full_Load  ------Panel------  Deflect_Limit
*No. Id  Use Opt Start End   Start     End   Height Type Type Type Girt  Col  Part      Opt Rot   Girt   Panel
  1   4  'P' 'O'    1    6     0.0     0.0   2500.0  '-'  '-'  '-'  'N'  'Y' '--------' '-' '-'   90.0    90.0
 
*(14)GIRT DESIGN:
*Girt  --Flange_Strap--    Set     Set     Max
*Type  Out  In    Space  Depth     Lap   Space
 'ZB'  'C'  'Y'  2250.0 200.00     0.0  1500.0
 
*(15)GIRT LOCATION:
* Set
* Loc   No.   Location
  'Y'    4    2580.0   4080.0   5580.0   7080.0
 
*(16)SPECIAL GIRT:
*     --Bay_Id--
*No.  Start  End   Height  Type  Rot  Part       Use
  0
 
*(17)PANELS/GUTTERS:
*--Wall_Panel--  -----Gutter-----  ------Insulation-----  Stand
* Part      Rot  Use  Type  Width  Use  Thick  Part       Seam
 '45250 .5' '-'  '-'  'Y'    0.00  'N'   0.00 '--------'  'N'
 
*(18)LINER PANELS:
*      --Bay_Id-                       Flange
*No.   Start End    Height   Part       Opt
  0
 
*(19)FACIA/PARAPET:
*                     -Bay_Id--    Horz -Vertical_Size-   --Edge_Extend-           Beam
* No.   Id  Type Opt  Start End   Width    Elev  Height     Left   Right  Mount     Lap
   0
 
*(20)FACIA/PARAPET GIRTS:
*Ext ---Top--  Interior  -Gutter-    Set
*Id  Type Rot  Type Rot  Type Rot  Depth
 
*(21)FACIA/PARAPET PANELS:
*Ext  Front      -----Back----    Angle
*Id   Part       Part      Rot  Spacing
 
*(22)LOAD GROUPS:
*    Group
*No.   Id   Description
   1  '-'  'Standard            '
 
*(23)BASIC LOADS:
*              ---Deflection---    Wind
*Group Basic      Load_Ratio       Load  -------Seismic-------
*  Id   Wind   Snow  Wind  Seis  Factor   Dead   Coeff  Factor
  '-' 0.5542   1.00  1.00  1.00    1.00 0.0957  0.0000    1.00
 
*(24)EDGE ZONE:
*                                    ---Ratio---
*Group -Left_Zone--   -Right_Zone-   Girt/
*  Id  Width   Base   Width   Base   Jamb  Panel
  '-'   2247      0    2247      0   1.07   1.00
 
*(25)WIND PRESSURE/SUCTION:
*Group   Wind    Wind
*  Id   Press    Suct
  '-'  0.4844 -0.5342    .. Girt/Header
  '-'  0.5986 -0.6485    .. Panel
  '-'  0.4844 -0.5342    .. Jamb
  '-'  0.0000  0.0000    .. Parapet Girt
 
*(26)GIRT LAPS:
*      Data  ------Set_1-------  ------Set_2-------  ------Set_3-------
* Opt  Sets  Left    Right Quan  Left    Right Quan  Left    Right Quan
  '-'   0
 
*(27)GIRT STRAPS:
*     Data  ---Set_1---  ---Set_2---  ---Set_3---  ---Set_4---
*Opt  Sets  Strap  Quan  Strap  Quan  Strap  Quan  Strap  Quan
 '-'   0
 
*(28)EXPANSION JOINTS:
* No.  Expansion_Location
   0
 
*(29)BEAMS:
*     Bay
*No.   Id Use    Height   Offset  Locate1  Locate2
  0
 
*(30)DESIGN CODE OPTIONS:
*No.   Event                         Condition
  0
 
*(31)PANEL SCREWS:
* No.                                    Washer
*Zone Zone   Part          Dia    Limit     Dia  -------Spacing------
   2 'INT ' '14x20SDS'    4.80   13.700   19.00  250.00 125.00  83.33
     'EDGE' '14x20SDS'    4.80   13.700   19.00  250.00 125.00  83.33
 
*(32)GIRT LAYOUT:
*      Bay                                    -----Extend----   Frame_Opt  -Frame_Id-
*  No.  Id   Locate  Type  Rot Opt  Part         Left   Right  Left Right  Left Right
    0
 
* Code files used:
*   MBMA.10N
*   EW_MBMA.10N Version 4.0


================================================================================
 C323-153            Wall 4 - Design Code                    6/AUG/2025  1:26pm
================================================================================

 STRUCTURAL CODE:
 ----------------
   Design Basis      : WS - Working Stress
   Hot  Rolled Steel : AISC05
   Cold Formed Steel : NAUS07  

 BUILDING CODE:
 --------------
   Wind Code         : MBMA 10
   Seismic Zone      : B  

 MODULUS OF ELASTICITY:
 ----------------------
   Hot  Rolled Steel : 199955 (MN/m2)
   Cold Formed Steel : 203403 (MN/m2)
 

================================================================================
 C323-153            Wall 4 - Bypass Girt Layout             6/AUG/2025  1:26pm
================================================================================

 GIRT LAYOUT:
 ------------
         Des Bay             Bay_Offset Design ---Extend--         ----Max_Load---
  Locate  Id  Id Part       Start   End Length  Left Right Weight  Id   UC Report  Rot
  ------ --- --- --------   ----- ----- ------ ----- ----- ------  -- ---- ------- ---
    2580   1   1 200Z15       440  6250   5810     0   330   24.9  WS 0.25 Moment   D
               2 200Z15         0  6000   6000   330   330   27.0  WS 0.26 Moment   D
               3 200Z15         0  5700   5700   330   330   25.8  WS 0.20 Moment   D
               4 200Z15         0  6145   6145   330   330   27.6  WS 0.19 Moment   D
               5 200Z15         0  5990   5990   330   330   27.0  WS 0.25 Moment   D
               6 200Z15         0  5760   5760   330     0   24.7  WS 0.24 Moment   D
  ------ --- --- --------   ----- ----- ------ ----- ----- ------  -- ---- ------- ---
    4080   2   1 200Z15       440  6250   5810     0   330   24.9  WS 0.47 Moment   D
               2 200Z15         0  6000   6000   330   330   27.0  WS 0.49 Moment   D
               3 200Z15         0  5700   5700   330   330   25.8  WS 0.38 Moment   D
               4 200Z15         0  6145   6145   330   330   27.6  WS 0.37 Moment   D
               5 200Z15         0  5990   5990   330   330   27.0  WS 0.47 Moment   D
               6 200Z15         0  5760   5760   330     0   24.7  WS 0.46 Moment   D
  ------ --- --- --------   ----- ----- ------ ----- ----- ------  -- ---- ------- ---
    5580   3   1 200Z15       440  6250   5810     0   330   24.9  WS 0.47 Moment   D
               2 200Z15         0  6000   6000   330   330   27.0  WS 0.49 Moment   D
               3 200Z15         0  5700   5700   330   330   25.8  WS 0.38 Moment   D
               4 200Z15         0  6145   6145   330   330   27.6  WS 0.37 Moment   D
               5 200Z15         0  5990   5990   330   330   27.0  WS 0.47 Moment   D
               6 200Z15         0  5760   5760   330     0   24.7  WS 0.46 Moment   D
  ------ --- --- --------   ----- ----- ------ ----- ----- ------  -- ---- ------- ---
    7080   4   1 200Z15       440  6250   5810     0   330   24.9  WS 0.42 Moment   D
               2 200Z15         0  6000   6000   330   330   27.0  WS 0.44 Moment   D
               3 200Z15         0  5700   5700   330   330   25.8  WS 0.34 Moment   D
               4 200Z15         0  6145   6145   330   330   27.6  WS 0.33 Moment   D
               5 200Z15         0  5990   5990   330   330   27.0  WS 0.42 Moment   D
               6 200Z15         0  5760   5760   330     0   24.7  WS 0.41 Moment   D
 
                                      WS - Wind_Suction                  
 

 GIRT INSIDE FLANGE BRACE:
 -------------------------
  No._Brace/Bay
    1   2   3   4   5   6
  --- --- --- --- --- ---
    2   2   2   2   2   2

================================================================================
 C323-153            Wall 4 - Girt Design  1 (Locate  2580)  6/AUG/2025  1:26pm
================================================================================

 GIRT LAYOUT:
 ------------
                                                                      Available
                                                                      Reduction
  Bay                      Design  --Lap(mm)--   Load   No.             Factor
   Id  Part        Locate  Length  Left  Right  Width  Brace  Weight   Out   In
  ---  --------   -------  ------  ----  -----  -----  -----  ------  ---- ----
    1  200Z15      2580.0    5810          330    790    2      24.9  0.00 0.70
    2  200Z15      2580.0    6000   330    330    790    2      27.0  0.00 0.70
    3  200Z15      2580.0    5700   330    330    790    2      25.8  0.00 0.70
    4  200Z15      2580.0    6145   330    330    790    2      27.6  0.00 0.70
    5  200Z15      2580.0    5990   330    330    790    2      27.0  0.00 0.70
    6  200Z15      2580.0    5760   330           790    2      24.7  0.00 0.70
                                                              ------
                                                               157.1


 LOAD ID - Wind_Pressure:
 ----------------------------

 GIRT ACTIONS:
       ---------Shear(kN)--------   --------------Moment(kN-m)--------------
  Bay   Left   Left  Right  Right    Left   Left     Mid-Span   Right  Right
   Id    Sup    Lap    Lap    Sup     Sup    Lap    Mom    Loc    Lap    Sup
  ---  -----  -----  -----  -----   -----  -----  -----  -----  -----  -----
    1   0.87         -1.23  -1.36    0.00         -0.99   2268   0.99   1.42
    2   1.22   1.09  -0.95  -1.08    1.42   1.04  -0.52   3183   0.66   1.00
    3   1.06   0.94  -0.99  -1.12    1.00   0.67  -0.48   2779   0.80   1.15
    4   1.18   1.05  -1.05  -1.17    1.15   0.78  -0.66   3080   0.77   1.13
    5   1.11   0.98  -1.06  -1.19    1.13   0.79  -0.47   2895   0.99   1.37
    6   1.34   1.21         -0.87    1.37   0.94  -0.98   3499          0.00

 STRENGTH/DEFLECTION:
  Bay  -------Shear(kN)------  -----Moment(kN-m)-----  -Mom+Shr-  Deflect(mm)
   Id  Loc    Calc Limit   UC  Loc    Calc Limit   UC  Loc    UC   Calc Limit
  ---  ---- ------ ----- ----  ---- ------ ----- ----  ---- ----  ----- -----
    1  RLap  -1.23 11.20 0.11  MidS  -0.99  4.46 0.22  RLap 0.19   -4.4  64.6
    2  LLap   1.09 11.20 0.10  LLap   1.04  4.81 0.22  LLap 0.20   -1.7  66.7
    3  RLap  -0.99 11.20 0.09  RLap   0.80  4.86 0.17  RLap 0.15   -1.5  63.3
    4  LLap   1.05 11.20 0.09  LLap   0.78  4.89 0.16  LLap 0.15   -2.8  68.3
    5  RLap  -1.06 11.20 0.09  RLap   0.99  4.81 0.21  RLap 0.19   -1.3  66.6
    6  LLap   1.21 11.20 0.11  MidS  -0.98  4.46 0.22  LLap 0.18   -4.3  64.0


 LAP BOLT SHEAR/BEARING:

  Bolt Size =12.00 (Gr8.8)

   Bay  Member    --Member_Left_End(kN)-  -Member_Right_End(kN)-
    Id  Part       Calc Shear  Bear   UC   Calc Shear  Bear   UC
  ----  --------  ----- ----- ----- ----  ----- ----- ----- ----
    1   200Z15                             1.07 15.37  7.27 0.15
    2   200Z15     1.07 15.37  7.27 0.15   0.76 15.37  7.27 0.10
    3   200Z15     0.76 15.37  7.27 0.10   0.87 15.37  7.27 0.12
    4   200Z15     0.87 15.37  7.27 0.12   0.86 15.37  7.27 0.12
    5   200Z15     0.86 15.37  7.27 0.12   1.03 15.37  7.27 0.14
    6   200Z15     1.03 15.37  7.27 0.14



 LOAD ID - Wind_Suction:
 ----------------------------

 GIRT ACTIONS:
       ---------Shear(kN)--------   --------------Moment(kN-m)--------------
  Bay   Left   Left  Right  Right    Left   Left     Mid-Span   Right  Right
   Id    Sup    Lap    Lap    Sup     Sup    Lap    Mom    Loc    Lap    Sup
  ---  -----  -----  -----  -----   -----  -----  -----  -----  -----  -----
    1  -1.00          1.37   1.51    0.00          1.11   2319  -1.10  -1.58
    2  -1.35  -1.21   1.05   1.19   -1.58  -1.15   0.57   3189  -0.73  -1.10
    3  -1.17  -1.03   1.10   1.23   -1.10  -0.73   0.53   2777  -0.89  -1.27
    4  -1.30  -1.16   1.15   1.29   -1.27  -0.87   0.73   3082  -0.84  -1.25
    5  -1.22  -1.08   1.17   1.31   -1.25  -0.87   0.51   2888  -1.11  -1.52
    6  -1.49  -1.35          1.00   -1.52  -1.05   1.10   3448          0.00

 STRENGTH/DEFLECTION:
  Bay  -------Shear(kN)------  -----Moment(kN-m)-----  -Mom+Shr-  Deflect(mm)
   Id  Loc    Calc Limit   UC  Loc    Calc Limit   UC  Loc    UC   Calc Limit
  ---  ---- ------ ----- ----  ---- ------ ----- ----  ---- ----  ----- -----
    1  RLap   1.37 11.20 0.12  RLap  -1.10  4.46 0.25  RLap 0.21    5.0  64.6
    2  LLap  -1.21 11.20 0.11  LLap  -1.15  4.46 0.26  LLap 0.22    1.8  66.7
    3  RLap   1.10 11.20 0.10  RLap  -0.89  4.46 0.20  RLap 0.17    1.6  63.3
    4  LLap  -1.16 11.20 0.10  LLap  -0.87  4.46 0.19  LLap 0.17    3.1  68.3
    5  RLap   1.17 11.20 0.10  RLap  -1.11  4.46 0.25  RLap 0.21    1.4  66.6
    6  LLap  -1.35 11.20 0.12  MidS   1.10  4.58 0.24  LLap 0.20    4.9  64.0


 LAP BOLT SHEAR/BEARING:

  Bolt Size =12.00 (Gr8.8)

   Bay  Member    --Member_Left_End(kN)-  -Member_Right_End(kN)-
    Id  Part       Calc Shear  Bear   UC   Calc Shear  Bear   UC
  ----  --------  ----- ----- ----- ----  ----- ----- ----- ----
    1   200Z15                             1.19 15.37  7.27 0.16
    2   200Z15     1.19 15.37  7.27 0.16   0.83 15.37  7.27 0.11
    3   200Z15     0.83 15.37  7.27 0.11   0.96 15.37  7.27 0.13
    4   200Z15     0.96 15.37  7.27 0.13   0.95 15.37  7.27 0.13
    5   200Z15     0.95 15.37  7.27 0.13   1.15 15.37  7.27 0.16
    6   200Z15     1.15 15.37  7.27 0.16


================================================================================
 C323-153            Wall 4 - Girt Design  2 (Locate  4080)  6/AUG/2025  1:26pm
================================================================================

 GIRT LAYOUT:
 ------------
                                                                      Available
                                                                      Reduction
  Bay                      Design  --Lap(mm)--   Load   No.             Factor
   Id  Part        Locate  Length  Left  Right  Width  Brace  Weight   Out   In
  ---  --------   -------  ------  ----  -----  -----  -----  ------  ---- ----
    1  200Z15      4080.0    5810          330   1500    2      24.9  0.00 0.70
    2  200Z15      4080.0    6000   330    330   1500    2      27.0  0.00 0.70
    3  200Z15      4080.0    5700   330    330   1500    2      25.8  0.00 0.70
    4  200Z15      4080.0    6145   330    330   1500    2      27.6  0.00 0.70
    5  200Z15      4080.0    5990   330    330   1500    2      27.0  0.00 0.70
    6  200Z15      4080.0    5760   330          1500    2      24.7  0.00 0.70
                                                              ------
                                                               157.1


 LOAD ID - Wind_Pressure:
 ----------------------------

 GIRT ACTIONS:
       ---------Shear(kN)--------   --------------Moment(kN-m)--------------
  Bay   Left   Left  Right  Right    Left   Left     Mid-Span   Right  Right
   Id    Sup    Lap    Lap    Sup     Sup    Lap    Mom    Loc    Lap    Sup
  ---  -----  -----  -----  -----   -----  -----  -----  -----  -----  -----
    1   1.65         -2.34  -2.58    0.00         -1.87   2268   1.88   2.69
    2   2.32   2.07  -1.81  -2.05    2.69   1.97  -0.99   3183   1.26   1.89
    3   2.02   1.78  -1.88  -2.12    1.89   1.27  -0.91   2779   1.53   2.19
    4   2.24   2.00  -1.99  -2.23    2.19   1.49  -1.26   3080   1.46   2.15
    5   2.11   1.87  -2.01  -2.25    2.15   1.50  -0.89   2895   1.89   2.59
    6   2.55   2.30         -1.64    2.59   1.79  -1.86   3499          0.00

 STRENGTH/DEFLECTION:
  Bay  -------Shear(kN)------  -----Moment(kN-m)-----  -Mom+Shr-  Deflect(mm)
   Id  Loc    Calc Limit   UC  Loc    Calc Limit   UC  Loc    UC   Calc Limit
  ---  ---- ------ ----- ----  ---- ------ ----- ----  ---- ----  ----- -----
    1  RLap  -2.34 11.20 0.21  MidS  -1.87  4.46 0.42  RLap 0.36   -8.4  64.6
    2  LLap   2.07 11.20 0.19  LLap   1.97  4.81 0.41  LLap 0.37   -3.2  66.7
    3  RLap  -1.88 11.20 0.17  RLap   1.53  4.86 0.31  RLap 0.29   -2.8  63.3
    4  LLap   2.00 11.20 0.18  LLap   1.49  4.89 0.30  LLap 0.29   -5.3  68.3
    5  RLap  -2.01 11.20 0.18  RLap   1.89  4.81 0.39  RLap 0.36   -2.5  66.6
    6  LLap   2.30 11.20 0.21  MidS  -1.86  4.46 0.42  LLap 0.35   -8.2  64.0


 LAP BOLT SHEAR/BEARING:

  Bolt Size =12.00 (Gr8.8)

   Bay  Member    --Member_Left_End(kN)-  -Member_Right_End(kN)-
    Id  Part       Calc Shear  Bear   UC   Calc Shear  Bear   UC
  ----  --------  ----- ----- ----- ----  ----- ----- ----- ----
    1   200Z15                             2.04 15.37  7.27 0.28
    2   200Z15     2.04 15.37  7.27 0.28   1.44 15.37  7.27 0.20
    3   200Z15     1.44 15.37  7.27 0.20   1.66 15.37  7.27 0.23
    4   200Z15     1.66 15.37  7.27 0.23   1.63 15.37  7.27 0.22
    5   200Z15     1.63 15.37  7.27 0.22   1.96 15.37  7.27 0.27
    6   200Z15     1.96 15.37  7.27 0.27



 LOAD ID - Wind_Suction:
 ----------------------------

 GIRT ACTIONS:
       ---------Shear(kN)--------   --------------Moment(kN-m)--------------
  Bay   Left   Left  Right  Right    Left   Left     Mid-Span   Right  Right
   Id    Sup    Lap    Lap    Sup     Sup    Lap    Mom    Loc    Lap    Sup
  ---  -----  -----  -----  -----   -----  -----  -----  -----  -----  -----
    1  -1.90          2.60   2.86    0.00          2.11   2319  -2.09  -2.99
    2  -2.56  -2.29   1.99   2.26   -2.99  -2.19   1.09   3189  -1.38  -2.08
    3  -2.23  -1.96   2.08   2.34   -2.08  -1.39   1.01   2777  -1.69  -2.42
    4  -2.47  -2.21   2.19   2.46   -2.42  -1.64   1.39   3082  -1.60  -2.37
    5  -2.32  -2.05   2.22   2.49   -2.37  -1.65   0.98   2888  -2.10  -2.88
    6  -2.83  -2.56          1.90   -2.88  -1.99   2.09   3448          0.00

 STRENGTH/DEFLECTION:
  Bay  -------Shear(kN)------  -----Moment(kN-m)-----  -Mom+Shr-  Deflect(mm)
   Id  Loc    Calc Limit   UC  Loc    Calc Limit   UC  Loc    UC   Calc Limit
  ---  ---- ------ ----- ----  ---- ------ ----- ----  ---- ----  ----- -----
    1  RLap   2.60 11.20 0.23  RLap  -2.09  4.46 0.47  RLap 0.40    9.4  64.6
    2  LLap  -2.29 11.20 0.20  LLap  -2.19  4.46 0.49  LLap 0.41    3.5  66.7
    3  RLap   2.08 11.20 0.19  RLap  -1.69  4.46 0.38  RLap 0.32    3.1  63.3
    4  LLap  -2.21 11.20 0.20  LLap  -1.64  4.46 0.37  LLap 0.32    5.9  68.3
    5  RLap   2.22 11.20 0.20  RLap  -2.10  4.46 0.47  RLap 0.40    2.7  66.6
    6  LLap  -2.56 11.20 0.23  MidS   2.09  4.58 0.46  LLap 0.39    9.3  64.0


 LAP BOLT SHEAR/BEARING:

  Bolt Size =12.00 (Gr8.8)

   Bay  Member    --Member_Left_End(kN)-  -Member_Right_End(kN)-
    Id  Part       Calc Shear  Bear   UC   Calc Shear  Bear   UC
  ----  --------  ----- ----- ----- ----  ----- ----- ----- ----
    1   200Z15                             2.27 15.37  7.27 0.31
    2   200Z15     2.27 15.37  7.27 0.31   1.58 15.37  7.27 0.22
    3   200Z15     1.58 15.37  7.27 0.22   1.83 15.37  7.27 0.25
    4   200Z15     1.83 15.37  7.27 0.25   1.80 15.37  7.27 0.25
    5   200Z15     1.80 15.37  7.27 0.25   2.18 15.37  7.27 0.30
    6   200Z15     2.18 15.37  7.27 0.30


================================================================================
 C323-153            Wall 4 - Girt Design  3 (Locate  5580)  6/AUG/2025  1:26pm
================================================================================

 GIRT LAYOUT:
 ------------
                                                                      Available
                                                                      Reduction
  Bay                      Design  --Lap(mm)--   Load   No.             Factor
   Id  Part        Locate  Length  Left  Right  Width  Brace  Weight   Out   In
  ---  --------   -------  ------  ----  -----  -----  -----  ------  ---- ----
    1  200Z15      5580.0    5810          330   1500    2      24.9  0.00 0.70
    2  200Z15      5580.0    6000   330    330   1500    2      27.0  0.00 0.70
    3  200Z15      5580.0    5700   330    330   1500    2      25.8  0.00 0.70
    4  200Z15      5580.0    6145   330    330   1500    2      27.6  0.00 0.70
    5  200Z15      5580.0    5990   330    330   1500    2      27.0  0.00 0.70
    6  200Z15      5580.0    5760   330          1500    2      24.7  0.00 0.70
                                                              ------
                                                               157.1


 LOAD ID - Wind_Pressure:
 ----------------------------

 GIRT ACTIONS:
       ---------Shear(kN)--------   --------------Moment(kN-m)--------------
  Bay   Left   Left  Right  Right    Left   Left     Mid-Span   Right  Right
   Id    Sup    Lap    Lap    Sup     Sup    Lap    Mom    Loc    Lap    Sup
  ---  -----  -----  -----  -----   -----  -----  -----  -----  -----  -----
    1   1.65         -2.34  -2.58    0.00         -1.87   2268   1.88   2.69
    2   2.32   2.07  -1.81  -2.05    2.69   1.97  -0.99   3183   1.26   1.89
    3   2.02   1.78  -1.88  -2.12    1.89   1.27  -0.91   2779   1.53   2.19
    4   2.24   2.00  -1.99  -2.23    2.19   1.49  -1.26   3080   1.46   2.15
    5   2.11   1.87  -2.01  -2.25    2.15   1.50  -0.89   2895   1.89   2.59
    6   2.55   2.30         -1.64    2.59   1.79  -1.86   3499          0.00

 STRENGTH/DEFLECTION:
  Bay  -------Shear(kN)------  -----Moment(kN-m)-----  -Mom+Shr-  Deflect(mm)
   Id  Loc    Calc Limit   UC  Loc    Calc Limit   UC  Loc    UC   Calc Limit
  ---  ---- ------ ----- ----  ---- ------ ----- ----  ---- ----  ----- -----
    1  RLap  -2.34 11.20 0.21  MidS  -1.87  4.46 0.42  RLap 0.36   -8.4  64.6
    2  LLap   2.07 11.20 0.19  LLap   1.97  4.81 0.41  LLap 0.37   -3.2  66.7
    3  RLap  -1.88 11.20 0.17  RLap   1.53  4.86 0.31  RLap 0.29   -2.8  63.3
    4  LLap   2.00 11.20 0.18  LLap   1.49  4.89 0.30  LLap 0.29   -5.3  68.3
    5  RLap  -2.01 11.20 0.18  RLap   1.89  4.81 0.39  RLap 0.36   -2.5  66.6
    6  LLap   2.30 11.20 0.21  MidS  -1.86  4.46 0.42  LLap 0.35   -8.2  64.0


 LAP BOLT SHEAR/BEARING:

  Bolt Size =12.00 (Gr8.8)

   Bay  Member    --Member_Left_End(kN)-  -Member_Right_End(kN)-
    Id  Part       Calc Shear  Bear   UC   Calc Shear  Bear   UC
  ----  --------  ----- ----- ----- ----  ----- ----- ----- ----
    1   200Z15                             2.04 15.37  7.27 0.28
    2   200Z15     2.04 15.37  7.27 0.28   1.44 15.37  7.27 0.20
    3   200Z15     1.44 15.37  7.27 0.20   1.66 15.37  7.27 0.23
    4   200Z15     1.66 15.37  7.27 0.23   1.63 15.37  7.27 0.22
    5   200Z15     1.63 15.37  7.27 0.22   1.96 15.37  7.27 0.27
    6   200Z15     1.96 15.37  7.27 0.27



 LOAD ID - Wind_Suction:
 ----------------------------

 GIRT ACTIONS:
       ---------Shear(kN)--------   --------------Moment(kN-m)--------------
  Bay   Left   Left  Right  Right    Left   Left     Mid-Span   Right  Right
   Id    Sup    Lap    Lap    Sup     Sup    Lap    Mom    Loc    Lap    Sup
  ---  -----  -----  -----  -----   -----  -----  -----  -----  -----  -----
    1  -1.90          2.60   2.86    0.00          2.11   2319  -2.09  -2.99
    2  -2.56  -2.29   1.99   2.26   -2.99  -2.19   1.09   3189  -1.38  -2.08
    3  -2.23  -1.96   2.08   2.34   -2.08  -1.39   1.01   2777  -1.69  -2.42
    4  -2.47  -2.21   2.19   2.46   -2.42  -1.64   1.39   3082  -1.60  -2.37
    5  -2.32  -2.05   2.22   2.49   -2.37  -1.65   0.98   2888  -2.10  -2.88
    6  -2.83  -2.56          1.90   -2.88  -1.99   2.09   3448          0.00

 STRENGTH/DEFLECTION:
  Bay  -------Shear(kN)------  -----Moment(kN-m)-----  -Mom+Shr-  Deflect(mm)
   Id  Loc    Calc Limit   UC  Loc    Calc Limit   UC  Loc    UC   Calc Limit
  ---  ---- ------ ----- ----  ---- ------ ----- ----  ---- ----  ----- -----
    1  RLap   2.60 11.20 0.23  RLap  -2.09  4.46 0.47  RLap 0.40    9.4  64.6
    2  LLap  -2.29 11.20 0.20  LLap  -2.19  4.46 0.49  LLap 0.41    3.5  66.7
    3  RLap   2.08 11.20 0.19  RLap  -1.69  4.46 0.38  RLap 0.32    3.1  63.3
    4  LLap  -2.21 11.20 0.20  LLap  -1.64  4.46 0.37  LLap 0.32    5.9  68.3
    5  RLap   2.22 11.20 0.20  RLap  -2.10  4.46 0.47  RLap 0.40    2.7  66.6
    6  LLap  -2.56 11.20 0.23  MidS   2.09  4.58 0.46  LLap 0.39    9.3  64.0


 LAP BOLT SHEAR/BEARING:

  Bolt Size =12.00 (Gr8.8)

   Bay  Member    --Member_Left_End(kN)-  -Member_Right_End(kN)-
    Id  Part       Calc Shear  Bear   UC   Calc Shear  Bear   UC
  ----  --------  ----- ----- ----- ----  ----- ----- ----- ----
    1   200Z15                             2.27 15.37  7.27 0.31
    2   200Z15     2.27 15.37  7.27 0.31   1.58 15.37  7.27 0.22
    3   200Z15     1.58 15.37  7.27 0.22   1.83 15.37  7.27 0.25
    4   200Z15     1.83 15.37  7.27 0.25   1.80 15.37  7.27 0.25
    5   200Z15     1.80 15.37  7.27 0.25   2.18 15.37  7.27 0.30
    6   200Z15     2.18 15.37  7.27 0.30


================================================================================
 C323-153            Wall 4 - Girt Design  4 (Locate  7080)  6/AUG/2025  1:26pm
================================================================================

 GIRT LAYOUT:
 ------------
                                                                      Available
                                                                      Reduction
  Bay                      Design  --Lap(mm)--   Load   No.             Factor
   Id  Part        Locate  Length  Left  Right  Width  Brace  Weight   Out   In
  ---  --------   -------  ------  ----  -----  -----  -----  ------  ---- ----
    1  200Z15      7080.0    5810          330   1345    2      24.9  0.00 0.70
    2  200Z15      7080.0    6000   330    330   1345    2      27.0  0.00 0.70
    3  200Z15      7080.0    5700   330    330   1345    2      25.8  0.00 0.70
    4  200Z15      7080.0    6145   330    330   1345    2      27.6  0.00 0.70
    5  200Z15      7080.0    5990   330    330   1345    2      27.0  0.00 0.70
    6  200Z15      7080.0    5760   330          1345    2      24.7  0.00 0.70
                                                              ------
                                                               157.1


 LOAD ID - Wind_Pressure:
 ----------------------------

 GIRT ACTIONS:
       ---------Shear(kN)--------   --------------Moment(kN-m)--------------
  Bay   Left   Left  Right  Right    Left   Left     Mid-Span   Right  Right
   Id    Sup    Lap    Lap    Sup     Sup    Lap    Mom    Loc    Lap    Sup
  ---  -----  -----  -----  -----   -----  -----  -----  -----  -----  -----
    1   1.48         -2.09  -2.31    0.00         -1.68   2268   1.69   2.41
    2   2.08   1.86  -1.62  -1.84    2.41   1.76  -0.89   3183   1.13   1.70
    3   1.81   1.60  -1.69  -1.90    1.70   1.14  -0.82   2779   1.37   1.96
    4   2.01   1.79  -1.78  -2.00    1.96   1.33  -1.13   3080   1.31   1.93
    5   1.89   1.67  -1.80  -2.02    1.93   1.34  -0.80   2895   1.69   2.32
    6   2.28   2.07         -1.47    2.32   1.61  -1.67   3499          0.00

 STRENGTH/DEFLECTION:
  Bay  -------Shear(kN)------  -----Moment(kN-m)-----  -Mom+Shr-  Deflect(mm)
   Id  Loc    Calc Limit   UC  Loc    Calc Limit   UC  Loc    UC   Calc Limit
  ---  ---- ------ ----- ----  ---- ------ ----- ----  ---- ----  ----- -----
    1  RLap  -2.09 11.20 0.19  MidS  -1.68  4.46 0.38  RLap 0.32   -7.5  64.6
    2  LLap   1.86 11.20 0.17  LLap   1.76  4.81 0.37  LLap 0.33   -2.9  66.7
    3  RLap  -1.69 11.20 0.15  RLap   1.37  4.86 0.28  RLap 0.26   -2.5  63.3
    4  LLap   1.79 11.20 0.16  LLap   1.33  4.89 0.27  LLap 0.26   -4.8  68.3
    5  RLap  -1.80 11.20 0.16  RLap   1.69  4.81 0.35  RLap 0.32   -2.3  66.6
    6  LLap   2.07 11.20 0.18  MidS  -1.67  4.46 0.37  LLap 0.31   -7.4  64.0


 LAP BOLT SHEAR/BEARING:

  Bolt Size =12.00 (Gr8.8)

   Bay  Member    --Member_Left_End(kN)-  -Member_Right_End(kN)-
    Id  Part       Calc Shear  Bear   UC   Calc Shear  Bear   UC
  ----  --------  ----- ----- ----- ----  ----- ----- ----- ----
    1   200Z15                             1.83 15.37  7.27 0.25
    2   200Z15     1.83 15.37  7.27 0.25   1.29 15.37  7.27 0.18
    3   200Z15     1.29 15.37  7.27 0.18   1.49 15.37  7.27 0.20
    4   200Z15     1.49 15.37  7.27 0.20   1.46 15.37  7.27 0.20
    5   200Z15     1.46 15.37  7.27 0.20   1.76 15.37  7.27 0.24
    6   200Z15     1.76 15.37  7.27 0.24



 LOAD ID - Wind_Suction:
 ----------------------------

 GIRT ACTIONS:
       ---------Shear(kN)--------   --------------Moment(kN-m)--------------
  Bay   Left   Left  Right  Right    Left   Left     Mid-Span   Right  Right
   Id    Sup    Lap    Lap    Sup     Sup    Lap    Mom    Loc    Lap    Sup
  ---  -----  -----  -----  -----   -----  -----  -----  -----  -----  -----
    1  -1.70          2.33   2.56    0.00          1.89   2319  -1.87  -2.68
    2  -2.29  -2.06   1.78   2.02   -2.68  -1.96   0.97   3189  -1.24  -1.87
    3  -2.00  -1.76   1.86   2.10   -1.87  -1.25   0.91   2777  -1.51  -2.17
    4  -2.22  -1.98   1.97   2.20   -2.17  -1.47   1.25   3082  -1.44  -2.12
    5  -2.08  -1.84   1.99   2.23   -2.12  -1.48   0.87   2888  -1.89  -2.58
    6  -2.53  -2.30          1.70   -2.58  -1.79   1.88   3448          0.00

 STRENGTH/DEFLECTION:
  Bay  -------Shear(kN)------  -----Moment(kN-m)-----  -Mom+Shr-  Deflect(mm)
   Id  Loc    Calc Limit   UC  Loc    Calc Limit   UC  Loc    UC   Calc Limit
  ---  ---- ------ ----- ----  ---- ------ ----- ----  ---- ----  ----- -----
    1  RLap   2.33 11.20 0.21  RLap  -1.87  4.46 0.42  RLap 0.36    8.5  64.6
    2  LLap  -2.06 11.20 0.18  LLap  -1.96  4.46 0.44  LLap 0.37    3.1  66.7
    3  RLap   1.86 11.20 0.17  RLap  -1.51  4.46 0.34  RLap 0.29    2.8  63.3
    4  LLap  -1.98 11.20 0.18  LLap  -1.47  4.46 0.33  LLap 0.29    5.3  68.3
    5  RLap   1.99 11.20 0.18  RLap  -1.89  4.46 0.42  RLap 0.36    2.4  66.6
    6  LLap  -2.30 11.20 0.21  MidS   1.88  4.58 0.41  LLap 0.35    8.3  64.0


 LAP BOLT SHEAR/BEARING:

  Bolt Size =12.00 (Gr8.8)

   Bay  Member    --Member_Left_End(kN)-  -Member_Right_End(kN)-
    Id  Part       Calc Shear  Bear   UC   Calc Shear  Bear   UC
  ----  --------  ----- ----- ----- ----  ----- ----- ----- ----
    1   200Z15                             2.03 15.37  7.27 0.28
    2   200Z15     2.03 15.37  7.27 0.28   1.41 15.37  7.27 0.19
    3   200Z15     1.41 15.37  7.27 0.19   1.64 15.37  7.27 0.23
    4   200Z15     1.64 15.37  7.27 0.23   1.61 15.37  7.27 0.22
    5   200Z15     1.61 15.37  7.27 0.22   1.96 15.37  7.27 0.27
    6   200Z15     1.96 15.37  7.27 0.27


================================================================================
 C323-153            Wall 4 - Panel Design (Bay  1)          6/AUG/2025  1:26pm
================================================================================

 PANEL DATA:
 -----------
  Bay                                       Rotation   Panel
   Id   Part      Rot  Type  Thick  Yield  Stiffness  Height
  ---   --------  ---  ----  -----  -----  ---------  ------
    1   45250 .5   N    4525  0.50    250     0.00      8269

 MOMENTS & DEFLECTION:
 ---------------------
                            --------------Moment(m-N/m   )-------------
  Span    Locate(mm)            Start       Midspan        End      Max  Deflect(mm)
   Id    Start   End  Load   Calc Limit   Calc Limit   Calc Limit    UC   Calc Limit
  ----   ----- -----  ----  ----- -----  ----- -----  ----- -----  ----  ----- -----
    1     2500  2580   WP       0  1800     52  1800    106  1800  0.06    0.0   0.9
                       WS       0   940    -57   940   -115   940  0.12    0.0   0.9
    2     2580  4080   WP     106  1800    -59   940    114  1800  0.06   -0.3  16.7
                       WS    -115   940     64  1800   -123   940  0.13    0.3  16.7
    3     4080  5580   WP     114  1800    -55   940    113  1800  0.06   -0.2  16.7
                       WS    -123   940     60  1800   -122   940  0.13    0.2  16.7
    4     5580  7080   WP     113  1800    -57   940    109  1800  0.06   -0.2  16.7
                       WS    -122   940     62  1800   -118   940  0.13    0.3  16.7
    5     7080  8269   WP     109  1800    -58   940      0   940  0.06   -0.2  13.2
                       WS    -118   940     63  1800      0  1800  0.13    0.2  13.2
 
                       WP - Wind_Pressure                  
                       WS - Wind_Suction                   
 

================================================================================
 C323-153            Wall 4 - Panel Zones                    6/AUG/2025  1:26pm
================================================================================

 PANEL:
 ------
                            Tensile
            Thick   Yield   Strength
  Part       (mm)  (MN/m2)  (MN/m2)
  --------  -----  -------  --------
  45250 .5   0.50   250.0     325.0

 GIRT SCREWS:
 ------------
              Dia  Washer  Limit
  Part       (mm)    (mm)   (kN)
  --------  -----  ------  -----
  14x20SDS    4.8    19.0  13.70

 PANEL ZONE LAYOUT:
 ------------------
                                            --Girt(mm,mm,mm)--  Panel
  Zone                 ----Wall(mm)---  Bay         Load   Min   Span
   Id   Description    Offset1 Offset2   Id Locate Width Thick   (mm)
  ----  -------------  ------- -------  --- ------ ----- -----  -----
    1   Interior          2247   34038    1   5580  1500  1.50   1500
    2   Lt Edge              0    2247    1   5580  1500  1.50   1500
    3   Rt Edge          34038   36285    6   5580  1500  1.50   1500

 GIRT SCREW CHECK:
 -----------------
        Screw     Wind         --------Limit(kN)-------
  Zone  Space  Suction   Load     Girt    Panel   Screw   Max
   Id    (mm)  (kN/m2)   (kN)  Pullout Pullover Tension    UC
  ----  -----  -------  -----  ------- -------- -------  ----
    1     250    0.649   0.24     0.92     1.54    3.65  0.27
    2     250    0.649   0.24     0.92     1.54    3.65  0.27
    3     250    0.649   0.24     0.92     1.54    3.65  0.27
 

================================================================================
 C323-153            Wall 4 - Weight Summary                 6/AUG/2025  1:26pm
================================================================================

                                            Weight
                 Description                  (kg)
                 -----------               -------
                 Girts                 =    628.57

================================================================================
 C323-153            Wall 4 - Warning Summary                6/AUG/2025  1:26pm
================================================================================

                   .. No Warnings
