*==============================================================================
* BldCtrl.Log  :  Building Maintenance Control Log File   27-10-2025  16:25:43
*==============================================================================
*
*(1) DESCTRL SELECTED FILE:
*
* Date         ID       File              Description
'27-10-2025'  'in'     'Desctrl.in'      'Default CS-30x49.5x7'
 
*
*(2) DWGCTRL SELECTED FILE:
*
* Date         ID       File              Description
'27-10-2025'  'in'     'DwgCtrl.in'      'Default CS-30x49.5x7'
 
*
*(3) JOBINFO SELECTED FILE:
*
* Date         ID       File              Description
'27-10-2025'  'in'     'MBS.in'          'Sivoko Setup'
 
*
*(4) DATABASE SELECTED FILES:
*
* Date         ID       File              Description
 
