                       Sivoko Steel Structures
                             GHana

www:


\-----------

Phone: (xxx) xxx-xxxx

Builder's Name :                                     Quote No.: 111
Address        :                                     Date     : 19/JAN/2026

Project Name   : Proposed Warehouse
Location       : Proposed Warehouse

This is our proposal on the following building:

LOADING:
  Roof Live Load(kN/m2)      : 0.570          Wind Code          : MBMA 10
  Roof Dead Load(kN/m2)      : 0.100          Building Category  : Enclosed
  Roof Collateral Load(kN/m2): 0.050          Seismic Importance :  1.00



SIZE:
  Width(mm) : 12200
  Length(mm): 45730
  Back side eave height(mm) : 9600       Back side roof slope : 10.0:100
  Front side eave height(mm): 9600       Front side roof slope: 10.0:100

FRAMING:
  Left endwall frames  : Rigid               (Bearing = Post & Beam  -
  Right endwall frames : Rigid                          Non expandable)
  Interior Frames      :  2 rigid frames, clear span
                          5 rigid frames, clear span

ROOF SYSTEM:
  Roof panel Type : 4033      Gage : 0.45       Color : NEED ROOF COLOR
  Gable trim color: 9010 PURE WHITE
  Eave trim color : 9010 PURE WHITE

WALL SYSTEM:
  Wall panel type : 4033      Gage : 0.5       Color : NEED WALL COLOR
  Outside corner trim color: 9010 PURE WHITE
  Base trim color          : NEED WALL COLOR
  Opening trim color       : 9010 PURE WHITE

GUTTERS AND DOWNSPOUTS:
  Front sidewall gutters(mm) : 45730      Front sidewall downspouts:   1
  Back sidewall gutters(ft)  : 45730      Back sidewall downspouts :  10
  Color : --                              Color                    : --

The following building price includes optional items, accessories and factory
located framed openings listed on the next page.

The price of this building in    funds, excluding Tax and FREIGHT,
will be $1578.94.  (F.O.B. Metal Bldg Mfr)

The total estimated weight is (lbs) :  23181.4.

The above price does not include anchor bolts, insulation, doors and
hardware, site inspections.

Respectfully submitted by,





       TRIMMED STRUCTURAL OPENINGS / OPTIONAL ITEMS / ACCESSORIES

FACTORY LOCATED OPENINGS:
 Left endwall  : ( 1) 4000   W x 5000   H
 Front sidewall: none
 Right endwall : ( 1) 4000   W x 5000   H
 Back sidewall : none

 OPTIONAL ITEMS:


 ACCESSORIES:




