*===============================================================================
*C163-027            Rigid Frame Design Input               17/NOV/2025 12:27pm
*===============================================================================
 
*( 1)JOBID:
    'C163-027'
 
*( 2)FRAME DESIGN OPTIONS:
*--Frame-    -------Frame_Space-------  Section  Web_Stiffener     P
*Id  Type      L_Col    R_Col   Rafter    Space  Use Ratio Side  Delta
  3 'RF '     7500.0   7500.0   7500.0    500.0  'N'  0.00 'Y '  'EL'
 
*( 3)FRAME LINES:
*No.    Line_Id
   2    5   6
 
*( 4)OPTIMIZATION OPTIONS:
*Plate  Depth  Frame  -L_Col_Depth_Opt-  -R_Col_Depth_Opt-    Rafter_Depth_Opt
* Opt    Opt    Sym   Typ    Min    Max  Typ    Min    Max   Typ    Min    Max
  'Y'    'Y'    'S'  'T '  250.0 1400.0 'T '  250.0 1400.0  'T '  350.0 1400.0
 
*( 5)DESIGN CODE:
*Design  ---Steel_Code---             ---Build---   Code      Seismic
* Code   Cold       Hot      Country  Code   Year   Label      Zone
  'WS ' 'NAUS07  ' 'AISC05'  '    '  'MBMA'  '10'  'MBMA 10 '  'B  '
 
*( 6)DESIGN CONSTANTS:
*                        ---Strength_Factor---
* ----Stress_Ratio----           ---Seismic---
* Frame  Col   EP   BP     Wind   Frame  SpcEP
   1.00 1.00 1.00 1.00   1.0000  1.0000 1.0000
 
*( 7)STEEL YIELDS:
* Web   Flg  C_Sec  W_Sec  R_Sec  P_Sec  T_Sec  U_Sec    EP     BP
  340   340    350    340    250    345    317    250   340    340
 
*( 8)DEFLECTION LIMITS:
* ------Vertical-----  -------Horizontal-------  -Weak_Axis-
*  Live   Wind  Total  Total  Seis  Crane Floor   Wind  Seis
  180.0    0.0  150.0   100.  50.0  100.0   0.0   60.0  50.0
 
*( 9)REPORTS:
* Input Design   End  Base  Revise Action Sec  Flange Segment Unbrc Floor  Diag
* Echo  Summary Plate Plate Input  Stress Prop Brace  Displ.   Len  React Brace
  'Y'    'Y'     'Y'   'Y'   'Y'    'N'   'N'   'Y'     'N'    'N'   'N'   'N'
 
*(10)BUILDING LAYOUT:
*                             -----------Wall-----------
* Type      Width     Length  Type Opt    Start   Length
 'FF-'    20000.0    44000.0   '-' '-'      0.0  20000.0
 
*(11)SURFACE SHAPE:
* No.    X_Coord   Y_Coord  Offset
   4         0.0    9800.0  230.00
         10000.0   10800.0  200.00
         20000.0    9800.0  200.00
         20000.0       0.0  230.00
 
*(12)MEMBER DEPTHS:
*Surf   ----Depth----        --Interior_Depth-
* Id    Start     End  No.    Locate     Depth
   1   300.00  700.00   0
   2   650.00  550.00   1     4029.9    500.00
   3   550.00  650.00   1     6020.0    500.00
   4   700.00  300.00   0
 
*(13)MEMBER SPLICES:
*Surf
* Id   No.    Locate   Type
   1    0
   2    1        0.0  'HSS '
   3    1        0.0  '-SS '
   4    1        0.0  'HSS '
 
*(14)SEGMENT PLATES:
*    Surf Mem ---Segment--    Member      Flange  ----Plate_Thickness---
*No.  Id   Id  Id   Length    Part         Width     Web  OS_Flg  IS_Flg
   6   1    1   1      0.0   '--------'   175.00    5.00    6.00    6.00
       2    2   2      0.0   '--------'   160.00    5.00    5.00    5.00
       2    3   3      0.0   '--------'   160.00    5.00    5.00    6.00
       3    4   4      0.0   '--------'   160.00    5.00    5.00    6.00
       3    5   5      0.0   '--------'   160.00    5.00    5.00    5.00
       4    6   6      0.0   '--------'   175.00    5.00    6.00    6.00
 
*(15)INTERIOR COLUMNS:
*      --------Column-------  Cap   Rafter   Unbrace_Length  ----Column---
* No.  Id  Typ  Rot   Locate  Conn   Opt     Major    Minor  Set  Part
   0
 
*(16)INTERIOR COLUMN PLATES:
* -Column- -----Depth----  No.    Start  ---Web_Depth--     Web    Flg  --Thickness--
* Id Shape    Min     Max  Mem   Locate   Start     End   Thick  Width  OS_Flg IS_Flg
 
*(17)INTERIOR COLUMN SPLICES:
*         Col
* No. Id   Id    Locate  Type
   0
 
*(18)BASE & WALL OPTIONS:
*----------Base----------      Open  Brace
* Id   Conn   Opt    Elev    Height   Opt
   1   'FI'   '-'    0.00       0.0   '-'   Left  Column
   2   'FI'   '-'    0.00       0.0   '-'   Right Column
 
*(19)BASE DISPLACEMENT:
*Base
* Id   Opt  Dir  Displace
   0   '-'  '-'    0.000
 
*(20)BASE SPRINGS:
*      Base         --Spring_Constants--
* No.   Id    Elev    Horz   Vert Rotate
   0
 
*(21)WALL GIRT:
*Surf                                       Bay
* Id  Type  Part       Depth   Proj     Lap  Id  No.  Locate Type
   1  'ZB' '200Z15  ' 200.00 230.00   330.0   3   5   3080.0 'ZB'
                                                      4580.0 'ZB'
                                                      6080.0 'ZB'
                                                      7580.0 'ZB'
                                                      9080.0 'ZB'
 
   4  'ZB' '200Z15  ' 200.00 230.00   330.0   5   6   3080.0 'ZB'
                                                      4580.0 'ZB'
                                                      6080.0 'ZB'
                                                      7150.0 'ZB'
                                                      7580.0 'ZB'
                                                      9080.0 'ZB'
 
 
*(22)ROOF PURLIN DESIGN:
*Surf
* Id  Type  Part       Depth   Proj     Lap
   2  'ZB' '200Z15  ' 200.00   0.00   330.0
   3  'ZB' '200Z15  ' 200.00   0.00   330.0
 
*(23)ROOF PURLINS:
*Surf    Peak
* Id    Space  No.  Locate
   2    300.0   7   1392.8    2785.7    4178.5    5571.4    6964.2    8357.0    9749.9
   3    300.0   7    300.0    1692.8    3085.7    4478.5    5871.4    7264.2    8657.0
 
*(24)FLANGE BRACE:
*Surf       Locate  Side
* Id  No.     Id     Opt
   1   5       1     '-'
               2     '-'
               3     '-'
               4     '-'
               5     '-'
   2   7       1     '-'
               2     '-'
               3     '-'
               4     '-'
               5     '-'
               6     '-'
               7     '-'
   3   7       1     '-'
               2     '-'
               3     '-'
               4     '-'
               5     '-'
               6     '-'
               7     '-'
   4   6       1     '-'
               2     '-'
               3     '-'
               4     '-'
               5     '-'
               6     '-'
 
*(25)COLUMN ADDITIONAL BRACE LOCATIONS:
*     Col                   -Minor-
*No.   Id    Height  Major  Out  In
  2     0    7350.0   'N'   'N' 'Y'
        1    7350.0   'N'   'N' 'Y'
 
*(26)EXTENSIONS:
*Surf                    ----Horizontal_Size----  -----Vertical_Size-----     Load
* Id  No.  Id  Type Opt     Elev    Width  Slope     Elev   Height  Slope    Width
   1   0
   4   1    2  'EC' '-'   7100.0   2000.0  10.00      0.0      0.0   0.00   3750.0
 
*(27)LOAD GROUPS:
*    Group
*No.   Id   Description
   1  '-'  'Standard            '
 
*(28)BASIC LOADS:
*                                             ---Deflection---
*Group Dead  Coll   Live   Snow  Rain  Basic     Load_Ratio       Temp
*  Id  Load  Load   Load   Load  Load   Wind  Snow  Wind  Seis   Change
  '-' 0.100 0.050  0.570  0.000 0.000  0.565  1.00  1.00  1.00     20.0
 
*(29)BASIC LOADS AT EAVE:
*Group Seis   --Torsion--   -EWALL_BRACE----Extension-   -Additional-
*  Id  Load   Wind   Seis   Wind   Seis    Wind   Seis    Wind   Seis
  '-'  1.34   0.00   0.00   0.00   0.00    0.00   0.00    0.00   0.00
 
*(30)WIND COEFFICIENT:
*Group Surf  ---Wind_1--   ---Wind_2--   ---Wind_3--   ---Wind_4--     Long_Wind  Surface
*  Id   Id   Left  Right   Left  Right   Left  Right   Left  Right      1      2  Friction
  '-'    1   0.31  -0.66   0.81  -0.16   0.00   0.00   0.00   0.00  -0.63  -0.27    0.00
  '-'    2  -0.87  -0.56  -0.51  -0.20   0.00   0.00   0.00   0.00  -0.87  -0.51    0.00
  '-'    3  -0.56  -0.87  -0.20  -0.51   0.00   0.00   0.00   0.00  -0.87  -0.51    0.00
  '-'    4  -0.66   0.31  -0.16   0.81   0.00   0.00   0.00   0.00  -0.63  -0.27    0.00
 
*(31)LONGITUDINAL & WEAK AXIS BRACING LOADS:
*Group  ----Wind-----   ---Seismic---   -Weak_Axis-
*  Id   Horz    Vert    Horz    Vert   Wind   Seis
  '-'  12.48   17.21    1.76    2.42   0.00   0.00  Left  Column
  '-'  12.59   17.37    1.79    2.46   0.00   0.00  Right Column
 
*(32)LOAD COMBINATIONS - STRENGTH:
*               -----------------------------------------------------Load_Coefficients------------------------------------------------------
*     Load Group            ---Live---        -Add_Snow-        --Wind_1--  --Wind_2--  --Wind_3--  --Wind_4--   Long_Wind  --Seismic-         Aux_Load
*No.   Id    Id Dead  Coll  Roof Floor  Snow Drift Slide  Rain    Lt    Rt    Lt    Rt    Lt    Rt    Lt    Rt     1     2  Long  Tran  Temp  Id  Coeff
 126    1   '-' 1.00  1.00  1.00  0.00  0.00  0.00  0.00  0.00  0.00  0.00  0.00  0.00  0.00  0.00  0.00  0.00  0.00  0.00  0.00  0.00  0.00   0   0.00
        2   '-' 1.00  1.00  1.00  0.00  0.00  0.00  0.00  0.00  0.00  0.00  0.00  0.00  0.00  0.00  0.00  0.00  0.00  0.00  0.00  0.00  0.00   0   0.00
        3   '-' 1.00  1.00  0.00  1.00  0.00  0.00  0.00  0.00  0.00  0.00  0.00  0.00  0.00  0.00  0.00  0.00  0.00  0.00  0.00  0.00  0.00   0   0.00
        4   '-' 1.00  1.00  0.00  1.00  0.00  0.00  0.00  0.00  0.00  0.00  0.00  0.00  0.00  0.00  0.00  0.00  0.00  0.00  0.00  0.00  0.00   0   0.00
        5   '-' 1.00  1.00  0.00  0.00  1.00  0.00  0.00  0.00  0.00  0.00  0.00  0.00  0.00  0.00  0.00  0.00  0.00  0.00  0.00  0.00  0.00   0   0.00
        6   '-' 1.00  1.00  0.00  0.00  1.00  0.00  0.00  0.00  0.00  0.00  0.00  0.00  0.00  0.00  0.00  0.00  0.00  0.00  0.00  0.00  0.00   0   0.00
        7   '-' 1.00  1.00  0.00  0.00  1.00  1.00  0.00  0.00  0.00  0.00  0.00  0.00  0.00  0.00  0.00  0.00  0.00  0.00  0.00  0.00  0.00   0   0.00
        8   '-' 1.00  1.00  0.00  0.00  1.00  1.00  0.00  0.00  0.00  0.00  0.00  0.00  0.00  0.00  0.00  0.00  0.00  0.00  0.00  0.00  0.00   0   0.00
        9   '-' 1.00  1.00  0.00  0.00  1.00  0.00  1.00  0.00  0.00  0.00  0.00  0.00  0.00  0.00  0.00  0.00  0.00  0.00  0.00  0.00  0.00   0   0.00
       10   '-' 1.00  1.00  0.00  0.00  1.00  0.00  1.00  0.00  0.00  0.00  0.00  0.00  0.00  0.00  0.00  0.00  0.00  0.00  0.00  0.00  0.00   0   0.00
       11   '-' 1.00  0.00  0.00  0.00  0.00  0.00  0.00  0.00  0.00  0.00  0.00  0.00  0.00  0.00  0.00  0.00  0.00  0.00  0.00  0.00  0.00   0   0.00
       12   '-' 1.00  0.00  0.00  0.00  0.00  0.00  0.00  0.00  0.00  0.00  0.00  0.00  0.00  0.00  0.00  0.00  0.00  0.00  0.00  0.00  0.00   0   0.00
       13   '-' 1.00  1.00  0.00  0.75  0.75  0.00  0.00  0.00  0.00  0.00  0.00  0.00  0.00  0.00  0.00  0.00  0.00  0.00  0.00  0.00  0.00   0   0.00
       14   '-' 1.00  1.00  0.00  0.75  0.75  0.00  0.00  0.00  0.00  0.00  0.00  0.00  0.00  0.00  0.00  0.00  0.00  0.00  0.00  0.00  0.00   0   0.00
       15   '-' 1.00  1.00  0.00  0.75  0.75  0.75  0.00  0.00  0.00  0.00  0.00  0.00  0.00  0.00  0.00  0.00  0.00  0.00  0.00  0.00  0.00   0   0.00
       16   '-' 1.00  1.00  0.00  0.75  0.75  0.75  0.00  0.00  0.00  0.00  0.00  0.00  0.00  0.00  0.00  0.00  0.00  0.00  0.00  0.00  0.00   0   0.00
       17   '-' 1.00  1.00  0.00  0.75  0.75  0.00  0.75  0.00  0.00  0.00  0.00  0.00  0.00  0.00  0.00  0.00  0.00  0.00  0.00  0.00  0.00   0   0.00
       18   '-' 1.00  1.00  0.00  0.75  0.75  0.00  0.75  0.00  0.00  0.00  0.00  0.00  0.00  0.00  0.00  0.00  0.00  0.00  0.00  0.00  0.00   0   0.00
       19   '-' 1.00  1.00  0.75  0.75  0.00  0.00  0.00  0.00  0.75  0.00  0.00  0.00  0.00  0.00  0.00  0.00  0.00  0.00  0.00  0.00  0.00   0   0.00
       20   '-' 1.00  1.00  0.75  0.75  0.00  0.00  0.00  0.00  0.00  0.75  0.00  0.00  0.00  0.00  0.00  0.00  0.00  0.00  0.00  0.00  0.00   0   0.00
       21   '-' 1.00  1.00  0.75  0.75  0.00  0.00  0.00  0.00  0.00  0.00  0.75  0.00  0.00  0.00  0.00  0.00  0.00  0.00  0.00  0.00  0.00   0   0.00
       22   '-' 1.00  1.00  0.75  0.75  0.00  0.00  0.00  0.00  0.00  0.00  0.00  0.75  0.00  0.00  0.00  0.00  0.00  0.00  0.00  0.00  0.00   0   0.00
       23   '-' 1.00  1.00  0.75  0.75  0.00  0.00  0.00  0.00  0.00  0.00  0.00  0.00  0.00  0.00  0.00  0.00  0.75  0.00  0.00  0.00  0.00   5   0.75
       24   '-' 1.00  1.00  0.75  0.75  0.00  0.00  0.00  0.00  0.00  0.00  0.00  0.00  0.00  0.00  0.00  0.00  0.75  0.00  0.00  0.00  0.00   6   0.75
       25   '-' 1.00  1.00  0.75  0.75  0.00  0.00  0.00  0.00  0.00  0.00  0.00  0.00  0.00  0.00  0.00  0.00 -0.75  0.00  0.00  0.00  0.00   5   0.75
       26   '-' 1.00  1.00  0.75  0.75  0.00  0.00  0.00  0.00  0.00  0.00  0.00  0.00  0.00  0.00  0.00  0.00 -0.75  0.00  0.00  0.00  0.00   6   0.75
       27   '-' 1.00  1.00  0.75  0.75  0.00  0.00  0.00  0.00  0.00  0.00  0.00  0.00  0.00  0.00  0.00  0.00  0.00  0.75  0.00  0.00  0.00   7   0.75
       28   '-' 1.00  1.00  0.75  0.75  0.00  0.00  0.00  0.00  0.00  0.00  0.00  0.00  0.00  0.00  0.00  0.00  0.00  0.75  0.00  0.00  0.00   8   0.75
       29   '-' 1.00  1.00  0.75  0.75  0.00  0.00  0.00  0.00  0.00  0.00  0.00  0.00  0.00  0.00  0.00  0.00  0.00 -0.75  0.00  0.00  0.00   7   0.75
       30   '-' 1.00  1.00  0.75  0.75  0.00  0.00  0.00  0.00  0.00  0.00  0.00  0.00  0.00  0.00  0.00  0.00  0.00 -0.75  0.00  0.00  0.00   8   0.75
       31   '-' 1.00  1.00  0.00  0.75  0.75  0.00  0.00  0.00  0.75  0.00  0.00  0.00  0.00  0.00  0.00  0.00  0.00  0.00  0.00  0.00  0.00   0   0.00
       32   '-' 1.00  1.00  0.00  0.75  0.75  0.75  0.00  0.00  0.75  0.00  0.00  0.00  0.00  0.00  0.00  0.00  0.00  0.00  0.00  0.00  0.00   0   0.00
       33   '-' 1.00  1.00  0.00  0.75  0.75  0.00  0.75  0.00  0.75  0.00  0.00  0.00  0.00  0.00  0.00  0.00  0.00  0.00  0.00  0.00  0.00   0   0.00
       34   '-' 1.00  1.00  0.00  0.75  0.75  0.00  0.00  0.00  0.00  0.75  0.00  0.00  0.00  0.00  0.00  0.00  0.00  0.00  0.00  0.00  0.00   0   0.00
       35   '-' 1.00  1.00  0.00  0.75  0.75  0.75  0.00  0.00  0.00  0.75  0.00  0.00  0.00  0.00  0.00  0.00  0.00  0.00  0.00  0.00  0.00   0   0.00
       36   '-' 1.00  1.00  0.00  0.75  0.75  0.00  0.75  0.00  0.00  0.75  0.00  0.00  0.00  0.00  0.00  0.00  0.00  0.00  0.00  0.00  0.00   0   0.00
       37   '-' 1.00  1.00  0.00  0.75  0.75  0.00  0.00  0.00  0.00  0.00  0.75  0.00  0.00  0.00  0.00  0.00  0.00  0.00  0.00  0.00  0.00   0   0.00
       38   '-' 1.00  1.00  0.00  0.75  0.75  0.75  0.00  0.00  0.00  0.00  0.75  0.00  0.00  0.00  0.00  0.00  0.00  0.00  0.00  0.00  0.00   0   0.00
       39   '-' 1.00  1.00  0.00  0.75  0.75  0.00  0.75  0.00  0.00  0.00  0.75  0.00  0.00  0.00  0.00  0.00  0.00  0.00  0.00  0.00  0.00   0   0.00
       40   '-' 1.00  1.00  0.00  0.75  0.75  0.00  0.00  0.00  0.00  0.00  0.00  0.75  0.00  0.00  0.00  0.00  0.00  0.00  0.00  0.00  0.00   0   0.00
       41   '-' 1.00  1.00  0.00  0.75  0.75  0.75  0.00  0.00  0.00  0.00  0.00  0.75  0.00  0.00  0.00  0.00  0.00  0.00  0.00  0.00  0.00   0   0.00
       42   '-' 1.00  1.00  0.00  0.75  0.75  0.00  0.75  0.00  0.00  0.00  0.00  0.75  0.00  0.00  0.00  0.00  0.00  0.00  0.00  0.00  0.00   0   0.00
       43   '-' 1.00  1.00  0.00  0.75  0.75  0.00  0.00  0.00  0.00  0.00  0.00  0.00  0.00  0.00  0.00  0.00  0.45  0.00  0.00  0.00  0.00   5   0.45
       44   '-' 1.00  1.00  0.00  0.75  0.75  0.00  0.00  0.00  0.00  0.00  0.00  0.00  0.00  0.00  0.00  0.00  0.45  0.00  0.00  0.00  0.00   6   0.45
       45   '-' 1.00  1.00  0.00  0.75  0.75  0.00  0.00  0.00  0.00  0.00  0.00  0.00  0.00  0.00  0.00  0.00 -0.45  0.00  0.00  0.00  0.00   5   0.45
       46   '-' 1.00  1.00  0.00  0.75  0.75  0.00  0.00  0.00  0.00  0.00  0.00  0.00  0.00  0.00  0.00  0.00 -0.45  0.00  0.00  0.00  0.00   6   0.45
       47   '-' 1.00  1.00  0.00  0.75  0.75  0.75  0.00  0.00  0.00  0.00  0.00  0.00  0.00  0.00  0.00  0.00  0.45  0.00  0.00  0.00  0.00   5   0.45
       48   '-' 1.00  1.00  0.00  0.75  0.75  0.75  0.00  0.00  0.00  0.00  0.00  0.00  0.00  0.00  0.00  0.00  0.45  0.00  0.00  0.00  0.00   6   0.45
       49   '-' 1.00  1.00  0.00  0.75  0.75  0.75  0.00  0.00  0.00  0.00  0.00  0.00  0.00  0.00  0.00  0.00 -0.45  0.00  0.00  0.00  0.00   5   0.45
       50   '-' 1.00  1.00  0.00  0.75  0.75  0.75  0.00  0.00  0.00  0.00  0.00  0.00  0.00  0.00  0.00  0.00 -0.45  0.00  0.00  0.00  0.00   6   0.45
       51   '-' 1.00  1.00  0.00  0.75  0.75  0.00  0.75  0.00  0.00  0.00  0.00  0.00  0.00  0.00  0.00  0.00  0.45  0.00  0.00  0.00  0.00   5   0.45
       52   '-' 1.00  1.00  0.00  0.75  0.75  0.00  0.75  0.00  0.00  0.00  0.00  0.00  0.00  0.00  0.00  0.00  0.45  0.00  0.00  0.00  0.00   6   0.45
       53   '-' 1.00  1.00  0.00  0.75  0.75  0.00  0.75  0.00  0.00  0.00  0.00  0.00  0.00  0.00  0.00  0.00 -0.45  0.00  0.00  0.00  0.00   5   0.45
       54   '-' 1.00  1.00  0.00  0.75  0.75  0.00  0.75  0.00  0.00  0.00  0.00  0.00  0.00  0.00  0.00  0.00 -0.45  0.00  0.00  0.00  0.00   6   0.45
       55   '-' 1.00  1.00  0.00  0.75  0.75  0.00  0.00  0.00  0.00  0.00  0.00  0.00  0.00  0.00  0.00  0.00  0.00  0.45  0.00  0.00  0.00   7   0.45
       56   '-' 1.00  1.00  0.00  0.75  0.75  0.00  0.00  0.00  0.00  0.00  0.00  0.00  0.00  0.00  0.00  0.00  0.00  0.45  0.00  0.00  0.00   8   0.45
       57   '-' 1.00  1.00  0.00  0.75  0.75  0.00  0.00  0.00  0.00  0.00  0.00  0.00  0.00  0.00  0.00  0.00  0.00 -0.45  0.00  0.00  0.00   7   0.45
       58   '-' 1.00  1.00  0.00  0.75  0.75  0.00  0.00  0.00  0.00  0.00  0.00  0.00  0.00  0.00  0.00  0.00  0.00 -0.45  0.00  0.00  0.00   8   0.45
       59   '-' 1.00  1.00  0.00  0.75  0.75  0.75  0.00  0.00  0.00  0.00  0.00  0.00  0.00  0.00  0.00  0.00  0.00  0.45  0.00  0.00  0.00   7   0.45
       60   '-' 1.00  1.00  0.00  0.75  0.75  0.75  0.00  0.00  0.00  0.00  0.00  0.00  0.00  0.00  0.00  0.00  0.00  0.45  0.00  0.00  0.00   8   0.45
       61   '-' 1.00  1.00  0.00  0.75  0.75  0.75  0.00  0.00  0.00  0.00  0.00  0.00  0.00  0.00  0.00  0.00  0.00 -0.45  0.00  0.00  0.00   7   0.45
       62   '-' 1.00  1.00  0.00  0.75  0.75  0.75  0.00  0.00  0.00  0.00  0.00  0.00  0.00  0.00  0.00  0.00  0.00 -0.45  0.00  0.00  0.00   8   0.45
       63   '-' 1.00  1.00  0.00  0.75  0.75  0.00  0.75  0.00  0.00  0.00  0.00  0.00  0.00  0.00  0.00  0.00  0.00  0.45  0.00  0.00  0.00   7   0.45
       64   '-' 1.00  1.00  0.00  0.75  0.75  0.00  0.75  0.00  0.00  0.00  0.00  0.00  0.00  0.00  0.00  0.00  0.00  0.45  0.00  0.00  0.00   8   0.45
       65   '-' 1.00  1.00  0.00  0.75  0.75  0.00  0.75  0.00  0.00  0.00  0.00  0.00  0.00  0.00  0.00  0.00  0.00 -0.45  0.00  0.00  0.00   7   0.45
       66   '-' 1.00  1.00  0.00  0.75  0.75  0.00  0.75  0.00  0.00  0.00  0.00  0.00  0.00  0.00  0.00  0.00  0.00 -0.45  0.00  0.00  0.00   8   0.45
       67   '-' 0.60  0.00  0.00  0.00  0.00  0.00  0.00  0.00  1.00  0.00  0.00  0.00  0.00  0.00  0.00  0.00  0.00  0.00  0.00  0.00  0.00   0   0.00
       68   '-' 0.60  0.00  0.00  0.00  0.00  0.00  0.00  0.00  0.00  1.00  0.00  0.00  0.00  0.00  0.00  0.00  0.00  0.00  0.00  0.00  0.00   0   0.00
       69   '-' 0.60  0.00  0.00  0.00  0.00  0.00  0.00  0.00  0.00  0.00  1.00  0.00  0.00  0.00  0.00  0.00  0.00  0.00  0.00  0.00  0.00   0   0.00
       70   '-' 0.60  0.00  0.00  0.00  0.00  0.00  0.00  0.00  0.00  0.00  0.00  1.00  0.00  0.00  0.00  0.00  0.00  0.00  0.00  0.00  0.00   0   0.00
       71   '-' 0.60  0.00  0.00  0.00  0.00  0.00  0.00  0.00  0.00  0.00  0.00  0.00  0.00  0.00  0.00  0.00  1.00  0.00  0.00  0.00  0.00   5   1.00
       72   '-' 0.60  0.00  0.00  0.00  0.00  0.00  0.00  0.00  0.00  0.00  0.00  0.00  0.00  0.00  0.00  0.00  1.00  0.00  0.00  0.00  0.00   6   1.00
       73   '-' 0.60  0.00  0.00  0.00  0.00  0.00  0.00  0.00  0.00  0.00  0.00  0.00  0.00  0.00  0.00  0.00 -1.00  0.00  0.00  0.00  0.00   5   1.00
       74   '-' 0.60  0.00  0.00  0.00  0.00  0.00  0.00  0.00  0.00  0.00  0.00  0.00  0.00  0.00  0.00  0.00 -1.00  0.00  0.00  0.00  0.00   6   1.00
       75   '-' 0.60  0.00  0.00  0.00  0.00  0.00  0.00  0.00  0.00  0.00  0.00  0.00  0.00  0.00  0.00  0.00  0.00  1.00  0.00  0.00  0.00   7   1.00
       76   '-' 0.60  0.00  0.00  0.00  0.00  0.00  0.00  0.00  0.00  0.00  0.00  0.00  0.00  0.00  0.00  0.00  0.00  1.00  0.00  0.00  0.00   8   1.00
       77   '-' 0.60  0.00  0.00  0.00  0.00  0.00  0.00  0.00  0.00  0.00  0.00  0.00  0.00  0.00  0.00  0.00  0.00 -1.00  0.00  0.00  0.00   7   1.00
       78   '-' 0.60  0.00  0.00  0.00  0.00  0.00  0.00  0.00  0.00  0.00  0.00  0.00  0.00  0.00  0.00  0.00  0.00 -1.00  0.00  0.00  0.00   8   1.00
       79   '-' 1.01  1.01  0.00  0.00  0.00  0.00  0.00  0.00  0.00  0.00  0.00  0.00  0.00  0.00  0.00  0.00  0.00  0.00  0.00  0.70  0.00   0   0.00
       80   '-' 1.01  1.01  0.00  0.00  0.00  0.00  0.00  0.00  0.00  0.00  0.00  0.00  0.00  0.00  0.00  0.00  0.00  0.00  0.00 -0.70  0.00   0   0.00
       81   '-' 1.01  1.01  0.75  0.75  0.00  0.00  0.00  0.00  0.00  0.00  0.00  0.00  0.00  0.00  0.00  0.00  0.00  0.00  0.00  0.52  0.00   0   0.00
       82   '-' 1.01  1.01  0.75  0.75  0.00  0.00  0.00  0.00  0.00  0.00  0.00  0.00  0.00  0.00  0.00  0.00  0.00  0.00  0.00 -0.52  0.00   0   0.00
       83   '-' 1.01  1.01  0.00  0.75  0.00  0.00  0.00  0.00  0.00  0.00  0.00  0.00  0.00  0.00  0.00  0.00  0.00  0.00  0.00  0.52  0.00   0   0.00
       84   '-' 1.01  1.01  0.00  0.75  0.00  0.00  0.00  0.00  0.00  0.00  0.00  0.00  0.00  0.00  0.00  0.00  0.00  0.00  0.00 -0.52  0.00   0   0.00
       85   '-' 0.59  0.00  0.00  0.00  0.00  0.00  0.00  0.00  0.00  0.00  0.00  0.00  0.00  0.00  0.00  0.00  0.00  0.00  0.00  0.70  0.00   0   0.00
       86   '-' 0.59  0.00  0.00  0.00  0.00  0.00  0.00  0.00  0.00  0.00  0.00  0.00  0.00  0.00  0.00  0.00  0.00  0.00  0.00 -0.70  0.00   0   0.00
       87   '-' 1.01  1.01  0.00  0.00  0.00  0.00  0.00  0.00  0.00  0.00  0.00  0.00  0.00  0.00  0.00  0.00  0.00  0.00  0.70  0.00  0.00   0   0.00
       88   '-' 1.01  1.01  0.00  0.00  0.00  0.00  0.00  0.00  0.00  0.00  0.00  0.00  0.00  0.00  0.00  0.00  0.00  0.00 -0.70  0.00  0.00   0   0.00
       89   '-' 1.01  1.01  0.75  0.75  0.00  0.00  0.00  0.00  0.00  0.00  0.00  0.00  0.00  0.00  0.00  0.00  0.00  0.00  0.52  0.00  0.00   0   0.00
       90   '-' 1.01  1.01  0.75  0.75  0.00  0.00  0.00  0.00  0.00  0.00  0.00  0.00  0.00  0.00  0.00  0.00  0.00  0.00 -0.52  0.00  0.00   0   0.00
       91   '-' 1.01  1.01  0.00  0.75  0.00  0.00  0.00  0.00  0.00  0.00  0.00  0.00  0.00  0.00  0.00  0.00  0.00  0.00  0.52  0.00  0.00   0   0.00
       92   '-' 1.01  1.01  0.00  0.75  0.00  0.00  0.00  0.00  0.00  0.00  0.00  0.00  0.00  0.00  0.00  0.00  0.00  0.00 -0.52  0.00  0.00   0   0.00
       93   '-' 0.59  0.00  0.00  0.00  0.00  0.00  0.00  0.00  0.00  0.00  0.00  0.00  0.00  0.00  0.00  0.00  0.00  0.00  0.70  0.00  0.00   0   0.00
       94   '-' 0.59  0.00  0.00  0.00  0.00  0.00  0.00  0.00  0.00  0.00  0.00  0.00  0.00  0.00  0.00  0.00  0.00  0.00 -0.70  0.00  0.00   0   0.00
       95   '-' 1.00  1.00  0.00  0.00  0.00  0.00  0.00  0.00  0.00  0.00  0.00  0.00  0.00  0.00  0.00  0.00  0.00  0.00  0.00  0.00  0.00   1   1.00
       96   '-' 1.00  1.00  0.00  0.00  0.00  0.00  0.00  0.00  0.00  0.00  0.00  0.00  0.00  0.00  0.00  0.00  0.00  0.00  0.00  0.00  0.00   2   1.00
       97   '-' 1.00  1.00  0.00  0.00  0.00  0.00  0.00  0.00  0.00  0.00  0.00  0.00  0.00  0.00  0.00  0.00  0.00  0.00  0.00  0.00  0.00   3   1.00
       98   '-' 1.00  1.00  0.00  0.00  0.00  0.00  0.00  0.00  0.00  0.00  0.00  0.00  0.00  0.00  0.00  0.00  0.00  0.00  0.00  0.00  0.00   4   1.00
       99   '-' 1.00  0.00  0.00  0.00  0.00  0.00  0.00  0.00  0.50  0.00  0.00  0.00  0.00  0.00  0.00  0.00  0.00  0.00  0.00  0.00  0.00   1   1.00
      100   '-' 1.00  0.00  0.00  0.00  0.00  0.00  0.00  0.00  0.00  0.00  0.50  0.00  0.00  0.00  0.00  0.00  0.00  0.00  0.00  0.00  0.00   1   1.00
      101   '-' 1.00  0.00  0.00  0.00  0.00  0.00  0.00  0.00  0.00  0.50  0.00  0.00  0.00  0.00  0.00  0.00  0.00  0.00  0.00  0.00  0.00   2   1.00
      102   '-' 1.00  0.00  0.00  0.00  0.00  0.00  0.00  0.00  0.00  0.00  0.00  0.50  0.00  0.00  0.00  0.00  0.00  0.00  0.00  0.00  0.00   2   1.00
      103   '-' 1.00  0.00  0.00  0.00  0.00  0.00  0.00  0.00  0.50  0.00  0.00  0.00  0.00  0.00  0.00  0.00  0.00  0.00  0.00  0.00  0.00   3   1.00
      104   '-' 1.00  0.00  0.00  0.00  0.00  0.00  0.00  0.00  0.00  0.00  0.50  0.00  0.00  0.00  0.00  0.00  0.00  0.00  0.00  0.00  0.00   3   1.00
      105   '-' 1.00  0.00  0.00  0.00  0.00  0.00  0.00  0.00  0.00  0.50  0.00  0.00  0.00  0.00  0.00  0.00  0.00  0.00  0.00  0.00  0.00   4   1.00
      106   '-' 1.00  0.00  0.00  0.00  0.00  0.00  0.00  0.00  0.00  0.00  0.00  0.50  0.00  0.00  0.00  0.00  0.00  0.00  0.00  0.00  0.00   4   1.00
      107   '-' 1.00  0.00  0.00  1.00  0.00  0.00  0.00  0.00  0.00  0.00  0.00  0.00  0.00  0.00  0.00  0.00  0.00  0.00  0.00  0.00  1.00   0   0.00
      108   '-' 1.00  0.00  0.00  1.00  0.00  0.00  0.00  0.00  0.00  0.00  0.00  0.00  0.00  0.00  0.00  0.00  0.00  0.00  0.00  0.00  1.00   0   0.00
      109   '-' 1.00  0.00  0.00  1.00  0.00  0.00  0.00  0.00  0.00  0.00  0.00  0.00  0.00  0.00  0.00  0.00  0.00  0.00  0.00  0.00 -1.00   0   0.00
      110   '-' 1.00  0.00  0.00  1.00  0.00  0.00  0.00  0.00  0.00  0.00  0.00  0.00  0.00  0.00  0.00  0.00  0.00  0.00  0.00  0.00 -1.00   0   0.00
      111   '-' 1.00  1.00  0.75  0.75  0.00  0.00  0.00  0.00  0.00  0.00  0.00  0.00  0.00  0.00  0.00  0.00  0.00  0.00  0.00  0.00  0.75   0   0.00
      112   '-' 1.00  1.00  0.75  0.75  0.00  0.00  0.00  0.00  0.00  0.00  0.00  0.00  0.00  0.00  0.00  0.00  0.00  0.00  0.00  0.00  0.75   0   0.00
      113   '-' 1.00  1.00  0.75  0.75  0.00  0.00  0.00  0.00  0.00  0.00  0.00  0.00  0.00  0.00  0.00  0.00  0.00  0.00  0.00  0.00 -0.75   0   0.00
      114   '-' 1.00  1.00  0.75  0.75  0.00  0.00  0.00  0.00  0.00  0.00  0.00  0.00  0.00  0.00  0.00  0.00  0.00  0.00  0.00  0.00 -0.75   0   0.00
      115   '-' 1.00  1.00  0.00  0.75  0.75  0.00  0.00  0.00  0.00  0.00  0.00  0.00  0.00  0.00  0.00  0.00  0.00  0.00  0.00  0.00  0.75   0   0.00
      116   '-' 1.00  1.00  0.00  0.75  0.75  0.00  0.00  0.00  0.00  0.00  0.00  0.00  0.00  0.00  0.00  0.00  0.00  0.00  0.00  0.00  0.75   0   0.00
      117   '-' 1.00  1.00  0.00  0.75  0.75  0.75  0.00  0.00  0.00  0.00  0.00  0.00  0.00  0.00  0.00  0.00  0.00  0.00  0.00  0.00  0.75   0   0.00
      118   '-' 1.00  1.00  0.00  0.75  0.75  0.75  0.00  0.00  0.00  0.00  0.00  0.00  0.00  0.00  0.00  0.00  0.00  0.00  0.00  0.00  0.75   0   0.00
      119   '-' 1.00  1.00  0.00  0.75  0.75  0.00  0.75  0.00  0.00  0.00  0.00  0.00  0.00  0.00  0.00  0.00  0.00  0.00  0.00  0.00  0.75   0   0.00
      120   '-' 1.00  1.00  0.00  0.75  0.75  0.00  0.75  0.00  0.00  0.00  0.00  0.00  0.00  0.00  0.00  0.00  0.00  0.00  0.00  0.00  0.75   0   0.00
      121   '-' 1.00  1.00  0.00  0.75  0.75  0.00  0.00  0.00  0.00  0.00  0.00  0.00  0.00  0.00  0.00  0.00  0.00  0.00  0.00  0.00 -0.75   0   0.00
      122   '-' 1.00  1.00  0.00  0.75  0.75  0.00  0.00  0.00  0.00  0.00  0.00  0.00  0.00  0.00  0.00  0.00  0.00  0.00  0.00  0.00 -0.75   0   0.00
      123   '-' 1.00  1.00  0.00  0.75  0.75  0.75  0.00  0.00  0.00  0.00  0.00  0.00  0.00  0.00  0.00  0.00  0.00  0.00  0.00  0.00 -0.75   0   0.00
      124   '-' 1.00  1.00  0.00  0.75  0.75  0.75  0.00  0.00  0.00  0.00  0.00  0.00  0.00  0.00  0.00  0.00  0.00  0.00  0.00  0.00 -0.75   0   0.00
      125   '-' 1.00  1.00  0.00  0.75  0.75  0.00  0.75  0.00  0.00  0.00  0.00  0.00  0.00  0.00  0.00  0.00  0.00  0.00  0.00  0.00 -0.75   0   0.00
      126   '-' 1.00  1.00  0.00  0.75  0.75  0.00  0.75  0.00  0.00  0.00  0.00  0.00  0.00  0.00  0.00  0.00  0.00  0.00  0.00  0.00 -0.75   0   0.00
 
*(33)LOAD COMBINATIONS - DEFLECTION:
*               -----------------------------------------------------Load_Coefficients------------------------------------------------------
*     Load Group            ---Live---        -Add_Snow-        --Wind_1--  --Wind_2--  --Wind_3--  --Wind_4--   Long_Wind  --Seismic-         Aux_Load
*No.   Id    Id Dead  Coll  Roof Floor  Snow Drift Slide  Rain    Lt    Rt    Lt    Rt    Lt    Rt    Lt    Rt     1     2  Long  Tran  Temp  Id  Coeff
   0
 
*(34)LOAD COMBINATIONS - SPECIAL:
*                                 -----------------------------------------------------Load_Coefficients------------------------------------------------------
*     Load Group                              ---Live---        -Add_Snow-        --Wind_1--  --Wind_2--  --Wind_3--  --Wind_4--   Long_Wind  --Seismic-         Aux_Load
*No.   Id    Id  Use  Code        Dead  Coll  Roof Floor  Snow Drift Slide  Rain    Lt    Rt    Lt    Rt    Lt    Rt    Lt    Rt     1     2  Long  Tran  Temp  Id  Coeff
  16  127   '-' 'EP' '---------'  1.01  1.01  0.00  0.00  0.00  0.00  0.00  0.00  0.00  0.00  0.00  0.00  0.00  0.00  0.00  0.00  0.00  0.00  0.00  2.10  0.00   0   0.00
      128   '-' 'EP' '---------'  1.01  1.01  0.00  0.00  0.00  0.00  0.00  0.00  0.00  0.00  0.00  0.00  0.00  0.00  0.00  0.00  0.00  0.00  0.00 -2.10  0.00   0   0.00
      129   '-' 'EP' '---------'  1.01  1.01  0.75  0.75  0.00  0.00  0.00  0.00  0.00  0.00  0.00  0.00  0.00  0.00  0.00  0.00  0.00  0.00  0.00  1.57  0.00   0   0.00
      130   '-' 'EP' '---------'  1.01  1.01  0.75  0.75  0.00  0.00  0.00  0.00  0.00  0.00  0.00  0.00  0.00  0.00  0.00  0.00  0.00  0.00  0.00 -1.57  0.00   0   0.00
      131   '-' 'EP' '---------'  1.01  1.01  0.00  0.75  0.00  0.00  0.00  0.00  0.00  0.00  0.00  0.00  0.00  0.00  0.00  0.00  0.00  0.00  0.00  1.57  0.00   0   0.00
      132   '-' 'EP' '---------'  1.01  1.01  0.00  0.75  0.00  0.00  0.00  0.00  0.00  0.00  0.00  0.00  0.00  0.00  0.00  0.00  0.00  0.00  0.00 -1.57  0.00   0   0.00
      133   '-' 'EP' '---------'  0.59  0.00  0.00  0.00  0.00  0.00  0.00  0.00  0.00  0.00  0.00  0.00  0.00  0.00  0.00  0.00  0.00  0.00  0.00  2.10  0.00   0   0.00
      134   '-' 'EP' '---------'  0.59  0.00  0.00  0.00  0.00  0.00  0.00  0.00  0.00  0.00  0.00  0.00  0.00  0.00  0.00  0.00  0.00  0.00  0.00 -2.10  0.00   0   0.00
      135   '-' 'BP' '---------'  1.01  1.01  0.00  0.00  0.00  0.00  0.00  0.00  0.00  0.00  0.00  0.00  0.00  0.00  0.00  0.00  0.00  0.00  0.00  2.10  0.00   0   0.00
      136   '-' 'BP' '---------'  1.01  1.01  0.00  0.00  0.00  0.00  0.00  0.00  0.00  0.00  0.00  0.00  0.00  0.00  0.00  0.00  0.00  0.00  0.00 -2.10  0.00   0   0.00
      137   '-' 'BP' '---------'  1.01  1.01  0.75  0.75  0.00  0.00  0.00  0.00  0.00  0.00  0.00  0.00  0.00  0.00  0.00  0.00  0.00  0.00  0.00  1.57  0.00   0   0.00
      138   '-' 'BP' '---------'  1.01  1.01  0.75  0.75  0.00  0.00  0.00  0.00  0.00  0.00  0.00  0.00  0.00  0.00  0.00  0.00  0.00  0.00  0.00 -1.57  0.00   0   0.00
      139   '-' 'BP' '---------'  1.01  1.01  0.00  0.75  0.00  0.00  0.00  0.00  0.00  0.00  0.00  0.00  0.00  0.00  0.00  0.00  0.00  0.00  0.00  1.57  0.00   0   0.00
      140   '-' 'BP' '---------'  1.01  1.01  0.00  0.75  0.00  0.00  0.00  0.00  0.00  0.00  0.00  0.00  0.00  0.00  0.00  0.00  0.00  0.00  0.00 -1.57  0.00   0   0.00
      141   '-' 'BP' '---------'  0.59  0.00  0.00  0.00  0.00  0.00  0.00  0.00  0.00  0.00  0.00  0.00  0.00  0.00  0.00  0.00  0.00  0.00  0.00  2.10  0.00   0   0.00
      142   '-' 'BP' '---------'  0.59  0.00  0.00  0.00  0.00  0.00  0.00  0.00  0.00  0.00  0.00  0.00  0.00  0.00  0.00  0.00  0.00  0.00  0.00 -2.10  0.00   0   0.00
 
*(35)AUXILIARY LOAD:
*                        No._Add  --Add_Comb-
*No.   Id   Name          Loads   Id    Coeff
   8    1  'F3CRANEA1 '      4     1   -67.58
                                   2     4.41
                                   3   -19.37
                                   4     4.41
        2  'F3CRANEA2 '      4     1   -67.58
                                   2    -4.41
                                   3   -19.37
                                   4    -4.41
        3  'F3CRANEA3 '      4     1   -19.37
                                   2     4.41
                                   3   -67.58
                                   4     4.41
        4  'F3CRANEA4 '      4     1   -19.37
                                   2    -4.41
                                   3   -67.58
                                   4    -4.41
        5  'LWIND1_L2E'      1     5     1.00
        6  'LWIND1_R2E'      1     6     1.00
        7  'LWIND2_L2E'      1     5     1.00
        8  'LWIND2_R2E'      1     6     1.00
 
*(36)ADDITIONAL LOADS:
*     Add Group Loc  Basic        Load       Fx        Fy      Mom        Dx        Dy  .. Conc
*No.   Id   Id   Id  Load         Type       W1        W2       Co       Dl1       Dl2  .. Dist
  13    1  '-'    1 '------    '  'C '    0.000     1.000    0.000    1200.0    6927.6
        2  '-'    1 '------    '  'C '    1.000     0.000    0.000    1200.0    7500.0
        3  '-'    4 '------    '  'C '    0.000     1.000    0.000   -1200.0   -2872.4
        4  '-'    4 '------    '  'C '    1.000     0.000    0.000   -1200.0   -2300.0
        5  '-'    2 'U_WIND    '  'D '     1.61      1.61    0.000       0.0    4000.0
        6  '-'    3 'U_WIND    '  'D '     1.61      1.61    0.000    6049.9   10049.9
        7  '-'    4 'DEAD      '  'C '    0.000    -0.755   -0.754       0.0   -2700.0
        8  '-'    4 'COLLAT    '  'C '    0.000    -0.377   -0.377       0.0   -2700.0
        9  '-'    4 'LIVE      '  'C '    0.000    -4.280   -4.279       0.0   -2700.0
       10  '-'    4 'WINDL1    '  'C '    0.159     1.589    1.605       0.0   -2700.0
       11  '-'    4 'WINDR1    '  'C '    0.632     6.315    6.377       0.0   -2700.0
       12  '-'    4 'WINDL2    '  'C '    0.159     1.589    1.605       0.0   -2700.0
       13  '-'    4 'WINDR2    '  'C '    0.632     6.315    6.377       0.0   -2700.0
 
*(37)STEPPED LOAD COEFFICIENTS:
*    Group Basic    Loc   No.  ----Step_1---   ----Step_2---   ----Step_3---
*No.   Id  Load      Id  Step  Locate   Coef   Locate   Coef   Locate   Coef
  4   '-' 'WINDL1'    2    2  10000.0  1.000  10049.9  0.638
      '-' 'WINDR1'    3    2     49.9  0.638  10049.9  1.000
      '-' 'WINDL2'    2    2  10000.0  1.000  10049.9  0.383
      '-' 'WINDR2'    3    2     49.9  0.383  10049.9  1.000
 
*(38)FLOOR BEAMS:
*Bay                      Con_Type   Con_Loc     --Properties--
* Id   No.  Id   Height   Lt    Rt   Lt    Rt    Area       Ixx
   1    0
 
*(39)DIAGONAL BRACING:
*Bay
* Id   No.     Id   Level   Opt    Area
   1    0
 
*(40)CRANE BRACKET:
*        Span ----Crane----  ----Beam----    ----Offset----  -----Bracket------  Col_Sup
*No. Id Lt Rt Type   Height  Depth  Width     Left    Right  Type Opt  Select     Lt  Rt    Load
  1   1  1  1 'TG'   7500.0 420.00 225.00   1200.0   1200.0  'WW' '1' '--------' 'N' 'N'   67.58
 
*(41)DESIGN PLATES:
*     ----Plate---   --Plate_Size-   Bolt   Bolt  ----Top---  --Bottom--   Bolt
*No.  Type      Id   Width   Thick    Dia   Gage  Row  Space  Row  Space  Gage2
  0
 
*(42)ENDWALL COLUMNS:
*Wall   Expand_EW                                    Max_Deflect
* Id   Use  Offset    No.   Locate  Offset  Option   Down     Up
   1  'Y '  365.00     0
   3  'Y '  365.00     0
 
*(43)JACK BEAMS:
*                                                 Spring_Constant
*No.    Id   Offset   Height   Length   Part        Horz    Vert
  0
 
*(44)LINER:
*---Wall_Height---
*    F_SW     B_SW  Roof
      0.0      0.0  'N'
 
*(45)ADDITIONAL COLUMNS:
*No.  Id  Type  Rot  Opt  Part           Elev
  0
 
*(46)DESIGN CODE OPTIONS:
*No.   Event                         Condition
  0
 
*(47)CORNER BRACE:
*      Loc   Member
* No.   Id   Size
   0
 
*COLUMN ADDITIONAL BRACE LOCATION DESCRIPTIONS:
*  Id  Description
*   1  Crane System 1
*   2  Crane System 1
 
*AUXILIARY LOAD DESCRIPTIONS:
* Aux
*  Id  Description
*   1  Crane load
*   2  Crane load
*   3  Crane load
*   4  Crane load
*   5  Longitudinal wind load, case 1
*   6  Longitudinal wind load, case 1
*   7  Longitudinal wind load, case 2
*   8  Longitudinal wind load, case 2
*
*ADDITIONAL LOAD DESCRIPTIONS:
* Add
*  Id  Description
*   1  Crane load vertical on aisle 1 left column
*   2  Crane load horizontal to right on aisle 1 left column
*   3  Crane load vertical on aisle 1 right column
*   4  Crane load horizontal to left on aisle 1 right column
*   5  Longitudinal wind load
*   6  Longitudinal wind load
*   7  Extension Id 2, Surface Id 4, Dead = 0.100
*   8  Extension Id 2, Surface Id 4, Collateral = 0.050
*   9  Extension Id 2, Surface Id 4, Live = 0.570
*  10  Extension Id 2, Surface Id 4, Wind1 Left = -0.212
*  11  Extension Id 2, Surface Id 4, Wind1 Right = -0.841
*  12  Extension Id 2, Surface Id 4, Wind2 Left = -0.212
*  13  Extension Id 2, Surface Id 4, Wind2 Right = -0.841
*
* Code files used:
*   MBMA.10N
*   RF_MBMA.10N Version 4.0
*
*DS_RFDEP.Siz
*Surface  Span  --Required-   -----------Selected----------
*  Id      Id   Type   Span   Type   Span  #Depth  #Splice
*   1       1    W     9800    No record selected
*   2       1    C    10000    C    10000     1       0
*   3       1    C    10000    C    10000     1       0
*   4       1    W     9800    No record selected
*
* Calculated Seismic Mass, W = 88.04 kN
================================================================================
 C163-027            Frame  3 - Design Code                 17/NOV/2025 12:27pm
================================================================================

 STRUCTURAL CODE:
 ----------------
   Design Basis      : WS  - Working Stress
   Hot  Rolled Steel : AISC05
   Cold Formed Steel : NAUS07  

 BUILDING CODE:
 --------------
   Wind Code         : MBMA 10
   Seismic Zone      : B  

 MODULUS OF ELASTICITY:
 ----------------------
   Hot  Rolled Steel : 199955 (MN/m2)
   Cold Formed Steel : 203403 (MN/m2)
 
================================================================================
 C163-027            Frame  3 - Base Plates and Anchor Bolt 17/NOV/2025 12:27pm
================================================================================

 DESIGN CONSTANTS:
 -----------------
  Base Plate Yield     = 340.0 (MN/m2)
  Concrete Bearing     =   7.0 (MN/m2)                                    
  Bolt Type            = A36  
  Bolt Shear   Stress  =  80.0 (MN/m2)
  Bolt Tension Stress  = 150.0 (MN/m2)
 

 BASE PLATE & BOLT SIZE:
 -----------------------

                                                  Bolt_Row
 --Column_Base--  --Plate_Size(mm)--  Bolt(A36  ) Near_Flg  --Bolt_Space(mm)-
 Id    Typ Depth  Width Length Thick   Dia  Gage  Out   In   End   Out   Flg
 ----- --- -----  ----- ------ -----  ----- ----  ---  ---  ----- ----- -----
 Left   FI   312   200  606.0  16.00  24.00  100    1    1  75.00  0.00 150.0
 Right  FI   312   200  606.0  16.00  24.00  100    1    1  75.00  0.00 150.0
 

         Base_Bending  Web_Tension  ---------------Bolts(kN)--------------
 Col         (MN/m2)      (MN/m2)   Bolt_Tension  -Bolt_Comp-   Bolt_Shear  Max   Req   Req
 Loc   Ld  Calc Limit   Calc Limit   Calc  Limit   Calc Limit   Calc Limit   UC Thick   Dia
 ----- -- ----- -----  ----- -----  -----  -----  ----- -----  ----- ----- ---- ----- -----
 Left  20    98   306    130   204   42.2   67.9    0.0  67.9    3.4  36.2 0.64 11.11 18.93
 Left  69    98   306    163   204   52.7   67.9    0.0  67.9    3.8  36.2 0.80 11.11 18.93
 Right 19    99   306    132   204   42.7   67.9    0.0  67.9    3.4  36.2 0.65 11.13 19.04
 Right 70    97   306    161   204   52.0   67.9    0.0  67.9    3.7  36.2 0.79 11.13 19.04

 BASE REACTIONS:
 ---------------

 Column  -Max_Compression(kN,kN-m)-   --Max_Tension(kN,kN-m)---
 Loc      Ld   Axial  Shear  Moment    Ld  Axial  Shear  Moment
 ------  ----  -----  -----  ------   ---- -----  -----  ------
 Left     20    32.5   27.2    67.6    69  -14.1   30.7    73.4
 Right    19    35.9   27.1    68.4    70  -20.2   29.8    72.0

 GUSSET PLATES:
 --------------

 Column  Gusset    --Plate_Size(mm)--      -Max_Comp(MN/m2)  Max_Tension(MN/m2)
 Locate  Locate    Width Thick Length  Ld  Calc  Limit   UC   Calc Limit   UC
 ------  --------  ----- ----- ------  --  ----- ----- ----  ----- ----- ----
 Left    Flg_Base  147.0 10.00  197.0  20  175.9 178.5 0.99   91.4 207.0 0.44
                                       69  174.9 178.5 0.98  114.0 207.0 0.55
 Right   Flg_Base  147.0 10.00  197.0  19  177.0 178.5 0.99   92.4 207.0 0.45
                                       70  172.9 178.5 0.97  112.6 207.0 0.54

 CONCRETE:
 ---------

          Comp_in
 Column   Bolt_Or       --Bearing(MN/m2)--   Bearing
 Locate   Concrete  Ld   Calc  Limit    UC  Length(mm)
 ------   --------  --  -----  -----  ----  ----------
 Left        C      20    7.0    7.0  1.00    287.7            
                    69    7.0    7.0  1.00    281.0            
 Right       C      19    7.0    7.0  1.00    295.2            
                    70    7.0    7.0  1.00    268.5            
 

 WELDS:
 ------
          Outside_Flange_To_Base  Inside_Flange_To_Base   -----Web_To_Base-----
 Base               Shear(kN/mm)            Shear(kN/mm)            Shear(kN/mm)
 Id       Size  Typ  Calc Limit   Size  Typ  Calc Limit   Size  Typ  Calc Limit
 -----    ----- --- ----- -----   ----- --- ----- -----   ----- --- ----- -----
 Left      5.00  F2 0.481 0.510    5.00  F2 0.481 0.510    4.00  F2 0.051 0.410
 Right     5.00  F2 0.475 0.510    5.00  F2 0.475 0.510    4.00  F2 0.050 0.410


                    ----Gusset_To_Base---   ---Gusset_To_Column--
 Column  Gusset               Shear(kN/mm)            Shear(kN/mm)
 Locate  Locate     Size  Typ  Calc Limit   Size  Typ  Calc Limit
 ------  --------   ----- --- ----- -----   ----- --- ----- -----
 Left    Flg_Base    6.00  F2 0.288 0.620    4.00  F2 0.215 0.410
 Right   Flg_Base    6.00  F2 0.284 0.620    4.00  F2 0.212 0.410
 

 LOAD COMBINATIONS:
 ------------------
    19   Dead+Collateral+0.75Live+0.75Wind_Left1+0.75Floor_Live
    20   Dead+Collateral+0.75Live+0.75Wind_Right1+0.75Floor_Live
    69   0.6Dead+Wind_Left2
    70   0.6Dead+Wind_Right2
 
================================================================================
 C163-027            Frame  3 - Bolted-End-Plates           17/NOV/2025 12:27pm
================================================================================

 DESIGN CONSTANTS:
 -----------------
  Splice Yield         = 340.0 (MN/m2)
  Bolt Type            = Gr8.8 Snug-Tightened
  Bolt Shear   Stress  = 160.0 (MN/m2)
  Bolt Tension Stress  = 299.9 (MN/m2)


 PLATE SIZE:
 -----------
  Splice  Member    Web   Splice(mm)  -----------------Bolts(Gr8.8)-----------------
  Id Typ  Locate  Depth  Width Thick    Dia  Gage Gage2 RowT SpaceT RowB SpaceB RowI
  -- ---  ------  -----  ----- -----  ----- ----- ----- ---- ------ ---- ------ ----
   1 HSS   1- 2   650.0    200 16.00  20.00 100.0 100.0   2  100.0    2  100.0    1
   2 -SS   3- 4   502.5    200 16.00  20.00 100.0 100.0   2  100.0    2  100.0    0
   3 HSS   5- 6   650.0    200 16.00  20.00 100.0 100.0   2  100.0    2  100.0    1

 PLATE DESIGN:
 -------------
             -------Max_Moment------  -------Max_Shear------
  Splice Ten Load Axial Shear Moment  Load Axial Shear Moment    Req   Req  Bolt
  Id Typ Loc  Id   (kN)  (kN) (kN-m)   Id   (kN)  (kN) (kN-m)  Thick   Dia    UC
  -- --- --- ---- ----- ----- ------  ---- ----- ----- ------  ----- ----- -----
   1 HSS Top   2   57.3 -22.6  142.7    2   57.3 -22.6  142.7  10.34 15.15  0.57
         Bot  67  -31.0  12.6  -94.6   72  -31.0  22.1  -76.2   8.42 12.33  0.38
   2 -SS Top  73  -27.4   0.7   35.2  105   -0.5   3.4    5.7   5.99  8.55  0.18
         Bot   1   22.3  -0.7  -83.8  106    7.6   3.4   -1.7   9.24 13.20  0.44
   3 HSS Top   1   57.9  22.6  148.3    1   57.9  22.6  148.3  10.54 15.44  0.60
         Bot  68  -31.3 -12.3  -97.3   71  -30.9 -22.1  -75.7   8.54 12.51  0.39

 WELDS:
 ------
          Outside_Flange_To_Bep   Inside_Flange_To_Bep    -----Web_To_Bep------
 Splice             Shear(kN/mm)            Shear(kN/mm)            Shear(kN/mm)
 Id Side   Size Typ  Calc Limit    Size Typ  Calc Limit    Size Typ  Calc Limit
 -- ----  ----- --- ----- -----   ----- --- ----- -----   ----- --- ----- -----
  1   L    5.00  F2 0.417 0.510    4.00  F2 0.276 0.410    4.00  F2 0.017 0.410
  1   R    5.00  F2 0.401 0.410    6.00  F1 0.600 0.620    4.00  F2 0.017 0.410
  2   L    4.00  F2 0.145 0.410    4.00  F2 0.345 0.410    4.00  F2 0.003 0.410
  2   R    4.00  F2 0.145 0.410    4.00  F2 0.345 0.410    4.00  F2 0.003 0.410
  3   L    5.00  F2 0.417 0.510    6.00  F1 0.617 0.620    4.00  F2 0.017 0.410
  3   R    5.00  F2 0.433 0.510    4.00  F2 0.284 0.410    4.00  F2 0.017 0.410
 

 LOAD COMBINATIONS:
 ------------------
     1   Dead+Collateral+Live
     2   Dead+Collateral+Live
    67   0.6Dead+Wind_Left1
    68   0.6Dead+Wind_Right1
    71   0.6Dead+Wind_Long1+LWIND1_L2E
    72   0.6Dead+Wind_Long1+LWIND1_R2E
    73   0.6Dead-Wind_Long1+LWIND1_L2E
   105   Dead+Wind_Right1/2+F3CRANEA4
   106   Dead+Wind_Right2/2+F3CRANEA4
 
================================================================================
 C163-027            Frame  3 - Bearing Stiffeners          17/NOV/2025 12:27pm
================================================================================

 Stiffener Yield =  345 (MN/m2)
 Corner Cut      = 15.0 (mm)

 STIFFENER SIZE:
 ---------------
  ----Stiffener---  --Web(mm)--  ----Stiffener_Size(mm)---
  Location  Offset  Depth Thick  Width  Thick  Length  No.
  --------  ------  ----- -----  -----  -----  ------  ---
  Lt Col         0  600.0  5.00   70.0   6.00   600.0   1
  Rt Col     20000  600.0  5.00   70.0   6.00   600.0   1

 STIFFENER DESIGN:
 -----------------
            ----Tension(kN)---  --Compression(kN)-   Max
  Location  Load   Calc  Limit  Load   Calc  Limit    UC
  --------  ----  -----  -----  ----  -----  -----  ----
  Lt Col      67  102.7  136.4     2  157.1  265.6  0.75 
  Rt Col      68  105.5  136.4     1  162.9  265.6  0.77 

 WELDS:
 ------
                     ---Stiff_To_Flg/EP---   -----Stiff_To_Web----
  Stiffener                    Shear(kN/mm)            Shear(kN/mm)
  Location            Size Typ  Calc Limit    Size Typ  Calc Limit
  ----------         ----- --- ----- -----   ----- --- ----- -----
  Lt Col              6.00  F2 0.467 0.620    4.00  F2 0.067 0.410
  Rt Col              6.00  F2 0.480 0.620    4.00  F2 0.070 0.410
 

 LOAD COMBINATIONS:
 ------------------
     1   Dead+Collateral+Live
     2   Dead+Collateral+Live
    67   0.6Dead+Wind_Left1
    68   0.6Dead+Wind_Right1
 
================================================================================
 C163-027            Frame  3 - Flange Braces               17/NOV/2025 12:27pm
================================================================================

 DESIGN CONSTANTS:
 -----------------
  Flange Brace Yield   = 345.0 MN/m2
  Girt/Purlin  Yield   = 350.0 MN/m2
  Flange Brace Bolt    = Gr8.8 (0 Washers)
  Bolt Shear  Stress   = 160.0 MN/m2

  Flange Brace Force
    Inside flange, max of bending compression                        

 LAYOUT:
 -------
  Surf                   Seg   Web  Brace Angle Design -----Bolt_Dia----- --Attachment-
   Id  Loc Side Part      Id Depth Offset   Deg Length Frame Purlin  Clip Frame  Purlin Ref
  ---- --- ---- -------- --- ----- ------ ----- ------ ----- ------ ----- ------ ------ -----
    1    1   2  L40X40X4   1 418.8  330.0  31.6  534.1 12.00  12.00       Clip   Web         
         3   2  L40X40X4   1 534.4  660.0  46.9  835.1 12.00  12.00       Clip   Web         
    2    1   2  L40X40X4   2 572.8  660.0  46.6  840.2 12.00  12.00       Clip   Web         
         3   2  L40X40X4   3 451.4  330.0  31.5  535.4 12.00  12.00       Clip   Web         
         5   2  L40X40X4   3 474.7  330.0  30.3  555.5 12.00  12.00       Clip   Web         
         7   2  L40X40X4   3 498.1  660.0  50.5  790.7 12.00  12.00       Clip   Web         
    3    1   2  L40X40X4   4 498.1  660.0  50.5  790.7 12.00  12.00       Clip   Web         
         3   2  L40X40X4   4 474.7  330.0  30.3  555.5 12.00  12.00       Clip   Web         
         5   2  L40X40X4   4 451.4  330.0  31.5  535.4 12.00  12.00       Clip   Web         
         7   2  L40X40X4   5 572.8  660.0  46.6  840.2 12.00  12.00       Clip   Web         
    4    1   2  L40X40X4   6 418.8  330.0  31.6  534.1 12.00  12.00       Clip   Web         
         3   2  L40X40X4   6 534.4  660.0  46.9  835.1 12.00  12.00       Clip   Web         

 DESIGN:
 -------
  Surf        Load(kN-m)  Force  -Brace_UC-  ---Connection_UC---
   Id   Loc    Id Moment   (kN)  Comp  Tens  Frame  Purlin  Clip
  ----  ---  ---- ------  -----  ----  ----  -----  ------  ----
    1     1    95   17.3   0.60  0.03  0.04   0.03    0.04      
          3     2   78.3   1.42  0.11  0.09   0.08    0.19      
    2     1     2  106.7   1.77  0.13  0.12   0.10    0.24      
          3   106   24.7   0.72  0.04  0.05   0.04    0.05      
          5    73   30.4   0.86  0.05  0.06   0.05    0.06      
          7    73   35.9   0.62  0.04  0.04   0.03    0.08      
    3     1    74   35.9   0.62  0.04  0.04   0.03    0.08      
          3    74   30.6   0.86  0.05  0.06   0.05    0.06      
          5   100   24.4   0.71  0.04  0.05   0.04    0.05      
          7     1  111.8   1.85  0.14  0.12   0.10    0.25      
    4     1    98   16.8   0.58  0.03  0.04   0.03    0.04      
          3     1   75.7   1.37  0.10  0.09   0.08    0.19      

 LOAD COMBINATIONS:
 ------------------
     1   Dead+Collateral+Live
     2   Dead+Collateral+Live
    73   0.6Dead-Wind_Long1+LWIND1_L2E
    74   0.6Dead-Wind_Long1+LWIND1_R2E
    95   Dead+Collateral+F3CRANEA1
    98   Dead+Collateral+F3CRANEA4
   100   Dead+Wind_Left2/2+F3CRANEA1
   106   Dead+Wind_Right2/2+F3CRANEA4
 
================================================================================
 C163-027            Frame  3 - Web To Flange Weld          17/NOV/2025 12:27pm
================================================================================

                                                        ---Web_Flange_Weld---
  Surf  Mem  Seg  Sec  Load  Shear     Ixx           Q           Shear(kN/mm)
   Id    Id   Id   Id    Id   (kN)   (cm4)  Flg  (cm3)   Size Typ  Calc Limit
  ----  ---  ---  ---  ----  -----  ------  ---  -----  ----- --- ----- -----
    1     1    1    1    69   30.3    6042  Out    161   4.00  F1 0.081 0.410
                                            In     161   4.00  F1 0.081 0.410
    2     2    2   21     2   49.4   25084  Out    250   4.00  F1 0.049 0.410
                                            In     281   4.00  F1 0.055 0.410
    2     3    3   29     2   31.8   12078  Out    182   4.00  F1 0.048 0.410
                                            In     182   4.00  F1 0.048 0.410
    3     4    4   54     1   32.4   12078  Out    182   4.00  F1 0.049 0.410
                                            In     182   4.00  F1 0.049 0.410
    3     5    5   62     1   49.9   25084  Out    250   4.00  F1 0.050 0.410
                                            In     281   4.00  F1 0.056 0.410
    4     6    6   82    70   29.3    6042  Out    161   4.00  F1 0.078 0.410
                                            In     161   4.00  F1 0.078 0.410

 LOAD COMBINATIONS:
 ------------------
     1   Dead+Collateral+Live
     2   Dead+Collateral+Live
    69   0.6Dead+Wind_Left2
    70   0.6Dead+Wind_Right2
 
================================================================================
 C163-027            Frame  3 - Special Segments            17/NOV/2025 12:27pm
================================================================================

  FLANGE PLATE:
  ----------------
            --Initial--   ---Final---
            Width Thick   Width Thick
   Locate    (mm)  (mm)    (mm)  (mm)
   ------   ----- -----   ----- -----
   Lt Col     160  5.00     160  5.00
   Rt Col     160  5.00     160  5.00



  WEB PLATE:
  ----------
                                Calc  ---Initial--  ------Final------
           ------Actions-----    Web    Web  Shear    Web  Shear
                Axial  Moment  Shear  Thick  Limit  Thick  Limit
   Locate   Id   (kN)  (kN-m)   (kN)   (mm)   (kN)   (mm)   (kN)   UC  Note
   ------  ---  -----  ------  -----  -----  -----  -----  ----- ----  -------------
   Lt Col    2   57.7   142.7  190.8   5.00  223.5   5.00  223.5 0.85  G2-1           
   Rt Col    1   58.3   148.3  199.1   5.00  223.5   5.00  223.5 0.89  G2-1           
 

  REQUIRED WEB DESIGN:
  --------------------
               Web  Stiff
   Locate    Depth  Space
   ------    -----  -----
   Lt Col    567.7  620.0
   Rt Col    567.7  620.0

 LOAD COMBINATIONS:
 ------------------
     1   Dead+Collateral+Live
     2   Dead+Collateral+Live
 
================================================================================
 C163-027            Frame  3 - Design Summary              17/NOV/2025 12:27pm
================================================================================

 FRAME:
 ------
   Id        =   3
   Type      =  RF
   Line Id   =   5  6
   Load Width=   7500
   UC   Limit=   1.00
   KL/R Limit= 200.00

 MEMBERS:
 --------
                                                                -----Max_Axial+Moment----
 Srf Mem Seg --Flange- Web_Depth -Plate_Thickness- --Max_Shear- ----O-Flg--- ----I-Flg---  Max
  Id  Id  Id  Len  Wid Strt  End   Web O-flg I-flg  Id  Ld  Ucv  Id  Ld  Uco  Id  Ld  Uci KL/R
 --- --- --- ---- ---- ---- ---- ----- ----- ----- --- --- ---- --- --- ---- --- --- ---- ----
   1   1   1 9618  175  300  650  5.00  6.00  6.00  20  74 0.20   1  20 0.98   1  69 1.00   86
   2   2   2 3813  160  600  450  5.00  5.00  6.00  21   2 0.43  21  67 0.74  21   2 0.94   94
   2   3   3 5999  160  450  500  5.00  5.00  5.00  29   2 0.21  40   1 0.92  41   1 0.52   95
   3   4   4 5999  160  500  450  5.00  5.00  5.00  54   1 0.21  43   2 0.91  42   1 0.52   95
   3   5   5 3813  160  450  600  5.00  5.00  6.00  62   1 0.43  62  68 0.76  62   1 0.98   94
   4   6   6 9618  175  650  300  5.00  6.00  6.00  63   1 0.20  82  19 1.00  82  70 0.98   86
 

                   No. Cycles For Plate Optimization=  8


 LOAD COMBINATIONS:
 ------------------
      #  Controlling Load Combination In Design Summary

  Strength & Deflection Combinations:
     1#  Dead+Collateral+Live
     2#  Dead+Collateral+Live
     3   Dead+Collateral+Floor_Live
     4   Dead+Collateral+Floor_Live
     5   Dead+Collateral+Snow
     6   Dead+Collateral+Snow
     7   Dead+Collateral+Snow+Snow_Drift
     8   Dead+Collateral+Snow+Snow_Drift
     9   Dead+Collateral+Snow+Slide_Snow
    10   Dead+Collateral+Snow+Slide_Snow
    11   Dead
    12   Dead
    13   Dead+Collateral+0.75Snow+0.75Floor_Live
    14   Dead+Collateral+0.75Snow+0.75Floor_Live
    15   Dead+Collateral+0.75Snow+0.75Snow_Drift+0.75Floor_Live
    16   Dead+Collateral+0.75Snow+0.75Snow_Drift+0.75Floor_Live
    17   Dead+Collateral+0.75Snow+0.75Slide_Snow+0.75Floor_Live
    18   Dead+Collateral+0.75Snow+0.75Slide_Snow+0.75Floor_Live
    19#  Dead+Collateral+0.75Live+0.75Wind_Left1+0.75Floor_Live
    20#  Dead+Collateral+0.75Live+0.75Wind_Right1+0.75Floor_Live
    21   Dead+Collateral+0.75Live+0.75Wind_Left2+0.75Floor_Live
    22   Dead+Collateral+0.75Live+0.75Wind_Right2+0.75Floor_Live
    23   Dead+Collateral+0.75Live+0.75Wind_Long1+0.75Floor_Live+0.75LWIND1_L2E
    24   Dead+Collateral+0.75Live+0.75Wind_Long1+0.75Floor_Live+0.75LWIND1_R2E
    25   Dead+Collateral+0.75Live-0.75Wind_Long1+0.75Floor_Live+0.75LWIND1_L2E
    26   Dead+Collateral+0.75Live-0.75Wind_Long1+0.75Floor_Live+0.75LWIND1_R2E
    27   Dead+Collateral+0.75Live+0.75Wind_Long2+0.75Floor_Live+0.75LWIND2_L2E
    28   Dead+Collateral+0.75Live+0.75Wind_Long2+0.75Floor_Live+0.75LWIND2_R2E
    29   Dead+Collateral+0.75Live-0.75Wind_Long2+0.75Floor_Live+0.75LWIND2_L2E
    30   Dead+Collateral+0.75Live-0.75Wind_Long2+0.75Floor_Live+0.75LWIND2_R2E
    31   Dead+Collateral+0.75Snow+0.75Wind_Left1+0.75Floor_Live
    32   Dead+Collateral+0.75Snow+0.75Wind_Left1+0.75Snow_Drift+0.75Floor_Live
    33   Dead+Collateral+0.75Snow+0.75Wind_Left1+0.75Slide_Snow+0.75Floor_Live
    34   Dead+Collateral+0.75Snow+0.75Wind_Right1+0.75Floor_Live
    35   Dead+Collateral+0.75Snow+0.75Wind_Right1+0.75Snow_Drift+0.75Floor_Live
    36   Dead+Collateral+0.75Snow+0.75Wind_Right1+0.75Slide_Snow+0.75Floor_Live
    37   Dead+Collateral+0.75Snow+0.75Wind_Left2+0.75Floor_Live
    38   Dead+Collateral+0.75Snow+0.75Wind_Left2+0.75Snow_Drift+0.75Floor_Live
    39   Dead+Collateral+0.75Snow+0.75Wind_Left2+0.75Slide_Snow+0.75Floor_Live
    40   Dead+Collateral+0.75Snow+0.75Wind_Right2+0.75Floor_Live
    41   Dead+Collateral+0.75Snow+0.75Wind_Right2+0.75Snow_Drift+0.75Floor_Live
    42   Dead+Collateral+0.75Snow+0.75Wind_Right2+0.75Slide_Snow+0.75Floor_Live
    43   Dead+Collateral+0.75Snow+0.45Wind_Long1+0.75Floor_Live+0.45LWIND1_L2E
    44   Dead+Collateral+0.75Snow+0.45Wind_Long1+0.75Floor_Live+0.45LWIND1_R2E
    45   Dead+Collateral+0.75Snow-0.45Wind_Long1+0.75Floor_Live+0.45LWIND1_L2E
    46   Dead+Collateral+0.75Snow-0.45Wind_Long1+0.75Floor_Live+0.45LWIND1_R2E
    47   Dead+Collateral+0.75Snow+0.45Wind_Long1+0.75Snow_Drift+0.75Floor_Live+0.45LWIND1
    48   Dead+Collateral+0.75Snow+0.45Wind_Long1+0.75Snow_Drift+0.75Floor_Live+0.45LWIND1
    49   Dead+Collateral+0.75Snow-0.45Wind_Long1+0.75Snow_Drift+0.75Floor_Live+0.45LWIND1
    50   Dead+Collateral+0.75Snow-0.45Wind_Long1+0.75Snow_Drift+0.75Floor_Live+0.45LWIND1
    51   Dead+Collateral+0.75Snow+0.45Wind_Long1+0.75Slide_Snow+0.75Floor_Live+0.45LWIND1
    52   Dead+Collateral+0.75Snow+0.45Wind_Long1+0.75Slide_Snow+0.75Floor_Live+0.45LWIND1
    53   Dead+Collateral+0.75Snow-0.45Wind_Long1+0.75Slide_Snow+0.75Floor_Live+0.45LWIND1
    54   Dead+Collateral+0.75Snow-0.45Wind_Long1+0.75Slide_Snow+0.75Floor_Live+0.45LWIND1
    55   Dead+Collateral+0.75Snow+0.45Wind_Long2+0.75Floor_Live+0.45LWIND2_L2E
    56   Dead+Collateral+0.75Snow+0.45Wind_Long2+0.75Floor_Live+0.45LWIND2_R2E
    57   Dead+Collateral+0.75Snow-0.45Wind_Long2+0.75Floor_Live+0.45LWIND2_L2E
    58   Dead+Collateral+0.75Snow-0.45Wind_Long2+0.75Floor_Live+0.45LWIND2_R2E
    59   Dead+Collateral+0.75Snow+0.45Wind_Long2+0.75Snow_Drift+0.75Floor_Live+0.45LWIND2
    60   Dead+Collateral+0.75Snow+0.45Wind_Long2+0.75Snow_Drift+0.75Floor_Live+0.45LWIND2
    61   Dead+Collateral+0.75Snow-0.45Wind_Long2+0.75Snow_Drift+0.75Floor_Live+0.45LWIND2
    62   Dead+Collateral+0.75Snow-0.45Wind_Long2+0.75Snow_Drift+0.75Floor_Live+0.45LWIND2
    63   Dead+Collateral+0.75Snow+0.45Wind_Long2+0.75Slide_Snow+0.75Floor_Live+0.45LWIND2
    64   Dead+Collateral+0.75Snow+0.45Wind_Long2+0.75Slide_Snow+0.75Floor_Live+0.45LWIND2
    65   Dead+Collateral+0.75Snow-0.45Wind_Long2+0.75Slide_Snow+0.75Floor_Live+0.45LWIND2
    66   Dead+Collateral+0.75Snow-0.45Wind_Long2+0.75Slide_Snow+0.75Floor_Live+0.45LWIND2
    67#  0.6Dead+Wind_Left1
    68#  0.6Dead+Wind_Right1
    69#  0.6Dead+Wind_Left2
    70#  0.6Dead+Wind_Right2
    71   0.6Dead+Wind_Long1+LWIND1_L2E
    72   0.6Dead+Wind_Long1+LWIND1_R2E
    73   0.6Dead-Wind_Long1+LWIND1_L2E
    74#  0.6Dead-Wind_Long1+LWIND1_R2E
    75   0.6Dead+Wind_Long2+LWIND2_L2E
    76   0.6Dead+Wind_Long2+LWIND2_R2E
    77   0.6Dead-Wind_Long2+LWIND2_L2E
    78   0.6Dead-Wind_Long2+LWIND2_R2E
    79   1.01Dead+1.01Collateral+0.7Seismic_L
    80   1.01Dead+1.01Collateral+0.7Seismic_R
    81   1.01Dead+1.01Collateral+0.75Live+0.52Seismic_L+0.75Floor_Live
    82   1.01Dead+1.01Collateral+0.75Live+0.52Seismic_R+0.75Floor_Live
    83   1.01Dead+1.01Collateral+0.52Seismic_L+0.75Floor_Live
    84   1.01Dead+1.01Collateral+0.52Seismic_R+0.75Floor_Live
    85   0.59Dead+0.7Seismic_L
    86   0.59Dead+0.7Seismic_R
    87   1.01Dead+1.01Collateral+0.7Seismic_Long
    88   1.01Dead+1.01Collateral-0.7Seismic_Long
    89   1.01Dead+1.01Collateral+0.75Live+0.52Seismic_Long+0.75Floor_Live
    90   1.01Dead+1.01Collateral+0.75Live-0.52Seismic_Long+0.75Floor_Live
    91   1.01Dead+1.01Collateral+0.52Seismic_Long+0.75Floor_Live
    92   1.01Dead+1.01Collateral-0.52Seismic_Long+0.75Floor_Live
    93   0.59Dead+0.7Seismic_Long
    94   0.59Dead-0.7Seismic_Long
    95   Dead+Collateral+F3CRANEA1
    96   Dead+Collateral+F3CRANEA2
    97   Dead+Collateral+F3CRANEA3
    98   Dead+Collateral+F3CRANEA4
    99   Dead+Wind_Left1/2+F3CRANEA1
   100   Dead+Wind_Left2/2+F3CRANEA1
   101   Dead+Wind_Right1/2+F3CRANEA2
   102   Dead+Wind_Right2/2+F3CRANEA2
   103   Dead+Wind_Left1/2+F3CRANEA3
   104   Dead+Wind_Left2/2+F3CRANEA3
   105   Dead+Wind_Right1/2+F3CRANEA4
   106   Dead+Wind_Right2/2+F3CRANEA4
   107   Dead+20Degree+Floor_Live
   108   Dead+20Degree+Floor_Live
   109   Dead-20Degree+Floor_Live
   110   Dead-20Degree+Floor_Live
   111   Dead+Collateral+0.75Live+15Degree+0.75Floor_Live
   112   Dead+Collateral+0.75Live+15Degree+0.75Floor_Live
   113   Dead+Collateral+0.75Live-15Degree+0.75Floor_Live
   114   Dead+Collateral+0.75Live-15Degree+0.75Floor_Live
   115   Dead+Collateral+0.75Snow+15Degree+0.75Floor_Live
   116   Dead+Collateral+0.75Snow+15Degree+0.75Floor_Live
   117   Dead+Collateral+0.75Snow+15Degree+0.75Snow_Drift+0.75Floor_Live
   118   Dead+Collateral+0.75Snow+15Degree+0.75Snow_Drift+0.75Floor_Live
   119   Dead+Collateral+0.75Snow+15Degree+0.75Slide_Snow+0.75Floor_Live
   120   Dead+Collateral+0.75Snow+15Degree+0.75Slide_Snow+0.75Floor_Live
   121   Dead+Collateral+0.75Snow-15Degree+0.75Floor_Live
   122   Dead+Collateral+0.75Snow-15Degree+0.75Floor_Live
   123   Dead+Collateral+0.75Snow-15Degree+0.75Snow_Drift+0.75Floor_Live
   124   Dead+Collateral+0.75Snow-15Degree+0.75Snow_Drift+0.75Floor_Live
   125   Dead+Collateral+0.75Snow-15Degree+0.75Slide_Snow+0.75Floor_Live
   126   Dead+Collateral+0.75Snow-15Degree+0.75Slide_Snow+0.75Floor_Live
  Special Combinations:
   127   1.01Dead+1.01Collateral+2.1Seismic_L
   128   1.01Dead+1.01Collateral+2.1Seismic_R
   129   1.01Dead+1.01Collateral+0.75Live+1.57Seismic_L+0.75Floor_Live
   130   1.01Dead+1.01Collateral+0.75Live+1.57Seismic_R+0.75Floor_Live
   131   1.01Dead+1.01Collateral+1.57Seismic_L+0.75Floor_Live
   132   1.01Dead+1.01Collateral+1.57Seismic_R+0.75Floor_Live
   133   0.59Dead+2.1Seismic_L
   134   0.59Dead+2.1Seismic_R
   135   1.01Dead+1.01Collateral+2.1Seismic_L
   136   1.01Dead+1.01Collateral+2.1Seismic_R
   137   1.01Dead+1.01Collateral+0.75Live+1.57Seismic_L+0.75Floor_Live
   138   1.01Dead+1.01Collateral+0.75Live+1.57Seismic_R+0.75Floor_Live
   139   1.01Dead+1.01Collateral+1.57Seismic_L+0.75Floor_Live
   140   1.01Dead+1.01Collateral+1.57Seismic_R+0.75Floor_Live
   141   0.59Dead+2.1Seismic_L
   142   0.59Dead+2.1Seismic_R

 PLATE LIMITS:
 -------------
       -----Web----  -----Flange----                  Web_Depth/     Web_Area/
  Seg   Depth/Thick  Width/(2xThick)  ---Flange---  Flange_Width   Flange_Area
   Id   Calc  Limit    Calc  Limit    Thick    Min   Calc  Limit   Calc  Limit
  ---  -----  -----   -----  -----    -----  -----  -----  -----  -----  -----
    1  130.0  180.0    14.6   16.5     6.00           3.7           3.1   10.0
    2  120.0  180.0    16.0   16.5     5.00           3.8           3.8   10.0
    3  100.0  180.0    16.0   16.5     5.00           3.1           3.1   10.0
    4  100.0  180.0    16.0   16.5     5.00           3.1           3.1   10.0
    5  120.0  180.0    16.0   16.5     5.00           3.8           3.8   10.0
    6  130.0  180.0    14.6   16.5     6.00           3.7           3.1   10.0

 FRAME AREA:
 ----------
    Frame    Area=    18.8
    Building Area=   206.1
            Ratio=    0.09


 WEIGHTS:
 --------

    Member             1     2     3     4     5     6
    ----------     ----- ----- ----- ----- ----- -----
    Weight (kg)      321   132   187   187   132   321 

                      Total Weight (kg)
                        Frame         =     1279
                        Splice Plate  =      120
                        Base   Plate  =       30
                                        --------
                                            1430
 


 REACTIONS - Sidewall Columns:
 -----------------------------

   Load   ----------Left_Column----------   ----------Right_Column---------
     Id   Fx(kN)  Fy(kN)  Fz(kN)  M(kN-m)   Fx(kN)  Fy(kN)  Fz(kN)  M(kN-m)  
   ----   ------ ------- ------- --------   ------ ------- ------- --------
      1    22.32   59.99    0.00   -50.25   -22.32   66.19    0.00    54.28
      2    22.34   60.19    0.00   -52.08   -22.34   65.99    0.00    52.45
      3     5.68   17.50    0.00   -12.71    -5.68   18.81    0.00    13.67
      4     5.69   17.56    0.00   -13.24    -5.69   18.75    0.00    13.14
      5     5.68   17.50    0.00   -12.71    -5.68   18.81    0.00    13.67
      6     5.69   17.56    0.00   -13.24    -5.69   18.75    0.00    13.14
      7     5.68   17.50    0.00   -12.71    -5.68   18.81    0.00    13.67
      8     5.69   17.56    0.00   -13.24    -5.69   18.75    0.00    13.14
      9     5.68   17.50    0.00   -12.71    -5.68   18.81    0.00    13.67
     10     5.69   17.56    0.00   -13.24    -5.69   18.75    0.00    13.14
     11     4.21   13.75    0.00    -9.40    -4.21   14.63    0.00    10.10
     12     4.22   13.80    0.00    -9.81    -4.22   14.59    0.00     9.68
     13     5.68   17.50    0.00   -12.71    -5.68   18.81    0.00    13.67
     14     5.69   17.56    0.00   -13.24    -5.69   18.75    0.00    13.14
     15     5.68   17.50    0.00   -12.71    -5.68   18.81    0.00    13.67
     16     5.69   17.56    0.00   -13.24    -5.69   18.75    0.00    13.14
     17     5.68   17.50    0.00   -12.71    -5.68   18.81    0.00    13.67
     18     5.69   17.56    0.00   -13.24    -5.69   18.75    0.00    13.14
     19    -2.23   21.18    0.00    15.24   -27.15   35.90    0.00    68.42
     20    27.23   32.51    0.00   -67.55     1.56   21.02    0.00   -12.64
     21    -6.73   32.60    0.00    18.74   -22.65   47.38    0.00    65.46
     22    22.73   43.99    0.00   -64.57     6.06   32.45    0.00   -16.11
     23    18.43    4.52    9.36   -34.45   -17.95   13.09    9.44    32.35
     24    17.95    8.40    9.36   -30.71   -18.44    9.21    9.44    36.10
     25    18.66   30.34    0.00   -34.42   -18.18   39.14    0.00    32.30
     26    18.18   34.22    0.00   -30.63   -18.66   35.27    0.00    36.09
     27    16.47   15.97    9.36   -35.10   -15.99   24.54    9.44    33.00
     28    15.99   19.85    9.36   -31.32   -16.47   20.66    9.44    36.78
     29    16.69   41.79    0.00   -35.07   -16.21   50.60    0.00    32.94
     30    16.21   45.67    0.00   -31.24   -16.69   46.72    0.00    36.78
     31   -14.75  -10.67    0.00    43.19   -14.63    0.34    0.00    37.77
     32   -14.75  -10.67    0.00    43.19   -14.63    0.34    0.00    37.77
     33   -14.75  -10.67    0.00    43.19   -14.63    0.34    0.00    37.77
     34    14.71    0.50    0.00   -38.14    14.08  -14.37    0.00   -41.82
     35    14.71    0.50    0.00   -38.14    14.08  -14.37    0.00   -41.82
     36    14.71    0.50    0.00   -38.14    14.08  -14.37    0.00   -41.82
     37   -19.23    0.76    0.00    46.68   -10.15   11.82    0.00    34.80
     38   -19.23    0.76    0.00    46.68   -10.15   11.82    0.00    34.80
     39   -19.23    0.76    0.00    46.68   -10.15   11.82    0.00    34.80
     40    10.22   11.98    0.00   -35.16    18.57   -2.95    0.00   -45.31
     41    10.22   11.98    0.00   -35.16    18.57   -2.95    0.00   -45.31
     42    10.22   11.98    0.00   -35.16    18.57   -2.95    0.00   -45.31
     43     5.82   -9.43    5.62    -8.64    -5.53   -5.92    5.67     6.84
     44     5.53   -7.10    5.62    -6.43    -5.82   -8.25    5.67     9.05
     45     5.96    6.06    0.00    -8.62    -5.67    9.71    0.00     6.80
     46     5.67    8.39    0.00    -6.40    -5.96    7.38    0.00     9.03
     47     5.82   -9.43    5.62    -8.64    -5.53   -5.92    5.67     6.84
     48     5.53   -7.10    5.62    -6.43    -5.82   -8.25    5.67     9.05
     49     5.96    6.06    0.00    -8.62    -5.67    9.71    0.00     6.80
     50     5.67    8.39    0.00    -6.40    -5.96    7.38    0.00     9.03
     51     5.82   -9.43    5.62    -8.64    -5.53   -5.92    5.67     6.84
     52     5.53   -7.10    5.62    -6.43    -5.82   -8.25    5.67     9.05
     53     5.96    6.06    0.00    -8.62    -5.67    9.71    0.00     6.80
     54     5.67    8.39    0.00    -6.40    -5.96    7.38    0.00     9.03
     55     4.65   -2.56    5.62    -9.03    -4.36    0.95    5.67     7.23
     56     4.36   -0.23    5.62    -6.81    -4.65   -1.38    5.67     9.45
     57     4.79   12.93    0.00    -9.01    -4.50   16.58    0.00     7.19
     58     4.50   15.26    0.00    -6.77    -4.79   14.25    0.00     9.43
     59     4.65   -2.56    5.62    -9.03    -4.36    0.95    5.67     7.23
     60     4.36   -0.23    5.62    -6.81    -4.65   -1.38    5.67     9.45
     61     4.79   12.93    0.00    -9.01    -4.50   16.58    0.00     7.19
     62     4.50   15.26    0.00    -6.77    -4.79   14.25    0.00     9.43
     63     4.65   -2.56    5.62    -9.03    -4.36    0.95    5.67     7.23
     64     4.36   -0.23    5.62    -6.81    -4.65   -1.38    5.67     9.45
     65     4.79   12.93    0.00    -9.01    -4.50   16.58    0.00     7.19
     66     4.50   15.26    0.00    -6.77    -4.79   14.25    0.00     9.43
     67   -24.75  -29.28    0.00    68.66   -14.43  -15.87    0.00    37.96
     68    14.53  -14.49    0.00   -38.82    23.86  -35.39    0.00   -67.20
     69   -30.72  -14.06    0.00    73.42    -8.46   -0.55    0.00    34.11
     70     8.56    0.83    0.00   -34.98    29.83  -20.17    0.00   -71.97
     71     2.81  -51.66   12.48     3.94    -2.17  -46.11   12.59    -8.57
     72     2.17  -46.46   12.48     8.71    -2.81  -51.32   12.59    -3.81
     73     3.12  -17.23    0.00     3.96    -2.48  -11.38    0.00    -8.68
     74     2.48  -12.04    0.00     8.81    -3.12  -16.57    0.00    -3.83
     75     0.21  -36.38   12.48     3.06     0.43  -30.85   12.59    -7.74
     76    -0.43  -31.19   12.48     7.90    -0.21  -36.04   12.59    -2.91
     77     0.52   -1.96    0.00     3.07     0.12    3.89    0.00    -7.86
     78    -0.12    3.23    0.00     8.00    -0.52   -1.30    0.00    -2.93
     79     4.80   17.23    0.00    -8.80    -6.68   19.44    0.00    17.84
     80     6.68   18.18    0.00   -17.41    -4.81   18.49    0.00     9.24
     81    17.54   49.26    0.00   -38.47   -18.93   54.81    0.00    46.78
     82    18.93   49.99    0.00   -45.03   -17.54   54.09    0.00    40.22
     83     5.05   17.35    0.00    -9.91    -6.44   19.32    0.00    16.74
     84     6.44   18.06    0.00   -16.30    -5.05   18.62    0.00    10.35
     85     1.55    7.66    0.00    -1.39    -3.43    9.09    0.00    10.11
     86     3.43    8.60    0.00    -9.94    -1.55    8.15    0.00     1.56
     87     5.74   16.01    1.23   -13.10    -5.74   17.25    1.25    13.54
     88     5.77   19.40    0.00   -13.10    -5.77   20.69    0.00    13.53
     89    18.23   48.37    0.92   -41.75   -18.23   53.17    0.93    43.50
     90    18.25   50.88    0.00   -41.75   -18.25   55.73    0.00    43.49
     91     5.74   16.45    0.92   -13.10    -5.74   17.69    0.93    13.54
     92     5.77   18.96    0.00   -13.10    -5.77   20.25    0.00    13.54
     93     2.49    6.43    1.23    -5.67    -2.49    6.90    1.25     5.83
     94     2.52    9.82    0.00    -5.66    -2.52   10.34    0.00     5.83
     95     5.50   82.07    0.00     6.19   -14.32   41.19    0.00    46.16
     96    14.20   85.42    0.00   -32.19    -5.38   37.83    0.00     7.83
     97     5.37   36.58    0.00    -7.40   -14.19   86.68    0.00    32.62
     98    14.32   39.94    0.00   -45.73    -5.50   83.32    0.00    -5.76
     99    -9.68   59.66    0.00    45.75   -18.73   24.59    0.00    57.67
    100   -12.67   67.26    0.00    48.19   -15.74   32.25    0.00    55.79
    101    18.81   70.22    0.00   -44.66     9.20   11.66    0.00   -31.59
    102    15.82   77.87    0.00   -42.65    12.19   19.28    0.00   -33.89
    103    -9.65   14.13    0.00    32.50   -18.76   70.11    0.00    44.41
    104   -12.64   21.75    0.00    34.81   -15.77   77.76    0.00    42.41
    105    18.78   24.69    0.00   -57.92     9.23   57.19    0.00   -44.84
    106    15.79   32.36    0.00   -56.04    12.22   64.79    0.00   -47.26
    107     4.46   13.75    0.00   -11.01    -4.46   14.63    0.00    11.71
    108     4.46   13.80    0.00   -11.42    -4.46   14.59    0.00    11.30
    109     3.97   13.75    0.00    -7.78    -3.97   14.63    0.00     8.48
    110     3.97   13.80    0.00    -8.19    -3.97   14.59    0.00     8.07
    111    18.34   49.37    0.00   -42.09   -18.34   54.35    0.00    45.33
    112    18.36   49.53    0.00   -43.59   -18.36   54.18    0.00    43.82
    113    18.00   49.37    0.00   -39.66   -18.00   54.35    0.00    42.90
    114    18.01   49.53    0.00   -41.16   -18.01   54.18    0.00    41.40
    115     5.87   17.50    0.00   -13.92    -5.87   18.81    0.00    14.88
    116     5.87   17.56    0.00   -14.45    -5.87   18.75    0.00    14.35
    117     5.87   17.50    0.00   -13.92    -5.87   18.81    0.00    14.88
    118     5.87   17.56    0.00   -14.45    -5.87   18.75    0.00    14.35
    119     5.87   17.50    0.00   -13.92    -5.87   18.81    0.00    14.88
    120     5.87   17.56    0.00   -14.45    -5.87   18.75    0.00    14.35
    121     5.50   17.50    0.00   -11.50    -5.50   18.81    0.00    12.46
    122     5.51   17.56    0.00   -12.03    -5.51   18.75    0.00    11.93
    123     5.50   17.50    0.00   -11.50    -5.50   18.81    0.00    12.46
    124     5.51   17.56    0.00   -12.03    -5.51   18.75    0.00    11.93
    125     5.50   17.50    0.00   -11.50    -5.50   18.81    0.00    12.46
    126     5.51   17.56    0.00   -12.03    -5.51   18.75    0.00    11.93


 DEFLECTIONS:
 ------------

          Lateral Defl
  Load    @ Top Of Col   Vert Defl
   Id     Left   Right   On Rafter
  ----    ----   -----  ---------
    1     -4.8    11.0    -77.1
    2     -6.7     9.2    -77.1
    3     -1.3     2.7    -19.5
    4     -1.8     2.2    -19.5
    5     -1.3     2.7    -19.5
    6     -1.8     2.2    -19.5
    7     -1.3     2.7    -19.5
    8     -1.8     2.2    -19.5
    9     -1.3     2.7    -19.5
   10     -1.8     2.2    -19.5
   11     -1.0     2.0    -14.4
   12     -1.4     1.6    -14.4
   13     -1.3     2.7    -19.5
   14     -1.8     2.2    -19.5
   15     -1.3     2.7    -19.5
   16     -1.8     2.2    -19.5
   17     -1.3     2.7    -19.5
   18     -1.8     2.2    -19.5
   19     26.7    33.9    -34.2
   20    -31.8   -24.6    -34.4
   21     26.1    35.1    -44.4
   22    -33.0   -23.9    -44.6
   23     -4.2     2.6    -31.4
   24      0.7     7.5    -31.4
   25     -4.2     2.6    -31.5
   26      0.8     7.5    -31.5
   27     -5.3     3.7    -43.0
   28     -0.3     8.7    -43.0
   29     -5.3     3.7    -43.1
   30     -0.3     8.7    -43.1
   31     29.2    27.4      9.1
   32     29.2    27.4      9.1
   33     29.2    27.4      9.1
   34    -27.8   -29.6      9.1
   35    -27.8   -29.6      9.1
   36    -27.8   -29.6      9.1
   37     28.5    28.6     -4.4
   38     28.5    28.6     -4.4
   39     28.5    28.6     -4.4
   40    -29.0   -28.9     -4.8
   41    -29.0   -28.9     -4.8
   42    -29.0   -28.9     -4.8
   43     -1.2    -0.9     -0.9
   44      1.7     2.0     -1.2
   45     -1.2    -0.9     -1.0
   46      1.7     2.0     -1.2
   47     -1.2    -0.9     -0.9
   48      1.7     2.0     -1.2
   49     -1.2    -0.9     -1.0
   50      1.7     2.0     -1.2
   51     -1.2    -0.9     -0.9
   52      1.7     2.0     -1.2
   53     -1.2    -0.9     -1.0
   54      1.7     2.0     -1.2
   55     -1.9    -0.2     -7.6
   56      1.1     2.7     -7.6
   57     -1.9    -0.2     -7.7
   58      1.1     2.7     -7.7
   59     -1.9    -0.2     -7.6
   60      1.1     2.7     -7.6
   61     -1.9    -0.2     -7.7
   62      1.1     2.7     -7.7
   63     -1.9    -0.2     -7.6
   64      1.1     2.7     -7.6
   65     -1.9    -0.2     -7.7
   66      1.1     2.7     -7.7
   67     39.8    33.9     29.3
   68    -35.3   -41.1     29.0
   69     39.1    35.6     15.8
   70    -37.0   -40.3     15.6
   71      0.2    -6.2     33.1
   72      6.5     0.1     33.1
   73      0.2    -6.3     33.0
   74      6.5     0.1     33.0
   75     -1.3    -4.7     17.6
   76      5.1     1.6     17.6
   77     -1.3    -4.8     17.5
   78      5.1     1.6     17.5
   79      2.7     6.8    -19.7
   80     -5.9    -1.8    -19.7
   81     -1.4    11.5    -62.9
   82     -8.0     4.9    -62.9
   83      1.6     5.7    -19.7
   84     -4.8    -0.7    -19.7
   85      3.6     5.3     -8.5
   86     -5.0    -3.2     -8.5
   87     -1.6     2.5    -19.7
   88     -1.6     2.5    -19.7
   89     -4.7     8.2    -62.9
   90     -4.7     8.2    -62.9
   91     -1.6     2.5    -19.7
   92     -1.6     2.5    -19.7
   93     -0.7     1.0     -8.5
   94     -0.7     1.0     -8.5
   95     26.4    30.4    -20.4
   96     -8.4    -4.4    -20.4
   97      5.2     9.3    -20.4
   98    -29.5   -25.5    -20.3
   99     46.0    45.2     10.1
  100     45.7    46.1    -10.6
  101    -24.6   -25.4      4.6
  102    -25.4   -25.0     -5.3
  103     25.2    24.4      4.6
  104     24.7    25.1     -5.1
  105    -45.4   -46.2     10.1
  106    -46.3   -45.9    -10.8
  107     -3.0     4.0    -10.5
  108     -3.4     3.6    -10.5
  109      1.1    -0.1    -18.2
  110      0.7    -0.5    -18.2
  111     -5.5    10.5    -59.9
  112     -7.0     9.0    -59.8
  113     -2.4     7.4    -65.6
  114     -3.9     5.9    -65.6
  115     -2.8     4.2    -16.6
  116     -3.4     3.7    -16.6
  117     -2.8     4.2    -16.6
  118     -3.4     3.7    -16.6
  119     -2.8     4.2    -16.6
  120     -3.4     3.7    -16.6
  121      0.2     1.2    -22.3
  122     -0.3     0.6    -22.3
  123      0.2     1.2    -22.3
  124     -0.3     0.6    -22.3
  125      0.2     1.2    -22.3
  126     -0.3     0.6    -22.3


 DEFLECTIONS RATIO:
 ------------------

          Lateral Defl
  Load    @ Top Of Col   Vert Defl
   Id     Left   Right   On Rafter
  ----    ----   -----  ---------
    1     1985     871     259 
    2     1440    1045     259 
    3     7427    3552    1027 
    4     5275    4413    1027 
    5     7427    3552    1027 
    6     5275    4413    1027 
    7     7427    3552    1027 
    8     5275    4413    1027 
    9     7427    3552    1027 
   10     5275    4413    1027 
   11     9845    4859    1390 
   12     6920    6141    1390 
   13     7427    3552    1027 
   14     5275    4413    1027 
   15     7427    3552    1027 
   16     5275    4413    1027 
   17     7427    3552    1027 
   18     5275    4413    1027 
   19      359     283     583 
   20      302     391     580 
   21      368     274     450 
   22      291     402     448 
   23     2310    3670     636 
   24    13202    1280     636 
   25     2309    3702     634 
   26    12402    1275     634 
   27     1826    2578     464 
   28    28831    1110     464 
   29     1825    2594     464 
   30    33641    1106     464 
   31      329     350    2200 
   32      329     350    2200 
   33      329     350    2200 
   34      345     325    2192 
   35      345     325    2192 
   36      345     325    2192 
   37      336     335    4519 
   38      336     335    4519 
   39      336     335    4519 
   40      331     332    4199 
   41      331     332    4199 
   42      331     332    4199 
   43     8103   11199   21188 
   44     5633    4724   17053 
   45     8079   11008   19863 
   46     5586    4718   16193 
   47     8103   11200   21188 
   48     5633    4724   17053 
   49     8079   11008   19863 
   50     5586    4718   16193 
   51     8103   11200   21188 
   52     5633    4724   17053 
   53     8079   11008   19863 
   54     5586    4718   16193 
   55     5197   49248    2616 
   56     9089    3544    2616 
   57     5187   45756    2602 
   58     8969    3540    2602 
   59     5197   49248    2616 
   60     9089    3544    2616 
   61     5187   45756    2602 
   62     8969    3540    2602 
   63     5197   49248    2616 
   64     9089    3544    2616 
   65     5187   45756    2602 
   66     8969    3540    2602 
   67      241     283     682 
   68      272     233     688 
   69      246     269    1264 
   70      260     238    1285 
   71    50287    1551     604 
   72     1482   96046     604 
   73    60927    1536     606 
   74     1470   77583     606 
   75     7377    2026    1133 
   76     1900    5938    1133 
   77     7184    2000    1139 
   78     1881    5845    1139 
   79     3509    1417    1017 
   80     1632    5206    1017 
   81     6662     835     317 
   82     1198    1952     317 
   83     5897    1695    1017 
   84     2012   13036    1017 
   85     2680    1803    2356 
   86     1929    2966    2357 
   87     6108    3897    1017 
   88     6110    3899    1016 
   89     2030    1171     317 
   90     2031    1171     317 
   91     6108    3897    1017 
   92     6110    3899    1016 
   93    13764    9201    2357 
   94    13771    9220    2354 
   95      364     316     982 
   96     1142    2203     981 
   97     1832    1034     981 
   98      325     377     983 
   99      209     212    1989 
  100      210     208    1882 
  101      390     377    4330 
  102      378     385    3741 
  103      381     394    4351 
  104      388     382    3904 
  105      211     208    1983 
  106      207     209    1845 
  107     3175    2385    1895 
  108     2794    2657    1895 
  109     8946   99999    1098 
  110    14526   19760    1098 
  111     1746     917     334 
  112     1371    1071     334 
  113     3961    1299     304 
  114     2443    1632     304 
  115     3393    2264    1205 
  116     2860    2586    1205 
  117     3393    2264    1205 
  118     2860    2586    1205 
  119     3393    2264    1205 
  120     2860    2586    1205 
  121    39406    8233     895 
  122    33850   15036     895 
  123    39406    8233     895 
  124    33850   15036     895 
  125    39406    8233     895 
  126    33850   15036     895 

 MAX DEFLECTION:
 ---------------
                      Load  Deflect  Span/Deflect
    Type                Id     (mm)   Calc  Limit
    ----------------  ----  -------  -----  -----
    Live  Vertical            -57.7   347.   180.
    Total Vertical       1    -77.1   259.   150.
    Horizontal Drift   106    -46.3   208.   100.
    Horizontal Total   106    -46.3   208.   100.

    Horizontal Spring Constant= 0.440 kN/mm

 CRANE/FLOOR DEFLECTION:
 -----------------------
                         Height  Load  Deflect    Span/
    Id       Locate        (mm)    Id     (mm)  Deflect   Limit
    -------  ----------  ------  ----  -------  -------  ------
    Crane1   Left  Col     7500   106    -39.1     192.    100.
    Crane1   Right Col     7500   100     39.0     193.    100.


 P-DELTA - Effective Length:
 -----------------------------
  CONVERGENCE CHECK:
                Max
            Deflect
    Column    Ratio
    ------  -------
    Left     0.0332   
    Right    0.0446   

  MAXIMUM DRIFT CHECK:
           Max_Drift(mm)  Second/
    Load  First   Second   First
     Id    Order   Order   Ratio
    ----  ------  ------  -------
    121      0.9     1.2    1.30
 
================================================================================
 C163-027            Frame  3 - Crane Brackets              17/NOV/2025 12:27pm
================================================================================

 CRANE LAYOUT:
 -------------
   Crane        Span  -Offset(mm)-
     Id   Type   Id    Left  Right
   -----  ----  ----  -----  -----
      1    TG     1    1200   1200

 BRACKET DESIGN:
 --------------
   Crane                   Factored_Shear(kN)  Factored_Moment(kN-m)
     Id   Side   Part       Calc  Limit    UC    Calc  Limit    UC
   -----  -----  --------  -----  -----  ----   -----  -----  ----
      1   Left   W35b228   67.58 190.56  0.35   26.02 133.23  0.20
      1   Right  W35b228   67.58 190.56  0.35   26.02 133.23  0.20
 

 STIFFENER DESIGN:
 -----------------
   Crane                     -Stiffener_Size(mm)-  -----Force(kN)----
     Id   Side   Locate      Width  Thick  Length   Calc  Limit    UC
   -----  -----  ----------  -----  -----  ------  -----  -----  ----
      1   Left   Top Flange   80.0   6.00   572.9 -71.10 158.86  0.45
      1   Left   Bot Flange   80.0   6.00   558.8  71.10 286.15  0.25
      1   Left   Crane Beam  140.0   6.00   589.1   0.00 305.50  0.00
      1   Left   Diagonal    (a)     
      1   Left   Bracket     (a)     
      1   Right  Top Flange   80.0   6.00   572.9 -71.10 158.86  0.45
      1   Right  Bot Flange   80.0   6.00   558.8  71.10 286.15  0.25
      1   Right  Crane Beam  140.0   6.00   589.1   0.00 305.50  0.00
      1   Right  Diagonal    (a)     
      1   Right  Bracket     (a)     

                             (a)Not Required
================================================================================
 C163-027            Frame  3 - Rigid Frame Clearances      17/NOV/2025 12:27pm
================================================================================

 VERTICAL CLEARANCE:
 -------------------
   Location                          Span    X_Coord    Y_Coord
   ------------------------       -------   --------   --------
   Left                              9074        892       9074 
   Right                             9074      19108       9074 
   Midspan                          10086      10000      10086 

 HORIZONTAL CLEARANCE:
 ---------------------
   Location                          Span   X_CoordL   X_CoordR
   ------------------------       -------   --------   --------
   Left  - Right                    18216        892      19108 



 CRANE VERTICAL CLEARANCE:
 -------------------------
   Crane  Location          Clear    X_Coord   Y_Coord
   -----  ----------    ---------   --------  --------
      1   Left               1574        892      9074 

 CRANE HORIZONTAL CLEARANCE:
 ----------------------------
   Crane  Location          Clear    X_Coord   Y_Coord
   -----  ----------    ---------   --------  --------
      1   Left                262        825      7500 
      1   Right               262      19175      7500 
================================================================================
 C163-027            Frame  3 - Weight Summary              17/NOV/2025 12:27pm
================================================================================

                      Total Weight (kg)
                        Frame         =     1279
                        Splice Plate  =      120
                        Base   Plate  =       30
                                        --------
                                            1430
 
================================================================================
 C163-027            Frame  3 - Warning Summary             17/NOV/2025 12:27pm
================================================================================

                   .. No Warnings
