*===============================================================================
*C323-153            Component Design Input                  6/AUG/2025  1:25pm
*===============================================================================
 
*( 1)JOBID:
    'C323-153'
 
*( 2)DESIGN CODE:
*        ---Steel_Code---             ---Build---            Seismic
* Code   Cold       Hot      Country  Code   Year   Label     Zone
  'WS'  'NAUS07  ' 'AISC05'  '    '  'MBMA'  '10'  'MBMA 10 ' 'B  '
 
*( 3)DESIGN CONSTANTS:
* -----------------------Steel_Yield-----------------------  Stress  Strength_Factor
* Web   Flg C_Sec W_Sec R_Sec P_Sec T_Sec U_Sec    EP    BP   Ratio    Wind  Seismic
  345   345   345   345   235   345   317   235   345   345    1.00  1.0000   1.0000
 
*( 4)DEFLECTION LIMITS:
* ---Eave_Extension--   ------Canopy-------   ----Horiz_Beam----- Vert_Facia
* Live   Wind   Total   Live   Wind   Total   Live   Wind   Total    Beam
  180.0  180.0  120.0   180.0  180.0  120.0   180.0  180.0  120.0   120.0
 
*( 5)REPORTS:
* Input  Ext   End  Flange
* Echo   Beam Plate Brace
  'I'    'Y'   'Y'   'Y'
 
*( 6)BUILDING LAYOUT:
*                          -------Left_Endwall------   ------Right_Endwall------
*  Type    Width   Length  Exp  Opt  Offset  Project   Exp  Opt  Offset  Project
  'FF-'    22470    36285  'Y ' 'E'   440.0    230.0   'Y ' 'E'   440.0    230.0
 
*( 7)WALL LAYOUT:
*                          -------Wall-------    Base    Wall
* No. Id  Use     Type Opt    Start    Length    Elev  Offset
   5  1  'LEFT  ' '-'  '-'      0.0   22470.0    0.00    0.00
      2  'FRONT ' '-'  '-'      0.0   36285.0    0.00    0.00
      3  'RIGHT ' '-'  '-'      0.0   22470.0    0.00    0.00
      4  'BACK  ' '-'  '-'      0.0   36285.0    0.00    0.00
      5  'ROOF  ' '-'  '-'      0.0   36285.0    0.00    0.00
 
*( 8)SURFACE SHAPE:
* No.   X_Coord  Y_Coord  Offset  Opt
   4        0.0   8420.0  230.00  '-'
        11235.0   9543.5  150.00  '-'
        22470.0   8420.0  150.00  '-'
        22470.0      0.0  230.00  '-'
 
*( 9)BAY SPACING:
*Wall  ----Offset---   No.   ---Bay_Set---
* Id    Left   Right  Sets     Width  Quan
   1  230.00  230.00    1    11235.0    2
   2  440.00  440.00    6     6200.0    1
                              5990.0    1
                              6145.0    1
                              5700.0    1
                              6000.0    1
                              6250.0    1
   3  230.00  230.00    1    11235.0    2
   4  440.00  440.00    6     6250.0    1
                              6000.0    1
                              5700.0    1
                              6145.0    1
                              5990.0    1
                              6200.0    1
   5  440.00  440.00    6     6200.0    1
                              5990.0    1
                              6145.0    1
                              5700.0    1
                              6000.0    1
                              6250.0    1
 
*(10)WALL COLUMNS:
*Wall                                         ---Flange---          ---Clearance--    Bolt Frame
* Id  No.  Id   Part       Rot  Opt   Height  Width  Thick  Splice    Roof    Wall  Offset   Id
  1    3    1  '--------'  'N'  '-'      0.0   0.00   0.00   '-'      0.00    0.00    0.00    0
            2  'W40b155 '  'N'  '-'   8835.0 150.00   5.00   '-'      0.00    0.00    0.00    0
            3  '--------'  'N'  '-'      0.0   0.00   0.00   '-'      0.00    0.00    0.00    0
  2    7    1  '--------'  'N'  '-'      0.0 150.00   6.00   'H'   1284.98 1238.40    0.00    1
            2  '--------'  'N'  '-'      0.0 150.00   6.00   'H'   1284.98  582.14    0.00    2
            3  '--------'  'N'  '-'      0.0 150.00   6.00   'H'   1284.98  582.14    0.00    2
            4  '--------'  'N'  '-'      0.0 150.00   6.00   'H'   1284.98  582.14    0.00    2
            5  '--------'  'N'  '-'      0.0 150.00   6.00   'H'   1284.98  582.14    0.00    2
            6  '--------'  'N'  '-'      0.0 150.00   6.00   'H'   1284.98  582.14    0.00    2
            7  '--------'  'N'  '-'      0.0 150.00   6.00   'H'   1284.98 1238.40    0.00    1
  3    3    1  '--------'  'N'  '-'      0.0   0.00   0.00   '-'      0.00    0.00    0.00    0
            2  'W40b155 '  'N'  '-'   8835.0 150.00   5.00   '-'      0.00    0.00    0.00    0
            3  '--------'  'N'  '-'      0.0   0.00   0.00   '-'      0.00    0.00    0.00    0
  4    7    1  '--------'  'N'  '-'      0.0 150.00   6.00   'H'   1284.98 1238.40    0.00    1
            2  '--------'  'N'  '-'      0.0 150.00   6.00   'H'   1284.98  582.14    0.00    2
            3  '--------'  'N'  '-'      0.0 150.00   6.00   'H'   1284.98  582.14    0.00    2
            4  '--------'  'N'  '-'      0.0 150.00   6.00   'H'   1284.98  582.14    0.00    2
            5  '--------'  'N'  '-'      0.0 150.00   6.00   'H'   1284.98  582.14    0.00    2
            6  '--------'  'N'  '-'      0.0 150.00   6.00   'H'   1284.98  582.14    0.00    2
            7  '--------'  'N'  '-'      0.0 150.00   6.00   'H'   1284.98 1238.40    0.00    1
 
*(11)WALL RAFTERS:
* Wall             Surf
*  Id   No.  Id     Id   Part      Rotate  Option
    1    2    1      2  '--------'   '-'     '-'
              2      3  '--------'   '-'     '-'
    2    0
    3    2    1      2  '--------'   '-'     '-'
              2      3  '--------'   '-'     '-'
    4    0
 
*(12)PURLIN LOCATION:
*Surf         Peak
* Id  Type   Space  No.  Locate
   2  'ZB'   300.0    8  1373.9   2747.8   4121.6   5495.5   6869.4   8243.3   9617.2
                        10991.0
   3  'ZB'   300.0    8   300.0   1673.9   3047.8   4421.6   5795.5   7169.4   8543.3
                         9917.2
 
*(13)EAVE STRUTS:
*Wall        Bays_With_Bending
* Id   Type  No.  Bay_Id
   2   'ZB'   6   1   2   3   4   5   6
   4   'ZB'   6   1   2   3   4   5   6
 
*(14)SPECIAL GIRT:
* Wall   No.    ---Bay---
*  Id   Sets    Start End   Height Type
    1     0
    2     0
    3     1        1    2   5750.0 'ZB'
    4     0
 
*(15)EXTENSION LAYOUT:
*        Wall                ---Bay---   -Edge_Extend-  End_Option  End_Support Frame
* No. Id  Id  Type Opt Mount Start End    Left   Right  Left Right   Left Right  Opt
   1   1   3  'EC' '-'  'B'    1     2     0.0     0.0  '-'  '-'     '-'   '-'   '-'
 
*(16)EXTENSION SIZE:
*      ----Horizontal_Size---   ---------Vertical_Size--------- --Orient--  ---Support_Column--- ---Concrete---
* Id     Elev   Width   Slope     Elev   Height   Slope Project Beam Panel  Offset   Elev Splice Extend    Elev
   1   5700.0  1800.0   10.00      0.0     0.0     0.00    0.00  '-'  '-'     0.00   0.00   '-'    0.00    0.00
 
*(17)EXTENSION BEAMS:
*     Ext Line                                                   Load  ------Depth------ Splice_Type
*No.   Id  Id   Use       Orn   Part       Type Shape Rot Opt    Width Set   Min    Max  Start   End Bracket
   5    1   1  'ATTACH  ' 'H'  '--------'  'S'   'H'  '-' '-'   5617.5 'N' 200.00   0.00  'SS'  '--'   'N'
        1   1  'ATT_SUPP' 'H'  'W30a155'   'W'   'H'  '-' '-'   5617.5 'N' 200.00   0.00  'SS'  'S3'   'N'
        1   2  'ATTACH  ' 'H'  '--------'  'S'   'H'  '-' '-'  14043.7 'N' 200.00   0.00  'SS'  '--'   'Y'
        1   3  'ATTACH  ' 'H'  '--------'  'S'   'H'  '-' '-'   5617.5 'N' 200.00   0.00  'SS'  '--'   'N'
        1   3  'ATT_SUPP' 'H'  'W30a155'   'W'   'H'  '-' '-'   5617.5 'N' 200.00   0.00  'SS'  'S3'   'N'
 
*(18)EXTENSION PURLINS:
*    Ext
*No.  Id  Use        Type  Rot  Row     Peak   Space   Part       Brace
  1    1 'ROOF    '  'ZB'  'U'    2    300.0     0.0  '250Z25  '   'Y'
 
*(19)EXTENSION EAVE STRUTS:
* Ext
* Id  Type  Rot  Opt  Part
   1  'ZB'  'U'  '-' '250Z18  '
 
*(20)LOAD GROUPS:
*    Group
*No.   Id   Description
   1  '-'  'Standard            '
 
*(21)BASIC LOADS:
*                                                   Deflection
*Group Ext                                   Basic  Load_Ratio
*  Id   Id  Dead  Coll   Live   Snow   Rain   Wind  Snow  Wind
  '-'    1 0.100 0.000  0.570  0.000  0.000  0.554  1.00  1.00
 
*(22)BASIC WIND LOADS:
*              -----Wind_Press-----    ------Wind_Suct-----
*Group Ext     Horz    Vert  Soffit    Horz    Vert  Soffit
*  Id   Id     Beam    Beam    Beam    Beam    Beam    Beam
  '-'    1   -0.926   0.000   0.000   0.479   0.000   0.000
 
*(23)EAVE STRUT BASIC LOADS:
*Group Wall                                   -----Wind----
*  Id   Id  Dead  Coll   Live   Snow   Rain   Press    Suct
  '-'    2 0.100 0.050  0.570  0.000  0.000  -0.926   0.479
  '-'    4 0.100 0.050  0.570  0.000  0.000  -0.926   0.479
 
*(24)LOAD COMBINATIONS - STRENGTH:
*    Load Group                                          Wind  Wind
*No.   Id   Id Dead  Coll  Live  Snow Drift Slide  Rain Press  Suct
  18    1  '-' 1.00  1.00  1.00  0.00  0.00  0.00  0.00  0.00  0.00
        2  '-' 1.00  1.00  0.00  1.00  0.00  0.00  0.00  0.00  0.00
        3  '-' 1.00  1.00  0.00  1.00  1.00  0.00  0.00  0.00  0.00
        4  '-' 1.00  1.00  0.00  1.00  0.00  1.00  0.00  0.00  0.00
        5  '-' 1.00  1.00  0.00  0.00  0.00  0.00  1.00  0.00  0.00
        6  '-' 1.00  1.00  0.00  0.00  0.00  0.00  0.00  0.00  0.00
        7  '-' 1.00  1.00  0.75  0.00  0.00  0.00  0.00  0.75  0.00
        8  '-' 1.00  1.00  0.75  0.00  0.00  0.00  0.00  0.00  0.75
        9  '-' 1.00  1.00  0.00  0.75  0.00  0.00  0.00  0.75  0.00
       10  '-' 1.00  1.00  0.00  0.75  0.00  0.00  0.00  0.00  0.75
       11  '-' 1.00  1.00  0.00  0.75  0.75  0.00  0.00  0.75  0.00
       12  '-' 1.00  1.00  0.00  0.75  0.75  0.00  0.00  0.00  0.75
       13  '-' 1.00  1.00  0.00  0.75  0.00  0.75  0.00  0.75  0.00
       14  '-' 1.00  1.00  0.00  0.75  0.00  0.75  0.00  0.00  0.75
       15  '-' 1.00  1.00  0.00  0.00  0.00  0.00  0.75  0.75  0.00
       16  '-' 1.00  1.00  0.00  0.00  0.00  0.00  0.75  0.00  0.75
       17  '-' 0.60  0.00  0.00  0.00  0.00  0.00  0.00  1.00  0.00
       18  '-' 0.60  0.00  0.00  0.00  0.00  0.00  0.00  0.00  1.00
 
*(25)LOAD COMBINATIONS - DEFLECTION:
*    Load Group                                          Wind  Wind
*No.   Id   Id Dead  Coll  Live  Snow Drift Slide  Rain Press  Suct
   0
 
*(26)ADDITIONAL LOADS:
*    Add  Group Ext  Basic    Load       Fx       Fy        Dx       Dy  .. Conc
*No.  Id    Id   Id  Load     Type       W1       W2        D1       D2  .. Dist
  0
 
*(27)DESIGN CODE OPTIONS:
*No.   Event                         Condition
  0
 
*(28)DESIGN PLATES:
*    Ext                    End  --Plate_Size--  -------Bolt------
*No.  Id  Line   Use        Loc   Width   Thick     Dia   Gage Row
  0
 
* Code files used:
*   MBMA.10N
*   COMPMBMA.10N Version 4.0
================================================================================
 C323-153            Extension Design Code                   6/AUG/2025  1:27pm
================================================================================

    STRUCTURAL CODE:
    ----------------
      Design Basis      : WS - Working Stress
      Hot  Rolled Steel : AISC05
      Cold Formed Steel : NAUS07

    BUILDING CODE:
    --------------
      Wind Code         : MBMA 10 
      Seismic Zone      : B 

    MODULUS OF ELASTICITY:
    ----------------------
      Hot  Rolled Steel : 199955 (MN/m2)
      Cold Rolled Steel : 203403 (MN/m2)


================================================================================
 C323-153            Canopy  1                               6/AUG/2025  1:27pm
================================================================================


 EXTENSION LAYOUT:
 -----------------
          Wall  --Bay_Id-  ---Horizontal_Size---   ----Vertical_Size---        
  Id Type  Id   Start End  Height   Width  Slope    Elev  Height  Slope        
  -- ---- ----  ----- ---  ------  ------  -----   -----  ------  -----        
   1  EC    3     1    2   5700.0  1800.0  10.00     0.0     0.0   0.00        

 BEAM SIZE:
 ----------
          Line                      -Web_Depth-   Web Flange Flange_Thick         ----Max_Load----
  Id       Id  Use     Orn Part     Start   End Thick  Width   Top Bottom  Weight  Id   UC Report
  ------- ---- ------  --- -------- ----- ----- ----- ------ ----- ------  ------ --- ---- -------
  Beam1     1  ATTACH   H  BuiltUp  371.0 191.0  4.00  125.0  5.00   5.00    33.7   8 0.13 Moment 
  Beam2     1  ATT_SUPP H  W30a155  300.0 300.0  4.00  150.0  5.00   5.00   123.2   8 0.48 Mom+Axl
  Beam3     2  ATTACH   H  BuiltUp  371.0 191.0  4.00  125.0  5.00   5.00    33.7   8 0.32 Moment 
  Beam4     3  ATTACH   H  BuiltUp  371.0 191.0  4.00  125.0  5.00   5.00    33.7   8 0.13 Moment 
  Beam5     3  ATT_SUPP H  W30a155  300.0 300.0  4.00  150.0  5.00   5.00   123.2   8 0.48 Mom+Axl

 DESIGN PROPERTIES:
 ------------------
                                  ---Top_Flange---  --Bottom_Flange-
             Load   Major  Minor  Minor  Mom1       Minor  Mom1       ----KL/R---
   Id       Width      KL  Axial   Bend /Mom2   Cb   Bend /Mom2   Cb  Major Minor
   -------  -----  ------  -----  ----- ----- ----  ----- ----- ----  ----- -----
   Beam1   5617.5  3618.0  754.5  754.5  1.00 1.00  754.5  1.00 1.00     24    30
   Beam2   5617.5  5810.0 5810.0 5810.0  1.00 1.00 5810.0  1.00 1.00     45   179
   Beam3  14043.7  3618.0  754.5  754.5  1.00 1.00  754.5  1.00 1.00     24    30
   Beam4   5617.5  3618.0  754.5  754.5  1.00 1.00  754.5  1.00 1.00     24    30
   Beam5   5617.5  5810.0 5810.0 5810.0  1.00 1.00 5810.0  1.00 1.00     45   179

 PLATE LIMITS:
 -------------
            -----Web----  -----Flange----
             Depth/Thick  Width/(2xThick)
   Id        Calc  Limit    Calc  Limit
   -------  -----  -----   -----  -----
  Beam1      92.8  180.0    12.5   16.5
  Beam2      75.0  180.0    15.0   16.5
  Beam3      92.8  180.0    12.5   16.5
  Beam4      92.8  180.0    12.5   16.5
  Beam5      75.0  180.0    15.0   16.5

 STRENGTH:              
 ---------
                --Axial(kN)-  --Shear(kN)-  -----Moment(kN-m)-----  Axial+  Shear+
          Load                                         Top     Bot  Moment  Moment   Max
  Id       Id    Calc  Limit   Calc  Limit    Calc   Limit   Limit      UC      UC    UC
  ------- ----  ----- ------  ----- ------  ------  ------  ------  ------  ------  ----
  Beam1     1   -0.71 565.01   7.08  96.12    6.39   76.99   64.60    0.10    0.00  0.10 
  Beam1     2   -0.13 565.01   1.34  96.12    1.20   76.99   64.60    0.02    0.00  0.02 
  Beam1     3   -0.13 565.01   1.34  96.12    1.20   76.99   64.60    0.02    0.00  0.02 
  Beam1     4   -0.13 565.01   1.34  96.12    1.20   76.99   64.60    0.02    0.00  0.02 
  Beam1     5   -0.13 565.01   1.34  96.12    1.20   76.99   64.60    0.02    0.00  0.02 
  Beam1     6   -0.13 565.01   1.34  96.12    1.20   76.99   64.60    0.02    0.00  0.02 
  Beam1     7   -0.56 565.01  -1.42  96.12   -1.30   64.60   76.99    0.02    0.00  0.02 
  Beam1     8   -0.56 565.01   9.30  96.12    8.40   76.99   64.60    0.13    0.00  0.13 
  Beam1     9   -0.13 565.01  -5.72  96.12   -5.19   64.60   76.99    0.08    0.00  0.08 
  Beam1    10   -0.13 565.01   5.00  96.12    4.50   76.99   64.60    0.07    0.00  0.07 
  Beam1    11   -0.13 565.01  -5.72  96.12   -5.19   64.60   76.99    0.08    0.00  0.08 
  Beam1    12   -0.13 565.01   5.00  96.12    4.50   76.99   64.60    0.07    0.00  0.07 
  Beam1    13   -0.13 565.01  -5.72  96.12   -5.19   64.60   76.99    0.08    0.00  0.08 
  Beam1    14   -0.13 565.01   5.00  96.12    4.50   76.99   64.60    0.07    0.00  0.07 
  Beam1    15   -0.13 565.01  -5.72  96.12   -5.19   64.60   76.99    0.08    0.00  0.08 
  Beam1    16   -0.13 565.01   5.00  96.12    4.50   76.99   64.60    0.07    0.00  0.07 
  Beam1    17   -0.08 565.01  -8.61  96.12   -7.80   64.60   76.99    0.12    0.00  0.12 
  Beam1    18   -0.08 565.01   5.68  96.12    5.13   76.99   64.60    0.08    0.00  0.08 
  Beam2     1    0.00  86.51   1.10 119.61    6.39   65.86   17.63    0.36    0.00  0.36 
  Beam2     2    0.00  86.51   0.21 119.61    1.20   65.86   17.63    0.07    0.00  0.07 
  Beam2     3    0.00  86.51   0.21 119.61    1.20   65.86   17.63    0.07    0.00  0.07 
  Beam2     4    0.00  86.51   0.21 119.61    1.20   65.86   17.63    0.07    0.00  0.07 
  Beam2     5    0.00  86.51   0.21 119.61    1.20   65.86   17.63    0.07    0.00  0.07 
  Beam2     6    0.00  86.51   0.21 119.61    1.20   65.86   17.63    0.07    0.00  0.07 
  Beam2     7    0.00  86.51  -0.22 119.61   -1.30   17.63   65.86    0.07    0.00  0.07 
  Beam2     8    0.00  86.51   1.45 119.61    8.40   65.86   17.63    0.48    0.00  0.48 
  Beam2     9    0.00  86.51  -0.89 119.61   -5.19   17.63   65.86    0.29    0.00  0.29 
  Beam2    10    0.00  86.51   0.78 119.61    4.50   65.86   17.63    0.26    0.00  0.26 
  Beam2    11    0.00  86.51  -0.89 119.61   -5.19   17.63   65.86    0.29    0.00  0.29 
  Beam2    12    0.00  86.51   0.78 119.61    4.50   65.86   17.63    0.26    0.00  0.26 
  Beam2    13    0.00  86.51  -0.89 119.61   -5.19   17.63   65.86    0.29    0.00  0.29 
  Beam2    14    0.00  86.51   0.78 119.61    4.50   65.86   17.63    0.26    0.00  0.26 
  Beam2    15    0.00  86.51  -0.89 119.61   -5.19   17.63   65.86    0.29    0.00  0.29 
  Beam2    16    0.00  86.51   0.78 119.61    4.50   65.86   17.63    0.26    0.00  0.26 
  Beam2    17    0.00  86.51  -1.34 119.61   -7.80   17.63   65.86    0.44    0.00  0.44 
  Beam2    18    0.00  86.51   0.88 119.61    5.13   65.86   17.63    0.29    0.00  0.29 
  Beam3     1   -1.72 565.01  17.21  96.12   15.55   76.99   64.60    0.24    0.00  0.24 
  Beam3     2   -0.29 565.01   2.86  96.12    2.57   76.99   64.60    0.04    0.00  0.04 
  Beam3     3   -0.29 565.01   2.86  96.12    2.57   76.99   64.60    0.04    0.00  0.04 
  Beam3     4   -0.29 565.01   2.86  96.12    2.57   76.99   64.60    0.04    0.00  0.04 
  Beam3     5   -0.29 565.01   2.86  96.12    2.57   76.99   64.60    0.04    0.00  0.04 
  Beam3     6   -0.29 565.01   2.86  96.12    2.57   76.99   64.60    0.04    0.00  0.04 
  Beam3     7   -1.36 565.01  -4.04  96.12   -3.67   64.60   76.99    0.05    0.00  0.05 
  Beam3     8   -1.36 565.01  22.76  96.12   20.57   76.99   64.60    0.32    0.00  0.32 
  Beam3     9   -0.29 565.01 -14.80  96.12  -13.40   64.60   76.99    0.21    0.00  0.21 
  Beam3    10   -0.29 565.01  12.00  96.12   10.83   76.99   64.60    0.17    0.00  0.17 
  Beam3    11   -0.29 565.01 -14.80  96.12  -13.40   64.60   76.99    0.21    0.00  0.21 
  Beam3    12   -0.29 565.01  12.00  96.12   10.83   76.99   64.60    0.17    0.00  0.17 
  Beam3    13   -0.29 565.01 -14.80  96.12  -13.40   64.60   76.99    0.21    0.00  0.21 
  Beam3    14   -0.29 565.01  12.00  96.12   10.83   76.99   64.60    0.17    0.00  0.17 
  Beam3    15   -0.29 565.01 -14.80  96.12  -13.40   64.60   76.99    0.21    0.00  0.21 
  Beam3    16   -0.29 565.01  12.00  96.12   10.83   76.99   64.60    0.17    0.00  0.17 
  Beam3    17   -0.17 565.01 -21.83  96.12  -19.75   64.60   76.99    0.31    0.00  0.31 
  Beam3    18   -0.17 565.01  13.90  96.12   12.56   76.99   64.60    0.19    0.00  0.19 
  Beam4     1   -0.71 565.01   7.08  96.12    6.39   76.99   64.60    0.10    0.00  0.10 
  Beam4     2   -0.13 565.01   1.34  96.12    1.20   76.99   64.60    0.02    0.00  0.02 
  Beam4     3   -0.13 565.01   1.34  96.12    1.20   76.99   64.60    0.02    0.00  0.02 
  Beam4     4   -0.13 565.01   1.34  96.12    1.20   76.99   64.60    0.02    0.00  0.02 
  Beam4     5   -0.13 565.01   1.34  96.12    1.20   76.99   64.60    0.02    0.00  0.02 
  Beam4     6   -0.13 565.01   1.34  96.12    1.20   76.99   64.60    0.02    0.00  0.02 
  Beam4     7   -0.56 565.01  -1.42  96.12   -1.30   64.60   76.99    0.02    0.00  0.02 
  Beam4     8   -0.56 565.01   9.30  96.12    8.40   76.99   64.60    0.13    0.00  0.13 
  Beam4     9   -0.13 565.01  -5.72  96.12   -5.19   64.60   76.99    0.08    0.00  0.08 
  Beam4    10   -0.13 565.01   5.00  96.12    4.50   76.99   64.60    0.07    0.00  0.07 
  Beam4    11   -0.13 565.01  -5.72  96.12   -5.19   64.60   76.99    0.08    0.00  0.08 
  Beam4    12   -0.13 565.01   5.00  96.12    4.50   76.99   64.60    0.07    0.00  0.07 
  Beam4    13   -0.13 565.01  -5.72  96.12   -5.19   64.60   76.99    0.08    0.00  0.08 
  Beam4    14   -0.13 565.01   5.00  96.12    4.50   76.99   64.60    0.07    0.00  0.07 
  Beam4    15   -0.13 565.01  -5.72  96.12   -5.19   64.60   76.99    0.08    0.00  0.08 
  Beam4    16   -0.13 565.01   5.00  96.12    4.50   76.99   64.60    0.07    0.00  0.07 
  Beam4    17   -0.08 565.01  -8.61  96.12   -7.80   64.60   76.99    0.12    0.00  0.12 
  Beam4    18   -0.08 565.01   5.68  96.12    5.13   76.99   64.60    0.08    0.00  0.08 
  Beam5     1    0.00  86.51   1.10 119.61    6.39   65.86   17.63    0.36    0.00  0.36 
  Beam5     2    0.00  86.51   0.21 119.61    1.20   65.86   17.63    0.07    0.00  0.07 
  Beam5     3    0.00  86.51   0.21 119.61    1.20   65.86   17.63    0.07    0.00  0.07 
  Beam5     4    0.00  86.51   0.21 119.61    1.20   65.86   17.63    0.07    0.00  0.07 
  Beam5     5    0.00  86.51   0.21 119.61    1.20   65.86   17.63    0.07    0.00  0.07 
  Beam5     6    0.00  86.51   0.21 119.61    1.20   65.86   17.63    0.07    0.00  0.07 
  Beam5     7    0.00  86.51  -0.22 119.61   -1.30   17.63   65.86    0.07    0.00  0.07 
  Beam5     8    0.00  86.51   1.45 119.61    8.40   65.86   17.63    0.48    0.00  0.48 
  Beam5     9    0.00  86.51  -0.89 119.61   -5.19   17.63   65.86    0.29    0.00  0.29 
  Beam5    10    0.00  86.51   0.78 119.61    4.50   65.86   17.63    0.26    0.00  0.26 
  Beam5    11    0.00  86.51  -0.89 119.61   -5.19   17.63   65.86    0.29    0.00  0.29 
  Beam5    12    0.00  86.51   0.78 119.61    4.50   65.86   17.63    0.26    0.00  0.26 
  Beam5    13    0.00  86.51  -0.89 119.61   -5.19   17.63   65.86    0.29    0.00  0.29 
  Beam5    14    0.00  86.51   0.78 119.61    4.50   65.86   17.63    0.26    0.00  0.26 
  Beam5    15    0.00  86.51  -0.89 119.61   -5.19   17.63   65.86    0.29    0.00  0.29 
  Beam5    16    0.00  86.51   0.78 119.61    4.50   65.86   17.63    0.26    0.00  0.26 
  Beam5    17    0.00  86.51  -1.34 119.61   -7.80   17.63   65.86    0.44    0.00  0.44 
  Beam5    18    0.00  86.51   0.88 119.61    5.13   65.86   17.63    0.29    0.00  0.29 

 DEFLECTION:             
 -----------
          Load  --Deflection(mm)--
  Id       Id     Calc  Limit   UC
  ------- ----  ------ ------ ----
  Beam1     1     -0.6   15.0 0.04 
  Beam1     2     -0.2   15.0 0.01 
  Beam1     3     -0.2   15.0 0.01 
  Beam1     4     -0.2   15.0 0.01 
  Beam1     5     -0.2   15.0 0.01 
  Beam1     6     -0.2   15.0 0.01 
  Beam1     7      0.1   15.0 0.00 
  Beam1     8     -0.8   15.0 0.06 
  Beam1     9      0.4   15.0 0.03 
  Beam1    10     -0.5   15.0 0.03 
  Beam1    11      0.4   15.0 0.03 
  Beam1    12     -0.5   15.0 0.03 
  Beam1    13      0.4   15.0 0.03 
  Beam1    14     -0.5   15.0 0.03 
  Beam1    15      0.4   15.0 0.03 
  Beam1    16     -0.5   15.0 0.03 
  Beam1    17      0.6   10.0 0.06 
  Beam1    18     -0.5   10.0 0.05 
  Beam2     1      1.6   15.0 0.11 
  Beam2     2      0.3   15.0 0.02 
  Beam2     3      0.3   15.0 0.02 
  Beam2     4      0.3   15.0 0.02 
  Beam2     5      0.3   15.0 0.02 
  Beam2     6      0.3   15.0 0.02 
  Beam2     7      0.3   15.0 0.02 
  Beam2     8      2.1   15.0 0.14 
  Beam2     9      1.3   15.0 0.09 
  Beam2    10      1.1   15.0 0.07 
  Beam2    11      1.3   15.0 0.09 
  Beam2    12      1.1   15.0 0.07 
  Beam2    13      1.3   15.0 0.09 
  Beam2    14      1.1   15.0 0.07 
  Beam2    15      1.3   15.0 0.09 
  Beam2    16      1.1   15.0 0.07 
  Beam2    17      1.9   10.0 0.19 
  Beam2    18      1.3   10.0 0.13 
  Beam3     1     -1.5   15.0 0.10 
  Beam3     2     -0.3   15.0 0.02 
  Beam3     3     -0.3   15.0 0.02 
  Beam3     4     -0.3   15.0 0.02 
  Beam3     5     -0.3   15.0 0.02 
  Beam3     6     -0.3   15.0 0.02 
  Beam3     7      0.3   15.0 0.02 
  Beam3     8     -2.0   15.0 0.13 
  Beam3     9      1.2   15.0 0.08 
  Beam3    10     -1.1   15.0 0.07 
  Beam3    11      1.2   15.0 0.08 
  Beam3    12     -1.1   15.0 0.07 
  Beam3    13      1.2   15.0 0.08 
  Beam3    14     -1.1   15.0 0.07 
  Beam3    15      1.2   15.0 0.08 
  Beam3    16     -1.1   15.0 0.07 
  Beam3    17      1.8   10.0 0.18 
  Beam3    18     -1.2   10.0 0.12 
  Beam4     1     -0.6   15.0 0.04 
  Beam4     2     -0.2   15.0 0.01 
  Beam4     3     -0.2   15.0 0.01 
  Beam4     4     -0.2   15.0 0.01 
  Beam4     5     -0.2   15.0 0.01 
  Beam4     6     -0.2   15.0 0.01 
  Beam4     7      0.1   15.0 0.00 
  Beam4     8     -0.8   15.0 0.06 
  Beam4     9      0.4   15.0 0.03 
  Beam4    10     -0.5   15.0 0.03 
  Beam4    11      0.4   15.0 0.03 
  Beam4    12     -0.5   15.0 0.03 
  Beam4    13      0.4   15.0 0.03 
  Beam4    14     -0.5   15.0 0.03 
  Beam4    15      0.4   15.0 0.03 
  Beam4    16     -0.5   15.0 0.03 
  Beam4    17      0.6   10.0 0.06 
  Beam4    18     -0.5   10.0 0.05 
  Beam5     1      1.6   15.0 0.11 
  Beam5     2      0.3   15.0 0.02 
  Beam5     3      0.3   15.0 0.02 
  Beam5     4      0.3   15.0 0.02 
  Beam5     5      0.3   15.0 0.02 
  Beam5     6      0.3   15.0 0.02 
  Beam5     7      0.3   15.0 0.02 
  Beam5     8      2.1   15.0 0.14 
  Beam5     9      1.3   15.0 0.09 
  Beam5    10      1.1   15.0 0.07 
  Beam5    11      1.3   15.0 0.09 
  Beam5    12      1.1   15.0 0.07 
  Beam5    13      1.3   15.0 0.09 
  Beam5    14      1.1   15.0 0.07 
  Beam5    15      1.3   15.0 0.09 
  Beam5    16      1.1   15.0 0.07 
  Beam5    17      1.9   10.0 0.19 
  Beam5    18      1.3   10.0 0.13 

 DESIGN CONSTANTS:
 -----------------
  Base Plate Yield     = 345.0 (MN/m2)
  End  Plate Yield     =2378.8 (MN/m2)
  Concrete Bearing     =   7.6 (MN/m2)                                    

 CONNECTION LAYOUT:
 ------------------
          --Splice--  -----Plate(mm)-----  -----------------Bolt(mm)---------------    Req   Req
  Id      Loc   Type   Width Length Thick  Type    Dia Row1 Space1 Row2 Space2 Gage  Thick   Dia
  ------- ----  ----  ------ ------ -----  ----- ----- ---- ------ ---- ------ ----  ----- -----
  Beam1   Start  SS      200    0.0 16.00  Gr8.8 20.00   2   100.0   2   100.0  100  14.36  4.85
  Beam2   Start  SS      200    0.0 16.00  Gr8.8 20.00   2   100.0   2   100.0  100  14.37  5.39
  Beam2   End    S3      150    0.0 10.00  Gr8.8 16.00   2   100.0   2    75.0 75.0   0.03  1.69
  Beam3   Start  SS      200    0.0 16.00  Gr8.8 20.00   2   100.0   2   100.0  100  14.95  7.60
  Beam4   Start  SS      200    0.0 16.00  Gr8.8 20.00   2   100.0   2   100.0  100  14.36  4.85
  Beam5   Start  SS      200    0.0 16.00  Gr8.8 20.00   2   100.0   2   100.0  100  14.37  5.39
  Beam5   End    S3      150    0.0 10.00  Gr8.8 16.00   2   100.0   2    75.0 75.0   0.03  1.69

                 S3 - Welded End Plate

 MOMENT CONNECTION REACTIONS:
 ----------------------------
          --Splice--  ------Top(kN,kN-m)------  ------Bot(kN,kN-m)------
  Id      Loc   Type  Load Axial  Shear Moment  Load Axial  Shear Moment
  ------- ----- ----  ---- -----  ----- ------  ---- -----  ----- ------
  Beam1   Start  SS     8  -0.56   9.30   8.40   17  -0.08  -8.61  -7.80
  Beam2   Start  SS     8   0.00   9.30   8.40   17   0.00  -8.61  -7.80
  Beam3   Start  SS     8  -1.36  22.76  20.57   17  -0.17 -21.83 -19.75
  Beam4   Start  SS     8  -0.56   9.30   8.40   17  -0.08  -8.61  -7.80
  Beam5   Start  SS     8   0.00   9.30   8.40   17   0.00  -8.61  -7.80

 SHEAR CONNECTION REACTIONS:
 ---------------------------
          --Splice--  --Max_Comp(kN)--  --Max_Tens(kN)--  --Max_Shear(kN)- Max_Shear+Tens(kN)
  Id      Loc   Type  Load Axial Shear  Load Axial Shear  Load Axial Shear  Load Axial Shear
  ------- ----- ----  ---- ----- -----  ---- ----- -----  ---- ----- -----  ---- ----- -----
  Beam2   End    S3    18   0.00  0.88   18   0.00  0.88    8   0.00  1.45    8   0.00  1.45    
  Beam5   End    S3    18   0.00  0.88   18   0.00  0.88    8   0.00  1.45    8   0.00  1.45    

 WELDS:
 ------
                 -Out_Flange_To_Plate-   --In_Flange_To_Plate-   -----Web_To_Plate----
                           Shear(kN/mm)            Shear(kN/mm)            Shear(kN/mm)
  Id      Loc     Size Typ  Calc Limit    Size Typ  Calc Limit    Size Typ  Calc Limit
  ------- -----  ----- --- ----- -----   ----- --- ----- -----   ----- --- ----- -----
  Beam1   Start   4.00  F2 0.065 0.410    4.00  F2 0.061 0.410    4.00  F1 0.025 0.410
  Beam2   Start   4.00  F2 0.074 0.410    4.00  F2 0.069 0.410    4.00  F1 0.031 0.410
  Beam2   End     4.00  F1 0.000 0.410    4.00  F1 0.000 0.410    4.00  F1 0.005 0.410
  Beam3   Start   4.00  F2 0.160 0.410    4.00  F2 0.154 0.410    4.00  F1 0.061 0.410
  Beam4   Start   4.00  F2 0.065 0.410    4.00  F2 0.061 0.410    4.00  F1 0.025 0.410
  Beam5   Start   4.00  F2 0.074 0.410    4.00  F2 0.069 0.410    4.00  F1 0.031 0.410
  Beam5   End     4.00  F1 0.000 0.410    4.00  F1 0.000 0.410    4.00  F1 0.005 0.410

 WEB TO FLANGE WELD:
 -------------------
                                        ----Web_To_Flange----
            Load  Shear      Q     Ixx            Shear(kN/mm)
  Id         Id    (kN)  (cm3)   (cm4)   Size Typ  Calc Limit
  --------  ----  -----  -----  ------  ----- --- ----- -----
  Beam1      18     9.3    118    6120   4.00 F1  0.018 0.410
  Beam2      18     1.4     94    4389   4.00 F1  0.003 0.410
  Beam3      18    22.8    118    6120   4.00 F1  0.044 0.410
  Beam4      18     9.3    118    6120   4.00 F1  0.018 0.410
  Beam5      18     1.4     94    4389   4.00 F1  0.003 0.410
 
 
================================================================================
 C323-153            Load Combinations                       6/AUG/2025  1:27pm
================================================================================


 LOAD COMBINATIONS:
 ------------------
  Strength       
     1   Dead+Collateral+Live
     2   Dead+Collateral+Snow
     3   Dead+Collateral+Snow+Snow_Drift
     4   Dead+Collateral+Snow+Slide_Snow
     5   Dead+Collateral+Rain
     6   Dead+Collateral
     7   Dead+Collateral+0.75Live+0.75Wind_Pressure
     8   Dead+Collateral+0.75Live+0.75Wind_Suction
     9   Dead+Collateral+0.75Snow+0.75Wind_Pressure
    10   Dead+Collateral+0.75Snow+0.75Wind_Suction
    11   Dead+Collateral+0.75Snow+0.75Wind_Pressure+0.75Snow_Drift
    12   Dead+Collateral+0.75Snow+0.75Wind_Suction+0.75Snow_Drift
    13   Dead+Collateral+0.75Snow+0.75Wind_Pressure+0.75Slide_Snow
    14   Dead+Collateral+0.75Snow+0.75Wind_Suction+0.75Slide_Snow
    15   Dead+Collateral+0.75Wind_Pressure+0.75Rain
    16   Dead+Collateral+0.75Wind_Suction+0.75Rain
    17   0.6Dead+Wind_Pressure
    18   0.6Dead+Wind_Suction
  
  Deflection     
     1   Dead+Collateral+Live
     2   Dead+Collateral+Snow
     3   Dead+Collateral+Snow+Snow_Drift
     4   Dead+Collateral+Snow+Slide_Snow
     5   Dead+Collateral+Rain
     6   Dead+Collateral
     7   Dead+Collateral+0.75Live+0.75Wind_Pressure
     8   Dead+Collateral+0.75Live+0.75Wind_Suction
     9   Dead+Collateral+0.75Snow+0.75Wind_Pressure
    10   Dead+Collateral+0.75Snow+0.75Wind_Suction
    11   Dead+Collateral+0.75Snow+0.75Wind_Pressure+0.75Snow_Drift
    12   Dead+Collateral+0.75Snow+0.75Wind_Suction+0.75Snow_Drift
    13   Dead+Collateral+0.75Snow+0.75Wind_Pressure+0.75Slide_Snow
    14   Dead+Collateral+0.75Snow+0.75Wind_Suction+0.75Slide_Snow
    15   Dead+Collateral+0.75Wind_Pressure+0.75Rain
    16   Dead+Collateral+0.75Wind_Suction+0.75Rain
    17   0.6Dead+Wind_Pressure
    18   0.6Dead+Wind_Suction
  

================================================================================
 C323-153            Weight Summary                          6/AUG/2025  1:27pm
================================================================================


              EXTENSION  1
                                            Weight
                 Description                  (kg)
                 -----------             ---------
                 Beam                  =    347.56
                                         ----------
                 Total                 =    347.56


================================================================================
 C323-153            Warning Report                          6/AUG/2025  1:27pm
================================================================================

                   .. No Warnings
