*===============================================================================
*C323-153            Endwall Design Input                    6/AUG/2025  1:24pm
*===============================================================================
 
*( 1)JOBID:
    'C323-153'
 
*( 2)PROGRAM OPTIONS:
* -Wall-   Run    Run  Run   Run
* Loc Id  Col/Raf Girt Brace Panel
  'R'  3    'Y'    'Y'  'N'   'Y'
 
*( 3)DESIGN CODE:
*Design  ---Steel_Code---             ---Build---   Code     Seismic
* Code   Cold       Hot      Country  Code   Year   Label     Zone
  'WS'  'NAUS07  ' 'AISC05'  '    '  'MBMA'  '10'  'MBMA 10 ' 'B  '
 
*( 4)DESIGN CONSTANTS:
*                     ---Strength_Factors--
* ---Stress_Ratio---          ---Seismic---
* Col/Raf Girt Panel    Wind   Frame  Brace
    1.00  1.00  1.00  1.0000  1.0000 1.0000
 
*( 5)STEEL YIELDS:
* Web   Flg  C_Sec  W_Sec  R_Sec  P_Sec  T_Sec  U_Sec    EP     BP
  345   345    345    345    235    345    317    235   345    345
 
*( 6)DEFLECTION LIMITS:
* -----Rafter-----          ---Girt---  --Panel---
* Live  Wind Total  Column  Wall Facia  Wall Facia  Brace
  180.  150.    0.   120.    90.  120.   90.  120.    60.
 
*( 7)REPORTS:
*   Input  Column  Wall  Door  Wall   Cable
*   Echo   Rafter  Girt  Jamb  Panel  Brace
    'Y'     'Y'    'Y'   'Y'    'Y'    'Y'
 
*( 8)BUILDING LAYOUT:
*                               ---------------Expand_EW---------------
* Type      Width     Length    Use Opt  Extend Offset Flange LoadWidth
 'FF-'    22470.0    36285.0   'Y ' 'E'    0.00 440.00 150.00   3345.0
 
*( 9)WALL LAYOUT:
* Id  Use     Type Opt     Start   Length
   3 'RIGHT '  '-' '-'       0.0  22470.0
 
*(10)SURFACE SHAPE:
* No.    X_Coord  Y_Coord  Offset  Opt
   4         0.0   8420.0  200.00  '-'
         11235.0   9543.5  150.00  '-'
         22470.0   8420.0  150.00  '-'
         22470.0      0.0  200.00  '-'
 
 
*(11)BAY SPACING:
* No.   ---Bay_Set---
*Sets     Width  Quan
   1    11235.0    2
 
*(12)ROOF & SIDEWALL BAY:
* --Roof_Bay--   Frame    Left_SW_Bay   Right_SW_Bay
* No.    Width  Recess     Width Open     Width Open
   6    6250.0   440.0    6250.0  'N'    6250.0  'N'
 
*(13)WALL OPENINGS:
*         ----Bay---                            Sill   Base    Set  Panel  JambL/JambR/Header/Sill
*No.  Id  Id  Offset  Type    Width   Height  Height   Elev  Depth   Opt    Type    Part
  1    1   1  3368.0   51    4500.0   4500.0     0.0   0.00   0.00   'Y'    'C '   '--------'
                                                                            'C '   '--------'
                                                                            'C '   '--------'
                                                                            'C '   '--------'
 
*(14)WIDE OPENING LAYOUT:
*----Open--- Bay_Id  --Clear_Opening--   Wedge     Stub    Column  Total
*No. Id Type St End  Width      Height   Height    Elev     Mount  Weight
 0
 
*(15)WIDE OPENING & STRUT FRAMING:
*-Open- ------Door_Jamb------ Stub   Head Back_Brace Strut -Header_Beam- Deflection
*No. Id Type   FlgWid  FlgThk Type   Type Type  Loc  Type  Type Max_Spc  Horz  Vert
 0
 
*(16)WIDE OPENING HEADER LOCATION:
*-Open-    No.        Column
*No. Id    Location   Location
 0
 
*(17)PARTIAL WALLS:
*                --Bay_Id-  ----Offset----          Jamb Base  Top Full_Load  ------Panel------  Deflect_Limit
*No. Id  Use Opt Start End   Start     End   Height Type Type Type Girt  Col  Part      Opt Rot   Girt   Panel
  1   3  'P' 'O'    1    2     0.0     0.0   2500.0  '-'  '-'  '-'  'N'  'Y' '--------' '-' '-'   90.0    90.0
 
*(18)COLUMNS:
*          Max
*Same  UnBrace
*Depth  Length
  'Y'    12000
 
*(19)COLUMN PART & ELEVATION:
*                                              ---Base---  Rafter
*No. Id  Type    Part       Opt  Rot   Depth    Elev  Opt  Attach
  3   1  '-   ' '--------'  '-'  'N'    0.00    0.00  '-'   'F'
      2  'W   ' 'W40b155 '  'I'  '-'    0.00    0.00  '-'   'F'
      3  '-   ' '--------'  '-'  'N'    0.00    0.00  '-'   'F'
 
*(20)COLUMN SPLICES:
*     Col
* No.  Id    Locate  Type
   0
 
*(21)RAFTERS:
*Rafter  Flange
* Same    Brace
   'Y'     'Y'
 
*(22)RAFTER PART:
*    Surf
*No.  Id   Type    Part       Opt  Rot  Depth
  2    2  'W   '  '--------'  '-'  '-'   0.00
       3  'W   '  '--------'  '-'  '-'   0.00
 
*(23)RAFTER SPLICES:
*     Surf
* No.  Id    Locate  Type  Opt
   3    2       0.0  '--'  '-'
        3       0.0  'M '  '-'
        3   11291.0  '--'  '-'
 
*(24)GIRT DESIGN:
*Girt  --Flange_Strap--                   --Depth--     Set     Max  Rafter
*Type  Out  In    Space  Offset  Project    Set Opt     Lap   Space  Attach
 'ZB'  'C'  'Y'  2250.0    0.00   230.00 200.00 'W'     0.0  1500.0    'Y'
 
*(25)GIRT LOCATION:
* Set
* Loc   No.   Location
  'Y'     7     2580.0   3580.0   4580.0   5580.0   6580.0  7580.0 8380.0
 
*(26)SPECIAL GIRT:
*     --Bay_Id--
*No.  Start  End   Height  Type  Rot  Part       Use
  1      1     2   5750.0  'ZB'  'D' '--------'  'C'
 
*(27)SIDEWALL GIRT:
*Wall
* Id   Type  Depth Offset Project   No.   Location
   2   'ZB' 200.00   0.00  230.00    4     2580.0   4080.0   5580.0   7080.0
   4   'ZB' 200.00   0.00  230.00    4     2580.0   4080.0   5580.0   7080.0
 
*(28)ROOF PURLINS:
*Surf   Surf     Peak
* Id     Ext     Space  No.  Locate
   2       0     300.0   8   1373.9   2747.8   4121.6   5495.5   6869.4   8243.3
                             9617.2  10991.0
   3       0     300.0   8    300.0   1673.9   3047.8   4421.6   5795.5   7169.4
                             8543.3   9917.2
 
*(29)WALL PANELS:
*--Wall_Panel--  ------Insulation-----
* Part      Rot  Use  Thick  Part
 '45250 .5' '-'  'N'   0.00 '--------'
 
*(30)LINER PANELS:
*      --Bay_Id-                       Flange
*No.   Start End    Height   Part       Opt
  0
 
*(31)RIGID FRAME:
*Frame Interior_Column
*Type  Type  No.  Locate
 'HP ' 'W'    1  11235.0
 
*(32)WALL FRAMING OPTIONS:
*Panel  Diagonal  Brace            EW_Brace_To_Frame
*Shear  Bracing   Option  Height      Left     Right
  'N'     'N'      '--'      0.0    5468.2   17001.8
 
*(33)WALL BRACING:
*   Wind   Brace     No._Bay   Specified
*  Shear   Type     Specified  Bays_For_Bracing
   820.5    'R  '       0
 
*(34)WALL BRACING ATTACHMENT:
*                 --Bay_Id--            No.
* No.      Id     Start  End     Elev  Level         Level_Height
    1       1       1     2      0.00    0
 
*(35)EXTENSION LAYOUT:
*    Ext  Wall                   --Bay_Id-   --Edge_Extend--     Beam
*No.  Id   Id   Type  Opt  Mount Start End     Left    Right      Lap  Attach
   1   1    3   'EC'  '-'   'B'     1    2      0.0      0.0     0.00   'C'
 
*(36)EXTENSION SIZE:
*Ext  -----Horizontal_Size-----   ---------Vertical_Size--------
* Id    Height    Width   Slope      Elev  Height  Slope Project
   1    5700.0   1800.0   10.00       0.0     0.0   0.00    0.00
 
*(37)EXTENSION GIRTS:
*    Ext
*No.  Id   Use        Type  Rot  Depth
  0
 
*(38)EXTENSION PANELS:
*     Ext                               Angle
*No.  Id   Use        Part       Rot  Spacing
  0
 
*(39)LOAD GROUPS:
*    Group
*No.   Id   Description
   1  '-'  'Standard            '
 
*(40)BASIC LOADS:
*                                                                 ------Girts/Panels-----
*                                              ---Deflection---   --Strength-  Deflection
*Group  Dead  Coll   Live   Snow  Rain  Basic     Load_Ratio      Load_Factor  Load_Ratio
*  Id   Load  Load   Load   Load  Load   Wind  Snow  Wind  Seis   Wind   Seis  Wind  Seis
  '-'  0.100 0.050  0.570  0.000 0.000  0.554  1.00  1.00  1.00   1.00   1.00  1.00  1.00
 
*(41)EDGE ZONE:
*      ----------Endwall----------  ---------Sidewall----------  --------Ratio--------
*Group -Left_Corner-  Right_Corner  -Left_Corner-  Right_Corner   Girt/
*  Id   Width   Base   Width  Base   Width   Base  Width   Base   Jamb   Panel  Column
  '-'    2247      0   2247      0    2247      0   2247      0   1.07    1.00   1.07
 
*(42)BASIC LOADS AT EAVE:
*Group  Seis    Seis   Seis   --Torsion--   --Extension--   -Additional-
*  Id   Dead    Girt   Load   Wind   Seis     Wind   Seis    Wind   Seis
  '-'  0.096  0.0000   0.66   0.00   0.00     0.16   0.09    0.00   0.00
 
*(43)LONGITUDINAL BRACING LOADS:
*Group   ----Wind-----   ---Seismic---
*  Id    Horz    Vert    Horz    Vert
  '-'    0.00    0.00    0.00    0.00  .. Left  Column
  '-'    0.00    0.00    0.00    0.00  .. Right Column
 
*(44)WIND PRESSURE/SUCTION:
*Group   Wind     Wind
*  Id   Press     Suct
  '-'   0.484   -0.534    .. Column
  '-'   0.484   -0.534    .. Girt/Header
  '-'   0.484   -0.534    .. Jamb
  '-'   0.599   -0.649    .. Panel
  '-'   0.484   -0.534    .. Parapet Column
  '-'   0.994   -0.819    .. Parapet Girt
  '-'   0.831   -0.554    .. Transv Bracing, Facia/Parapet
 
*(45)WIND COEFFICIENTS:
*Group Surf  ---Wind_1--   ---Wind_2--     Long_Wind  Surface
*  Id   Id   Left  Right   Left  Right      1      2  Friction
  '-'    1   0.50  -0.73   0.93  -0.30  -0.63  -0.27    0.00
  '-'    2  -1.22  -0.70  -0.86  -0.34  -0.87  -0.51    0.00
  '-'    3  -0.70  -1.22  -0.34  -0.86  -0.87  -0.51    0.00
  '-'    4  -0.73   0.50  -0.30   0.93  -0.63  -0.27    0.00
 
*(46)COLUMN, RAFTER, BRACING LOAD COMBINATIONS - STRENGTH:
*    Load Group            ---Live---        -Add_Snow-        --Wind_1--  --Wind_2--   Long_Wind Column_Wind  -Seismic--  Aux_Loa
*No.  Id    Id Dead  Coll  Roof Floor  Snow Drift Slide  Rain  Left Right  Left Right     1     2 Press  Suct  Long  Tran  Id  Coe
  65   1   '-' 1.00  1.00  1.00  0.00  0.00  0.00  0.00  0.00  0.00  0.00  0.00  0.00  0.00  0.00  0.00  0.00  0.00  0.00   0  0.0
       2   '-' 1.00  1.00  0.00  1.00  0.00  0.00  0.00  0.00  0.00  0.00  0.00  0.00  0.00  0.00  0.00  0.00  0.00  0.00   0  0.0
       3   '-' 1.00  1.00  0.00  0.00  1.00  0.00  0.00  0.00  0.00  0.00  0.00  0.00  0.00  0.00  0.00  0.00  0.00  0.00   0  0.0
       4   '-' 1.00  1.00  0.00  0.00  1.00  1.00  0.00  0.00  0.00  0.00  0.00  0.00  0.00  0.00  0.00  0.00  0.00  0.00   0  0.0
       5   '-' 1.00  1.00  0.00  0.00  1.00  0.00  1.00  0.00  0.00  0.00  0.00  0.00  0.00  0.00  0.00  0.00  0.00  0.00   0  0.0
       6   '-' 1.00  1.00  0.75  0.75  0.00  0.00  0.00  0.00  0.00  0.00  0.75  0.00  0.00  0.00  0.00  0.75  0.00  0.00   0  0.0
       7   '-' 1.00  1.00  0.75  0.75  0.00  0.00  0.00  0.00  0.00  0.00  0.00  0.75  0.00  0.00  0.00  0.75  0.00  0.00   0  0.0
       8   '-' 1.00  1.00  0.75  0.75  0.00  0.00  0.00  0.00  0.00  0.00  0.00  0.00  0.75  0.00  0.00  0.75  0.00  0.00   0  0.0
       9   '-' 1.00  1.00  0.75  0.75  0.00  0.00  0.00  0.00  0.00  0.00  0.00  0.00  0.00  0.75  0.00  0.75  0.00  0.00   0  0.0
      10   '-' 1.00  1.00  0.00  0.75  0.75  0.00  0.00  0.00  0.00  0.00  0.75  0.00  0.00  0.00  0.00  0.75  0.00  0.00   0  0.0
      11   '-' 1.00  1.00  0.00  0.75  0.75  0.00  0.00  0.00  0.00  0.00  0.00  0.75  0.00  0.00  0.00  0.75  0.00  0.00   0  0.0
      12   '-' 1.00  1.00  0.00  0.75  0.75  0.00  0.00  0.00  0.00  0.00  0.00  0.00  0.75  0.00  0.00  0.75  0.00  0.00   0  0.0
      13   '-' 1.00  1.00  0.00  0.75  0.75  0.00  0.00  0.00  0.00  0.00  0.00  0.00  0.00  0.75  0.00  0.75  0.00  0.00   0  0.0
      14   '-' 1.00  1.00  0.00  0.75  0.75  0.75  0.00  0.00  0.00  0.00  0.75  0.00  0.00  0.00  0.00  0.75  0.00  0.00   0  0.0
      15   '-' 1.00  1.00  0.00  0.75  0.75  0.75  0.00  0.00  0.00  0.00  0.00  0.75  0.00  0.00  0.00  0.75  0.00  0.00   0  0.0
      16   '-' 1.00  1.00  0.00  0.75  0.75  0.75  0.00  0.00  0.00  0.00  0.00  0.00  0.75  0.00  0.00  0.75  0.00  0.00   0  0.0
      17   '-' 1.00  1.00  0.00  0.75  0.75  0.75  0.00  0.00  0.00  0.00  0.00  0.00  0.00  0.75  0.00  0.75  0.00  0.00   0  0.0
      18   '-' 1.00  1.00  0.00  0.75  0.75  0.00  0.75  0.00  0.00  0.00  0.75  0.00  0.00  0.00  0.00  0.75  0.00  0.00   0  0.0
      19   '-' 1.00  1.00  0.00  0.75  0.75  0.00  0.75  0.00  0.00  0.00  0.00  0.75  0.00  0.00  0.00  0.75  0.00  0.00   0  0.0
      20   '-' 1.00  1.00  0.00  0.75  0.75  0.00  0.75  0.00  0.00  0.00  0.00  0.00  0.75  0.00  0.00  0.75  0.00  0.00   0  0.0
      21   '-' 1.00  1.00  0.00  0.75  0.75  0.00  0.75  0.00  0.00  0.00  0.00  0.00  0.00  0.75  0.00  0.75  0.00  0.00   0  0.0
      22   '-' 0.60  0.00  0.00  0.00  0.00  0.00  0.00  0.00  0.00  0.00  0.00  0.00  1.00  0.00  1.00  0.00  0.00  0.00   0  0.0
      23   '-' 0.60  0.00  0.00  0.00  0.00  0.00  0.00  0.00  0.00  0.00  0.00  0.00  0.00  1.00  1.00  0.00  0.00  0.00   0  0.0
      24   '-' 0.60  0.00  0.00  0.00  0.00  0.00  0.00  0.00  0.00  0.00  0.00  0.00  1.00  0.00  0.00  1.00  0.00  0.00   0  0.0
      25   '-' 0.60  0.00  0.00  0.00  0.00  0.00  0.00  0.00  0.00  0.00  0.00  0.00  0.00  1.00  0.00  1.00  0.00  0.00   0  0.0
      26   '-' 0.60  0.00  0.00  0.00  0.00  0.00  0.00  0.00  1.00  0.00  0.00  0.00  0.00  0.00  0.00  1.00  0.00  0.00   0  0.0
      27   '-' 0.60  0.00  0.00  0.00  0.00  0.00  0.00  0.00  0.00  1.00  0.00  0.00  0.00  0.00  0.00  1.00  0.00  0.00   0  0.0
      28   '-' 0.60  0.00  0.00  0.00  0.00  0.00  0.00  0.00  0.00  0.00  1.00  0.00  0.00  0.00  0.00  1.00  0.00  0.00   0  0.0
      29   '-' 0.60  0.00  0.00  0.00  0.00  0.00  0.00  0.00  0.00  0.00  0.00  1.00  0.00  0.00  0.00  1.00  0.00  0.00   0  0.0
      30   '-' 1.01  1.01  0.00  0.00  0.00  0.00  0.00  0.00  0.00  0.00  0.00  0.00  0.00  0.00  0.00  0.00  0.00  0.70   0  0.0
      31   '-' 1.01  1.01  0.00  0.00  0.00  0.00  0.00  0.00  0.00  0.00  0.00  0.00  0.00  0.00  0.00  0.00  0.00 -0.70   0  0.0
      32   '-' 1.01  1.01  0.75  0.75  0.00  0.00  0.00  0.00  0.00  0.00  0.00  0.00  0.00  0.00  0.00  0.00  0.00  0.52   0  0.0
      33   '-' 1.01  1.01  0.75  0.75  0.00  0.00  0.00  0.00  0.00  0.00  0.00  0.00  0.00  0.00  0.00  0.00  0.00 -0.52   0  0.0
      34   '-' 1.01  1.01  0.00  0.75  0.00  0.00  0.00  0.00  0.00  0.00  0.00  0.00  0.00  0.00  0.00  0.00  0.00  0.52   0  0.0
      35   '-' 1.01  1.01  0.00  0.75  0.00  0.00  0.00  0.00  0.00  0.00  0.00  0.00  0.00  0.00  0.00  0.00  0.00 -0.52   0  0.0
      36   '-' 0.59  0.00  0.00  0.00  0.00  0.00  0.00  0.00  0.00  0.00  0.00  0.00  0.00  0.00  0.00  0.00  0.00  0.70   0  0.0
      37   '-' 0.59  0.00  0.00  0.00  0.00  0.00  0.00  0.00  0.00  0.00  0.00  0.00  0.00  0.00  0.00  0.00  0.00 -0.70   0  0.0
      38   '-' 0.60  0.00  0.00  0.00  0.00  0.00  0.00  0.00  1.00  0.00  0.00  0.00  0.00  0.00  0.00  0.00  0.00  0.00   0  0.0
      39   '-' 0.60  0.00  0.00  0.00  0.00  0.00  0.00  0.00  0.00  1.00  0.00  0.00  0.00  0.00  0.00  0.00  0.00  0.00   0  0.0
      40   '-' 0.60  0.00  0.00  0.00  0.00  0.00  0.00  0.00  0.00  0.00  1.00  0.00  0.00  0.00  0.00  0.00  0.00  0.00   0  0.0
      41   '-' 0.60  0.00  0.00  0.00  0.00  0.00  0.00  0.00  0.00  0.00  0.00  1.00  0.00  0.00  0.00  0.00  0.00  0.00   0  0.0
      42   '-' 0.60  0.00  0.00  0.00  0.00  0.00  0.00  0.00  0.00  0.00  0.00  0.00  1.00  0.00  0.00  0.00  0.00  0.00   3  1.0
      43   '-' 0.60  0.00  0.00  0.00  0.00  0.00  0.00  0.00  0.00  0.00  0.00  0.00  1.00  0.00  0.00  0.00  0.00  0.00   4  1.0
      44   '-' 0.60  0.00  0.00  0.00  0.00  0.00  0.00  0.00  0.00  0.00  0.00  0.00  0.00  1.00  0.00  0.00  0.00  0.00   5  1.0
      45   '-' 0.60  0.00  0.00  0.00  0.00  0.00  0.00  0.00  0.00  0.00  0.00  0.00  0.00  1.00  0.00  0.00  0.00  0.00   6  1.0
      46   '-' 1.00  1.00  0.00  0.00  0.00  0.00  0.00  0.00  0.00  0.00  0.00  0.00  0.00  0.00  0.00  0.00  0.00  0.70   0  0.0
      47   '-' 1.00  1.00  0.00  0.00  0.00  0.00  0.00  0.00  0.00  0.00  0.00  0.00  0.00  0.00  0.00  0.00  0.00 -0.70   0  0.0
      48   '-' 1.00  1.00  0.75  0.00  0.00  0.00  0.00  0.00  0.00  0.00  0.00  0.00  0.00  0.00  0.00  0.00  0.00  0.70   0  0.0
      49   '-' 1.00  1.00  0.75  0.00  0.00  0.00  0.00  0.00  0.00  0.00  0.00  0.00  0.00  0.00  0.00  0.00  0.00 -0.70   0  0.0
      50   '-' 1.00  1.00  0.00  0.00  0.00  0.00  0.00  0.00  0.00  0.00  0.00  0.00  0.00  0.00  0.00  0.00  0.00  0.52   0  0.0
      51   '-' 1.00  1.00  0.00  0.00  0.00  0.00  0.00  0.00  0.00  0.00  0.00  0.00  0.00  0.00  0.00  0.00  0.00 -0.52   0  0.0
      52   '-' 0.60  0.00  0.00  0.00  0.00  0.00  0.00  0.00  0.00  0.00  0.00  0.00  0.00  0.00  0.00  0.00  0.00  0.70   0  0.0
      53   '-' 0.60  0.00  0.00  0.00  0.00  0.00  0.00  0.00  0.00  0.00  0.00  0.00  0.00  0.00  0.00  0.00  0.00 -0.70   0  0.0
      54   '-' 1.00  1.00  0.01  0.00  0.00  0.00  0.00  0.00  0.00  0.00  0.00  0.00  0.00  0.00  0.00  0.00  0.00  0.00   1  1.0
      55   '-' 1.00  1.00  0.01  0.00  0.00  0.00  0.00  0.00  0.00  0.00  0.00  0.00  0.00  0.00  0.00  0.00  0.00  0.00   2  1.0
      56   '-' 1.00  1.00  0.00  0.00  0.75  0.00  0.00  0.00  0.00  0.00  0.75  0.00  0.00  0.00  0.00  0.75  0.00  0.00   0  0.0
      57   '-' 1.00  1.00  0.00  0.00  0.75  0.00  0.00  0.00  0.00  0.00  0.00  0.75  0.00  0.00  0.00  0.75  0.00  0.00   0  0.0
      58   '-' 1.00  1.00  0.00  0.00  0.75  0.75  0.00  0.00  0.00  0.00  0.75  0.00  0.00  0.00  0.00  0.75  0.00  0.00   0  0.0
      59   '-' 1.00  1.00  0.00  0.00  0.75  0.75  0.00  0.00  0.00  0.00  0.00  0.75  0.00  0.00  0.00  0.75  0.00  0.00   0  0.0
      60   '-' 1.00  1.00  0.00  0.00  0.75  0.75  0.00  0.00  0.00  0.00  0.00  0.00  0.75  0.00  0.00  0.75  0.00  0.00   0  0.0
      61   '-' 1.00  1.00  0.00  0.00  0.75  0.75  0.00  0.00  0.00  0.00  0.00  0.00  0.00  0.75  0.00  0.75  0.00  0.00   0  0.0
      62   '-' 1.00  1.00  0.00  0.00  0.75  0.00  0.75  0.00  0.00  0.00  0.75  0.00  0.00  0.00  0.00  0.75  0.00  0.00   0  0.0
      63   '-' 1.00  1.00  0.00  0.00  0.75  0.00  0.75  0.00  0.00  0.00  0.00  0.75  0.00  0.00  0.00  0.75  0.00  0.00   0  0.0
      64   '-' 1.00  1.00  0.00  0.00  0.75  0.00  0.75  0.00  0.00  0.00  0.00  0.00  0.75  0.00  0.00  0.75  0.00  0.00   0  0.0
      65   '-' 1.00  1.00  0.00  0.00  0.75  0.00  0.75  0.00  0.00  0.00  0.00  0.00  0.00  0.75  0.00  0.75  0.00  0.00   0  0.0
 
*(47)COLUMN, RAFTER, BRACING LOAD COMBINATIONS - DEFLECTION:
*    Load Group            ---Live---        -Add_Snow-        --Wind_1--  --Wind_2--   Long_Wind Column_Wind  -Seismic--  Aux_Loa
*No.  Id    Id Dead  Coll  Roof Floor  Snow Drift Slide  Rain  Left Right  Left Right     1     2 Press  Suct  Long  Tran  Id  Coe
   0
 
*(48)AUXILIARY LOADS:
*                        No._Add   Add_Load
* No.   Id   Name         Combs   Id    Coef
   6     1   'E2PAT_LL_1'   1      1    1.00
         2   'E2PAT_LL_2'   1      2    1.00
         3   'LWIND1_L  '   1      3    1.00
         4   'LWIND1_R  '   1      4    1.00
         5   'LWIND2_L  '   1      3    1.00
         6   'LWIND2_R  '   1      4    1.00
 
*(49)ADDITIONAL LOADS:
*    Add  Group Loc  Basic        Load       Fx        Fy      Mom        Dx        Dy  .. Conc
*No.  Id    Id   Id  Load         Type       W1        W2       Co       Dl1       Dl2  .. Dist
  16   1   '-'    2 'U_LIVE    '  'D '    -1.90     -1.90    0.100       0.0   11291.0
       2   '-'    3 'U_LIVE    '  'D '    -1.90     -1.90   -0.100       0.0   11291.0
       3   '-'    2 'U_WIND    '  'D '     0.70      0.70    0.000       0.0    4494.0
       4   '-'    3 'U_WIND    '  'D '     0.70      0.70    0.000    6797.0   11291.0
       5   '-'    1 'DEAD      '  'I '    0.000    -1.016    0.000       0.0    5700.0
       6   '-'    1 'LIVE      '  'I '    0.000    -5.763    0.000       0.0    5700.0
       7   '-'    1 'WINDP     '  'I '    0.000     8.350    0.000       0.0    5700.0
       8   '-'    1 'WINDS     '  'I '    0.000     2.103    0.000       0.0    5700.0
       9   '-'    2 'DEAD      '  'I '    0.000    -2.032    1.831       0.0    5700.0
      10   '-'    2 'LIVE      '  'I '    0.000   -11.527   10.383       0.0    5700.0
      11   '-'    2 'WINDP     '  'I '   -1.670    16.700  -15.193       0.0    5700.0
      12   '-'    2 'WINDS     '  'I '   -0.421     4.206   -3.827       0.0    5700.0
      13   '-'    3 'DEAD      '  'I '    0.000    -1.016    0.000       0.0    5700.0
      14   '-'    3 'LIVE      '  'I '    0.000    -5.763    0.000       0.0    5700.0
      15   '-'    3 'WINDP     '  'I '    0.000     8.350    0.000       0.0    5700.0
      16   '-'    3 'WINDS     '  'I '    0.000     2.103    0.000       0.0    5700.0
 
*(50)GIRT LAPS:
*      Data  ------Set_1-------  ------Set_2-------  ------Set_3-------
* Opt  Sets  Left    Right Quan  Left    Right Quan  Left    Right Quan
  '-'   0
 
*(51)GIRT STRAPS:
*     Data  ---Set_1---  ---Set_2---  ---Set_3---  ---Set_4---
*Opt  Sets  Strap  Quan  Strap  Quan  Strap  Quan  Strap  Quan
 '-'   0
 
*(52)PANEL SCREWS:
* No.                                    Washer
*Zone Zone   Part          Dia    Limit     Dia  -------Spacing------
   3 'INT ' '14x20SDS'    4.80   13.700   19.00  250.00 125.00  83.33
     'EDGE' '14x20SDS'    4.80   13.700   19.00  250.00 125.00  83.33
     'BASE' '14x20SDS'    4.80   13.700   19.00  250.00 125.00  83.33
 
*(53)BEAMS:
*     Bay
*No.   Id Use    Height   Offset  Locate1  Locate2
  0
 
*(54)STEPPED LOAD COEFFICIENTS:
*    Group Basic    Location   No.  ----Step_1---   ----Step_2---   ----Step_3---
*No.   Id  Load      Use  Id  Step  Locate   Coef   Locate   Coef   Locate   Coef
  4   '-' 'WINDL1'   'R'   2    2  11235.0  1.000  11291.0  0.578
      '-' 'WINDR1'   'R'   3    2     56.0  0.578  11291.0  1.000
      '-' 'WINDL2'   'R'   2    2  11235.0  1.000  11291.0  0.401
      '-' 'WINDR2'   'R'   3    2     56.0  0.401  11291.0  1.000
 
*(55)ADDITIONAL COLUMNS:
*No.  Id   Locate  Type  Rot  Opt  Part           Elev
  0
 
*(56)RIGID FRAME COORDINATES:
*Frame Frame                           Flange
*  Id   Type  No.  X_Coord    Y_Coord   Width
    1   'HP'  20     636.0        0.0   150.0
                     936.0     4250.0   150.0
                     936.0     4250.0   150.0
                     936.0     7955.8   150.0
                     936.0     7955.8   125.0
                    4523.0     8415.0   125.0
                    4523.0     8415.0   125.0
                    8693.2     8832.0   125.0
                    8693.2     8832.0   150.0
                   11235.0     8835.0   150.0
                   11235.0     8835.0   150.0
                   13776.9     8832.0   150.0
                   13776.9     8832.0   125.0
                   17947.1     8415.0   125.0
                   17947.1     8415.0   125.0
                   21534.0     7955.8   125.0
                   21534.0     7955.8   150.0
                   21534.0     4000.0   150.0
                   21534.0     4000.0   150.0
                   21834.0        0.0   150.0
 
*(57)DESIGN CODE OPTIONS:
*No.   Event                         Condition
  0
 
*(58)DESIGN PLATES:
*     ----Plate---   --Plate_Size-   Bolt   Bolt  ----Top---  --Bottom--   Plate  Bolt
*No.  Type      Id   Width   Thick    Dia   Gage  Row  Space  Row  Space  Offset  Edge
  1  'COL_BASE'  2   200.0   16.00  20.00  100.0   2     0.0   0     0.0    0.00  0.00
 
*(59)GIRT LAYOUT:
*      Bay                                    -----Extend----   Frame_Opt  -Frame_Id-
*  No.  Id   Locate  Type  Rot Opt  Part         Left   Right  Left Right  Left Right
    0
 
*(60)COLUMN FLANGE BRACE:
*      Col
*No.   Id   Girt   Side  Opt
  0
 
*AUXILIARY LOAD DESCRIPTIONS:
* Aux
*  Id  Description
*   1  Pattern live load
*   2  Pattern live load
*   3  Longitudinal wind load, case 1 zone 2
*   4  Longitudinal wind load, case 1 zone 3
*   5  Longitudinal wind load, case 2 zone 2
*   6  Longitudinal wind load, case 2 zone 3
*
*ADDITIONAL LOAD DESCRIPTIONS:
* Add
*  Id  Description
*   1  Pattern live load bay 1
*   2  Pattern live load bay 2
*   3  Longitudinal wind load zone 2
*   4  Longitudinal wind load zone 3
*   5  Extension Id 1, Column Id 1, Dead =  0.100
*   6  Extension Id 1, Column Id 1, Live =  0.570
*   7  Extension Id 1, Column Id 1, Wind =  -0.826
*   8  Extension Id 1, Column Id 1, Wind =  -0.208
*   9  Extension Id 1, Column Id 2, Dead =  0.100
*  10  Extension Id 1, Column Id 2, Live =  0.570
*  11  Extension Id 1, Column Id 2, Wind =  -0.826
*  12  Extension Id 1, Column Id 2, Wind =  -0.208
*  13  Extension Id 1, Column Id 3, Dead =  0.100
*  14  Extension Id 1, Column Id 3, Live =  0.570
*  15  Extension Id 1, Column Id 3, Wind =  -0.826
*  16  Extension Id 1, Column Id 3, Wind =  -0.208
*
* Code files used:
*   MBMA.10N
*   EW_MBMA.10N Version 4.0
*
*BASIC LOADS AT EAVE - Extension_Brace
* Ext
*  Id   Wind    Seismic
*   1   0.16      0.09

================================================================================
 C323-153            Wall 3 - Design Code                    6/AUG/2025  1:27pm
================================================================================

 STRUCTURAL CODE:
 ----------------
   Design Basis      :  WS - Working Stress
   Hot  Rolled Steel :  AISC05
   Cold Formed Steel :  NAUS07  

 BUILDING CODE:
 --------------
   Wind Code         :  MBMA 10
   Seismic Zone      :  B  

 MODULUS OF ELASTICITY:
 ----------------------
   Hot  Rolled Steel :  199955 (MN/m2)
   Cold Formed Steel :  203403 (MN/m2)
 
================================================================================
 C323-153            Wall 3 - Column & Rafter Design         6/AUG/2025  1:27pm
================================================================================

 MEMBER LAYOUT:
 --------------
         Locate             ---Web(mm)-- -Flange(mm)- Length Weight ----Max_Load----
  Id       (mm) Part        Depth  Thick Width  Thick   (mm)   (kg)  Id   UC Report
  ------ ------ ----------- -----  ----- -----  ----- ------ ------ --- ---- -------
  Col1        0
  Col2    11235 W40b155     400.0   5.00 150.0   5.00   8835  243.0  25 0.96 Mom+Axl
  Col3    22470
                                                            -------
                                                  Total=      243.0


 DESIGN ACTIONS/STRENGTH:
 ------------------------
         Load  ---Axial(kN)--  ---Shear(kN)--  -Moment(kN-m)-
  Id      Id     Calc   Limit    Calc   Limit    Calc   Limit
  -----  ----  ------  ------  ------  ------  ------  ------
  Col2     1    51.70  319.97    1.38  173.80   -7.88   77.24
  Col2     2    13.80  319.97    0.21  173.80   -1.18   77.24
  Col2     3    13.80  319.97    0.21  173.80   -1.18   77.24
  Col2     4    13.80  319.97    0.21  173.80   -1.18   77.24
  Col2     5    13.80  319.97    0.21  173.80   -1.18   77.24
  Col2     6    26.62  319.97   25.84  173.80   53.30   77.24
  Col2     7    26.62  319.97   25.84  173.80   53.30   77.24
  Col2     8    23.19  319.97   25.84  173.80   53.30   77.24
  Col2     9    29.64  319.97   25.84  173.80   53.30   77.24
  Col2    10    -3.07  723.32  -25.10  173.80   55.94   77.24
  Col2    11    -3.07  723.32  -25.10  173.80   55.94   77.24
  Col2    12    -6.50  723.32  -25.10  173.80   55.94   77.24
  Col2    13     1.22  319.97  -25.10  173.80   55.94   77.24
  Col2    14    -3.07  723.32  -25.10  173.80   55.94   77.24
  Col2    15    -3.07  723.32  -25.10  173.80   55.94   77.24
  Col2    16    -6.50  723.32  -25.10  173.80   55.94   77.24
  Col2    17     1.22  319.97  -25.10  173.80   55.94   77.24
  Col2    18    -3.07  723.32  -25.10  173.80   55.94   77.24
  Col2    19    -3.07  723.32  -25.10  173.80   55.94   77.24
  Col2    20    -6.50  723.32  -25.10  173.80   55.94   77.24
  Col2    21     1.22  319.97  -25.10  173.80   55.94   77.24
  Col2    22   -31.35  723.32  -30.58  173.80  -62.38   77.24
  Col2    23   -22.74  723.32  -30.58  173.80  -62.38   77.24
  Col2    24   -19.69  723.32  -33.62  173.80   75.26   77.24
  Col2    25   -11.08  723.32  -33.62  173.80   75.26   77.24
  Col2    26   -23.62  723.32  -33.62  173.80   75.26   77.24
  Col2    27   -23.62  723.32  -33.62  173.80   75.26   77.24
  Col2    28   -15.12  723.32  -33.62  173.80   75.26   77.24
  Col2    29   -15.12  723.32  -33.62  173.80   75.26   77.24
  Col2    30    13.88  319.97    0.21  173.80   -1.19   77.24
  Col2    31    13.88  319.97    0.21  173.80   -1.19   77.24
  Col2    32    42.32  319.97    1.09  173.80   -6.21   77.24
  Col2    33    42.32  319.97    1.09  173.80   -6.21   77.24
  Col2    34    13.89  319.97    0.21  173.80   -1.19   77.24
  Col2    35    13.89  319.97    0.21  173.80   -1.19   77.24
  Col2    36     6.71  319.97    0.12  173.80   -0.70   77.24
  Col2    37     6.71  319.97    0.12  173.80   -0.70   77.24
  Col2    38   -20.87  723.32    0.12  173.80   -0.71   77.24
  Col2    39   -20.87  723.32    0.12  173.80   -0.71   77.24
  Col2    40   -12.37  723.32    0.12  173.80   -0.71   77.24
  Col2    41   -12.37  723.32    0.12  173.80   -0.71   77.24
  Col2    42   -17.80  723.32    0.12  173.80   -0.71   77.24
  Col2    43   -17.80  723.32    0.12  173.80   -0.71   77.24
  Col2    44    -9.19  723.32    0.12  173.80   -0.71   77.24
  Col2    45    -9.19  723.32    0.12  173.80   -0.71   77.24
  Col2    46    13.74  319.97    0.21  173.80   -1.18   77.24
  Col2    47    13.74  319.97    0.21  173.80   -1.18   77.24
  Col2    48    42.17  319.97    1.09  173.80   -6.20   77.24
  Col2    49    42.17  319.97    1.09  173.80   -6.20   77.24
  Col2    50    13.76  319.97    0.21  173.80   -1.18   77.24
  Col2    51    13.76  319.97    0.21  173.80   -1.18   77.24
  Col2    52     6.83  319.97    0.12  173.80   -0.71   77.24
  Col2    53     6.83  319.97    0.12  173.80   -0.71   77.24
  Col2    54    27.06  319.97    0.21  173.80   -1.18   77.24
  Col2    55    27.06  319.97    0.21  173.80   -1.18   77.24
  Col2    56    -3.07  723.32  -25.10  173.80   55.94   77.24
  Col2    57    -3.07  723.32  -25.10  173.80   55.94   77.24
  Col2    58    -3.07  723.32  -25.10  173.80   55.94   77.24
  Col2    59    -3.07  723.32  -25.10  173.80   55.94   77.24
  Col2    60    -6.50  723.32  -25.10  173.80   55.94   77.24
  Col2    61     1.22  319.97  -25.10  173.80   55.94   77.24
  Col2    62    -3.07  723.32  -25.10  173.80   55.94   77.24
  Col2    63    -3.07  723.32  -25.10  173.80   55.94   77.24
  Col2    64    -6.50  723.32  -25.10  173.80   55.94   77.24
  Col2    65     1.22  319.97  -25.10  173.80   55.94   77.24

 STRENGTH RATIO:
 ---------------
         Load                        Axial+  Shear+    Max
   Id     Id   Axial  Shear  Moment  Moment  Moment     UC
   ----- ----  -----  -----  ------  ------  ------  -----
   Col2    1    0.16   0.01    0.10    0.17           0.17 
   Col2    2    0.04   0.00    0.02    0.04           0.04 
   Col2    3    0.04   0.00    0.02    0.04           0.04 
   Col2    4    0.04   0.00    0.02    0.04           0.04 
   Col2    5    0.04   0.00    0.02    0.04           0.04 
   Col2    6    0.08   0.15    0.69    0.71           0.71 
   Col2    7    0.08   0.15    0.69    0.71           0.71 
   Col2    8    0.07   0.15    0.69    0.71           0.71 
   Col2    9    0.09   0.15    0.69    0.72           0.72 
   Col2   10    0.00   0.14    0.72    0.72           0.72 
   Col2   11    0.00   0.14    0.72    0.72           0.72 
   Col2   12    0.01   0.14    0.72    0.71           0.71 
   Col2   13    0.00   0.14    0.72    0.72           0.72 
   Col2   14    0.00   0.14    0.72    0.72           0.72 
   Col2   15    0.00   0.14    0.72    0.72           0.72 
   Col2   16    0.01   0.14    0.72    0.71           0.71 
   Col2   17    0.00   0.14    0.72    0.72           0.72 
   Col2   18    0.00   0.14    0.72    0.72           0.72 
   Col2   19    0.00   0.14    0.72    0.72           0.72 
   Col2   20    0.01   0.14    0.72    0.71           0.71 
   Col2   21    0.00   0.14    0.72    0.72           0.72 
   Col2   22    0.04   0.18    0.81    0.78           0.78 
   Col2   23    0.03   0.18    0.81    0.79           0.79 
   Col2   24    0.03   0.19    0.97    0.94           0.94 
   Col2   25    0.02   0.19    0.97    0.96           0.96 
   Col2   26    0.03   0.19    0.97    0.94           0.94 
   Col2   27    0.03   0.19    0.97    0.94           0.94 
   Col2   28    0.02   0.19    0.97    0.95           0.95 
   Col2   29    0.02   0.19    0.97    0.95           0.95 
   Col2   30    0.04   0.00    0.02    0.04           0.04 
   Col2   31    0.04   0.00    0.02    0.04           0.04 
   Col2   32    0.13   0.01    0.08    0.13           0.13 
   Col2   33    0.13   0.01    0.08    0.13           0.13 
   Col2   34    0.04   0.00    0.02    0.04           0.04 
   Col2   35    0.04   0.00    0.02    0.04           0.04 
   Col2   36    0.02   0.00    0.01    0.02           0.02 
   Col2   37    0.02   0.00    0.01    0.02           0.02 
   Col2   38    0.03   0.00    0.01    0.03           0.03 
   Col2   39    0.03   0.00    0.01    0.03           0.03 
   Col2   40    0.02   0.00    0.01    0.02           0.02 
   Col2   41    0.02   0.00    0.01    0.02           0.02 
   Col2   42    0.02   0.00    0.01    0.03           0.03 
   Col2   43    0.02   0.00    0.01    0.03           0.03 
   Col2   44    0.01   0.00    0.01    0.02           0.02 
   Col2   45    0.01   0.00    0.01    0.02           0.02 
   Col2   46    0.04   0.00    0.02    0.04           0.04 
   Col2   47    0.04   0.00    0.02    0.04           0.04 
   Col2   48    0.13   0.01    0.08    0.13           0.13 
   Col2   49    0.13   0.01    0.08    0.13           0.13 
   Col2   50    0.04   0.00    0.02    0.04           0.04 
   Col2   51    0.04   0.00    0.02    0.04           0.04 
   Col2   52    0.02   0.00    0.01    0.02           0.02 
   Col2   53    0.02   0.00    0.01    0.02           0.02 
   Col2   54    0.08   0.00    0.02    0.08           0.08 
   Col2   55    0.08   0.00    0.02    0.08           0.08 
   Col2   56    0.00   0.14    0.72    0.72           0.72 
   Col2   57    0.00   0.14    0.72    0.72           0.72 
   Col2   58    0.00   0.14    0.72    0.72           0.72 
   Col2   59    0.00   0.14    0.72    0.72           0.72 
   Col2   60    0.01   0.14    0.72    0.71           0.71 
   Col2   61    0.00   0.14    0.72    0.72           0.72 
   Col2   62    0.00   0.14    0.72    0.72           0.72 
   Col2   63    0.00   0.14    0.72    0.72           0.72 
   Col2   64    0.01   0.14    0.72    0.71           0.71 
   Col2   65    0.00   0.14    0.72    0.72           0.72 
 

 COLUMN REACTIONS:
 -----------------
          Load            In_Plane  --Out_Plane_Horz--
   Id      Id   Vert(kN)  Horz(kN)  Base(kN)  Roof(kN)
   -----  ----  --------  --------  --------  --------
   Col2     1     51.70      0.00      -1.38      1.38
   Col2     2     13.80      0.00      -0.21      0.21
   Col2     3     13.80      0.00      -0.21      0.21
   Col2     4     13.80      0.00      -0.21      0.21
   Col2     5     13.80      0.00      -0.21      0.21
   Col2     6     26.62      0.00      24.22     25.84
   Col2     7     26.62      0.00      24.22     25.84
   Col2     8     23.19      0.00      24.22     25.84
   Col2     9     29.64      0.00      24.22     25.84
   Col2    10     -1.81      0.00      25.10     24.96
   Col2    11     -1.81      0.00      25.10     24.96
   Col2    12     -5.24      0.00      25.10     24.96
   Col2    13      1.22      0.00      25.10     24.96
   Col2    14     -1.81      0.00      25.10     24.96
   Col2    15     -1.81      0.00      25.10     24.96
   Col2    16     -5.24      0.00      25.10     24.96
   Col2    17      1.22      0.00      25.10     24.96
   Col2    18     -1.81      0.00      25.10     24.96
   Col2    19     -1.81      0.00      25.10     24.96
   Col2    20     -5.24      0.00      25.10     24.96
   Col2    21      1.22      0.00      25.10     24.96
   Col2    22    -31.00      0.00     -27.87    -30.58
   Col2    23    -22.39      0.00     -27.87    -30.58
   Col2    24    -18.50      0.00      33.62     33.13
   Col2    25     -9.89      0.00      33.62     33.13
   Col2    26    -22.43      0.00      33.62     33.13
   Col2    27    -22.43      0.00      33.62     33.13
   Col2    28    -13.93      0.00      33.62     33.13
   Col2    29    -13.93      0.00      33.62     33.13
   Col2    30     13.88      0.00      -0.21      0.21
   Col2    31     13.88      0.00      -0.21      0.21
   Col2    32     42.32      0.00      -1.09      1.09
   Col2    33     42.32      0.00      -1.09      1.09
   Col2    34     13.89      0.00      -0.21      0.21
   Col2    35     13.89      0.00      -0.21      0.21
   Col2    36      6.71      0.00      -0.12      0.12
   Col2    37      6.71      0.00      -0.12      0.12
   Col2    38    -18.22      0.00      -0.12      0.12
   Col2    39    -18.22      0.00      -0.12      0.12
   Col2    40     -9.72      0.00      -0.12      0.12
   Col2    41     -9.72      0.00      -0.12      0.12
   Col2    42    -15.16      0.00      -0.12      0.12
   Col2    43    -15.16      0.00      -0.12      0.12
   Col2    44     -6.55      0.00      -0.12      0.12
   Col2    45     -6.55      0.00      -0.12      0.12
   Col2    46     13.74      0.00      -0.21      0.21
   Col2    47     13.74      0.00      -0.21      0.21
   Col2    48     42.17      0.00      -1.09      1.09
   Col2    49     42.17      0.00      -1.09      1.09
   Col2    50     13.76      0.00      -0.21      0.21
   Col2    51     13.76      0.00      -0.21      0.21
   Col2    52      6.83      0.00      -0.12      0.12
   Col2    53      6.83      0.00      -0.12      0.12
   Col2    54     27.06      0.00      -0.21      0.21
   Col2    55     27.06      0.00      -0.21      0.21
   Col2    56     -1.81      0.00      25.10     24.96
   Col2    57     -1.81      0.00      25.10     24.96
   Col2    58     -1.81      0.00      25.10     24.96
   Col2    59     -1.81      0.00      25.10     24.96
   Col2    60     -5.24      0.00      25.10     24.96
   Col2    61      1.22      0.00      25.10     24.96
   Col2    62     -1.81      0.00      25.10     24.96
   Col2    63     -1.81      0.00      25.10     24.96
   Col2    64     -5.24      0.00      25.10     24.96
   Col2    65      1.22      0.00      25.10     24.96

 COLUMN DEFLECTIONS:
 -------------------
          Load   Deflection(mm)
   Id      Id      Calc   Limit
   -----  ----   ------  ------
   Col2     1      -1.7    73.6
   Col2     2      -0.3    73.6
   Col2     3      -0.3    73.6
   Col2     4      -0.3    73.6
   Col2     5      -0.3    73.6
   Col2     6      24.6    73.6
   Col2     7      24.6    73.6
   Col2     8      24.6    73.6
   Col2     9      24.6    73.6
   Col2    10      25.7    73.6
   Col2    11      25.7    73.6
   Col2    12      25.7    73.6
   Col2    13      25.7    73.6
   Col2    14      25.7    73.6
   Col2    15      25.7    73.6
   Col2    16      25.7    73.6
   Col2    17      25.7    73.6
   Col2    18      25.7    73.6
   Col2    19      25.7    73.6
   Col2    20      25.7    73.6
   Col2    21      25.7    73.6
   Col2    22     -27.5    73.6
   Col2    23     -27.5    73.6
   Col2    24      34.4    73.6
   Col2    25      34.4    73.6
   Col2    26      34.4    73.6
   Col2    27      34.4    73.6
   Col2    28      34.4    73.6
   Col2    29      34.4    73.6
   Col2    30      -0.3    73.6
   Col2    31      -0.3    73.6
   Col2    32      -1.3    73.6
   Col2    33      -1.3    73.6
   Col2    34      -0.3    73.6
   Col2    35      -0.3    73.6
   Col2    36      -0.1    73.6
   Col2    37      -0.1    73.6
   Col2    38      -0.2    73.6
   Col2    39      -0.2    73.6
   Col2    40      -0.2    73.6
   Col2    41      -0.2    73.6
   Col2    42      -0.2    73.6
   Col2    43      -0.2    73.6
   Col2    44      -0.2    73.6
   Col2    45      -0.2    73.6
   Col2    46      -0.3    73.6
   Col2    47      -0.3    73.6
   Col2    48      -1.3    73.6
   Col2    49      -1.3    73.6
   Col2    50      -0.3    73.6
   Col2    51      -0.3    73.6
   Col2    52      -0.2    73.6
   Col2    53      -0.2    73.6
   Col2    54      -0.3    73.6
   Col2    55      -0.3    73.6
   Col2    56      25.7    73.6
   Col2    57      25.7    73.6
   Col2    58      25.7    73.6
   Col2    59      25.7    73.6
   Col2    60      25.7    73.6
   Col2    61      25.7    73.6
   Col2    62      25.7    73.6
   Col2    63      25.7    73.6
   Col2    64      25.7    73.6
   Col2    65      25.7    73.6

 UNBRACED LENGTH:
 ----------------
            Major  --Minor(mm)--  ----KL/R----
   Id        (mm)    Bend  Axial  Major  Minor
   ------  ------  ------ ------  -----  -----
   Col2      8835    3580   2580     56     91
 
 

 LOAD COMBINATIONS:
 ------------------
     1   Dead+Collateral+Live
     2   Dead+Collateral+Floor_Live
     3   Dead+Collateral+Snow
     4   Dead+Collateral+Snow+Snow_Drift
     5   Dead+Collateral+Snow+Slide_Snow
     6   Dead+Collateral+0.75Live+0.75Wind_Left2+0.75Wind_Suction+0.75Floor_Live
     7   Dead+Collateral+0.75Live+0.75Wind_Right2+0.75Wind_Suction+0.75Floor_Live
     8   Dead+Collateral+0.75Live+0.75Wind_Suction+0.75Wind_Long1+0.75Floor_Live
     9   Dead+Collateral+0.75Live+0.75Wind_Suction+0.75Wind_Long2+0.75Floor_Live
    10   Dead+Collateral+0.75Snow+0.75Wind_Left2+0.75Wind_Suction+0.75Floor_Live
    11   Dead+Collateral+0.75Snow+0.75Wind_Right2+0.75Wind_Suction+0.75Floor_Live
    12   Dead+Collateral+0.75Snow+0.75Wind_Suction+0.75Wind_Long1+0.75Floor_Live
    13   Dead+Collateral+0.75Snow+0.75Wind_Suction+0.75Wind_Long2+0.75Floor_Live
    14   Dead+Collateral+0.75Snow+0.75Wind_Left2+0.75Wind_Suction+0.75Snow_Drift+0.75Floo
    15   Dead+Collateral+0.75Snow+0.75Wind_Right2+0.75Wind_Suction+0.75Snow_Drift+0.75Flo
    16   Dead+Collateral+0.75Snow+0.75Wind_Suction+0.75Wind_Long1+0.75Snow_Drift+0.75Floo
    17   Dead+Collateral+0.75Snow+0.75Wind_Suction+0.75Wind_Long2+0.75Snow_Drift+0.75Floo
    18   Dead+Collateral+0.75Snow+0.75Wind_Left2+0.75Wind_Suction+0.75Slide_Snow+0.75Floo
    19   Dead+Collateral+0.75Snow+0.75Wind_Right2+0.75Wind_Suction+0.75Slide_Snow+0.75Flo
    20   Dead+Collateral+0.75Snow+0.75Wind_Suction+0.75Wind_Long1+0.75Slide_Snow+0.75Floo
    21   Dead+Collateral+0.75Snow+0.75Wind_Suction+0.75Wind_Long2+0.75Slide_Snow+0.75Floo
    22   0.6Dead+Wind_Pressure+Wind_Long1
    23   0.6Dead+Wind_Pressure+Wind_Long2
    24   0.6Dead+Wind_Suction+Wind_Long1
    25   0.6Dead+Wind_Suction+Wind_Long2
    26   0.6Dead+Wind_Left1+Wind_Suction
    27   0.6Dead+Wind_Right1+Wind_Suction
    28   0.6Dead+Wind_Left2+Wind_Suction
    29   0.6Dead+Wind_Right2+Wind_Suction
    30   1.01Dead+1.01Collateral+0.7Seismic_L
    31   1.01Dead+1.01Collateral+0.7Seismic_R
    32   1.01Dead+1.01Collateral+0.75Live+0.52Seismic_L+0.75Floor_Live
    33   1.01Dead+1.01Collateral+0.75Live+0.52Seismic_R+0.75Floor_Live
    34   1.01Dead+1.01Collateral+0.52Seismic_L+0.75Floor_Live
    35   1.01Dead+1.01Collateral+0.52Seismic_R+0.75Floor_Live
    36   0.59Dead+0.7Seismic_L
    37   0.59Dead+0.7Seismic_R
    38   0.6Dead+Wind_Left1
    39   0.6Dead+Wind_Right1
    40   0.6Dead+Wind_Left2
    41   0.6Dead+Wind_Right2
    42   0.6Dead+Wind_Long1+LWIND1_L
    43   0.6Dead+Wind_Long1+LWIND1_R
    44   0.6Dead+Wind_Long2+LWIND2_L
    45   0.6Dead+Wind_Long2+LWIND2_R
    46   Dead+Collateral+0.7Seismic_L
    47   Dead+Collateral+0.7Seismic_R
    48   Dead+Collateral+0.75Live+0.7Seismic_L
    49   Dead+Collateral+0.75Live+0.7Seismic_R
    50   Dead+Collateral+0.52Seismic_L
    51   Dead+Collateral+0.52Seismic_R
    52   0.6Dead+0.7Seismic_L
    53   0.6Dead+0.7Seismic_R
    54   Dead+Collateral+E2PAT_LL_1
    55   Dead+Collateral+E2PAT_LL_2
    56   Dead+Collateral+0.75Snow+0.75Wind_Left2+0.75Wind_Suction
    57   Dead+Collateral+0.75Snow+0.75Wind_Right2+0.75Wind_Suction
    58   Dead+Collateral+0.75Snow+0.75Wind_Left2+0.75Wind_Suction+0.75Snow_Drift
    59   Dead+Collateral+0.75Snow+0.75Wind_Right2+0.75Wind_Suction+0.75Snow_Drift
    60   Dead+Collateral+0.75Snow+0.75Wind_Suction+0.75Wind_Long1+0.75Snow_Drift
    61   Dead+Collateral+0.75Snow+0.75Wind_Suction+0.75Wind_Long2+0.75Snow_Drift
    62   Dead+Collateral+0.75Snow+0.75Wind_Left2+0.75Wind_Suction+0.75Slide_Snow
    63   Dead+Collateral+0.75Snow+0.75Wind_Right2+0.75Wind_Suction+0.75Slide_Snow
    64   Dead+Collateral+0.75Snow+0.75Wind_Suction+0.75Wind_Long1+0.75Slide_Snow
    65   Dead+Collateral+0.75Snow+0.75Wind_Suction+0.75Wind_Long2+0.75Slide_Snow
 
================================================================================
 C323-153            Wall 3 - Web To Flange Weld             6/AUG/2025  1:27pm
================================================================================

 WELDS:
 ------
                                        ----Web_To_Flange----
            Load  Shear      Q     Ixx            Shear(kN/mm)
  Id         Id    (kN)  (cm3)   (cm4)   Size Typ  Calc Limit
  --------  ----  -----  -----  ------  ----- --- ----- -----
  Col2       24    33.6    152    8818   4.00 F1  0.058 0.410
 
================================================================================
 C323-153            Wall 3 - Column Flange Brace            6/AUG/2025  1:27pm
================================================================================

 COLUMN FLANGE BRACES:
 ---------------------
          Column            Brace_At
   Id      Side   Part      Girt_Id
   -----  ------  --------  ----------
   Col2      R    L40X40X4   2   4
================================================================================
 C323-153            Wall 3 - Base Plate Design              6/AUG/2025  1:27pm
================================================================================

 DESIGN CONSTANTS:
 -----------------
  Base Plate Yield     = 345.0(MN/m2)
  Concrete Bearing     =   7.0(MN/m2)
  Bolt Type            = A36  
  Bolt Shear   Stress  =  80.0(MN/m2)
  Bolt Tension Stress  = 150.0(MN/m2)


 BASE SIZE:
 ----------

         -----Base(mm)----  --Plate_Size(mm)--  ------Bolts(mm)------    Req   Req
  Id     Type Depth   Elev  Width Thick Length    Dia Row Space  Gage  Thick   Dia
  -----  ---- -----  -----  ----- ----- ------  ----- --- ----- -----  ----- -----
  Col2    S3  410.0      0  200.0 16.00  450.0  20.00  2  100.0 100.0   8.66 11.57
 
          S3 - Welded Plate


 BASE REACTIONS:
 ---------------
                        Max_Tension+Shear                Max_Shear+Tension
          --Max_Comp-         Tens  Shear  -Max_Shear-        Shear   Tens
  Id      Load Fy(kN)  Load Fy(kN) Fx(kN)  Load Fx(kN)  Load Fx(kN) Fy(kN)
  ------  ---- ------  ---- ------ ------  ---- ------  ---- ------ ------
  Col2      1   51.70   22  -31.00  27.87   24   33.62   27   33.62 -22.43

 WELDS:
 ------
            -Top_Flange_To_Plate-  -Bot_Flange_To_Plate-  -----Web_To_Plate----
                      Shear(kN/mm)           Shear(kN/mm)           Shear(kN/mm)
  Id         Size Typ  Calc Limit   Size Typ  Calc Limit   Size Typ  Calc Limit
  ------    ----- --- ----- -----  ----- --- ----- -----  ----- --- ----- -----
  Col2       4.00 F1  0.103 0.410   4.00 F1  0.103 0.410   4.00 F1  0.084 0.410

 LOAD COMBINATIONS:
 ------------------
     1   Dead+Collateral+Live
    22   0.6Dead+Wind_Pressure+Wind_Long1
    24   0.6Dead+Wind_Suction+Wind_Long1
    27   0.6Dead+Wind_Right1+Wind_Suction
 
 
================================================================================
 C323-153            Wall 3 - Bypass Girt Layout             6/AUG/2025  1:27pm
================================================================================

 GIRT LAYOUT:
 ------------
         Des Bay             Bay_Offset Design ---Extend--         ----Max_Load---
  Locate  Id  Id Part       Start   End Length  Left Right Weight  Id   UC Report  Rot
  ------ --- --- --------   ----- ----- ------ ----- ----- ------  -- ---- ------- ---
    2580   1   1 200Z15         0  3368   3266     0     0   13.3  WS 0.09 Moment   D
           2   1 200Z15      7868 11235   3265     0   960   17.2  WS 0.55 Moment   D
               2 200Z15         0 11235  11235   960     0   49.5  WS 0.65 Moment   D
  ------ --- --- --------   ----- ----- ------ ----- ----- ------  -- ---- ------- ---
    3580   3   1 200Z15         0  3368   3266     0     0   13.3  WS 0.16 Moment   D
           4   1 200Z18      7868 11235   3265     0   960   20.6  WS 0.77 Moment   D
               2 200Z18         0 11235  11235   960     0   59.4  WS 0.97 Moment   D
  ------ --- --- --------   ----- ----- ------ ----- ----- ------  -- ---- ------- ---
    4580   5   1 200ZN20 (a)    0 11235  11235     0   960  132.2  WS 0.99 Moment   D
               2 200ZN18 (a)    0 11235  11235   960     0  118.8  WS 0.84 Moment   D
  ------ --- --- --------   ----- ----- ------ ----- ----- ------  -- ---- ------- ---
    5580   6   1 200Z15         0 11235  11235     0   960   49.5  WS 0.67 Moment   D
               2 200Z15         0 11235  11235   960     0   49.5  WS 0.67 Moment   D
  ------ --- --- --------   ----- ----- ------ ----- ----- ------  -- ---- ------- ---
    5750   7   1 200Z15         0 11235  11235     0   960   49.5  WS 0.57 Moment   D
               2 200Z15         0 11235  11235   960     0   49.5  WS 0.57 Moment   D
  ------ --- --- --------   ----- ----- ------ ----- ----- ------  -- ---- ------- ---
    6580   8   1 200Z18         0 11235  11235     0   960   59.4  WS 0.80 Moment   D
               2 200Z18         0 11235  11235   960     0   59.4  WS 0.80 Moment   D
  ------ --- --- --------   ----- ----- ------ ----- ----- ------  -- ---- ------- ---
    7580   9   1 200Z18         0 11235  11235     0   960   59.4  WS 0.79 Moment   D
               2 200Z18         0 11235  11235   960     0   59.4  WS 0.79 Moment   D
  ------ --- --- --------   ----- ----- ------ ----- ----- ------  -- ---- ------- ---
    8380  10   1 200Z15      1132 11235  10103     0   960   44.9  WS 0.84 Moment   D
               2 200Z15         0 10103  10103   960     0   44.9  WS 0.84 Moment   D
 
                         (a)Nested girt
                                      WS - Wind Suction                  
 

 GIRT INSIDE FLANGE BRACE:
 -------------------------
  No._Brace/Bay
    1   2
  --- ---
    4   4
================================================================================
 C323-153            Wall 3 - Girt Design  1 (Locate  2580)  6/AUG/2025  1:27pm
================================================================================

 GIRT LAYOUT:
 ------------
                                                                     Available
                                                                     Reduction
  Bay                     Design  --Lap(mm)--   Load   No.             Factor
   Id  Part       Locate  Length  Left  Right  Width  Brace  Weight   Out   In
  --- --------   -------  ------  ----  -----  -----  -----  ------  ---- ----
    1 200Z15      2580.0    3266                 540    1      13.3  0.00 0.65
                                                             ------
                                                               13.3


 LOAD ID - Wind_Pressure:
 ---------------------------------------

 GIRT ACTIONS:
       ---------Shear(kN)--------   --------------Moment(kN-m)--------------
  Bay   Left   Left  Right  Right    Left   Left     Mid-Span   Right  Right
   Id    Sup    Lap    Lap    Sup     Sup    Lap    Mom    Loc    Lap    Sup
  ---  -----  -----  -----  -----   -----  -----  -----  -----  -----  -----
    1   0.43                -0.43    0.00         -0.35   1633          0.00

 STRENGTH/DEFLECTION:
  Bay  -------Shear(kN)------  -----Moment(kN-m)-----  -Mom+Shr-  Deflect(mm)
   Id  Loc    Calc Limit   UC  Loc    Calc Limit   UC  Loc    UC   Calc Limit
  ---  ---- ------ ----- ----  ---- ------ ----- ----  ---- ----  ----- -----
    1  LSup   0.43  11.2 0.04  MidS  -0.35  4.46 0.08  RLap 0.05   -0.6  36.3



 LOAD ID - Wind Suction:
 ---------------------------------------

 GIRT ACTIONS:
       ---------Shear(kN)--------   --------------Moment(kN-m)--------------
  Bay   Left   Left  Right  Right    Left   Left     Mid-Span   Right  Right
   Id    Sup    Lap    Lap    Sup     Sup    Lap    Mom    Loc    Lap    Sup
  ---  -----  -----  -----  -----   -----  -----  -----  -----  -----  -----
    1  -0.50                 0.49    0.00          0.41   1657          0.00

 STRENGTH/DEFLECTION:
  Bay  -------Shear(kN)------  -----Moment(kN-m)-----  -Mom+Shr-  Deflect(mm)
   Id  Loc    Calc Limit   UC  Loc    Calc Limit   UC  Loc    UC   Calc Limit
  ---  ---- ------ ----- ----  ---- ------ ----- ----  ---- ----  ----- -----
    1  LSup  -0.50  11.2 0.04  MidS   0.41  4.64 0.09  LLap 0.06    0.7  36.3

================================================================================
 C323-153            Wall 3 - Girt Design  2 (Locate  2580)  6/AUG/2025  1:27pm
================================================================================

 GIRT LAYOUT:
 ------------
                                                                     Available
                                                                     Reduction
  Bay                     Design  --Lap(mm)--   Load   No.             Factor
   Id  Part       Locate  Length  Left  Right  Width  Brace  Weight   Out   In
  --- --------   -------  ------  ----  -----  -----  -----  ------  ---- ----
    1 200Z15      2580.0    3265          960    540    1      17.2  0.00 0.65
    2 200Z15      2580.0   11235   960           540    4      49.5  0.00 0.00
                                                             ------
                                                               66.7


 LOAD ID - Wind_Pressure:
 ---------------------------------------

 GIRT ACTIONS:
       ---------Shear(kN)--------   --------------Moment(kN-m)--------------
  Bay   Left   Left  Right  Right    Left   Left     Mid-Span   Right  Right
   Id    Sup    Lap    Lap    Sup     Sup    Lap    Mom    Loc    Lap    Sup
  ---  -----  -----  -----  -----   -----  -----  -----  -----  -----  -----
    1  -0.58         -1.22  -1.43    0.00          1.29   1633   2.20   3.28
    2   1.76   1.51         -1.18    3.28   1.71  -2.65   6732          0.00

 STRENGTH/DEFLECTION:
  Bay  -------Shear(kN)------  -----Moment(kN-m)-----  -Mom+Shr-  Deflect(mm)
   Id  Loc    Calc Limit   UC  Loc    Calc Limit   UC  Loc    UC   Calc Limit
  ---  ---- ------ ----- ----  ---- ------ ----- ----  ---- ----  ----- -----
    1  RLap  -1.22  11.2 0.11  RLap   2.20  4.71 0.47  RLap 0.40    2.9  36.3
    2  LLap   1.51  11.2 0.13  MidS  -2.65  4.46 0.59  RLap 0.40  -46.4 124.8


 LAP BOLT SHEAR/BEARING:

  Bolt Size =12.00 (Gr8.8)

   Bay  Member    --Member_Left_End(kN)-  -Member_Right_End(kN)-
    Id  Part       Calc Shear  Bear   UC   Calc Shear  Bear   UC
  ----  --------  ----- ----- ----- ----  ----- ----- ----- ----
    1   200Z15                             0.85 15.37  7.27 0.12
    2   200Z15     0.85 15.37  7.27 0.12



 LOAD ID - Wind Suction:
 ---------------------------------------

 GIRT ACTIONS:
       ---------Shear(kN)--------   --------------Moment(kN-m)--------------
  Bay   Left   Left  Right  Right    Left   Left     Mid-Span   Right  Right
   Id    Sup    Lap    Lap    Sup     Sup    Lap    Mom    Loc    Lap    Sup
  ---  -----  -----  -----  -----   -----  -----  -----  -----  -----  -----
    1   0.64          1.35   1.58    0.00         -1.43   1633  -2.44  -3.63
    2  -1.95  -1.67          1.34   -3.63  -1.90   2.95   6661          0.00

 STRENGTH/DEFLECTION:
  Bay  -------Shear(kN)------  -----Moment(kN-m)-----  -Mom+Shr-  Deflect(mm)
   Id  Loc    Calc Limit   UC  Loc    Calc Limit   UC  Loc    UC   Calc Limit
  ---  ---- ------ ----- ----  ---- ------ ----- ----  ---- ----  ----- -----
    1  RLap   1.35  11.2 0.12  RLap  -2.44  4.46 0.55  RLap 0.44   -3.3  36.3
    2  LLap  -1.67  11.2 0.15  MidS   2.95  4.52 0.65  RLap 0.45   51.6 124.8


 LAP BOLT SHEAR/BEARING:

  Bolt Size =12.00 (Gr8.8)

   Bay  Member    --Member_Left_End(kN)-  -Member_Right_End(kN)-
    Id  Part       Calc Shear  Bear   UC   Calc Shear  Bear   UC
  ----  --------  ----- ----- ----- ----  ----- ----- ----- ----
    1   200Z15                             0.95 15.37  7.27 0.13
    2   200Z15     0.95 15.37  7.27 0.13

================================================================================
 C323-153            Wall 3 - Girt Design  3 (Locate  3580)  6/AUG/2025  1:27pm
================================================================================

 GIRT LAYOUT:
 ------------
                                                                     Available
                                                                     Reduction
  Bay                     Design  --Lap(mm)--   Load   No.             Factor
   Id  Part       Locate  Length  Left  Right  Width  Brace  Weight   Out   In
  --- --------   -------  ------  ----  -----  -----  -----  ------  ---- ----
    1 200Z15      3580.0    3266                1000    1      13.3  0.00 0.65
                                                             ------
                                                               13.3


 LOAD ID - Wind_Pressure:
 ---------------------------------------

 GIRT ACTIONS:
       ---------Shear(kN)--------   --------------Moment(kN-m)--------------
  Bay   Left   Left  Right  Right    Left   Left     Mid-Span   Right  Right
   Id    Sup    Lap    Lap    Sup     Sup    Lap    Mom    Loc    Lap    Sup
  ---  -----  -----  -----  -----   -----  -----  -----  -----  -----  -----
    1   0.79                -0.79    0.00         -0.65   1633          0.00

 STRENGTH/DEFLECTION:
  Bay  -------Shear(kN)------  -----Moment(kN-m)-----  -Mom+Shr-  Deflect(mm)
   Id  Loc    Calc Limit   UC  Loc    Calc Limit   UC  Loc    UC   Calc Limit
  ---  ---- ------ ----- ----  ---- ------ ----- ----  ---- ----  ----- -----
    1  LSup   0.79  11.2 0.07  MidS  -0.65  4.46 0.14  RLap 0.09   -1.2  36.3



 LOAD ID - Wind Suction:
 ---------------------------------------

 GIRT ACTIONS:
       ---------Shear(kN)--------   --------------Moment(kN-m)--------------
  Bay   Left   Left  Right  Right    Left   Left     Mid-Span   Right  Right
   Id    Sup    Lap    Lap    Sup     Sup    Lap    Mom    Loc    Lap    Sup
  ---  -----  -----  -----  -----   -----  -----  -----  -----  -----  -----
    1  -0.93                 0.90    0.00          0.75   1657          0.00

 STRENGTH/DEFLECTION:
  Bay  -------Shear(kN)------  -----Moment(kN-m)-----  -Mom+Shr-  Deflect(mm)
   Id  Loc    Calc Limit   UC  Loc    Calc Limit   UC  Loc    UC   Calc Limit
  ---  ---- ------ ----- ----  ---- ------ ----- ----  ---- ----  ----- -----
    1  LSup  -0.93  11.2 0.08  MidS   0.75  4.64 0.16  LLap 0.11    1.4  36.3

================================================================================
 C323-153            Wall 3 - Girt Design  4 (Locate  3580)  6/AUG/2025  1:27pm
================================================================================

 GIRT LAYOUT:
 ------------
                                                                     Available
                                                                     Reduction
  Bay                     Design  --Lap(mm)--   Load   No.             Factor
   Id  Part       Locate  Length  Left  Right  Width  Brace  Weight   Out   In
  --- --------   -------  ------  ----  -----  -----  -----  ------  ---- ----
    1 200Z18      3580.0    3265          960   1000    1      20.6  0.00 0.65
    2 200Z18      3580.0   11235   960          1000    4      59.4  0.00 0.00
                                                             ------
                                                               80.0


 LOAD ID - Wind_Pressure:
 ---------------------------------------

 GIRT ACTIONS:
       ---------Shear(kN)--------   --------------Moment(kN-m)--------------
  Bay   Left   Left  Right  Right    Left   Left     Mid-Span   Right  Right
   Id    Sup    Lap    Lap    Sup     Sup    Lap    Mom    Loc    Lap    Sup
  ---  -----  -----  -----  -----   -----  -----  -----  -----  -----  -----
    1  -1.07         -2.25  -2.65    0.00          2.39   1633   4.07   6.07
    2   3.26   2.80         -2.18    6.07   3.16  -4.91   6732          0.00

 STRENGTH/DEFLECTION:
  Bay  -------Shear(kN)------  -----Moment(kN-m)-----  -Mom+Shr-  Deflect(mm)
   Id  Loc    Calc Limit   UC  Loc    Calc Limit   UC  Loc    UC   Calc Limit
  ---  ---- ------ ----- ----  ---- ------ ----- ----  ---- ----  ----- -----
    1  RLap  -2.25  19.4 0.12  RLap   4.07  6.14 0.66  RLap 0.57    4.5  36.3
    2  LLap   2.80  19.4 0.14  MidS  -4.91  5.84 0.84  RLap 0.59  -71.9 124.8


 LAP BOLT SHEAR/BEARING:

  Bolt Size =12.00 (Gr8.8)

   Bay  Member    --Member_Left_End(kN)-  -Member_Right_End(kN)-
    Id  Part       Calc Shear  Bear   UC   Calc Shear  Bear   UC
  ----  --------  ----- ----- ----- ----  ----- ----- ----- ----
    1   200Z18                             1.58 15.37  8.72 0.18
    2   200Z18     1.58 15.37  8.72 0.18



 LOAD ID - Wind Suction:
 ---------------------------------------

 GIRT ACTIONS:
       ---------Shear(kN)--------   --------------Moment(kN-m)--------------
  Bay   Left   Left  Right  Right    Left   Left     Mid-Span   Right  Right
   Id    Sup    Lap    Lap    Sup     Sup    Lap    Mom    Loc    Lap    Sup
  ---  -----  -----  -----  -----   -----  -----  -----  -----  -----  -----
    1   1.19          2.50   2.93    0.00         -2.65   1633  -4.51  -6.73
    2  -3.61  -3.10          2.48   -6.73  -3.51   5.46   6661          0.00

 STRENGTH/DEFLECTION:
  Bay  -------Shear(kN)------  -----Moment(kN-m)-----  -Mom+Shr-  Deflect(mm)
   Id  Loc    Calc Limit   UC  Loc    Calc Limit   UC  Loc    UC   Calc Limit
  ---  ---- ------ ----- ----  ---- ------ ----- ----  ---- ----  ----- -----
    1  RLap   2.50  19.4 0.13  RLap  -4.51  5.84 0.77  RLap 0.64   -5.0  36.3
    2  LLap  -3.10  19.4 0.16  MidS   5.46  5.60 0.97  RLap 0.65   79.9 124.8


 LAP BOLT SHEAR/BEARING:

  Bolt Size =12.00 (Gr8.8)

   Bay  Member    --Member_Left_End(kN)-  -Member_Right_End(kN)-
    Id  Part       Calc Shear  Bear   UC   Calc Shear  Bear   UC
  ----  --------  ----- ----- ----- ----  ----- ----- ----- ----
    1   200Z18                             1.75 15.37  8.72 0.20
    2   200Z18     1.75 15.37  8.72 0.20

================================================================================
 C323-153            Wall 3 - Girt Design  5 (Locate  4580)  6/AUG/2025  1:27pm
================================================================================

 GIRT LAYOUT:
 ------------
                                                                     Available
                                                                     Reduction
  Bay                     Design  --Lap(mm)--   Load   No.             Factor
   Id  Part       Locate  Length  Left  Right  Width  Brace  Weight   Out   In
  --- --------   -------  ------  ----  -----  -----  -----  ------  ---- ----
    1 200ZN20 (a) 4580.0   11235          960   1000    4     132.2  0.00 0.00
    2 200ZN18 (a) 4580.0   11235   960          1000    4     118.8  0.00 0.00

              (a)Nested Girt
                                                             ------
                                                              251.0


 LOAD ID - Wind_Pressure:
 ---------------------------------------

 GIRT ACTIONS:
       ---------Shear(kN)--------   --------------Moment(kN-m)--------------
  Bay   Left   Left  Right  Right    Left   Left     Mid-Span   Right  Right
   Id    Sup    Lap    Lap    Sup     Sup    Lap    Mom    Loc    Lap    Sup
  ---  -----  -----  -----  -----   -----  -----  -----  -----  -----  -----
    1   4.46         -6.19  -6.65    0.00        -12.24   3444   6.14  12.30
    2   3.82   3.35         -1.63   12.30   8.86  -2.73   7877          0.00

 STRENGTH/DEFLECTION:
  Bay  -------Shear(kN)------  -----Moment(kN-m)-----  -Mom+Shr-  Deflect(mm)
   Id  Loc    Calc Limit   UC  Loc    Calc Limit   UC  Loc    UC   Calc Limit
  ---  ---- ------ ----- ----  ---- ------ ----- ----  ---- ----  ----- -----
    1  RLap  -6.19  53.3 0.12  MidS -12.24 13.55 0.90  LLap 0.65  -81.1 124.8
    2  LLap   3.35  38.8 0.09  LLap   8.86 12.15 0.73  LLap 0.62   -2.5 124.8


 LAP BOLT SHEAR/BEARING:

  Bolt Size =12.00 (Gr8.8)

   Bay  Member    --Member_Left_End(kN)-  -Member_Right_End(kN)-
    Id  Part       Calc Shear  Bear   UC   Calc Shear  Bear   UC
  ----  --------  ----- ----- ----- ----  ----- ----- ----- ----
    1   200ZN20                            3.37 15.37  9.69 0.35
    2   200ZN18    3.04 15.37  8.72 0.35



 LOAD ID - Wind Suction:
 ---------------------------------------

 GIRT ACTIONS:
       ---------Shear(kN)--------   --------------Moment(kN-m)--------------
  Bay   Left   Left  Right  Right    Left   Left     Mid-Span   Right  Right
   Id    Sup    Lap    Lap    Sup     Sup    Lap    Mom    Loc    Lap    Sup
  ---  -----  -----  -----  -----   -----  -----  -----  -----  -----  -----
    1  -5.00          6.84   7.35    0.00         13.55   3457  -6.80 -13.62
    2  -4.22  -3.71          1.87  -13.62  -9.81   3.06   7792          0.00

 STRENGTH/DEFLECTION:
  Bay  -------Shear(kN)------  -----Moment(kN-m)-----  -Mom+Shr-  Deflect(mm)
   Id  Loc    Calc Limit   UC  Loc    Calc Limit   UC  Loc    UC   Calc Limit
  ---  ---- ------ ----- ----  ---- ------ ----- ----  ---- ----  ----- -----
    1  RLap   6.84  53.3 0.13  MidS  13.55 13.70 0.99  LLap 0.72   89.7 124.8
    2  LLap  -3.71  38.8 0.10  LLap  -9.81 11.68 0.84  LLap 0.69    3.0 124.8


 LAP BOLT SHEAR/BEARING:

  Bolt Size =12.00 (Gr8.8)

   Bay  Member    --Member_Left_End(kN)-  -Member_Right_End(kN)-
    Id  Part       Calc Shear  Bear   UC   Calc Shear  Bear   UC
  ----  --------  ----- ----- ----- ----  ----- ----- ----- ----
    1   200ZN20                            3.73 15.37  9.69 0.38
    2   200ZN18    3.36 15.37  8.72 0.39

================================================================================
 C323-153            Wall 3 - Girt Design  6 (Locate  5580)  6/AUG/2025  1:27pm
================================================================================

 GIRT LAYOUT:
 ------------
                                                                     Available
                                                                     Reduction
  Bay                     Design  --Lap(mm)--   Load   No.             Factor
   Id  Part       Locate  Length  Left  Right  Width  Brace  Weight   Out   In
  --- --------   -------  ------  ----  -----  -----  -----  ------  ---- ----
    1 200Z15      5580.0   11235          960    585    4      49.5  0.00 0.00
    2 200Z15      5580.0   11235   960           585    4      49.5  0.00 0.00
                                                             ------
                                                               99.0


 LOAD ID - Wind_Pressure:
 ---------------------------------------

 GIRT ACTIONS:
       ---------Shear(kN)--------   --------------Moment(kN-m)--------------
  Bay   Left   Left  Right  Right    Left   Left     Mid-Span   Right  Right
   Id    Sup    Lap    Lap    Sup     Sup    Lap    Mom    Loc    Lap    Sup
  ---  -----  -----  -----  -----   -----  -----  -----  -----  -----  -----
    1   1.19         -1.72  -1.99    0.00         -2.52   4213   2.69   4.47
    2   1.99   1.72         -1.19    4.47   2.69  -2.52   7022          0.00

 STRENGTH/DEFLECTION:
  Bay  -------Shear(kN)------  -----Moment(kN-m)-----  -Mom+Shr-  Deflect(mm)
   Id  Loc    Calc Limit   UC  Loc    Calc Limit   UC  Loc    UC   Calc Limit
  ---  ---- ------ ----- ----  ---- ------ ----- ----  ---- ----  ----- -----
    1  RLap  -1.72  11.2 0.15  RLap   2.69  4.74 0.57  RLap 0.49  -38.4 124.8
    2  LLap   1.72  11.2 0.15  LLap   2.69  4.74 0.57  LLap 0.49  -38.4 124.8


 LAP BOLT SHEAR/BEARING:

  Bolt Size =12.00 (Gr8.8)

   Bay  Member    --Member_Left_End(kN)-  -Member_Right_End(kN)-
    Id  Part       Calc Shear  Bear   UC   Calc Shear  Bear   UC
  ----  --------  ----- ----- ----- ----  ----- ----- ----- ----
    1   200Z15                             1.16 15.37  7.27 0.16
    2   200Z15     1.16 15.37  7.27 0.16



 LOAD ID - Wind Suction:
 ---------------------------------------

 GIRT ACTIONS:
       ---------Shear(kN)--------   --------------Moment(kN-m)--------------
  Bay   Left   Left  Right  Right    Left   Left     Mid-Span   Right  Right
   Id    Sup    Lap    Lap    Sup     Sup    Lap    Mom    Loc    Lap    Sup
  ---  -----  -----  -----  -----   -----  -----  -----  -----  -----  -----
    1  -1.36          1.90   2.20    0.00          2.80   4287  -2.99  -4.96
    2  -2.20  -1.90          1.36   -4.96  -2.99   2.80   6948          0.00

 STRENGTH/DEFLECTION:
  Bay  -------Shear(kN)------  -----Moment(kN-m)-----  -Mom+Shr-  Deflect(mm)
   Id  Loc    Calc Limit   UC  Loc    Calc Limit   UC  Loc    UC   Calc Limit
  ---  ---- ------ ----- ----  ---- ------ ----- ----  ---- ----  ----- -----
    1  RLap   1.90  11.2 0.17  RLap  -2.99  4.46 0.67  RLap 0.54   42.7 124.8
    2  LLap  -1.90  11.2 0.17  LLap  -2.99  4.46 0.67  LLap 0.54   42.7 124.8


 LAP BOLT SHEAR/BEARING:

  Bolt Size =12.00 (Gr8.8)

   Bay  Member    --Member_Left_End(kN)-  -Member_Right_End(kN)-
    Id  Part       Calc Shear  Bear   UC   Calc Shear  Bear   UC
  ----  --------  ----- ----- ----- ----  ----- ----- ----- ----
    1   200Z15                             1.29 15.37  7.27 0.18
    2   200Z15     1.29 15.37  7.27 0.18

================================================================================
 C323-153            Wall 3 - Girt Design  7 (Locate  5750)  6/AUG/2025  1:27pm
================================================================================

 GIRT LAYOUT:
 ------------
                                                                     Available
                                                                     Reduction
  Bay                     Design  --Lap(mm)--   Load   No.             Factor
   Id  Part       Locate  Length  Left  Right  Width  Brace  Weight   Out   In
  --- --------   -------  ------  ----  -----  -----  -----  ------  ---- ----
    1 200Z15      5750.0   11235          960    500    4      49.5  0.00 0.00
    2 200Z15      5750.0   11235   960           500    4      49.5  0.00 0.00
                                                             ------
                                                               99.0


 LOAD ID - Wind_Pressure:
 ---------------------------------------

 GIRT ACTIONS:
       ---------Shear(kN)--------   --------------Moment(kN-m)--------------
  Bay   Left   Left  Right  Right    Left   Left     Mid-Span   Right  Right
   Id    Sup    Lap    Lap    Sup     Sup    Lap    Mom    Loc    Lap    Sup
  ---  -----  -----  -----  -----   -----  -----  -----  -----  -----  -----
    1   1.02         -1.47  -1.70    0.00         -2.15   4213   2.30   3.82
    2   1.70   1.47         -1.02    3.82   2.30  -2.15   7022          0.00

 STRENGTH/DEFLECTION:
  Bay  -------Shear(kN)------  -----Moment(kN-m)-----  -Mom+Shr-  Deflect(mm)
   Id  Loc    Calc Limit   UC  Loc    Calc Limit   UC  Loc    UC   Calc Limit
  ---  ---- ------ ----- ----  ---- ------ ----- ----  ---- ----  ----- -----
    1  RLap  -1.47  11.2 0.13  RLap   2.30  4.74 0.49  RLap 0.42  -32.8 124.8
    2  LLap   1.47  11.2 0.13  LLap   2.30  4.74 0.49  LLap 0.42  -32.8 124.8


 LAP BOLT SHEAR/BEARING:

  Bolt Size =12.00 (Gr8.8)

   Bay  Member    --Member_Left_End(kN)-  -Member_Right_End(kN)-
    Id  Part       Calc Shear  Bear   UC   Calc Shear  Bear   UC
  ----  --------  ----- ----- ----- ----  ----- ----- ----- ----
    1   200Z15                             1.00 15.37  7.27 0.14
    2   200Z15     1.00 15.37  7.27 0.14



 LOAD ID - Wind Suction:
 ---------------------------------------

 GIRT ACTIONS:
       ---------Shear(kN)--------   --------------Moment(kN-m)--------------
  Bay   Left   Left  Right  Right    Left   Left     Mid-Span   Right  Right
   Id    Sup    Lap    Lap    Sup     Sup    Lap    Mom    Loc    Lap    Sup
  ---  -----  -----  -----  -----   -----  -----  -----  -----  -----  -----
    1  -1.16          1.63   1.88    0.00          2.39   4287  -2.56  -4.24
    2  -1.88  -1.63          1.16   -4.24  -2.56   2.39   6948          0.00

 STRENGTH/DEFLECTION:
  Bay  -------Shear(kN)------  -----Moment(kN-m)-----  -Mom+Shr-  Deflect(mm)
   Id  Loc    Calc Limit   UC  Loc    Calc Limit   UC  Loc    UC   Calc Limit
  ---  ---- ------ ----- ----  ---- ------ ----- ----  ---- ----  ----- -----
    1  RLap   1.63  11.2 0.15  RLap  -2.56  4.46 0.57  RLap 0.46   36.5 124.8
    2  LLap  -1.63  11.2 0.15  LLap  -2.56  4.46 0.57  LLap 0.46   36.5 124.8


 LAP BOLT SHEAR/BEARING:

  Bolt Size =12.00 (Gr8.8)

   Bay  Member    --Member_Left_End(kN)-  -Member_Right_End(kN)-
    Id  Part       Calc Shear  Bear   UC   Calc Shear  Bear   UC
  ----  --------  ----- ----- ----- ----  ----- ----- ----- ----
    1   200Z15                             1.10 15.37  7.27 0.15
    2   200Z15     1.10 15.37  7.27 0.15

================================================================================
 C323-153            Wall 3 - Girt Design  8 (Locate  6580)  6/AUG/2025  1:27pm
================================================================================

 GIRT LAYOUT:
 ------------
                                                                     Available
                                                                     Reduction
  Bay                     Design  --Lap(mm)--   Load   No.             Factor
   Id  Part       Locate  Length  Left  Right  Width  Brace  Weight   Out   In
  --- --------   -------  ------  ----  -----  -----  -----  ------  ---- ----
    1 200Z18      6580.0   11235          960    915    4      59.4  0.00 0.00
    2 200Z18      6580.0   11235   960           915    4      59.4  0.00 0.00
                                                             ------
                                                              118.8


 LOAD ID - Wind_Pressure:
 ---------------------------------------

 GIRT ACTIONS:
       ---------Shear(kN)--------   --------------Moment(kN-m)--------------
  Bay   Left   Left  Right  Right    Left   Left     Mid-Span   Right  Right
   Id    Sup    Lap    Lap    Sup     Sup    Lap    Mom    Loc    Lap    Sup
  ---  -----  -----  -----  -----   -----  -----  -----  -----  -----  -----
    1   1.87         -2.69  -3.11    0.00         -3.93   4213   4.21   6.99
    2   3.11   2.69         -1.87    6.99   4.21  -3.93   7022          0.00

 STRENGTH/DEFLECTION:
  Bay  -------Shear(kN)------  -----Moment(kN-m)-----  -Mom+Shr-  Deflect(mm)
   Id  Loc    Calc Limit   UC  Loc    Calc Limit   UC  Loc    UC   Calc Limit
  ---  ---- ------ ----- ----  ---- ------ ----- ----  ---- ----  ----- -----
    1  RLap  -2.69  19.4 0.14  RLap   4.21  6.17 0.68  RLap 0.60  -50.3 124.8
    2  LLap   2.69  19.4 0.14  LLap   4.21  6.17 0.68  LLap 0.60  -50.3 124.8


 LAP BOLT SHEAR/BEARING:

  Bolt Size =12.00 (Gr8.8)

   Bay  Member    --Member_Left_End(kN)-  -Member_Right_End(kN)-
    Id  Part       Calc Shear  Bear   UC   Calc Shear  Bear   UC
  ----  --------  ----- ----- ----- ----  ----- ----- ----- ----
    1   200Z18                             1.82 15.37  8.72 0.21
    2   200Z18     1.82 15.37  8.72 0.21



 LOAD ID - Wind Suction:
 ---------------------------------------

 GIRT ACTIONS:
       ---------Shear(kN)--------   --------------Moment(kN-m)--------------
  Bay   Left   Left  Right  Right    Left   Left     Mid-Span   Right  Right
   Id    Sup    Lap    Lap    Sup     Sup    Lap    Mom    Loc    Lap    Sup
  ---  -----  -----  -----  -----   -----  -----  -----  -----  -----  -----
    1  -2.13          2.98   3.45    0.00          4.38   4287  -4.68  -7.76
    2  -3.45  -2.98          2.13   -7.76  -4.68   4.38   6948          0.00

 STRENGTH/DEFLECTION:
  Bay  -------Shear(kN)------  -----Moment(kN-m)-----  -Mom+Shr-  Deflect(mm)
   Id  Loc    Calc Limit   UC  Loc    Calc Limit   UC  Loc    UC   Calc Limit
  ---  ---- ------ ----- ----  ---- ------ ----- ----  ---- ----  ----- -----
    1  RLap   2.98  19.4 0.15  RLap  -4.68  5.84 0.80  RLap 0.66   55.9 124.8
    2  LLap  -2.98  19.4 0.15  LLap  -4.68  5.84 0.80  LLap 0.66   55.9 124.8


 LAP BOLT SHEAR/BEARING:

  Bolt Size =12.00 (Gr8.8)

   Bay  Member    --Member_Left_End(kN)-  -Member_Right_End(kN)-
    Id  Part       Calc Shear  Bear   UC   Calc Shear  Bear   UC
  ----  --------  ----- ----- ----- ----  ----- ----- ----- ----
    1   200Z18                             2.02 15.37  8.72 0.23
    2   200Z18     2.02 15.37  8.72 0.23

================================================================================
 C323-153            Wall 3 - Girt Design  9 (Locate  7580)  6/AUG/2025  1:27pm
================================================================================

 GIRT LAYOUT:
 ------------
                                                                     Available
                                                                     Reduction
  Bay                     Design  --Lap(mm)--   Load   No.             Factor
   Id  Part       Locate  Length  Left  Right  Width  Brace  Weight   Out   In
  --- --------   -------  ------  ----  -----  -----  -----  ------  ---- ----
    1 200Z18      7580.0   11235          960    900    4      59.4  0.00 0.00
    2 200Z18      7580.0   11235   960           900    4      59.4  0.00 0.00
                                                             ------
                                                              118.8


 LOAD ID - Wind_Pressure:
 ---------------------------------------

 GIRT ACTIONS:
       ---------Shear(kN)--------   --------------Moment(kN-m)--------------
  Bay   Left   Left  Right  Right    Left   Left     Mid-Span   Right  Right
   Id    Sup    Lap    Lap    Sup     Sup    Lap    Mom    Loc    Lap    Sup
  ---  -----  -----  -----  -----   -----  -----  -----  -----  -----  -----
    1   1.84         -2.64  -3.06    0.00         -3.87   4213   4.14   6.88
    2   3.06   2.64         -1.84    6.88   4.14  -3.87   7022          0.00

 STRENGTH/DEFLECTION:
  Bay  -------Shear(kN)------  -----Moment(kN-m)-----  -Mom+Shr-  Deflect(mm)
   Id  Loc    Calc Limit   UC  Loc    Calc Limit   UC  Loc    UC   Calc Limit
  ---  ---- ------ ----- ----  ---- ------ ----- ----  ---- ----  ----- -----
    1  RLap  -2.64  19.4 0.14  RLap   4.14  6.17 0.67  RLap 0.59  -49.4 124.8
    2  LLap   2.64  19.4 0.14  LLap   4.14  6.17 0.67  LLap 0.59  -49.4 124.8


 LAP BOLT SHEAR/BEARING:

  Bolt Size =12.00 (Gr8.8)

   Bay  Member    --Member_Left_End(kN)-  -Member_Right_End(kN)-
    Id  Part       Calc Shear  Bear   UC   Calc Shear  Bear   UC
  ----  --------  ----- ----- ----- ----  ----- ----- ----- ----
    1   200Z18                             1.79 15.37  8.72 0.21
    2   200Z18     1.79 15.37  8.72 0.21



 LOAD ID - Wind Suction:
 ---------------------------------------

 GIRT ACTIONS:
       ---------Shear(kN)--------   --------------Moment(kN-m)--------------
  Bay   Left   Left  Right  Right    Left   Left     Mid-Span   Right  Right
   Id    Sup    Lap    Lap    Sup     Sup    Lap    Mom    Loc    Lap    Sup
  ---  -----  -----  -----  -----   -----  -----  -----  -----  -----  -----
    1  -2.09          2.93   3.39    0.00          4.30   4287  -4.60  -7.63
    2  -3.39  -2.93          2.09   -7.63  -4.60   4.30   6948          0.00

 STRENGTH/DEFLECTION:
  Bay  -------Shear(kN)------  -----Moment(kN-m)-----  -Mom+Shr-  Deflect(mm)
   Id  Loc    Calc Limit   UC  Loc    Calc Limit   UC  Loc    UC   Calc Limit
  ---  ---- ------ ----- ----  ---- ------ ----- ----  ---- ----  ----- -----
    1  RLap   2.93  19.4 0.15  RLap  -4.60  5.84 0.79  RLap 0.65   55.0 124.8
    2  LLap  -2.93  19.4 0.15  LLap  -4.60  5.84 0.79  LLap 0.65   55.0 124.8


 LAP BOLT SHEAR/BEARING:

  Bolt Size =12.00 (Gr8.8)

   Bay  Member    --Member_Left_End(kN)-  -Member_Right_End(kN)-
    Id  Part       Calc Shear  Bear   UC   Calc Shear  Bear   UC
  ----  --------  ----- ----- ----- ----  ----- ----- ----- ----
    1   200Z18                             1.99 15.37  8.72 0.23
    2   200Z18     1.99 15.37  8.72 0.23

================================================================================
 C323-153            Wall 3 - Girt Design 10 (Locate  8380)  6/AUG/2025  1:27pm
================================================================================

 GIRT LAYOUT:
 ------------
                                                                     Available
                                                                     Reduction
  Bay                     Design  --Lap(mm)--   Load   No.             Factor
   Id  Part       Locate  Length  Left  Right  Width  Brace  Weight   Out   In
  --- --------   -------  ------  ----  -----  -----  -----  ------  ---- ----
    1 200Z15      8380.0   10103          960    979    4      44.9  0.00 0.00
    2 200Z15      8380.0   10103   960           979    4      44.9  0.00 0.00
                                                             ------
                                                               89.8


 LOAD ID - Wind_Pressure:
 ---------------------------------------

 GIRT ACTIONS:
       ---------Shear(kN)--------   --------------Moment(kN-m)--------------
  Bay   Left   Left  Right  Right    Left   Left     Mid-Span   Right  Right
   Id    Sup    Lap    Lap    Sup     Sup    Lap    Mom    Loc    Lap    Sup
  ---  -----  -----  -----  -----   -----  -----  -----  -----  -----  -----
    1   1.80         -2.54  -2.99    0.00         -3.40   3788   3.39   6.05
    2   2.99   2.54         -1.80    6.05   3.39  -3.40   6314          0.00

 STRENGTH/DEFLECTION:
  Bay  -------Shear(kN)------  -----Moment(kN-m)-----  -Mom+Shr-  Deflect(mm)
   Id  Loc    Calc Limit   UC  Loc    Calc Limit   UC  Loc    UC   Calc Limit
  ---  ---- ------ ----- ----  ---- ------ ----- ----  ---- ----  ----- -----
    1  RLap  -2.54  11.2 0.23  MidS  -3.40  4.46 0.76  RLap 0.62  -42.0 112.3
    2  LLap   2.54  11.2 0.23  MidS  -3.40  4.46 0.76  LLap 0.62  -42.0 112.3


 LAP BOLT SHEAR/BEARING:

  Bolt Size =12.00 (Gr8.8)

   Bay  Member    --Member_Left_End(kN)-  -Member_Right_End(kN)-
    Id  Part       Calc Shear  Bear   UC   Calc Shear  Bear   UC
  ----  --------  ----- ----- ----- ----  ----- ----- ----- ----
    1   200Z15                             1.58 15.37  7.27 0.22
    2   200Z15     1.58 15.37  7.27 0.22



 LOAD ID - Wind Suction:
 ---------------------------------------

 GIRT ACTIONS:
       ---------Shear(kN)--------   --------------Moment(kN-m)--------------
  Bay   Left   Left  Right  Right    Left   Left     Mid-Span   Right  Right
   Id    Sup    Lap    Lap    Sup     Sup    Lap    Mom    Loc    Lap    Sup
  ---  -----  -----  -----  -----   -----  -----  -----  -----  -----  -----
    1  -2.02          2.80   3.31    0.00          3.76   3830  -3.75  -6.68
    2  -3.31  -2.80          2.02   -6.68  -3.75   3.76   6272          0.00

 STRENGTH/DEFLECTION:
  Bay  -------Shear(kN)------  -----Moment(kN-m)-----  -Mom+Shr-  Deflect(mm)
   Id  Loc    Calc Limit   UC  Loc    Calc Limit   UC  Loc    UC   Calc Limit
  ---  ---- ------ ----- ----  ---- ------ ----- ----  ---- ----  ----- -----
    1  RLap   2.80  11.2 0.25  RLap  -3.75  4.46 0.84  RLap 0.69   46.5 112.3
    2  LLap  -2.80  11.2 0.25  LLap  -3.75  4.46 0.84  LLap 0.69   46.5 112.3


 LAP BOLT SHEAR/BEARING:

  Bolt Size =12.00 (Gr8.8)

   Bay  Member    --Member_Left_End(kN)-  -Member_Right_End(kN)-
    Id  Part       Calc Shear  Bear   UC   Calc Shear  Bear   UC
  ----  --------  ----- ----- ----- ----  ----- ----- ----- ----
    1   200Z15                             1.74 15.37  7.27 0.24
    2   200Z15     1.74 15.37  7.27 0.24

================================================================================
 C323-153            Wall 3 - Door Jamb & Header Design      6/AUG/2025  1:27pm
================================================================================

 LAYOUT:
 -------
                                                      Reduction
  Open  Bay                             Load            Factor
   Id    Id  Locate  Part      Length  Width  Weight   Out   In
  ----  ---  ------  --------  ------  -----  ------  ---- ----
    1     1  JambL   200C20      4580   2250    24.8  0.00 0.65
             JambR   200C20      4580   2250    24.8  0.00 0.65

 STRENGTH/DEFLECTION:
 --------------------
  Open         Load  --Shear(kN)-  --Moment(mm,kN-m)-   Mom+   Max  Deflect(mm)
   Id  Member   Id     Calc Limit    Loc   Calc Limit  Shear    UC   Calc Limit
  ---- ------  ----  ------ -----  ----- ------ -----  -----  ----  ----- -----
    1  JambL    WP    -3.38 25.68   2580  -3.77  7.85   0.35  0.48  -10.0  50.9 
                WS     3.73 25.68   2580   4.16  6.47   0.39  0.64   11.0  50.9 
       JambR    WP    -3.38 25.68   2580  -3.77  7.85   0.35  0.48  -10.0  50.9 
                WS     3.73 25.68   2580   4.16  6.47   0.39  0.64   11.0  50.9 
 
                WP - Wind_Pressure                  
                WS - Wind Suction                   
 
================================================================================
 C323-153            Wall 3 - Wall Panel Design              6/AUG/2025  1:27pm
================================================================================

 PANEL DATA:
 -----------
  Bay                                       Rotation   Panel
   Id   Part      Rot  Type  Thick  Yield  Stiffness  Height
  ---   --------  ---  ----  -----  -----  ---------  ------
    1   45250 .5   N    4525  0.50    250     0.00      9537

 MOMENTS & DEFLECTION:
 ---------------------
                            --------------Moment(m-N/m   )-------------
  Span    Locate(mm)            Start       Midspan        End      Max  Deflect(mm)
   Id    Start   End  Load   Calc Limit   Calc Limit   Calc Limit    UC   Calc Limit
  ----   ----- -----  ----  ----- -----  ----- -----  ----- -----  ----  ----- -----
    1     2500  2580   WP       0  1800     23  1800     46  1800  0.03    0.0   0.9
                       WS       0   940    -24   940    -50   940  0.05    0.0   0.9
    2     2580  3580   WP      46  1800    -27   940     50  1800  0.03   -0.1  11.1
                       WS     -50   940     29  1800    -55   940  0.06    0.1  11.1
    3     3580  4580   WP      50  1800    -24   940     52  1800  0.03    0.0  11.1
                       WS     -55   940     26  1800    -57   940  0.06    0.0  11.1
    4     4580  5580   WP      52  1800    -29   940     41  1800  0.03   -0.1  11.1
                       WS     -57   940     31  1800    -44   940  0.06    0.1  11.1
    5     5580  5750   WP      41  1800     27  1800     18  1800  0.02    0.0   1.9
                       WS     -44   940    -30   940    -20   940  0.05    0.0   1.9
    6     5750  6580   WP      18  1800    -18   940     51  1800  0.03    0.0   9.2
                       WS     -20   940     20  1800    -56   940  0.06    0.0   9.2
    7     6580  7580   WP      51  1800    -33   940     33  1800  0.04   -0.1  11.1
                       WS     -56   940     36  1800    -35   940  0.06    0.1  11.1
    8     7580  8380   WP      33  1800      2  1800     72  1800  0.04    0.0   8.9
                       WS     -35   940     -3   940    -78   940  0.08    0.0   8.9
    9     8380  9537   WP      72  1800    -67   940      0  1800  0.07   -0.2  12.9
                       WS     -78   940     73  1800      0  1800  0.08    0.3  12.9
 
                      WP - Wind_Pressure                  
                      WS - Wind Suction                   
 
================================================================================
 C323-153            Wall 3 - Panel Zones                    6/AUG/2025  1:27pm
================================================================================

 PANEL:
 ------
                             Tensile
            Thick   Yield   Strength
  Part       (mm)  (MN/m2)   (MN/m2)
  --------  -----  -------  --------
  45250 .5   0.50   250.0     325.0

 GIRT SCREWS:
 ------------
              Dia  Washer  Limit
  Part       (mm)    (mm)   (kN)
  --------  -----  ------  -----
  14x20SDS    4.8    19.0  13.70

 PANEL ZONE LAYOUT:
 ------------------
                                            --Girt(mm,mm,mm)--  Panel
  Zone                 ----Wall(mm)---  Bay         Load   Min   Span
   Id   Description    Offset1 Offset2   Id Locate Width Thick   (mm)
  ----  -------------  ------- -------  --- ------ ----- -----  -----
    1   Interior          2247   20223    1   3580  1000  1.50   1157
    2   Lt Edge              0    2247    1   3580  1000  1.50   1157
    3   Rt Edge          20223   22470    2   3580  1000  1.50   1157

 GIRT SCREW CHECK:
 -----------------
        Screw     Wind         --------Limit(kN)-------
  Zone  Space  Suction   Load     Girt    Panel   Screw   Max
   Id    (mm)  (kN/m2)   (kN)  Pullout Pullover Tension    UC
  ----  -----  -------  -----  ------- -------- -------  ----
    1     250    0.649   0.16     0.92     1.54    3.65  0.18
    2     250    0.649   0.16     0.92     1.54    3.65  0.18
    3     250    0.649   0.16     0.92     1.54    3.65  0.18

 BASE SCREWS:
 ------------
              Dia  Washer  Limit
  Part       (mm)    (mm)   (kN)
  --------  -----  ------  -----
  14x20SDS    4.8    19.0  13.70

 BASE SCREW CHECK:
 -----------------
          Screw   Force/Screw  Shear
    Base  Space   Wind   Seis  Limit   Max
  Length   (mm)   (kN)   (kN)   (kN)    UC
  ------  -----  -----  -----  -----  ----
       0    250  0.000  0.000  0.702  0.00    
 
================================================================================
 C323-153            Wall 3 - Weight Summary                 6/AUG/2025  1:27pm
================================================================================
 

                                            Weight
                 Description                  (kg)
                 -----------               -------
                 Columns               =    242.96
                 Girts                 =    949.57
                 Wall Openings         =     49.65
                 Clips                 =     26.97
                                         ---------
                 Total                 =   1269.14

================================================================================
 C323-153            Wall 3 - Warning Summary                6/AUG/2025  1:27pm
================================================================================

                   .. No Warnings
