 
 
 
 
                      RECLA INTERNATIONAL PRIVATE LIMITED
                                      PUNE
 
 
 
 
 
                    REACTIONS, ANCHOR BOLTS, & BASE PLATES
                                      FOR
 
 
 
 
 
 
 
                               Proposed Warehouse
                               Proposed Warehouse
                                      PINE
                                    C323-153
 
 
 
 
                                 BUILDING LAYOUT
                        Width              (mm)=  22470
                        Length             (mm)=  36285
                        Eave Height        (mm)=   8420/  8420
                        Roof Slope   (rise/100)= 10.00/10.00
 
                                 BUILDING LOADS
                        Roof Dead Load  (kN/m2)=  0.10
                        Wall Dead Load
                          Left  Endwall (kN/m2)=  0.10
                          Right Endwall (kN/m2)=  0.10
                          Front Sidewall(kN/m2)=  0.10
                          Back  Sidewall(kN/m2)=  0.10
                        Live Load       (kN/m2)=  0.57
                        Collateral Load (kN/m2)=  0.05
                        Wind Speed       (m/s )=  39.0
                        Wind Code              = MBMA10
                        Exposure               = B
                        Closure                = Enclosed
                        Internal Wind Coeff    = -0.18, +0.18
                        Risk Category          = -
                        Importance - Wind      =  1.00
                        Importance - Seismic   =  1.00
                        Seismic Design Category= B
                        Seismic Coeff (Sms)    =  0.16
                        Temperature Change     =   20
                        -------------------------------
                        Designer : AAB
                        Detailer : AAB
 
 
 
 
                                      6/AUG/2025



================================================================================
 C323-153            Reactions, Anchor Bolts, & Base Plates: 6/AUG/2025  1:27pm
================================================================================

 -----  -----   -----Foundation_Loads(kN)-----   ---------   -----------------
 Frame  Col      Max_Pos_Val     Max_Neg_Val     Anc._Bolt      Base_Plate 
 Line   Line    Id  Horz  Vert  Id  Horz  Vert   No.  Diam   Width   Len Thick
 -----  ------  -- ----- -----  -- ----- -----   --- -----   ----- ----- -----
 1*     C       Moment connection, see below.     8   20.0   200.0 706.0  16.0 
 1*     A       Moment connection, see below.     8   20.0   200.0 706.0  16.0 
 1*     B       16  33.6 -22.4  17 -27.9 -31.0    4   20.0   200.0 450.0  16.0 
                 9   0.0  31.3   8   0.0 -14.8                                 
 -----  ------  -- ----- -----  -- ----- -----   --- -----   ----- ----- -----
 2*     C       Moment connection, see below.     8   20.0   200.0 706.0  16.0 
 2*     A       Moment connection, see below.     8   20.0   200.0 706.0  16.0 

 Rigid Frame Reactions Frame Lines :1  7  
 --------------------------------------------------

 Load  -----Left_Column------- -----Right_Column------
  Id   Fx(kN) Fy(kN) Mom(kN-m) Fx(kN) Fy(kN) Mom(kN-m)
 ----  ------ ------ --------- ------ ------ ---------
   1     11.7   20.7     -46.4    3.9   57.8     -38.5
   2    -11.4   -6.6      25.6   -4.2    1.1      14.9
   3      9.0   66.8     -13.5   -1.2   24.3      -1.8
   4     -9.3  -10.8      23.4   -6.3   -3.1      17.0
   5      4.2    1.1     -15.1   11.4   -6.6     -25.4
   6     -3.9   16.1      14.4  -11.7   62.4      21.3
   7      1.2   24.3       1.8   -9.0   66.8      13.7
   8      6.3   -3.1     -17.3    9.3  -10.8     -23.3
   9      4.0   18.0      -6.9   -4.0   17.9       6.9
  11      3.4   -9.0      -5.6   -3.1   -6.2       0.4
  13      3.1   -6.2      -0.4   -3.4   -9.1       5.5
  18      1.1    7.1      -1.8   -1.1    7.1       1.8
  19      1.1    7.1      -1.8   -1.1    7.1       1.8
  20      1.1    7.1      -1.8   -1.1    7.1       1.8
  21      1.1    7.1      -1.8   -1.1    7.1       1.8
  22      0.8    6.1      -1.3   -0.8    6.1       1.3
  23      1.1    7.1      -1.8   -1.1    7.1       1.8
  24      1.1    7.1      -1.8   -1.1    7.1       1.8
  25      1.1    7.1      -1.8   -1.1    7.1       1.8
  26     -4.1    4.4      12.6   -7.6   10.2      17.8
  27      7.6   10.2     -17.9    4.1    4.4     -12.4
  28     -5.7    7.5      14.2   -6.0   13.3      16.2
  29      6.1   13.3     -16.3    5.7    7.5     -14.0
  30      5.5    5.7      -9.2   -5.2    7.8       5.4
  31      5.2    7.8      -5.3   -5.5    5.7       9.2
  32      3.9    8.8      -7.6   -3.6   10.9       3.7
  33      3.6   11.0      -3.7   -3.9    8.8       7.6
  34     -6.3   -3.7      16.4   -5.5    2.0      14.0
  35     -6.3   -3.7      16.4   -5.5    2.0      14.0
  36     -6.3   -3.7      16.4   -5.5    2.0      14.0
  37      5.5    2.0     -14.1    6.2   -3.8     -16.3
  38      5.5    2.0     -14.1    6.2   -3.8     -16.3
  39      5.5    2.0     -14.1    6.2   -3.8     -16.3
  40     -7.9   -0.6      18.0   -3.9    5.1      12.3
  41     -7.9   -0.6      18.0   -3.9    5.1      12.3
  42     -7.9   -0.6      18.0   -3.9    5.1      12.3
  43      3.9    5.1     -12.5    7.8   -0.6     -17.9
  44      3.9    5.1     -12.5    7.8   -0.6     -17.9
  45      3.9    5.1     -12.5    7.8   -0.6     -17.9
  46      2.4    1.4      -3.9   -2.3    2.6       1.6
  47      2.3    2.6      -1.6   -2.4    1.3       3.9
  48      2.4    1.4      -3.9   -2.3    2.6       1.6
  49      2.3    2.6      -1.6   -2.4    1.3       3.9
  50      2.4    1.4      -3.9   -2.3    2.6       1.6
  51      2.3    2.6      -1.6   -2.4    1.3       3.9
  52      1.5    3.2      -3.0   -1.3    4.5       0.7
  53      1.3    4.5      -0.6   -1.5    3.2       2.9
  54      1.5    3.2      -3.0   -1.3    4.5       0.7
  55      1.3    4.5      -0.6   -1.5    3.2       2.9
  56      1.5    3.2      -3.0   -1.3    4.5       0.7
  57      1.3    4.5      -0.6   -1.5    3.2       2.9
  58      1.3   -4.9      -3.4   -1.0   -2.0      -1.7
  59      1.0   -2.0       1.8   -1.3   -4.9       3.4
  60      0.4    7.0       3.1   -1.9    7.2       6.6
  61      1.9    7.3      -6.7   -0.4    7.0      -3.0
  62      2.7   15.2      -2.0   -3.8   15.4       9.2
  63      3.8   15.4      -9.2   -2.7   15.2       2.1
  64      0.6    7.1       1.8   -1.7    7.2       5.4
  65      1.7    7.2      -5.4   -0.6    7.0      -1.7
  66     -0.3    3.5       4.1   -1.2    3.7       5.6
  67      1.3    3.7      -5.7    0.2    3.5      -4.0
  68      1.1    7.1      -1.8   -1.1    7.1       1.8
  69      3.3   15.3      -5.6   -3.3   15.3       5.7
  70      1.1    7.1      -1.8   -1.1    7.1       1.8
  71      0.5    3.6      -0.8   -0.5    3.6       0.8
  72      1.2   66.0      26.8   -9.0   25.1      37.9
  73      9.1   25.1     -38.6   -1.3   66.0     -26.0
  74     -4.0   57.8      39.4  -11.6   20.7      45.6
  75     -5.0   59.9      40.5  -10.6   22.8      44.5
  76     11.7   62.4     -21.3    3.9   16.1     -14.3
  77     10.6   64.5     -20.2    5.0   18.2     -15.3
  78     -5.0   18.2      15.4  -10.6   64.5      20.2
  79     10.7   22.8     -45.3    4.9   59.9     -39.6
  80      2.5   19.2       7.6   -2.5    5.9      16.0
  81      2.6    5.9     -16.3   -2.6   19.1      -7.2
  82      1.6    6.5      -5.9   -1.6    6.4       5.9
  83      0.1    5.8       3.3   -0.1    5.8      -3.2
  84      3.8   15.5      -9.0   -3.8   15.5       9.1
  85      2.7   15.0      -2.2   -2.7   15.0       2.2
  86      1.7    7.3      -5.2   -1.7    7.3       5.2
  87      1.7    7.3      -5.2   -1.7    7.3       5.2
  88      1.7    7.3      -5.2   -1.7    7.3       5.2
  89      0.5    6.8       1.7   -0.5    6.8      -1.6
  90      0.5    6.8       1.7   -0.5    6.8      -1.6
  91      0.5    6.8       1.7   -0.5    6.8      -1.6

 Rigid Frame Reactions Frame Lines :2  3  4  5  6  
 --------------------------------------------------

 Load  -----Left_Column------- -----Right_Column------
  Id   Fx(kN) Fy(kN) Mom(kN-m) Fx(kN) Fy(kN) Mom(kN-m)
 ----  ------ ------ --------- ------ ------ ---------
   2    -24.3  -10.6      57.3   -3.5   -1.4      19.9
   4    -23.2  -24.2      63.2   -4.5  -15.0      13.8
   5      3.5   -1.4     -20.4   24.2  -10.6     -57.1
   8      4.6  -15.0     -14.5   23.2  -24.2     -63.1
   9     30.4   54.7     -69.8  -30.4   54.6      70.6
  10     15.6   78.6     -28.6   -7.6   35.2      13.3
  11     -5.4  -46.9      18.1    6.0  -42.1     -27.9
  12      7.6   35.2     -13.1  -15.6   78.5      28.9
  13     -6.0  -41.7      27.6    5.4  -47.3     -18.7
  18      7.6   15.8     -17.2   -7.6   15.7      17.4
  19      7.6   15.8     -17.2   -7.6   15.7      17.4
  20      7.6   15.8     -17.2   -7.6   15.7      17.4
  21      7.6   15.8     -17.2   -7.6   15.7      17.4
  22      5.5   12.3     -12.6   -5.5   12.3      12.7
  23      7.6   15.8     -17.2   -7.6   15.7      17.4
  24      7.6   15.8     -17.2   -7.6   15.7      17.4
  25      7.6   15.8     -17.2   -7.6   15.7      17.4
  26      4.8   21.2      -3.6  -25.6   28.1      62.0
  27     25.6   28.2     -61.9   -4.8   21.2       4.3
  28      4.0   31.5      -8.0  -24.8   38.3      66.5
  29     24.8   38.4     -66.3   -4.0   31.4       8.8
  30     18.2    4.2     -37.4  -17.7    7.8      30.7
  31     17.7    8.1     -30.3  -18.1    3.9      37.6
  32     19.4   14.5     -44.6  -19.0   18.0      38.1
  33     19.0   18.3     -37.6  -19.4   14.1      45.0
  34    -12.3   -8.0      35.8   -8.5   -1.0      22.0
  35    -12.3   -8.0      35.8   -8.5   -1.0      22.0
  36    -12.3   -8.0      35.8   -8.5   -1.0      22.0
  37      8.5   -1.0     -22.4   12.3   -8.0     -35.6
  38      8.5   -1.0     -22.4   12.3   -8.0     -35.6
  39      8.5   -1.0     -22.4   12.3   -8.0     -35.6
  40    -13.1    2.3      31.4   -7.7    9.2      26.6
  41    -13.1    2.3      31.4   -7.7    9.2      26.6
  42    -13.1    2.3      31.4   -7.7    9.2      26.6
  43      7.7    9.2     -26.8   13.1    2.2     -31.1
  44      7.7    9.2     -26.8   13.1    2.2     -31.1
  45      7.7    9.2     -26.8   13.1    2.2     -31.1
  46      3.6   -8.7      -5.6   -3.4   -6.5       1.5
  47      3.4   -6.3      -1.4   -3.6   -8.9       5.6
  48      3.6   -8.7      -5.6   -3.4   -6.5       1.5
  49      3.4   -6.3      -1.4   -3.6   -8.9       5.6
  50      3.6   -8.7      -5.6   -3.4   -6.5       1.5
  51      3.4   -6.3      -1.4   -3.6   -8.9       5.6
  52      4.4   -2.5     -10.0   -4.2   -0.4       5.9
  53      4.1   -0.2      -5.8   -4.4   -2.7      10.0
  54      4.4   -2.5     -10.0   -4.2   -0.4       5.9
  55      4.1   -0.2      -5.8   -4.4   -2.7      10.0
  56      4.4   -2.5     -10.0   -4.2   -0.4       5.9
  57      4.1   -0.2      -5.8   -4.4   -2.7      10.0
  58     -3.7  -33.3       8.4    4.2  -28.5     -18.0
  59     -4.3  -28.1      17.9    3.7  -33.7      -8.8
  60      6.8   15.8     -12.2   -8.5   16.1      22.7
  61      8.5   16.1     -22.6   -6.8   15.7      12.5
  62     24.1   45.0     -52.9  -25.4   45.2      61.3
  63     25.4   45.3     -60.7  -24.1   44.9      53.7
  64      7.0   15.8     -13.5   -8.3   16.0      21.4
  65      8.3   16.1     -21.2   -7.0   15.8      13.8
  66      2.4    7.1      -2.2   -4.1    7.4      12.6
  67      4.1    7.4     -12.6   -2.4    7.1       2.4
  68      7.6   14.5     -17.4   -7.6   14.5      17.6
  69     24.8   44.1     -56.8  -24.8   44.0      57.5
  70      7.6   14.9     -17.4   -7.6   14.8      17.6
  71      3.3    5.9      -7.4   -3.3    5.9       7.5
  82      6.0   12.3     -16.3   -6.0   12.3      16.5
  83      5.1   12.3      -8.8   -5.1   12.3       9.0
  84     25.0   45.0     -59.4  -25.0   44.9      60.1
  85     24.3   45.0     -53.8  -24.3   44.9      54.5
  86      7.9   15.8     -20.0   -7.9   15.7      20.2
  87      7.9   15.8     -20.0   -7.9   15.7      20.2
  88      7.9   15.8     -20.0   -7.9   15.7      20.2
  89      7.2   15.8     -14.4   -7.2   15.7      14.6
  90      7.2   15.8     -14.4   -7.2   15.7      14.6
  91      7.2   15.8     -14.4   -7.2   15.7      14.6
  92      7.6   77.6      10.7  -15.5   36.1      52.0
  93     15.6   36.2     -52.4   -7.6   77.6      -9.8
  94     -7.7   58.4      50.7  -14.1   21.5      50.4
  95     -8.2   65.2      47.8  -13.6   28.3      53.4
  96     14.2   63.9     -27.4    7.7   15.9     -26.8
  97     13.6   70.8     -30.4    8.2   22.8     -23.8
  98     -7.7   16.0      26.9  -14.1   63.9      27.3
  99     -8.2   22.8      24.0  -13.6   70.7      30.3
 100     14.2   21.5     -51.2    7.6   58.4     -49.9
 101     13.7   28.3     -54.2    8.1   65.2     -46.8


 -----------------------------------------------------------------------------
 1*   Frame Lines:1 7  
 2*   Frame Lines:2 3 4 5 6  

 LOAD COMBINATIONS:
 ------------------
     Id   Combination
   ----   ------------------------------
      1   Dead+Wind_Right1/2+F1CRANEA4
      2   0.6Dead+Wind_Left2
      3   Dead+Collateral+F1CRANEA2
      4   0.6Dead+Wind_Left1
      5   0.6Dead+Wind_Right2
      6   Dead+Wind_Left1/2+F1CRANEA3
      7   Dead+Collateral+F1CRANEA3
      8   0.6Dead+Wind_Right1
      9   Dead+Collateral+Live
     10   Dead+Collateral+F2CRANEA2
     11   0.6Dead+Wind_Long1L+LWIND1_L2E
     12   Dead+Collateral+F2CRANEA3
     13   0.6Dead+Wind_Long1L+LWIND1_R2E
     14   0.6Dead+Wind_Right2+Wind_Suction
     15   0.6Dead+Wind_Pressure+Wind_Long2L
     16   0.6Dead+Wind_Right1+Wind_Suction
     17   0.6Dead+Wind_Pressure+Wind_Long1L
     18   Dead+Collateral+Floor_Live
     19   Dead+Collateral+Snow
     20   Dead+Collateral+Snow+Snow_Drift
     21   Dead+Collateral+Snow+Slide_Snow
     22   Dead
     23   Dead+Collateral+0.75Snow+0.75Floor_Live
     24   Dead+Collateral+0.75Snow+0.75Snow_Drift+0.75Floor_Live
     25   Dead+Collateral+0.75Snow+0.75Slide_Snow+0.75Floor_Live
     26   Dead+Collateral+0.75Live+0.75Wind_Left1+0.75Floor_Live
     27   Dead+Collateral+0.75Live+0.75Wind_Right1+0.75Floor_Live
     28   Dead+Collateral+0.75Live+0.75Wind_Left2+0.75Floor_Live
     29   Dead+Collateral+0.75Live+0.75Wind_Right2+0.75Floor_Live
     30   Dead+Collateral+0.75Live+0.75Wind_Long1L+0.75Floor_Live+0.75LWIND1_L2E
     31   Dead+Collateral+0.75Live+0.75Wind_Long1L+0.75Floor_Live+0.75LWIND1_R2E
     32   Dead+Collateral+0.75Live+0.75Wind_Long2L+0.75Floor_Live+0.75LWIND2_L2E
     33   Dead+Collateral+0.75Live+0.75Wind_Long2L+0.75Floor_Live+0.75LWIND2_R2E
     34   Dead+Collateral+0.75Snow+0.75Wind_Left1+0.75Floor_Live
     35   Dead+Collateral+0.75Snow+0.75Wind_Left1+0.75Snow_Drift+0.75Floor_Live
     36   Dead+Collateral+0.75Snow+0.75Wind_Left1+0.75Slide_Snow+0.75Floor_Live
     37   Dead+Collateral+0.75Snow+0.75Wind_Right1+0.75Floor_Live
     38   Dead+Collateral+0.75Snow+0.75Wind_Right1+0.75Snow_Drift+0.75Floor_Live
     39   Dead+Collateral+0.75Snow+0.75Wind_Right1+0.75Slide_Snow+0.75Floor_Live
     40   Dead+Collateral+0.75Snow+0.75Wind_Left2+0.75Floor_Live
     41   Dead+Collateral+0.75Snow+0.75Wind_Left2+0.75Snow_Drift+0.75Floor_Live
     42   Dead+Collateral+0.75Snow+0.75Wind_Left2+0.75Slide_Snow+0.75Floor_Live
     43   Dead+Collateral+0.75Snow+0.75Wind_Right2+0.75Floor_Live
     44   Dead+Collateral+0.75Snow+0.75Wind_Right2+0.75Snow_Drift+0.75Floor_Live
     45   Dead+Collateral+0.75Snow+0.75Wind_Right2+0.75Slide_Snow+0.75Floor_Live
     46   Dead+Collateral+0.75Snow+0.45Wind_Long1L+0.75Floor_Live+0.45LWIND1_L2E
     47   Dead+Collateral+0.75Snow+0.45Wind_Long1L+0.75Floor_Live+0.45LWIND1_R2E
     48   Dead+Collateral+0.75Snow+0.45Wind_Long1L+0.75Snow_Drift+0.75Floor_Live+0.45LWIND1_L2E
     49   Dead+Collateral+0.75Snow+0.45Wind_Long1L+0.75Snow_Drift+0.75Floor_Live+0.45LWIND1_R2E
     50   Dead+Collateral+0.75Snow+0.45Wind_Long1L+0.75Slide_Snow+0.75Floor_Live+0.45LWIND1_L2E
     51   Dead+Collateral+0.75Snow+0.45Wind_Long1L+0.75Slide_Snow+0.75Floor_Live+0.45LWIND1_R2E
     52   Dead+Collateral+0.75Snow+0.45Wind_Long2L+0.75Floor_Live+0.45LWIND2_L2E
     53   Dead+Collateral+0.75Snow+0.45Wind_Long2L+0.75Floor_Live+0.45LWIND2_R2E
     54   Dead+Collateral+0.75Snow+0.45Wind_Long2L+0.75Snow_Drift+0.75Floor_Live+0.45LWIND2_L2E
     55   Dead+Collateral+0.75Snow+0.45Wind_Long2L+0.75Snow_Drift+0.75Floor_Live+0.45LWIND2_R2E
     56   Dead+Collateral+0.75Snow+0.45Wind_Long2L+0.75Slide_Snow+0.75Floor_Live+0.45LWIND2_L2E
     57   Dead+Collateral+0.75Snow+0.45Wind_Long2L+0.75Slide_Snow+0.75Floor_Live+0.45LWIND2_R2E
     58   0.6Dead+Wind_Long2L+LWIND2_L2E
     59   0.6Dead+Wind_Long2L+LWIND2_R2E
     60   1.01Dead+1.01Collateral+0.7Seismic_Left
     61   1.01Dead+1.01Collateral+0.7Seismic_Right
     62   1.01Dead+1.01Collateral+0.75Live+0.52Seismic_Left+0.75Floor_Live
     63   1.01Dead+1.01Collateral+0.75Live+0.52Seismic_Right+0.75Floor_Live
     64   1.01Dead+1.01Collateral+0.52Seismic_Left+0.75Floor_Live
     65   1.01Dead+1.01Collateral+0.52Seismic_Right+0.75Floor_Live
     66   0.59Dead+0.7Seismic_Left
     67   0.59Dead+0.7Seismic_Right
     68   1.01Dead+1.01Collateral+0.7Seismic_LongL
     69   1.01Dead+1.01Collateral+0.75Live+0.52Seismic_LongL+0.75Floor_Live
     70   1.01Dead+1.01Collateral+0.52Seismic_LongL+0.75Floor_Live
     71   0.59Dead+0.7Seismic_LongL
     72   Dead+Collateral+F1CRANEA1
     73   Dead+Collateral+F1CRANEA4
     74   Dead+Wind_Left1/2+F1CRANEA1
     75   Dead+Wind_Left2/2+F1CRANEA1
     76   Dead+Wind_Right1/2+F1CRANEA2
     77   Dead+Wind_Right2/2+F1CRANEA2
     78   Dead+Wind_Left2/2+F1CRANEA3
     79   Dead+Wind_Right2/2+F1CRANEA4
     80   Dead+Collateral+F1PAT_LL_1
     81   Dead+Collateral+F1PAT_LL_2
     82   Dead+ 20Deg+Floor_Live
     83   Dead- 20Deg+Floor_Live
     84   Dead+Collateral+0.75Live+ 15Deg+0.75Floor_Live
     85   Dead+Collateral+0.75Live- 15Deg+0.75Floor_Live
     86   Dead+Collateral+0.75Snow+ 15Deg+0.75Floor_Live
     87   Dead+Collateral+0.75Snow+ 15Deg+0.75Snow_Drift+0.75Floor_Live
     88   Dead+Collateral+0.75Snow+ 15Deg+0.75Slide_Snow+0.75Floor_Live
     89   Dead+Collateral+0.75Snow- 15Deg+0.75Floor_Live
     90   Dead+Collateral+0.75Snow- 15Deg+0.75Snow_Drift+0.75Floor_Live
     91   Dead+Collateral+0.75Snow- 15Deg+0.75Slide_Snow+0.75Floor_Live
     92   Dead+Collateral+F2CRANEA1
     93   Dead+Collateral+F2CRANEA4
     94   Dead+Wind_Left1/2+F2CRANEA1
     95   Dead+Wind_Left2/2+F2CRANEA1
     96   Dead+Wind_Right1/2+F2CRANEA2
     97   Dead+Wind_Right2/2+F2CRANEA2
     98   Dead+Wind_Left1/2+F2CRANEA3
     99   Dead+Wind_Left2/2+F2CRANEA3
    100   Dead+Wind_Right1/2+F2CRANEA4
    101   Dead+Wind_Right2/2+F2CRANEA4


================================================================================
 C323-153            Bracing Reactions Report:               6/AUG/2025  1:27pm
================================================================================



 BUILDING BRACING REACTIONS:
 ---------------------------
                        ----Reactions(+/-)(kN)----
  ----Wall---  Col      ----Wind----  --Seismic---  Panel_Shear(N/m  )
  Loc  Line    Line      Horz   Vert   Horz   Vert     Wind  Seismic    Notes
  ---- ------  -------  -----  -----  -----  -----   ------  -------    -----
  L_EW 1                                                                 (h)
 
  F_SW A       2  ,3    12.54  16.37   1.55   2.03                           
               5  ,6    12.54  16.34   1.55   2.03                           
 
  R_EW 7                                                                 (h)
 
  B_SW C       6  ,5    12.54  16.34   1.55   2.03                           
               3  ,2    12.54  16.37   1.55   2.03                           
 
  ---- ------  -------  -----  -----  -----  -----   ------  -------    -----
 
  (h)Rigid frame at endwall

  Reaction values for seismic shear force, Eh
  Reaction values shown are unfactored
  Maximum load combination factors are:
    Wind   : 1.00
    Seismic: 0.70


================================================================================
 C323-153            Additional Reactions Report:            6/AUG/2025  1:27pm
================================================================================



                    Rigid Frame Column Reactions(kN,kN-m)
                    -------------------------------------


 Frame  Col     --------Dead-------  ----Collateral-----  --------Live-------
 Line   Line     Horz  Vert  Moment   Horz  Vert  Moment   Horz  Vert  Moment
 -----  ------  ----- ----- -------  ----- ----- -------  ----- ----- -------
 1*     C         0.8   6.1    -1.3    0.3   1.0    -0.4    2.9  10.9    -5.1
 1*     A        -0.8   6.1     1.3   -0.3   1.0     0.5   -2.9  10.9     5.1
 1*     B         0.0   8.3     0.0    0.0   1.9     0.0   -1.2  21.1     0.0

 Frame  Col     ----Wind_Left1-----  ----Wind_Right1----  ----Wind_Left2-----
 Line   Line     Horz  Vert  Moment   Horz  Vert  Moment   Horz  Vert  Moment
 -----  ------  ----- ----- -------  ----- ----- -------  ----- ----- -------
 1*     C        -9.8 -14.4    24.2    5.8  -6.8   -16.5  -11.9 -10.3    26.4
 1*     A        -5.8  -6.8    16.2    9.8 -14.4   -24.1   -3.7  -2.6    14.1
 1*     B         0.0 -19.8     0.0    0.0 -19.8     0.0    0.0 -13.1     0.0

 Frame  Col     ----Wind_Right2----  ----Wind_Press-----  -----Wind_Suct-----
 Line   Line     Horz  Vert  Moment   Horz  Vert  Moment   Horz  Vert  Moment
 -----  ------  ----- ----- -------  ----- ----- -------  ----- ----- -------
 1*     C         3.7  -2.6   -14.3    0.0   0.0     0.0    0.0   0.0     0.0
 1*     A        11.9 -10.3   -26.2    0.0   0.0     0.0    0.0   0.0     0.0
 1*     B         0.0 -13.2     0.0  -27.7   0.0     0.0   33.7   0.0     0.0

 Frame  Col     ----Wind_Long1-----  ----Wind_Long2-----  -----Seis_Left-----
 Line   Line     Horz  Vert  Moment   Horz  Vert  Moment   Horz  Vert  Moment
 -----  ------  ----- ----- -------  ----- ----- -------  ----- ----- -------
 1*     C         3.0  -9.9    -2.6    0.9  -5.7    -0.4   -1.1  -0.2     7.0
 1*     A        -3.0  -9.9     2.6   -0.9  -5.7     0.4   -1.1   0.2     6.8
 1*     B         0.0 -16.5     0.0    0.0  -9.9     0.0    0.0   0.0     0.0

 Frame  Col     ----Seis_Right-----  --------Temp-------  -----F1CRANEA1 ----
 Line   Line     Horz  Vert  Moment   Horz  Vert  Moment   Horz  Vert  Moment
 -----  ------  ----- ----- -------  ----- ----- -------  ----- ----- -------
 1*     C         1.1   0.2    -7.0    0.8   0.3    -4.6    0.1  58.9    28.6
 1*     A         1.1  -0.2    -6.8   -0.8   0.3     4.6   -7.9  18.0    36.1
 1*     B         0.0   0.0     0.0    0.0  -0.7     0.0    0.0  -0.7     0.0

 Frame  Col     -----F1CRANEA2 ----  -----F1CRANEA3 ----  -----F1CRANEA4 ----
 Line   Line     Horz  Vert  Moment   Horz  Vert  Moment   Horz  Vert  Moment
 -----  ------  ----- ----- -------  ----- ----- -------  ----- ----- -------
 1*     C         7.9  59.7   -11.8    0.1  17.2     3.6    8.0  18.0   -36.8
 1*     A        -0.1  17.2    -3.6   -7.9  59.7    11.9   -0.2  58.9   -27.8
 1*     B         0.0  -0.7     0.0    0.0  -0.7     0.0    0.0  -0.7     0.0

 Frame  Col     ----LWIND1_L2E ----  ----LWIND1_R2E ----  ----LWIND2_L2E ----
 Line   Line     Horz  Vert  Moment   Horz  Vert  Moment   Horz  Vert  Moment
 -----  ------  ----- ----- -------  ----- ----- -------  ----- ----- -------
 1*     C        -0.1  -2.9    -2.2   -0.4   0.0     3.0   -0.1  -2.9    -2.2
 1*     A         0.4   0.0    -3.0    0.1  -2.9     2.1    0.4   0.0    -3.0
 1*     B         0.0  -0.3     0.0    0.0  -0.3     0.0    0.0  -0.3     0.0

 Frame  Col     ----LWIND2_R2E ----  ----F1PAT_LL_1 ----  ----F1PAT_LL_2 ----
 Line   Line     Horz  Vert  Moment   Horz  Vert  Moment   Horz  Vert  Moment
 -----  ------  ----- ----- -------  ----- ----- -------  ----- ----- -------
 1*     C        -0.4   0.0     3.0    1.4  12.1     9.4    1.5  -1.2   -14.5
 1*     A         0.1  -2.9     2.1   -1.4  -1.2    14.2   -1.5  12.1    -9.0
 1*     B         0.0  -0.3     0.0    0.0  10.6     0.0    0.0  10.6     0.0
 ----------------------------------------------------------------------------


 Frame  Col     --------Dead-------  ----Collateral-----  --------Live-------
 Line   Line     Horz  Vert  Moment   Horz  Vert  Moment   Horz  Vert  Moment
 -----  ------  ----- ----- -------  ----- ----- -------  ----- ----- -------
 2*     C         5.5  12.3   -12.6    2.0   3.4    -4.6   22.8  38.9   -52.6
 2*     A        -5.5  12.3    12.7   -2.0   3.4     4.7  -22.8  38.9    53.2

 Frame  Col     ----Wind_Left1-----  ----Wind_Right1----  ----Wind_Left2-----
 Line   Line     Horz  Vert  Moment   Horz  Vert  Moment   Horz  Vert  Moment
 -----  ------  ----- ----- -------  ----- ----- -------  ----- ----- -------
 2*     C       -26.5 -31.6    70.7    1.3 -22.4    -7.0  -27.6 -18.0    64.8
 2*     A        -1.2 -22.4     6.2   26.5 -31.6   -70.8   -0.2  -8.8    12.2

 Frame  Col     ----Wind_Right2----  ----Wind_Long1-----  ----Wind_Long2-----
 Line   Line     Horz  Vert  Moment   Horz  Vert  Moment   Horz  Vert  Moment
 -----  ------  ----- ----- -------  ----- ----- -------  ----- ----- -------
 2*     C         0.2  -8.8   -12.8   -8.3 -48.9    29.1   -6.6 -35.2    19.4
 2*     A        27.5 -18.0   -64.7    8.3 -49.2   -29.6    6.6 -35.6   -19.7

 Frame  Col     -----Seis_Left-----  ----Seis_Right-----  -----Seis_Long-----
 Line   Line     Horz  Vert  Moment   Horz  Vert  Moment   Horz  Vert  Moment
 -----  ------  ----- ----- -------  ----- ----- -------  ----- ----- -------
 2*     C        -1.2  -0.2     7.4    1.2   0.2    -7.4    0.0  -2.0     0.0
 2*     A        -1.2   0.2     7.3    1.2  -0.2    -7.3    0.0  -2.0     0.0

 Frame  Col     --------Temp-------  -----F2CRANEA1 ----  -----F2CRANEA2 ----
 Line   Line     Horz  Vert  Moment   Horz  Vert  Moment   Horz  Vert  Moment
 -----  ------  ----- ----- -------  ----- ----- -------  ----- ----- -------
 2*     C         0.5   0.0    -3.7    0.0  61.8    28.0    8.0  62.8   -11.4
 2*     A        -0.5   0.0     3.7   -8.0  20.4    34.6    0.0  19.4    -4.1

 Frame  Col     -----F2CRANEA3 ----  -----F2CRANEA4 ----  ----LWIND1_L2E ----
 Line   Line     Horz  Vert  Moment   Horz  Vert  Moment   Horz  Vert  Moment
 -----  ------  ----- ----- -------  ----- ----- -------  ----- ----- -------
 2*     C         0.0  19.4     4.1    8.0  20.4   -35.2   -0.4  -5.5    -3.4
 2*     A        -8.0  62.8    11.5   -0.1  61.8   -27.2    1.0  -0.3    -5.9

 Frame  Col     ----LWIND1_R2E ----  ----LWIND2_L2E ----  ----LWIND2_R2E ----
 Line   Line     Horz  Vert  Moment   Horz  Vert  Moment   Horz  Vert  Moment
 -----  ------  ----- ----- -------  ----- ----- -------  ----- ----- -------
 2*     C        -1.0  -0.3     6.0   -0.4  -5.5    -3.4   -1.0  -0.3     6.0
 2*     A         0.4  -5.5     3.3    1.0  -0.3    -5.9    0.4  -5.5     3.3
 ----------------------------------------------------------------------------

 1*   Frame Lines:1 7  
 2*   Frame Lines:2 3 4 5 6  


                      Endwall Column Reactions(kN)
                      -----------------------------


 Frame  Col
 Line   Line  Note
 -----  ----  -----------------------------------
 1      B     See rigid frame reactions

 Frame  Col
 Line   Line  Note
 -----  ----  -----------------------------------
 7      B     See rigid frame reactions


================================================================================
 C323-153            Seismic Design Report:                  6/AUG/2025  1:27pm
================================================================================


      Building Data
      -------------
        Code                =MBMA 10
        Length              =   36285
        Width               =   22470
        Left  Eave Height   =    8420
        Right Eave Height   =    8420

      Seismic Formula
      ---------------
        Equivalent Lateral Force, Section 12.8

        Base  Shear V       = 0.667*Ie*Sms*W/R                        


        Shear Force Eh      = Rho*V                                   
         (Rigid frame, endwall frame, wind bent, wind column & base reactions)

        Shear Force Em      = Omega*V                                 
         (Wall diagonal bracing, splice at rigid frame & wind bent knee)


        Note: Applied load is seismic force multiplied by load combination

        Sms                 =   0.160
        Zone/Design Category=   B  
        Ie                  =   1.000

      Seismic Dead Load, W
      --------------------
        Frame    Dead       =   0.096 (kN/m2)
        Roof     Dead       =   0.100 (kN/m2)
        Collateral          =   0.050 (kN/m2)
        Roof     Total      =   0.246 (kN/m2)    , Weight= 200.54 (kN)
        Left  EW Dead       =   0.096 (kN/m2)    , Weight=   9.70 (kN)
        Front SW Dead       =   0.096 (kN/m2)    , Weight=  14.68 (kN)
        Right EW Dead       =   0.096 (kN/m2)    , Weight=   9.70 (kN)
        Back  SW Dead       =   0.096 (kN/m2)    , Weight=  14.68 (kN)
        Extensions
          Right EW Total    =   0.100 (kN/m2)    , Weight=   4.05 (kN)
        Crane  Dead                                Weight=  45.10 (kN)
        Runway Weight                              Weight=  48.19 (kN)
                                                          -------
                                                   Total = 346.64 (kN)

      Seismic Forces
      --------------

        Roof Bracing
                       R  =   5.00, Rho=   1.15                              
                      Cs  =   0.0213
                       W  = 219.94 (kN)
                Force  V  =   4.68 (kN)        
                Force  Eh =   5.39 (kN)

        Sidewall Bracing
          Front SW     R  =   5.00, Rho=   1.15, Omega=   2.00               
                      Cs  =   0.0213
                       W  = 126.80 (kN)
                Force  V  =   2.70 (kN)        
                Force  Em =   5.41 (kN)
                Force  Eh =   3.11 (kN)
          Back  SW     R  =   5.00, Rho=   1.15, Omega=   2.00               
                      Cs  =   0.0213
                       W  = 126.80 (kN)
                Force  V  =   2.70 (kN)        
                Force  Em =   5.41 (kN)
                Force  Eh =   3.11 (kN)

        Rigid Frames
                       R  =   3.50, Rho=   1.00                              
                      Cs  =   0.0305
          Frame  1     W  =  67.54 (kN)
                Force  V  =   2.06 (kN)        
                Force  Eh =   2.06 (kN)
          Frame  2     W  =  80.00 (kN)
                Force  V  =   2.44 (kN)        
                Force  Eh =   2.44 (kN)

        End Plates
          Frame        R  =   3.50, Omega=   3.00                            

        Total Base Shear
          Longitudinal
                Force  V  =   5.40 (kN)
          Transverse
                Force  V  =  16.32 (kN)
