 
 
 
 
                          Sivoko Steel Structures Ltd.
                                  Comm.7,Tema
                              Ghana (West Africa)
 
 
 
 
                       BUILDING WEIGHT & PRICE SUMMARY
                                      FOR
 
 
 
 
 
 
 
                               Proposed Warehouse
                               Proposed Warehouse
 
                                    C163-027
 
 
 
 
                                 BUILDING LAYOUT
                        Width              (mm)=  12200
                        Length             (mm)=  45730
                        Eave Height        (mm)=   9600/  9600
                        Roof Slope   (rise/100)= 10.00/10.00
 
                                 BUILDING LOADS
                        Roof Dead Load  (kN/m2)=  0.10
                        Wall Dead Load
                          Left  Endwall (kN/m2)=  0.10
                          Right Endwall (kN/m2)=  0.10
                          Front Sidewall(kN/m2)=  0.10
                          Back  Sidewall(kN/m2)=  0.10
                        Live Load       (kN/m2)=  0.57
                        Collateral Load (kN/m2)=  0.05
                        Wind Speed       (m/s )=  39.0
                        Wind Code              = MBMA10
                        Exposure               = B
                        Closure                = Enclosed
                        Internal Wind Coeff    = -0.18, +0.18
                        Risk Category          = -
                        Importance - Wind      =  1.00
                        Importance - Seismic   =  1.00
                        Seismic Design Category= B
                        Seismic Coeff (Sms)    =  0.16
                        Temperature Change     =   20
                        -------------------------------
                        Designer : VVJ
                        Detailer :
 
 
 
 
                                     19/JAN/2026



                        BUILDING WEIGHT & PRICE SUMMARY
             ====================================================
             Description                   Weight(kg)      Price
             ====================================================
             Rigid Frames & Endwall Frames     7989.0     1002.04
             Door Jambs & Headers               205.1        0.08
             Purlins, Girts & Eave Struts      5428.3      278.60
             Roof & Wall Sheeting              6054.8        4.72
             Connection Plates                   25.2        0.54
             Angles                             717.2       10.49
             Trim                              1196.2        4.52
             Cables & Sealant                   932.7        7.34
             Accessories                         24.5        1.68
             Fasteners                          608.4      268.93
             ----------------------------------------------------
                                   Total:     23181.4     1578.94

             ----------------------------------------------------
             PRICE PER WEIGHT(kg)                            0.07
             PRICE PER FLOOR AREA(m2 )                       2.83
             WEIGHT PER FLOOR AREA(m2 )                     41.55
             ----------------------------------------------------


                             PRICE DISCOUNT SUMMARY
             ====================================================
             Desc.                 Qty                    Amount
             ====================================================
             Building Components                          1578.94

             ----------------------------------------------------
             ADJUSTED PRICE                               1578.94

             ----------------------------------------------------
             TAXABLE TOTAL                                1578.94

             ----------------------------------------------------
             FINAL PRICE                                  1578.94




                                  LEFT ENDWALL
             ====================================================
             Description                   Weight(kg)      Price
             ====================================================
             Columns                            243.6      180.27
             Door Jambs                          81.0        0.02
             Door Header                         21.6        0.02
             Eave Struts                         25.6        0.02
             Girts                              239.4        0.22
             Sheeting                           454.0        0.52
             Connection Plates                   12.6        0.38
             ----------------------------------------------------
             TOTAL:                            1077.8      181.45



                                 FRONT SIDEWALL
             ====================================================
             Description                   Weight(kg)      Price
             ====================================================
             Eave Struts                        240.9        0.12
             Girts                             1004.2        0.60
             Sheeting                          1328.3        0.92
             Cable                              168.8        0.08
             ----------------------------------------------------
             TOTAL:                            2742.3        1.72



                                 RIGHT ENDWALL
             ====================================================
             Description                   Weight(kg)      Price
             ====================================================
             Columns                            243.6      180.27
             Door Jambs                          81.0        0.02
             Door Header                         21.6        0.02
             Eave Struts                         25.6        0.02
             Girts                              239.4        0.22
             Sheeting                           454.0        0.52
             Connection Plates                   12.6        0.38
             ----------------------------------------------------
             TOTAL:                            1077.8      181.45



                                 BACK SIDEWALL
             ====================================================
             Description                   Weight(kg)      Price
             ====================================================
             Eave Struts                        240.9        0.12
             Girts                             1004.2        0.60
             Sheeting                          1328.3        0.92
             Cable                              168.8        0.08
             ----------------------------------------------------
             TOTAL:                            2742.3        1.72



                                      ROOF
             ====================================================
             Description                   Weight(kg)      Price
             ====================================================
             Purlins                           2050.0        1.04
             Sheeting                          2490.2        1.84
             Cable                              181.6        0.08
             ----------------------------------------------------
             TOTAL:                            4721.7        2.96



                                  RIGID FRAMES
             ====================================================
             Description                   Weight(kg)      Price
             ====================================================
             Rigid Frame 1                     1962.8        0.20
             Rigid Frame 2                     4673.0        0.50
             Ext Beams                          866.0      640.80
             ----------------------------------------------------
             TOTAL:                            7501.8      641.50



                                  ACCESSORIES
             ====================================================
             Description                   Weight(kg)      Price
             ====================================================
             Gutters & Downspouts               452.3        1.78
             ----------------------------------------------------
             TOTAL:                             452.3        1.78
                  NOTE: Gutter is included as part of the trim
                        category from the summary.



                                     OTHER
             ====================================================
             Description                   Weight(kg)      Price
             ====================================================
             Purlins, Girts & Eave Struts       358.0      275.64
             Angles                             717.2       10.49
             Trim                               743.9        2.74
             Cables & Sealant                   413.5        7.10
             Accessories                         24.5        1.68
             Fasteners                          608.4      268.93
             ----------------------------------------------------
             TOTAL:                            2865.5      566.58
