*===============================================================================
*C163-027            Endwall Detail Input                   19/JAN/2026 10:57am
*===============================================================================
 
*( 1)JOBID:
    'C163-027'
 
*( 2)BUILDING LAYOUT:
*                          -------Left_Endwall-------  -------Right_Endwall------         Frame_Splice  Frame
*Type    Width     Length  Exp    Opt  Extend  Offset  Exp    Opt  Extend  Offset  Slope  Front   Back  Type
'FF-'  12200.0    45730.0 'Y :-'  '-'    0.00  415.00 'Y :-'  '-'    0.00  415.00  10.00  'H'     'H'   'RF-'
 
*( 3)WALL LAYOUT:
*                           -------Wall-------   Base
* No. Id  Use     Type Opt     Start    Length   Elev  Detail
   5  1  'LEFT  ' '-'  '-'       0.0   12200.0   0.00    'Y'
      2  'FRONT ' '-'  '-'       0.0   45730.0   0.00    'N'
      3  'RIGHT ' '-'  '-'       0.0   12200.0   0.00    'Y'
      4  'BACK  ' '-'  '-'       0.0   45730.0   0.00    'N'
      5  'ROOF  ' '-'  '-'       0.0   45730.0   0.00    'Y'
 
*( 4)SURFACE SHAPE:
*                           -------Offset-------  --Option--
*No.    X_Coord   Y_Coord   Left   Right   Frame  Left Right
  4         0.0    9600.0 230.00  230.00  230.00  '-'   '-'
         6100.0   10210.0 200.00  200.00  200.00  '-'   '-'
        12200.0    9600.0 200.00  200.00  200.00  '-'   '-'
        12200.0       0.0 230.00  230.00  230.00  '-'   '-'
 
*( 5)BAY SPACING:
*Wall  ----Offset---   No.   ---Bay_Set---
* Id   Left    Right  Sets     Width  Quan
   1 230.00   230.00    1     6100.0    2
   2 415.00   415.00    3     7805.0    1
                              7530.0    4
                              7805.0    1
   3 230.00   230.00    1     6100.0    2
   4 415.00   415.00    3     7805.0    1
                              7530.0    4
                              7805.0    1
   5 415.00   415.00    3     7805.0    1
                              7530.0    4
                              7805.0    1
 
*( 6)COLUMNS:
*Wall                                          -Frame_Height-  Frame_Flange   -------Frame-------  ConnBase   ConnCap  Weld
* Id  No. Id   Part       Rot  Opt    Elev     Clear      Top  Width  Thick   Slope  Depth Splice   Id  Opt   Id  Opt   Id
   1   3   1  '--------'  'N'  '-'    0.00       0.0      0.0 125.00   0.00    0.00   0.00  '-'      0  '-'    0  '-'    0
           2  'W35a125'   'N'  '-'    0.00    9653.0  10004.0 125.00   5.00  -11.89 316.10  'V'     13  '-'   14  '-'    1
           3  '--------'  'N'  '-'    0.00       0.0      0.0 125.00   0.00    0.00   0.00  '-'      0  '-'    0  '-'    0
   2   7   1  '--------'  'N'  '-'    0.00       0.0      0.0 150.00   0.00    0.00   0.00  '-'      0  '-'    0  '-'    0
           2  '--------'  'N'  '-'    0.00       0.0      0.0 150.00   0.00    0.00   0.00  '-'      0  '-'    0  '-'    0
           3  '--------'  'N'  '-'    0.00       0.0      0.0 150.00   0.00    0.00   0.00  '-'      0  '-'    0  '-'    0
           4  '--------'  'N'  '-'    0.00       0.0      0.0 150.00   0.00    0.00   0.00  '-'      0  '-'    0  '-'    0
           5  '--------'  'N'  '-'    0.00       0.0      0.0 150.00   0.00    0.00   0.00  '-'      0  '-'    0  '-'    0
           6  '--------'  'N'  '-'    0.00       0.0      0.0 150.00   0.00    0.00   0.00  '-'      0  '-'    0  '-'    0
           7  '--------'  'N'  '-'    0.00       0.0      0.0 150.00   0.00    0.00   0.00  '-'      0  '-'    0  '-'    0
   3   3   1  '--------'  'N'  '-'    0.00       0.0      0.0 125.00   0.00    0.00   0.00  '-'      0  '-'    0  '-'    0
           2  'W35a125'   'N'  '-'    0.00    9653.0  10004.0 125.00   5.00   11.89 316.10  'V'     15  '-'   16  '-'    3
           3  '--------'  'N'  '-'    0.00       0.0      0.0 125.00   0.00    0.00   0.00  '-'      0  '-'    0  '-'    0
   4   7   1  '--------'  'N'  '-'    0.00       0.0      0.0 150.00   0.00    0.00   0.00  '-'      0  '-'    0  '-'    0
           2  '--------'  'N'  '-'    0.00       0.0      0.0 150.00   0.00    0.00   0.00  '-'      0  '-'    0  '-'    0
           3  '--------'  'N'  '-'    0.00       0.0      0.0 150.00   0.00    0.00   0.00  '-'      0  '-'    0  '-'    0
           4  '--------'  'N'  '-'    0.00       0.0      0.0 150.00   0.00    0.00   0.00  '-'      0  '-'    0  '-'    0
           5  '--------'  'N'  '-'    0.00       0.0      0.0 150.00   0.00    0.00   0.00  '-'      0  '-'    0  '-'    0
           6  '--------'  'N'  '-'    0.00       0.0      0.0 150.00   0.00    0.00   0.00  '-'      0  '-'    0  '-'    0
           7  '--------'  'N'  '-'    0.00       0.0      0.0 150.00   0.00    0.00   0.00  '-'      0  '-'    0  '-'    0
 
*( 7)RAFTERS:
*Wall        Surf                        ----Location---   -Conn1-   -Conn2-  Weld
* Id  No. Id  Id  Part      Rot  Opt      Start     End    Id  Opt   Id  Opt   Id
   1   2   1   2 '--------' '-'  'F'        0.0   6130.4    0  '-'   17  '-'    0
           2   3 '--------' '-'  'F'        0.0   6130.4   17  '-'    0  '-'    0
   2   0
   3   2   1   2 '--------' '-'  'F'        0.0   6130.4    0  '-'   18  '-'    0
           2   3 '--------' '-'  'F'        0.0   6130.4   18  '-'    0  '-'    0
   4   0
 
*( 8)WALL OPENINGS:
*Wall        Bay                                     Sill    Base  -------------Part------------- Panel
*Id   No. Id  Id    Width   Height   Offset  Type  Height    Elev  Jamb       Header     Sill      Opt
  1    1   1   2   4000.0   5000.0   1050.0   51      0.0    0.00 '200C25'   '200C20'   '--------' 'Y'
  2    0
  3    1   2   2   4000.0   5000.0   1050.0   51      0.0    0.00 '200C25'   '200C20'   '--------' 'Y'
  4    0
 
*( 9)PARTIAL WALL LAYOUT:
*          Wall      ---Bay---   ----Offset----  -----Height-----   --Attach_Type--  ------Jamb_Part------     Base  Girt
* No.  Id   Id  Use  Start End   Start      End   Bottom      Top   Bottom      Top   Left       Right         Elev  Part
   4    1    1  'P'    1    2      0.0      0.0      0.0   3000.0    '-'        '-'  '--------' '--------'     0.00 '--------'
        2    2  'P'    1    6      0.0      0.0      0.0   3000.0    '-'        '-'  '--------' '--------'     0.00 '--------'
        3    3  'P'    1    2      0.0      0.0      0.0   3000.0    '-'        '-'  '--------' '--------'     0.00 '--------'
        4    4  'P'    1    6      0.0      0.0      0.0   3000.0    '-'        '-'  '--------' '--------'     0.00 '--------'
 
*(10)GIRT SIZE:
*Wall                      No.  Bay                                         Frame_Opt
* Id   Offset Project Type Bay   Id   No.  Locate  Type  Rot Opt  Part      Left Right
   1     0.00  230.00 'ZB'   2    1    5   3080.0  'ZB'  'D' '-' '200Z15  '  '-'  'O'
                                           4580.0  'ZB'  'D' '-' '200Z15  '  '-'  'O'
                                           6080.0  'ZB'  'D' '-' '200Z15  '  '-'  '-'
                                           7580.0  'ZB'  'D' '-' '200Z15  '  '-'  '-'
                                           8980.0  'ZB'  'D' '-' '200Z15  '  '-'  '-'
                                  2    6   3080.0  'ZB'  'D' '-' '200Z15  '  '-'  '-'
                                           4580.0  'ZB'  'D' '-' '200Z15  '  '-'  '-'
                                           6080.0  'ZB'  'D' '-' '200Z15  '  '-'  '-'
                                           6150.0  'ZB'  'D' '-' '200Z15  '  '-'  '-'
                                           7580.0  'ZB'  'D' '-' '200Z15  '  '-'  '-'
                                           8980.0  'ZB'  'D' '-' '200Z15  '  '-'  '-'
   2     0.00  230.00 'ZB'   6    1    5   3080.0  'ZB'  'D' '-' '200Z15  '  '-'  '-'
                                           4580.0  'ZB'  'D' '-' '200Z15  '  '-'  '-'
                                           6080.0  'ZB'  'D' '-' '200Z15  '  '-'  '-'
                                           7580.0  'ZB'  'D' '-' '200Z15  '  '-'  '-'
                                           8980.0  'ZB'  'D' '-' '200Z15  '  '-'  '-'
                                  2    5   3080.0  'ZB'  'D' '-' '200Z15  '  '-'  '-'
                                           4580.0  'ZB'  'D' '-' '200Z15  '  '-'  '-'
                                           6080.0  'ZB'  'D' '-' '200Z15  '  '-'  '-'
                                           7580.0  'ZB'  'D' '-' '200Z15  '  '-'  '-'
                                           8980.0  'ZB'  'D' '-' '200Z15  '  '-'  '-'
                                  3    5   3080.0  'ZB'  'D' '-' '200Z15  '  '-'  '-'
                                           4580.0  'ZB'  'D' '-' '200Z15  '  '-'  '-'
                                           6080.0  'ZB'  'D' '-' '200Z15  '  '-'  '-'
                                           7580.0  'ZB'  'D' '-' '200Z15  '  '-'  '-'
                                           8980.0  'ZB'  'D' '-' '200Z15  '  '-'  '-'
                                  4    5   3080.0  'ZB'  'D' '-' '200Z15  '  '-'  '-'
                                           4580.0  'ZB'  'D' '-' '200Z15  '  '-'  '-'
                                           6080.0  'ZB'  'D' '-' '200Z15  '  '-'  '-'
                                           7580.0  'ZB'  'D' '-' '200Z15  '  '-'  '-'
                                           8980.0  'ZB'  'D' '-' '200Z15  '  '-'  '-'
                                  5    5   3080.0  'ZB'  'D' '-' '200Z15  '  '-'  '-'
                                           4580.0  'ZB'  'D' '-' '200Z15  '  '-'  '-'
                                           6080.0  'ZB'  'D' '-' '200Z15  '  '-'  '-'
                                           7580.0  'ZB'  'D' '-' '200Z15  '  '-'  '-'
                                           8980.0  'ZB'  'D' '-' '200Z15  '  '-'  '-'
                                  6    5   3080.0  'ZB'  'D' '-' '200Z15  '  '-'  '-'
                                           4580.0  'ZB'  'D' '-' '200Z15  '  '-'  '-'
                                           6080.0  'ZB'  'D' '-' '200Z15  '  '-'  '-'
                                           7580.0  'ZB'  'D' '-' '200Z15  '  '-'  '-'
                                           8980.0  'ZB'  'D' '-' '200Z15  '  '-'  '-'
   3     0.00  230.00 'ZB'   2    1    5   3080.0  'ZB'  'D' '-' '200Z15  '  '-'  'O'
                                           4580.0  'ZB'  'D' '-' '200Z15  '  '-'  'O'
                                           6080.0  'ZB'  'D' '-' '200Z15  '  '-'  '-'
                                           7580.0  'ZB'  'D' '-' '200Z15  '  '-'  '-'
                                           8980.0  'ZB'  'D' '-' '200Z15  '  '-'  '-'
                                  2    6   3080.0  'ZB'  'D' '-' '200Z15  '  '-'  '-'
                                           4580.0  'ZB'  'D' '-' '200Z15  '  '-'  '-'
                                           6080.0  'ZB'  'D' '-' '200Z15  '  '-'  '-'
                                           6150.0  'ZB'  'D' '-' '200Z15  '  '-'  '-'
                                           7580.0  'ZB'  'D' '-' '200Z15  '  '-'  '-'
                                           8980.0  'ZB'  'D' '-' '200Z15  '  '-'  '-'
   4     0.00  230.00 'ZB'   6    1    5   3080.0  'ZB'  'D' '-' '200Z15  '  '-'  '-'
                                           4580.0  'ZB'  'D' '-' '200Z15  '  '-'  '-'
                                           6080.0  'ZB'  'D' '-' '200Z15  '  '-'  '-'
                                           7580.0  'ZB'  'D' '-' '200Z15  '  '-'  '-'
                                           8980.0  'ZB'  'D' '-' '200Z15  '  '-'  '-'
                                  2    5   3080.0  'ZB'  'D' '-' '200Z15  '  '-'  '-'
                                           4580.0  'ZB'  'D' '-' '200Z15  '  '-'  '-'
                                           6080.0  'ZB'  'D' '-' '200Z15  '  '-'  '-'
                                           7580.0  'ZB'  'D' '-' '200Z15  '  '-'  '-'
                                           8980.0  'ZB'  'D' '-' '200Z15  '  '-'  '-'
                                  3    5   3080.0  'ZB'  'D' '-' '200Z15  '  '-'  '-'
                                           4580.0  'ZB'  'D' '-' '200Z15  '  '-'  '-'
                                           6080.0  'ZB'  'D' '-' '200Z15  '  '-'  '-'
                                           7580.0  'ZB'  'D' '-' '200Z15  '  '-'  '-'
                                           8980.0  'ZB'  'D' '-' '200Z15  '  '-'  '-'
                                  4    5   3080.0  'ZB'  'D' '-' '200Z15  '  '-'  '-'
                                           4580.0  'ZB'  'D' '-' '200Z15  '  '-'  '-'
                                           6080.0  'ZB'  'D' '-' '200Z15  '  '-'  '-'
                                           7580.0  'ZB'  'D' '-' '200Z15  '  '-'  '-'
                                           8980.0  'ZB'  'D' '-' '200Z15  '  '-'  '-'
                                  5    5   3080.0  'ZB'  'D' '-' '200Z15  '  '-'  '-'
                                           4580.0  'ZB'  'D' '-' '200Z15  '  '-'  '-'
                                           6080.0  'ZB'  'D' '-' '200Z15  '  '-'  '-'
                                           7580.0  'ZB'  'D' '-' '200Z15  '  '-'  '-'
                                           8980.0  'ZB'  'D' '-' '200Z15  '  '-'  '-'
                                  6    5   3080.0  'ZB'  'D' '-' '200Z15  '  '-'  '-'
                                           4580.0  'ZB'  'D' '-' '200Z15  '  '-'  '-'
                                           6080.0  'ZB'  'D' '-' '200Z15  '  '-'  '-'
                                           7580.0  'ZB'  'D' '-' '200Z15  '  '-'  '-'
                                           8980.0  'ZB'  'D' '-' '200Z15  '  '-'  '-'
 
*(11)SPECIAL GIRT:
*Wall     ---Bay---
* Id  No. Start End  Height Type  Rotate  Part      Use
   1   1    2    2   6150.0 'ZB'   'Y'   '200Z15  ' '-'
   2   0
   3   1    2    2   6150.0 'ZB'   'Y'   '200Z15  ' '-'
   4   0
 
*(12)PURLIN TYPE:
*Wall  Surf
* Id    Id    Type Offset  Project   Part
   1     2    'ZB'   0.00     0.00  '200Z18'
   1     3    'ZB'   0.00     0.00  '200Z18'
   3     2    'ZB'   0.00     0.00  '200Z18'
   3     3    'ZB'   0.00     0.00  '200Z18'
 
*(13)PURLIN LOCATION:
*Wall Surf   Peak
* Id   Id   Space  No.  Locate
   1    2   300.0    4  1457.6   2915.2   4372.8   5830.4
   1    3   300.0    4   300.0   1757.6   3215.2   4672.8
   3    2   300.0    4  1457.6   2915.2   4372.8   5830.4
   3    3   300.0    4   300.0   1757.6   3215.2   4672.8
 
*(14)EAVE STRUTS, GUTTER:
*Wall  -----Eave_Strut-----  Bolt  ---Gutter---   Stand
* Id   Type  Opt  Part        Dia  Type   Width   Seam
   2   'ZB'  '-' '200Z18'   12.00  'Y'     0.00   'N'
   4   'ZB'  '-' '200Z18'   12.00  'Y'     0.00   'N'
 
*(15)WALL BRACING:
*Wall               ---Bay---  -------Level-------  ------Brace------  Connect   Brace
*Id   No.   Offset  Start End  No.  Type    Height  Type    Part       Opt  Id   Force
  1    0
  2    2       0.0    1    1    2   'B'     4930.0  'R '   'ROD20   '  '-'   5    7.84
                                    'B'     9800.0  'R '   'ROD20   '  '-'   6    7.84
               0.0    6    6    2   'B'     4930.0  'R '   'ROD20   '  '-'   7    7.84
                                    'B'     9800.0  'R '   'ROD20   '  '-'   8    7.84
  3    0
  4    2       0.0    1    1    2   'B'     4930.0  'R '   'ROD20   '  '-'   9    7.84
                                    'B'     9800.0  'R '   'ROD20   '  '-'  10    7.84
               0.0    6    6    2   'B'     4930.0  'R '   'ROD20   '  '-'  11    7.84
                                    'B'     9800.0  'R '   'ROD20   '  '-'  12    7.84
  5    0
 
*(16)ROOF BRACING ATTACHMENT:
*Wall
* Id    No.     Location
  1      3          0     6100    12200
  2      0
  3      3          0     6100    12200
  4      0
 
*(17)ROOF BRACING:
*Wall No.   Bay                  Connect   Brace
* Id  Bay   Id  Type  Part       Opt  Id   Force
   1   1     1  'R ' 'ROD20   '  '-'   1    3.27
                     'ROD20   '  '-'   2    3.27
   2   0
   3   1     6  'R ' 'ROD20   '  '-'   3    3.27
                     'ROD20   '  '-'   4    3.27
   4   0
 
*(18)WIND BENTS:
*Wall        Bay                Rafter
* Id    No.   Id       Height   Part
   1     0
   2     0
   3     0
   4     0
 
*(19)WIND COLUMNS:
*Wall      Bay
* Id   No.  Id  Side  Height
   1    0
   2    0
   3    0
   4    0
 
*(20)EXTENSION LAYOUT:
*        Wall                ---Bay---   -Edge_Extend-  End_Option  End_Support  --Gutter--         Stand
* No. Id  Id  Type Opt Mount Start End    Left   Right  Left Right  Left Right   Use  Width Soffit  Seam
   2   1   1  'EC' '-'  'B'    2     2     0.0     0.0  '-'  '-'    '-'   '-'    'N'   0.00  '-'    'N'
       2   3  'EC' '-'  'B'    2     2     0.0     0.0  '-'  '-'    '-'   '-'    'N'   0.00  '-'    'N'
 
*(21)EXTENSION SIZE:
*      ----Horizontal_Size---   ---------Vertical_Size--------  --Orient--  -------Support------
* Id     Elev   Width   Slope     Elev   Height   Slope Project Beam Panel  Offset   Elev Splice
   1   6100.0  3000.0   10.00      0.0     0.0     0.00    0.00  '-'  '-'     0.00   0.00   '-'
   2   6100.0  3000.0   10.00      0.0     0.0     0.00    0.00  '-'  '-'     0.00   0.00   '-'
 
*(22)EXTENSION BEAMS:
*    Ext Line                                         ----------Web---------  ------Flange-------   Use    Use  Connect_Id
*No.  Id  Id   Use       Orn   Part     Shape Rot Opt  Depth1  Depth2  Thick  Width  Thick  Thick Bracket Stiff Start  End
   6   1   2  'ATTACH  ' 'H'  '--------' 'H'  '-' '-'   198.0   498.0   4.00  125.0   5.00   5.00   'Y'    'Y'    19    0
       1   3  'ATTACH  ' 'H'  '--------' 'H'  '-' '-'   198.0   498.0   4.00  125.0   5.00   5.00   'N'    'Y'    20    0
       1   3  'ATT_SUPP' 'H'  'W30a178 ' 'H'  '-' '-'   300.0   300.0   4.00  175.0   8.00   8.00   'N'    'Y'    21   22
       2   2  'ATTACH  ' 'H'  '--------' 'H'  '-' '-'   198.0   498.0   4.00  125.0   5.00   5.00   'Y'    'Y'    23    0
       2   3  'ATTACH  ' 'H'  '--------' 'H'  '-' '-'   198.0   498.0   4.00  125.0   5.00   5.00   'N'    'Y'    24    0
       2   3  'ATT_SUPP' 'H'  'W30a178 ' 'H'  '-' '-'   300.0   300.0   4.00  175.0   8.00   8.00   'N'    'Y'    25   26
 
*(23)EXTENSION PURLINS:
*                                     Peak     Set   ------Lap-----              Flg_Brace
*No.  Id   Use       Type  Rot Row   Space   Space     Ext      Int    Part      Side Type
   4   1  'ROOF    ' 'ZB'  'U'   2    300.0     0.0     0.0      0.0  '200Z18  '   1   '-'
       1  'EAVE    ' 'ZB'  'U'   1      0.0     0.0     0.0      0.0  '200Z15  '   0   'A'
       2  'ROOF    ' 'ZB'  'U'   2    300.0     0.0     0.0      0.0  '200Z18  '   1   '-'
       2  'EAVE    ' 'ZB'  'U'   1      0.0     0.0     0.0      0.0  '200Z15  '   0   'A'
 
*(24)EXTENSION BRACING:
*    Ext   Bay                      Connect
*No.  Id    Id  Orn Type  Part       Id
  2    1     2  'H' 'R ' 'ROD20   '   0
       2     2  'H' 'R ' 'ROD20   '   0
 
*(25)STRUTS:
*            Wall ---Bay---  Attach                                Connect_Id   Weld  Support Brace
*No. Id Type Surf Start End  Locate Option  Part      Rot  Offset  Start  End    Id     Rows   Opt   X_Coord  Y_Coord
  4   1 'W'    2    1    1   4930.0    4   'T100x40 ' 'N'     0.0   27     27     0      0     '-'   11815.0   4930.0
      2 'W'    2    6    6   4930.0    4   'T100x40 ' 'N'     0.0   28     28     0      0     '-'   11815.0   4930.0
      3 'W'    4    1    1   4930.0    4   'T100x40 ' 'N'     0.0   29     29     0      0     '-'     385.0   4930.0
      4 'W'    4    6    6   4930.0    4   'T100x40 ' 'N'     0.0   30     30     0      0     '-'     385.0   4930.0
 
 
*(26)STRUT BOLTS:
*          Strut  Wall Frame  Attach  Option  --------------Size--------------  DT_BOLT
*No.   Id  Type   Surf  Id    Locate    Id    Type    Dia    Len  Quan  Washer    Line
   6    1   'E'     2    1     12200     0   'Gr8.8' 12.00  50.00   2      0       77
        2   'E'     2    7     12200     0   'Gr8.8' 12.00  50.00   2      0       77
        3   'E'     4    7         0     0   'Gr8.8' 12.00  50.00   2      0       77
        4   'E'     4    1         0     0   'Gr8.8' 12.00  50.00   2      0       77
        5   'W'     2    1      4930     4   'Gr8.8' 16.00  70.00   2      2      104
        6   'W'     4    1      4930     4   'Gr8.8' 16.00  70.00   2      2      104
 
 
*(27)RAFTER FLANGE BRACES:
*Wall  Surf
* Id    Id     No.  Loc  Type  Offset  Opt  Ref
   1     2      0
         3      0
   3     2      0
         3      0
 
*(28)COLUMN FLANGE BRACES:
*Wall  Column
* Id   No. Id   No.    Loc  Side  Type  Offset  Opt  Ref
   1    1   2    4       1  'R'   'A'   330.00  '-' '------'
                         2  'R'   'A'   330.00  '-' '------'
                         3  'R'   'A'   330.00  '-' '------'
                         5  'R'   'A'   330.00  '-' '------'
   2    0
   3    1   2    4       1  'R'   'A'   330.00  '-' '------'
                         2  'R'   'A'   330.00  '-' '------'
                         3  'R'   'A'   330.00  '-' '------'
                         5  'R'   'A'   330.00  '-' '------'
   4    0
 
*(29)PURLIN ANTI-ROLL:
* No.  Line  Surf           Roll      -Purlin-
*Item   Id    Id  Opt  Rot  Id        No.  Id
   0
 
*(30)STRAPS:
*Wall Strap   No.
* Id  Type    Bay   No._Straps_per_Bay
   1  '-'       2   2   2
   2  '-'       6   3   3   3   3   3   3
   3  '-'       2   2   2
   4  '-'       6   3   3   3   3   3   3
 
*(31)PARTITION LAYOUT:
*                         --------Start--------  ---------End---------  --Location--
* No.   Id   Orient Dir.  Offset  Adj_Id Tie_in  Offset  Adj_Id Tie_in  No.  Offset
   0
 
*(32)PARTITION COLUMNS:
*Part  -------Left_Corner------   ------Right_Corner------    Max
* Id     Part      Rot   Option     Part      Rot   Option   Depth
 
*(33)PARTITION RAFTERS:
*Part  -------Left_Corner------   ------Right_Corner------    Max
* Id     Part      Rot   Option     Part      Rot   Option   Depth
 
*(34)PARTITION GIRTS:
*Part Bay
* Id  Id  Type Offset  Project   Part        No.  Location
 
*(35)PARTITION SPECIAL GIRT:
*Part     ---Bay---
* Id  No. Start End  Height Type  Rotate  Part
 
*(36)CRANE SUPPORT BEAMS:
*    Wall Bay ---Brace---                       Connect  ----------Bolt----------  Connect_Id
*No.  Id   Id  Type   Dia    Height   Part       Type    Row   Dia   Gage  Type    Start  End
  0
 
*(37)WIDE OPENING LAYOUT:
*Wall              ---Bay---  --Clear_Opening--    Wedge       Stub Column
* Id  No. Id Type  Start End     Width   Height    Height      Elev  Mount
   1   0
   2   0
   3   0
   4   0
 
*(38)RIGID FRAMES NEAR EW:
* ---Frame---   ---Flange_Thick---
* Line Id Type  LtCol  RtCol  Roof
   2    2 'RF'   5.00   5.00  5.00
   6    2 'RF'   5.00   5.00  5.00
 
*(39)RIGID FRAME COORDINATES:
*      Wall  Frame
*No.    Id   Id     X_Coord    Y_Coord
 18      1    1       641.0        0.0
         1    1       635.8     9094.6
         1    1       738.6     9110.6
         1    1       738.6     9110.6
         1    1      6099.4     9748.1
         1    1     11461.4     9110.6
         1    1     11461.2     9110.6
         1    1     11559.0     9099.5
         1    1     11559.0        0.0
         3    1       641.0        0.0
         3    1       641.0     9099.5
         3    1       738.8     9110.6
         3    1       738.6     9110.6
         3    1      6100.6     9748.1
         3    1     11461.4     9110.6
         3    1     11461.4     9110.6
         3    1     11564.2     9094.6
         3    1     11559.0        0.0
 
*(40)COLUMN HOLES:
*     Wall Col                                                         ----Hole---
*No.   Id   Id  Use    Height  Orn    Dia  Length   Gage  Ref  Offset  No.  Locate
  0
 
*(41)RAFTER HOLES:
*     Wall Raf                                                         ----Hole---
*No.   Id   Id  Use    Locate  Orn    Dia  Length   Gage  Ref  Offset  No.  Locate
  0
 
*(42)ROOF OPENING LAYOUT:
*        -Location-     Frame --Surface-- ----Bay----                     Ref
*No. Id  Use     Id Opt  Type Id   Offset Id   Offset    Width   Length   Id
  0
 
*(43)ROOF OPENING FRAMING:
*        Open     Bay           ----------Member-------- Frame_Opt   Frame_Id  Connect_Id
*No.  Id  Id  Use  Id   Offset  Type Opt  Rot  Part      Start End  Start End  Start  End
  0
 
*(44)ADDITIONAL PURLINS:
*       Surf Bay Purl                                   -----Extend----   Frame_Opt  -Frame_Id-  Connect_Id
*No. Id  Id   Id  Id   Offset  Type  Rot Opt  Part         Left   Right  Left Right  Left Right  Left Right
  0
 
*(45)ADDITIONAL COLUMNS:
*    Wall Column                                    -Connect-
*No.  Id   Id   Type  Part      Rot  Opt      Elev  Base  Cap
  0
 
*(46)BEARING STIFFENERS:
*        Wall  --Locate--
*No. Id   Id   Use     Id   Offset  Opt  Qty  Width   Thick
  0
 
*(47)CONNECTIONS:
*                   ------Plate------  -----Plate_Size----  -------------------Bolts-------------------    Plate  Bolt  Bolt  Weld
*No.  Id  Type Opt  Use        Id  Loc  Width Length  Thick  Type      Dia Row1 Row2 Space1 Space2  Gage  Offset  Edge   Ref   Id
  30   1  ' R' '-' 'BRACE_R '   1   1    0.00   0.00   0.00 '-----'   0.00   0    1    0.00   0.00  0.00    0.00  0.00     0    0
       2  ' R' '-' 'BRACE_R '   1   1    0.00   0.00   0.00 '-----'   0.00   0    1    0.00   0.00  0.00    0.00  0.00     0    0
       3  ' R' '-' 'BRACE_R '   1   2    0.00   0.00   0.00 '-----'   0.00   0    1    0.00   0.00  0.00    0.00  0.00     0    0
       4  ' R' '-' 'BRACE_R '   1   2    0.00   0.00   0.00 '-----'   0.00   0    1    0.00   0.00  0.00    0.00  0.00     0    0
       5  ' R' '-' 'BRACE_W '   2   1    0.00   0.00   0.00 '-----'   0.00   0    1    0.00   0.00  0.00    0.00  0.00     0    0
       6  ' R' '-' 'BRACE_W '   2   1    0.00   0.00   0.00 '-----'   0.00   0    1    0.00   0.00  0.00    0.00  0.00     0    0
       7  ' R' '-' 'BRACE_W '   2   2    0.00   0.00   0.00 '-----'   0.00   0    1    0.00   0.00  0.00    0.00  0.00     0    0
       8  ' R' '-' 'BRACE_W '   2   2    0.00   0.00   0.00 '-----'   0.00   0    1    0.00   0.00  0.00    0.00  0.00     0    0
       9  ' R' '-' 'BRACE_W '   4   1    0.00   0.00   0.00 '-----'   0.00   0    1    0.00   0.00  0.00    0.00  0.00     0    0
      10  ' R' '-' 'BRACE_W '   4   1    0.00   0.00   0.00 '-----'   0.00   0    1    0.00   0.00  0.00    0.00  0.00     0    0
      11  ' R' '-' 'BRACE_W '   4   2    0.00   0.00   0.00 '-----'   0.00   0    1    0.00   0.00  0.00    0.00  0.00     0    0
      12  ' R' '-' 'BRACE_W '   4   2    0.00   0.00   0.00 '-----'   0.00   0    1    0.00   0.00  0.00    0.00  0.00     0    0
      13  'S3' '-' '--------'   0   0  200.00   0.00  16.00 'A36  '  20.00   2    0    0.00   0.00 100.0    0.00  0.00    21    2
      14  '--' '-' '--------'   0   0    0.00   0.00   0.00 'Gr8.8'  16.00   1    0    0.00   0.00  0.00    0.00  0.00     3    0
      15  'S3' '-' '--------'   0   0  200.00   0.00  16.00 'A36  '  20.00   2    0    0.00   0.00 100.0    0.00  0.00    21    4
      16  '--' '-' '--------'   0   0    0.00   0.00   0.00 'Gr8.8'  16.00   1    0    0.00   0.00  0.00    0.00  0.00     3    0
      17  'EE' '-' '--------'   0   0    0.00   0.00   0.00 'Gr8.8'  20.00   0    0    0.00   0.00 100.0    0.00  0.00     0    0
      18  'EE' '-' '--------'   0   0    0.00   0.00   0.00 'Gr8.8'  20.00   0    0    0.00   0.00 100.0    0.00  0.00     0    0
      19  'SS' '-' '--------'   0   0  200.00 699.62  16.00 'Gr8.8'  20.00   2    2  100.00 100.00 100.0    0.00  0.00    23    0
      20  'SS' '-' '--------'   0   0  200.00 741.12  16.00 'Gr8.8'  20.00   2    2  100.00 100.00 100.0    0.00  0.00    23    0
      21  'SS' '-' '--------'   0   0  200.00 506.04  16.00 'Gr8.8'  20.00   2    2  100.00 100.00 100.0    0.00  0.00    23    0
      22  'S3' '-' '--------'   0   0  175.00 366.04  10.00 'Gr8.8'  16.00   2    2  100.00  75.00 75.00    0.00  0.00    17    0
      23  'SS' '-' '--------'   0   0  200.00 699.62  16.00 'Gr8.8'  20.00   2    2  100.00 100.00 100.0    0.00  0.00    23    0
      24  'SS' '-' '--------'   0   0  200.00 741.12  16.00 'Gr8.8'  20.00   2    2  100.00 100.00 100.0    0.00  0.00    23    0
      25  'SS' '-' '--------'   0   0  200.00 506.04  16.00 'Gr8.8'  20.00   2    2  100.00 100.00 100.0    0.00  0.00    23    0
      26  'S3' '-' '--------'   0   0  175.00 366.04  10.00 'Gr8.8'  16.00   2    2  100.00  75.00 75.00    0.00  0.00     0    0
      27  'SG' '-' 'STRUT_W '   0   0  150.00   0.00  10.00 'Gr8.8'  16.00   2    1    0.00   0.00 75.00    0.00  0.00     0    0
      28  'SG' '-' 'STRUT_W '   0   0  150.00   0.00  10.00 'Gr8.8'  16.00   2    1    0.00   0.00 75.00    0.00  0.00     0    0
      29  'SG' '-' 'STRUT_W '   0   0  150.00   0.00  10.00 'Gr8.8'  16.00   2    1    0.00   0.00 75.00    0.00  0.00     0    0
      30  'SG' '-' 'STRUT_W '   0   0  150.00   0.00  10.00 'Gr8.8'  16.00   2    1    0.00   0.00 75.00    0.00  0.00     0    0
 
*(48)WELDED PLATES:
*    Wall  -Locate-                                          ------------Plate----------- -----Bolts----- Bolt_Holes
*No.  Id   Use   Id Opt Att   Locate  Offset Orn Rot   Angle  Part      Width Thick   Len   Dia Row  Gage No. Locate
  0
 
*(49)WELDS:
*    Table      ---OS_Flange---  ---IS_Flange---  ------Web------
*No.  Id   Opt   Size Type Note   Size Type Note   Size Type Note
   4   1   '-'   4.00 'F1' '--'   4.00 'F1' '--'   4.00 'F1' '--'
       2   '-'   4.00 'F1' '--'   4.00 'F1' '--'   4.00 'F1' '--'
       3   '-'   4.00 'F1' '--'   4.00 'F1' '--'   4.00 'F1' '--'
       4   '-'   4.00 'F1' '--'   4.00 'F1' '--'   4.00 'F1' '--'

================================================================================
 C163-027                Endwall Column  EC-1               19/JAN/2026 10:57am
================================================================================
  Quan:  2                         Mark: EC-1              Part:W35a125 
-------------------------------------------------------------------------------

 PLATES:
 -------
 Quan Mark   Part     Description   Width   Thick    Length   UnitWt  TotalWt
 ---- ----   -------- -----------   -----   -----  --------   ------  -------
   2  WB1             Web            350     4.00      9567   105.13   210.26
   2  OF1             Flg-O          125     5.00      9567    46.93    93.86
   2  IF1             Flg-I          125     5.00      9567    46.93    93.86
  12  OC2             O-Girt Clip    151     5.00       205     1.21    14.57
   2  BO10            Bracket Out    125     5.00       214     1.05     2.10
   2  BI10            Bracket In     125     5.00       214     1.05     2.10
   2  BW10            Bracket Web    498     4.00       214     3.35     6.70
   2  BE10            Bracket EP     200    16.00       698    17.55    35.10
   4  SB10            Brckt Stiff    120     5.00       120     0.28     1.13
   4  ST10            Web Stiff       60     6.00       250     0.71     2.83
   4  ST12            Web Stiff       60     6.00       250     0.71     2.83
   8  RC4             Brace Clip      75     5.00        75     0.22     1.77
   2  EP1             Base Plt       200    16.00       400    10.06    20.11
                                                                      -------
                                                                       487.22

 HOLE LOCATIONS:
 ---------------
  Plate                        Slot/          Bolt
  Mark     Dia  Offset   Gage  Gage2   Angle   Ref Locate
  ----   -----  ------  -----  -----  ------  ---- -----------------------------------
  WB1       18     130    100      0     0.0     3      9522 
  OC2       14       0    100      0     0.0     9        25       125 
  BE10      22       0    100      0     0.0    23        45       145       553 
                                                         653 
  RC4       14      25      0      0     0.0     5        25 
  EP1       26       0    100      0     0.0    21       150       250 

 PLATE LOCATIONS:
 ----------------
  Plate
  Type  Attach  Offset   Angle  Side  Locate
  ----- ------  ------  ------  ----  ------------------------------------
  OC2      O        0     0.00    L        3064      4564      6064 
                                           6134      7564      8964 
  BO10     O        0     0.00    -        5881     
  BE10     -       97     0.00    -                 
  WT10     2      100     0.00    R        5380     
  WT12     2      100     0.00    L        5883     
  RC4      F        0     0.00    R        3064      4564      6064 
                                           7564 
  EP1              15     0.00                0     

 WELDS:
 ------
                  Weld   Weld  Weld    Weld
   Plate  Plate2  Type   Size  Note  Length
   -----  ------  ----  -----  ----  ------
    OF1    WB      F1    4.00    -   9567.0
    IF1    WB      F1    4.00    -   9567.0
    BO10   OF      F2    6.00    -    125.0
    EP10   BO1     F1    4.00    -    125.0
    EP10   BI1     F1    4.00    -    125.0
    BW10   OF      F2    3.00    -    498.0
    EP10   BW1     F1    4.00    -    498.0
    ST10   WB      F2    4.00    -    120.0
    ST10   OF      F2    4.00    -     60.5
    ST10   WB      F2    4.00    -    250.0
    ST10   OF      F2    4.00    -     60.0
    ST12   WB      F2    4.00    -    250.0
    ST12   OF      F2    4.00    -     60.0
    EP1    OF      F1    4.00    -    125.0
    EP1    IF      F1    4.00    -    125.0
    EP1    WB      F1    4.00    -    350.0
    OC2    OF      F1    4.00    -    125.0
    BI10   OF      F1    4.00    -    125.0
    BO10   BE1     F2    6.00    -    200.0
    BI10   BE1     F2    6.00    -    200.0
    BW10   BE1     F2    3.00    -    200.0
    SB10   WB      F1    4.00    -    120.0
    RC4    WB      F1    4.00    -     75.0
    RC4    IF      F1    4.00    -     60.5

 FINISH DIMENSIONS:
 ------------------
   Left    Overall     =     9583 
   Right   Overall     =     9583 
   Max     Overall     =     9583 

 CLIP DETAILING:
 ---------------
   Mark   Typ Thick Ang     A      B      C      D      E      F      G      H
   ------ --- ----- --- ------ ------ ------ ------ ------ ------ ------ ------
   OC2     y   0.00   0  25.40 100.00  25.00 100.00  80.00   0.00   0.00   0.00
   RC4     x   0.00   0  25.00   0.00  25.00  50.00   0.00   0.00   0.00   0.00
   EP1     z  16.00   0  50.00 100.00 150.00 100.00 150.00  26.00   0.00   0.00

================================================================================
 C163-027            Weld Lengths                           19/JAN/2026 10:57am
================================================================================


        Piece    Size    Web-Flange    ------Hand_Weld(mm)-----
  Qty   Mark     (mm)    Fillet(mm)     Fillet   Groove    Butt
  ---   -----   -----    ----------    -------  -------  ------
    2   EC-1     3.00           0         2792        0       0
                 4.00       38268        12414        0       0
                 6.00           0         2100        0       0

================================================================================
 C163-027            Flange Braces                          19/JAN/2026 10:57am
================================================================================

  COLUMN FLANGE BRACES:
  ---------------------
   Wall Col  Girt    Web   Brace                    Col   --Attachment-
    Id   Id   Id   Depth  Offset  Length  Part      Side  Column   Girt Ref
   ---- ---  ----  -----  ------  ------  --------  ----  ------   ---- -----
     1    2    1   350.0   330.0   528.0  L40X40X4    R   Clip     Web   
               2   350.0   330.0   528.0  L40X40X4    R   Clip     Web   
               3   350.0   330.0   528.0  L40X40X4    R   Clip     Web   
               5   350.0   330.0   528.0  L40X40X4    R   Clip     Web   
     3    2    1   350.0   330.0   528.0  L40X40X4    R   Clip     Web   
               2   350.0   330.0   528.0  L40X40X4    R   Clip     Web   
               3   350.0   330.0   528.0  L40X40X4    R   Clip     Web   
               5   350.0   330.0   528.0  L40X40X4    R   Clip     Web   
 
  RAFTER FLANGE BRACES:
  ---------------------
   Wall Surf Purlin  Web   Brace                    --Attachment-
    Id   Id   Id   Depth  Offset  Length  Part      Rafter Purlin Ref
   ---- ---  ----  -----  ------  ------  --------  ------ ------ -----

================================================================================
 C163-027            Bracing Attachments                    19/JAN/2026 10:57am
================================================================================

 WALL BRACING SLOTS:
 -------------------
 No. Wall Bay Line Level -----Start-----   ------End------
 Loc  Id   Id  Id   Id   Offset   Locate   Offset    Locate     Gage
 
 ROOF BRACING SLOTS:
 -------------------
 No.  Wall  Bay Line  Level  --------Start--------  ----------End---------
 Loc   Id    Id  Id    Id    Surf  Offset   Locate  Surf Offset    Locate     Gage

================================================================================
 C163-027            Web Slot Reinforcement Plates          19/JAN/2026 10:57am
================================================================================

 COLUMN PLATES:
 --------------
                                          Min
                                          Backup   Calc              Web_With
 Wall Col  --Attach_Slot--  Brace  Web    Plate   Perpen.    Web      Backup
  Id   Id  Locate Side Ang   Dia   Thick  Thick   Force    Capacity  Capacity
 ---- ---  ------ ---- ---  -----  -----  ------  -------  --------  --------
 
 RAFTER PLATES:
 --------------
                                          Min
                                          Backup   Calc              Web_With
 Wall Raf  --Attach_Slot--  Brace  Web    Plate   Perpen.    Web      Backup
  Id   Id  Locate Side Ang   Dia   Thick  Thick   Force    Capacity  Capacity
 ---- ---  ------ ---- ---  -----  -----  ------  -------  --------  --------

================================================================================
 C163-027            Connection Bolts                       19/JAN/2026 10:57am
================================================================================

 COLUMN BOLTS:
 -------------
                --Connect--
    Wall  Id    Locate Type  Qty  Type     Dia  Length  Part      DtBolt
    ----  ----  ------ ----  ---  -----  -----  ------  --------  ------
      1   Col2  Cap     --     2  Gr8.8  16.00    70.0  M16X70       3
      3   Col2  Cap     --     2  Gr8.8  16.00    70.0  M16X70       3
 
 RAFTER BOLTS:
 -------------
                --Connect--
    Wall  Id    Locate Type  Qty  Type     Dia  Length  Part      DtBolt
    ----  ----  ------ ----  ---  -----  -----  ------  --------  ------

================================================================================
 C163-027            Cost Summary                           19/JAN/2026 10:57am
================================================================================

        Piece                  End    Clip  Stiff         Surf   Set  Unit  Total
  Quan  Id     Flange    Web  Plate  Plate  Plate  Weld  Treat    Up  Cost   Cost
  ----  -----  ------    ---  -----  -----  -----  ----  -----  ----  ----  -----
    2   EC-1    
        Matrl:      2    150     20      6      3     0     0          180    361
        Labor:      0      0      0      0      0     0     0      0     0      0
               ------    ---  -----  -----  -----  ----  -----  ----  ----  -----
                    2    150     20      6      3     0     0      0   180    361 
 

 PLATE COST:
 -----------
  Piece  -------------Plate-------------        Material    Labor   Surface
  Mark   Mark  Part      Length   Weight  Qty       Cost     Cost  Treatment  File     Record    Adjust
  -----  ----  --------  ------   ------  ---   --------  -------  ---------  -------  --------  --------
  EC-1   WB1             9567.0   198.99    1     147.26     0.00      0.00   EW_COST  FRAME     @$W/L(W)
  EC-1   OC2              205.0     1.21    6       5.39     0.00      0.00   EW_COST  FRAME     @$W/L(W)
  EC-1   BO10             214.0     1.05    1       0.78     0.00      0.00   EW_COST  FRAME     @$W/L(W)
  EC-1   BI10             214.0     1.05    1       0.78     0.00      0.00   EW_COST  FRAME     @$W/L(W)
  EC-1   BW10             214.0     3.35    1       2.48     0.00      0.00   EW_COST  FRAME     @$W/L(W)
  EC-1   BE10             698.0    17.55    1      12.99     0.00      0.00   EW_COST  FRAME     @$W/L(W)
  EC-1   SB10             120.0     0.28    2       0.42     0.00      0.00   EW_COST  FRAME     @$W/L(W)
  EC-1   ST10             250.0     0.71    2       1.05     0.00      0.00   EW_COST  FRAME     @$W/L(W)
  EC-1   ST12             250.0     0.71    2       1.05     0.00      0.00   EW_COST  FRAME     @$W/L(W)
  EC-1   RC4               75.0     0.22    4       0.65     0.00      0.00   EW_COST  FRAME     @$W/L(W)
  EC-1   EP1              400.0    10.06    1       7.44     0.00      0.00   EW_COST  FRAME     @$W/L(W)

================================================================================
 C163-027            Warning Summary                        19/JAN/2026 10:57am
================================================================================


                   .. No Warnings
