================================================================================
 C163-027            PLATE SUMMARY REPORT                   19/JAN/2026 10:57am
================================================================================

 ----------
 BAR STOCK:
 ----------
                                          Surface
   Width  Thickness    Length    Weight      Area
    (mm)     (mm)        (mm)      (kg)     (cm2)
   -----  ---------  --------   -------  --------
    60.0     6.00     10680.0      30.7     14098   
   125.0     5.00    229757.9    1142.8    597370   
   150.0     5.00    171151.0    1026.7    530568   
   150.0     6.00    126945.5     914.0    396070   
   150.0    10.00      5882.0      70.1     18822   
   175.0     8.00     29436.0     323.8    107736   
   175.0    10.00       732.1      10.1      2709   
   200.0    16.00     39079.7     997.6    168824   
                                -------  --------
                      Total =    4515.7   1836197 

 ----------------
 WEB PLATE STOCK:
 ----------------
                                   Surface
   Thickness    Area     Weight       Area
      (mm)     (cm2)       (kg)      (cm2)
   ---------  ------     ------   --------
      4.00    412083     1294.9     824165   
      5.00    517083     2031.1    1034166   
                         ------   --------
      Total =            3326.1    1858331 

 -----------------
 MISC PLATE STOCK:
 -----------------
                                              Surface
   Width   Thickness    Length   Weight          Area
    (mm)      (mm)        (mm)     (kg)         (cm2)
   -----   ---------  --------   ------     ---------
     498      4.00       428.0      6.7          4263                 
      75      5.00     11700.0     35.0         17550                 
     120      5.00      8574.1     39.9         20578                 
     151      5.00      2460.0     14.6          7419                 
     230      5.00      1610.0     14.8          7406                 
     144      5.00      4444.1     25.2         12839                 
     197      8.00       295.0      3.7          1165                 
     198      8.00       295.0      3.7          1165                 
     197      8.00       294.0      3.7          1158                 
     197      8.00       294.0      3.7          1158                 
     197     10.00      1180.0     18.6          4661                 
     197     10.00      1176.0     18.5          4633                 
     198     10.00       295.0      4.7          1165                 
     197     10.00       294.0      4.6          1158                 
                                 ------     ---------
        Total =                   197.5         86320 

 ----------------------
 INDIVIDUAL WEB PLATES:
 ----------------------
                                   -----Width-----
             Thickness    Length     Wide   Narrow
   Quantity     (mm)        (mm)     (mm)     (mm)
   --------  ---------   -------   ------   ------
       2        4.00     2984.50   498.00   200.55   
       2        4.00     3399.50   539.50   200.55   
      14        4.00     5908.22   350.50   249.52   
       2        4.00     7359.00   300.00   300.00   
       2        4.00     9567.00   350.00   350.00   
 
      14        5.00     9067.53   400.00   400.00   

 -------
 PLATES:
 -------
                                   Surface
   Thick       Area     Weight        Area
    (mm)      (cm2)       (kg)       (cm2)
  ------    -------    -------   ---------
    4.00     414214     1301.6      828428
    5.00    1113949     4330.1     2227897
    6.00     205084      944.7      410167
    8.00      56192      338.6      112383
   10.00      16575      126.7       33149
   16.00      84412      997.6      168824
                       -------   --------
                        8039.3     3780849

 -------------------
 HOT ROLLED MEMBERS:
 -------------------
                                    Total             Surface
                        Length     Length   Weight       Area
 Part       Quantity      (mm)       (mm)     (kg)      (cm2)
 ---------- --------  --------   --------   ------   --------
 T100x40        4       7087.5    28350.0    332.5     113400    
                                            ------   --------
                     Total =                 332.5     113400

 --------------------
 COLD FORMED MEMBERS:
 --------------------
              Flange            Total    Total     Surface   Blank
       Depth   Width  Thick    Length   Weight        Area   Width
 Type   (mm)    (mm)             (mm)     (kg)       (cm2)    (mm)
 ----  -----  ------  -----  --------  -------    --------  ------
   C  200.00   60.00  2.00     7960.0     43.1       54924  345.00    
   C  200.00   60.00  2.50    23920.0    161.9      165143  345.20    
   Z  200.00   60.00  1.50   625242.8   2538.5     4314168  345.00    
   Z  200.00   60.00  1.80   519879.0   2531.8     3587160  345.00    
                                       -------    --------
                 Cold Formed Total =    5275.4     8121395

 -------
 PANELS:
 -------
                                            Total     Total     Surface
                                  Width    Length    Weight        Area
  Part       Type  Thick  Color    (mm)      (mm)      (kg)       (cm2)
  --------   ----- -----  -----  ------  --------   -------    --------
  40333 .5   4033  0.45    A2    1000.0  784239.8    3380.1     7842397  
  40333 .5   4033  0.45    A3    1000.0  620589.6    2674.7     6205896  
                                                    -------    --------
                   Panel Total =                     6054.8    14048292

 -----
 TRIM:
 -----

                            Total    Total      Surface
                 Width     Length   Weight         Area
   Thick  Color   (mm)       (mm)     (kg)        (cm2)
   -----  -----  -----    -------   ------      -------
   0.40    --   501.65   112000.0    175.8      1122285    
   0.40    --   531.81      600.0      1.0         6385    
   0.40    --   601.66   100800.0    189.9      1212319    
   0.40    --  1368.42    14000.0     60.0       383041    
   0.40    --  6381.75      100.0      2.0        12764    
   0.40    A3   301.63    22400.0     21.1       134830    
   0.40    A3  2279.65    53900.1    385.0      2457773    
   0.40    EX   501.65    11200.0     17.6       112229    
   0.40    EX  1368.42     1400.0      6.0        38304    
   0.40    HA   301.63   123200.0    116.2       741563    
   0.40    HA   317.50   123200.0    122.8       783710    
   0.40    HA   400.05    33600.0     42.2       269282    
   0.50    HA   215.00       50.0      0.0          213    
   2.00    HA   152.40       50.0      0.1          153    
   2.00    HA   600.08     6000.0     56.5        71981    
                                    ------      -------
                Trim Total =        1196.2      7346831

 ------
 ANGLE:
 ------
                            Total    Total      Surface
                           Length   Weight         Area
  Part         Thick         (mm)     (kg)        (cm2)
  --------     -----      -------   ------      -------
  L40X40X4     4.00       68735.4    166.3       105857   
  L75X100      2.00       39000.0    122.5       155959   
  SROD12      12.00      283518.9    306.2        64960   
  SROD12      12.00      250873.2    122.2        25930   
                                    ------      -------
                Angle Total =        717.2       352707

 --------
 BRACING:
 --------
                            Total    Total      Surface
                 Dia       Length   Weight         Area
  Part          (mm)         (mm)     (kg)        (cm2)
  --------     -----      -------   ------      -------
  ROD20        20.00     235160.0    579.9       147756   
                                    ------      -------
                Bracing Total =      579.9       147756

 -----
 BOLTS:
 -----
            Bolt       Dia   Length             Total
  Part      Type      (mm)     (mm)     Quan   Weight
  --------  -----    -----   ------   ------   ------
  AB20      A36      20.00   624.99        8     13.5   
  AB24      A36      24.00   730.00      112    343.8   
  H12X50    Gr8.8    12.00    50.01      599     29.4   
  H16X70    Gr8.8    16.00    70.00       21      3.0   
  H20X90    Gr8.8    20.00    89.99      227     76.5   
  M12X50    Gr8.8    12.00    50.01     1034     58.2   
  M16X70    Gr8.8    16.00    70.00        4      0.2   

 ------
 SCREWS:
 ------
                   Length             Total
  Part      Color    (mm)     Quan   Weight
  --------  -----  ------   ------   ------
  12x20SDS    --    20.00      400      2.7                   No. 10-12X20 SDS
  12x20SDS    A2    20.00     1700     11.6                   No. 10-12X20 SDS
  12x20SDS    A3    20.00     2100     14.3                   No. 10-12X20 SDS
  12x20SDS    HA    20.00     1200      8.2                   No. 10-12X20 SDS
  14x20SDS    A2    20.00     3600     24.5                   No. 12-14x20 SDS
  14x55SDS    A3    55.00     2300     15.7                   No. 12-14x55 SDS
  Rivet       --    11.00      200      1.4                   Pop Rivet
  Rivet       A3    11.00      500      3.4                   Pop Rivet
  Rivet       EX    11.00      100      0.7                   Pop Rivet
  Rivet       HA    11.00      100      0.7                   Pop Rivet

 ------
 WELDS:
 ------

                         Web-Flange   -------Hand_Weld--------
                  Size      Fillet     Fillet   Groove    Butt
  Member Type     (mm)        (mm)       (mm)     (mm)    (mm)
  ------------   -----   ----------   -------  -------  ------
  Welded Plate    0.00           0       3200        0       0
                  3.00           0       1396        0       0
                  4.00      504860     189960     1250       0
                  5.00           0       6500        0       0
                  6.00           0      11696        0       0
