*===============================================================================
*C163-027            Rigid Frame Design Input               19/JAN/2026 10:55am
*===============================================================================
 
*( 1)JOBID:
    'C163-027'
 
*( 2)FRAME DESIGN OPTIONS:
*--Frame-    -------Frame_Space-------  Section  Web_Stiffener     P
*Id  Type      L_Col    R_Col   Rafter    Space  Use Ratio Side  Delta
  1 'RFE'     4110.0   4110.0   4110.0    500.0  'N'  0.00 'Y '  'EL'
 
*( 3)FRAME LINES:
*No.    Line_Id
   2    1   7
 
*( 4)OPTIMIZATION OPTIONS:
*Plate  Depth  Frame  -L_Col_Depth_Opt-  -R_Col_Depth_Opt-    Rafter_Depth_Opt
* Opt    Opt    Sym   Typ    Min    Max  Typ    Min    Max   Typ    Min    Max
  'N'    'N'    'S'  'C '  250.0  900.0 'C '  250.0  900.0  'T '  250.0 1400.0
 
*( 5)DESIGN CODE:
*Design  ---Steel_Code---             ---Build---   Code      Seismic
* Code   Cold       Hot      Country  Code   Year   Label      Zone
  'WS ' 'NAUS07  ' 'AISC05'  '    '  'MBMA'  '10'  'MBMA 10 '  'B  '
 
*( 6)DESIGN CONSTANTS:
*                        ---Strength_Factor---
* ----Stress_Ratio----           ---Seismic---
* Frame  Col   EP   BP     Wind   Frame  SpcEP
   1.00 1.00 1.00 1.00   1.0000  1.0000 1.0000
 
*( 7)STEEL YIELDS:
* Web   Flg  C_Sec  W_Sec  R_Sec  P_Sec  T_Sec  U_Sec    EP     BP
  340   340    350    340    250    345    317    250   340    340
 
*( 8)DEFLECTION LIMITS:
* ------Vertical-----  -------Horizontal-------  -Weak_Axis-
*  Live   Wind  Total  Total  Seis  Crane Floor   Wind  Seis
  180.0    0.0  150.0  100.0  50.0  100.0   0.0   60.0  50.0
 
*( 9)REPORTS:
* Input Design   End  Base  Revise Action Sec  Flange Segment Unbrc Floor  Diag
* Echo  Summary Plate Plate Input  Stress Prop Brace  Displ.   Len  React Brace
  'Y'    'Y'     'Y'   'Y'   'Y'    'N'   'N'   'Y'     'N'    'N'   'N'   'N'
 
*(10)BUILDING LAYOUT:
*                             -----------Wall-----------
* Type      Width     Length  Type Opt   Offset   Length
  'FF'    12200.0    45730.0   '-' '-'     0.00  12200.0
 
*(11)SURFACE SHAPE:
* No.    X_Coord   Y_Coord  Offset
   4         0.0    9600.0  230.00
          6100.0   10210.0  200.00
         12200.0    9600.0  200.00
         12200.0       0.0  230.00
 
 
*(12)MEMBER DEPTHS:
*Surf   ----Depth----  No.   --Interior_Depth-
* Id    Start     End  Dep    Locate     Depth
   1   400.00  400.00   0
   2   350.00  250.00   0
   3   250.00  350.00   0
   4   400.00  400.00   0
 
*(13)MEMBER SPLICES:
*Surf
* Id   No.    Locate   Type
   1    0
   2    1        0.0  'HSS '
   3    1        0.0  '-SS '
   4    1        0.0  'HSS '
 
*(14)SEGMENT PLATES:
*    Surf Mem ---Segment--    Member      Flange  ----Plate_Thickness---
*No.  Id   Id  Id   Length    Part         Width     Web  OS_Flg  IS_Flg
   4   1    1   1      0.0   '--------'   150.00    5.00    5.00    6.00
       2    2   2      0.0   '--------'   125.00    4.00    5.00    5.00
       3    3   3      0.0   '--------'   125.00    4.00    5.00    5.00
       4    4   4      0.0   '--------'   150.00    5.00    5.00    6.00
 
*(15)INTERIOR COLUMNS:
*      --------Column-------  Cap   Rafter   Unbrace_Length  ----Column---
* No.  Id  Typ  Rot   Locate  Conn   Opt     Major    Minor  Set  Part
   0
 
*(16)INTERIOR COLUMN PLATES:
* -Column- -----Depth----  No.    Start  ---Web_Depth--     Web    Flg  --Thickness--
* Id Shape    Min     Max  Mem   Locate   Start     End   Thick  Width  OS_Flg IS_Flg
 
*(17)INTERIOR COLUMN SPLICES:
*         Col
* No. Id   Id    Locate  Type
   0
 
*(18)BASE & WALL OPTIONS:
*----------Base----------      Open  Brace
* Id   Conn   Opt    Elev    Height   Opt
   1   'FI'   '-'    0.00       0.0   '-'   Left  Column
   2   'FI'   '-'    0.00       0.0   '-'   Right Column
 
*(19)BASE DISPLACEMENT:
*Base
* Id   Opt  Dir  Displace
   0   '-'  '-'     0.00
 
*(20)BASE SPRINGS:
*      Base         --Spring_Constants--
* No.   Id    Elev    Horz   Vert Rotate
   0
 
*(21)WALL GIRT:
*Surf                                       Bay
* Id  Type  Part       Depth   Proj     Lap  Id  No.  Locate Type
   1  'ZB' '200Z15  ' 200.00 230.00   330.0   6   5   3080.0 'ZB'
                                                      4580.0 'ZB'
                                                      6080.0 'ZB'
                                                      7580.0 'ZB'
                                                      8980.0 'ZB'
   4  'ZB' '200Z15  ' 200.00 230.00   330.0   1   5   3080.0 'ZB'
                                                      4580.0 'ZB'
                                                      6080.0 'ZB'
                                                      7580.0 'ZB'
                                                      8980.0 'ZB'
 
*(22)ROOF PURLIN:
*Surf
* Id  Type  Part       Depth   Proj     Lap
   2  'ZB' '200Z18  ' 200.00   0.00   330.0
   3  'ZB' '200Z18  ' 200.00   0.00   330.0
 
*(23)ROOF PURLIN LOCATION:
*Surf    Peak
* Id    Space  No.  Locate
   2    300.0   4   1457.6   2915.2   4372.8   5830.4
   3    300.0   4    300.0   1757.6   3215.2   4672.8
 
*(24)FLANGE BRACE:
*Surf       Locate  Side
* Id  No.     Id     Opt
   1   5       1     '1'
               2     '1'
               3     '1'
               4     '1'
               5     '1'
   2   4       1     '1'
               2     '1'
               3     '1'
               4     '1'
   3   4       1     '1'
               2     '1'
               3     '1'
               4     '1'
   4   5       1     '1'
               2     '1'
               3     '1'
               4     '1'
               5     '1'
 
*(25)COLUMN ADDITIONAL BRACE LOCATIONS:
*     Col                  -Minor-
*No.   Id   Height  Major  Out  In
  0
 
*(26)EXTENSIONS:
*Surf                   ----Horizontal_Size----   -----Vertical_Size-----     Load
* Id  No.  Id  Type Opt     Elev    Width  Slope     Elev   Height  Slope    Width
   1   0
   4   0
 
*(27)LOAD GROUPS:
*    Group
*No.   Id   Description
   1  '-'  'Standard       '
 
*(28)BASIC LOADS:
*                                             ---Deflection---
*Group Dead  Coll   Live   Snow  Rain  Basic     Load_Ratio       Temp
*  Id  Load  Load   Load   Load  Load   Wind  Snow  Wind  Seis   Change
  '-' 0.100 0.050  0.570  0.000  0.00  0.561  1.00  1.00  1.00     20.0
 
*(29)BASIC LOADS AT EAVE:
*Group Seis   --Torsion--   --EW_Brace-   --Extension--  -Additional-
*  Id  Load   Wind   Seis   Wind   Seis    Wind   Seis    Wind   Seis
  '-'  0.33   0.00   0.00   0.00   0.00    0.27   0.06    0.00   0.00
 
*(30)WIND COEFFICIENT:
*Group Surf  ---Wind_1--   ---Wind_2--   ---Wind_3--   ---Wind_4--     Long_Wind  Surface
*  Id   Id   Left  Right   Left  Right   Left  Right   Left  Right      1      2  Friction
  '-'    1   0.44  -0.62   0.80  -0.26   0.00   0.00   0.00   0.00  -0.63  -0.27    0.00
  '-'    2  -1.25  -0.72  -0.89  -0.36   0.00   0.00   0.00   0.00  -0.87  -0.51    0.00
  '-'    3  -0.72  -1.25  -0.36  -0.89   0.00   0.00   0.00   0.00  -0.87  -0.51    0.00
  '-'    4  -0.62   0.44  -0.26   0.80   0.00   0.00   0.00   0.00  -0.63  -0.27    0.00
 
*(31)LONGITUDINAL & WEAK AXIS BRACING LOADS:
*Group  ----Wind----    ---Seismic--   -Weak_Axis-
*  Id   Horz    Vert    Horz    Vert   Wind   Seis
  '-'   7.85    9.72    1.04    1.29   0.00   0.00  Left  Column
  '-'   7.85    9.72    1.04    1.29   0.00   0.00  Right Column
 
*(32)DESIGN LOADS:Strength
*                -----------------------------------------------------Load_Coefficients-----------------------------------------------------
*         Group             ---Live---       --Add_Snow-        --Wind_1--  --Wind_2--  --Wind_3--  --Wind_4--   Long_Wind  --Seismic-         Aux_Load
*No.   Id   Id  Dead  Coll  Roof Floor  Snow Drift Slide  Rain    Lt    Rt    Lt    Rt    Lt    Rt    Lt    Rt     1     2  Long  Tran  Temp  Id  Coeff
 114    1  '-'  1.00  1.00  1.00  0.00  0.00  0.00  0.00  0.00  0.00  0.00  0.00  0.00  0.00  0.00  0.00  0.00  0.00  0.00  0.00  0.00  0.00   0   0.00
        2  '-'  1.00  1.00  1.00  0.00  0.00  0.00  0.00  0.00  0.00  0.00  0.00  0.00  0.00  0.00  0.00  0.00  0.00  0.00  0.00  0.00  0.00   0   0.00
        3  '-'  1.00  1.00  0.00  1.00  0.00  0.00  0.00  0.00  0.00  0.00  0.00  0.00  0.00  0.00  0.00  0.00  0.00  0.00  0.00  0.00  0.00   0   0.00
        4  '-'  1.00  1.00  0.00  1.00  0.00  0.00  0.00  0.00  0.00  0.00  0.00  0.00  0.00  0.00  0.00  0.00  0.00  0.00  0.00  0.00  0.00   0   0.00
        5  '-'  1.00  1.00  0.00  0.00  1.00  0.00  0.00  0.00  0.00  0.00  0.00  0.00  0.00  0.00  0.00  0.00  0.00  0.00  0.00  0.00  0.00   0   0.00
        6  '-'  1.00  1.00  0.00  0.00  1.00  0.00  0.00  0.00  0.00  0.00  0.00  0.00  0.00  0.00  0.00  0.00  0.00  0.00  0.00  0.00  0.00   0   0.00
        7  '-'  1.00  1.00  0.00  0.00  1.00  1.00  0.00  0.00  0.00  0.00  0.00  0.00  0.00  0.00  0.00  0.00  0.00  0.00  0.00  0.00  0.00   0   0.00
        8  '-'  1.00  1.00  0.00  0.00  1.00  1.00  0.00  0.00  0.00  0.00  0.00  0.00  0.00  0.00  0.00  0.00  0.00  0.00  0.00  0.00  0.00   0   0.00
        9  '-'  1.00  1.00  0.00  0.00  1.00  0.00  1.00  0.00  0.00  0.00  0.00  0.00  0.00  0.00  0.00  0.00  0.00  0.00  0.00  0.00  0.00   0   0.00
       10  '-'  1.00  1.00  0.00  0.00  1.00  0.00  1.00  0.00  0.00  0.00  0.00  0.00  0.00  0.00  0.00  0.00  0.00  0.00  0.00  0.00  0.00   0   0.00
       11  '-'  1.00  0.00  0.00  0.00  0.00  0.00  0.00  0.00  0.00  0.00  0.00  0.00  0.00  0.00  0.00  0.00  0.00  0.00  0.00  0.00  0.00   0   0.00
       12  '-'  1.00  0.00  0.00  0.00  0.00  0.00  0.00  0.00  0.00  0.00  0.00  0.00  0.00  0.00  0.00  0.00  0.00  0.00  0.00  0.00  0.00   0   0.00
       13  '-'  1.00  1.00  0.00  0.75  0.75  0.00  0.00  0.00  0.00  0.00  0.00  0.00  0.00  0.00  0.00  0.00  0.00  0.00  0.00  0.00  0.00   0   0.00
       14  '-'  1.00  1.00  0.00  0.75  0.75  0.00  0.00  0.00  0.00  0.00  0.00  0.00  0.00  0.00  0.00  0.00  0.00  0.00  0.00  0.00  0.00   0   0.00
       15  '-'  1.00  1.00  0.00  0.75  0.75  0.75  0.00  0.00  0.00  0.00  0.00  0.00  0.00  0.00  0.00  0.00  0.00  0.00  0.00  0.00  0.00   0   0.00
       16  '-'  1.00  1.00  0.00  0.75  0.75  0.75  0.00  0.00  0.00  0.00  0.00  0.00  0.00  0.00  0.00  0.00  0.00  0.00  0.00  0.00  0.00   0   0.00
       17  '-'  1.00  1.00  0.00  0.75  0.75  0.00  0.75  0.00  0.00  0.00  0.00  0.00  0.00  0.00  0.00  0.00  0.00  0.00  0.00  0.00  0.00   0   0.00
       18  '-'  1.00  1.00  0.00  0.75  0.75  0.00  0.75  0.00  0.00  0.00  0.00  0.00  0.00  0.00  0.00  0.00  0.00  0.00  0.00  0.00  0.00   0   0.00
       19  '-'  1.00  1.00  0.75  0.75  0.00  0.00  0.00  0.00  0.75  0.00  0.00  0.00  0.00  0.00  0.00  0.00  0.00  0.00  0.00  0.00  0.00   0   0.00
       20  '-'  1.00  1.00  0.75  0.75  0.00  0.00  0.00  0.00  0.00  0.75  0.00  0.00  0.00  0.00  0.00  0.00  0.00  0.00  0.00  0.00  0.00   0   0.00
       21  '-'  1.00  1.00  0.75  0.75  0.00  0.00  0.00  0.00  0.00  0.00  0.75  0.00  0.00  0.00  0.00  0.00  0.00  0.00  0.00  0.00  0.00   0   0.00
       22  '-'  1.00  1.00  0.75  0.75  0.00  0.00  0.00  0.00  0.00  0.00  0.00  0.75  0.00  0.00  0.00  0.00  0.00  0.00  0.00  0.00  0.00   0   0.00
       23  '-'  1.00  1.00  0.75  0.75  0.00  0.00  0.00  0.00  0.00  0.00  0.00  0.00  0.00  0.00  0.00  0.00  0.75  0.00  0.00  0.00  0.00   1   0.75
       24  '-'  1.00  1.00  0.75  0.75  0.00  0.00  0.00  0.00  0.00  0.00  0.00  0.00  0.00  0.00  0.00  0.00  0.75  0.00  0.00  0.00  0.00   2   0.75
       25  '-'  1.00  1.00  0.75  0.75  0.00  0.00  0.00  0.00  0.00  0.00  0.00  0.00  0.00  0.00  0.00  0.00 -0.75  0.00  0.00  0.00  0.00   1   0.75
       26  '-'  1.00  1.00  0.75  0.75  0.00  0.00  0.00  0.00  0.00  0.00  0.00  0.00  0.00  0.00  0.00  0.00 -0.75  0.00  0.00  0.00  0.00   2   0.75
       27  '-'  1.00  1.00  0.75  0.75  0.00  0.00  0.00  0.00  0.00  0.00  0.00  0.00  0.00  0.00  0.00  0.00  0.00  0.75  0.00  0.00  0.00   3   0.75
       28  '-'  1.00  1.00  0.75  0.75  0.00  0.00  0.00  0.00  0.00  0.00  0.00  0.00  0.00  0.00  0.00  0.00  0.00  0.75  0.00  0.00  0.00   4   0.75
       29  '-'  1.00  1.00  0.75  0.75  0.00  0.00  0.00  0.00  0.00  0.00  0.00  0.00  0.00  0.00  0.00  0.00  0.00 -0.75  0.00  0.00  0.00   3   0.75
       30  '-'  1.00  1.00  0.75  0.75  0.00  0.00  0.00  0.00  0.00  0.00  0.00  0.00  0.00  0.00  0.00  0.00  0.00 -0.75  0.00  0.00  0.00   4   0.75
       31  '-'  1.00  1.00  0.00  0.75  0.75  0.00  0.00  0.00  0.75  0.00  0.00  0.00  0.00  0.00  0.00  0.00  0.00  0.00  0.00  0.00  0.00   0   0.00
       32  '-'  1.00  1.00  0.00  0.75  0.75  0.75  0.00  0.00  0.75  0.00  0.00  0.00  0.00  0.00  0.00  0.00  0.00  0.00  0.00  0.00  0.00   0   0.00
       33  '-'  1.00  1.00  0.00  0.75  0.75  0.00  0.75  0.00  0.75  0.00  0.00  0.00  0.00  0.00  0.00  0.00  0.00  0.00  0.00  0.00  0.00   0   0.00
       34  '-'  1.00  1.00  0.00  0.75  0.75  0.00  0.00  0.00  0.00  0.75  0.00  0.00  0.00  0.00  0.00  0.00  0.00  0.00  0.00  0.00  0.00   0   0.00
       35  '-'  1.00  1.00  0.00  0.75  0.75  0.75  0.00  0.00  0.00  0.75  0.00  0.00  0.00  0.00  0.00  0.00  0.00  0.00  0.00  0.00  0.00   0   0.00
       36  '-'  1.00  1.00  0.00  0.75  0.75  0.00  0.75  0.00  0.00  0.75  0.00  0.00  0.00  0.00  0.00  0.00  0.00  0.00  0.00  0.00  0.00   0   0.00
       37  '-'  1.00  1.00  0.00  0.75  0.75  0.00  0.00  0.00  0.00  0.00  0.75  0.00  0.00  0.00  0.00  0.00  0.00  0.00  0.00  0.00  0.00   0   0.00
       38  '-'  1.00  1.00  0.00  0.75  0.75  0.75  0.00  0.00  0.00  0.00  0.75  0.00  0.00  0.00  0.00  0.00  0.00  0.00  0.00  0.00  0.00   0   0.00
       39  '-'  1.00  1.00  0.00  0.75  0.75  0.00  0.75  0.00  0.00  0.00  0.75  0.00  0.00  0.00  0.00  0.00  0.00  0.00  0.00  0.00  0.00   0   0.00
       40  '-'  1.00  1.00  0.00  0.75  0.75  0.00  0.00  0.00  0.00  0.00  0.00  0.75  0.00  0.00  0.00  0.00  0.00  0.00  0.00  0.00  0.00   0   0.00
       41  '-'  1.00  1.00  0.00  0.75  0.75  0.75  0.00  0.00  0.00  0.00  0.00  0.75  0.00  0.00  0.00  0.00  0.00  0.00  0.00  0.00  0.00   0   0.00
       42  '-'  1.00  1.00  0.00  0.75  0.75  0.00  0.75  0.00  0.00  0.00  0.00  0.75  0.00  0.00  0.00  0.00  0.00  0.00  0.00  0.00  0.00   0   0.00
       43  '-'  1.00  1.00  0.00  0.75  0.75  0.00  0.00  0.00  0.00  0.00  0.00  0.00  0.00  0.00  0.00  0.00  0.45  0.00  0.00  0.00  0.00   1   0.45
       44  '-'  1.00  1.00  0.00  0.75  0.75  0.00  0.00  0.00  0.00  0.00  0.00  0.00  0.00  0.00  0.00  0.00  0.45  0.00  0.00  0.00  0.00   2   0.45
       45  '-'  1.00  1.00  0.00  0.75  0.75  0.00  0.00  0.00  0.00  0.00  0.00  0.00  0.00  0.00  0.00  0.00 -0.45  0.00  0.00  0.00  0.00   1   0.45
       46  '-'  1.00  1.00  0.00  0.75  0.75  0.00  0.00  0.00  0.00  0.00  0.00  0.00  0.00  0.00  0.00  0.00 -0.45  0.00  0.00  0.00  0.00   2   0.45
       47  '-'  1.00  1.00  0.00  0.75  0.75  0.75  0.00  0.00  0.00  0.00  0.00  0.00  0.00  0.00  0.00  0.00  0.45  0.00  0.00  0.00  0.00   1   0.45
       48  '-'  1.00  1.00  0.00  0.75  0.75  0.75  0.00  0.00  0.00  0.00  0.00  0.00  0.00  0.00  0.00  0.00  0.45  0.00  0.00  0.00  0.00   2   0.45
       49  '-'  1.00  1.00  0.00  0.75  0.75  0.75  0.00  0.00  0.00  0.00  0.00  0.00  0.00  0.00  0.00  0.00 -0.45  0.00  0.00  0.00  0.00   1   0.45
       50  '-'  1.00  1.00  0.00  0.75  0.75  0.75  0.00  0.00  0.00  0.00  0.00  0.00  0.00  0.00  0.00  0.00 -0.45  0.00  0.00  0.00  0.00   2   0.45
       51  '-'  1.00  1.00  0.00  0.75  0.75  0.00  0.75  0.00  0.00  0.00  0.00  0.00  0.00  0.00  0.00  0.00  0.45  0.00  0.00  0.00  0.00   1   0.45
       52  '-'  1.00  1.00  0.00  0.75  0.75  0.00  0.75  0.00  0.00  0.00  0.00  0.00  0.00  0.00  0.00  0.00  0.45  0.00  0.00  0.00  0.00   2   0.45
       53  '-'  1.00  1.00  0.00  0.75  0.75  0.00  0.75  0.00  0.00  0.00  0.00  0.00  0.00  0.00  0.00  0.00 -0.45  0.00  0.00  0.00  0.00   1   0.45
       54  '-'  1.00  1.00  0.00  0.75  0.75  0.00  0.75  0.00  0.00  0.00  0.00  0.00  0.00  0.00  0.00  0.00 -0.45  0.00  0.00  0.00  0.00   2   0.45
       55  '-'  1.00  1.00  0.00  0.75  0.75  0.00  0.00  0.00  0.00  0.00  0.00  0.00  0.00  0.00  0.00  0.00  0.00  0.45  0.00  0.00  0.00   3   0.45
       56  '-'  1.00  1.00  0.00  0.75  0.75  0.00  0.00  0.00  0.00  0.00  0.00  0.00  0.00  0.00  0.00  0.00  0.00  0.45  0.00  0.00  0.00   4   0.45
       57  '-'  1.00  1.00  0.00  0.75  0.75  0.00  0.00  0.00  0.00  0.00  0.00  0.00  0.00  0.00  0.00  0.00  0.00 -0.45  0.00  0.00  0.00   3   0.45
       58  '-'  1.00  1.00  0.00  0.75  0.75  0.00  0.00  0.00  0.00  0.00  0.00  0.00  0.00  0.00  0.00  0.00  0.00 -0.45  0.00  0.00  0.00   4   0.45
       59  '-'  1.00  1.00  0.00  0.75  0.75  0.75  0.00  0.00  0.00  0.00  0.00  0.00  0.00  0.00  0.00  0.00  0.00  0.45  0.00  0.00  0.00   3   0.45
       60  '-'  1.00  1.00  0.00  0.75  0.75  0.75  0.00  0.00  0.00  0.00  0.00  0.00  0.00  0.00  0.00  0.00  0.00  0.45  0.00  0.00  0.00   4   0.45
       61  '-'  1.00  1.00  0.00  0.75  0.75  0.75  0.00  0.00  0.00  0.00  0.00  0.00  0.00  0.00  0.00  0.00  0.00 -0.45  0.00  0.00  0.00   3   0.45
       62  '-'  1.00  1.00  0.00  0.75  0.75  0.75  0.00  0.00  0.00  0.00  0.00  0.00  0.00  0.00  0.00  0.00  0.00 -0.45  0.00  0.00  0.00   4   0.45
       63  '-'  1.00  1.00  0.00  0.75  0.75  0.00  0.75  0.00  0.00  0.00  0.00  0.00  0.00  0.00  0.00  0.00  0.00  0.45  0.00  0.00  0.00   3   0.45
       64  '-'  1.00  1.00  0.00  0.75  0.75  0.00  0.75  0.00  0.00  0.00  0.00  0.00  0.00  0.00  0.00  0.00  0.00  0.45  0.00  0.00  0.00   4   0.45
       65  '-'  1.00  1.00  0.00  0.75  0.75  0.00  0.75  0.00  0.00  0.00  0.00  0.00  0.00  0.00  0.00  0.00  0.00 -0.45  0.00  0.00  0.00   3   0.45
       66  '-'  1.00  1.00  0.00  0.75  0.75  0.00  0.75  0.00  0.00  0.00  0.00  0.00  0.00  0.00  0.00  0.00  0.00 -0.45  0.00  0.00  0.00   4   0.45
       67  '-'  0.60  0.00  0.00  0.00  0.00  0.00  0.00  0.00  1.00  0.00  0.00  0.00  0.00  0.00  0.00  0.00  0.00  0.00  0.00  0.00  0.00   0   0.00
       68  '-'  0.60  0.00  0.00  0.00  0.00  0.00  0.00  0.00  0.00  1.00  0.00  0.00  0.00  0.00  0.00  0.00  0.00  0.00  0.00  0.00  0.00   0   0.00
       69  '-'  0.60  0.00  0.00  0.00  0.00  0.00  0.00  0.00  0.00  0.00  1.00  0.00  0.00  0.00  0.00  0.00  0.00  0.00  0.00  0.00  0.00   0   0.00
       70  '-'  0.60  0.00  0.00  0.00  0.00  0.00  0.00  0.00  0.00  0.00  0.00  1.00  0.00  0.00  0.00  0.00  0.00  0.00  0.00  0.00  0.00   0   0.00
       71  '-'  0.60  0.00  0.00  0.00  0.00  0.00  0.00  0.00  0.00  0.00  0.00  0.00  0.00  0.00  0.00  0.00  1.00  0.00  0.00  0.00  0.00   1   1.00
       72  '-'  0.60  0.00  0.00  0.00  0.00  0.00  0.00  0.00  0.00  0.00  0.00  0.00  0.00  0.00  0.00  0.00  1.00  0.00  0.00  0.00  0.00   2   1.00
       73  '-'  0.60  0.00  0.00  0.00  0.00  0.00  0.00  0.00  0.00  0.00  0.00  0.00  0.00  0.00  0.00  0.00 -1.00  0.00  0.00  0.00  0.00   1   1.00
       74  '-'  0.60  0.00  0.00  0.00  0.00  0.00  0.00  0.00  0.00  0.00  0.00  0.00  0.00  0.00  0.00  0.00 -1.00  0.00  0.00  0.00  0.00   2   1.00
       75  '-'  0.60  0.00  0.00  0.00  0.00  0.00  0.00  0.00  0.00  0.00  0.00  0.00  0.00  0.00  0.00  0.00  0.00  1.00  0.00  0.00  0.00   3   1.00
       76  '-'  0.60  0.00  0.00  0.00  0.00  0.00  0.00  0.00  0.00  0.00  0.00  0.00  0.00  0.00  0.00  0.00  0.00  1.00  0.00  0.00  0.00   4   1.00
       77  '-'  0.60  0.00  0.00  0.00  0.00  0.00  0.00  0.00  0.00  0.00  0.00  0.00  0.00  0.00  0.00  0.00  0.00 -1.00  0.00  0.00  0.00   3   1.00
       78  '-'  0.60  0.00  0.00  0.00  0.00  0.00  0.00  0.00  0.00  0.00  0.00  0.00  0.00  0.00  0.00  0.00  0.00 -1.00  0.00  0.00  0.00   4   1.00
       79  '-'  1.01  1.01  0.00  0.00  0.00  0.00  0.00  0.00  0.00  0.00  0.00  0.00  0.00  0.00  0.00  0.00  0.00  0.00  0.00  0.70  0.00   0   0.00
       80  '-'  1.01  1.01  0.00  0.00  0.00  0.00  0.00  0.00  0.00  0.00  0.00  0.00  0.00  0.00  0.00  0.00  0.00  0.00  0.00 -0.70  0.00   0   0.00
       81  '-'  1.01  1.01  0.75  0.75  0.00  0.00  0.00  0.00  0.00  0.00  0.00  0.00  0.00  0.00  0.00  0.00  0.00  0.00  0.00  0.52  0.00   0   0.00
       82  '-'  1.01  1.01  0.75  0.75  0.00  0.00  0.00  0.00  0.00  0.00  0.00  0.00  0.00  0.00  0.00  0.00  0.00  0.00  0.00 -0.52  0.00   0   0.00
       83  '-'  1.01  1.01  0.00  0.75  0.00  0.00  0.00  0.00  0.00  0.00  0.00  0.00  0.00  0.00  0.00  0.00  0.00  0.00  0.00  0.52  0.00   0   0.00
       84  '-'  1.01  1.01  0.00  0.75  0.00  0.00  0.00  0.00  0.00  0.00  0.00  0.00  0.00  0.00  0.00  0.00  0.00  0.00  0.00 -0.52  0.00   0   0.00
       85  '-'  0.59  0.00  0.00  0.00  0.00  0.00  0.00  0.00  0.00  0.00  0.00  0.00  0.00  0.00  0.00  0.00  0.00  0.00  0.00  0.70  0.00   0   0.00
       86  '-'  0.59  0.00  0.00  0.00  0.00  0.00  0.00  0.00  0.00  0.00  0.00  0.00  0.00  0.00  0.00  0.00  0.00  0.00  0.00 -0.70  0.00   0   0.00
       87  '-'  1.01  1.01  0.00  0.00  0.00  0.00  0.00  0.00  0.00  0.00  0.00  0.00  0.00  0.00  0.00  0.00  0.00  0.00  0.70  0.00  0.00   0   0.00
       88  '-'  1.01  1.01  0.00  0.00  0.00  0.00  0.00  0.00  0.00  0.00  0.00  0.00  0.00  0.00  0.00  0.00  0.00  0.00 -0.70  0.00  0.00   0   0.00
       89  '-'  1.01  1.01  0.75  0.75  0.00  0.00  0.00  0.00  0.00  0.00  0.00  0.00  0.00  0.00  0.00  0.00  0.00  0.00  0.52  0.00  0.00   0   0.00
       90  '-'  1.01  1.01  0.75  0.75  0.00  0.00  0.00  0.00  0.00  0.00  0.00  0.00  0.00  0.00  0.00  0.00  0.00  0.00 -0.52  0.00  0.00   0   0.00
       91  '-'  1.01  1.01  0.00  0.75  0.00  0.00  0.00  0.00  0.00  0.00  0.00  0.00  0.00  0.00  0.00  0.00  0.00  0.00  0.52  0.00  0.00   0   0.00
       92  '-'  1.01  1.01  0.00  0.75  0.00  0.00  0.00  0.00  0.00  0.00  0.00  0.00  0.00  0.00  0.00  0.00  0.00  0.00 -0.52  0.00  0.00   0   0.00
       93  '-'  0.59  0.00  0.00  0.00  0.00  0.00  0.00  0.00  0.00  0.00  0.00  0.00  0.00  0.00  0.00  0.00  0.00  0.00  0.70  0.00  0.00   0   0.00
       94  '-'  0.59  0.00  0.00  0.00  0.00  0.00  0.00  0.00  0.00  0.00  0.00  0.00  0.00  0.00  0.00  0.00  0.00  0.00 -0.70  0.00  0.00   0   0.00
       95  '-'  1.00  0.00  0.00  1.00  0.00  0.00  0.00  0.00  0.00  0.00  0.00  0.00  0.00  0.00  0.00  0.00  0.00  0.00  0.00  0.00  1.00   0   0.00
       96  '-'  1.00  0.00  0.00  1.00  0.00  0.00  0.00  0.00  0.00  0.00  0.00  0.00  0.00  0.00  0.00  0.00  0.00  0.00  0.00  0.00  1.00   0   0.00
       97  '-'  1.00  0.00  0.00  1.00  0.00  0.00  0.00  0.00  0.00  0.00  0.00  0.00  0.00  0.00  0.00  0.00  0.00  0.00  0.00  0.00 -1.00   0   0.00
       98  '-'  1.00  0.00  0.00  1.00  0.00  0.00  0.00  0.00  0.00  0.00  0.00  0.00  0.00  0.00  0.00  0.00  0.00  0.00  0.00  0.00 -1.00   0   0.00
       99  '-'  1.00  1.00  0.75  0.75  0.00  0.00  0.00  0.00  0.00  0.00  0.00  0.00  0.00  0.00  0.00  0.00  0.00  0.00  0.00  0.00  0.75   0   0.00
      100  '-'  1.00  1.00  0.75  0.75  0.00  0.00  0.00  0.00  0.00  0.00  0.00  0.00  0.00  0.00  0.00  0.00  0.00  0.00  0.00  0.00  0.75   0   0.00
      101  '-'  1.00  1.00  0.75  0.75  0.00  0.00  0.00  0.00  0.00  0.00  0.00  0.00  0.00  0.00  0.00  0.00  0.00  0.00  0.00  0.00 -0.75   0   0.00
      102  '-'  1.00  1.00  0.75  0.75  0.00  0.00  0.00  0.00  0.00  0.00  0.00  0.00  0.00  0.00  0.00  0.00  0.00  0.00  0.00  0.00 -0.75   0   0.00
      103  '-'  1.00  1.00  0.00  0.75  0.75  0.00  0.00  0.00  0.00  0.00  0.00  0.00  0.00  0.00  0.00  0.00  0.00  0.00  0.00  0.00  0.75   0   0.00
      104  '-'  1.00  1.00  0.00  0.75  0.75  0.00  0.00  0.00  0.00  0.00  0.00  0.00  0.00  0.00  0.00  0.00  0.00  0.00  0.00  0.00  0.75   0   0.00
      105  '-'  1.00  1.00  0.00  0.75  0.75  0.75  0.00  0.00  0.00  0.00  0.00  0.00  0.00  0.00  0.00  0.00  0.00  0.00  0.00  0.00  0.75   0   0.00
      106  '-'  1.00  1.00  0.00  0.75  0.75  0.75  0.00  0.00  0.00  0.00  0.00  0.00  0.00  0.00  0.00  0.00  0.00  0.00  0.00  0.00  0.75   0   0.00
      107  '-'  1.00  1.00  0.00  0.75  0.75  0.00  0.75  0.00  0.00  0.00  0.00  0.00  0.00  0.00  0.00  0.00  0.00  0.00  0.00  0.00  0.75   0   0.00
      108  '-'  1.00  1.00  0.00  0.75  0.75  0.00  0.75  0.00  0.00  0.00  0.00  0.00  0.00  0.00  0.00  0.00  0.00  0.00  0.00  0.00  0.75   0   0.00
      109  '-'  1.00  1.00  0.00  0.75  0.75  0.00  0.00  0.00  0.00  0.00  0.00  0.00  0.00  0.00  0.00  0.00  0.00  0.00  0.00  0.00 -0.75   0   0.00
      110  '-'  1.00  1.00  0.00  0.75  0.75  0.00  0.00  0.00  0.00  0.00  0.00  0.00  0.00  0.00  0.00  0.00  0.00  0.00  0.00  0.00 -0.75   0   0.00
      111  '-'  1.00  1.00  0.00  0.75  0.75  0.75  0.00  0.00  0.00  0.00  0.00  0.00  0.00  0.00  0.00  0.00  0.00  0.00  0.00  0.00 -0.75   0   0.00
      112  '-'  1.00  1.00  0.00  0.75  0.75  0.75  0.00  0.00  0.00  0.00  0.00  0.00  0.00  0.00  0.00  0.00  0.00  0.00  0.00  0.00 -0.75   0   0.00
      113  '-'  1.00  1.00  0.00  0.75  0.75  0.00  0.75  0.00  0.00  0.00  0.00  0.00  0.00  0.00  0.00  0.00  0.00  0.00  0.00  0.00 -0.75   0   0.00
      114  '-'  1.00  1.00  0.00  0.75  0.75  0.00  0.75  0.00  0.00  0.00  0.00  0.00  0.00  0.00  0.00  0.00  0.00  0.00  0.00  0.00 -0.75   0   0.00
 
 
*(33)DESIGN LOADS:Deflection
*                -----------------------------------------------------Load_Coefficients-----------------------------------------------------
*         Group             ---Live---       --Add_Snow-        --Wind_1--  --Wind_2--  --Wind_3--  --Wind_4--   Long_Wind  --Seismic-         Aux_Load
*No.   Id   Id  Dead  Coll  Roof Floor  Snow Drift Slide  Rain    Lt    Rt    Lt    Rt    Lt    Rt    Lt    Rt     1     2  Long  Tran  Temp  Id  Coeff
 0
 
*(34)DESIGN LOADS:Special
*                                 -----------------------------------------------------Load_Coefficients-----------------------------------------------------
*Load     Group                              ---Live---        -Add_Snow-        --Wind_1--  --Wind_2--   --Wind_3-- --Wind_4--   Long_Wind  --Seismic-         Aux_Load
*No.   Id   Id   Use  Code        Dead Coll  Roof Floor  Snow Drift Slide  Rain    Lt    Rt    Lt    Rt    Lt    Rt    Lt    Rt     1     2  Long  Tran  Temp  Id  Coeff
  16  115  '-'  'EP' '---------'  1.01 1.01  0.00  0.00  0.00  0.00  0.00  0.00  0.00  0.00  0.00  0.00  0.00  0.00  0.00  0.00  0.00  0.00  0.00  2.10  0.00   0   0.00
      116  '-'  'EP' '---------'  1.01 1.01  0.00  0.00  0.00  0.00  0.00  0.00  0.00  0.00  0.00  0.00  0.00  0.00  0.00  0.00  0.00  0.00  0.00 -2.10  0.00   0   0.00
      117  '-'  'EP' '---------'  1.01 1.01  0.75  0.75  0.00  0.00  0.00  0.00  0.00  0.00  0.00  0.00  0.00  0.00  0.00  0.00  0.00  0.00  0.00  1.57  0.00   0   0.00
      118  '-'  'EP' '---------'  1.01 1.01  0.75  0.75  0.00  0.00  0.00  0.00  0.00  0.00  0.00  0.00  0.00  0.00  0.00  0.00  0.00  0.00  0.00 -1.57  0.00   0   0.00
      119  '-'  'EP' '---------'  1.01 1.01  0.00  0.75  0.00  0.00  0.00  0.00  0.00  0.00  0.00  0.00  0.00  0.00  0.00  0.00  0.00  0.00  0.00  1.57  0.00   0   0.00
      120  '-'  'EP' '---------'  1.01 1.01  0.00  0.75  0.00  0.00  0.00  0.00  0.00  0.00  0.00  0.00  0.00  0.00  0.00  0.00  0.00  0.00  0.00 -1.57  0.00   0   0.00
      121  '-'  'EP' '---------'  0.59 0.00  0.00  0.00  0.00  0.00  0.00  0.00  0.00  0.00  0.00  0.00  0.00  0.00  0.00  0.00  0.00  0.00  0.00  2.10  0.00   0   0.00
      122  '-'  'EP' '---------'  0.59 0.00  0.00  0.00  0.00  0.00  0.00  0.00  0.00  0.00  0.00  0.00  0.00  0.00  0.00  0.00  0.00  0.00  0.00 -2.10  0.00   0   0.00
      123  '-'  'BP' '---------'  1.01 1.01  0.00  0.00  0.00  0.00  0.00  0.00  0.00  0.00  0.00  0.00  0.00  0.00  0.00  0.00  0.00  0.00  0.00  2.10  0.00   0   0.00
      124  '-'  'BP' '---------'  1.01 1.01  0.00  0.00  0.00  0.00  0.00  0.00  0.00  0.00  0.00  0.00  0.00  0.00  0.00  0.00  0.00  0.00  0.00 -2.10  0.00   0   0.00
      125  '-'  'BP' '---------'  1.01 1.01  0.75  0.75  0.00  0.00  0.00  0.00  0.00  0.00  0.00  0.00  0.00  0.00  0.00  0.00  0.00  0.00  0.00  1.57  0.00   0   0.00
      126  '-'  'BP' '---------'  1.01 1.01  0.75  0.75  0.00  0.00  0.00  0.00  0.00  0.00  0.00  0.00  0.00  0.00  0.00  0.00  0.00  0.00  0.00 -1.57  0.00   0   0.00
      127  '-'  'BP' '---------'  1.01 1.01  0.00  0.75  0.00  0.00  0.00  0.00  0.00  0.00  0.00  0.00  0.00  0.00  0.00  0.00  0.00  0.00  0.00  1.57  0.00   0   0.00
      128  '-'  'BP' '---------'  1.01 1.01  0.00  0.75  0.00  0.00  0.00  0.00  0.00  0.00  0.00  0.00  0.00  0.00  0.00  0.00  0.00  0.00  0.00 -1.57  0.00   0   0.00
      129  '-'  'BP' '---------'  0.59 0.00  0.00  0.00  0.00  0.00  0.00  0.00  0.00  0.00  0.00  0.00  0.00  0.00  0.00  0.00  0.00  0.00  0.00  2.10  0.00   0   0.00
      130  '-'  'BP' '---------'  0.59 0.00  0.00  0.00  0.00  0.00  0.00  0.00  0.00  0.00  0.00  0.00  0.00  0.00  0.00  0.00  0.00  0.00  0.00 -2.10  0.00   0   0.00
 
 
*(35)AUXILIARY LOAD:
*     Aux                No._Add    Add_Comb
*No.   Id   Name          Loads   Id    Coeff
   4    1  'LWIND1_L2E'      1     1     1.00
        2  'LWIND1_R2E'      1     2     1.00
        3  'LWIND2_L2E'      1     1     1.00
        4  'LWIND2_R2E'      1     2     1.00
 
 
*(36)ADDITIONAL LOADS:
*     Add Group Loc  Basic        Load       Fx        Fy      Mom        Dx        Dy  .. Conc
*No.   Id   Id   Id  Load         Type       W1        W2       Co       Dl1       Dl2  .. Dist
   2    1  '-'    2 'U_WIND    '  'D '     0.88      0.88    0.000       0.0    2440.0
        2  '-'    3 'U_WIND    '  'D '     0.88      0.88    0.000    3690.4    6130.4
 
 
*(37)STEPPED LOAD COEFFICIENTS:
*    Group Basic    Loc   No.  ----Step_1---   ----Step_2---   ----Step_3---
*No.   Id  Load      Id  Step  Locate   Coef   Locate   Coef   Locate   Coef
  4   '-' 'WINDL1  '  2    2   6100.0  1.000   6130.4  0.574
      '-' 'WINDR1  '  3    2     30.4  0.574   6130.4  1.000
      '-' 'WINDL2  '  2    2   6100.0  1.000   6130.4  0.402
      '-' 'WINDR2  '  3    2     30.4  0.402   6130.4  1.000
 
 
*(38)FLOOR BEAMS:
* Bay                      Con_Type   Con_Loc     --Properties--
*  Id   No.  Id   Height   Lt    Rt   Lt    Rt    Area       Ixx
    1    0
 
*(39)DIAGONAL BRACING:
*Bay
* Id   No.     Id   Level   Opt    Area
   1    0
 
*(40)CRANE BRACKET:
*        Span ----Crane----  ----Beam----    ----Offset----  ------Bracket-----  Col_Sup
*No. Id Lt Rt Type   Height  Depth  Width     Left    Right  Type Opt  Select     Lt  Rt    Load
  0
 
*(41)DESIGN PLATES:
*     ----Plate---   --Plate_Size-   Bolt   Bolt  ----Top---  --Bottom--   Bolt
*No.  Type      Id   Width   Thick    Dia   Gage  Row  Space  Row  Space  Gage2
  2  'BASE    '  1     0.0    0.00  24.00    0.0   0     0.0   0     0.0    0.0
     'BASE    '  2     0.0    0.00  24.00    0.0   0     0.0   0     0.0    0.0
 
 
*(42)ENDWALL COLUMNS:
*Wall   Expand_EW                                    Max_Deflect
* Id   Use  Offset    No.   Locate  Offset  Option   Down     Up
   1  'Y '  415.00     1    6100.0  590.00    'C'    0.00   0.00
   3  'Y '  415.00     1    6100.0  590.00    'C'    0.00   0.00
 
*(43)JACK BEAMS:
*                                                 Spring_Constant
*No.    Id   Offset   Height   Length   Part        Horz    Vert
  0
 
*(44)LINER:
*---Wall_Height---
*    F_SW     B_SW  Roof
      0.0      0.0  'N'
 
*(45)ADDITIONAL COLUMNS:
*No.  Id  Type  Rot  Opt  Part           Elev
  0
 
*(46)DESIGN CODE OPTIONS:
*No.   Event                         Condition
  0
 
*(47)CORNER BRACE:
*      Loc   Member
* No.   Id   Size
   0
 
*AUXILIARY LOAD DESCRIPTIONS:
* Aux
*  Id  Description
*   1  Longitudinal wind load, case 1
*   2  Longitudinal wind load, case 1
*   3  Longitudinal wind load, case 2
*   4  Longitudinal wind load, case 2
*
*ADDITIONAL LOAD DESCRIPTIONS:
* Add
*  Id  Description
*   1  Longitudinal wind load
*   2  Longitudinal wind load
*
* Code files used:
*   MBMA.10N
*   RF_MBMA.10N Version 4.0
*
*BASIC LOADS AT EAVE - Extension_Brace
* Ext
*  Id   Wind    Seismic
*   1   0.27      0.06
*   2   0.27      0.06
*
*DS_RFDEP.Siz
*Surface  Span  --Required-   -----------Selected----------
*  Id      Id   Type   Span   Type   Span  #Depth  #Splice
*   1       1    WC    9600    No record selected
*   2       1    C     6100    C     6000     0       0
*   3       1    C     6100    C     6000     0       0
*   4       1    WC    9600    No record selected
*
* Calculated Seismic Mass, W = 21.90 kN
================================================================================
 C163-027            Frame  1 - Design Code                 19/JAN/2026 10:57am
================================================================================

 STRUCTURAL CODE:
 ----------------
   Design Basis      : WS  - Working Stress
   Hot  Rolled Steel : AISC05
   Cold Formed Steel : NAUS07  

 BUILDING CODE:
 --------------
   Wind Code         : MBMA 10
   Seismic Zone      : B  

 MODULUS OF ELASTICITY:
 ----------------------
   Hot  Rolled Steel : 199955 (MN/m2)
   Cold Formed Steel : 203403 (MN/m2)
 
================================================================================
 C163-027            Frame  1 - Base Plates and Anchor Bolt 19/JAN/2026 10:57am
================================================================================

 DESIGN CONSTANTS:
 -----------------
  Base Plate Yield     = 340.0 (MN/m2)
  Concrete Bearing     =   7.0 (MN/m2)                                    
  Bolt Type            = A36  
  Bolt Shear   Stress  =  80.0 (MN/m2)
  Bolt Tension Stress  = 150.0 (MN/m2)
 

 BASE PLATE & BOLT SIZE:
 -----------------------

                                                  Bolt_Row
 --Column_Base--  --Plate_Size(mm)--  Bolt(A36  ) Near_Flg  --Bolt_Space(mm)-
 Id    Typ Depth  Width Length Thick   Dia  Gage  Out   In   End   Out   Flg
 ----- --- -----  ----- ------ -----  ----- ----  ---  ---  ----- ----- -----
 Left   FI   411   200  705.5  16.00  24.00  100    1    1  75.00  0.00 150.0
 Right  FI   411   200  705.5  16.00  24.00  100    1    1  75.00  0.00 150.0
 

         Base_Bending  Web_Tension  ---------------Bolts(kN)--------------
 Col         (MN/m2)      (MN/m2)   Bolt_Tension  -Bolt_Comp-   Bolt_Shear  Max   Req   Req
 Loc   Ld  Calc Limit   Calc Limit   Calc  Limit   Calc Limit   Calc Limit   UC Thick   Dia
 ----- -- ----- -----  ----- -----  -----  -----  ----- -----  ----- ----- ---- ----- -----
 Left  69    61   306     85   204   27.4   67.9    0.0  67.9    2.1  36.2 0.41  8.73 15.25
 Right 70    61   306     85   204   27.4   67.9    0.0  67.9    2.1  36.2 0.41  8.73 15.25

 BASE REACTIONS:
 ---------------

 Column  -Max_Compression(kN,kN-m)-   --Max_Tension(kN,kN-m)---
 Loc      Ld   Axial  Shear  Moment    Ld  Axial  Shear  Moment
 ------  ----  -----  -----  ------   ---- -----  -----  ------
 Left     69    -9.5   17.0    52.8    69   -9.5   17.0    52.8
 Right    70    -9.5   17.0    52.8    70   -9.5   17.0    52.8

 GUSSET PLATES:
 --------------

 Column  Gusset    --Plate_Size(mm)--      -Max_Comp(MN/m2)  Max_Tension(MN/m2)
 Locate  Locate    Width Thick Length  Ld  Calc  Limit   UC   Calc Limit   UC
 ------  --------  ----- ----- ------  --  ----- ----- ----  ----- ----- ----
 Left    Flg_Base  147.3  8.00  197.3  69  166.7 168.2 0.99   74.1 207.0 0.36
 Right   Flg_Base  147.3  8.00  197.3  70  166.7 168.2 0.99   74.1 207.0 0.36

 CONCRETE:
 ---------

          Comp_in
 Column   Bolt_Or       --Bearing(MN/m2)--   Bearing
 Locate   Concrete  Ld   Calc  Limit    UC  Length(mm)
 ------   --------  --  -----  -----  ----  ----------
 Left        C      69    7.0    7.0  1.00    143.0            
                    69    0.0    7.0  0.00      0.0            
 Right       C      70    7.0    7.0  1.00    143.1            
                    70    0.0    7.0  0.00      0.0            
 

 WELDS:
 ------
          Outside_Flange_To_Base  Inside_Flange_To_Base   -----Web_To_Base-----
 Base               Shear(kN/mm)            Shear(kN/mm)            Shear(kN/mm)
 Id       Size  Typ  Calc Limit   Size  Typ  Calc Limit   Size  Typ  Calc Limit
 -----    ----- --- ----- -----   ----- --- ----- -----   ----- --- ----- -----
 Left      4.00  F2 0.281 0.410    4.00  F2 0.281 0.410    4.00  F2 0.021 0.410
 Right     4.00  F2 0.281 0.410    4.00  F2 0.281 0.410    4.00  F2 0.021 0.410


                    ----Gusset_To_Base---   ---Gusset_To_Column--
 Column  Gusset               Shear(kN/mm)            Shear(kN/mm)
 Locate  Locate     Size  Typ  Calc Limit   Size  Typ  Calc Limit
 ------  --------   ----- --- ----- -----   ----- --- ----- -----
 Left    Flg_Base    6.00  F2 0.152 0.620    4.00  F2 0.121 0.410
 Right   Flg_Base    6.00  F2 0.152 0.620    4.00  F2 0.121 0.410
 

 LOAD COMBINATIONS:
 ------------------
    69   0.6Dead+Wind_Left2
    70   0.6Dead+Wind_Right2
 
================================================================================
 C163-027            Frame  1 - Bolted-End-Plates           19/JAN/2026 10:57am
================================================================================

 DESIGN CONSTANTS:
 -----------------
  Splice Yield         = 340.0 (MN/m2)
  Bolt Type            = Gr8.8 Snug-Tightened
  Bolt Shear   Stress  = 160.0 (MN/m2)
  Bolt Tension Stress  = 299.9 (MN/m2)


 PLATE SIZE:
 -----------
  Splice  Member    Web   Splice(mm)  -----------------Bolts(Gr8.8)-----------------
  Id Typ  Locate  Depth  Width Thick    Dia  Gage Gage2 RowT SpaceT RowB SpaceB RowI
  -- ---  ------  -----  ----- -----  ----- ----- ----- ---- ------ ---- ------ ----
   1 HSS   1- 2   400.0    200 16.00  20.00 100.0 100.0   2  100.0    2  100.0    0
   2 -SS   2- 3   251.2    200 16.00  20.00 100.0 100.0   2  100.0    2  100.0    0
   3 HSS   3- 4   400.0    200 16.00  20.00 100.0 100.0   2  100.0    2  100.0    0

 PLATE DESIGN:
 -------------
             -------Max_Moment------  -------Max_Shear------
  Splice Ten Load Axial Shear Moment  Load Axial Shear Moment    Req   Req  Bolt
  Id Typ Loc  Id   (kN)  (kN) (kN-m)   Id   (kN)  (kN) (kN-m)  Thick   Dia    UC
  -- --- --- ---- ----- ----- ------  ---- ----- ----- ------  ----- ----- -----
   1 HSS Top   2   19.4  -5.3   30.7    2   19.4  -5.3   30.7   6.36  8.93  0.20
         Bot  67  -16.0   4.1  -31.9   74   -0.5   7.7  -15.6   6.48  9.10  0.21
   2 -SS Top  68   -5.2   0.7    9.2   68   -5.2   0.7    9.2   4.39  6.60  0.11
         Bot   1    5.2  -0.1  -16.3   21    3.7  -0.6   -6.9   5.84  8.79  0.19
   3 HSS Top   1   19.4   5.3   30.6    1   19.4   5.3   30.6   6.36  8.93  0.20
         Bot  68  -16.0  -4.1  -31.8   73   -0.5  -7.7  -15.6   6.48  9.10  0.21

 WELDS:
 ------
          Outside_Flange_To_Bep   Inside_Flange_To_Bep    -----Web_To_Bep------
 Splice             Shear(kN/mm)            Shear(kN/mm)            Shear(kN/mm)
 Id Side   Size Typ  Calc Limit    Size Typ  Calc Limit    Size Typ  Calc Limit
 -- ----  ----- --- ----- -----   ----- --- ----- -----   ----- --- ----- -----
  1   L    4.00  F2 0.174 0.410    4.00  F2 0.200 0.410    4.00  F2 0.010 0.410
  1   R    4.00  F2 0.216 0.410    5.00  F1 0.450 0.510    4.00  F2 0.010 0.410
  2   L    4.00  F2 0.117 0.410    4.00  F2 0.207 0.410    4.00  F2 0.001 0.410
  2   R    4.00  F2 0.117 0.410    4.00  F2 0.207 0.410    4.00  F2 0.001 0.410
  3   L    4.00  F2 0.216 0.410    5.00  F1 0.450 0.510    4.00  F2 0.010 0.410
  3   R    4.00  F2 0.173 0.410    4.00  F2 0.200 0.410    4.00  F2 0.010 0.410
 

 LOAD COMBINATIONS:
 ------------------
     1   Dead+Collateral+Live
     2   Dead+Collateral+Live
    21   Dead+Collateral+0.75Live+0.75Wind_Left2+0.75Floor_Live
    67   0.6Dead+Wind_Left1
    68   0.6Dead+Wind_Right1
    73   0.6Dead-Wind_Long1+LWIND1_L2E
    74   0.6Dead-Wind_Long1+LWIND1_R2E
 
================================================================================
 C163-027            Frame  1 - Bearing Stiffeners          19/JAN/2026 10:57am
================================================================================

 Stiffener Yield =  345 (MN/m2)
 Corner Cut      = 15.0 (mm)

 STIFFENER SIZE:
 ---------------
  ----Stiffener---  --Web(mm)--  ----Stiffener_Size(mm)---
  Location  Offset  Depth Thick  Width  Thick  Length  No.
  --------  ------  ----- -----  -----  -----  ------  ---
  Lt Col         0  350.0  4.00   60.0   6.00   350.0   1
  Rt Col     12200  350.0  4.00   60.0   6.00   350.0   1

 STIFFENER DESIGN:
 -----------------
            ----Tension(kN)---  --Compression(kN)-   Max
  Location  Load   Calc  Limit  Load   Calc  Limit    UC
  --------  ----  -----  -----  ----  -----  -----  ----
  Lt Col      67   64.1  111.6     2   62.6  194.3  0.57 
  Rt Col      68   64.0  111.6     1   62.6  194.3  0.57 

 WELDS:
 ------
                     ---Stiff_To_Flg/EP---   -----Stiff_To_Web----
  Stiffener                    Shear(kN/mm)            Shear(kN/mm)
  Location            Size Typ  Calc Limit    Size Typ  Calc Limit
  ----------         ----- --- ----- -----   ----- --- ----- -----
  Lt Col              4.00  F2 0.356 0.410    4.00  F2 0.047 0.410
  Rt Col              4.00  F2 0.356 0.410    4.00  F2 0.047 0.410
 

 LOAD COMBINATIONS:
 ------------------
     1   Dead+Collateral+Live
     2   Dead+Collateral+Live
    67   0.6Dead+Wind_Left1
    68   0.6Dead+Wind_Right1
 
================================================================================
 C163-027            Frame  1 - Web Crippling               19/JAN/2026 10:57am
================================================================================

 LOAD COMBINATIONS:
 ------------------
 
================================================================================
 C163-027            Frame  1 - Flange Braces               19/JAN/2026 10:57am
================================================================================

 DESIGN CONSTANTS:
 -----------------
  Flange Brace Yield   = 345.0 MN/m2
  Girt/Purlin  Yield   = 350.0 MN/m2
  Flange Brace Bolt    = Gr8.8 (0 Washers)
  Bolt Shear  Stress   = 160.0 MN/m2

  Flange Brace Force
    Inside flange, max of bending compression                        

 LAYOUT:
 -------
  Surf                   Seg   Web  Brace Angle Design -----Bolt_Dia----- --Attachment-
   Id  Loc Side Part      Id Depth Offset   Deg Length Frame Purlin  Clip Frame  Purlin Ref
  ---- --- ---- -------- --- ----- ------ ----- ------ ----- ------ ----- ------ ------ -----
    1    1   1  L40X40X4   1 400.0  330.0  32.8  517.4 12.00  12.00       Clip   Web         
         3   1  L40X40X4   1 400.0  330.0  32.8  517.4 12.00  12.00       Clip   Web         
    2    1   1  L40X40X4   2 334.0  330.0  39.6  439.7 12.00  12.00       Clip   Web         
         3   1  L40X40X4   2 281.2  330.0  44.4  400.4 12.00  12.00       Clip   Web         
         4   1  L40X40X4   2 254.5  330.0  47.2  381.8 12.00  12.00       Clip   Web         
    3    1   1  L40X40X4   3 254.5  330.0  47.2  381.8 12.00  12.00       Clip   Web         
         2   1  L40X40X4   3 281.2  330.0  44.4  400.4 12.00  12.00       Clip   Web         
         4   1  L40X40X4   3 334.0  330.0  39.6  439.7 12.00  12.00       Clip   Web         
    4    1   1  L40X40X4   4 400.0  330.0  32.8  517.4 12.00  12.00       Clip   Web         
         3   1  L40X40X4   4 400.0  330.0  32.8  517.4 12.00  12.00       Clip   Web         

 DESIGN:
 -------
  Surf        Load(kN-m)  Force  -Brace_UC-  ---Connection_UC---
   Id   Loc    Id Moment   (kN)  Comp  Tens  Frame  Purlin  Clip
  ----  ---  ---- ------  -----  ----  ----  -----  ------  ----
    1     1    67   11.5   0.80  0.04  0.05   0.04    0.11      
          3     2   14.6   1.01  0.05  0.07   0.06    0.14      
    2     1     2   15.2   1.06  0.05  0.07   0.06    0.12      
          3    68    9.4   0.74  0.04  0.05   0.04    0.08      
          4    68    9.5   0.81  0.04  0.05   0.04    0.09      
    3     1    67    9.5   0.81  0.04  0.05   0.04    0.09      
          2    67    9.4   0.74  0.04  0.05   0.04    0.08      
          4     1   15.2   1.06  0.05  0.07   0.06    0.12      
    4     1    68   11.6   0.81  0.04  0.05   0.04    0.11      
          3     1   14.5   1.01  0.05  0.07   0.06    0.14      

 LOAD COMBINATIONS:
 ------------------
     1   Dead+Collateral+Live
     2   Dead+Collateral+Live
    67   0.6Dead+Wind_Left1
    68   0.6Dead+Wind_Right1
 
================================================================================
 C163-027            Frame  1 - Web To Flange Weld          19/JAN/2026 10:57am
================================================================================

                                                        ---Web_Flange_Weld---
  Surf  Mem  Seg  Sec  Load  Shear     Ixx           Q           Shear(kN/mm)
   Id    Id   Id   Id    Id   (kN)   (cm4)  Flg  (cm3)   Size Typ  Calc Limit
  ----  ---  ---  ---  ----  -----  ------  ---  -----  ----- --- ----- -----
    1     1    1    1    69   16.9    9425  Out    158   4.00  F1 0.028 0.410
                                            In     175   4.00  F1 0.031 0.410
    2     2    2   21     2   16.7    5368  Out    111   4.00  F1 0.035 0.410
                                            In     111   4.00  F1 0.035 0.410
    3     3    3   46     1   16.7    5368  Out    111   4.00  F1 0.035 0.410
                                            In     111   4.00  F1 0.035 0.410
    4     4    4   66    70   16.9    9425  Out    158   4.00  F1 0.028 0.410
                                            In     175   4.00  F1 0.031 0.410

 LOAD COMBINATIONS:
 ------------------
     1   Dead+Collateral+Live
     2   Dead+Collateral+Live
    69   0.6Dead+Wind_Left2
    70   0.6Dead+Wind_Right2
 
================================================================================
 C163-027            Frame  1 - Special Segments            19/JAN/2026 10:57am
================================================================================

  FLANGE PLATE:
  ----------------
            --Initial--   ---Final---
            Width Thick   Width Thick
   Locate    (mm)  (mm)    (mm)  (mm)
   ------   ----- -----   ----- -----
   Lt Col     125  5.00     125  5.00
   Rt Col     125  5.00     125  5.00



  WEB PLATE:
  ----------
                                Calc  ---Initial--  ------Final------
           ------Actions-----    Web    Web  Shear    Web  Shear
                Axial  Moment  Shear  Thick  Limit  Thick  Limit
   Locate   Id   (kN)  (kN-m)   (kN)   (mm)   (kN)   (mm)   (kN)   UC  Note
   ------  ---  -----  ------  -----  -----  -----  -----  ----- ----  -------------
   Lt Col   67  -16.0   -31.9   71.7   4.00  163.0   4.00  163.0 0.44  G3-2           
   Rt Col   68  -16.0   -31.8   71.6   4.00  163.0   4.00  163.0 0.44  G3-2           
 

  REQUIRED WEB DESIGN:
  --------------------
               Web  Stiff
   Locate    Depth  Space
   ------    -----  -----
   Lt Col    330.1  382.5
   Rt Col    330.1  382.5

 LOAD COMBINATIONS:
 ------------------
    67   0.6Dead+Wind_Left1
    68   0.6Dead+Wind_Right1
 
================================================================================
 C163-027            Frame  1 - Design Summary              19/JAN/2026 10:57am
================================================================================

 FRAME:
 ------
   Id        =   1
   Type      =  RF
   Line Id   =   1  7
   Load Width=   4110
   UC   Limit=   1.00
   KL/R Limit= 200.00

 MEMBERS:
 --------
                                                                -----Max_Axial+Moment----
 Srf Mem Seg --Flange- Web_Depth -Plate_Thickness- --Max_Shear- ----O-Flg--- ----I-Flg---  Max
  Id  Id  Id  Len  Wid Strt  End   Web O-flg I-flg  Id  Ld  Ucv  Id  Ld  Uco  Id  Ld  Uci KL/R
 --- --- --- ---- ---- ---- ---- ----- ----- ----- --- --- ---- --- --- ---- --- --- ---- ----
   1   1   1 9417  150  400  400  5.00  5.00  6.00   1  69 0.10   1  69 0.50   1  69 0.55  105
   2   2   2 5894  125  350  250  4.00  5.00  5.00  21   2 0.16  21  67 0.50  21   2 0.49  113
   3   3   3 5894  125  250  350  4.00  5.00  5.00  46   1 0.16  46  68 0.50  46   1 0.49  113
   4   4   4 9417  150  400  400  5.00  5.00  6.00  66  70 0.10  66  70 0.50  66  70 0.55  105
 

 LOAD COMBINATIONS:
 ------------------
      #  Controlling Load Combination In Design Summary

  Strength & Deflection Combinations:
     1#  Dead+Collateral+Live
     2#  Dead+Collateral+Live
     3   Dead+Collateral+Floor_Live
     4   Dead+Collateral+Floor_Live
     5   Dead+Collateral+Snow
     6   Dead+Collateral+Snow
     7   Dead+Collateral+Snow+Snow_Drift
     8   Dead+Collateral+Snow+Snow_Drift
     9   Dead+Collateral+Snow+Slide_Snow
    10   Dead+Collateral+Snow+Slide_Snow
    11   Dead
    12   Dead
    13   Dead+Collateral+0.75Snow+0.75Floor_Live
    14   Dead+Collateral+0.75Snow+0.75Floor_Live
    15   Dead+Collateral+0.75Snow+0.75Snow_Drift+0.75Floor_Live
    16   Dead+Collateral+0.75Snow+0.75Snow_Drift+0.75Floor_Live
    17   Dead+Collateral+0.75Snow+0.75Slide_Snow+0.75Floor_Live
    18   Dead+Collateral+0.75Snow+0.75Slide_Snow+0.75Floor_Live
    19   Dead+Collateral+0.75Live+0.75Wind_Left1+0.75Floor_Live
    20   Dead+Collateral+0.75Live+0.75Wind_Right1+0.75Floor_Live
    21   Dead+Collateral+0.75Live+0.75Wind_Left2+0.75Floor_Live
    22   Dead+Collateral+0.75Live+0.75Wind_Right2+0.75Floor_Live
    23   Dead+Collateral+0.75Live+0.75Wind_Long1+0.75Floor_Live+0.75LWIND1_L2E
    24   Dead+Collateral+0.75Live+0.75Wind_Long1+0.75Floor_Live+0.75LWIND1_R2E
    25   Dead+Collateral+0.75Live-0.75Wind_Long1+0.75Floor_Live+0.75LWIND1_L2E
    26   Dead+Collateral+0.75Live-0.75Wind_Long1+0.75Floor_Live+0.75LWIND1_R2E
    27   Dead+Collateral+0.75Live+0.75Wind_Long2+0.75Floor_Live+0.75LWIND2_L2E
    28   Dead+Collateral+0.75Live+0.75Wind_Long2+0.75Floor_Live+0.75LWIND2_R2E
    29   Dead+Collateral+0.75Live-0.75Wind_Long2+0.75Floor_Live+0.75LWIND2_L2E
    30   Dead+Collateral+0.75Live-0.75Wind_Long2+0.75Floor_Live+0.75LWIND2_R2E
    31   Dead+Collateral+0.75Snow+0.75Wind_Left1+0.75Floor_Live
    32   Dead+Collateral+0.75Snow+0.75Wind_Left1+0.75Snow_Drift+0.75Floor_Live
    33   Dead+Collateral+0.75Snow+0.75Wind_Left1+0.75Slide_Snow+0.75Floor_Live
    34   Dead+Collateral+0.75Snow+0.75Wind_Right1+0.75Floor_Live
    35   Dead+Collateral+0.75Snow+0.75Wind_Right1+0.75Snow_Drift+0.75Floor_Live
    36   Dead+Collateral+0.75Snow+0.75Wind_Right1+0.75Slide_Snow+0.75Floor_Live
    37   Dead+Collateral+0.75Snow+0.75Wind_Left2+0.75Floor_Live
    38   Dead+Collateral+0.75Snow+0.75Wind_Left2+0.75Snow_Drift+0.75Floor_Live
    39   Dead+Collateral+0.75Snow+0.75Wind_Left2+0.75Slide_Snow+0.75Floor_Live
    40   Dead+Collateral+0.75Snow+0.75Wind_Right2+0.75Floor_Live
    41   Dead+Collateral+0.75Snow+0.75Wind_Right2+0.75Snow_Drift+0.75Floor_Live
    42   Dead+Collateral+0.75Snow+0.75Wind_Right2+0.75Slide_Snow+0.75Floor_Live
    43   Dead+Collateral+0.75Snow+0.45Wind_Long1+0.75Floor_Live+0.45LWIND1_L2E
    44   Dead+Collateral+0.75Snow+0.45Wind_Long1+0.75Floor_Live+0.45LWIND1_R2E
    45   Dead+Collateral+0.75Snow-0.45Wind_Long1+0.75Floor_Live+0.45LWIND1_L2E
    46   Dead+Collateral+0.75Snow-0.45Wind_Long1+0.75Floor_Live+0.45LWIND1_R2E
    47   Dead+Collateral+0.75Snow+0.45Wind_Long1+0.75Snow_Drift+0.75Floor_Live+0.45LWIND1
    48   Dead+Collateral+0.75Snow+0.45Wind_Long1+0.75Snow_Drift+0.75Floor_Live+0.45LWIND1
    49   Dead+Collateral+0.75Snow-0.45Wind_Long1+0.75Snow_Drift+0.75Floor_Live+0.45LWIND1
    50   Dead+Collateral+0.75Snow-0.45Wind_Long1+0.75Snow_Drift+0.75Floor_Live+0.45LWIND1
    51   Dead+Collateral+0.75Snow+0.45Wind_Long1+0.75Slide_Snow+0.75Floor_Live+0.45LWIND1
    52   Dead+Collateral+0.75Snow+0.45Wind_Long1+0.75Slide_Snow+0.75Floor_Live+0.45LWIND1
    53   Dead+Collateral+0.75Snow-0.45Wind_Long1+0.75Slide_Snow+0.75Floor_Live+0.45LWIND1
    54   Dead+Collateral+0.75Snow-0.45Wind_Long1+0.75Slide_Snow+0.75Floor_Live+0.45LWIND1
    55   Dead+Collateral+0.75Snow+0.45Wind_Long2+0.75Floor_Live+0.45LWIND2_L2E
    56   Dead+Collateral+0.75Snow+0.45Wind_Long2+0.75Floor_Live+0.45LWIND2_R2E
    57   Dead+Collateral+0.75Snow-0.45Wind_Long2+0.75Floor_Live+0.45LWIND2_L2E
    58   Dead+Collateral+0.75Snow-0.45Wind_Long2+0.75Floor_Live+0.45LWIND2_R2E
    59   Dead+Collateral+0.75Snow+0.45Wind_Long2+0.75Snow_Drift+0.75Floor_Live+0.45LWIND2
    60   Dead+Collateral+0.75Snow+0.45Wind_Long2+0.75Snow_Drift+0.75Floor_Live+0.45LWIND2
    61   Dead+Collateral+0.75Snow-0.45Wind_Long2+0.75Snow_Drift+0.75Floor_Live+0.45LWIND2
    62   Dead+Collateral+0.75Snow-0.45Wind_Long2+0.75Snow_Drift+0.75Floor_Live+0.45LWIND2
    63   Dead+Collateral+0.75Snow+0.45Wind_Long2+0.75Slide_Snow+0.75Floor_Live+0.45LWIND2
    64   Dead+Collateral+0.75Snow+0.45Wind_Long2+0.75Slide_Snow+0.75Floor_Live+0.45LWIND2
    65   Dead+Collateral+0.75Snow-0.45Wind_Long2+0.75Slide_Snow+0.75Floor_Live+0.45LWIND2
    66   Dead+Collateral+0.75Snow-0.45Wind_Long2+0.75Slide_Snow+0.75Floor_Live+0.45LWIND2
    67#  0.6Dead+Wind_Left1
    68#  0.6Dead+Wind_Right1
    69#  0.6Dead+Wind_Left2
    70#  0.6Dead+Wind_Right2
    71   0.6Dead+Wind_Long1+LWIND1_L2E
    72   0.6Dead+Wind_Long1+LWIND1_R2E
    73   0.6Dead-Wind_Long1+LWIND1_L2E
    74   0.6Dead-Wind_Long1+LWIND1_R2E
    75   0.6Dead+Wind_Long2+LWIND2_L2E
    76   0.6Dead+Wind_Long2+LWIND2_R2E
    77   0.6Dead-Wind_Long2+LWIND2_L2E
    78   0.6Dead-Wind_Long2+LWIND2_R2E
    79   1.01Dead+1.01Collateral+0.7Seismic_L
    80   1.01Dead+1.01Collateral+0.7Seismic_R
    81   1.01Dead+1.01Collateral+0.75Live+0.52Seismic_L+0.75Floor_Live
    82   1.01Dead+1.01Collateral+0.75Live+0.52Seismic_R+0.75Floor_Live
    83   1.01Dead+1.01Collateral+0.52Seismic_L+0.75Floor_Live
    84   1.01Dead+1.01Collateral+0.52Seismic_R+0.75Floor_Live
    85   0.59Dead+0.7Seismic_L
    86   0.59Dead+0.7Seismic_R
    87   1.01Dead+1.01Collateral+0.7Seismic_Long
    88   1.01Dead+1.01Collateral-0.7Seismic_Long
    89   1.01Dead+1.01Collateral+0.75Live+0.52Seismic_Long+0.75Floor_Live
    90   1.01Dead+1.01Collateral+0.75Live-0.52Seismic_Long+0.75Floor_Live
    91   1.01Dead+1.01Collateral+0.52Seismic_Long+0.75Floor_Live
    92   1.01Dead+1.01Collateral-0.52Seismic_Long+0.75Floor_Live
    93   0.59Dead+0.7Seismic_Long
    94   0.59Dead-0.7Seismic_Long
    95   Dead+20Degree+Floor_Live
    96   Dead+20Degree+Floor_Live
    97   Dead-20Degree+Floor_Live
    98   Dead-20Degree+Floor_Live
    99   Dead+Collateral+0.75Live+15Degree+0.75Floor_Live
   100   Dead+Collateral+0.75Live+15Degree+0.75Floor_Live
   101   Dead+Collateral+0.75Live-15Degree+0.75Floor_Live
   102   Dead+Collateral+0.75Live-15Degree+0.75Floor_Live
   103   Dead+Collateral+0.75Snow+15Degree+0.75Floor_Live
   104   Dead+Collateral+0.75Snow+15Degree+0.75Floor_Live
   105   Dead+Collateral+0.75Snow+15Degree+0.75Snow_Drift+0.75Floor_Live
   106   Dead+Collateral+0.75Snow+15Degree+0.75Snow_Drift+0.75Floor_Live
   107   Dead+Collateral+0.75Snow+15Degree+0.75Slide_Snow+0.75Floor_Live
   108   Dead+Collateral+0.75Snow+15Degree+0.75Slide_Snow+0.75Floor_Live
   109   Dead+Collateral+0.75Snow-15Degree+0.75Floor_Live
   110   Dead+Collateral+0.75Snow-15Degree+0.75Floor_Live
   111   Dead+Collateral+0.75Snow-15Degree+0.75Snow_Drift+0.75Floor_Live
   112   Dead+Collateral+0.75Snow-15Degree+0.75Snow_Drift+0.75Floor_Live
   113   Dead+Collateral+0.75Snow-15Degree+0.75Slide_Snow+0.75Floor_Live
   114   Dead+Collateral+0.75Snow-15Degree+0.75Slide_Snow+0.75Floor_Live
  Special Combinations:
   115   1.01Dead+1.01Collateral+2.1Seismic_L
   116   1.01Dead+1.01Collateral+2.1Seismic_R
   117   1.01Dead+1.01Collateral+0.75Live+1.57Seismic_L+0.75Floor_Live
   118   1.01Dead+1.01Collateral+0.75Live+1.57Seismic_R+0.75Floor_Live
   119   1.01Dead+1.01Collateral+1.57Seismic_L+0.75Floor_Live
   120   1.01Dead+1.01Collateral+1.57Seismic_R+0.75Floor_Live
   121   0.59Dead+2.1Seismic_L
   122   0.59Dead+2.1Seismic_R
   123   1.01Dead+1.01Collateral+2.1Seismic_L
   124   1.01Dead+1.01Collateral+2.1Seismic_R
   125   1.01Dead+1.01Collateral+0.75Live+1.57Seismic_L+0.75Floor_Live
   126   1.01Dead+1.01Collateral+0.75Live+1.57Seismic_R+0.75Floor_Live
   127   1.01Dead+1.01Collateral+1.57Seismic_L+0.75Floor_Live
   128   1.01Dead+1.01Collateral+1.57Seismic_R+0.75Floor_Live
   129   0.59Dead+2.1Seismic_L
   130   0.59Dead+2.1Seismic_R

 PLATE LIMITS:
 -------------
       -----Web----  -----Flange----                  Web_Depth/     Web_Area/
  Seg   Depth/Thick  Width/(2xThick)  ---Flange---  Flange_Width   Flange_Area
   Id   Calc  Limit    Calc  Limit    Thick    Min   Calc  Limit   Calc  Limit
  ---  -----  -----   -----  -----    -----  -----  -----  -----  -----  -----
    1   80.0  180.0    15.0   16.5     5.00           2.7           2.7   10.0
    2   87.5  180.0    12.5   16.5     5.00           2.8           2.2   10.0
    3   87.5  180.0    12.5   16.5     5.00           2.8           2.2   10.0
    4   80.0  180.0    15.0   16.5     5.00           2.7           2.7   10.0

 FRAME AREA:
 ----------
    Frame    Area=    11.2
    Building Area=   120.9
            Ratio=    0.09


 WEIGHTS:
 --------

    Member             1     2     3     4
    ----------     ----- ----- ----- -----
    Weight (kg)      262   113   113   262 

                      Total Weight (kg)
                        Frame         =      752
                        Splice Plate  =       82
                        Base   Plate  =       35
                                        --------
                                             870
 


 REACTIONS - Sidewall Columns:
 -----------------------------

   Load   ----------Left_Column----------   ----------Right_Column---------
     Id   Fx(kN)  Fy(kN)  Fz(kN)  M(kN-m)   Fx(kN)  Fy(kN)  Fz(kN)  M(kN-m)  
   ----   ------ ------- ------- --------   ------ ------- ------- --------
      1     5.23   21.73    0.00   -16.96    -5.23   21.81    0.00    17.80
      2     5.23   21.82    0.00   -17.78    -5.23   21.73    0.00    16.98
      3     1.34    7.45    0.00    -4.29    -1.34    7.48    0.00     4.58
      4     1.34    7.48    0.00    -4.57    -1.34    7.45    0.00     4.29
      5     1.34    7.45    0.00    -4.29    -1.34    7.48    0.00     4.58
      6     1.34    7.48    0.00    -4.57    -1.34    7.45    0.00     4.29
      7     1.34    7.45    0.00    -4.29    -1.34    7.48    0.00     4.58
      8     1.34    7.48    0.00    -4.57    -1.34    7.45    0.00     4.29
      9     1.34    7.45    0.00    -4.29    -1.34    7.48    0.00     4.58
     10     1.34    7.48    0.00    -4.57    -1.34    7.45    0.00     4.29
     11     0.99    6.20    0.00    -3.17    -0.99    6.22    0.00     3.41
     12     0.99    6.22    0.00    -3.41    -0.99    6.19    0.00     3.17
     13     1.34    7.45    0.00    -4.29    -1.34    7.48    0.00     4.58
     14     1.34    7.48    0.00    -4.57    -1.34    7.45    0.00     4.29
     15     1.34    7.45    0.00    -4.29    -1.34    7.48    0.00     4.58
     16     1.34    7.48    0.00    -4.57    -1.34    7.45    0.00     4.29
     17     1.34    7.45    0.00    -4.29    -1.34    7.48    0.00     4.58
     18     1.34    7.48    0.00    -4.57    -1.34    7.45    0.00     4.29
     19    -6.28    4.46    0.00    23.72   -10.98   11.16    0.00    36.82
     20    10.98   11.16    0.00   -36.82     6.28    4.46    0.00   -23.71
     21    -8.90    8.25    0.00    27.30    -8.37   14.97    0.00    33.42
     22     8.37   14.97    0.00   -33.42     8.89    8.25    0.00   -27.29
     23     8.15    0.26    5.89   -18.34    -7.99    1.58    5.89    17.11
     24     7.99    1.58    5.89   -17.10    -8.15    0.26    5.89    18.34
     25     8.15   14.84    0.00   -18.34    -7.98   16.16    0.00    17.10
     26     7.98   16.16    0.00   -17.10    -8.15   14.84    0.00    18.35
     27     5.54    4.06    5.89   -14.85    -5.38    5.38    5.89    13.61
     28     5.38    5.38    5.89   -13.60    -5.54    4.06    5.89    14.86
     29     5.53   18.64    0.00   -14.85    -5.37   19.96    0.00    13.61
     30     5.37   19.96    0.00   -13.60    -5.53   18.64    0.00    14.86
     31    -9.21   -6.25    0.00    33.17    -8.05    0.41    0.00    26.85
     32    -9.21   -6.25    0.00    33.17    -8.05    0.41    0.00    26.85
     33    -9.21   -6.25    0.00    33.17    -8.05    0.41    0.00    26.85
     34     8.05    0.40    0.00   -26.86     9.21   -6.24    0.00   -33.17
     35     8.05    0.40    0.00   -26.86     9.21   -6.24    0.00   -33.17
     36     8.05    0.40    0.00   -26.86     9.21   -6.24    0.00   -33.17
     37   -11.82   -2.45    0.00    36.75    -5.44    4.22    0.00    23.45
     38   -11.82   -2.45    0.00    36.75    -5.44    4.22    0.00    23.45
     39   -11.82   -2.45    0.00    36.75    -5.44    4.22    0.00    23.45
     40     5.44    4.22    0.00   -23.46    11.82   -2.45    0.00   -36.75
     41     5.44    4.22    0.00   -23.46    11.82   -2.45    0.00   -36.75
     42     5.44    4.22    0.00   -23.46    11.82   -2.45    0.00   -36.75
     43     3.67   -3.30    3.53    -6.95    -3.57   -2.50    3.53     6.21
     44     3.57   -2.50    3.53    -6.21    -3.67   -3.30    3.53     6.95
     45     3.67    5.45    0.00    -6.95    -3.57    6.25    0.00     6.21
     46     3.57    6.25    0.00    -6.21    -3.67    5.45    0.00     6.95
     47     3.67   -3.30    3.53    -6.95    -3.57   -2.50    3.53     6.21
     48     3.57   -2.50    3.53    -6.21    -3.67   -3.30    3.53     6.95
     49     3.67    5.45    0.00    -6.95    -3.57    6.25    0.00     6.21
     50     3.57    6.25    0.00    -6.21    -3.67    5.45    0.00     6.95
     51     3.67   -3.30    3.53    -6.95    -3.57   -2.50    3.53     6.21
     52     3.57   -2.50    3.53    -6.21    -3.67   -3.30    3.53     6.95
     53     3.67    5.45    0.00    -6.95    -3.57    6.25    0.00     6.21
     54     3.57    6.25    0.00    -6.21    -3.67    5.45    0.00     6.95
     55     2.10   -1.02    3.53    -4.85    -2.00   -0.22    3.53     4.12
     56     2.00   -0.22    3.53    -4.11    -2.10   -1.02    3.53     4.85
     57     2.10    7.73    0.00    -4.86    -2.00    8.53    0.00     4.11
     58     2.00    8.53    0.00    -4.11    -2.10    7.73    0.00     4.86
     59     2.10   -1.02    3.53    -4.85    -2.00   -0.22    3.53     4.12
     60     2.00   -0.22    3.53    -4.11    -2.10   -1.02    3.53     4.85
     61     2.10    7.73    0.00    -4.86    -2.00    8.53    0.00     4.11
     62     2.00    8.53    0.00    -4.11    -2.10    7.73    0.00     4.86
     63     2.10   -1.02    3.53    -4.85    -2.00   -0.22    3.53     4.12
     64     2.00   -0.22    3.53    -4.11    -2.10   -1.02    3.53     4.85
     65     2.10    7.73    0.00    -4.86    -2.00    8.53    0.00     4.11
     66     2.00    8.53    0.00    -4.11    -2.10    7.73    0.00     4.86
     67   -13.47  -14.54    0.00    47.96    -9.54   -5.71    0.00    31.67
     68     9.54   -5.71    0.00   -31.68    13.47  -14.54    0.00   -47.97
     69   -16.96   -9.49    0.00    52.78    -6.06   -0.63    0.00    27.18
     70     6.06   -0.63    0.00   -27.18    16.95   -9.49    0.00   -52.78
     71     5.78  -20.20    7.85    -7.56    -5.56  -18.43    7.85     5.94
     72     5.56  -18.43    7.85    -5.95    -5.78  -20.20    7.85     7.55
     73     5.77   -0.76    0.00    -7.57    -5.56    1.01    0.00     5.93
     74     5.56    1.01    0.00    -5.93    -5.77   -0.76    0.00     7.56
     75     2.29  -15.13    7.85    -2.91    -2.08  -13.36    7.85     1.28
     76     2.08  -13.36    7.85    -1.28    -2.29  -15.13    7.85     2.90
     77     2.29    4.31    0.00    -2.92    -2.08    6.08    0.00     1.27
     78     2.08    6.08    0.00    -1.27    -2.29    4.31    0.00     2.91
     79     1.10    7.39    0.00    -2.97    -1.60    7.69    0.00     5.99
     80     1.60    7.69    0.00    -5.98    -1.10    7.39    0.00     2.97
     81     4.08   18.16    0.00   -13.05    -4.46   18.38    0.00    15.33
     82     4.46   18.39    0.00   -15.31    -4.08   18.16    0.00    13.06
     83     1.16    7.43    0.00    -3.35    -1.54    7.65    0.00     5.60
     84     1.54    7.65    0.00    -5.59    -1.16    7.43    0.00     3.36
     85     0.33    3.51    0.00    -0.44    -0.84    3.81    0.00     3.44
     86     0.84    3.81    0.00    -3.44    -0.33    3.51    0.00     0.44
     87     1.35    6.64    0.73    -4.47    -1.35    6.64    0.73     4.48
     88     1.35    8.45    0.00    -4.47    -1.35    8.45    0.00     4.48
     89     4.27   17.60    0.54   -14.18    -4.27   17.60    0.54    14.19
     90     4.27   18.94    0.00   -14.18    -4.27   18.94    0.00    14.19
     91     1.35    6.87    0.54    -4.47    -1.35    6.87    0.54     4.48
     92     1.35    8.21    0.00    -4.47    -1.35    8.21    0.00     4.48
     93     0.58    2.76    0.73    -1.94    -0.58    2.76    0.73     1.94
     94     0.58    4.57    0.00    -1.94    -0.58    4.56    0.00     1.94
     95     1.11    6.20    0.00    -4.10    -1.11    6.22    0.00     4.34
     96     1.11    6.22    0.00    -4.33    -1.11    6.19    0.00     4.10
     97     0.87    6.20    0.00    -2.25    -0.87    6.22    0.00     2.48
     98     0.87    6.22    0.00    -2.48    -0.87    6.19    0.00     2.25
     99     4.35   18.16    0.00   -14.48    -4.35   18.23    0.00    15.19
    100     4.35   18.23    0.00   -15.18    -4.35   18.16    0.00    14.50
    101     4.17   18.16    0.00   -13.09    -4.17   18.23    0.00    13.80
    102     4.17   18.23    0.00   -13.79    -4.17   18.16    0.00    13.11
    103     1.43    7.45    0.00    -4.98    -1.43    7.48    0.00     5.27
    104     1.43    7.48    0.00    -5.27    -1.43    7.45    0.00     4.99
    105     1.43    7.45    0.00    -4.98    -1.43    7.48    0.00     5.27
    106     1.43    7.48    0.00    -5.27    -1.43    7.45    0.00     4.99
    107     1.43    7.45    0.00    -4.98    -1.43    7.48    0.00     5.27
    108     1.43    7.48    0.00    -5.27    -1.43    7.45    0.00     4.99
    109     1.24    7.45    0.00    -3.59    -1.24    7.48    0.00     3.88
    110     1.24    7.48    0.00    -3.88    -1.24    7.45    0.00     3.60
    111     1.24    7.45    0.00    -3.59    -1.24    7.48    0.00     3.88
    112     1.24    7.48    0.00    -3.88    -1.24    7.45    0.00     3.60
    113     1.24    7.45    0.00    -3.59    -1.24    7.48    0.00     3.88
    114     1.24    7.48    0.00    -3.88    -1.24    7.45    0.00     3.60


 DEFLECTIONS:
 ------------

          Lateral Defl
  Load    @ Top Of Col   Vert Defl
   Id     Left   Right   On Rafter
  ----    ----   -----  ---------
    1     -2.2     3.2    -25.5
    2     -3.1     2.3    -25.5
    3     -0.5     0.8     -6.5
    4     -0.8     0.5     -6.5
    5     -0.5     0.8     -6.5
    6     -0.8     0.5     -6.5
    7     -0.5     0.8     -6.5
    8     -0.8     0.5     -6.5
    9     -0.5     0.8     -6.5
   10     -0.8     0.5     -6.5
   11     -0.4     0.6     -4.8
   12     -0.6     0.4     -4.8
   13     -0.5     0.8     -6.5
   14     -0.8     0.5     -6.5
   15     -0.5     0.8     -6.5
   16     -0.8     0.5     -6.5
   17     -0.5     0.8     -6.5
   18     -0.8     0.5     -6.5
   19     22.2    23.8     -7.7
   20    -23.8   -22.2     -7.7
   21     22.0    24.2    -10.5
   22    -24.2   -22.0    -10.5
   23     -2.2     0.5    -12.2
   24     -0.5     2.2    -12.2
   25     -2.2     0.5    -12.3
   26     -0.5     2.2    -12.3
   27     -2.5     0.8    -15.0
   28     -0.8     2.5    -15.0
   29     -2.5     0.8    -15.1
   30     -0.8     2.5    -15.1
   31     23.4    22.1      6.6
   32     23.4    22.1      6.6
   33     23.4    22.1      6.6
   34    -22.1   -23.4      6.6
   35    -22.1   -23.4      6.6
   36    -22.1   -23.4      6.6
   37     23.3    22.4      4.0
   38     23.3    22.4      4.0
   39     23.3    22.4      4.0
   40    -22.4   -23.3      4.0
   41    -22.4   -23.3      4.0
   42    -22.4   -23.3      4.0
   43     -0.7    -0.3     -1.4
   44      0.3     0.7     -1.4
   45     -0.7    -0.3     -1.4
   46      0.3     0.7     -1.4
   47     -0.7    -0.3     -1.4
   48      0.3     0.7     -1.4
   49     -0.7    -0.3     -1.4
   50      0.3     0.7     -1.4
   51     -0.7    -0.3     -1.4
   52      0.3     0.7     -1.4
   53     -0.7    -0.3     -1.4
   54      0.3     0.7     -1.4
   55     -0.8    -0.2     -3.1
   56      0.2     0.8     -3.1
   57     -0.8    -0.2     -3.1
   58      0.2     0.9     -3.1
   59     -0.8    -0.2     -3.1
   60      0.2     0.8     -3.1
   61     -0.8    -0.2     -3.1
   62      0.2     0.9     -3.1
   63     -0.8    -0.2     -3.1
   64      0.2     0.8     -3.1
   65     -0.8    -0.2     -3.1
   66      0.2     0.9     -3.1
   67     31.6    28.6     14.5
   68    -28.6   -31.6     14.6
   69     31.4    29.1     10.8
   70    -29.1   -31.5     10.8
   71     -0.3    -1.9      8.5
   72      1.9     0.3      8.5
   73     -0.3    -1.9      8.4
   74      1.9     0.3      8.4
   75     -0.7    -1.6      4.7
   76      1.6     0.6      4.7
   77     -0.7    -1.6      4.6
   78      1.6     0.7      4.6
   79      1.0     2.3     -6.6
   80     -2.3    -1.0     -6.6
   81     -0.9     3.5    -20.8
   82     -3.4     1.0    -20.8
   83      0.5     1.9     -6.6
   84     -1.9    -0.5     -6.6
   85      1.3     1.9     -2.9
   86     -1.9    -1.3     -2.9
   87     -0.7     0.7     -6.6
   88     -0.7     0.7     -6.6
   89     -2.2     2.2    -20.8
   90     -2.2     2.2    -20.8
   91     -0.7     0.7     -6.6
   92     -0.7     0.7     -6.6
   93     -0.3     0.3     -2.9
   94     -0.3     0.3     -2.9
   95     -1.6     1.9     -1.9
   96     -1.9     1.6     -1.9
   97      0.9    -0.6     -7.8
   98      0.6    -0.9     -7.8
   99     -2.7     3.5    -18.6
  100     -3.5     2.8    -18.6
  101     -0.9     1.6    -22.9
  102     -1.6     0.9    -22.9
  103     -1.5     1.8     -4.3
  104     -1.8     1.5     -4.3
  105     -1.5     1.8     -4.3
  106     -1.8     1.5     -4.3
  107     -1.5     1.8     -4.3
  108     -1.8     1.5     -4.3
  109      0.4    -0.1     -8.7
  110      0.1    -0.4     -8.7
  111      0.4    -0.1     -8.7
  112      0.1    -0.4     -8.7
  113      0.4    -0.1     -8.7
  114      0.1    -0.4     -8.7


 DEFLECTIONS RATIO:
 ------------------

          Lateral Defl
  Load    @ Top Of Col   Vert Defl
   Id     Left   Right   On Rafter
  ----    ----   -----  ---------
    1     4245    2976     478 
    2     3015    4167     478 
    3    17910   11126    1873 
    4    11264   17565    1873 
    5    17910   11126    1873 
    6    11264   17565    1873 
    7    17910   11126    1873 
    8    11264   17565    1873 
    9    17910   11126    1873 
   10    11264   17565    1873 
   11    25006   14666    2521 
   12    14843   24508    2521 
   13    17910   11126    1873 
   14    11264   17565    1873 
   15    17910   11126    1873 
   16    11264   17565    1873 
   17    17910   11126    1873 
   18    11264   17565    1873 
   19      424     394    1592 
   20      395     424    1594 
   21      427     388    1161 
   22      389     427    1163 
   23     4299   17999     999 
   24    18473    4273     999 
   25     4286   18228     991 
   26    18718    4259     991 
   27     3840   11975     810 
   28    12310    3807     810 
   29     3829   12075     805 
   30    12419    3796     805 
   31      402     427    1856 
   32      402     427    1856 
   33      402     427    1856 
   34      426     401    1853 
   35      426     401    1853 
   36      426     401    1853 
   37      404     420    3061 
   38      404     420    3061 
   39      404     420    3061 
   40      420     404    3056 
   41      420     404    3056 
   42      420     404    3056 
   43    13692   29869    8789 
   44    30000   13718    8788 
   45    13641   29647    8451 
   46    29776   13667    8450 
   47    13692   29869    8789 
   48    30000   13718    8788 
   49    13641   29647    8451 
   50    29776   13667    8450 
   51    13692   29869    8789 
   52    30000   13718    8788 
   53    13641   29648    8451 
   54    29776   13667    8450 
   55    11155   60117    3946 
   56    58875   11111    3946 
   57    11122   59232    3877 
   58    58016   11078    3877 
   59    11155   60117    3946 
   60    58875   11111    3946 
   61    11122   59232    3877 
   62    58016   11078    3877 
   63    11155   60117    3946 
   64    58875   11111    3946 
   65    11122   59232    3877 
   66    58016   11078    3877 
   67      297     329     839 
   68      329     297     838 
   69      299     323    1134 
   70      323     299    1132 
   71    30686    4912    1438 
   72     4967   32938    1438 
   73    29494    4881    1459 
   74     4936   31590    1459 
   75    14318    6006    2597 
   76     6048   14556    2597 
   77    14053    5960    2666 
   78     6002   14285    2667 
   79     9780    4011    1856 
   80     4029    9886    1856 
   81    10029    2726     586 
   82     2753    9684     586 
   83    17490    4896    1855 
   84     4923   17833    1856 
   85     6991    4837    4279 
   86     4848    7014    4280 
   87    13693   13488    1855 
   88    13692   13487    1851 
   89     4319    4254     586 
   90     4319    4254     585 
   91    13693   13488    1855 
   92    13692   13488    1852 
   93    31574   31104    4273 
   94    31572   31101    4256 
   95     5765    4958    6355 
   96     4979    5738    6355 
   97    10700   15315    1572 
   98    15135   10790    1572 
   99     3439    2669     657 
  100     2695    3398     657 
  101    11045    5736     531 
  102     5854   10632     531 
  103     6413    5263    2822 
  104     5294    6367    2822 
  105     6413    5263    2822 
  106     5294    6367    2822 
  107     6413    5263    2822 
  108     5294    6367    2822 
  109    22598   97735    1402 
  110    88449   23159    1402 
  111    22598   97735    1402 
  112    88449   23159    1402 
  113    22598   97735    1402 
  114    88449   23159    1402 

 MAX DEFLECTION:
 ---------------
                      Load  Deflect  Span/Deflect
    Type                Id     (mm)   Calc  Limit
    ----------------  ----  -------  -----  -----
    Live  Vertical            -19.0   643.   180.
    Total Vertical       1    -25.5   479.   150.
    Horizontal Drift    68    -31.6   298.   100.
    Horizontal Total    68    -31.6   298.   100.

    Horizontal Spring Constant= 0.308 kN/mm


 P-DELTA - Effective Length:
 -----------------------------
  CONVERGENCE CHECK:
                Max
            Deflect
    Column    Ratio
    ------  -------
    Left     0.0439   
    Right    0.0445   

  MAXIMUM DRIFT CHECK:
           Max_Drift(mm)  Second/
    Load  First   Second   First
     Id    Order   Order   Ratio
    ----  ------  ------  -------
    113      0.3     0.4    1.59
 

 ENDWALL VERTICAL DEFLECTION:
 ----------------------------
    Column            --Vertical_Down(mm)-   ---Vertical_Up(mm)--
    Locate   Use      Load  Deflect  Limit   Load  Deflect  Limit
   -------   ------   ----  -------  -----   ----  -------  -----
      6100   Column     1      25.5    0.0    68      14.6    0.0
      6100   Column     1      25.5    0.0    68      14.6    0.0
 
================================================================================
 C163-027            Frame  1 - Rigid Frame Clearances      19/JAN/2026 10:57am
================================================================================

 VERTICAL CLEARANCE:
 -------------------
   Location                          Span    X_Coord    Y_Coord
   ------------------------       -------   --------   --------
   Left                              9101        641       9101 
   Right                             9101      11559       9101 
   Midspan                           9748       6100       9748 

 HORIZONTAL CLEARANCE:
 ---------------------
   Location                          Span   X_CoordL   X_CoordR
   ------------------------       -------   --------   --------
   Left  - Right                    10918        641      11559 


================================================================================
 C163-027            Frame  1 - Weight Summary              19/JAN/2026 10:57am
================================================================================

                      Total Weight (kg)
                        Frame         =      752
                        Splice Plate  =       82
                        Base   Plate  =       35
                                        --------
                                             870
 
================================================================================
 C163-027            Frame  1 - Warning Summary             19/JAN/2026 10:57am
================================================================================

                   .. No Warnings
