================================================================================
 C323-153            Design Warning Summary                  6/AUG/2025  1:27pm
================================================================================

 LEFT ENDWALL
 ------------
     No Warnings!

 RIGHT ENDWALL
 -------------
     No Warnings!

 FRONT SIDEWALL
 --------------
     No Warnings!

 BACK SIDEWALL
 -------------
     No Warnings!

 ROOF
 ----
     No Warnings!

 EXTENSIONS
 ----------
     No Warnings!

 RIGID FRAME #1
 --------------
     No Warnings!

 RIGID FRAME #2
 --------------
     No Warnings!

 CRANE SYSTEM
 ------------
     No Warnings!
