 
 
 
 
                      RECLA INTERNATIONAL PRIVATE LIMITED
                                      PUNE
 
 
 
 
 
                                    FRAMING SUMMARY
                                      FOR
 
 
 
 
 
 
 
                               Proposed Warehouse
                               Proposed Warehouse
                                      PINE
                                    C323-153
 
 
 
 
                                 BUILDING LAYOUT
                        Width              (mm)=  22470
                        Length             (mm)=  36285
                        Eave Height        (mm)=   8420/  8420
                        Roof Slope   (rise/100)= 10.00/10.00
 
                                 BUILDING LOADS
                        Roof Dead Load  (kN/m2)=  0.10
                        Wall Dead Load
                          Left  Endwall (kN/m2)=  0.10
                          Right Endwall (kN/m2)=  0.10
                          Front Sidewall(kN/m2)=  0.10
                          Back  Sidewall(kN/m2)=  0.10
                        Live Load       (kN/m2)=  0.57
                        Collateral Load (kN/m2)=  0.05
                        Wind Speed       (m/s )=  39.0
                        Wind Code              = MBMA10
                        Exposure               = B
                        Closure                = Enclosed
                        Internal Wind Coeff    = -0.18, +0.18
                        Risk Category          = -
                        Importance - Wind      =  1.00
                        Importance - Seismic   =  1.00
                        Seismic Design Category= B
                        Seismic Coeff (Sms)    =  0.16
                        Temperature Change     =   20
                        -------------------------------
                        Designer : AAB
                        Detailer : AAB
 
 
 
 
                                      6/AUG/2025

 

================================================================================
 C323-153            FRAMING SUMMARY: Roof                   6/AUG/2025  1:27pm
================================================================================
 
 PURLIN LAYOUT:
 --------------
 Surface   Purlin   Surface_Extend  Stub_Purlin  Total     Peak  --Set_Space--
    Id      Type      Left   Right  Left  Right   Rows    Space    Space   Row
 -------   ------  ------- -------  ----  -----  -----  -------  -------   ---
     2       ZB          0       0    N     N       8       300     1374     8
     3       ZB          0       0    N     N       8       300     1374     8
 
 EAVE LAYOUT:
 ------------
  Wall        Flange    Web
   Id   Type  Rotate  Orient  Offset
  ----  ----  ------  ------  ------
    2    ZB      O       P      80.0
    4    ZB      O       P      80.0
 
 PURLIN LOCATION:
 ----------------
  Surface  Purlin   Surface
     Id      Id      Offset    Space
   ------  ------  --------  -------
      2       1        1374     1374
              2        2748     1374
              3        4122     1374
              4        5496     1374
              5        6869     1374
              6        8243     1374
              7        9617     1374
              8       10991     1374
                      11291      300
 
      3       1         300      300
              2        1674     1374
              3        3048     1374
              4        4422     1374
              5        5796     1374
              6        7169     1374
              7        8543     1374
              8        9917     1374
                      11291     1374
 
 PURLIN SIZE:
 ------------
   Surface  Bay             ----Purlin_Lap----   IS_Flg
     Id      Id  Part           Left     Right    Strap
   -------  ---  --------   --------  --------   ------
      2       1  150Z15                    330      2                      
              2  150Z15          330       330      2                      
              3  150Z15          330       330      2                      
              4  150Z15          330       330      2                      
              5  150Z15          330       330      2                      
              6  150Z15          330                2                      

      3       1  150Z15                    330      2                      
              2  150Z15          330       330      2                      
              3  150Z15          330       330      2                      
              4  150Z15          330       330      2                      
              5  150Z15          330       330      2                      
              6  150Z15          330                2                      


 EAVE STRUT SIZE:
 ----------------
    Wall  Bay               ----Eave_Lap----
     Id    Id  Part            Left    Right
    ----  ---  -----------  -------  -------
      2     1  150Z15                    330
            2  150Z15           330      330
            3  150Z15           330      330
            4  150Z15           330      330
            5  150Z15           330      330
            6  150Z15           330         

      4     1  150Z15                    330
            2  150Z15           330      330
            3  150Z15           330      330
            4  150Z15           330      330
            5  150Z15           330      330
            6  150Z15           330         

 
 ROOF BRACING:
 -------------
   Bay  Attach_Locate
    Id   Start    End   Type     Part        Dia
   ---  ------ ------   -------- --------  -----
     2       0   5468   Rod      ROD20     20.00
          5468  11235   Rod      ROD20     20.00
         11235  17002   Rod      ROD20     20.00
         17002  22470   Rod      ROD20     20.00
     5       0   5468   Rod      ROD20     20.00
          5468  11235   Rod      ROD20     20.00
         11235  17002   Rod      ROD20     20.00
         17002  22470   Rod      ROD20     20.00
 
 BOLT AT EAVE STRUT:
 -------------------
  Wall Frame_Line   Lap   -------Bolt_Size------
   Id  Id   Type   Plate  No. Type    Dia Washer
  ---- --   ----   -----  --- ----- ----- ------
    2   1    RF      -     2  Gr8.8 12.00    0
    2   2    RF      Y     4  Gr8.8 12.00    0
    2   3    RF      Y     4  Gr8.8 12.00    0
    2   4    RF      Y     4  Gr8.8 12.00    0
    2   5    RF      Y     4  Gr8.8 12.00    0
    2   6    RF      Y     4  Gr8.8 12.00    0
    2   7    RF      -     2  Gr8.8 12.00    0
    4   1    RF      -     2  Gr8.8 12.00    0
    4   2    RF      Y     4  Gr8.8 12.00    0
    4   3    RF      Y     4  Gr8.8 12.00    0
    4   4    RF      Y     4  Gr8.8 12.00    0
    4   5    RF      Y     4  Gr8.8 12.00    0
    4   6    RF      Y     4  Gr8.8 12.00    0
    4   7    RF      -     2  Gr8.8 12.00    0

================================================================================
 C323-153            FRAMING SUMMARY: Left  Endwall          6/AUG/2025  1:27pm
================================================================================
 
 RAFTER:
 -------
             Surf
    Id        Id    Part      Length
    ------   ----   --------  ------
    Raf1       2               11291
    Raf2       3               11291
 
 RAFTER SPLICE:
 --------------
   -Surface-        ---Plate---  Bolt    Bolt   Bolt  ---Top---  --Bottom-
   Id Locate  Type  Width Thick  Type     Dia   Gage  Row Space  Row Space
   -- ------  ----  ----- -----  -----  -----  -----  --- -----  --- -----
    3      0   -           0.00  Gr8.8   0.00          0          0
 
 COLUMN:
 -------
                    Grid                          Base
    Id      Offset  Line  Part      Rot  Length   Elev
    ------  ------  ----  --------  ---  ------  -----
    Col2     11235  B     W40b155    N     8535    0.0
 
 BASE PLATE:
 -----------
            ----------Plate--------  -----Anchor_Bolt-----  Base_Clip_Bolts
    Id      Type Width Length Thick  Type    Dia  Gage Row  No. Type    Dia
    ------  ---- ----- ------ -----  ----- ----- ----- ---  --- ----- -----
    Col2     S3  200.0  450.0 16.00  A36   20.00 100.0  2    0             
 
 CAP PLATE:
 ----------
            -----Bolts-----
    Id      No. Type    Dia
    ------  --- ----- -----
    Col2     2  Gr8.8 16.00
 
 FLANGE BRACE:
 -------------
            Col             Brace_At
    Id      Side  Part      Girt_Id
    ------  ----  --------  --------------------
    Col2     R    L40X40X4  2 4
 
 PARTIAL WALLS:
 --------------
       -Bay_Start-   --Bay_End--          Base  Left      Right
   Id   Id  Offset    Id  Offset  Height  Type  Jamb      Jamb
   --  ---  ------   ---  ------  ------  ----  --------  --------
    1    1       0     2       0    2500    -                     
 
 GIRT LAYOUT:
 ------------
  Bay                             ---Bay_Offset--  --Support-  ------Lap------  Flg
   Id    Locate  Type  Part         Start     End  Left Right     Left   Right  Rot
  ---  --------  ----  --------   ------- -------  ---- -----  ------- -------  ---
    1    2580.0   ZB   200Z15         0.0 11235.0  Col  Col        0.0   960.0   D
         3580.0   ZB   200Z18         0.0 11235.0  Col  Col        0.0   960.0   D
         4580.0   ZB   200Z18         0.0 11235.0  Col  Col        0.0   960.0   D
         5580.0   ZB   200Z18         0.0 11235.0  Col  Col        0.0   960.0   D
         6580.0   ZB   200Z18         0.0 11235.0  Col  Col        0.0   960.0   D
         7580.0   ZB   200Z18         0.0 11235.0  Col  Col        0.0   960.0   D
         8380.0   ZB   200Z15      1132.4 11235.0  Col  Col        0.0   960.0   D
  ---  --------  ----  --------   ------- -------  ---- -----  ------- -------  ---
    2    2580.0   ZB   200Z15         0.0 11235.0  Col  Col      960.0     0.0   D
         3580.0   ZB   200Z18         0.0 11235.0  Col  Col      960.0     0.0   D
         4580.0   ZB   200Z18         0.0 11235.0  Col  Col      960.0     0.0   D
         5580.0   ZB   200Z18         0.0 11235.0  Col  Col      960.0     0.0   D
         6580.0   ZB   200Z18         0.0 11235.0  Col  Col      960.0     0.0   D
         7580.0   ZB   200Z18         0.0 11235.0  Col  Col      960.0     0.0   D
         8380.0   ZB   200Z15         0.0 10102.6  Col  Col      960.0     0.0   D

 GIRT INSIDE FLANGE BRACE:
 -------------------------
  No._Brace/Bay
    1   2
  --- --- 
    4   4

================================================================================
 C323-153            FRAMING SUMMARY: Front Sidewall         6/AUG/2025  1:27pm
================================================================================
 
 PARTIAL WALLS:
 --------------
       -Bay_Start-   --Bay_End--          Base  Left      Right
   Id   Id  Offset    Id  Offset  Height  Type  Jamb      Jamb
   --  ---  ------   ---  ------  ------  ----  --------  --------
    2    1       0     6       0    2500    -                     
 
 GIRT LAYOUT:
 ------------
  Bay                             ---Bay_Offset--  --Support-  ------Lap------  Flg
   Id    Locate  Type  Part         Start     End  Left Right     Left   Right  Rot
  ---  --------  ----  --------   ------- -------  ---- -----  ------- -------  ---
    1    2580.0   ZB   200Z15       440.0  6200.0  Col  Col        0.0   330.0   D
         4080.0   ZB   200Z15       440.0  6200.0  Col  Col        0.0   330.0   D
         5580.0   ZB   200Z15       440.0  6200.0  Col  Col        0.0   330.0   D
         7080.0   ZB   200Z15       440.0  6200.0  Col  Col        0.0   330.0   D
  ---  --------  ----  --------   ------- -------  ---- -----  ------- -------  ---
    2    2580.0   ZB   200Z15         0.0  5990.0  Col  Col      330.0   330.0   D
         4080.0   ZB   200Z15         0.0  5990.0  Col  Col      330.0   330.0   D
         5580.0   ZB   200Z15         0.0  5990.0  Col  Col      330.0   330.0   D
         7080.0   ZB   200Z15         0.0  5990.0  Col  Col      330.0   330.0   D
  ---  --------  ----  --------   ------- -------  ---- -----  ------- -------  ---
    3    2580.0   ZB   200Z15         0.0  6145.0  Col  Col      330.0   330.0   D
         4080.0   ZB   200Z15         0.0  6145.0  Col  Col      330.0   330.0   D
         5580.0   ZB   200Z15         0.0  6145.0  Col  Col      330.0   330.0   D
         7080.0   ZB   200Z15         0.0  6145.0  Col  Col      330.0   330.0   D
  ---  --------  ----  --------   ------- -------  ---- -----  ------- -------  ---
    4    2580.0   ZB   200Z15         0.0  5700.0  Col  Col      330.0   330.0   D
         4080.0   ZB   200Z15         0.0  5700.0  Col  Col      330.0   330.0   D
         5580.0   ZB   200Z15         0.0  5700.0  Col  Col      330.0   330.0   D
         7080.0   ZB   200Z15         0.0  5700.0  Col  Col      330.0   330.0   D
  ---  --------  ----  --------   ------- -------  ---- -----  ------- -------  ---
    5    2580.0   ZB   200Z15         0.0  6000.0  Col  Col      330.0   330.0   D
         4080.0   ZB   200Z15         0.0  6000.0  Col  Col      330.0   330.0   D
         5580.0   ZB   200Z15         0.0  6000.0  Col  Col      330.0   330.0   D
         7080.0   ZB   200Z15         0.0  6000.0  Col  Col      330.0   330.0   D
  ---  --------  ----  --------   ------- -------  ---- -----  ------- -------  ---
    6    2580.0   ZB   200Z15         0.0  5810.0  Col  Col      330.0     0.0   D
         4080.0   ZB   200Z15         0.0  5810.0  Col  Col      330.0     0.0   D
         5580.0   ZB   200Z15         0.0  5810.0  Col  Col      330.0     0.0   D
         7080.0   ZB   200Z15         0.0  5810.0  Col  Col      330.0     0.0   D

 GIRT INSIDE FLANGE BRACE:
 -------------------------
  No._Brace/Bay
    1   2   3   4   5   6
  --- --- --- --- --- --- 
    2   2   2   2   2   2
 
 WALL BRACING:  
 -------------
   Bay    Brace_Height
   Id       Bot    Top  Type      Part        Dia
  -----  ------ ------  --------  --------  -----
    2         0   6050  Rod       ROD20     20.00
           6050   8420  Rod       ROD20     20.00
    5         0   6050  Rod       ROD20     20.00
           6050   8420  Rod       ROD20     20.00
 
 WALL STRUT:
 -----------
   Bay   Brace   Strut       Strut
   Id   Attach   Part        Option
   ---  ------   --------    ---------------------
    2     6250   200Z15      Strut At Brace       
    5     6250   200Z15      Strut At Brace       

================================================================================
 C323-153            FRAMING SUMMARY: Right Endwall          6/AUG/2025  1:27pm
================================================================================
 
 RAFTER:
 -------
             Surf
    Id        Id    Part      Length
    ------   ----   --------  ------
    Raf1       2               11291
    Raf2       3               11291
 
 RAFTER SPLICE:
 --------------
   -Surface-        ---Plate---  Bolt    Bolt   Bolt  ---Top---  --Bottom-
   Id Locate  Type  Width Thick  Type     Dia   Gage  Row Space  Row Space
   -- ------  ----  ----- -----  -----  -----  -----  --- -----  --- -----
    3      0   -           0.00  Gr8.8   0.00          0          0
 
 COLUMN:
 -------
                    Grid                          Base
    Id      Offset  Line  Part      Rot  Length   Elev
    ------  ------  ----  --------  ---  ------  -----
    Col2     11235  B     W40b155    N     8835    0.0
 
 BASE PLATE:
 -----------
            ----------Plate--------  -----Anchor_Bolt-----  Base_Clip_Bolts
    Id      Type Width Length Thick  Type    Dia  Gage Row  No. Type    Dia
    ------  ---- ----- ------ -----  ----- ----- ----- ---  --- ----- -----
    Col2     S3  200.0  450.0 16.00  A36   20.00 100.0  2    0             
 
 CAP PLATE:
 ----------
            -----Bolts-----
    Id      No. Type    Dia
    ------  --- ----- -----
    Col2     2  Gr8.8 16.00
 
 FLANGE BRACE:
 -------------
            Col             Brace_At
    Id      Side  Part      Girt_Id
    ------  ----  --------  --------------------
    Col2     R    L40X40X4  2 4
 
 OPENING LAYOUT:
 ---------------
   Open  -----Bay-----  -------Opening_Size------
    Id    Id    Offset    Width   Height     Sill    Note
   ----  ----  -------  -------  -------  -------    -------------
     1     1      3368     4500     4500        0                 
 
 OPENING JAMB/HEADER/SILL:
 -------------------------
   Open  Bay
    Id    Id  Member  Offset  Locate  Part       Length
   ----  ---  ------  ------  ------  --------  -------
     1     1  Jamb-L    3368       0  200C20       4580
              Jamb-R    7868       0  200C20       4580
 
 PARTIAL WALLS:
 --------------
       -Bay_Start-   --Bay_End--          Base  Left      Right
   Id   Id  Offset    Id  Offset  Height  Type  Jamb      Jamb
   --  ---  ------   ---  ------  ------  ----  --------  --------
    3    1       0     2       0    2500    -                     
 
 GIRT LAYOUT:
 ------------
  Bay                             ---Bay_Offset--  --Support-  ------Lap------  Flg
   Id    Locate  Type  Part         Start     End  Left Right     Left   Right  Rot
  ---  --------  ----  --------   ------- -------  ---- -----  ------- -------  ---
    1    2580.0   ZB   200Z15         0.0  3368.0  Col  Jamb       0.0     0.0   D
         2580.0   ZB   200Z15      7868.0 11235.0  Jamb Col        0.0   960.0   D
         3580.0   ZB   200Z15         0.0  3368.0  Col  Jamb       0.0     0.0   D
         3580.0   ZB   200Z18      7868.0 11235.0  Jamb Col        0.0   960.0   D
         4580.0   ZB   200ZN20 (a)    0.0 11235.0  Col  Col        0.0   960.0   D
         5580.0   ZB   200Z15         0.0 11235.0  Col  Col        0.0   960.0   D
         5750.0   ZB   200Z15         0.0 11235.0  Col  Col        0.0   960.0   D
         6580.0   ZB   200Z18         0.0 11235.0  Col  Col        0.0   960.0   D
         7580.0   ZB   200Z18         0.0 11235.0  Col  Col        0.0   960.0   D
         8380.0   ZB   200Z15      1132.4 11235.0  Col  Col        0.0   960.0   D
  ---  --------  ----  --------   ------- -------  ---- -----  ------- -------  ---
    2    2580.0   ZB   200Z15         0.0 11235.0  Col  Col      960.0     0.0   D
         3580.0   ZB   200Z18         0.0 11235.0  Col  Col      960.0     0.0   D
         4580.0   ZB   200ZN18 (a)    0.0 11235.0  Col  Col      960.0     0.0   D
         5580.0   ZB   200Z15         0.0 11235.0  Col  Col      960.0     0.0   D
         5750.0   ZB   200Z15         0.0 11235.0  Col  Col      960.0     0.0   D
         6580.0   ZB   200Z18         0.0 11235.0  Col  Col      960.0     0.0   D
         7580.0   ZB   200Z18         0.0 11235.0  Col  Col      960.0     0.0   D
         8380.0   ZB   200Z15         0.0 10102.6  Col  Col      960.0     0.0   D
 
                             (a)Nested Member

 GIRT INSIDE FLANGE BRACE:
 -------------------------
  No._Brace/Bay
    1   2
  --- --- 
    4   4

================================================================================
 C323-153            FRAMING SUMMARY: Back  Sidewall         6/AUG/2025  1:27pm
================================================================================
 
 PARTIAL WALLS:
 --------------
       -Bay_Start-   --Bay_End--          Base  Left      Right
   Id   Id  Offset    Id  Offset  Height  Type  Jamb      Jamb
   --  ---  ------   ---  ------  ------  ----  --------  --------
    4    1       0     6       0    2500    -                     
 
 GIRT LAYOUT:
 ------------
  Bay                             ---Bay_Offset--  --Support-  ------Lap------  Flg
   Id    Locate  Type  Part         Start     End  Left Right     Left   Right  Rot
  ---  --------  ----  --------   ------- -------  ---- -----  ------- -------  ---
    1    2580.0   ZB   200Z15       440.0  6250.0  Col  Col        0.0   330.0   D
         4080.0   ZB   200Z15       440.0  6250.0  Col  Col        0.0   330.0   D
         5580.0   ZB   200Z15       440.0  6250.0  Col  Col        0.0   330.0   D
         7080.0   ZB   200Z15       440.0  6250.0  Col  Col        0.0   330.0   D
  ---  --------  ----  --------   ------- -------  ---- -----  ------- -------  ---
    2    2580.0   ZB   200Z15         0.0  6000.0  Col  Col      330.0   330.0   D
         4080.0   ZB   200Z15         0.0  6000.0  Col  Col      330.0   330.0   D
         5580.0   ZB   200Z15         0.0  6000.0  Col  Col      330.0   330.0   D
         7080.0   ZB   200Z15         0.0  6000.0  Col  Col      330.0   330.0   D
  ---  --------  ----  --------   ------- -------  ---- -----  ------- -------  ---
    3    2580.0   ZB   200Z15         0.0  5700.0  Col  Col      330.0   330.0   D
         4080.0   ZB   200Z15         0.0  5700.0  Col  Col      330.0   330.0   D
         5580.0   ZB   200Z15         0.0  5700.0  Col  Col      330.0   330.0   D
         7080.0   ZB   200Z15         0.0  5700.0  Col  Col      330.0   330.0   D
  ---  --------  ----  --------   ------- -------  ---- -----  ------- -------  ---
    4    2580.0   ZB   200Z15         0.0  6145.0  Col  Col      330.0   330.0   D
         4080.0   ZB   200Z15         0.0  6145.0  Col  Col      330.0   330.0   D
         5580.0   ZB   200Z15         0.0  6145.0  Col  Col      330.0   330.0   D
         7080.0   ZB   200Z15         0.0  6145.0  Col  Col      330.0   330.0   D
  ---  --------  ----  --------   ------- -------  ---- -----  ------- -------  ---
    5    2580.0   ZB   200Z15         0.0  5990.0  Col  Col      330.0   330.0   D
         4080.0   ZB   200Z15         0.0  5990.0  Col  Col      330.0   330.0   D
         5580.0   ZB   200Z15         0.0  5990.0  Col  Col      330.0   330.0   D
         7080.0   ZB   200Z15         0.0  5990.0  Col  Col      330.0   330.0   D
  ---  --------  ----  --------   ------- -------  ---- -----  ------- -------  ---
    6    2580.0   ZB   200Z15         0.0  5760.0  Col  Col      330.0     0.0   D
         4080.0   ZB   200Z15         0.0  5760.0  Col  Col      330.0     0.0   D
         5580.0   ZB   200Z15         0.0  5760.0  Col  Col      330.0     0.0   D
         7080.0   ZB   200Z15         0.0  5760.0  Col  Col      330.0     0.0   D

 GIRT INSIDE FLANGE BRACE:
 -------------------------
  No._Brace/Bay
    1   2   3   4   5   6
  --- --- --- --- --- --- 
    2   2   2   2   2   2
 
 WALL BRACING:  
 -------------
   Bay    Brace_Height
   Id       Bot    Top  Type      Part        Dia
  -----  ------ ------  --------  --------  -----
    2         0   6050  Rod       ROD20     20.00
           6050   8420  Rod       ROD20     20.00
    5         0   6050  Rod       ROD20     20.00
           6050   8420  Rod       ROD20     20.00
 
 WALL STRUT:
 -----------
   Bay   Brace   Strut       Strut
   Id   Attach   Part        Option
   ---  ------   --------    ---------------------
    2     6250   200Z15      Strut At Brace       
    5     6250   200Z15      Strut At Brace       

================================================================================
 C323-153            FRAMING SUMMARY: Rigid Frame 1          6/AUG/2025  1:27pm
================================================================================
 
 LAYOUT:
 -------
   Type          :  HP
   No. Line      :   2
   Frame Line Id :   1    7
   Grid Line Id  :   1    7
 
 MEMBER:
 -------
   Surf  Mem  Seg            Flange  Flange  -Web_Depth-  -Plate_Thickness-
    Id    Id   Id  Part      Length   Width  Start   End    Web O-flg I-flg
   ----  ---  ---  --------  ------  ------  ----- -----  ----- ----- -----
     1     1    1              4000   150.0  400.0 700.0   5.00  6.00  6.00
     1     2    2              4288   150.0  700.0 700.0   5.00  6.00  6.00
     2     3    3              4278   125.0  400.0 300.0   4.00  5.00  5.00
     2     4    4              4191   125.0  300.0 300.0   4.00  5.00  5.00
     2     5    5              2585   150.0  300.0 550.0   4.00  5.00  5.00
     3     6    6              2584   150.0  550.0 300.0   4.00  5.00  5.00
     3     7    7              4191   125.0  300.0 300.0   4.00  5.00  5.00
     3     8    8              4278   125.0  300.0 400.0   4.00  5.00  5.00
     4     9    9              4038   150.0  700.0 700.0   5.00  6.00  6.00
     4    10   10              4250   150.0  700.0 400.0   5.00  6.00  6.00
 
 INTERIOR COLUMN:
 ----------------
   Col
    Id   Locate    Part
   ---  -------    --------
     1    11235    W40b155 
 
 SPLICE:
 -------
   -Surface-        ---Plate---  Bolt    Bolt   Bolt  ---Top---  --Bottom-
   Id Locate  Type  Width Thick  Type     Dia   Gage  Row Space  Row Space
   -- ------  ----  ----- -----  -----  -----  -----  --- -----  --- -----
    2      0   HSS  200.0 16.00  A325   20.00  100.0   2  100.0   2  100.0
    2   4500   -SS  200.0 16.00  A325   20.00  100.0   2  100.0   2  100.0
    2   8691   -SS  200.0 16.00  A325   20.00  100.0   2  100.0   2  100.0
    3   2600   -SS  200.0 16.00  A325   20.00  100.0   2  100.0   2  100.0
    3   6791   -SS  200.0 16.00  A325   20.00  100.0   2  100.0   2  100.0
    4      0   HSS  200.0 16.00  A325   20.00  100.0   2  100.0   2  100.0
 
 BASE PLATE:
 -----------
                    ---Plate---  -----------Bolt----------   Base
   Locate     Type  Width Thick  Type     Dia   Gage   Row   Elev
   ---------- ----  ----- ------ -----  -----  -----  ----  -----
   Lt Column   FI   200.0 16.00  A36    20.00  100.0    4     0.0
   Rt Column   FI   200.0 16.00  A36    20.00  100.0    4     0.0
   Int Col  1  P    200.0 16.00  A36    20.00  100.0    2     0.0
 
 CAP PLATE:
 ----------
                    ---Plate---  -----------Bolt----------
   Locate     Type  Width Thick  Type     Dia   Gage   Row
   ---------- ----  ----- ------ -----  -----  -----  ----
   Int Col  1  P-   200.0 16.00  Gr8.8  20.00  100.0    2
 
 FLANGE BRACE:
 -------------
   Surf           No.
    Id   Locate  Side  Part      Clip
   ----  ------  ----  --------  ------
     1       1     1   L40X40X4        
     2       1     1   L40X40X4        
     2       3     1   L40X40X4        
     2       5     1   L40X40X4        
     2       7     1   L40X40X4        
     2       8     1   L40X40X4        
     3       1     1   L40X40X4        
     3       2     1   L40X40X4        
     3       4     1   L40X40X4        
     3       6     1   L40X40X4        
     3       8     1   L40X40X4        
     4       1     1   L40X40X4        
 
 BEARING STIFFENER:
 ------------------
   Locate      Width  Thick
   ----------  -----  -----
   Lt Column    60.0   6.00
   Rt Column    60.0   6.00
   Int Col  1   70.0   6.00
 
 CRANE BRACKET:
 --------------
   Crane Bay
     Id   Id  Height  Left      Right
   ----- ---  ------  --------  --------
      1    1    6200  W35b228   W35b228 
 
 CRANE BRACKET STIFFENER:
 ------------------------
   Crane Bay
     Id   Id  Side   Location    Width  Thick
   ----- ---  -----  ----------  -----  -----
      1    1  Left   Top Flange    840     72
      1    1  Left   Bot Flange    840     72
      1    1  Left   Crane Beam   1680     72
      1    1  Right  Top Flange    840     72
      1    1  Right  Bot Flange    840     72
      1    1  Right  Crane Beam   1680     72

================================================================================
 C323-153            FRAMING SUMMARY: Rigid Frame 2          6/AUG/2025  1:27pm
================================================================================
 
 LAYOUT:
 -------
   Type          :  RF
   No. Line      :   5
   Frame Line Id :   2    3    4    5    6
   Grid Line Id  :   2    3    4    5    6
 
 MEMBER:
 -------
   Surf  Mem  Seg            Flange  Flange  -Web_Depth-  -Plate_Thickness-
    Id    Id   Id  Part      Length   Width  Start   End    Web O-flg I-flg
   ----  ---  ---  --------  ------  ------  ----- -----  ----- ----- -----
     1     1    1              4000   150.0  400.0 700.0   5.00  6.00  6.00
     1     2    2              4287   150.0  700.0 700.0   5.00  6.00  6.00
     2     3    3              4278   125.0  600.0 250.0   4.00  6.00  8.00
     2     4    4              6775   125.0  250.0 450.0   4.00  5.00  5.00
     3     5    5              6828   125.0  450.0 250.0   4.00  5.00  5.00
     3     6    6              4225   125.0  250.0 600.0   4.00  6.00  8.00
     4     7    7              4037   150.0  700.0 700.0   5.00  6.00  6.00
     4     8    8              4250   150.0  700.0 400.0   5.00  6.00  6.00
 
 SPLICE:
 -------
   -Surface-        ---Plate---  Bolt    Bolt   Bolt  ---Top---  --Bottom-
   Id Locate  Type  Width Thick  Type     Dia   Gage  Row Space  Row Space
   -- ------  ----  ----- -----  -----  -----  -----  --- -----  --- -----
    2      0   HSS  200.0 16.00  A325   20.00  100.0   2  100.0   2  100.0
    2   4500   -SS  200.0 16.00  A325   20.00  100.0   2  100.0   2  100.0
    3      0   -SS  200.0 16.00  A325   20.00  100.0   2  100.0   2  100.0
    3   6844   -SS  200.0 16.00  A325   20.00  100.0   2  100.0   2  100.0
    4      0   HSS  200.0 16.00  A325   20.00  100.0   2  100.0   2  100.0
 
 BASE PLATE:
 -----------
                    ---Plate---  -----------Bolt----------   Base
   Locate     Type  Width Thick  Type     Dia   Gage   Row   Elev
   ---------- ----  ----- ------ -----  -----  -----  ----  -----
   Lt Column   FI   200.0 16.00  A36    20.00  100.0    4     0.0
   Rt Column   FI   200.0 16.00  A36    20.00  100.0    4     0.0
 
 FLANGE BRACE:
 -------------
   Surf           No.
    Id   Locate  Side  Part      Clip
   ----  ------  ----  --------  ------
     1       1     2   L40X40X4        
     2       1     2   L40X40X4        
     2       3     2   L40X40X4        
     2       5     2   L40X40X4        
     2       7     2   L40X40X4        
     2       8     2   L40X40X4        
     3       1     2   L40X40X4        
     3       2     2   L40X40X4        
     3       4     2   L40X40X4        
     3       6     2   L40X40X4        
     3       8     2   L40X40X4        
     4       1     2   L40X40X4        
 
 BEARING STIFFENER:
 ------------------
   Locate      Width  Thick
   ----------  -----  -----
   Lt Column    60.0   6.00
   Rt Column    60.0   6.00
 
 CRANE BRACKET:
 --------------
   Crane Bay
     Id   Id  Height  Left      Right
   ----- ---  ------  --------  --------
      1    1    6200  W35b228   W35b228 
 
 CRANE BRACKET STIFFENER:
 ------------------------
   Crane Bay
     Id   Id  Side   Location    Width  Thick
   ----- ---  -----  ----------  -----  -----
      1    1  Left   Top Flange    840     72
      1    1  Left   Bot Flange    840     72
      1    1  Left   Crane Beam   1680     72
      1    1  Right  Top Flange    840     72
      1    1  Right  Bot Flange    840     72
      1    1  Right  Crane Beam   1680     72

================================================================================
 C323-153            FRAMING SUMMARY: Extensions             6/AUG/2025  1:27pm
================================================================================
 
 CANOPY LAYOUT:
 --------------
  Wall   Ext       --Bay_Id--                                -Edge_Extend-
   Id     Id  Opt  Start  End   Width  Height  Slope  Mount   Left   Right
  ----   ---  ---  -----  ---  ------  ------  -----  -----  -----   -----
    3      1   -     1     2   1800.0  5700.0  10.00    B      0.0     0.0
 
 CANOPY BEAM & CONNECTION:
 -------------------------
  Wall Ext Column                -------Connection-----   -----------Bolts-----------
   Id   Id  Line  Use   Part     Loc   Type Width Thick   Type    Dia Space  Gage Row
  ---- --- ------ ----- -------- ----- ---- ----- -----   ----- ----- ----- ----- ---
    3    1    1   BeamH Built_Up Start  SS  200.0  16.0   Gr8.8 20.00 100.0 100.0   4
              1   Supp  W30a155  Start  SS  200.0  16.0   Gr8.8 20.00 100.0 100.0   4
                                 End    S3  150.0  10.0   Gr8.8 16.00 100.0  75.0   2
              2   BeamH Built_Up Start  SS  200.0  16.0   Gr8.8 20.00 100.0 100.0   4
              3   BeamH Built_Up Start  SS  200.0  16.0   Gr8.8 20.00 100.0 100.0   4
              3   Supp  W30a155  Start  SS  200.0  16.0   Gr8.8 20.00 100.0 100.0   4
                                 End    S3  150.0  10.0   Gr8.8 16.00 100.0  75.0   2
 
 CANOPY ROOF & SOFFIT PURLIN:
 ----------------------------
  Wall  Ext          Bay                       -------Lap------  Eave      Flange
   Id    Id  Locate   Id  Type  Row  Part         Left    Right  Strut      Strap
  ----  ---  ------  ---  ----  ---  --------  -------  -------  --------  ------
    3     1  Roof      1   ZB     1  250Z18                 960  250Z18       0
             Roof      2   ZB     1  250Z18        960           250Z18       0
             Soffit    1   --     0                              250Z18       0
             Soffit    2   --     0                              250Z18       0

================================================================================
 C323-153            FRAMING SUMMARY:  Crane System  1       6/AUG/2025  1:27pm                      
================================================================================
 
 CRANE SYSTEM:
 -------------
  -Crane-  Runway  --------------Runway_Location--------------
  Id Type  Orient      Elev   Offset     Span    Start      End
  -- ----  ------  -------- -------- -------- -------- --------
   1  TG     L         6200     1200    20070        0    36285
 
 RUNWAY BEAM:
 ------------
  Beam  Bay              Beam      Channel   Ds_CrnBm
   Id    Id  Side  Type  Part      Part      Name
  ----  ---  ----  ----  --------  --------  --------
    1     1    L    WB   W35b208             W35b208
    2     1    R    WB   W35b208             W35b208
    3     2    L    WB   W35b208             W35b208
    4     2    R    WB   W35b208             W35b208
    5     3    L    WB   W35b228             W35b228
    6     3    R    WB   W35b228             W35b228
    7     4    L    WB   W35b208             W35b208
    8     4    R    WB   W35b208             W35b208
    9     5    L    WB   W35b208             W35b208
   10     5    R    WB   W35b208             W35b208
   11     6    L    WB   W35b208             W35b208
   12     6    R    WB   W35b208             W35b208
 
 RUNWAY FLANGE BRACE:
 --------------------
  ---Runway---  Col    Brace
  Side  Locate  Side   Width  Part
  ---- -------  ----  ------  --------
   L       440    R    870.0  L75X6
   L      6200    L    870.0  L75X6
   L      6200    R    870.0  L75X6
   L     12190    L    870.0  L75X6
   L     12190    R    870.0  L75X6
   L     18335    L    870.0  L75X6
   L     18335    R    870.0  L75X6
   L     24035    L    870.0  L75X6
   L     24035    R    870.0  L75X6
   L     30035    L    870.0  L75X6
   L     30035    R    870.0  L75X6
   L     35845    L    870.0  L75X6
   R       440    R    870.0  L75X6
   R      6200    L    870.0  L75X6
   R      6200    R    870.0  L75X6
   R     12190    L    870.0  L75X6
   R     12190    R    870.0  L75X6
   R     18335    L    870.0  L75X6
   R     18335    R    870.0  L75X6
   R     24035    L    870.0  L75X6
   R     24035    R    870.0  L75X6
   R     30035    L    870.0  L75X6
   R     30035    R    870.0  L75X6
   R     35845    L    870.0  L75X6
   L       440    1      0.0  L100X8
   L      6200    2      0.0  L100X8
   L     12190    2      0.0  L100X8
   L     18335    2      0.0  L100X8
   L     24035    2      0.0  L100X8
   L     30035    2      0.0  L100X8
   L     35845    1      0.0  L100X8
   R       440    1      0.0  L100X8
   R      6200    2      0.0  L100X8
   R     12190    2      0.0  L100X8
   R     18335    2      0.0  L100X8
   R     24035    2      0.0  L100X8
   R     30035    2      0.0  L100X8
   R     35845    1      0.0  L100X8
