===============================================================================
 C08-033             1.RIGID & ENDWALL FRAME MEMBERS:       23/APR/2026  3:19pm

                                                                 Total    Total
 Quan Mark   Description           Part     Punch       Length  Weight     Cost
===============================================================================
    4 RF1-1  RF Column                                    6340   768.4     0.08
    4 RF1-2  RF Rafter                                    9522  1708.4     0.16
    4 RF1-3  RF Rafter                                    6000  1269.2     0.12
    4 RF1-4  RF Rafter                                   11961  2421.2     0.24
    2 RF1-5  RF Rafter                                    6008  1051.8     0.10
    2 RF1-6  RF Int Col                                   8780   853.6     0.08
   10 RF2-1  RF Column                                    6457  3390.0     0.30
   10 RF2-2  RF Rafter                                    9531  5730.0     0.60
   10 RF2-3  RF Rafter                                    6000  3126.0     0.30
   10 RF2-4  RF Rafter                                   11921  7344.0     0.70
    5 RF2-5  RF Rafter                                    6086  4020.0     0.40
    5 RF2-6  RF Int Col                                   8613  4331.5     0.45

    2 EB-1   Ext Beam              W30a125                4554   212.4   157.22
    4 EB-2   Ext Beam              W45a125                4569   526.8   389.72
    2 EB-3   Ext Beam              W45a125                4569   263.4   194.86
    2 EB-4   Ext Beam              W30a125                4554   212.4   157.22

    4 EC-1   EW Column             MB225                  6732   878.0   878.08
    2 EC-2   EW Column             MB225                  7490   524.4   524.38
    2 EC-3   EW Column             MB225                  8411   593.0   593.06
    2 EC-4   EW Column             MB225                  8710   611.6   611.70
    2 EC-5   EW Column             MB225                  8411   593.0   593.06
    2 EC-6   EW Column             MB225                  7490   524.4   524.38

-------------------------------------------------------------------------------
                                                     Total:    40953.5  4627.21


===============================================================================
 C08-033             2.DOOR JAMBS & HEADERS:                23/APR/2026  3:19pm

                                           Punch/                Total    Total
 Quan Mark   Description      Part          Color       Length  Weight     Cost
===============================================================================
   16 DJ-1   Door Jamb        200C20                      4450   385.9     0.32
                    Web Slot:  
                     Loc=       45      3705      4030      4405 

    8 DH-1   Door Header      200C20       ?? -??         3980   172.6     0.16
                    Web Slot:  
                     Loc=       45      3935 

-------------------------------------------------------------------------------
                                                     Total:      558.5     0.48


===============================================================================
 C08-033             3.PURLINS, EAVE STRUTS, WALL GIRTS:    23/APR/2026  3:19pm

                                                                 Total    Total
 Quan Mark   Description     Part     Pitch   Punch     Length  Weight     Cost
===============================================================================
   42 P-1    Roof Purlin     200Z18           ??-??       7720  1579.0     0.84
                     Web=      325       425       705      1035      1335 
                              6385      6685      7015      7295      7395 
                              7675 
                    Slot=     1930      3860      5790 
  168 P-2    Roof Purlin     200Z18           ??-??       8450  6913.4     3.36
                     Web=       45       325       425       705      1035 
                              1335      7115      7415      7745      8025 
                              8125      8405 
                    Slot=     2112      4225      6337 
   42 P-3    Roof Purlin     200Z18           ??-??       7720  1579.0     0.84
                     Web=       45       325       425       705      1035 
                              1335      6385      6685      7015      7295 
                              7395 
                    Slot=     1930      3860      5790 
    8 P-4    Roof Purlin     150Z20           ??-??       8605   318.0     0.00
                     Web=       45       375       655       755      1035 
                              1365      1665      7445      7745      8075 
                              8355      8455 
                    Slot=     2151      4302      6454 
   16 P-5    Roof Purlin     150Z18           ??-??       9110   607.8     0.00
                     Web=       45       375       655       755      1035 
                              1365      1665      7445      7745      8075 
                              8355      8455      8735      9065 
                    Slot=     2277      4555      6832 
    8 P-6    Roof Purlin     150Z20           ??-??       8605   318.0     0.00
                     Web=      150       250       530       860      1160 
                              6940      7240      7570      7850      7950 
                              8230      8560 
                    Slot=     2151      4302      6454 
    2 E-1    Eave Strut      200Z18           ??-??       7720    75.2     0.04
                     Web=      325       425      7015      7295      7395 
                              7675 
                    Slot=     1832      1930      3670      3860      5507 
                              5790 
    8 E-2    Eave Strut      200Z18           ??-??       8450   329.2     0.16
                     Web=       45       325       425       705      7745 
                              8025      8125      8405 
                    Slot=     2112      2300      4225      6150      6337 
    2 E-3    Eave Strut      200Z18           ??-??       7720    75.2     0.04
                     Web=       45       325       425       705      7295 
                              7395 
                    Slot=     1930      2212      3860      4050      5790 
                              5887 
    2 E-4    Eave Strut      150Z15           ??-??       8605    59.7     0.00
                     Web=       45       655       755      1365      8355 
                              8455 
                    Slot=     2151      4302      6454 
    4 E-5    Eave Strut      150Z15           ??-??       9110   126.4     0.00
                     Web=       45       655       755      1365      7745 
                              8355      8455      9065 
                    Slot=     2277      4555      6832 
    2 E-6    Eave Strut      150Z15           ??-??       8605    59.7     0.00
                     Web=      150       250      7240      7850      7950 
                              8560 
                    Slot=     2151      4302      6454 

    4 G-1    EW Girt         200Z15           ??-??       7615   123.7     0.08
                     Web=      140       240      6280      6580      6910 
                              7190      7290      7570 
                    Slot=     1690      3540      5390 
    2 G-2    EW Girt         200Z15           ??-??       7770    63.1     0.04
                     Web=      295       395      6435      6735      7065 
                              7345      7445      7725 
                    Slot=     1845      3695      5545 
    2 G-3    EW Girt         200Z15           ??-??       9833    79.8     0.04
                     Web=       45       325       425       705      1035 
                              1335      7115      7415      7745      8025 
                              8125      8405      8735      9035      9788 
                    Slot=     2300      4225      6150 
   24 G-4    EW Girt         200Z15           ??-??       8450   823.4     0.48
                     Web=       45       325       425       705      1035 
                              1335      7115      7415      7745      8025 
                              8125      8405 
                    Slot=     2300      4225      6150 
    2 G-5    EW Girt         200Z18           ??-??       8170    79.6     0.04
                     Web=       45       145       425       755      1055 
                              1905      5985      6835      7135      7465 
                              7745      7845      8125 
                    Slot=     2020      3945      5870 
    6 G-6    EW Girt         200Z15           ??-??       3516    85.6     0.12
                     Web=       45       798      1098      1428      1708 
                              1808      2088      2418      2718      3471 
    4 G-7    EW Girt         200Z18           ??-??       8450   164.6     0.08
                     Web=       45       325       425       705      1035 
                              1335      2185      6265      7115      7415 
                              7745      8025      8125      8405 
                    Slot=     2300      4225      6150 
    2 G-8    EW Girt         200Z15           ??-??       8170    66.3     0.04
                     Web=       45       145       425       755      1055 
                              6835      7135      7465      7745      7845 
                              8125 
                    Slot=     2020      3945      5870 
    2 G-9    EW Girt         200Z15           ??-??       8170    66.3     0.04
                     Web=       45       325       425       705      1035 
                              1335      7115      7415      7745      8025 
                              8125 
                    Slot=     2300      4225      6150 
    2 G-10   EW Girt         200Z18           ??-??       8170    79.6     0.04
                     Web=       45       325       425       705      1035 
                              1335      2185      6265      7115      7415 
                              7745      8025      8125 
                    Slot=     2300      4225      6150 
    2 G-11   EW Girt         200Z15           ??-??       9833    79.8     0.04
                     Web=       45       798      1098      1428      1708 
                              1808      2088      2418      2718      8498 
                              8798      9128      9408      9508      9788 
                    Slot=     3683      5608      7533 
    4 G-12   EW Girt         200Z15           ??-??       7615   123.7     0.08
                     Web=       45       325       425       705      1035 
                              1335      7375      7475 
                    Slot=     2225      4075      5925 
    2 G-13   EW Girt         200Z15           ??-??       7770    63.1     0.04
                     Web=       45       325       425       705      1035 
                              1335      7375      7475 
                    Slot=     2225      4075      5925 
    4 G-14   SW Girt         150Z15           ??-??       8050   111.7     0.00
                     Web=      325       425       705      1035      1335 
                              6385      6685      7015      7295      7395 
                              7675      8005 
                    Slot=     1832      3670      5507 
   16 G-15   SW Girt         150Z15           ??-??       9110   505.8     0.00
                     Web=       45       375       655       755      1035 
                              1365      1665      7445      7745      8075 
                              8355      8455      8735      9065 
                    Slot=     2630      4555      6480 
    4 G-16   SW Girt         150Z15           ??-??       8050   111.7     0.00
                     Web=       45       375       655       755      1035 
                              1365      1665      6715      7015      7345 
                              7625      7725 
                    Slot=     2542      4380      6217 

-------------------------------------------------------------------------------
                                                     Total:    14668.8     6.44


===============================================================================
 C08-033             4.ROOF & WALL SHEETING:                23/APR/2026  3:19pm

                                                                 Total    Total
 Quan Mark   Description           Part    Clr Pitch    Length  Weight     Cost
===============================================================================
   92 RS-1   Roof Sheet            45250 .5 A3           6600   2908.5     1.84
  276 RS-2   Roof Sheet            45250 .5 A3           6200   8196.5     5.52
   92 RS-3   Roof Sheet            45250 .5 A3           6400   2820.4     1.84
   62 RS-4   Ext Sheet             45250 .5 A3           4570   1357.2     1.24

    4 ES-1   EW Sheet              45250 .5 A2           3500     67.1     0.08
    4 ES-2   EW Sheet              45250 .5 A2           3590     68.8     0.08
    4 ES-3   EW Sheet              45250 .5 A2           3690     70.7     0.08
    4 ES-4   EW Sheet              45250 .5 A2           3790     72.6     0.08
    4 ES-5   EW Sheet              45250 .5 A2           3890     74.5     0.08
    4 ES-6   EW Sheet              45250 .5 A2           3990     76.5     0.08
    4 ES-7   EW Sheet              45250 .5 A2           4090     78.4     0.08
    4 ES-8   EW Sheet              45250 .5 A2           4190     80.3     0.08
    4 ES-9   EW Sheet              45250 .5 A2           4290     82.2     0.08
    4 ES-10  EW Sheet              45250 .5 A2           4390     84.1     0.08
    4 ES-11  EW Sheet              45250 .5 A2           4490     86.0     0.08
    4 ES-12  EW Sheet              45250 .5 A2           4590     87.9     0.08
    4 ES-13  EW Sheet              45250 .5 A2           4690     89.9     0.08
    4 ES-14  EW Sheet              45250 .5 A2           4790     91.8     0.08
    4 ES-15  EW Sheet              45250 .5 A2           4890     93.7     0.08
    4 ES-16  EW Sheet              45250 .5 A2           4990     95.6     0.08
   36 ES-17  EW Sheet              45250 .5 A2           1010    174.1     0.72
    4 ES-18  EW Sheet              45250 .5 A2           4030     77.2     0.08
    4 ES-19  EW Sheet              45250 .5 A2           4130     79.1     0.08
   24 ES-20  EW Sheet              45250 .5 A2            490     56.3     0.48
    4 ES-21  EW Sheet              45250 .5 A2           4230     81.0     0.08
    4 ES-22  EW Sheet              45250 .5 A2           4330     83.0     0.08
    4 ES-23  EW Sheet              45250 .5 A2           4430     84.9     0.08
    4 ES-24  EW Sheet              45250 .5 A2           4530     86.8     0.08
    4 ES-25  EW Sheet              45250 .5 A2           4630     88.7     0.08
    4 ES-26  EW Sheet              45250 .5 A2           4730     90.6     0.08
    4 ES-27  EW Sheet              45250 .5 A2           4830     92.5     0.08
    4 ES-28  EW Sheet              45250 .5 A2           4930     94.5     0.08
    4 ES-29  EW Sheet              45250 .5 A2           5030     96.4     0.08
    4 ES-30  EW Sheet              45250 .5 A2           5130     98.3     0.08
    4 ES-31  EW Sheet              45250 .5 A2           5230    100.2     0.08
    4 ES-32  EW Sheet              45250 .5 A2           5330    102.1     0.08
    4 ES-33  EW Sheet              45250 .5 A2           5430    104.0     0.08

   92 SS-1   SW Sheet              45250 .5 A2           3500   1542.4     1.84


            Colors
            ------
              A2 - NEED WALL COLOR          
              A3 - NEED ROOF COLOR          

-------------------------------------------------------------------------------
                                                     Total:    19714.9    15.96


===============================================================================
 C08-033             5.CONNECTION PLATES:                   23/APR/2026  3:19pm

                                                                 Total    Total
 Quan Mark   Description Part     Dwg  Ang Thick  Width Length  Weight     Cost
===============================================================================
   16 b1     Grt-Jmb Plt          SP2   90  5.00    144    203    18.5     0.38
               A=   22  B=  100  C=   22  D=  100 
               E=   30  F=  129 
   16 c1     Hdr-Jmb Plt          SP3   90  5.00    144    126    11.5     0.24
               A=   22  B=  100  C=   22  D=  100 
               E=   35  F=   47 
    4 d1     Cor-Grt6 Pl          SP4   90  5.00    144    396     9.0     0.18
               A=   22  B=  100  C=   22  D=  100 
               E=   30  F=  222  G=  100 
   16 f1     Jmb-Bas Plt          SP6   90  5.00    144    155    14.1     0.30
               A=   22  B=  100  C=   22  D=  100 
               E=   50  F=   42 
   16 j1     Jmb-Grt Plt          SP10  90  5.00    144    206    18.7     0.38
               A=   22  B=  100  C=   22  D=  100 
               E=   32  F=  130 


            Colors
            ------
              RO - Red Oxide                

-------------------------------------------------------------------------------
                                                     Total:       71.8     1.48


===============================================================================
 C08-033             6.ANGLES:                              23/APR/2026  3:19pm

                                                                 Total    Total
 Quan Mark   Description    Part    Clr Width Thick     Length  Weight     Cost
===============================================================================
   10 FB400  EW Flg Brc     L40X40X4 RO    40  4.00        400     9.7     0.20
   16 FB456  Ext Flg Br     L40X40X4 RO    40  4.00        456    17.7     0.32
    4 FB480  RF Flg Brc     L40X40X4 RO    40  4.00        480     4.6     0.08
   20 FB552  RF Flg Brc     L40X40X4 RO    40  4.00        552    26.7     0.40
   20 FB568  RF Flg Brc     L40X40X4 RO    40  4.00        568    27.5     0.40
   24 FB576  Ext Flg Br     L40X40X4 RO    40  4.00        576    33.5     0.48
   20 FB584  RF Flg Brc     L40X40X4 RO    40  4.00        584    28.2     0.40
   20 FB840  RF Flg Brc     L40X40X4 RO    40  4.00        840    40.7     0.40
   24 FB848  RF Flg Brc     L40X40X4 RO    40  4.00        848    49.2     0.48
   20 FB856  RF Flg Brc     L40X40X4 RO    40  4.00        856    41.4     0.40
   24 FB864  RF Flg Brc     L40X40X4 RO    40  4.00        864    50.2     0.48
    4 FB872  RF Flg Brc     L40X40X4 RO    40  4.00        872     8.4     0.08
   40 FB880  RF Flg Brc     L40X40X4 RO    40  4.00        880    85.2     0.80
    4 FB920  RF Flg Brc     L40X40X4 RO    40  4.00        920     8.9     0.08
    4 FB928  RF Flg Brc     L40X40X4 RO    40  4.00        928     9.0     0.08
    8 FB960  RF Flg Brc     L40X40X4 RO    40  4.00        960    18.6     0.16
    8 FB984  RF Flg Brc     L40X40X4 RO    40  4.00        984    19.1     0.16
    4 FB992  RF Flg Brc     L40X40X4 RO    40  4.00        992     9.6     0.08
    4 FB1016 RF Flg Brc     L40X40X4 RO    40  4.00       1016     9.8     0.08
   20 FB1024 RF Flg Brc     L40X40X4 RO    40  4.00       1024    49.6     0.40
    4 FB1120 RF Flg Brc     L40X40X4 RO    40  4.00       1120    10.8     0.08
   20 FB1248 RF Flg Brc     L40X40X4 RO    40  4.00       1248    60.4     0.40
    4 FB1424 RF Flg Brc     L50X50X5 RO    50  5.00       1424    21.5     0.08
   20 FB1544 RF Flg Brc     L50X50X5 RO    50  5.00       1544   116.4     0.40

  120 JB-1   Sag rod at bas SROD12                       1600    207.4     2.40
   24 JB-2   Sag rod at bas SROD12                        730     18.9     0.48
   36 JB-3   Sag rod at gir SROD12                       1720     66.9     0.72

   49 GA     GABLE ANGLE    L75X100  RO        2.00       3000   461.6     0.49
   48 SI-    12mm SAG ROD   SROD12   --       12.00        752    17.6     0.96
   18 SP-1   12mm SAG ROD   SROD12   --       12.00        697     6.1     0.36
  720 SI-1   12mm SAG ROD   SROD12   --       12.00       1600   561.3    14.40
   72 SI-2   12mm SAG ROD   SROD12   --       12.00       1300    45.6     1.44
   36 SE-1   12mm SAG ROD   SROD12   --       12.00        372     6.5     0.72


            Colors
            ------
              RO - Red Oxide                

-------------------------------------------------------------------------------
                                                     Total:     2148.5    28.89


===============================================================================
 C08-033             7.TRIM:                                23/APR/2026  3:19pm

                                                                 Total    Total
 Quan Mark   Description    Part    Clr Pitch Thick     Length  Weight     Cost
===============================================================================
    2 BA     Base Angle     SGA-001  HA    10  2.00       3000    56.5     0.04
    2 BSA    Base/Seal An   P20204   HA    10  2.00         25    0.12     0.04
    2 DT     Drip Trim      P150X.63 HA    10  0.50         25    0.04     0.04

   12 ET-01  Eave Trim      ET-01    HA    10  0.40       5600    63.4     0.24
   12 CT-05  Roof To Wall   CT-05    A3        0.40       5600    63.4     0.24
   28 GT-01  Rake Trim      GT-01    HA        0.40       5600   147.8     0.56
    8 CTS-04 H Trim         CTS-04   HA        0.40       5600    56.2     0.16
   16 CTS-05 J Trim         CTS-05   HA        0.40       5600   112.5     0.32
   32 DS-100 Downspout      DS-100   --        0.40       5600   281.3     0.64
   64 GS-01  Downspout Stra GS-01    --        0.40        350    96.0     1.28
   18 EG-01  Eave Gutter    EG-01    --        0.40       5600   189.9     0.36
    1 GS-01  Eave Gutter St GS-01    --        0.40        600     1.0     0.02
    2 GC-01  Gutter Endcap  GC-01    --        0.40         25    1.00     0.04
    2 GC-02  Gutter Endcap  GC-02    --        0.40         25    1.00     0.04
   36 DT-01  Base Trim      DT-01    HA        0.40       5600   200.9     0.72
    4 CT-02  Outside Corner CT-02    HA        0.40       5600    21.1     0.08
   76 RC-01  Ridge Cap      RC-01    A3        0.40        700   380.0     1.52


            Colors
            ------
              A3 - NEED ROOF COLOR          
              HA - 9010 PURE WHITE          

-------------------------------------------------------------------------------
                                                     Total:     1672.1     6.34


===============================================================================
 C08-033             8.DIAGONAL BRACING & SEALANT:          23/APR/2026  3:19pm

                                    Clr/     Thick/              Total    Total
 Quan Mark   Description  Part       Dia     FabLen     Length  Weight     Cost
===============================================================================
    4 CB-1   SW Rod       ROD20    20.00       9630       9380    92.4     0.04
    4 CB-2   SW Rod       ROD20    20.00       9640       9390    92.8     0.04
    8 CB-3   Roof Rod     ROD20    20.00      10410      10160   200.8     0.08
    8 CB-4   Roof Rod     ROD20    20.00      10160       9910   195.2     0.08
    8 CB-5   Roof Rod     ROD20    20.00      10380      10130   200.0     0.08
    8 CB-6   Roof Rod     ROD20    20.00      10440      10190   200.8     0.08
    4 CB-7   Ext Rod      ROD20    20.00       8950       8700    86.0     0.04

   77        Silicone Tub SILICON              4.00       7500    77.0     1.54
  359        Panel Clsr   FF-100              25.00       1020   359.1     7.18
  228        Panel Clsr   FF-200              25.00       1020   228.0     4.56

-------------------------------------------------------------------------------
                                                     Total:     1732.1    13.72


===============================================================================
 C08-033             9.ACCESSORIES:                         23/APR/2026  3:19pm

                                       Width/                    Total    Total
 Quan Mark   Description      Part      Color Thick     Length  Weight     Cost
===============================================================================
   88 ---    NUT 20           HN20         --                1     4.4     0.88
   88 ---    HILLSIDE WASHER2 HW20         --                1    31.2     0.88
   88 ---    FLAT WASHER20    Ø20WSHR     --                1     3.0     0.88

-------------------------------------------------------------------------------
                                                     Total:       38.5     2.64


===============================================================================
 C08-033             10.FASTENERS:                          23/APR/2026  3:19pm

                                        Type/                    Total    Total
  Quan Mark   Description      Part     Color   Dia     Length  Weight     Cost
===============================================================================
    29        Bolts            M16X70   Gr8.8 16.00         70     1.6     0.29
   101        Bolts            M12X50   Gr8.8 12.00         50     5.7     1.01
  1464        Bolts            M12X50   Gr8.8 12.00         50    77.1    14.64
   275        Bolts            H12X50   Gr8.8 12.00         50    13.5     2.75
  1877        Bolts            H12X50   Gr8.8 12.00         50    98.9    18.77
   428        Bolts            H20X90   Gr8.8 20.00         90   144.2     8.56
   252        Bolts            H24X110  Gr8.8 24.00        110   139.8     2.52
    56        Anchor Bolt      AB16       A36 16.00        625    48.2     0.00
    56        A.B. Washers     W16            16.00               0.56     1.12
    84        Anchor Bolt      AB20       A36 20.00        625   141.9     0.84
    84        A.B. Washers     W20            20.00                1.3     1.68

  4700        No. 12-14x20 SDS 14x20SDS    A2               20    32.0    94.00
 11900        No. 12-14x55 SDS 14x55SDS    A3               55    81.0   238.00
  1000        No. 10-12X20 SDS 12x20SDS    HA               20     6.8    20.00
  1600        No. 10-12x20 SDS 12x20SDS    HA               20    10.9    32.00
   200        Pop Rivet        Rivet       HA               11     1.4     4.00
   400        No. 10-12X20 SDS 12x20SDS    --               20     2.7     8.00
  7200        No. 10-12X20 SDS 12x20SDS    A3               20    49.0   144.00
   300        Pop Rivet        Rivet       --               11     2.0     6.00
  2000        No. 10-12x20 SDS 12x20SDS    A2               20    13.6    40.00
   500        Pop Rivet        Rivet       A3               11     3.4    10.00


            Colors
            ------
              A2 - NEED WALL COLOR          
              A3 - NEED ROOF COLOR          
              HA - 9010 PURE WHITE          

-------------------------------------------------------------------------------
                                                     Total:      875.7   648.18


===============================================================================
 C08-033              Summary Reports                       23/APR/2026  3:19pm
===============================================================================






                             WEIGHT & COST SUMMARY
         --------------------------------------------------------------
         Page    Description                     Total Wt    Total Cost
         --------------------------------------------------------------
           1     Rigid Frames & Endwall Frames    40953.5       4627.21
           2     Door Jambs & Headers               558.5          0.48
           3     Purlins, Girts & Eave Struts     14668.8          6.44
           4     Roof & Wall Sheeting             19714.9         15.96
           5     Connection Plates                   71.8          1.48
           6     Angles                            2148.5         28.89
           7     Trim                              1672.1          6.34
           8     Diagonal Bracing & Sealant        1732.1         13.72
           9     Accessories                         38.5          2.64
          10     Fasteners                          875.7        648.18
         --------------------------------------------------------------
                                     Totals:      82434.5       5351.34


                        SUPPLIER DISCOUNT SUMMARY
-------------------------------------------------------------------------------
                                Total   -------Cost------ --Discount-     Final
Supplier                       Weight   Material    Labor Matrl Labor      Cost
-------------------------------------------------------------------------------

ASPRINGS            
 C & Z Type Members           36085.8       4.27     0.74  0.00  0.00      5.01
 Wall & Roof Panels              0.00       0.00     0.00  0.00  0.00      0.00
 Rigid Frames                    0.00       0.00     0.00  0.00  0.00      0.00
 Bolts, Fasteners                0.00       0.00     0.00  0.00  0.00      0.00
 Sealant, Tape                   0.00       0.00     0.00  0.00  0.00      0.00
 Cables & Hardware               0.00       0.00     0.00  0.00  0.00      0.00
 Clips                           0.00       0.00     0.00  0.00  0.00      0.00
 Standard Trim                   0.00       0.00     0.00  0.00  0.00      0.00
 Special Trim                    0.00       0.00     0.00  0.00  0.00      0.00
 Light Gage E, CH, A             0.00       0.00     0.00  0.00  0.00      0.00
 Accessories                     0.00       0.00     0.00  0.00  0.00      0.00
 Walkdoors & Door Acc.           0.00       0.00     0.00  0.00  0.00      0.00
 Standing Seam Acc.              0.00       0.00     0.00  0.00  0.00      0.00
 Ridge Caps                      0.00       0.00     0.00  0.00  0.00      0.00
 Hot Rolled                      0.00       0.00     0.00  0.00  0.00      0.00
 Standing Seam Galv.             0.00       0.00     0.00  0.00  0.00      0.00
 Standing Seam Kynar             0.00       0.00     0.00  0.00  0.00      0.00
 Weather-lok Galv.               0.00       0.00     0.00  0.00  0.00      0.00
 Weather-lok Kynar               0.00       0.00     0.00  0.00  0.00      0.00
 Shadow Wall Galv.               0.00       0.00     0.00  0.00  0.00      0.00
 Shadow Wall Kynar               0.00       0.00     0.00  0.00  0.00      0.00
 Accent 11 Panel                 0.00       0.00     0.00  0.00  0.00      0.00
 Insulation                      0.00       0.00     0.00  0.00  0.00      0.00
 Special Panel Pricing           0.00       0.00     0.00  0.00  0.00      0.00
 Spl C & Z Type Members          0.00       0.00     0.00  0.00  0.00      0.00
 Spl Clips                       0.00       0.00     0.00  0.00  0.00      0.00
 Spl Whirlwind Trim              0.00       0.00     0.00  0.00  0.00      0.00
 Spl Light Gage E, CH, A         0.00       0.00     0.00  0.00  0.00      0.00
 Spl Hot Rolled                  0.00       0.00     0.00  0.00  0.00      0.00
 Spl Standing Seam Galv.         0.00       0.00     0.00  0.00  0.00      0.00
 Spl2 Clips                      0.00       0.00     0.00  0.00  0.00      0.00
 Spl2 Whirlwind Trim             0.00       0.00     0.00  0.00  0.00      0.00
 Spl2 Light Gage E, CH, A        0.00       0.00     0.00  0.00  0.00      0.00
 Spl2 Standing Seam Galv.        0.00       0.00     0.00  0.00  0.00      0.00

*Supplier Not Found 
 Additional Items             46348.6    5007.20   339.13  0.00  0.00   5346.33
-------------------------------------------------------------------------------
                              82434.5    5011.47   339.87               5351.34



    *WARNING: Cost could not be computed for the following parts!


                       Page     Quan       Part
                       ----    ------    --------
                         3         8     150Z20  
                         3        16     150Z18  
                         3         8     150Z20  
                         3         2     150Z15  
                         3         4     150Z15  
                         3         2     150Z15  
                         3         4     150Z15  
                         3        16     150Z15  
                         3         4     150Z15  
                        10        56     AB16    
