 
 
 
 
                          Sivoko Steel Structures Ltd.
                                  Comm.7,Tema
                              Ghana (West Africa)
 
 
 
 
                        STRUCTURAL DESIGN CALCULATIONS
                                      FOR
 
 
 
 
 
 
 
                               Proposed Warehouse
                               Proposed Warehouse
 
                                    C08-033
 
 
 
 
                                 BUILDING LAYOUT
                        Width              (mm)=  61000
                        Length             (mm)=  45500
                        Eave Height        (mm)=   7000/  7000
                        Roof Slope   (rise/100)= 10.00/10.00
 
                                 BUILDING LOADS
                        Roof Dead Load  (kN/m2)=  0.10
                        Wall Dead Load
                          Left  Endwall (kN/m2)=  0.10
                          Right Endwall (kN/m2)=  0.10
                          Front Sidewall(kN/m2)=  0.10
                          Back  Sidewall(kN/m2)=  0.10
                        Live Load       (kN/m2)=  0.57
                        Collateral Load (kN/m2)=  0.05
                        Wind Speed       (m/s )=  39.0
                        Wind Code              = MBMA10
                        Exposure               = B
                        Closure                = Enclosed
                        Internal Wind Coeff    = -0.18, +0.18
                        Risk Category          = -
                        Importance - Wind      =  1.00
                        Importance - Seismic   =  1.00
                        Seismic Design Category= B
                        Seismic Coeff (Sms)    =  0.33
                        Temperature Change     =   20
                        -------------------------------
                        Designer : VVJ
                        Detailer :
 
 
 
 
                                     23/APR/2026



================================================================================
 C08-033             Design Loads For Building Components:  23/APR/2026  3:18pm
================================================================================


FRONT SIDEWALL:
---------------

 BASIC LOADS:
  Group  Basic  Wind_Load_Ratio
    Id    Wind  Deflect  Factor
     -    0.55   1.00     1.00

 EDGE ZONE:
                                       Wind_Ratio
  Group  --Left_Zone--  --Right_Zone-  Girt/
    Id    Width   Base   Width   Base  Jamb  Panel
     -     2800      0    2800      0  1.07   1.00

 WIND PRESSURE/SUCTION:
  Group   Wind   Wind    Wind
    Id   Press   Suct    Long
     -    0.48  -0.53           .. Girt/Header
     -    0.60  -0.65           .. Panel      
     -    0.48  -0.53           .. Jamb       
     -    0.00   0.00           .. Parapet    

BACK  SIDEWALL:
---------------

 BASIC LOADS:
  Group  Basic  Wind_Load_Ratio
    Id    Wind  Deflect  Factor
     -    0.55   1.00     1.00

 EDGE ZONE:
                                       Wind_Ratio
  Group  --Left_Zone--  --Right_Zone-  Girt/
    Id    Width   Base   Width   Base  Jamb  Panel
     -     2800      0    2800      0  1.07   1.00

 WIND PRESSURE/SUCTION:
  Group   Wind   Wind    Wind
    Id   Press   Suct    Long
     -    0.48  -0.53           .. Girt/Header
     -    0.60  -0.65           .. Panel      
     -    0.48  -0.53           .. Jamb       
     -    0.00   0.00           .. Parapet    

LEFT  ENDWALL:
--------------

 BASIC LOADS:
  Group  Dead  Coll  Live  Snow  Rain  Basic  Wind_Load_Ratio
    Id   Load  Load  Load  Load  Load   Wind  Deflect  Factor
     -   0.10  0.05  0.57  0.00  0.00   0.55   1.00     1.00

 EDGE ZONE:
                                        -----Wind_Ratio----
  Group  --Left_Zone--  --Right_Zone-   Jamb/
    Id    Width   Base   Width   Base   Girt  Panel  Column
     -     2800      0    2800      0   1.07   1.00    1.07

 BASIC LOADS AT EAVE:
  Group   Seis   Seis   Seis   ---Torsion---
    Id    Dead   Girt   Load   Wind  Seismic
     -    8.93   0.00   0.00   0.00     0.00

 WIND PRESSURE/SUCTION:
  Group   Wind   Wind
    Id   Press   Suct
     -    0.48  -0.53    .. Column                                             
     -    0.48  -0.53    .. Girt/Header                                        
     -    0.48  -0.53    .. Jamb                                               
     -    0.60  -0.65    .. Panel                                              
     -    0.99  -0.82    .. Parapet                                            
     -    0.83  -0.55    .. Transverse bracing, Facia/Parapet                  

 WIND COEFFICIENTS:
  Group   Surf   ---Wind_1--    ---Wind_2--    -Long_Wind-   Surface
    Id     Id    Left  Right    Left  Right       1      2  Friction
     -      1    0.85  -1.22    1.57  -0.50   -0.63  -0.27     0.00
     -      2   -1.23  -0.71   -0.87  -0.35   -0.87  -0.51     0.00
     -      3   -0.71  -1.23   -0.35  -0.87   -0.87  -0.51     0.00
     -      4   -1.22   0.85   -0.50   1.57   -0.63  -0.27     0.00

 COLUMN, RAFTER & BRACING LOAD COMBINATIONS:
 Load   Group            ---Live---      --Add_Snow-         Wind_1     Wind_2   Long_Wind Column_Wind  Long  Tran Aux_Load
No. Id    Id   Dead Coll Roof Floor Snow Drift Slide Rain  Left Right  LeftRight    1    2 Press  Suct  Seis  Seis Id  Coef
 72  1     -   1.00 1.00 1.00  0.00 0.00  0.00  0.00 0.00  0.00  0.00  0.00 0.00 0.00 0.00  0.00  0.00  0.00  0.00  0  0.00
     2     -   1.00 1.00 0.00  1.00 0.00  0.00  0.00 0.00  0.00  0.00  0.00 0.00 0.00 0.00  0.00  0.00  0.00  0.00  0  0.00
     3     -   1.00 1.00 0.00  0.00 1.00  0.00  0.00 0.00  0.00  0.00  0.00 0.00 0.00 0.00  0.00  0.00  0.00  0.00  0  0.00
     4     -   1.00 1.00 0.00  0.00 1.00  1.00  0.00 0.00  0.00  0.00  0.00 0.00 0.00 0.00  0.00  0.00  0.00  0.00  0  0.00
     5     -   1.00 1.00 0.00  0.00 1.00  0.00  1.00 0.00  0.00  0.00  0.00 0.00 0.00 0.00  0.00  0.00  0.00  0.00  0  0.00
     6     -   1.00 1.00 0.75  0.75 0.00  0.00  0.00 0.00  0.00  0.00  0.75 0.00 0.00 0.00  0.00  0.75  0.00  0.00  0  0.00
     7     -   1.00 1.00 0.75  0.75 0.00  0.00  0.00 0.00  0.00  0.00  0.00 0.75 0.00 0.00  0.00  0.75  0.00  0.00  0  0.00
     8     -   1.00 1.00 0.75  0.75 0.00  0.00  0.00 0.00  0.00  0.00  0.00 0.00 0.75 0.00  0.00  0.75  0.00  0.00  0  0.00
     9     -   1.00 1.00 0.75  0.75 0.00  0.00  0.00 0.00  0.00  0.00  0.00 0.00 0.00 0.75  0.00  0.75  0.00  0.00  0  0.00
    10     -   1.00 1.00 0.00  0.75 0.75  0.00  0.00 0.00  0.00  0.00  0.75 0.00 0.00 0.00  0.00  0.75  0.00  0.00  0  0.00
    11     -   1.00 1.00 0.00  0.75 0.75  0.00  0.00 0.00  0.00  0.00  0.00 0.75 0.00 0.00  0.00  0.75  0.00  0.00  0  0.00
    12     -   1.00 1.00 0.00  0.75 0.75  0.00  0.00 0.00  0.00  0.00  0.00 0.00 0.75 0.00  0.00  0.75  0.00  0.00  0  0.00
    13     -   1.00 1.00 0.00  0.75 0.75  0.00  0.00 0.00  0.00  0.00  0.00 0.00 0.00 0.75  0.00  0.75  0.00  0.00  0  0.00
    14     -   1.00 1.00 0.00  0.75 0.75  0.75  0.00 0.00  0.00  0.00  0.75 0.00 0.00 0.00  0.00  0.75  0.00  0.00  0  0.00
    15     -   1.00 1.00 0.00  0.75 0.75  0.75  0.00 0.00  0.00  0.00  0.00 0.75 0.00 0.00  0.00  0.75  0.00  0.00  0  0.00
    16     -   1.00 1.00 0.00  0.75 0.75  0.75  0.00 0.00  0.00  0.00  0.00 0.00 0.75 0.00  0.00  0.75  0.00  0.00  0  0.00
    17     -   1.00 1.00 0.00  0.75 0.75  0.75  0.00 0.00  0.00  0.00  0.00 0.00 0.00 0.75  0.00  0.75  0.00  0.00  0  0.00
    18     -   1.00 1.00 0.00  0.75 0.75  0.00  0.75 0.00  0.00  0.00  0.75 0.00 0.00 0.00  0.00  0.75  0.00  0.00  0  0.00
    19     -   1.00 1.00 0.00  0.75 0.75  0.00  0.75 0.00  0.00  0.00  0.00 0.75 0.00 0.00  0.00  0.75  0.00  0.00  0  0.00
    20     -   1.00 1.00 0.00  0.75 0.75  0.00  0.75 0.00  0.00  0.00  0.00 0.00 0.75 0.00  0.00  0.75  0.00  0.00  0  0.00
    21     -   1.00 1.00 0.00  0.75 0.75  0.00  0.75 0.00  0.00  0.00  0.00 0.00 0.00 0.75  0.00  0.75  0.00  0.00  0  0.00
    22     -   0.60 0.00 0.00  0.00 0.00  0.00  0.00 0.00  0.00  0.00  0.00 0.00 1.00 0.00  1.00  0.00  0.00  0.00  0  0.00
    23     -   0.60 0.00 0.00  0.00 0.00  0.00  0.00 0.00  0.00  0.00  0.00 0.00 0.00 1.00  1.00  0.00  0.00  0.00  0  0.00
    24     -   0.60 0.00 0.00  0.00 0.00  0.00  0.00 0.00  0.00  0.00  0.00 0.00 1.00 0.00  0.00  1.00  0.00  0.00  0  0.00
    25     -   0.60 0.00 0.00  0.00 0.00  0.00  0.00 0.00  0.00  0.00  0.00 0.00 0.00 1.00  0.00  1.00  0.00  0.00  0  0.00
    26     -   0.60 0.00 0.00  0.00 0.00  0.00  0.00 0.00  1.00  0.00  0.00 0.00 0.00 0.00  0.00  1.00  0.00  0.00  0  0.00
    27     -   0.60 0.00 0.00  0.00 0.00  0.00  0.00 0.00  0.00  1.00  0.00 0.00 0.00 0.00  0.00  1.00  0.00  0.00  0  0.00
    28     -   0.60 0.00 0.00  0.00 0.00  0.00  0.00 0.00  0.00  0.00  1.00 0.00 0.00 0.00  0.00  1.00  0.00  0.00  0  0.00
    29     -   0.60 0.00 0.00  0.00 0.00  0.00  0.00 0.00  0.00  0.00  0.00 1.00 0.00 0.00  0.00  1.00  0.00  0.00  0  0.00
    30     -   1.03 1.03 0.00  0.00 0.00  0.00  0.00 0.00  0.00  0.00  0.00 0.00 0.00 0.00  0.00  0.00  0.00  0.70  0  0.00
    31     -   1.03 1.03 0.00  0.00 0.00  0.00  0.00 0.00  0.00  0.00  0.00 0.00 0.00 0.00  0.00  0.00  0.00 -0.70  0  0.00
    32     -   1.02 1.02 0.75  0.75 0.00  0.00  0.00 0.00  0.00  0.00  0.00 0.00 0.00 0.00  0.00  0.00  0.00  0.52  0  0.00
    33     -   1.02 1.02 0.75  0.75 0.00  0.00  0.00 0.00  0.00  0.00  0.00 0.00 0.00 0.00  0.00  0.00  0.00 -0.52  0  0.00
    34     -   1.02 1.02 0.00  0.75 0.00  0.00  0.00 0.00  0.00  0.00  0.00 0.00 0.00 0.00  0.00  0.00  0.00  0.52  0  0.00
    35     -   1.02 1.02 0.00  0.75 0.00  0.00  0.00 0.00  0.00  0.00  0.00 0.00 0.00 0.00  0.00  0.00  0.00 -0.52  0  0.00
    36     -   0.57 0.00 0.00  0.00 0.00  0.00  0.00 0.00  0.00  0.00  0.00 0.00 0.00 0.00  0.00  0.00  0.00  0.70  0  0.00
    37     -   0.57 0.00 0.00  0.00 0.00  0.00  0.00 0.00  0.00  0.00  0.00 0.00 0.00 0.00  0.00  0.00  0.00 -0.70  0  0.00
    38     -   0.60 0.00 0.00  0.00 0.00  0.00  0.00 0.00  1.00  0.00  0.00 0.00 0.00 0.00  0.00  0.00  0.00  0.00  0  0.00
    39     -   0.60 0.00 0.00  0.00 0.00  0.00  0.00 0.00  0.00  1.00  0.00 0.00 0.00 0.00  0.00  0.00  0.00  0.00  0  0.00
    40     -   0.60 0.00 0.00  0.00 0.00  0.00  0.00 0.00  0.00  0.00  1.00 0.00 0.00 0.00  0.00  0.00  0.00  0.00  0  0.00
    41     -   0.60 0.00 0.00  0.00 0.00  0.00  0.00 0.00  0.00  0.00  0.00 1.00 0.00 0.00  0.00  0.00  0.00  0.00  0  0.00
    42     -   0.60 0.00 0.00  0.00 0.00  0.00  0.00 0.00  0.00  0.00  0.00 0.00 1.00 0.00  0.00  0.00  0.00  0.00 10  1.00
    43     -   0.60 0.00 0.00  0.00 0.00  0.00  0.00 0.00  0.00  0.00  0.00 0.00 1.00 0.00  0.00  0.00  0.00  0.00 11  1.00
    44     -   0.60 0.00 0.00  0.00 0.00  0.00  0.00 0.00  0.00  0.00  0.00 0.00 0.00 1.00  0.00  0.00  0.00  0.00 12  1.00
    45     -   0.60 0.00 0.00  0.00 0.00  0.00  0.00 0.00  0.00  0.00  0.00 0.00 0.00 1.00  0.00  0.00  0.00  0.00 13  1.00
    46     -   1.00 1.00 0.00  0.00 0.00  0.00  0.00 0.00  0.00  0.00  0.00 0.00 0.00 0.00  0.00  0.00  0.00  0.70  0  0.00
    47     -   1.00 1.00 0.00  0.00 0.00  0.00  0.00 0.00  0.00  0.00  0.00 0.00 0.00 0.00  0.00  0.00  0.00 -0.70  0  0.00
    48     -   1.00 1.00 0.75  0.00 0.00  0.00  0.00 0.00  0.00  0.00  0.00 0.00 0.00 0.00  0.00  0.00  0.00  0.70  0  0.00
    49     -   1.00 1.00 0.75  0.00 0.00  0.00  0.00 0.00  0.00  0.00  0.00 0.00 0.00 0.00  0.00  0.00  0.00 -0.70  0  0.00
    50     -   1.00 1.00 0.00  0.00 0.00  0.00  0.00 0.00  0.00  0.00  0.00 0.00 0.00 0.00  0.00  0.00  0.00  0.52  0  0.00
    51     -   1.00 1.00 0.00  0.00 0.00  0.00  0.00 0.00  0.00  0.00  0.00 0.00 0.00 0.00  0.00  0.00  0.00 -0.52  0  0.00
    52     -   0.60 0.00 0.00  0.00 0.00  0.00  0.00 0.00  0.00  0.00  0.00 0.00 0.00 0.00  0.00  0.00  0.00  0.70  0  0.00
    53     -   0.60 0.00 0.00  0.00 0.00  0.00  0.00 0.00  0.00  0.00  0.00 0.00 0.00 0.00  0.00  0.00  0.00 -0.70  0  0.00
    54     -   1.00 1.00 0.01  0.00 0.00  0.00  0.00 0.00  0.00  0.00  0.00 0.00 0.00 0.00  0.00  0.00  0.00  0.00  1  1.00
    55     -   1.00 1.00 0.01  0.00 0.00  0.00  0.00 0.00  0.00  0.00  0.00 0.00 0.00 0.00  0.00  0.00  0.00  0.00  2  1.00
    56     -   1.00 1.00 0.01  0.00 0.00  0.00  0.00 0.00  0.00  0.00  0.00 0.00 0.00 0.00  0.00  0.00  0.00  0.00  3  1.00
    57     -   1.00 1.00 0.01  0.00 0.00  0.00  0.00 0.00  0.00  0.00  0.00 0.00 0.00 0.00  0.00  0.00  0.00  0.00  4  1.00
    58     -   1.00 1.00 0.01  0.00 0.00  0.00  0.00 0.00  0.00  0.00  0.00 0.00 0.00 0.00  0.00  0.00  0.00  0.00  5  1.00
    59     -   1.00 1.00 0.01  0.00 0.00  0.00  0.00 0.00  0.00  0.00  0.00 0.00 0.00 0.00  0.00  0.00  0.00  0.00  6  1.00
    60     -   1.00 1.00 0.01  0.00 0.00  0.00  0.00 0.00  0.00  0.00  0.00 0.00 0.00 0.00  0.00  0.00  0.00  0.00  7  1.00
    61     -   1.00 1.00 0.01  0.00 0.00  0.00  0.00 0.00  0.00  0.00  0.00 0.00 0.00 0.00  0.00  0.00  0.00  0.00  8  1.00
    62     -   1.00 1.00 0.01  0.00 0.00  0.00  0.00 0.00  0.00  0.00  0.00 0.00 0.00 0.00  0.00  0.00  0.00  0.00  9  1.00
    63     -   1.00 1.00 0.00  0.00 0.75  0.00  0.00 0.00  0.00  0.00  0.75 0.00 0.00 0.00  0.00  0.75  0.00  0.00  0  0.00
    64     -   1.00 1.00 0.00  0.00 0.75  0.00  0.00 0.00  0.00  0.00  0.00 0.75 0.00 0.00  0.00  0.75  0.00  0.00  0  0.00
    65     -   1.00 1.00 0.00  0.00 0.75  0.75  0.00 0.00  0.00  0.00  0.75 0.00 0.00 0.00  0.00  0.75  0.00  0.00  0  0.00
    66     -   1.00 1.00 0.00  0.00 0.75  0.75  0.00 0.00  0.00  0.00  0.00 0.75 0.00 0.00  0.00  0.75  0.00  0.00  0  0.00
    67     -   1.00 1.00 0.00  0.00 0.75  0.75  0.00 0.00  0.00  0.00  0.00 0.00 0.75 0.00  0.00  0.75  0.00  0.00  0  0.00
    68     -   1.00 1.00 0.00  0.00 0.75  0.75  0.00 0.00  0.00  0.00  0.00 0.00 0.00 0.75  0.00  0.75  0.00  0.00  0  0.00
    69     -   1.00 1.00 0.00  0.00 0.75  0.00  0.75 0.00  0.00  0.00  0.75 0.00 0.00 0.00  0.00  0.75  0.00  0.00  0  0.00
    70     -   1.00 1.00 0.00  0.00 0.75  0.00  0.75 0.00  0.00  0.00  0.00 0.75 0.00 0.00  0.00  0.75  0.00  0.00  0  0.00
    71     -   1.00 1.00 0.00  0.00 0.75  0.00  0.75 0.00  0.00  0.00  0.00 0.00 0.75 0.00  0.00  0.75  0.00  0.00  0  0.00
    72     -   1.00 1.00 0.00  0.00 0.75  0.00  0.75 0.00  0.00  0.00  0.00 0.00 0.00 0.75  0.00  0.75  0.00  0.00  0  0.00

 AUXILIARY LOADS:
        Aux  Aux          No.    Add_Load
   No.  Id   Name        Load   Id   Coeff
   13    1   E1PAT_LL_1    2     1    1.00
                                 2    1.00
         2   E1PAT_LL_2    2     2    1.00
                                 3    1.00
         3   E1PAT_LL_3    2     3    1.00
                                 4    1.00
         4   E1PAT_LL_4    2     4    1.00
                                 5    1.00
         5   E1PAT_LL_5    2     5    1.00
                                 6    1.00
         6   E1PAT_LL_6    2     6    1.00
                                 7    1.00
         7   E1PAT_LL_7    2     7    1.00
                                 8    1.00
         8   E1PAT_LL_8    4     1    1.00
                                 3    1.00
                                 5    1.00
                                 7    1.00
         9   E1PAT_LL_9    4     2    1.00
                                 4    1.00
                                 6    1.00
                                 8    1.00
        10   LWIND1_L      1     9    1.00
        11   LWIND1_R      1    10    1.00
        12   LWIND2_L      1     9    1.00
        13   LWIND2_R      1    10    1.00

 ADDITIONAL LOADS:
       Add  Group  Loc  Basic  Load     Fx      Fy   Mom      X      Y   .. Conc
  No.   Id    Id    Id  Load   Type     W1      W2   Co     Dl1    Dl2   .. Dist
  35    1      -     2  U_LIVE  D    -0.15   -0.15  0.10      0   7437
        2      -     2  U_LIVE  D    -0.15   -0.15  0.10   7437  15175
        3      -     2  U_LIVE  D    -0.15   -0.15  0.10  15175  22914
        4      -     2  U_LIVE  D    -0.15   -0.15  0.10  22914  30652
        5      -     3  U_LIVE  D    -0.15   -0.15 -0.10      0   7738
        6      -     3  U_LIVE  D    -0.15   -0.15 -0.10   7738  15477
        7      -     3  U_LIVE  D    -0.15   -0.15 -0.10  15477  23215
        8      -     3  U_LIVE  D    -0.15   -0.15 -0.10  23215  30652
        9      -     2  U_WIND  D     0.06    0.06  0.00      0   5600
       10      -     3  U_WIND  D     0.06    0.06  0.00  25052  30652
       11      -     3  DEAD    I     0.00   -0.39  2.89      0   4500
       12      -     3  COLLAT  I     0.00   -0.20  1.45      0   4500
       13      -     3  LIVE    I     0.00   -2.22 16.40      0   4500
       14      -     3  WINDP   I    -0.32    3.22-24.00      0   4500
       15      -     3  WINDS   I    -0.08    0.81 -6.04      0   4500
       16      -     4  DEAD    I     0.00   -0.78  5.78      0   4500
       17      -     4  COLLAT  I     0.00   -0.39  2.89      0   4500
       18      -     4  LIVE    I     0.00   -4.44 32.80      0   4500
       19      -     4  WINDP   I    -0.64    6.43-47.99      0   4500
       20      -     4  WINDS   I    -0.16    1.62-12.09      0   4500
       21      -     5  DEAD    I     0.00   -0.78  5.78      0   4500
       22      -     5  COLLAT  I     0.00   -0.39  2.89      0   4500
       23      -     5  LIVE    I     0.00   -4.44 32.80      0   4500
       24      -     5  WINDP   I    -0.64    6.43-47.99      0   4500
       25      -     5  WINDS   I    -0.16    1.62-12.09      0   4500
       26      -     6  DEAD    I     0.00   -0.78  5.78      0   4500
       27      -     6  COLLAT  I     0.00   -0.39  2.89      0   4500
       28      -     6  LIVE    I     0.00   -4.44 32.80      0   4500
       29      -     6  WINDP   I    -0.64    6.43-47.99      0   4500
       30      -     6  WINDS   I    -0.16    1.62-12.09      0   4500
       31      -     7  DEAD    I     0.00   -0.39  2.89      0   4500
       32      -     7  COLLAT  I     0.00   -0.20  1.45      0   4500
       33      -     7  LIVE    I     0.00   -2.22 16.40      0   4500
       34      -     7  WINDP   I    -0.32    3.22-24.00      0   4500
       35      -     7  WINDS   I    -0.08    0.81 -6.04      0   4500

 STEPPED LOAD COEFFICIENTS:
       Group  Basic    Location   No.  -------------   -------------   -------------
  No.    Id   Load      Use  Id  Step  Locate   Coef   Locate   Coef   Locate   Coef
   4      -   WINDL1     R    2         17500   1.00    30652   0.58
          -   WINDR1     R    3         13152   0.58    30652   1.00
          -   WINDL2     R    2         17500   1.00    30652   0.40
          -   WINDR2     R    3         13152   0.40    30652   1.00

RIGHT ENDWALL:
--------------

 BASIC LOADS:
  Group  Dead  Coll  Live  Snow  Rain  Basic  Wind_Load_Ratio
    Id   Load  Load  Load  Load  Load   Wind  Deflect  Factor
     -   0.10  0.05  0.57  0.00  0.00   0.55   1.00     1.00

 EDGE ZONE:
                                        -----Wind_Ratio----
  Group  --Left_Zone--  --Right_Zone-   Jamb/
    Id    Width   Base   Width   Base   Girt  Panel  Column
     -     2800      0    2800      0   1.07   1.00    1.07

 BASIC LOADS AT EAVE:
  Group   Seis   Seis   Seis   ---Torsion---
    Id    Dead   Girt   Load   Wind  Seismic
     -    8.93   0.00   0.00   0.00     0.00

 WIND PRESSURE/SUCTION:
  Group   Wind   Wind
    Id   Press   Suct
     -    0.48  -0.53    .. Column                                             
     -    0.48  -0.53    .. Girt/Header                                        
     -    0.48  -0.53    .. Jamb                                               
     -    0.60  -0.65    .. Panel                                              
     -    0.99  -0.82    .. Parapet                                            
     -    0.83  -0.55    .. Transverse bracing, Facia/Parapet                  

 WIND COEFFICIENTS:
  Group   Surf   ---Wind_1--    ---Wind_2--    -Long_Wind-   Surface
    Id     Id    Left  Right    Left  Right       1      2  Friction
     -      1    0.85  -1.22    1.57  -0.50   -0.63  -0.27     0.00
     -      2   -1.23  -0.71   -0.87  -0.35   -0.87  -0.51     0.00
     -      3   -0.71  -1.23   -0.35  -0.87   -0.87  -0.51     0.00
     -      4   -1.22   0.85   -0.50   1.57   -0.63  -0.27     0.00

 COLUMN, RAFTER & BRACING LOAD COMBINATIONS:
 Load   Group            ---Live---      --Add_Snow-         Wind_1     Wind_2   Long_Wind Column_Wind  Long  Tran Aux_Load
No. Id    Id   Dead Coll Roof Floor Snow Drift Slide Rain  Left Right  LeftRight    1    2 Press  Suct  Seis  Seis Id  Coef
 72  1     -   1.00 1.00 1.00  0.00 0.00  0.00  0.00 0.00  0.00  0.00  0.00 0.00 0.00 0.00  0.00  0.00  0.00  0.00  0  0.00
     2     -   1.00 1.00 0.00  1.00 0.00  0.00  0.00 0.00  0.00  0.00  0.00 0.00 0.00 0.00  0.00  0.00  0.00  0.00  0  0.00
     3     -   1.00 1.00 0.00  0.00 1.00  0.00  0.00 0.00  0.00  0.00  0.00 0.00 0.00 0.00  0.00  0.00  0.00  0.00  0  0.00
     4     -   1.00 1.00 0.00  0.00 1.00  1.00  0.00 0.00  0.00  0.00  0.00 0.00 0.00 0.00  0.00  0.00  0.00  0.00  0  0.00
     5     -   1.00 1.00 0.00  0.00 1.00  0.00  1.00 0.00  0.00  0.00  0.00 0.00 0.00 0.00  0.00  0.00  0.00  0.00  0  0.00
     6     -   1.00 1.00 0.75  0.75 0.00  0.00  0.00 0.00  0.00  0.00  0.75 0.00 0.00 0.00  0.00  0.75  0.00  0.00  0  0.00
     7     -   1.00 1.00 0.75  0.75 0.00  0.00  0.00 0.00  0.00  0.00  0.00 0.75 0.00 0.00  0.00  0.75  0.00  0.00  0  0.00
     8     -   1.00 1.00 0.75  0.75 0.00  0.00  0.00 0.00  0.00  0.00  0.00 0.00 0.75 0.00  0.00  0.75  0.00  0.00  0  0.00
     9     -   1.00 1.00 0.75  0.75 0.00  0.00  0.00 0.00  0.00  0.00  0.00 0.00 0.00 0.75  0.00  0.75  0.00  0.00  0  0.00
    10     -   1.00 1.00 0.00  0.75 0.75  0.00  0.00 0.00  0.00  0.00  0.75 0.00 0.00 0.00  0.00  0.75  0.00  0.00  0  0.00
    11     -   1.00 1.00 0.00  0.75 0.75  0.00  0.00 0.00  0.00  0.00  0.00 0.75 0.00 0.00  0.00  0.75  0.00  0.00  0  0.00
    12     -   1.00 1.00 0.00  0.75 0.75  0.00  0.00 0.00  0.00  0.00  0.00 0.00 0.75 0.00  0.00  0.75  0.00  0.00  0  0.00
    13     -   1.00 1.00 0.00  0.75 0.75  0.00  0.00 0.00  0.00  0.00  0.00 0.00 0.00 0.75  0.00  0.75  0.00  0.00  0  0.00
    14     -   1.00 1.00 0.00  0.75 0.75  0.75  0.00 0.00  0.00  0.00  0.75 0.00 0.00 0.00  0.00  0.75  0.00  0.00  0  0.00
    15     -   1.00 1.00 0.00  0.75 0.75  0.75  0.00 0.00  0.00  0.00  0.00 0.75 0.00 0.00  0.00  0.75  0.00  0.00  0  0.00
    16     -   1.00 1.00 0.00  0.75 0.75  0.75  0.00 0.00  0.00  0.00  0.00 0.00 0.75 0.00  0.00  0.75  0.00  0.00  0  0.00
    17     -   1.00 1.00 0.00  0.75 0.75  0.75  0.00 0.00  0.00  0.00  0.00 0.00 0.00 0.75  0.00  0.75  0.00  0.00  0  0.00
    18     -   1.00 1.00 0.00  0.75 0.75  0.00  0.75 0.00  0.00  0.00  0.75 0.00 0.00 0.00  0.00  0.75  0.00  0.00  0  0.00
    19     -   1.00 1.00 0.00  0.75 0.75  0.00  0.75 0.00  0.00  0.00  0.00 0.75 0.00 0.00  0.00  0.75  0.00  0.00  0  0.00
    20     -   1.00 1.00 0.00  0.75 0.75  0.00  0.75 0.00  0.00  0.00  0.00 0.00 0.75 0.00  0.00  0.75  0.00  0.00  0  0.00
    21     -   1.00 1.00 0.00  0.75 0.75  0.00  0.75 0.00  0.00  0.00  0.00 0.00 0.00 0.75  0.00  0.75  0.00  0.00  0  0.00
    22     -   0.60 0.00 0.00  0.00 0.00  0.00  0.00 0.00  0.00  0.00  0.00 0.00 1.00 0.00  1.00  0.00  0.00  0.00  0  0.00
    23     -   0.60 0.00 0.00  0.00 0.00  0.00  0.00 0.00  0.00  0.00  0.00 0.00 0.00 1.00  1.00  0.00  0.00  0.00  0  0.00
    24     -   0.60 0.00 0.00  0.00 0.00  0.00  0.00 0.00  0.00  0.00  0.00 0.00 1.00 0.00  0.00  1.00  0.00  0.00  0  0.00
    25     -   0.60 0.00 0.00  0.00 0.00  0.00  0.00 0.00  0.00  0.00  0.00 0.00 0.00 1.00  0.00  1.00  0.00  0.00  0  0.00
    26     -   0.60 0.00 0.00  0.00 0.00  0.00  0.00 0.00  1.00  0.00  0.00 0.00 0.00 0.00  0.00  1.00  0.00  0.00  0  0.00
    27     -   0.60 0.00 0.00  0.00 0.00  0.00  0.00 0.00  0.00  1.00  0.00 0.00 0.00 0.00  0.00  1.00  0.00  0.00  0  0.00
    28     -   0.60 0.00 0.00  0.00 0.00  0.00  0.00 0.00  0.00  0.00  1.00 0.00 0.00 0.00  0.00  1.00  0.00  0.00  0  0.00
    29     -   0.60 0.00 0.00  0.00 0.00  0.00  0.00 0.00  0.00  0.00  0.00 1.00 0.00 0.00  0.00  1.00  0.00  0.00  0  0.00
    30     -   1.03 1.03 0.00  0.00 0.00  0.00  0.00 0.00  0.00  0.00  0.00 0.00 0.00 0.00  0.00  0.00  0.00  0.70  0  0.00
    31     -   1.03 1.03 0.00  0.00 0.00  0.00  0.00 0.00  0.00  0.00  0.00 0.00 0.00 0.00  0.00  0.00  0.00 -0.70  0  0.00
    32     -   1.02 1.02 0.75  0.75 0.00  0.00  0.00 0.00  0.00  0.00  0.00 0.00 0.00 0.00  0.00  0.00  0.00  0.52  0  0.00
    33     -   1.02 1.02 0.75  0.75 0.00  0.00  0.00 0.00  0.00  0.00  0.00 0.00 0.00 0.00  0.00  0.00  0.00 -0.52  0  0.00
    34     -   1.02 1.02 0.00  0.75 0.00  0.00  0.00 0.00  0.00  0.00  0.00 0.00 0.00 0.00  0.00  0.00  0.00  0.52  0  0.00
    35     -   1.02 1.02 0.00  0.75 0.00  0.00  0.00 0.00  0.00  0.00  0.00 0.00 0.00 0.00  0.00  0.00  0.00 -0.52  0  0.00
    36     -   0.57 0.00 0.00  0.00 0.00  0.00  0.00 0.00  0.00  0.00  0.00 0.00 0.00 0.00  0.00  0.00  0.00  0.70  0  0.00
    37     -   0.57 0.00 0.00  0.00 0.00  0.00  0.00 0.00  0.00  0.00  0.00 0.00 0.00 0.00  0.00  0.00  0.00 -0.70  0  0.00
    38     -   0.60 0.00 0.00  0.00 0.00  0.00  0.00 0.00  1.00  0.00  0.00 0.00 0.00 0.00  0.00  0.00  0.00  0.00  0  0.00
    39     -   0.60 0.00 0.00  0.00 0.00  0.00  0.00 0.00  0.00  1.00  0.00 0.00 0.00 0.00  0.00  0.00  0.00  0.00  0  0.00
    40     -   0.60 0.00 0.00  0.00 0.00  0.00  0.00 0.00  0.00  0.00  1.00 0.00 0.00 0.00  0.00  0.00  0.00  0.00  0  0.00
    41     -   0.60 0.00 0.00  0.00 0.00  0.00  0.00 0.00  0.00  0.00  0.00 1.00 0.00 0.00  0.00  0.00  0.00  0.00  0  0.00
    42     -   0.60 0.00 0.00  0.00 0.00  0.00  0.00 0.00  0.00  0.00  0.00 0.00 1.00 0.00  0.00  0.00  0.00  0.00 10  1.00
    43     -   0.60 0.00 0.00  0.00 0.00  0.00  0.00 0.00  0.00  0.00  0.00 0.00 1.00 0.00  0.00  0.00  0.00  0.00 11  1.00
    44     -   0.60 0.00 0.00  0.00 0.00  0.00  0.00 0.00  0.00  0.00  0.00 0.00 0.00 1.00  0.00  0.00  0.00  0.00 12  1.00
    45     -   0.60 0.00 0.00  0.00 0.00  0.00  0.00 0.00  0.00  0.00  0.00 0.00 0.00 1.00  0.00  0.00  0.00  0.00 13  1.00
    46     -   1.00 1.00 0.00  0.00 0.00  0.00  0.00 0.00  0.00  0.00  0.00 0.00 0.00 0.00  0.00  0.00  0.00  0.70  0  0.00
    47     -   1.00 1.00 0.00  0.00 0.00  0.00  0.00 0.00  0.00  0.00  0.00 0.00 0.00 0.00  0.00  0.00  0.00 -0.70  0  0.00
    48     -   1.00 1.00 0.75  0.00 0.00  0.00  0.00 0.00  0.00  0.00  0.00 0.00 0.00 0.00  0.00  0.00  0.00  0.70  0  0.00
    49     -   1.00 1.00 0.75  0.00 0.00  0.00  0.00 0.00  0.00  0.00  0.00 0.00 0.00 0.00  0.00  0.00  0.00 -0.70  0  0.00
    50     -   1.00 1.00 0.00  0.00 0.00  0.00  0.00 0.00  0.00  0.00  0.00 0.00 0.00 0.00  0.00  0.00  0.00  0.52  0  0.00
    51     -   1.00 1.00 0.00  0.00 0.00  0.00  0.00 0.00  0.00  0.00  0.00 0.00 0.00 0.00  0.00  0.00  0.00 -0.52  0  0.00
    52     -   0.60 0.00 0.00  0.00 0.00  0.00  0.00 0.00  0.00  0.00  0.00 0.00 0.00 0.00  0.00  0.00  0.00  0.70  0  0.00
    53     -   0.60 0.00 0.00  0.00 0.00  0.00  0.00 0.00  0.00  0.00  0.00 0.00 0.00 0.00  0.00  0.00  0.00 -0.70  0  0.00
    54     -   1.00 1.00 0.01  0.00 0.00  0.00  0.00 0.00  0.00  0.00  0.00 0.00 0.00 0.00  0.00  0.00  0.00  0.00  1  1.00
    55     -   1.00 1.00 0.01  0.00 0.00  0.00  0.00 0.00  0.00  0.00  0.00 0.00 0.00 0.00  0.00  0.00  0.00  0.00  2  1.00
    56     -   1.00 1.00 0.01  0.00 0.00  0.00  0.00 0.00  0.00  0.00  0.00 0.00 0.00 0.00  0.00  0.00  0.00  0.00  3  1.00
    57     -   1.00 1.00 0.01  0.00 0.00  0.00  0.00 0.00  0.00  0.00  0.00 0.00 0.00 0.00  0.00  0.00  0.00  0.00  4  1.00
    58     -   1.00 1.00 0.01  0.00 0.00  0.00  0.00 0.00  0.00  0.00  0.00 0.00 0.00 0.00  0.00  0.00  0.00  0.00  5  1.00
    59     -   1.00 1.00 0.01  0.00 0.00  0.00  0.00 0.00  0.00  0.00  0.00 0.00 0.00 0.00  0.00  0.00  0.00  0.00  6  1.00
    60     -   1.00 1.00 0.01  0.00 0.00  0.00  0.00 0.00  0.00  0.00  0.00 0.00 0.00 0.00  0.00  0.00  0.00  0.00  7  1.00
    61     -   1.00 1.00 0.01  0.00 0.00  0.00  0.00 0.00  0.00  0.00  0.00 0.00 0.00 0.00  0.00  0.00  0.00  0.00  8  1.00
    62     -   1.00 1.00 0.01  0.00 0.00  0.00  0.00 0.00  0.00  0.00  0.00 0.00 0.00 0.00  0.00  0.00  0.00  0.00  9  1.00
    63     -   1.00 1.00 0.00  0.00 0.75  0.00  0.00 0.00  0.00  0.00  0.75 0.00 0.00 0.00  0.00  0.75  0.00  0.00  0  0.00
    64     -   1.00 1.00 0.00  0.00 0.75  0.00  0.00 0.00  0.00  0.00  0.00 0.75 0.00 0.00  0.00  0.75  0.00  0.00  0  0.00
    65     -   1.00 1.00 0.00  0.00 0.75  0.75  0.00 0.00  0.00  0.00  0.75 0.00 0.00 0.00  0.00  0.75  0.00  0.00  0  0.00
    66     -   1.00 1.00 0.00  0.00 0.75  0.75  0.00 0.00  0.00  0.00  0.00 0.75 0.00 0.00  0.00  0.75  0.00  0.00  0  0.00
    67     -   1.00 1.00 0.00  0.00 0.75  0.75  0.00 0.00  0.00  0.00  0.00 0.00 0.75 0.00  0.00  0.75  0.00  0.00  0  0.00
    68     -   1.00 1.00 0.00  0.00 0.75  0.75  0.00 0.00  0.00  0.00  0.00 0.00 0.00 0.75  0.00  0.75  0.00  0.00  0  0.00
    69     -   1.00 1.00 0.00  0.00 0.75  0.00  0.75 0.00  0.00  0.00  0.75 0.00 0.00 0.00  0.00  0.75  0.00  0.00  0  0.00
    70     -   1.00 1.00 0.00  0.00 0.75  0.00  0.75 0.00  0.00  0.00  0.00 0.75 0.00 0.00  0.00  0.75  0.00  0.00  0  0.00
    71     -   1.00 1.00 0.00  0.00 0.75  0.00  0.75 0.00  0.00  0.00  0.00 0.00 0.75 0.00  0.00  0.75  0.00  0.00  0  0.00
    72     -   1.00 1.00 0.00  0.00 0.75  0.00  0.75 0.00  0.00  0.00  0.00 0.00 0.00 0.75  0.00  0.75  0.00  0.00  0  0.00

 AUXILIARY LOADS:
        Aux  Aux          No.    Add_Load
   No.  Id   Name        Load   Id   Coeff
   13    1   E2PAT_LL_1    2     1    1.00
                                 2    1.00
         2   E2PAT_LL_2    2     2    1.00
                                 3    1.00
         3   E2PAT_LL_3    2     3    1.00
                                 4    1.00
         4   E2PAT_LL_4    2     4    1.00
                                 5    1.00
         5   E2PAT_LL_5    2     5    1.00
                                 6    1.00
         6   E2PAT_LL_6    2     6    1.00
                                 7    1.00
         7   E2PAT_LL_7    2     7    1.00
                                 8    1.00
         8   E2PAT_LL_8    4     1    1.00
                                 3    1.00
                                 5    1.00
                                 7    1.00
         9   E2PAT_LL_9    4     2    1.00
                                 4    1.00
                                 6    1.00
                                 8    1.00
        10   LWIND1_L      1     9    1.00
        11   LWIND1_R      1    10    1.00
        12   LWIND2_L      1     9    1.00
        13   LWIND2_R      1    10    1.00

 ADDITIONAL LOADS:
       Add  Group  Loc  Basic  Load     Fx      Fy   Mom      X      Y   .. Conc
  No.   Id    Id    Id  Load   Type     W1      W2   Co     Dl1    Dl2   .. Dist
  35    1      -     2  U_LIVE  D    -0.15   -0.15  0.10      0   7437
        2      -     2  U_LIVE  D    -0.15   -0.15  0.10   7437  15175
        3      -     2  U_LIVE  D    -0.15   -0.15  0.10  15175  22914
        4      -     2  U_LIVE  D    -0.15   -0.15  0.10  22914  30652
        5      -     3  U_LIVE  D    -0.15   -0.15 -0.10      0   7738
        6      -     3  U_LIVE  D    -0.15   -0.15 -0.10   7738  15477
        7      -     3  U_LIVE  D    -0.15   -0.15 -0.10  15477  23215
        8      -     3  U_LIVE  D    -0.15   -0.15 -0.10  23215  30652
        9      -     2  U_WIND  D     0.06    0.06  0.00      0   5600
       10      -     3  U_WIND  D     0.06    0.06  0.00  25052  30652
       11      -     3  DEAD    I     0.00   -0.39  2.89      0   4500
       12      -     3  COLLAT  I     0.00   -0.20  1.45      0   4500
       13      -     3  LIVE    I     0.00   -2.22 16.40      0   4500
       14      -     3  WINDP   I    -0.32    3.22-24.00      0   4500
       15      -     3  WINDS   I    -0.08    0.81 -6.04      0   4500
       16      -     4  DEAD    I     0.00   -0.78  5.78      0   4500
       17      -     4  COLLAT  I     0.00   -0.39  2.89      0   4500
       18      -     4  LIVE    I     0.00   -4.44 32.80      0   4500
       19      -     4  WINDP   I    -0.64    6.43-47.99      0   4500
       20      -     4  WINDS   I    -0.16    1.62-12.09      0   4500
       21      -     5  DEAD    I     0.00   -0.78  5.78      0   4500
       22      -     5  COLLAT  I     0.00   -0.39  2.89      0   4500
       23      -     5  LIVE    I     0.00   -4.44 32.80      0   4500
       24      -     5  WINDP   I    -0.64    6.43-47.99      0   4500
       25      -     5  WINDS   I    -0.16    1.62-12.09      0   4500
       26      -     6  DEAD    I     0.00   -0.78  5.78      0   4500
       27      -     6  COLLAT  I     0.00   -0.39  2.89      0   4500
       28      -     6  LIVE    I     0.00   -4.44 32.80      0   4500
       29      -     6  WINDP   I    -0.64    6.43-47.99      0   4500
       30      -     6  WINDS   I    -0.16    1.62-12.09      0   4500
       31      -     7  DEAD    I     0.00   -0.39  2.89      0   4500
       32      -     7  COLLAT  I     0.00   -0.20  1.45      0   4500
       33      -     7  LIVE    I     0.00   -2.22 16.40      0   4500
       34      -     7  WINDP   I    -0.32    3.22-24.00      0   4500
       35      -     7  WINDS   I    -0.08    0.81 -6.04      0   4500

 STEPPED LOAD COEFFICIENTS:
       Group  Basic    Location   No.  -------------   -------------   -------------
  No.    Id   Load      Use  Id  Step  Locate   Coef   Locate   Coef   Locate   Coef
   4      -   WINDL1     R    2         17500   1.00    30652   0.58
          -   WINDR1     R    3         13152   0.58    30652   1.00
          -   WINDL2     R    2         17500   1.00    30652   0.40
          -   WINDR2     R    3         13152   0.40    30652   1.00

ROOFDES:
--------

 BASIC LOADS:
  Group  Dead  Coll  Live  Snow  Rain  Basic  Wind_Load_Ratio  Surface   Seis    %
    Id   Load  Load  Load  Load  Load   Wind  Deflect  Factor Friction  Factor Snow
     -   0.10  0.05  0.57  0.00  0.00   0.55    1.00    0.00     0.00   1.000  0.00

 WIND PRESSURE/SUCTION:
  Group    Wind   Wind    Wind
    Id    Press   Suct   Suct_Roof
     -     0.48  -0.60              .. Purlins
     -     0.48  -0.65              .. Panels
     -     0.26  -0.19   -0.38      .. Long Bracing, Building
     -     0.39  -0.28              .. Long Bracing, Wall Edge Zone
     -     0.83  -0.55    0.44      .. Long Bracing, Facia/Parapet

 EDGE & CORNER ZONE WIND: 
  Group Wind Surf  No. Zone                 --Purlin---  ---Panel---
    Id   Id   Id  Zone  Id   Width  Length  Press  Suct  Press  Suct
     -    1    2    6    1       0       0   1.00  1.00   1.00  1.00
                         3       0    2800   1.00  1.18   1.00  1.68
                         4    2800       0   1.00  1.18   1.00  1.68
                         5       0    2800   1.00  1.18   1.00  1.68
                         7    2800    2800   1.00  1.18   1.00  2.53
                         8    2800    2800   1.00  1.18   1.00  2.53
               3    6    1       0       0   1.00  1.00   1.00  1.00
                         3       0    2800   1.00  1.18   1.00  1.68
                         5       0    2800   1.00  1.18   1.00  1.68
                         6    2800       0   1.00  1.18   1.00  1.68
                         9    2800    2800   1.00  1.18   1.00  2.53
                        10    2800    2800   1.00  1.18   1.00  2.53

 EDGE & CORNER ZONE WIND: LONGITUDINAL
  Group Wind Surf  No. Zone                 Purlin
    Id   Id   Id  Zone  Id   Width  Length   Suct
     -    1    2    1    1       0       0   1.00
               3    1    1       0       0   1.00
          2    2    1    1       0       0   1.00
               3    1    1       0       0   1.00

 EXTENSION EDGE ZONE WIND:
   Ext  Zone          ---Purlin--  ---Panel---
    Id   Id   Length  Press  Suct  Press  Suct
     1    1    30800   1.00  1.00   1.00  1.00
     2    1    30800   1.00  1.00   1.00  1.00

 PURLIN LOAD COMBINATIONS:
   Surf  --Load-  Group                   --Add_Snow-      Wind   Wind        Aux_Load
    Id   No.  Id    Id   Dead  Coll  Live Snow Drift Slide Rain  Press  Suct  Id  Coef
     2    16   1     -   1.00  1.00  1.00 0.00  0.00  0.00 0.00   0.00   0.00  0  0.00
               2     -   1.00  1.00  0.00 1.00  0.00  0.00 0.00   0.00   0.00  0  0.00
               3     -   1.00  1.00  0.00 1.00  1.00  0.00 0.00   0.00   0.00  0  0.00
               4     -   1.00  1.00  0.00 1.00  0.00  1.00 0.00   0.00   0.00  0  0.00
               5     -   1.00  1.00  0.75 0.00  0.00  0.00 0.00   0.75   0.00  0  0.00
               6     -   1.00  1.00  0.00 0.75  0.00  0.00 0.00   0.75   0.00  0  0.00
               7     -   1.00  1.00  0.00 0.75  0.75  0.00 0.00   0.75   0.00  0  0.00
               8     -   1.00  1.00  0.00 0.75  0.00  0.75 0.00   0.75   0.00  0  0.00
               9     -   0.60  0.00  0.00 0.00  0.00  0.00 0.00   0.00   1.00  0  0.00
              10     -   1.00  1.00  0.01 0.00  0.00  0.00 0.00   0.00   0.00  1  2.00
              11     -   1.00  1.00  0.01 0.00  0.00  0.00 0.00   0.00   0.00  2  2.00
              12     -   1.00  1.00  0.01 0.00  0.00  0.00 0.00   0.00   0.00  3  2.00
              13     -   1.00  1.00  0.01 0.00  0.00  0.00 0.00   0.00   0.00  4  2.00
              14     -   1.00  1.00  0.01 0.00  0.00  0.00 0.00   0.00   0.00  5  2.00
              15     -   1.00  1.00  0.01 0.00  0.00  0.00 0.00   0.00   0.00  6  2.00
              16     -   1.00  1.00  0.01 0.00  0.00  0.00 0.00   0.00   0.00  7  2.00
     3    16   1     -   1.00  1.00  1.00 0.00  0.00  0.00 0.00   0.00   0.00  0  0.00
               2     -   1.00  1.00  0.00 1.00  0.00  0.00 0.00   0.00   0.00  0  0.00
               3     -   1.00  1.00  0.00 1.00  1.00  0.00 0.00   0.00   0.00  0  0.00
               4     -   1.00  1.00  0.00 1.00  0.00  1.00 0.00   0.00   0.00  0  0.00
               5     -   1.00  1.00  0.75 0.00  0.00  0.00 0.00   0.75   0.00  0  0.00
               6     -   1.00  1.00  0.00 0.75  0.00  0.00 0.00   0.75   0.00  0  0.00
               7     -   1.00  1.00  0.00 0.75  0.75  0.00 0.00   0.75   0.00  0  0.00
               8     -   1.00  1.00  0.00 0.75  0.00  0.75 0.00   0.75   0.00  0  0.00
               9     -   0.60  0.00  0.00 0.00  0.00  0.00 0.00   0.00   1.00  0  0.00
              10     -   1.00  1.00  0.01 0.00  0.00  0.00 0.00   0.00   0.00  1  2.00
              11     -   1.00  1.00  0.01 0.00  0.00  0.00 0.00   0.00   0.00  2  2.00
              12     -   1.00  1.00  0.01 0.00  0.00  0.00 0.00   0.00   0.00  3  2.00
              13     -   1.00  1.00  0.01 0.00  0.00  0.00 0.00   0.00   0.00  4  2.00
              14     -   1.00  1.00  0.01 0.00  0.00  0.00 0.00   0.00   0.00  5  2.00
              15     -   1.00  1.00  0.01 0.00  0.00  0.00 0.00   0.00   0.00  6  2.00
              16     -   1.00  1.00  0.01 0.00  0.00  0.00 0.00   0.00   0.00  7  2.00

 BRACING LOAD COMBINATIONS:
   --Load-  Group                        --Add_Snow-        Wind  Wind  Seis  Aux_Load
   No.  Id    Id   Dead  Coll  Live Snow Drift Slide Rain  Press  Suct  Load  Id  Coef
    11   1     -   1.00  1.00  0.00 1.00  0.00  0.00 0.00   0.00  1.00  0.00   0  0.00
         2     -   1.00  1.00  0.00 1.00  0.00  0.00 0.00   0.00  0.00  0.00   0  0.00
         3     -   1.00  1.00  0.00 1.00  1.00  0.00 0.00   0.00  1.00  0.00   0  0.00
         4     -   1.00  1.00  0.00 1.00  1.00  0.00 0.00   0.00  0.00  0.00   0  0.00
         5     -   1.00  1.00  0.00 1.00  0.00  1.00 0.00   0.00  1.00  0.00   0  0.00
         6     -   1.00  1.00  0.00 1.00  0.00  1.00 0.00   0.00  0.00  0.00   0  0.00
         7     -   1.00  1.00  0.00 0.00  0.00  0.00 0.00   0.00  0.00  0.70   0  0.00
         8     -   1.03  1.03  0.00 0.00  0.00  0.00 0.00   0.00  0.00  0.70   0  0.00
         9     -   1.02  1.02  0.75 0.00  0.00  0.00 0.00   0.00  0.00  0.52   0  0.00
        10     -   1.02  1.02  0.00 0.00  0.00  0.00 0.00   0.00  0.00  0.52   0  0.00
        11     -   0.57  0.00  0.00 0.00  0.00  0.00 0.00   0.00  0.00  0.70   0  0.00

 AUXILIARY LOADS:
       Aux   Aux            No.     Add_Load
  No.  Id    Name          Load    Id    Coef
   7    1    PAT_LL_1        2      1    0.50
                                    2    0.50
        2    PAT_LL_2        2      2    0.50
                                    3    0.50
        3    PAT_LL_3        2      3    0.50
                                    4    0.50
        4    PAT_LL_4        2      4    0.50
                                    5    0.50
        5    PAT_LL_5        2      5    0.50
                                    6    0.50
        6    PAT_LL_6        3      1    0.50
                                    3    0.50
                                    5    0.50
        7    PAT_LL_7        3      2    0.50
                                    4    0.50
                                    6    0.50

 ADDITIONAL LOADS:
       Add  Group  Surf  Basic  Load     Fy             Dx            .. Conc
  No.   Id    Id    Id   Load   Type     W1      W2     Dx1    Dx2    .. Dist
   6     1     -     0   U_LIVE  D     -11.9   -11.9      0   7350
         2     -     0   U_LIVE  D     -11.9   -11.9   7350  15050
         3     -     0   U_LIVE  D     -11.9   -11.9  15050  22750
         4     -     0   U_LIVE  D     -11.9   -11.9  22750  30450
         5     -     0   U_LIVE  D     -11.9   -11.9  30450  38150
         6     -     0   U_LIVE  D     -11.9   -11.9  38150  45500

RIGID FRAME - 1:
---------------
 BASIC LOADS:
  Group                                Basic   Defl  Temperature
    Id   Dead  Coll  Live  Snow  Rain   Wind  Ratio     Change
     -   0.10  0.05  0.57  0.00  0.00   0.55   1.00         20

 BASIC LOADS AT EAVE:
  Group  Seismic  --Torsion--   --EW_Brace-
    Id     Load   Wind   Seis   Wind   Seis
     -     3.53   0.00   0.00   0.00   0.00

 WIND COEFFICIENTS:
  Group Surf  ---Wind_1--   ---Wind_2--   ---Wind_3--   ---Wind_4--     Long_Wind  Surface
    Id   Id   Left  Right   Left  Right   Left  Right   Left  Right      1      2  Friction
     -    1   0.61  -0.86   1.11  -0.36   0.00   0.00   0.00   0.00  -0.63  -0.27    0.00
     -    2  -1.25  -0.72  -0.89  -0.36   0.00   0.00   0.00   0.00  -0.87  -0.51    0.00
     -    3  -0.72  -1.25  -0.36  -0.89   0.00   0.00   0.00   0.00  -0.87  -0.51    0.00
     -    4  -0.86   0.61  -0.36   1.11   0.00   0.00   0.00   0.00  -0.63  -0.27    0.00

 LOAD COMBINATIONS:
           ------------------------------------------------------------Load_Coefficients-----------------------------------------------------
           Group             ---Live---        -Add_Snow-        --Wind_1-- --Wind_2--   --Wind_3--  --Wind_4--   Long_Wind  --Seismic-         Aux_Load
 No.   Id    Id   Dead Coll  Roof Floor  Snow Drift Slide  Rain    Lt    Rt    Lt    Rt    Lt    Rt    Lt    Rt     1     2  Long  Tran  Temp  Id  Coeff
 118    1     -   1.00 1.00  1.00  0.00  0.00  0.00  0.00  0.00  0.00  0.00  0.00  0.00  0.00  0.00  0.00  0.00  0.00  0.00  0.00  0.00  0.00   0   0.00
        2     -   1.00 1.00  1.00  0.00  0.00  0.00  0.00  0.00  0.00  0.00  0.00  0.00  0.00  0.00  0.00  0.00  0.00  0.00  0.00  0.00  0.00   0   0.00
        3     -   1.00 1.00  0.00  1.00  0.00  0.00  0.00  0.00  0.00  0.00  0.00  0.00  0.00  0.00  0.00  0.00  0.00  0.00  0.00  0.00  0.00   0   0.00
        4     -   1.00 1.00  0.00  1.00  0.00  0.00  0.00  0.00  0.00  0.00  0.00  0.00  0.00  0.00  0.00  0.00  0.00  0.00  0.00  0.00  0.00   0   0.00
        5     -   1.00 1.00  0.00  0.00  1.00  0.00  0.00  0.00  0.00  0.00  0.00  0.00  0.00  0.00  0.00  0.00  0.00  0.00  0.00  0.00  0.00   0   0.00
        6     -   1.00 1.00  0.00  0.00  1.00  0.00  0.00  0.00  0.00  0.00  0.00  0.00  0.00  0.00  0.00  0.00  0.00  0.00  0.00  0.00  0.00   0   0.00
        7     -   1.00 1.00  0.00  0.00  1.00  1.00  0.00  0.00  0.00  0.00  0.00  0.00  0.00  0.00  0.00  0.00  0.00  0.00  0.00  0.00  0.00   0   0.00
        8     -   1.00 1.00  0.00  0.00  1.00  1.00  0.00  0.00  0.00  0.00  0.00  0.00  0.00  0.00  0.00  0.00  0.00  0.00  0.00  0.00  0.00   0   0.00
        9     -   1.00 1.00  0.00  0.00  1.00  0.00  1.00  0.00  0.00  0.00  0.00  0.00  0.00  0.00  0.00  0.00  0.00  0.00  0.00  0.00  0.00   0   0.00
       10     -   1.00 1.00  0.00  0.00  1.00  0.00  1.00  0.00  0.00  0.00  0.00  0.00  0.00  0.00  0.00  0.00  0.00  0.00  0.00  0.00  0.00   0   0.00
       11     -   1.00 0.00  0.00  0.00  0.00  0.00  0.00  0.00  0.00  0.00  0.00  0.00  0.00  0.00  0.00  0.00  0.00  0.00  0.00  0.00  0.00   0   0.00
       12     -   1.00 0.00  0.00  0.00  0.00  0.00  0.00  0.00  0.00  0.00  0.00  0.00  0.00  0.00  0.00  0.00  0.00  0.00  0.00  0.00  0.00   0   0.00
       13     -   1.00 1.00  0.00  0.75  0.75  0.00  0.00  0.00  0.00  0.00  0.00  0.00  0.00  0.00  0.00  0.00  0.00  0.00  0.00  0.00  0.00   0   0.00
       14     -   1.00 1.00  0.00  0.75  0.75  0.00  0.00  0.00  0.00  0.00  0.00  0.00  0.00  0.00  0.00  0.00  0.00  0.00  0.00  0.00  0.00   0   0.00
       15     -   1.00 1.00  0.00  0.75  0.75  0.75  0.00  0.00  0.00  0.00  0.00  0.00  0.00  0.00  0.00  0.00  0.00  0.00  0.00  0.00  0.00   0   0.00
       16     -   1.00 1.00  0.00  0.75  0.75  0.75  0.00  0.00  0.00  0.00  0.00  0.00  0.00  0.00  0.00  0.00  0.00  0.00  0.00  0.00  0.00   0   0.00
       17     -   1.00 1.00  0.00  0.75  0.75  0.00  0.75  0.00  0.00  0.00  0.00  0.00  0.00  0.00  0.00  0.00  0.00  0.00  0.00  0.00  0.00   0   0.00
       18     -   1.00 1.00  0.00  0.75  0.75  0.00  0.75  0.00  0.00  0.00  0.00  0.00  0.00  0.00  0.00  0.00  0.00  0.00  0.00  0.00  0.00   0   0.00
       19     -   1.00 1.00  0.75  0.75  0.00  0.00  0.00  0.00  0.75  0.00  0.00  0.00  0.00  0.00  0.00  0.00  0.00  0.00  0.00  0.00  0.00   0   0.00
       20     -   1.00 1.00  0.75  0.75  0.00  0.00  0.00  0.00  0.00  0.75  0.00  0.00  0.00  0.00  0.00  0.00  0.00  0.00  0.00  0.00  0.00   0   0.00
       21     -   1.00 1.00  0.75  0.75  0.00  0.00  0.00  0.00  0.00  0.00  0.75  0.00  0.00  0.00  0.00  0.00  0.00  0.00  0.00  0.00  0.00   0   0.00
       22     -   1.00 1.00  0.75  0.75  0.00  0.00  0.00  0.00  0.00  0.00  0.00  0.75  0.00  0.00  0.00  0.00  0.00  0.00  0.00  0.00  0.00   0   0.00
       23     -   1.00 1.00  0.75  0.75  0.00  0.00  0.00  0.00  0.00  0.00  0.00  0.00  0.00  0.00  0.00  0.00  0.75  0.00  0.00  0.00  0.00   1   0.75
       24     -   1.00 1.00  0.75  0.75  0.00  0.00  0.00  0.00  0.00  0.00  0.00  0.00  0.00  0.00  0.00  0.00  0.75  0.00  0.00  0.00  0.00   2   0.75
       25     -   1.00 1.00  0.75  0.75  0.00  0.00  0.00  0.00  0.00  0.00  0.00  0.00  0.00  0.00  0.00  0.00 -0.75  0.00  0.00  0.00  0.00   1   0.75
       26     -   1.00 1.00  0.75  0.75  0.00  0.00  0.00  0.00  0.00  0.00  0.00  0.00  0.00  0.00  0.00  0.00 -0.75  0.00  0.00  0.00  0.00   2   0.75
       27     -   1.00 1.00  0.75  0.75  0.00  0.00  0.00  0.00  0.00  0.00  0.00  0.00  0.00  0.00  0.00  0.00  0.00  0.75  0.00  0.00  0.00   3   0.75
       28     -   1.00 1.00  0.75  0.75  0.00  0.00  0.00  0.00  0.00  0.00  0.00  0.00  0.00  0.00  0.00  0.00  0.00  0.75  0.00  0.00  0.00   4   0.75
       29     -   1.00 1.00  0.75  0.75  0.00  0.00  0.00  0.00  0.00  0.00  0.00  0.00  0.00  0.00  0.00  0.00  0.00 -0.75  0.00  0.00  0.00   3   0.75
       30     -   1.00 1.00  0.75  0.75  0.00  0.00  0.00  0.00  0.00  0.00  0.00  0.00  0.00  0.00  0.00  0.00  0.00 -0.75  0.00  0.00  0.00   4   0.75
       31     -   1.00 1.00  0.00  0.75  0.75  0.00  0.00  0.00  0.75  0.00  0.00  0.00  0.00  0.00  0.00  0.00  0.00  0.00  0.00  0.00  0.00   0   0.00
       32     -   1.00 1.00  0.00  0.75  0.75  0.75  0.00  0.00  0.75  0.00  0.00  0.00  0.00  0.00  0.00  0.00  0.00  0.00  0.00  0.00  0.00   0   0.00
       33     -   1.00 1.00  0.00  0.75  0.75  0.00  0.75  0.00  0.75  0.00  0.00  0.00  0.00  0.00  0.00  0.00  0.00  0.00  0.00  0.00  0.00   0   0.00
       34     -   1.00 1.00  0.00  0.75  0.75  0.00  0.00  0.00  0.00  0.75  0.00  0.00  0.00  0.00  0.00  0.00  0.00  0.00  0.00  0.00  0.00   0   0.00
       35     -   1.00 1.00  0.00  0.75  0.75  0.75  0.00  0.00  0.00  0.75  0.00  0.00  0.00  0.00  0.00  0.00  0.00  0.00  0.00  0.00  0.00   0   0.00
       36     -   1.00 1.00  0.00  0.75  0.75  0.00  0.75  0.00  0.00  0.75  0.00  0.00  0.00  0.00  0.00  0.00  0.00  0.00  0.00  0.00  0.00   0   0.00
       37     -   1.00 1.00  0.00  0.75  0.75  0.00  0.00  0.00  0.00  0.00  0.75  0.00  0.00  0.00  0.00  0.00  0.00  0.00  0.00  0.00  0.00   0   0.00
       38     -   1.00 1.00  0.00  0.75  0.75  0.75  0.00  0.00  0.00  0.00  0.75  0.00  0.00  0.00  0.00  0.00  0.00  0.00  0.00  0.00  0.00   0   0.00
       39     -   1.00 1.00  0.00  0.75  0.75  0.00  0.75  0.00  0.00  0.00  0.75  0.00  0.00  0.00  0.00  0.00  0.00  0.00  0.00  0.00  0.00   0   0.00
       40     -   1.00 1.00  0.00  0.75  0.75  0.00  0.00  0.00  0.00  0.00  0.00  0.75  0.00  0.00  0.00  0.00  0.00  0.00  0.00  0.00  0.00   0   0.00
       41     -   1.00 1.00  0.00  0.75  0.75  0.75  0.00  0.00  0.00  0.00  0.00  0.75  0.00  0.00  0.00  0.00  0.00  0.00  0.00  0.00  0.00   0   0.00
       42     -   1.00 1.00  0.00  0.75  0.75  0.00  0.75  0.00  0.00  0.00  0.00  0.75  0.00  0.00  0.00  0.00  0.00  0.00  0.00  0.00  0.00   0   0.00
       43     -   1.00 1.00  0.00  0.75  0.75  0.00  0.00  0.00  0.00  0.00  0.00  0.00  0.00  0.00  0.00  0.00  0.45  0.00  0.00  0.00  0.00   1   0.45
       44     -   1.00 1.00  0.00  0.75  0.75  0.00  0.00  0.00  0.00  0.00  0.00  0.00  0.00  0.00  0.00  0.00  0.45  0.00  0.00  0.00  0.00   2   0.45
       45     -   1.00 1.00  0.00  0.75  0.75  0.00  0.00  0.00  0.00  0.00  0.00  0.00  0.00  0.00  0.00  0.00 -0.45  0.00  0.00  0.00  0.00   1   0.45
       46     -   1.00 1.00  0.00  0.75  0.75  0.00  0.00  0.00  0.00  0.00  0.00  0.00  0.00  0.00  0.00  0.00 -0.45  0.00  0.00  0.00  0.00   2   0.45
       47     -   1.00 1.00  0.00  0.75  0.75  0.75  0.00  0.00  0.00  0.00  0.00  0.00  0.00  0.00  0.00  0.00  0.45  0.00  0.00  0.00  0.00   1   0.45
       48     -   1.00 1.00  0.00  0.75  0.75  0.75  0.00  0.00  0.00  0.00  0.00  0.00  0.00  0.00  0.00  0.00  0.45  0.00  0.00  0.00  0.00   2   0.45
       49     -   1.00 1.00  0.00  0.75  0.75  0.75  0.00  0.00  0.00  0.00  0.00  0.00  0.00  0.00  0.00  0.00 -0.45  0.00  0.00  0.00  0.00   1   0.45
       50     -   1.00 1.00  0.00  0.75  0.75  0.75  0.00  0.00  0.00  0.00  0.00  0.00  0.00  0.00  0.00  0.00 -0.45  0.00  0.00  0.00  0.00   2   0.45
       51     -   1.00 1.00  0.00  0.75  0.75  0.00  0.75  0.00  0.00  0.00  0.00  0.00  0.00  0.00  0.00  0.00  0.45  0.00  0.00  0.00  0.00   1   0.45
       52     -   1.00 1.00  0.00  0.75  0.75  0.00  0.75  0.00  0.00  0.00  0.00  0.00  0.00  0.00  0.00  0.00  0.45  0.00  0.00  0.00  0.00   2   0.45
       53     -   1.00 1.00  0.00  0.75  0.75  0.00  0.75  0.00  0.00  0.00  0.00  0.00  0.00  0.00  0.00  0.00 -0.45  0.00  0.00  0.00  0.00   1   0.45
       54     -   1.00 1.00  0.00  0.75  0.75  0.00  0.75  0.00  0.00  0.00  0.00  0.00  0.00  0.00  0.00  0.00 -0.45  0.00  0.00  0.00  0.00   2   0.45
       55     -   1.00 1.00  0.00  0.75  0.75  0.00  0.00  0.00  0.00  0.00  0.00  0.00  0.00  0.00  0.00  0.00  0.00  0.45  0.00  0.00  0.00   3   0.45
       56     -   1.00 1.00  0.00  0.75  0.75  0.00  0.00  0.00  0.00  0.00  0.00  0.00  0.00  0.00  0.00  0.00  0.00  0.45  0.00  0.00  0.00   4   0.45
       57     -   1.00 1.00  0.00  0.75  0.75  0.00  0.00  0.00  0.00  0.00  0.00  0.00  0.00  0.00  0.00  0.00  0.00 -0.45  0.00  0.00  0.00   3   0.45
       58     -   1.00 1.00  0.00  0.75  0.75  0.00  0.00  0.00  0.00  0.00  0.00  0.00  0.00  0.00  0.00  0.00  0.00 -0.45  0.00  0.00  0.00   4   0.45
       59     -   1.00 1.00  0.00  0.75  0.75  0.75  0.00  0.00  0.00  0.00  0.00  0.00  0.00  0.00  0.00  0.00  0.00  0.45  0.00  0.00  0.00   3   0.45
       60     -   1.00 1.00  0.00  0.75  0.75  0.75  0.00  0.00  0.00  0.00  0.00  0.00  0.00  0.00  0.00  0.00  0.00  0.45  0.00  0.00  0.00   4   0.45
       61     -   1.00 1.00  0.00  0.75  0.75  0.75  0.00  0.00  0.00  0.00  0.00  0.00  0.00  0.00  0.00  0.00  0.00 -0.45  0.00  0.00  0.00   3   0.45
       62     -   1.00 1.00  0.00  0.75  0.75  0.75  0.00  0.00  0.00  0.00  0.00  0.00  0.00  0.00  0.00  0.00  0.00 -0.45  0.00  0.00  0.00   4   0.45
       63     -   1.00 1.00  0.00  0.75  0.75  0.00  0.75  0.00  0.00  0.00  0.00  0.00  0.00  0.00  0.00  0.00  0.00  0.45  0.00  0.00  0.00   3   0.45
       64     -   1.00 1.00  0.00  0.75  0.75  0.00  0.75  0.00  0.00  0.00  0.00  0.00  0.00  0.00  0.00  0.00  0.00  0.45  0.00  0.00  0.00   4   0.45
       65     -   1.00 1.00  0.00  0.75  0.75  0.00  0.75  0.00  0.00  0.00  0.00  0.00  0.00  0.00  0.00  0.00  0.00 -0.45  0.00  0.00  0.00   3   0.45
       66     -   1.00 1.00  0.00  0.75  0.75  0.00  0.75  0.00  0.00  0.00  0.00  0.00  0.00  0.00  0.00  0.00  0.00 -0.45  0.00  0.00  0.00   4   0.45
       67     -   0.60 0.00  0.00  0.00  0.00  0.00  0.00  0.00  1.00  0.00  0.00  0.00  0.00  0.00  0.00  0.00  0.00  0.00  0.00  0.00  0.00   0   0.00
       68     -   0.60 0.00  0.00  0.00  0.00  0.00  0.00  0.00  0.00  1.00  0.00  0.00  0.00  0.00  0.00  0.00  0.00  0.00  0.00  0.00  0.00   0   0.00
       69     -   0.60 0.00  0.00  0.00  0.00  0.00  0.00  0.00  0.00  0.00  1.00  0.00  0.00  0.00  0.00  0.00  0.00  0.00  0.00  0.00  0.00   0   0.00
       70     -   0.60 0.00  0.00  0.00  0.00  0.00  0.00  0.00  0.00  0.00  0.00  1.00  0.00  0.00  0.00  0.00  0.00  0.00  0.00  0.00  0.00   0   0.00
       71     -   0.60 0.00  0.00  0.00  0.00  0.00  0.00  0.00  0.00  0.00  0.00  0.00  0.00  0.00  0.00  0.00  1.00  0.00  0.00  0.00  0.00   1   1.00
       72     -   0.60 0.00  0.00  0.00  0.00  0.00  0.00  0.00  0.00  0.00  0.00  0.00  0.00  0.00  0.00  0.00  1.00  0.00  0.00  0.00  0.00   2   1.00
       73     -   0.60 0.00  0.00  0.00  0.00  0.00  0.00  0.00  0.00  0.00  0.00  0.00  0.00  0.00  0.00  0.00 -1.00  0.00  0.00  0.00  0.00   1   1.00
       74     -   0.60 0.00  0.00  0.00  0.00  0.00  0.00  0.00  0.00  0.00  0.00  0.00  0.00  0.00  0.00  0.00 -1.00  0.00  0.00  0.00  0.00   2   1.00
       75     -   0.60 0.00  0.00  0.00  0.00  0.00  0.00  0.00  0.00  0.00  0.00  0.00  0.00  0.00  0.00  0.00  0.00  1.00  0.00  0.00  0.00   3   1.00
       76     -   0.60 0.00  0.00  0.00  0.00  0.00  0.00  0.00  0.00  0.00  0.00  0.00  0.00  0.00  0.00  0.00  0.00  1.00  0.00  0.00  0.00   4   1.00
       77     -   0.60 0.00  0.00  0.00  0.00  0.00  0.00  0.00  0.00  0.00  0.00  0.00  0.00  0.00  0.00  0.00  0.00 -1.00  0.00  0.00  0.00   3   1.00
       78     -   0.60 0.00  0.00  0.00  0.00  0.00  0.00  0.00  0.00  0.00  0.00  0.00  0.00  0.00  0.00  0.00  0.00 -1.00  0.00  0.00  0.00   4   1.00
       79     -   1.03 1.03  0.00  0.00  0.00  0.00  0.00  0.00  0.00  0.00  0.00  0.00  0.00  0.00  0.00  0.00  0.00  0.00  0.00  0.70  0.00   0   0.00
       80     -   1.03 1.03  0.00  0.00  0.00  0.00  0.00  0.00  0.00  0.00  0.00  0.00  0.00  0.00  0.00  0.00  0.00  0.00  0.00 -0.70  0.00   0   0.00
       81     -   1.02 1.02  0.75  0.75  0.00  0.00  0.00  0.00  0.00  0.00  0.00  0.00  0.00  0.00  0.00  0.00  0.00  0.00  0.00  0.52  0.00   0   0.00
       82     -   1.02 1.02  0.75  0.75  0.00  0.00  0.00  0.00  0.00  0.00  0.00  0.00  0.00  0.00  0.00  0.00  0.00  0.00  0.00 -0.52  0.00   0   0.00
       83     -   1.02 1.02  0.00  0.75  0.00  0.00  0.00  0.00  0.00  0.00  0.00  0.00  0.00  0.00  0.00  0.00  0.00  0.00  0.00  0.52  0.00   0   0.00
       84     -   1.02 1.02  0.00  0.75  0.00  0.00  0.00  0.00  0.00  0.00  0.00  0.00  0.00  0.00  0.00  0.00  0.00  0.00  0.00 -0.52  0.00   0   0.00
       85     -   0.57 0.00  0.00  0.00  0.00  0.00  0.00  0.00  0.00  0.00  0.00  0.00  0.00  0.00  0.00  0.00  0.00  0.00  0.00  0.70  0.00   0   0.00
       86     -   0.57 0.00  0.00  0.00  0.00  0.00  0.00  0.00  0.00  0.00  0.00  0.00  0.00  0.00  0.00  0.00  0.00  0.00  0.00 -0.70  0.00   0   0.00
       87     -   1.03 1.03  0.00  0.00  0.00  0.00  0.00  0.00  0.00  0.00  0.00  0.00  0.00  0.00  0.00  0.00  0.00  0.00  0.70  0.00  0.00   0   0.00
       88     -   1.03 1.03  0.00  0.00  0.00  0.00  0.00  0.00  0.00  0.00  0.00  0.00  0.00  0.00  0.00  0.00  0.00  0.00 -0.70  0.00  0.00   0   0.00
       89     -   1.02 1.02  0.75  0.75  0.00  0.00  0.00  0.00  0.00  0.00  0.00  0.00  0.00  0.00  0.00  0.00  0.00  0.00  0.52  0.00  0.00   0   0.00
       90     -   1.02 1.02  0.75  0.75  0.00  0.00  0.00  0.00  0.00  0.00  0.00  0.00  0.00  0.00  0.00  0.00  0.00  0.00 -0.52  0.00  0.00   0   0.00
       91     -   1.02 1.02  0.00  0.75  0.00  0.00  0.00  0.00  0.00  0.00  0.00  0.00  0.00  0.00  0.00  0.00  0.00  0.00  0.52  0.00  0.00   0   0.00
       92     -   1.02 1.02  0.00  0.75  0.00  0.00  0.00  0.00  0.00  0.00  0.00  0.00  0.00  0.00  0.00  0.00  0.00  0.00 -0.52  0.00  0.00   0   0.00
       93     -   0.57 0.00  0.00  0.00  0.00  0.00  0.00  0.00  0.00  0.00  0.00  0.00  0.00  0.00  0.00  0.00  0.00  0.00  0.70  0.00  0.00   0   0.00
       94     -   0.57 0.00  0.00  0.00  0.00  0.00  0.00  0.00  0.00  0.00  0.00  0.00  0.00  0.00  0.00  0.00  0.00  0.00 -0.70  0.00  0.00   0   0.00
       95     -   1.00 1.00  0.01  0.00  0.00  0.00  0.00  0.00  0.00  0.00  0.00  0.00  0.00  0.00  0.00  0.00  0.00  0.00  0.00  0.00  0.00   5   1.00
       96     -   1.00 1.00  0.01  0.00  0.00  0.00  0.00  0.00  0.00  0.00  0.00  0.00  0.00  0.00  0.00  0.00  0.00  0.00  0.00  0.00  0.00   5   1.00
       97     -   1.00 1.00  0.01  0.00  0.00  0.00  0.00  0.00  0.00  0.00  0.00  0.00  0.00  0.00  0.00  0.00  0.00  0.00  0.00  0.00  0.00   6   1.00
       98     -   1.00 1.00  0.01  0.00  0.00  0.00  0.00  0.00  0.00  0.00  0.00  0.00  0.00  0.00  0.00  0.00  0.00  0.00  0.00  0.00  0.00   6   1.00
       99     -   1.00 0.00  0.00  1.00  0.00  0.00  0.00  0.00  0.00  0.00  0.00  0.00  0.00  0.00  0.00  0.00  0.00  0.00  0.00  0.00  1.00   0   0.00
      100     -   1.00 0.00  0.00  1.00  0.00  0.00  0.00  0.00  0.00  0.00  0.00  0.00  0.00  0.00  0.00  0.00  0.00  0.00  0.00  0.00  1.00   0   0.00
      101     -   1.00 0.00  0.00  1.00  0.00  0.00  0.00  0.00  0.00  0.00  0.00  0.00  0.00  0.00  0.00  0.00  0.00  0.00  0.00  0.00 -1.00   0   0.00
      102     -   1.00 0.00  0.00  1.00  0.00  0.00  0.00  0.00  0.00  0.00  0.00  0.00  0.00  0.00  0.00  0.00  0.00  0.00  0.00  0.00 -1.00   0   0.00
      103     -   1.00 1.00  0.75  0.75  0.00  0.00  0.00  0.00  0.00  0.00  0.00  0.00  0.00  0.00  0.00  0.00  0.00  0.00  0.00  0.00  0.75   0   0.00
      104     -   1.00 1.00  0.75  0.75  0.00  0.00  0.00  0.00  0.00  0.00  0.00  0.00  0.00  0.00  0.00  0.00  0.00  0.00  0.00  0.00  0.75   0   0.00
      105     -   1.00 1.00  0.75  0.75  0.00  0.00  0.00  0.00  0.00  0.00  0.00  0.00  0.00  0.00  0.00  0.00  0.00  0.00  0.00  0.00 -0.75   0   0.00
      106     -   1.00 1.00  0.75  0.75  0.00  0.00  0.00  0.00  0.00  0.00  0.00  0.00  0.00  0.00  0.00  0.00  0.00  0.00  0.00  0.00 -0.75   0   0.00
      107     -   1.00 1.00  0.00  0.75  0.75  0.00  0.00  0.00  0.00  0.00  0.00  0.00  0.00  0.00  0.00  0.00  0.00  0.00  0.00  0.00  0.75   0   0.00
      108     -   1.00 1.00  0.00  0.75  0.75  0.00  0.00  0.00  0.00  0.00  0.00  0.00  0.00  0.00  0.00  0.00  0.00  0.00  0.00  0.00  0.75   0   0.00
      109     -   1.00 1.00  0.00  0.75  0.75  0.75  0.00  0.00  0.00  0.00  0.00  0.00  0.00  0.00  0.00  0.00  0.00  0.00  0.00  0.00  0.75   0   0.00
      110     -   1.00 1.00  0.00  0.75  0.75  0.75  0.00  0.00  0.00  0.00  0.00  0.00  0.00  0.00  0.00  0.00  0.00  0.00  0.00  0.00  0.75   0   0.00
      111     -   1.00 1.00  0.00  0.75  0.75  0.00  0.75  0.00  0.00  0.00  0.00  0.00  0.00  0.00  0.00  0.00  0.00  0.00  0.00  0.00  0.75   0   0.00
      112     -   1.00 1.00  0.00  0.75  0.75  0.00  0.75  0.00  0.00  0.00  0.00  0.00  0.00  0.00  0.00  0.00  0.00  0.00  0.00  0.00  0.75   0   0.00
      113     -   1.00 1.00  0.00  0.75  0.75  0.00  0.00  0.00  0.00  0.00  0.00  0.00  0.00  0.00  0.00  0.00  0.00  0.00  0.00  0.00 -0.75   0   0.00
      114     -   1.00 1.00  0.00  0.75  0.75  0.00  0.00  0.00  0.00  0.00  0.00  0.00  0.00  0.00  0.00  0.00  0.00  0.00  0.00  0.00 -0.75   0   0.00
      115     -   1.00 1.00  0.00  0.75  0.75  0.75  0.00  0.00  0.00  0.00  0.00  0.00  0.00  0.00  0.00  0.00  0.00  0.00  0.00  0.00 -0.75   0   0.00
      116     -   1.00 1.00  0.00  0.75  0.75  0.75  0.00  0.00  0.00  0.00  0.00  0.00  0.00  0.00  0.00  0.00  0.00  0.00  0.00  0.00 -0.75   0   0.00
      117     -   1.00 1.00  0.00  0.75  0.75  0.00  0.75  0.00  0.00  0.00  0.00  0.00  0.00  0.00  0.00  0.00  0.00  0.00  0.00  0.00 -0.75   0   0.00
      118     -   1.00 1.00  0.00  0.75  0.75  0.00  0.75  0.00  0.00  0.00  0.00  0.00  0.00  0.00  0.00  0.00  0.00  0.00  0.00  0.00 -0.75   0   0.00

 AUXILIARY LOADS:
   No.  Aux  Aux        No.     Add_Load
   Aux   Id  Name       Load    Id   Coeff
    6     1  LWIND1_L2E   1      1    1.00
          2  LWIND1_R2E   1      2    1.00
          3  LWIND2_L2E   1      1    1.00
          4  LWIND2_R2E   1      2    1.00
          5  F1PAT_LL_1   1      3    1.00
          6  F1PAT_LL_2   1      4    1.00

 ADDITIONAL LOADS:
  No.  Add  Group  Surf Basic  Load      Fx     Fy    Mom     Dx     Dy  .. Conc
  Add  Id     Id    Id  Type   Type       W1    W2     Co    Dl1    Dl2  .. Dist
   4    1      -     2  U_WIND   D      0.8    0.8   0.00      0   5600
        2      -     3  U_WIND   D      0.8    0.8   0.00  25052  30652
        3      -     2  U_LIVE   D     -2.2   -2.2   0.10      0  30652
        4      -     3  U_LIVE   D     -2.2   -2.2  -0.10      0  30652

 STEPPED LOAD COEFFICIENTS:
      Group  Basic    Surf  No.  -------------   -------------   -------------
 No.    Id   Load      Id  Step  Locate   Coef   Locate   Coef   Locate   Coef
  4      -   WINDL1     2    2    17500   1.00    30652   0.57
         -   WINDR1     3    2    13152   0.57    30652   1.00
         -   WINDL2     2    2    17500   1.00    30652   0.40
         -   WINDR2     3    2    13152   0.40    30652   1.00

RIGID FRAME - 2:
---------------
 BASIC LOADS:
  Group                                Basic   Defl  Temperature
    Id   Dead  Coll  Live  Snow  Rain   Wind  Ratio     Change
     -   0.10  0.05  0.57  0.00  0.00   0.55   1.00         20

 BASIC LOADS AT EAVE:
  Group  Seismic  --Torsion--   --EW_Brace-
    Id     Load   Wind   Seis   Wind   Seis
     -     4.98   0.00   0.00   0.00   0.00

 WIND COEFFICIENTS:
  Group Surf  ---Wind_1--   ---Wind_2--   ---Wind_3--   ---Wind_4--     Long_Wind  Surface
    Id   Id   Left  Right   Left  Right   Left  Right   Left  Right      1      2  Friction
     -    1   0.44  -0.93   1.15  -0.23   0.00   0.00   0.00   0.00  -0.63  -0.27    0.00
     -    2  -0.87  -0.56  -0.51  -0.20   0.00   0.00   0.00   0.00  -0.87  -0.51    0.00
     -    3  -0.56  -0.87  -0.20  -0.51   0.00   0.00   0.00   0.00  -0.87  -0.51    0.00
     -    4  -0.93   0.44  -0.23   1.15   0.00   0.00   0.00   0.00  -0.63  -0.27    0.00

 LOAD COMBINATIONS:
           ------------------------------------------------------------Load_Coefficients-----------------------------------------------------
           Group             ---Live---        -Add_Snow-        --Wind_1-- --Wind_2--   --Wind_3--  --Wind_4--   Long_Wind  --Seismic-         Aux_Load
 No.   Id    Id   Dead Coll  Roof Floor  Snow Drift Slide  Rain    Lt    Rt    Lt    Rt    Lt    Rt    Lt    Rt     1     2  Long  Tran  Temp  Id  Coeff
 118    1     -   1.00 1.00  1.00  0.00  0.00  0.00  0.00  0.00  0.00  0.00  0.00  0.00  0.00  0.00  0.00  0.00  0.00  0.00  0.00  0.00  0.00   0   0.00
        2     -   1.00 1.00  1.00  0.00  0.00  0.00  0.00  0.00  0.00  0.00  0.00  0.00  0.00  0.00  0.00  0.00  0.00  0.00  0.00  0.00  0.00   0   0.00
        3     -   1.00 1.00  0.00  1.00  0.00  0.00  0.00  0.00  0.00  0.00  0.00  0.00  0.00  0.00  0.00  0.00  0.00  0.00  0.00  0.00  0.00   0   0.00
        4     -   1.00 1.00  0.00  1.00  0.00  0.00  0.00  0.00  0.00  0.00  0.00  0.00  0.00  0.00  0.00  0.00  0.00  0.00  0.00  0.00  0.00   0   0.00
        5     -   1.00 1.00  0.00  0.00  1.00  0.00  0.00  0.00  0.00  0.00  0.00  0.00  0.00  0.00  0.00  0.00  0.00  0.00  0.00  0.00  0.00   0   0.00
        6     -   1.00 1.00  0.00  0.00  1.00  0.00  0.00  0.00  0.00  0.00  0.00  0.00  0.00  0.00  0.00  0.00  0.00  0.00  0.00  0.00  0.00   0   0.00
        7     -   1.00 1.00  0.00  0.00  1.00  1.00  0.00  0.00  0.00  0.00  0.00  0.00  0.00  0.00  0.00  0.00  0.00  0.00  0.00  0.00  0.00   0   0.00
        8     -   1.00 1.00  0.00  0.00  1.00  1.00  0.00  0.00  0.00  0.00  0.00  0.00  0.00  0.00  0.00  0.00  0.00  0.00  0.00  0.00  0.00   0   0.00
        9     -   1.00 1.00  0.00  0.00  1.00  0.00  1.00  0.00  0.00  0.00  0.00  0.00  0.00  0.00  0.00  0.00  0.00  0.00  0.00  0.00  0.00   0   0.00
       10     -   1.00 1.00  0.00  0.00  1.00  0.00  1.00  0.00  0.00  0.00  0.00  0.00  0.00  0.00  0.00  0.00  0.00  0.00  0.00  0.00  0.00   0   0.00
       11     -   1.00 0.00  0.00  0.00  0.00  0.00  0.00  0.00  0.00  0.00  0.00  0.00  0.00  0.00  0.00  0.00  0.00  0.00  0.00  0.00  0.00   0   0.00
       12     -   1.00 0.00  0.00  0.00  0.00  0.00  0.00  0.00  0.00  0.00  0.00  0.00  0.00  0.00  0.00  0.00  0.00  0.00  0.00  0.00  0.00   0   0.00
       13     -   1.00 1.00  0.00  0.75  0.75  0.00  0.00  0.00  0.00  0.00  0.00  0.00  0.00  0.00  0.00  0.00  0.00  0.00  0.00  0.00  0.00   0   0.00
       14     -   1.00 1.00  0.00  0.75  0.75  0.00  0.00  0.00  0.00  0.00  0.00  0.00  0.00  0.00  0.00  0.00  0.00  0.00  0.00  0.00  0.00   0   0.00
       15     -   1.00 1.00  0.00  0.75  0.75  0.75  0.00  0.00  0.00  0.00  0.00  0.00  0.00  0.00  0.00  0.00  0.00  0.00  0.00  0.00  0.00   0   0.00
       16     -   1.00 1.00  0.00  0.75  0.75  0.75  0.00  0.00  0.00  0.00  0.00  0.00  0.00  0.00  0.00  0.00  0.00  0.00  0.00  0.00  0.00   0   0.00
       17     -   1.00 1.00  0.00  0.75  0.75  0.00  0.75  0.00  0.00  0.00  0.00  0.00  0.00  0.00  0.00  0.00  0.00  0.00  0.00  0.00  0.00   0   0.00
       18     -   1.00 1.00  0.00  0.75  0.75  0.00  0.75  0.00  0.00  0.00  0.00  0.00  0.00  0.00  0.00  0.00  0.00  0.00  0.00  0.00  0.00   0   0.00
       19     -   1.00 1.00  0.75  0.75  0.00  0.00  0.00  0.00  0.75  0.00  0.00  0.00  0.00  0.00  0.00  0.00  0.00  0.00  0.00  0.00  0.00   0   0.00
       20     -   1.00 1.00  0.75  0.75  0.00  0.00  0.00  0.00  0.00  0.75  0.00  0.00  0.00  0.00  0.00  0.00  0.00  0.00  0.00  0.00  0.00   0   0.00
       21     -   1.00 1.00  0.75  0.75  0.00  0.00  0.00  0.00  0.00  0.00  0.75  0.00  0.00  0.00  0.00  0.00  0.00  0.00  0.00  0.00  0.00   0   0.00
       22     -   1.00 1.00  0.75  0.75  0.00  0.00  0.00  0.00  0.00  0.00  0.00  0.75  0.00  0.00  0.00  0.00  0.00  0.00  0.00  0.00  0.00   0   0.00
       23     -   1.00 1.00  0.75  0.75  0.00  0.00  0.00  0.00  0.00  0.00  0.00  0.00  0.00  0.00  0.00  0.00  0.75  0.00  0.00  0.00  0.00   1   0.75
       24     -   1.00 1.00  0.75  0.75  0.00  0.00  0.00  0.00  0.00  0.00  0.00  0.00  0.00  0.00  0.00  0.00  0.75  0.00  0.00  0.00  0.00   2   0.75
       25     -   1.00 1.00  0.75  0.75  0.00  0.00  0.00  0.00  0.00  0.00  0.00  0.00  0.00  0.00  0.00  0.00 -0.75  0.00  0.00  0.00  0.00   1   0.75
       26     -   1.00 1.00  0.75  0.75  0.00  0.00  0.00  0.00  0.00  0.00  0.00  0.00  0.00  0.00  0.00  0.00 -0.75  0.00  0.00  0.00  0.00   2   0.75
       27     -   1.00 1.00  0.75  0.75  0.00  0.00  0.00  0.00  0.00  0.00  0.00  0.00  0.00  0.00  0.00  0.00  0.00  0.75  0.00  0.00  0.00   3   0.75
       28     -   1.00 1.00  0.75  0.75  0.00  0.00  0.00  0.00  0.00  0.00  0.00  0.00  0.00  0.00  0.00  0.00  0.00  0.75  0.00  0.00  0.00   4   0.75
       29     -   1.00 1.00  0.75  0.75  0.00  0.00  0.00  0.00  0.00  0.00  0.00  0.00  0.00  0.00  0.00  0.00  0.00 -0.75  0.00  0.00  0.00   3   0.75
       30     -   1.00 1.00  0.75  0.75  0.00  0.00  0.00  0.00  0.00  0.00  0.00  0.00  0.00  0.00  0.00  0.00  0.00 -0.75  0.00  0.00  0.00   4   0.75
       31     -   1.00 1.00  0.00  0.75  0.75  0.00  0.00  0.00  0.75  0.00  0.00  0.00  0.00  0.00  0.00  0.00  0.00  0.00  0.00  0.00  0.00   0   0.00
       32     -   1.00 1.00  0.00  0.75  0.75  0.75  0.00  0.00  0.75  0.00  0.00  0.00  0.00  0.00  0.00  0.00  0.00  0.00  0.00  0.00  0.00   0   0.00
       33     -   1.00 1.00  0.00  0.75  0.75  0.00  0.75  0.00  0.75  0.00  0.00  0.00  0.00  0.00  0.00  0.00  0.00  0.00  0.00  0.00  0.00   0   0.00
       34     -   1.00 1.00  0.00  0.75  0.75  0.00  0.00  0.00  0.00  0.75  0.00  0.00  0.00  0.00  0.00  0.00  0.00  0.00  0.00  0.00  0.00   0   0.00
       35     -   1.00 1.00  0.00  0.75  0.75  0.75  0.00  0.00  0.00  0.75  0.00  0.00  0.00  0.00  0.00  0.00  0.00  0.00  0.00  0.00  0.00   0   0.00
       36     -   1.00 1.00  0.00  0.75  0.75  0.00  0.75  0.00  0.00  0.75  0.00  0.00  0.00  0.00  0.00  0.00  0.00  0.00  0.00  0.00  0.00   0   0.00
       37     -   1.00 1.00  0.00  0.75  0.75  0.00  0.00  0.00  0.00  0.00  0.75  0.00  0.00  0.00  0.00  0.00  0.00  0.00  0.00  0.00  0.00   0   0.00
       38     -   1.00 1.00  0.00  0.75  0.75  0.75  0.00  0.00  0.00  0.00  0.75  0.00  0.00  0.00  0.00  0.00  0.00  0.00  0.00  0.00  0.00   0   0.00
       39     -   1.00 1.00  0.00  0.75  0.75  0.00  0.75  0.00  0.00  0.00  0.75  0.00  0.00  0.00  0.00  0.00  0.00  0.00  0.00  0.00  0.00   0   0.00
       40     -   1.00 1.00  0.00  0.75  0.75  0.00  0.00  0.00  0.00  0.00  0.00  0.75  0.00  0.00  0.00  0.00  0.00  0.00  0.00  0.00  0.00   0   0.00
       41     -   1.00 1.00  0.00  0.75  0.75  0.75  0.00  0.00  0.00  0.00  0.00  0.75  0.00  0.00  0.00  0.00  0.00  0.00  0.00  0.00  0.00   0   0.00
       42     -   1.00 1.00  0.00  0.75  0.75  0.00  0.75  0.00  0.00  0.00  0.00  0.75  0.00  0.00  0.00  0.00  0.00  0.00  0.00  0.00  0.00   0   0.00
       43     -   1.00 1.00  0.00  0.75  0.75  0.00  0.00  0.00  0.00  0.00  0.00  0.00  0.00  0.00  0.00  0.00  0.45  0.00  0.00  0.00  0.00   1   0.45
       44     -   1.00 1.00  0.00  0.75  0.75  0.00  0.00  0.00  0.00  0.00  0.00  0.00  0.00  0.00  0.00  0.00  0.45  0.00  0.00  0.00  0.00   2   0.45
       45     -   1.00 1.00  0.00  0.75  0.75  0.00  0.00  0.00  0.00  0.00  0.00  0.00  0.00  0.00  0.00  0.00 -0.45  0.00  0.00  0.00  0.00   1   0.45
       46     -   1.00 1.00  0.00  0.75  0.75  0.00  0.00  0.00  0.00  0.00  0.00  0.00  0.00  0.00  0.00  0.00 -0.45  0.00  0.00  0.00  0.00   2   0.45
       47     -   1.00 1.00  0.00  0.75  0.75  0.75  0.00  0.00  0.00  0.00  0.00  0.00  0.00  0.00  0.00  0.00  0.45  0.00  0.00  0.00  0.00   1   0.45
       48     -   1.00 1.00  0.00  0.75  0.75  0.75  0.00  0.00  0.00  0.00  0.00  0.00  0.00  0.00  0.00  0.00  0.45  0.00  0.00  0.00  0.00   2   0.45
       49     -   1.00 1.00  0.00  0.75  0.75  0.75  0.00  0.00  0.00  0.00  0.00  0.00  0.00  0.00  0.00  0.00 -0.45  0.00  0.00  0.00  0.00   1   0.45
       50     -   1.00 1.00  0.00  0.75  0.75  0.75  0.00  0.00  0.00  0.00  0.00  0.00  0.00  0.00  0.00  0.00 -0.45  0.00  0.00  0.00  0.00   2   0.45
       51     -   1.00 1.00  0.00  0.75  0.75  0.00  0.75  0.00  0.00  0.00  0.00  0.00  0.00  0.00  0.00  0.00  0.45  0.00  0.00  0.00  0.00   1   0.45
       52     -   1.00 1.00  0.00  0.75  0.75  0.00  0.75  0.00  0.00  0.00  0.00  0.00  0.00  0.00  0.00  0.00  0.45  0.00  0.00  0.00  0.00   2   0.45
       53     -   1.00 1.00  0.00  0.75  0.75  0.00  0.75  0.00  0.00  0.00  0.00  0.00  0.00  0.00  0.00  0.00 -0.45  0.00  0.00  0.00  0.00   1   0.45
       54     -   1.00 1.00  0.00  0.75  0.75  0.00  0.75  0.00  0.00  0.00  0.00  0.00  0.00  0.00  0.00  0.00 -0.45  0.00  0.00  0.00  0.00   2   0.45
       55     -   1.00 1.00  0.00  0.75  0.75  0.00  0.00  0.00  0.00  0.00  0.00  0.00  0.00  0.00  0.00  0.00  0.00  0.45  0.00  0.00  0.00   3   0.45
       56     -   1.00 1.00  0.00  0.75  0.75  0.00  0.00  0.00  0.00  0.00  0.00  0.00  0.00  0.00  0.00  0.00  0.00  0.45  0.00  0.00  0.00   4   0.45
       57     -   1.00 1.00  0.00  0.75  0.75  0.00  0.00  0.00  0.00  0.00  0.00  0.00  0.00  0.00  0.00  0.00  0.00 -0.45  0.00  0.00  0.00   3   0.45
       58     -   1.00 1.00  0.00  0.75  0.75  0.00  0.00  0.00  0.00  0.00  0.00  0.00  0.00  0.00  0.00  0.00  0.00 -0.45  0.00  0.00  0.00   4   0.45
       59     -   1.00 1.00  0.00  0.75  0.75  0.75  0.00  0.00  0.00  0.00  0.00  0.00  0.00  0.00  0.00  0.00  0.00  0.45  0.00  0.00  0.00   3   0.45
       60     -   1.00 1.00  0.00  0.75  0.75  0.75  0.00  0.00  0.00  0.00  0.00  0.00  0.00  0.00  0.00  0.00  0.00  0.45  0.00  0.00  0.00   4   0.45
       61     -   1.00 1.00  0.00  0.75  0.75  0.75  0.00  0.00  0.00  0.00  0.00  0.00  0.00  0.00  0.00  0.00  0.00 -0.45  0.00  0.00  0.00   3   0.45
       62     -   1.00 1.00  0.00  0.75  0.75  0.75  0.00  0.00  0.00  0.00  0.00  0.00  0.00  0.00  0.00  0.00  0.00 -0.45  0.00  0.00  0.00   4   0.45
       63     -   1.00 1.00  0.00  0.75  0.75  0.00  0.75  0.00  0.00  0.00  0.00  0.00  0.00  0.00  0.00  0.00  0.00  0.45  0.00  0.00  0.00   3   0.45
       64     -   1.00 1.00  0.00  0.75  0.75  0.00  0.75  0.00  0.00  0.00  0.00  0.00  0.00  0.00  0.00  0.00  0.00  0.45  0.00  0.00  0.00   4   0.45
       65     -   1.00 1.00  0.00  0.75  0.75  0.00  0.75  0.00  0.00  0.00  0.00  0.00  0.00  0.00  0.00  0.00  0.00 -0.45  0.00  0.00  0.00   3   0.45
       66     -   1.00 1.00  0.00  0.75  0.75  0.00  0.75  0.00  0.00  0.00  0.00  0.00  0.00  0.00  0.00  0.00  0.00 -0.45  0.00  0.00  0.00   4   0.45
       67     -   0.60 0.00  0.00  0.00  0.00  0.00  0.00  0.00  1.00  0.00  0.00  0.00  0.00  0.00  0.00  0.00  0.00  0.00  0.00  0.00  0.00   0   0.00
       68     -   0.60 0.00  0.00  0.00  0.00  0.00  0.00  0.00  0.00  1.00  0.00  0.00  0.00  0.00  0.00  0.00  0.00  0.00  0.00  0.00  0.00   0   0.00
       69     -   0.60 0.00  0.00  0.00  0.00  0.00  0.00  0.00  0.00  0.00  1.00  0.00  0.00  0.00  0.00  0.00  0.00  0.00  0.00  0.00  0.00   0   0.00
       70     -   0.60 0.00  0.00  0.00  0.00  0.00  0.00  0.00  0.00  0.00  0.00  1.00  0.00  0.00  0.00  0.00  0.00  0.00  0.00  0.00  0.00   0   0.00
       71     -   0.60 0.00  0.00  0.00  0.00  0.00  0.00  0.00  0.00  0.00  0.00  0.00  0.00  0.00  0.00  0.00  1.00  0.00  0.00  0.00  0.00   1   1.00
       72     -   0.60 0.00  0.00  0.00  0.00  0.00  0.00  0.00  0.00  0.00  0.00  0.00  0.00  0.00  0.00  0.00  1.00  0.00  0.00  0.00  0.00   2   1.00
       73     -   0.60 0.00  0.00  0.00  0.00  0.00  0.00  0.00  0.00  0.00  0.00  0.00  0.00  0.00  0.00  0.00 -1.00  0.00  0.00  0.00  0.00   1   1.00
       74     -   0.60 0.00  0.00  0.00  0.00  0.00  0.00  0.00  0.00  0.00  0.00  0.00  0.00  0.00  0.00  0.00 -1.00  0.00  0.00  0.00  0.00   2   1.00
       75     -   0.60 0.00  0.00  0.00  0.00  0.00  0.00  0.00  0.00  0.00  0.00  0.00  0.00  0.00  0.00  0.00  0.00  1.00  0.00  0.00  0.00   3   1.00
       76     -   0.60 0.00  0.00  0.00  0.00  0.00  0.00  0.00  0.00  0.00  0.00  0.00  0.00  0.00  0.00  0.00  0.00  1.00  0.00  0.00  0.00   4   1.00
       77     -   0.60 0.00  0.00  0.00  0.00  0.00  0.00  0.00  0.00  0.00  0.00  0.00  0.00  0.00  0.00  0.00  0.00 -1.00  0.00  0.00  0.00   3   1.00
       78     -   0.60 0.00  0.00  0.00  0.00  0.00  0.00  0.00  0.00  0.00  0.00  0.00  0.00  0.00  0.00  0.00  0.00 -1.00  0.00  0.00  0.00   4   1.00
       79     -   1.03 1.03  0.00  0.00  0.00  0.00  0.00  0.00  0.00  0.00  0.00  0.00  0.00  0.00  0.00  0.00  0.00  0.00  0.00  0.70  0.00   0   0.00
       80     -   1.03 1.03  0.00  0.00  0.00  0.00  0.00  0.00  0.00  0.00  0.00  0.00  0.00  0.00  0.00  0.00  0.00  0.00  0.00 -0.70  0.00   0   0.00
       81     -   1.02 1.02  0.75  0.75  0.00  0.00  0.00  0.00  0.00  0.00  0.00  0.00  0.00  0.00  0.00  0.00  0.00  0.00  0.00  0.52  0.00   0   0.00
       82     -   1.02 1.02  0.75  0.75  0.00  0.00  0.00  0.00  0.00  0.00  0.00  0.00  0.00  0.00  0.00  0.00  0.00  0.00  0.00 -0.52  0.00   0   0.00
       83     -   1.02 1.02  0.00  0.75  0.00  0.00  0.00  0.00  0.00  0.00  0.00  0.00  0.00  0.00  0.00  0.00  0.00  0.00  0.00  0.52  0.00   0   0.00
       84     -   1.02 1.02  0.00  0.75  0.00  0.00  0.00  0.00  0.00  0.00  0.00  0.00  0.00  0.00  0.00  0.00  0.00  0.00  0.00 -0.52  0.00   0   0.00
       85     -   0.57 0.00  0.00  0.00  0.00  0.00  0.00  0.00  0.00  0.00  0.00  0.00  0.00  0.00  0.00  0.00  0.00  0.00  0.00  0.70  0.00   0   0.00
       86     -   0.57 0.00  0.00  0.00  0.00  0.00  0.00  0.00  0.00  0.00  0.00  0.00  0.00  0.00  0.00  0.00  0.00  0.00  0.00 -0.70  0.00   0   0.00
       87     -   1.03 1.03  0.00  0.00  0.00  0.00  0.00  0.00  0.00  0.00  0.00  0.00  0.00  0.00  0.00  0.00  0.00  0.00  0.70  0.00  0.00   0   0.00
       88     -   1.03 1.03  0.00  0.00  0.00  0.00  0.00  0.00  0.00  0.00  0.00  0.00  0.00  0.00  0.00  0.00  0.00  0.00 -0.70  0.00  0.00   0   0.00
       89     -   1.02 1.02  0.75  0.75  0.00  0.00  0.00  0.00  0.00  0.00  0.00  0.00  0.00  0.00  0.00  0.00  0.00  0.00  0.52  0.00  0.00   0   0.00
       90     -   1.02 1.02  0.75  0.75  0.00  0.00  0.00  0.00  0.00  0.00  0.00  0.00  0.00  0.00  0.00  0.00  0.00  0.00 -0.52  0.00  0.00   0   0.00
       91     -   1.02 1.02  0.00  0.75  0.00  0.00  0.00  0.00  0.00  0.00  0.00  0.00  0.00  0.00  0.00  0.00  0.00  0.00  0.52  0.00  0.00   0   0.00
       92     -   1.02 1.02  0.00  0.75  0.00  0.00  0.00  0.00  0.00  0.00  0.00  0.00  0.00  0.00  0.00  0.00  0.00  0.00 -0.52  0.00  0.00   0   0.00
       93     -   0.57 0.00  0.00  0.00  0.00  0.00  0.00  0.00  0.00  0.00  0.00  0.00  0.00  0.00  0.00  0.00  0.00  0.00  0.70  0.00  0.00   0   0.00
       94     -   0.57 0.00  0.00  0.00  0.00  0.00  0.00  0.00  0.00  0.00  0.00  0.00  0.00  0.00  0.00  0.00  0.00  0.00 -0.70  0.00  0.00   0   0.00
       95     -   1.00 1.00  0.01  0.00  0.00  0.00  0.00  0.00  0.00  0.00  0.00  0.00  0.00  0.00  0.00  0.00  0.00  0.00  0.00  0.00  0.00   5   1.00
       96     -   1.00 1.00  0.01  0.00  0.00  0.00  0.00  0.00  0.00  0.00  0.00  0.00  0.00  0.00  0.00  0.00  0.00  0.00  0.00  0.00  0.00   5   1.00
       97     -   1.00 1.00  0.01  0.00  0.00  0.00  0.00  0.00  0.00  0.00  0.00  0.00  0.00  0.00  0.00  0.00  0.00  0.00  0.00  0.00  0.00   6   1.00
       98     -   1.00 1.00  0.01  0.00  0.00  0.00  0.00  0.00  0.00  0.00  0.00  0.00  0.00  0.00  0.00  0.00  0.00  0.00  0.00  0.00  0.00   6   1.00
       99     -   1.00 0.00  0.00  1.00  0.00  0.00  0.00  0.00  0.00  0.00  0.00  0.00  0.00  0.00  0.00  0.00  0.00  0.00  0.00  0.00  1.00   0   0.00
      100     -   1.00 0.00  0.00  1.00  0.00  0.00  0.00  0.00  0.00  0.00  0.00  0.00  0.00  0.00  0.00  0.00  0.00  0.00  0.00  0.00  1.00   0   0.00
      101     -   1.00 0.00  0.00  1.00  0.00  0.00  0.00  0.00  0.00  0.00  0.00  0.00  0.00  0.00  0.00  0.00  0.00  0.00  0.00  0.00 -1.00   0   0.00
      102     -   1.00 0.00  0.00  1.00  0.00  0.00  0.00  0.00  0.00  0.00  0.00  0.00  0.00  0.00  0.00  0.00  0.00  0.00  0.00  0.00 -1.00   0   0.00
      103     -   1.00 1.00  0.75  0.75  0.00  0.00  0.00  0.00  0.00  0.00  0.00  0.00  0.00  0.00  0.00  0.00  0.00  0.00  0.00  0.00  0.75   0   0.00
      104     -   1.00 1.00  0.75  0.75  0.00  0.00  0.00  0.00  0.00  0.00  0.00  0.00  0.00  0.00  0.00  0.00  0.00  0.00  0.00  0.00  0.75   0   0.00
      105     -   1.00 1.00  0.75  0.75  0.00  0.00  0.00  0.00  0.00  0.00  0.00  0.00  0.00  0.00  0.00  0.00  0.00  0.00  0.00  0.00 -0.75   0   0.00
      106     -   1.00 1.00  0.75  0.75  0.00  0.00  0.00  0.00  0.00  0.00  0.00  0.00  0.00  0.00  0.00  0.00  0.00  0.00  0.00  0.00 -0.75   0   0.00
      107     -   1.00 1.00  0.00  0.75  0.75  0.00  0.00  0.00  0.00  0.00  0.00  0.00  0.00  0.00  0.00  0.00  0.00  0.00  0.00  0.00  0.75   0   0.00
      108     -   1.00 1.00  0.00  0.75  0.75  0.00  0.00  0.00  0.00  0.00  0.00  0.00  0.00  0.00  0.00  0.00  0.00  0.00  0.00  0.00  0.75   0   0.00
      109     -   1.00 1.00  0.00  0.75  0.75  0.75  0.00  0.00  0.00  0.00  0.00  0.00  0.00  0.00  0.00  0.00  0.00  0.00  0.00  0.00  0.75   0   0.00
      110     -   1.00 1.00  0.00  0.75  0.75  0.75  0.00  0.00  0.00  0.00  0.00  0.00  0.00  0.00  0.00  0.00  0.00  0.00  0.00  0.00  0.75   0   0.00
      111     -   1.00 1.00  0.00  0.75  0.75  0.00  0.75  0.00  0.00  0.00  0.00  0.00  0.00  0.00  0.00  0.00  0.00  0.00  0.00  0.00  0.75   0   0.00
      112     -   1.00 1.00  0.00  0.75  0.75  0.00  0.75  0.00  0.00  0.00  0.00  0.00  0.00  0.00  0.00  0.00  0.00  0.00  0.00  0.00  0.75   0   0.00
      113     -   1.00 1.00  0.00  0.75  0.75  0.00  0.00  0.00  0.00  0.00  0.00  0.00  0.00  0.00  0.00  0.00  0.00  0.00  0.00  0.00 -0.75   0   0.00
      114     -   1.00 1.00  0.00  0.75  0.75  0.00  0.00  0.00  0.00  0.00  0.00  0.00  0.00  0.00  0.00  0.00  0.00  0.00  0.00  0.00 -0.75   0   0.00
      115     -   1.00 1.00  0.00  0.75  0.75  0.75  0.00  0.00  0.00  0.00  0.00  0.00  0.00  0.00  0.00  0.00  0.00  0.00  0.00  0.00 -0.75   0   0.00
      116     -   1.00 1.00  0.00  0.75  0.75  0.75  0.00  0.00  0.00  0.00  0.00  0.00  0.00  0.00  0.00  0.00  0.00  0.00  0.00  0.00 -0.75   0   0.00
      117     -   1.00 1.00  0.00  0.75  0.75  0.00  0.75  0.00  0.00  0.00  0.00  0.00  0.00  0.00  0.00  0.00  0.00  0.00  0.00  0.00 -0.75   0   0.00
      118     -   1.00 1.00  0.00  0.75  0.75  0.00  0.75  0.00  0.00  0.00  0.00  0.00  0.00  0.00  0.00  0.00  0.00  0.00  0.00  0.00 -0.75   0   0.00

 AUXILIARY LOADS:
   No.  Aux  Aux        No.     Add_Load
   Aux   Id  Name       Load    Id   Coeff
    6     1  LWIND1_L2E   1      1    1.00
          2  LWIND1_R2E   1      2    1.00
          3  LWIND2_L2E   1      1    1.00
          4  LWIND2_R2E   1      2    1.00
          5  F2PAT_LL_1   1      3    1.00
          6  F2PAT_LL_2   1      4    1.00

 ADDITIONAL LOADS:
  No.  Add  Group  Surf Basic  Load      Fx     Fy    Mom     Dx     Dy  .. Conc
  Add  Id     Id    Id  Type   Type       W1    W2     Co    Dl1    Dl2  .. Dist
   4    1      -     2  U_WIND   D      1.6    1.6   0.00      0   5600
        2      -     3  U_WIND   D      1.6    1.6   0.00  25052  30652
        3      -     2  U_LIVE   D     -4.4   -4.4   0.10      0  30652
        4      -     3  U_LIVE   D     -4.4   -4.4  -0.10      0  30652

 STEPPED LOAD COEFFICIENTS:
      Group  Basic    Surf  No.  -------------   -------------   -------------
 No.    Id   Load      Id  Step  Locate   Coef   Locate   Coef   Locate   Coef
  4      -   WINDL1     2    2    17500   1.00    30652   0.64
         -   WINDR1     3    2    13152   0.64    30652   1.00
         -   WINDL2     2    2    17500   1.00    30652   0.38
         -   WINDR2     3    2    13152   0.38    30652   1.00



================================================================================
 C08-033             Reactions, Anchor Bolts, & Base Plates:23/APR/2026  3:18pm
================================================================================

 -----  -----   -----Foundation_Loads(kN)-----   ---------   -----------------
 Frame  Col      Max_Pos_Val     Max_Neg_Val     Anc._Bolt      Base_Plate 
 Line   Line    Id  Horz  Vert  Id  Horz  Vert   No.  Diam   Width   Len Thick
 -----  ------  -- ----- -----  -- ----- -----   --- -----   ----- ----- -----
 1      H       11   3.1   1.3  12  -2.8   1.3    4   16.0   200.0 300.0  16.0 
                13   0.0   2.1                                                 
 1      G       11   5.2  -1.2   1  -3.7  14.8    4   16.0   200.0 300.0  16.0 
                 1  -3.7  14.8  12   0.6 -11.9                                 
 1      F       11   7.6  -3.6   1  -6.6  27.6    4   16.0   200.0 300.0  16.0 
                 1  -6.6  27.6  12   3.1 -25.0                                 
 1      E       11   8.0  -3.5   1  -6.4  27.7    4   16.0   200.0 300.0  16.0 
                 1  -6.4  27.7  12   2.5 -24.9                                 
 1      D       11   7.6  -3.6   1  -6.6  27.6    4   16.0   200.0 300.0  16.0 
                 1  -6.6  27.6  12   3.1 -25.0                                 
 1      C       11   5.2  -1.2   1  -3.7  14.8    4   16.0   200.0 300.0  16.0 
                 1  -3.7  14.8  12   0.6 -11.9                                 
 1      B       11   3.1   1.3  12  -2.8   1.3    4   16.0   200.0 300.0  16.0 
                13   0.0   2.1                                                 
 -----  ------  -- ----- -----  -- ----- -----   --- -----   ----- ----- -----
 7      B       11   3.1   1.3  12  -2.8   1.3    4   16.0   200.0 300.0  16.0 
                13   0.0   2.1                                                 
 7      C       11   5.2  -1.2   1  -3.7  14.8    4   16.0   200.0 300.0  16.0 
                 1  -3.7  14.8  12   0.6 -11.9                                 
 7      D       11   7.6  -3.6   1  -6.6  27.6    4   16.0   200.0 300.0  16.0 
                 1  -6.6  27.6  12   3.1 -25.0                                 
 7      E       11   8.0  -3.5   1  -6.4  27.7    4   16.0   200.0 300.0  16.0 
                 1  -6.4  27.7  12   2.5 -24.9                                 
 7      F       11   7.6  -3.6   1  -6.6  27.6    4   16.0   200.0 300.0  16.0 
                 1  -6.6  27.6  12   3.1 -25.0                                 
 7      G       11   5.2  -1.2   1  -3.7  14.8    4   16.0   200.0 300.0  16.0 
                 1  -3.7  14.8  12   0.6 -11.9                                 
 7      H       11   3.1   1.3  12  -2.8   1.3    4   16.0   200.0 300.0  16.0 
                13   0.0   2.1                                                 
 -----  ------  -- ----- -----  -- ----- -----   --- -----   ----- ----- -----
 1*     I        1  13.1  42.3   2 -10.9 -27.1    4   20.0   200.0 300.0  16.0 
                 3  12.3  45.3   4  -5.3 -40.9                                 
 1*     A        5  11.0 -27.1   1 -13.1  42.3    4   20.0   200.0 300.0  16.0 
                 6 -12.4  45.3   7   5.3 -40.9                                 
 1*     E        6   7.5  79.7   3  -7.5  79.7    4   20.0   200.0 300.0  16.0 
                 1   0.0 119.2  10  -0.3 -45.4                                 
 -----  ------  -- ----- -----  -- ----- -----   --- -----   ----- ----- -----
 2*     I        8  50.1  89.8   2 -25.0 -38.7    4   20.0   200.0 400.0  16.0 
                                 4 -21.5 -67.2                                 
 2*     A        5  25.0 -38.7   9 -50.1  89.8    4   20.0   200.0 400.0  16.0 
                 9 -50.1  89.8   7  21.5 -67.2                                 
 2*     E        9  42.7 140.3   8 -42.7 140.3    4   20.0   250.0 850.0  16.0 
                 1   0.0 214.8  10  -1.7 -91.9                                 
 -----  ------  -- ----- -----  -- ----- -----   --- -----   ----- ----- -----


 -----------------------------------------------------------------------------
 1*   Frame Lines:1 7  
 2*   Frame Lines:2 3 4 5 6  

 LOAD COMBINATIONS:
 ------------------
     Id   Combination
   ----   ------------------------------
      1   Dead+Collateral+Live
      2   0.6Dead+Wind_Left1
      3   Dead+Collateral+F1PAT_LL_1
      4   0.6Dead+Wind_Long1L+LWIND1_L2E
      5   0.6Dead+Wind_Right1
      6   Dead+Collateral+F1PAT_LL_2
      7   0.6Dead+Wind_Long1L+LWIND1_R2E
      8   Dead+Collateral+F2PAT_LL_1
      9   Dead+Collateral+F2PAT_LL_2
     10   0.6Dead+Wind_Long1R+LWIND1_R2E
     11   0.6Dead+Wind_Right2+Wind_Suction
     12   0.6Dead+Wind_Pressure+Wind_Long2L
     13   1.02Dead+1.02Collateral+0.52Seismic_Right+0.75Floor_Live


================================================================================
 C08-033             Bracing Reactions Report:              23/APR/2026  3:18pm
================================================================================



 BUILDING BRACING REACTIONS:
 ---------------------------
                        ----Reactions(+/-)(kN)----
  ----Wall---  Col      ----Wind----  --Seismic---  Panel_Shear(N/m  )
  Loc  Line    Line      Horz   Vert   Horz   Vert     Wind  Seismic    Notes
  ---- ------  -------  -----  -----  -----  -----   ------  -------    -----
  L_EW 1                                                                 (h)
 
  F_SW A       1  ,2    21.55  19.64  12.69  11.56                           
               6  ,7    21.55  19.64  12.69  11.56                           
 
  R_EW 7                                                                 (h)
 
  B_SW I       7  ,6    21.55  19.64  12.69  11.56                           
               2  ,1    21.55  19.64  12.69  11.56                           
 
  ---- ------  -------  -----  -----  -----  -----   ------  -------    -----
 
  (h)Rigid frame at endwall

  Reaction values for seismic shear force, Eh
  Reaction values shown are unfactored
  Maximum load combination factors are:
    Wind   : 1.00
    Seismic: 0.70


================================================================================
 C08-033             Additional Reactions Report:           23/APR/2026  3:18pm
================================================================================



                    Rigid Frame Column Reactions(kN)
                    --------------------------------

 Frame  Col     ----Dead---   Collateral  ----Live---   Wind_Left1  Wind_Right1
 Line   Line     Horz  Vert   Horz  Vert   Horz  Vert   Horz  Vert   Horz  Vert
 -----  ------  ----- -----  ----- -----  ----- -----  ----- -----  ----- -----
 1*     I         3.4  12.0    0.8   2.5    8.9  27.9  -13.0 -34.3   -3.3 -18.6
 1*     A        -3.4  12.0   -0.8   2.5   -8.9  27.9    3.3 -18.6   13.0 -34.3
 1*     E         0.0  33.4    0.0   6.9    0.0  78.8    0.6 -61.0   -0.6 -61.0
 
 Frame  Col      Wind_Left2  Wind_Right2   Wind_Long1   Wind_Long2  -Seis_Left-
 Line   Line     Horz  Vert   Horz  Vert   Horz  Vert   Horz  Vert   Horz  Vert
 -----  ------  ----- -----  ----- -----  ----- -----  ----- -----  ----- -----
 1*     I       -10.3 -24.0   -0.6  -8.3   -7.0 -43.9   -4.2 -33.8   -3.3  -0.9
 1*     A         0.6  -8.3   10.3 -24.0    7.0 -43.9    4.2 -33.8   -3.4   1.0
 1*     E         0.6 -34.4   -0.6 -34.4    0.0 -65.2    0.0 -38.4   -2.0  -0.2
 
 Frame  Col     -Seis_Right   Seis_Long1   Seis_Long2  ----Temp---  LWIND1_L2E 
 Line   Line     Horz  Vert   Horz  Vert   Horz  Vert   Horz  Vert   Horz  Vert
 -----  ------  ----- -----  ----- -----  ----- -----  ----- -----  ----- -----
 1*     I         3.4   1.0    0.0 -11.6    0.0  11.6    0.6   0.3   -0.3  -4.1
 1*     A         3.3  -0.9    0.0 -11.6    0.0  11.6   -0.6   0.3    0.4  -0.1
 1*     E         2.0  -0.1    0.0   0.0    0.0   0.0    0.0  -0.5    0.3  -0.3
 
 Frame  Col     LWIND1_R2E   LWIND2_L2E   LWIND2_R2E   F1PAT_LL_1   F1PAT_LL_2 
 Line   Line     Horz  Vert   Horz  Vert   Horz  Vert   Horz  Vert   Horz  Vert
 -----  ------  ----- -----  ----- -----  ----- -----  ----- -----  ----- -----
 1*     I        -0.4  -0.1   -0.3  -4.1   -0.4  -0.1    8.2  30.8    0.7  -3.0
 1*     A         0.3  -4.1    0.4  -0.1    0.3  -4.1   -0.7  -3.0   -8.2  30.8
 1*     E        -0.3  -0.3    0.3  -0.3   -0.3  -0.3   -7.5  39.3    7.5  39.3
 
 ------------------------------------------------------------------------------

 Frame  Col     ----Dead---   Collateral  ----Live---   Wind_Left1  Wind_Right1
 Line   Line     Horz  Vert   Horz  Vert   Horz  Vert   Horz  Vert   Horz  Vert
 -----  ------  ----- -----  ----- -----  ----- -----  ----- -----  ----- -----
 2*     I         9.8  20.9    2.8   5.3   32.2  59.6  -30.8 -51.2  -11.7 -31.7
 2*     A        -9.8  20.9   -2.8   5.3  -32.2  59.6   11.7 -31.7   30.8 -51.2
 2*     E         0.0  52.7    0.0  13.1    0.0 148.9    1.5 -85.7   -1.5 -85.7
 
 Frame  Col      Wind_Left2  Wind_Right2   Wind_Long1   Wind_Long2  -Seis_Left-
 Line   Line     Horz  Vert   Horz  Vert   Horz  Vert   Horz  Vert   Horz  Vert
 -----  ------  ----- -----  ----- -----  ----- -----  ----- -----  ----- -----
 2*     I       -21.3 -29.3   -2.1  -9.7  -25.8 -71.3  -15.4 -49.8   -2.7  -1.1
 2*     A         2.1  -9.7   21.3 -29.3   25.8 -71.3   15.4 -49.8   -2.7   1.1
 2*     E         1.4 -35.9   -1.4 -35.9    0.0-123.4    0.0 -72.6   -4.6   0.0
 
 Frame  Col     -Seis_Right   Seis_Long1   Seis_Long2  ----Temp---  LWIND1_L2E 
 Line   Line     Horz  Vert   Horz  Vert   Horz  Vert   Horz  Vert   Horz  Vert
 -----  ------  ----- -----  ----- -----  ----- -----  ----- -----  ----- -----
 2*     I         2.7   1.1    0.0 -11.6    0.0  11.6    1.1   0.5   -1.5  -8.5
 2*     A         2.7  -1.1    0.0 -11.6    0.0  11.6   -1.1   0.5    0.7  -0.4
 2*     E         4.6   0.0    0.0   0.0    0.0   0.0    0.0  -1.0    1.7  -0.1
 
 Frame  Col     LWIND1_R2E   LWIND2_L2E   LWIND2_R2E   F2PAT_LL_1   F2PAT_LL_2 
 Line   Line     Horz  Vert   Horz  Vert   Horz  Vert   Horz  Vert   Horz  Vert
 -----  ------  ----- -----  ----- -----  ----- -----  ----- -----  ----- -----
 2*     I        -0.7  -0.4   -1.5  -8.5   -0.7  -0.4   37.5  63.6   -5.3  -4.0
 2*     A         1.5  -8.5    0.7  -0.4    1.5  -8.5    5.3  -4.0  -37.5  63.6
 2*     E        -1.7  -0.1    1.7  -0.1   -1.7  -0.1  -42.7  74.5   42.7  74.5
 
 ------------------------------------------------------------------------------

 
 Wind    bracing vertical reactions included with longitudinal reactions
 Seismic bracing Vertical reactions included with longitudinal reactions
 
 1*   Frame Lines:1 7  
 2*   Frame Lines:2 3 4 5 6  


                      Endwall Column Reactions(kN)
                      -----------------------------


 Frame  Col   ----Dead----  -Collateral-  ----Live----  Wind_Pressure
 Line   Line   Horz   Vert   Horz   Vert   Horz   Vert   Horz   Vert
 -----  ----  -----  -----  -----  -----  -----  -----  -----  -----
 1      H       0.0    2.1    0.0    0.0    0.0    0.0   -2.8    0.0
 1      G      -0.5    4.1   -0.3    0.9   -2.9    9.9    1.0  -14.3
 1      F      -0.9    6.1   -0.5    1.7   -5.2   19.8    3.7  -28.6
 1      E      -0.9    6.2   -0.4    1.7   -5.1   19.8    3.1  -28.6
 1      D      -0.9    6.1   -0.5    1.7   -5.2   19.8    3.7  -28.6
 1      C      -0.5    4.1   -0.3    0.9   -2.9    9.9    1.0  -14.3
 1      B       0.0    2.1    0.0    0.0    0.0    0.0   -2.8    0.0

                            Seismic
 Frame  Col   Wind_Suction   Long
 Line   Line   Horz   Vert   Horz
 -----  ----  -----  -----  -----
 1      H       3.1    0.0   0.02
 1      G       5.5   -3.6   0.03
 1      F       8.1   -7.2   0.05
 1      E       8.5   -7.2   0.05
 1      D       8.1   -7.2   0.05
 1      C       5.5   -3.6   0.03
 1      B       3.1    0.0   0.02
 ------------------------------------------------------------------------------

 Frame  Col   ----Dead----  -Collateral-  ----Live----  Wind_Pressure
 Line   Line   Horz   Vert   Horz   Vert   Horz   Vert   Horz   Vert
 -----  ----  -----  -----  -----  -----  -----  -----  -----  -----
 7      B       0.0    2.1    0.0    0.0    0.0    0.0   -2.8    0.0
 7      C      -0.5    4.1   -0.3    0.9   -2.9    9.9    1.0  -14.3
 7      D      -0.9    6.1   -0.5    1.7   -5.2   19.8    3.7  -28.6
 7      E      -0.9    6.2   -0.4    1.7   -5.1   19.8    3.1  -28.6
 7      F      -0.9    6.1   -0.5    1.7   -5.2   19.8    3.7  -28.6
 7      G      -0.5    4.1   -0.3    0.9   -2.9    9.9    1.0  -14.3
 7      H       0.0    2.1    0.0    0.0    0.0    0.0   -2.8    0.0

                            Seismic
 Frame  Col   Wind_Suction   Long
 Line   Line   Horz   Vert   Horz
 -----  ----  -----  -----  -----
 7      B       3.1    0.0   0.02
 7      C       5.5   -3.6   0.03
 7      D       8.1   -7.2   0.05
 7      E       8.5   -7.2   0.05
 7      F       8.1   -7.2   0.05
 7      G       5.5   -3.6   0.03
 7      H       3.1    0.0   0.02
 ------------------------------------------------------------------------------


================================================================================
 C08-033             Seismic Design Report:                 23/APR/2026  3:18pm
================================================================================


      Building Data
      -------------
        Code                =MBMA 10
        Length              =   45500
        Width               =   61000
        Left  Eave Height   =    7000
        Right Eave Height   =    7000

      Seismic Formula
      ---------------
        Equivalent Lateral Force, Section 12.8

        Base  Shear V       = 0.667*Ie*Sms*W/R                        


        Shear Force Eh      = Rho*V                                   
         (Rigid frame, endwall frame, wind bent, wind column & base reactions)

        Shear Force Em      = Omega*V                                 
         (Wall diagonal bracing, splice at rigid frame & wind bent knee)


        Note: Applied load is seismic force multiplied by load combination

        Sms                 =   0.330
        Zone/Design Category=   B  
        Ie                  =   1.000

      Seismic Dead Load, W
      --------------------
        Frame    Dead       =   0.096 (kN/m2)
        Roof     Dead       =   0.100 (kN/m2)
        Collateral          =   0.050 (kN/m2)
        Roof     Total      =   0.246 (kN/m2)    , Weight= 682.67 (kN)
        Left  EW Dead       =   0.096 (kN/m2)    , Weight=  24.99 (kN)
        Front SW Dead       =   0.096 (kN/m2)    , Weight=  15.30 (kN)
        Right EW Dead       =   0.096 (kN/m2)    , Weight=  24.99 (kN)
        Back  SW Dead       =   0.096 (kN/m2)    , Weight=  15.30 (kN)
        Extensions
          Left  EW Total    =   0.150 (kN/m2)    , Weight=  20.81 (kN)
          Right EW Total    =   0.150 (kN/m2)    , Weight=  20.81 (kN)
                                                          -------
                                                   Total = 804.88 (kN)

      Seismic Forces
      --------------

        Roof Bracing
                       R  =   5.00, Rho=   1.50                              
                      Cs  =   0.0440
                       W  = 732.65 (kN)
                Force  V  =  32.24 (kN)        
                Force  Eh =  48.35 (kN)

        Sidewall Bracing
          Front SW     R  =   5.00, Rho=   1.50, Omega=   2.00               
                      Cs  =   0.0440
                       W  = 384.44 (kN)
                Force  V  =  16.92 (kN)        
                Force  Em =  33.83 (kN)
                Force  Eh =  25.37 (kN)
          Back  SW     R  =   5.00, Rho=   1.50, Omega=   2.00               
                      Cs  =   0.0440
                       W  = 384.44 (kN)
                Force  V  =  16.92 (kN)        
                Force  Em =  33.83 (kN)
                Force  Eh =  25.37 (kN)

        Rigid Frames
                       R  =   3.50, Rho=   1.31                              
                      Cs  =   0.0629
          Frame  1     W  =  85.58 (kN)
                Force  V  =   5.38 (kN)        
                Force  Eh =   7.06 (kN)
          Frame  2     W  = 120.73 (kN)
                Force  V  =   7.59 (kN)        
                Force  Eh =   9.96 (kN)

        End Plates
          Frame        R  =   3.50, Omega=   3.00                            

        Total Base Shear
          Longitudinal
                Force  V  =  33.83 (kN)
          Transverse
                Force  V  =  48.73 (kN)
