================================================================================
 C08-033             Detail Warning Summary                 23/APR/2026  3:19pm
================================================================================

 ENDWALL
 -------
     No Warnings!

 EXTENSIONS
 ----------
     No Warnings!

 RIGID FRAME #1
 --------------
     CONFLICT
       SPLICE
         WRN(RFD-001): Purlin\Girt Near Splice

 RIGID FRAME #2
 --------------
     CONFLICT
       SPLICE
         WRN(RFD-001): Purlin\Girt Near Splice

 WIND FRAMING
 ------------
     No Warnings!

 BOM
 ---
   INPUT
   -----
         WRN(AB-105) : No anchor bolt record for diameter
           16.00                                             

   OUTPUT
   ------
     COST
       BOM
         WRN(CST-01) : Incomplete cost information!
             ------(150Z20  )                                
             ------(150Z18  )                                
             ------(150Z15  )                                
             ------(AB16    )                                
