*===============================================================================
*C163-027            Component Detail Input                 19/JAN/2026 10:57am
*===============================================================================
 
*( 1)JOBID:
    'C163-027'
 
*( 2)BUILDING LAYOUT:
*                          ----Left_Endwall----  ----Right_Endwall----
*  Type    Width   Length  Exp  Offset  Project   Exp  Offset  Project
  'FF-'  12200.0  45730.0 'Y '  415.00   230.00  'Y '  415.00   230.00
 
*( 3)WALL LAYOUT:
*                          -------Wall-------    Base    Wall
* No. Id  Use     Type Opt    Start    Length    Elev  Offset
   5  1  'LEFT  ' '-'  '-'      0.0   12200.0    0.00  230.00
      2  'FRONT ' '-'  '-'      0.0   45730.0    0.00  230.00
      3  'RIGHT ' '-'  '-'      0.0   12200.0    0.00  230.00
      4  'BACK  ' '-'  '-'      0.0   45730.0    0.00  230.00
      5  'ROOF  ' '-'  '-'      0.0   45730.0    0.00    0.00
 
*( 4)SURFACE SHAPE:
*                                -------Offset-------
*  No.    X_Coord   Y_Coord     Left   Right    Frame  Opt
    4         0.0    9600.0   230.00 230.00    230.00  '-'
           6100.0   10210.0   200.00 200.00    200.00  '-'
          12200.0    9600.0   200.00 200.00    200.00  '-'
          12200.0       0.0   230.00 230.00    230.00  '-'
 
*( 5)BAY SPACING:
*Wall  ----Offset---   No.   ---Bay_Set---
* Id    Left   Right  Sets     Width  Quan
   1  230.00  230.00    1     6100.0    2
   2  415.00  415.00    3     7805.0    1
                              7530.0    4
                              7805.0    1
   3  230.00  230.00    1     6100.0    2
   4  415.00  415.00    3     7805.0    1
                              7530.0    4
                              7805.0    1
   5  415.00  415.00    3     7805.0    1
                              7530.0    4
                              7805.0    1
 
*( 6)WALL COLUMNS:
*Wall                                         ---Flange---          ---Clearance--
* Id  No.  Id   Part       Rot  Opt   Height  Width  Thick  Splice    Roof    Wall
  1    3    1  '--------'  'N'  '-'     0.00   0.00   0.00   '-'      0.00    0.00
            2  'W35a125 '  'N'  '-'  9583.00 125.00   5.00   '-'      0.00    0.00
            3  '--------'  'N'  '-'     0.00   0.00   0.00   '-'      0.00    0.00
  2    7    1  '--------'  'N'  '-'     0.00 150.00   6.00   'H'   1368.71  618.40
            2  '--------'  'N'  '-'     0.00 150.00   5.00   'H'   1368.71  411.14
            3  '--------'  'N'  '-'     0.00 150.00   5.00   'H'   1368.71  411.14
            4  '--------'  'N'  '-'     0.00 150.00   5.00   'H'   1368.71  411.14
            5  '--------'  'N'  '-'     0.00 150.00   5.00   'H'   1368.71  411.14
            6  '--------'  'N'  '-'     0.00 150.00   5.00   'H'   1368.71  411.14
            7  '--------'  'N'  '-'     0.00 150.00   6.00   'H'   1368.71  618.40
  3    3    1  '--------'  'N'  '-'     0.00   0.00   0.00   '-'      0.00    0.00
            2  'W35a125 '  'N'  '-'  9583.00 125.00   5.00   '-'      0.00    0.00
            3  '--------'  'N'  '-'     0.00   0.00   0.00   '-'      0.00    0.00
  4    7    1  '--------'  'N'  '-'     0.00 150.00   6.00   'H'   1368.71  618.40
            2  '--------'  'N'  '-'     0.00 150.00   5.00   'H'   1368.71  411.14
            3  '--------'  'N'  '-'     0.00 150.00   5.00   'H'   1368.71  411.14
            4  '--------'  'N'  '-'     0.00 150.00   5.00   'H'   1368.71  411.14
            5  '--------'  'N'  '-'     0.00 150.00   5.00   'H'   1368.71  411.14
            6  '--------'  'N'  '-'     0.00 150.00   5.00   'H'   1368.71  411.14
            7  '--------'  'N'  '-'     0.00 150.00   6.00   'H'   1368.71  618.40
 
*( 7)RAFTERS:
* Wall             Surf
*  Id   No.  Id     Id   Location Rotate Option  Part
    1    2    1      2        0.0  '-'    '-'   '--------'
              2      3        0.0  '-'    '-'   '--------'
    2    0
    3    2    1      2        0.0  '-'    '-'   '--------'
              2      3        0.0  '-'    '-'   '--------'
    4    0
 
*( 8)RIGID FRAMES:
*  No.    Line   ---Front_Sidewall_Flange--   ---Back_Sidewall_Flange---
* Lines    Id    Width  Thick  Splice Clear   Width  Thick  Splice Clear
    7       1   150.00   5.00    'H' 1368.7  150.00   5.00    'H' 1368.7
            2   150.00   5.00    'H' 1368.7  150.00   5.00    'H' 1368.7
            3   150.00   5.00    'H' 1368.7  150.00   5.00    'H' 1368.7
            4   150.00   5.00    'H' 1368.7  150.00   5.00    'H' 1368.7
            5   150.00   5.00    'H' 1368.7  150.00   5.00    'H' 1368.7
            6   150.00   5.00    'H' 1368.7  150.00   5.00    'H' 1368.7
            7   150.00   5.00    'H' 1368.7  150.00   5.00    'H' 1368.7
 
*( 9)EAVE STRUTS:
*Wall
* Id   Type   Part      Offset
   2   'ZB' '200Z18  '    0.00
   4   'ZB' '200Z18  '    0.00
 
*(10)PURLIN LOCATION:
*Surf         Peak
* Id  Type   Space  No.  Locate
   2  'ZB'   300.0    4  1457.6   2915.2   4372.8   5830.4
   3  'ZB'   300.0    4   300.0   1757.6   3215.2   4672.8
 
*(11)SPECIAL GIRTS:
* Wall   No.    ---Bay---
*  Id   Sets    Start End   Height Type Rotate  Part
    1     1        2    2   6150.0 'ZB'   'Y'  '200Z15  '
    2     0
    3     1        2    2   6150.0 'ZB'   'Y'  '200Z15  '
    4     0
 
*(12)EXTENSION LAYOUT:
*        Wall                ---Bay---   -Edge_Extend-  End_Option  End_Support
* No. Id  Id  Type Opt Mount Start End    Left   Right  Left Right   Left Right
   2   1   1  'EC' '-'  'B'    2     2     0.0     0.0  '-'  '-'     '-'   '-'
       2   3  'EC' '-'  'B'    2     2     0.0     0.0  '-'  '-'     '-'   '-'
 
*(13)EXTENSION SIZE:
*      ----Horizontal_Size---   ---------Vertical_Size--------  --Orient--  -------Support------ ---Concrete---
* Id     Elev   Width   Slope     Elev   Height   Slope Project Beam Panel  Offset   Elev Splice Extend    Elev
   1   6100.0  3000.0   10.00      0.0     0.0     0.00    0.00  '-'  '-'     0.00   0.00   '-'    0.00    0.00
   2   6100.0  3000.0   10.00      0.0     0.0     0.00    0.00  '-'  '-'     0.00   0.00   '-'    0.00    0.00
 
*(14)EXTENSION BEAMS:
*    Ext Line                                              ----------Web---------   ------Flange-------               Connect_Id  Weld
*No.  Id  Id   Use       Orn   Part     Type Shape Rot Opt  Depth1  Depth2  Thick   Width  Thick  Thick Bracket Stiff Start  End   Id
   6   1   2  'ATTACH  ' 'H'  '--------' '-'  'H'  '-' '-'  198.00  498.00   4.00  125.00   5.00   5.00   'Y'    'N'    1     0     0
       1   3  'ATTACH  ' 'H'  '--------' '-'  'H'  '-' '-'  198.00  498.00   4.00  125.00   5.00   5.00   'N'    'N'    2     0     0
       1   3  'ATT_SUPP' 'H'  'W30a178 ' 'W'  'H'  '-' '-'  300.00  300.00   4.00  175.00   8.00   8.00   'N'    'N'    3     4     0
       2   2  'ATTACH  ' 'H'  '--------' '-'  'H'  '-' '-'  198.00  498.00   4.00  125.00   5.00   5.00   'Y'    'N'    5     0     0
       2   3  'ATTACH  ' 'H'  '--------' '-'  'H'  '-' '-'  198.00  498.00   4.00  125.00   5.00   5.00   'N'    'N'    6     0     0
       2   3  'ATT_SUPP' 'H'  'W30a178 ' 'W'  'H'  '-' '-'  300.00  300.00   4.00  175.00   8.00   8.00   'N'    'N'    7     8     0
 
*(15)EXTENSION PURLINS:
*                                     Peak     Set   ------Lap-----              Flg_Brace
*No.  Id   Use       Type  Rot Row   Space   Space     Ext      Int    Part      Side Type
   4   1  'ROOF    ' 'ZB'  'U'   2    300.0     0.0     0.0      0.0  '200Z18  '   1   'A'
       1  'EAVE    ' 'ZB'  'U'   1      0.0     0.0     0.0      0.0  '200Z15  '   0   'A'
       2  'ROOF    ' 'ZB'  'U'   2    300.0     0.0     0.0      0.0  '200Z18  '   1   'A'
       2  'EAVE    ' 'ZB'  'U'   1      0.0     0.0     0.0      0.0  '200Z15  '   0   'A'
 
*(16)EXTENSION PANELS & GUTTER:
*Ext  Stand  --Gutter--
* Id   Seam  Use  Width Soffit
   1   'N'   'N'   0.00  '-'
   2   'N'   'N'   0.00  '-'
 
*(17)EXTENSION BRACING:
*    Ext  Bay
*No.  Id   Id  Orn Pattern  Type   Part
   2   1    2  'H'   '-'    'R '  'ROD20   '
       2    2  'H'   '-'    'R '  'ROD20   '
 
*(18)EXTENSION DETAIL PROPERTIES:
*    Ext    Purlin_Deduct   Eave_Deduct   ----Beam_Offset----
*No.  Id     Left   Right   Left  Right    Hip   Stub  Column
  0
 
*(19)EAVE STRUT BOLTS:
*          Strut  Wall Frame
* No.  Id  Type    Id   Id    Locate   Opt    Type     Dia     Len Quan Washer
  14    1   'E'     2    1   12200.0     0   'Gr8.8' 12.00   50.00   2     0
        2   'E'     2    2   12200.0     0   'Gr8.8' 12.00   50.00   4     0
        3   'E'     2    3   12200.0     0   'Gr8.8' 12.00   50.00   4     0
        4   'E'     2    4   12200.0     0   'Gr8.8' 12.00   50.00   4     0
        5   'E'     2    5   12200.0     0   'Gr8.8' 12.00   50.00   4     0
        6   'E'     2    6   12200.0     0   'Gr8.8' 12.00   50.00   4     0
        7   'E'     2    7   12200.0     0   'Gr8.8' 12.00   50.00   2     0
        8   'E'     4    7       0.0     0   'Gr8.8' 12.00   50.00   2     0
        9   'E'     4    6       0.0     0   'Gr8.8' 12.00   50.00   4     0
       10   'E'     4    5       0.0     0   'Gr8.8' 12.00   50.00   4     0
       11   'E'     4    4       0.0     0   'Gr8.8' 12.00   50.00   4     0
       12   'E'     4    3       0.0     0   'Gr8.8' 12.00   50.00   4     0
       13   'E'     4    2       0.0     0   'Gr8.8' 12.00   50.00   4     0
       14   'E'     4    1       0.0     0   'Gr8.8' 12.00   50.00   2     0
 
 
*(20)ROOF STRUTS:
*             Surf/ Bay
*No. Id Type  Wall   Id   Locate  Opt   Part       Rot
  0
 
*(21)CONNECTIONS:
*                   -----Plate_Size----  -------------------Bolts-------------------  Bolt  Weld
* No. Id  Type Opt  Width Length  Thick  Type      Dia Row1 Row2 Space1 Space2  Gage   Ref   Id
   8   1  'SS' '-' 200.00   0.00  16.00 'Gr8.8'  20.00   2    2  100.00 100.00 100.0     0    7
       2  'SS' '-' 200.00   0.00  16.00 'Gr8.8'  20.00   2    2  100.00 100.00 100.0     0    8
       3  'SS' '-' 200.00   0.00  16.00 'Gr8.8'  20.00   2    2  100.00 100.00 100.0     0    9
       4  'S3' '-' 175.00   0.00  10.00 'Gr8.8'  16.00   2    2  100.00  75.00 75.00     0   10
       5  'SS' '-' 200.00   0.00  16.00 'Gr8.8'  20.00   2    2  100.00 100.00 100.0     0   11
       6  'SS' '-' 200.00   0.00  16.00 'Gr8.8'  20.00   2    2  100.00 100.00 100.0     0   12
       7  'SS' '-' 200.00   0.00  16.00 'Gr8.8'  20.00   2    2  100.00 100.00 100.0     0   13
       8  'S3' '-' 175.00   0.00  10.00 'Gr8.8'  16.00   2    2  100.00  75.00 75.00     0   14
 
*(22)BEAM HOLES:
*     Ext  Line                                                              ----Hole---
*No.   Id    Id  Beam  Use  Locate  Orn    Dia   Length   Gage  Ref  Offset  No.  Locate
   0
 
*(23)WELDS:
*    Table      ---OS_Flange---  ---IS_Flange---  ------Web------
*No.  Id   Opt   Size Type Note   Size Type Note   Size Type Note
  14   1   '-'   4.00 'F1'  '-'   4.00 'F1'  '-'   4.00 'F1'  '-'
       2   '-'   4.00 'F1'  '-'   4.00 'F1'  '-'   4.00 'F1'  '-'
       3   '-'   4.00 'F1'  '-'   4.00 'F1'  '-'   4.00 'F1'  '-'
       4   '-'   4.00 'F1'  '-'   4.00 'F1'  '-'   4.00 'F1'  '-'
       5   '-'   4.00 'F1'  '-'   4.00 'F1'  '-'   4.00 'F1'  '-'
       6   '-'   4.00 'F1'  '-'   4.00 'F1'  '-'   4.00 'F1'  '-'
       7   '-'   4.00 'F2'  '-'   4.00 'F2'  '-'   4.00 'F1'  '-'
       8   '-'   4.00 'F2'  '-'   4.00 'F2'  '-'   4.00 'F1'  '-'
       9   '-'   4.00 'F2'  '-'   4.00 'F2'  '-'   4.00 'F1'  '-'
      10   '-'   4.00 'F1'  '-'   4.00 'F1'  '-'   4.00 'F1'  '-'
      11   '-'   4.00 'F2'  '-'   4.00 'F2'  '-'   4.00 'F1'  '-'
      12   '-'   4.00 'F2'  '-'   4.00 'F2'  '-'   4.00 'F1'  '-'
      13   '-'   4.00 'F2'  '-'   4.00 'F2'  '-'   4.00 'F1'  '-'
      14   '-'   4.00 'F1'  '-'   4.00 'F1'  '-'   4.00 'F1'  '-'
 
*(24)RIGID FRAME LOCATIONS:
*                              Line
*   No.     Id    Type    Quan  Id
     2       1    'RF-'    2     1   7
             2    'RF-'    5     2   3   4   5   6
 
*(25)RIGID FRAME COORDINATES:
*Frame
* Id   No. X_Coord    Y_Coord     Thick
   1   16    235.0        0.0      5.00
             235.0     9099.5      5.00
             235.0     9099.5      5.00
             235.0     9417.5      5.00
             235.0     9417.5      5.00
             404.6     9434.4      5.00
             404.6     9434.4      5.00
            6100.0    10004.0      5.00
            6100.0    10004.0      5.00
           11795.4     9434.4      5.00
           11795.4     9434.4      5.00
           11965.0     9417.5      5.00
           11965.0     9417.5      5.00
           11965.0     9099.5      5.00
           11965.0     9099.5      5.00
           11965.0        0.0      5.00
   2   16    235.0        0.0      5.00
             235.0     9099.5      5.00
             235.0     9099.5      5.00
             235.0     9417.5      5.00
             235.0     9417.5      5.00
             404.6     9434.4      5.00
             404.6     9434.4      5.00
            6100.0    10004.0      5.00
            6100.0    10004.0      5.00
           11795.4     9434.4      5.00
           11795.4     9434.4      5.00
           11965.0     9417.5      5.00
           11965.0     9417.5      5.00
           11965.0     9099.5      5.00
           11965.0     9099.5      5.00
           11965.0        0.0      5.00

================================================================================
 C163-027                Eave/Canopy(Rafter EB-1)           19/JAN/2026 10:57am
================================================================================
  Quan:  2                         Mark: EB-1  
-------------------------------------------------------------------------------

 PLATES:
 -------
 Quan Mark   Part     Description   Width   Thick    Length   UnitWt  TotalWt
 ---- ----   -------- -----------   -----   -----  --------   ------  -------
   2  WB1             Web             498    4.00      2984    33.31    66.62
   2  OF1             OS Flange       125    5.00      2999    14.72    29.45
   2  IF1             IS Flange       125    5.00      2984    14.65    29.31
   2  EP1             End Plate       200   16.00       700    17.59    35.18
   2  SS1             EP Stiffen      120    5.00       109     0.51     1.02
   2  SS2             EP Stiffen      120    5.00       120     0.57     1.13
   2  GB11            Purl Clip       150    5.00       175     1.03     2.06
   4  GB1             Purl Clip       150    5.00       175     1.03     4.12
   4  BC1             Brace Clip       75    5.00        75     0.22     0.88
                                                                      -------
                                                                       169.78

 MEMBER CUTS:
 ------------
   Plate  Cut   -------Left-------  -------Right------
   Mark   Type      Cut       Le       Cut       Re
   -----  ----  --------- --------  --------- --------
    WB1    DU                 50 B       201      20 T

 HOLE LOCATIONS:
 ---------------
  Plate                        Slot/          Bolt
  Mark     Dia  Offset   Gage  Gage2   Angle   Ref Locate
  ----   -----  ------  -----  -----  ------  ---- -----------------------------------
  EP1       22       0    100      0     0.0    23        45       145       555 

                                                         655 
  WB1       24      75      0     50     0.0     0       250      2799 
  GB11      14       0    100      0     0.0    11        25       125 
  GB1       14       0    100      0     0.0    10        25       125 
  BC1       14      50      0      0     0.0    12        25 

 PLATE LOCATIONS:
 ----------------
  Plate
  Type  Attach  Offset   Angle  Side  Locate
  ----- ------  ------  ------  ----  ------------------------------------
  EP1              97     0.00    -                 
  PC11     O        0     0.00    -        2908     
  GB1      O        0     0.00    -         263      1621 
  BC1      W        0     0.00    B         263      1621 

 WELDS:
 ------
                  Weld   Weld  Weld    Weld
   Plate  Plate2  Type   Size  Note  Length
   -----  ------  ----  -----  ----  ------
    OF1    WB      F1    4.00    -   2999.4
    IF1    WB1     F1    4.00    -   2984.5
    EP1    WB1     F1    4.00    -    498.0
    EP1    OF1     F2    4.00    -    125.0
    EP1    IF1     F2    4.00    -    125.0
    SS1    OF1     F1    4.00    -    120.6
    SS1    EP1     F1    4.00    -     96.6
    SS2    IF1     F1    4.00    -    120.6
    SS2    EP1     F1    4.00    -    120.0
    FC11   OF      F1    4.00    -      0.0
    FC1    OF      F1    4.00    -      0.0
    BC1    WB      F1    4.00    -     75.0
    BC1    IF      F1    4.00    -      0.0

 FINISH DIMENSIONS:
 ------------------
   Max     Overall     =     3036 
   Outside Flange Total=     2999 
   Inside  Flange Total=     2984 
   Outside Overall     =     3015 
   Inside  Overall     =     3000 
   Left    Overall     =      510 
   Right   Overall     =      210 
   Left  Extension     =      -51 
   Right Extension     =       21 

 CLIP DETAILING:
 ---------------
   Mark   Typ Thick Ang     A      B      C      D      E      F      G      H
   ------ --- ----- --- ------ ------ ------ ------ ------ ------ ------ ------
   EP1     z  16.00   0   0.00   0.00   0.00   0.00   0.00   0.00   0.00   0.00
   SS1     y   5.00   0   0.00   0.00  75.00   0.00   0.00   0.00   0.00   0.00
   SS2     y   5.00   0   0.00   0.00  75.00   0.00   0.00   0.00   0.00   0.00
   PC11    y   5.00   0  25.00 100.00  25.00 100.00  50.00   0.00   0.00   0.00
   PC1     y   5.00   0  25.00 100.00  25.00 100.00  50.00   0.00   0.00   0.00
   BC1     x   5.00   0  50.00   0.00  25.00  50.00   0.00   0.00   0.00   0.00

================================================================================
 C163-027                Eave/Canopy(Rafter EB-2)           19/JAN/2026 10:57am
================================================================================
  Quan:  2                         Mark: EB-2  
-------------------------------------------------------------------------------

 PLATES:
 -------
 Quan Mark   Part     Description   Width   Thick    Length   UnitWt  TotalWt
 ---- ----   -------- -----------   -----   -----  --------   ------  -------
   2  WB1             Web             540    4.00      3399    40.20    80.40
   2  OF1             OS Flange       125    5.00      3416    16.77    33.55
   2  IF1             IS Flange       125    5.00      3399    16.69    33.38
   2  EP1             End Plate       200   16.00       741    18.63    37.26
   2  SS1             EP Stiffen      120    5.00       109     0.51     1.02
   2  SS2             EP Stiffen      120    5.00       120     0.57     1.13
   2  GB11            Purl Clip       150    5.00       175     1.03     2.06
   4  GB1             Purl Clip       150    5.00       175     1.03     4.12
   4  BC1             Brace Clip       75    5.00        75     0.22     0.88
                                                                      -------
                                                                       193.81

 MEMBER CUTS:
 ------------
   Plate  Cut   -------Left-------  -------Right------
   Mark   Type      Cut       Le       Cut       Re
   -----  ----  --------- --------  --------- --------
    WB1    DU                 54 B       201      20 T

 HOLE LOCATIONS:
 ---------------
  Plate                        Slot/          Bolt
  Mark     Dia  Offset   Gage  Gage2   Angle   Ref Locate
  ----   -----  ------  -----  -----  ------  ---- -----------------------------------
  EP1       22       0    100      0     0.0    23        45       145       596 

                                                         696 
  WB1       24      75      0     50     0.0     0       650      3216 
  GB11      14       0    100      0     0.0    11        25       125 
  GB1       14       0    100      0     0.0    10        25       125 
  BC1       14      50      0      0     0.0    12        25 

 PLATE LOCATIONS:
 ----------------
  Plate
  Type  Attach  Offset   Angle  Side  Locate
  ----- ------  ------  ------  ----  ------------------------------------
  EP1              97     0.00    -                 
  PC11     O        0     0.00    -        3325     
  GB1      O        0     0.00    -         680      2038 
  BC1      W        0     0.00    F         680      2038 

 WELDS:
 ------
                  Weld   Weld  Weld    Weld
   Plate  Plate2  Type   Size  Note  Length
   -----  ------  ----  -----  ----  ------
    OF1    WB      F1    4.00    -   3416.5
    IF1    WB1     F1    4.00    -   3399.5
    EP1    WB1     F1    4.00    -    498.0
    EP1    OF1     F2    4.00    -    125.0
    EP1    IF1     F2    4.00    -    125.0
    SS1    OF1     F1    4.00    -    120.6
    SS1    EP1     F1    4.00    -     96.6
    SS2    IF1     F1    4.00    -    120.6
    SS2    EP1     F1    4.00    -    120.0
    FC11   OF      F1    4.00    -      0.0
    FC1    OF      F1    4.00    -      0.0
    BC1    WB      F1    4.00    -     75.0
    BC1    IF      F1    4.00    -      0.0

 FINISH DIMENSIONS:
 ------------------
   Max     Overall     =     3453 
   Outside Flange Total=     3416 
   Inside  Flange Total=     3399 
   Outside Overall     =     3433 
   Inside  Overall     =     3415 
   Left    Overall     =      551 
   Right   Overall     =      210 
   Left  Extension     =      -55 
   Right Extension     =       21 

 CLIP DETAILING:
 ---------------
   Mark   Typ Thick Ang     A      B      C      D      E      F      G      H
   ------ --- ----- --- ------ ------ ------ ------ ------ ------ ------ ------
   EP1     z  16.00   0   0.00   0.00   0.00   0.00   0.00   0.00   0.00   0.00
   SS1     y   5.00   0   0.00   0.00  75.00   0.00   0.00   0.00   0.00   0.00
   SS2     y   5.00   0   0.00   0.00  75.00   0.00   0.00   0.00   0.00   0.00
   PC11    y   5.00   0  25.00 100.00  25.00 100.00  50.00   0.00   0.00   0.00
   PC1     y   5.00   0  25.00 100.00  25.00 100.00  50.00   0.00   0.00   0.00
   BC1     x   5.00   0  50.00   0.00  25.00  50.00   0.00   0.00   0.00   0.00

================================================================================
 C163-027                Eave/Canopy(Support EB-3)          19/JAN/2026 10:57am
================================================================================
  Quan:  2                         Mark: EB-3              Part:W30a178 
-------------------------------------------------------------------------------

 PLATES:
 -------
 Quan Mark   Part     Description   Width   Thick    Length   UnitWt  TotalWt
 ---- ----   -------- -----------   -----   -----  --------   ------  -------
   2  WB1             Web             300    4.00      7359    70.65   141.29
   2  OF1             OS Flange       175    8.00      7359    80.94   161.88
   2  IF1             IS Flange       175    8.00      7359    80.94   161.88
   2  EP1             End Plate       200   16.00       506    12.72    25.44
   2  SS1             EP Stiffen      120    5.00        95     0.45     0.90
   2  SS2             EP Stiffen      120    5.00        95     0.45     0.90
   2  EP2             End Plate       175   10.00       366     5.03    10.06
                                                                      -------
                                                                       502.35

 MEMBER CUTS:
 ------------
   Plate  Cut   -------Left-------  -------Right------
   Mark   Type      Cut       Le       Cut       Re
   -----  ----  --------- --------  --------- --------
    WB1    PP        300                              

 HOLE LOCATIONS:
 ---------------
  Plate                        Slot/          Bolt
  Mark     Dia  Offset   Gage  Gage2   Angle   Ref Locate
  ----   -----  ------  -----  -----  ------  ---- -----------------------------------
  EP1       22       0    100      0     0.0    23        45       145       596 

                                                         696 
  EP2       18       0     75      0     0.0    17       133       233 

 PLATE LOCATIONS:
 ----------------
  Plate
  Type  Attach  Offset   Angle  Side  Locate
  ----- ------  ------  ------  ----  ------------------------------------
  EP1              95     0.00    -                 
  EP2              25     0.00    -                 

 WELDS:
 ------
                  Weld   Weld  Weld    Weld
   Plate  Plate2  Type   Size  Note  Length
   -----  ------  ----  -----  ----  ------
    OF1    WB      F1    4.00    -   7359.0
    IF1    WB1     F1    4.00    -   7359.0
    EP1    WB1     F1    4.00    -    300.0
    EP1    OF1     F2    4.00    -    175.0
    EP1    IF1     F2    4.00    -    175.0
    EP2    WB      F1    4.00    -    300.0
    EP2    OF      F2    4.00    -    175.0
    EP2    IF      F2    4.00    -    175.0
    SS1    OF      F1    4.00    -    120.0
    SS1    EP1     F1    4.00    -     95.0
    SS2    IF1     F1    4.00    -    120.0
    SS2    EP1     F1    4.00    -     95.0

 FINISH DIMENSIONS:
 ------------------
   Max     Overall     =     7385 
   Outside Flange Total=     7359 
   Inside  Flange Total=     7359 
   Outside Overall     =     7385 
   Inside  Overall     =     7385 
   Left    Overall     =      316 
   Right   Overall     =      316 
   Left  Extension     =          
   Right Extension     =          

 CLIP DETAILING:
 ---------------
   Mark   Typ Thick Ang     A      B      C      D      E      F      G      H
   ------ --- ----- --- ------ ------ ------ ------ ------ ------ ------ ------
   EP1     z  16.00   0   0.00   0.00   0.00   0.00   0.00   0.00   0.00   0.00
   SS1     y   5.00   0   0.00   0.00  75.00   0.00   0.00   0.00   0.00   0.00
   SS2     y   5.00   0   0.00   0.00  75.00   0.00   0.00   0.00   0.00   0.00
   EP2     z  10.00   0  50.00  75.00 133.02 100.00 133.02  18.00   0.00   0.00

================================================================================
 C163-027            Connection Bolt Summary                19/JAN/2026 10:57am
================================================================================

  BOLTS:
  ------
     Mark   Locate  Qty  Type     Dia  Length  Part      DtBolt
     ------ ------  ---  -----  -----  ------  --------  ------
     EB-1   Start    16  Gr8.8  20.00   90.00  H20X90      23
     EB-2   Start    16  Gr8.8  20.00   90.00  H20X90      23
     EB-3   Start    16  Gr8.8  20.00   90.00  H20X90      23
     EB-3   End       8  Gr8.8  16.00   70.00  --------     0

================================================================================
 C163-027            Weld Lengths                           19/JAN/2026 10:57am
================================================================================


        Piece    Size    Web-Flange    ------Hand_Weld(mm)-----
  Qty   Mark     (mm)    Fillet(mm)     Fillet   Groove    Butt
  ---   -----   -----    ----------    -------  -------  ------
    2   EB-1     4.00       11968         4127        0       0
 
    2   EB-2     4.00       13632         4127        0       0
 
    2   EB-3     4.00       29436         4000        0       0

================================================================================
 C163-027            Flange Braces                          19/JAN/2026 10:57am
================================================================================

 EXTENSION FLANGE BRACES:
 ------------------------
 Ext  Beam     Web    Brace                    Brace_At
 Id  Id Side  Depth    Dist  Length     Part   Purlin_Id
 --- -- ----  -----   -----  ------  --------  ---------
  1   2   R  484.14  330.00  608.00  L40X40X4    1
  1   2   R  348.39  330.00  496.00  L40X40X4    2
  1   3   L  484.14  330.00  608.00  L40X40X4    1
  1   3   L  348.39  330.00  496.00  L40X40X4    2
  2   2   R  484.14  330.00  608.00  L40X40X4    1
  2   2   R  348.39  330.00  496.00  L40X40X4    2
  2   3   L  484.14  330.00  608.00  L40X40X4    1
  2   3   L  348.39  330.00  496.00  L40X40X4    2

================================================================================
 C163-027            Bracing Attachments                    19/JAN/2026 10:57am
================================================================================

 BEAM SLOTS:
 
    Ext  Bay  Line  Beam  -----Start----  ------End-----
     Id   Id   Id    Orn  Offset  Locate  Offset  Locate
    ---  ---  ----  ----  ------  ------  ------  ------
      1    2    2     H    280.0   286.1   280.0  2835.5
      1    2    3     H    280.0   270.0   280.0  2836.0
      2    2    2     H    280.0   286.1   280.0  2835.5
      2    2    3     H    280.0   270.0   280.0  2836.0

================================================================================
 C163-027            Cost Summary                           19/JAN/2026 10:57am
================================================================================

        Piece                  End    Clip  Stiff         Surf   Set  Unit  Total
  Quan  Id     Flange    Web  Plate  Plate  Plate  Weld  Treat    Up  Cost   Cost
  ----  -----  ------    ---  -----  -----  -----  ----  -----  ----  ----  -----
    2   EB-1    
        Matrl:     22     25     13      3      1     0     0           63    126
        Labor:      0      0      0      0      0     0     0      0     0      0
               ------    ---  -----  -----  -----  ----  -----  ----  ----  -----
                   22     25     13      3      1     0     0      0    63    126 
    2   EB-2    
        Matrl:     25     30     14      3      1     0     0           72    143
        Labor:      0      0      0      0      0     0     0      0     0      0
               ------    ---  -----  -----  -----  ----  -----  ----  ----  -----
                   25     30     14      3      1     0     0      0    72    143 
    2   EB-3    
        Matrl:      0    172     13      0      1     0     0          186    372
        Labor:      0      0      0      0      0     0     0      0     0      0
               ------    ---  -----  -----  -----  ----  -----  ----  ----  -----
                    0    172     13      0      1     0     0      0   186    372 
 

 PLATE COST:
 -----------
  Piece  -------------Plate-------------        Material    Labor   Surface
  Mark   Mark  Part      Length   Weight  Qty       Cost     Cost  Treatment  File     Record    Adjust
  -----  ----  --------  ------   ------  ---   --------  -------  ---------  -------  --------  --------
  EB-1   WB1             2984.5    33.31    1      24.65     0.00      0.00   EW_COST  FRAME     @$W/L(F)
  EB-1   OF1             2998.9    14.72    1      10.90     0.00      0.00   EW_COST  FRAME     @$W/L(F)
  EB-1   IF1             2984.5    14.65    1      10.84     0.00      0.00   EW_COST  FRAME     @$W/L(F)
  EB-1   EP1              699.6    17.59    1      13.02     0.00      0.00   EW_COST  FRAME     @$W/L(F)
  EB-1   SS1              108.6     0.51    1       0.38     0.00      0.00   EW_COST  FRAME     @$W/L(F)
  EB-1   SS2              120.0     0.57    1       0.42     0.00      0.00   EW_COST  FRAME     @$W/L(F)
  EB-1   GB11             175.0     1.03    1       0.76     0.00      0.00   EW_COST  FRAME     @$W/L(F)
  EB-1   GB1              175.0     1.03    2       1.53     0.00      0.00   EW_COST  FRAME     @$W/L(F)
  EB-1   BC1               75.0     0.22    2       0.33     0.00      0.00   EW_COST  FRAME     @$W/L(F)
  EB-2   WB1             3399.5    40.20    1      29.75     0.00      0.00   EW_COST  FRAME     @$W/L(F)
  EB-2   OF1             3416.0    16.77    1      12.41     0.00      0.00   EW_COST  FRAME     @$W/L(F)
  EB-2   IF1             3399.5    16.69    1      12.35     0.00      0.00   EW_COST  FRAME     @$W/L(F)
  EB-2   EP1              741.1    18.63    1      13.79     0.00      0.00   EW_COST  FRAME     @$W/L(F)
  EB-2   SS1              108.6     0.51    1       0.38     0.00      0.00   EW_COST  FRAME     @$W/L(F)
  EB-2   SS2              120.0     0.57    1       0.42     0.00      0.00   EW_COST  FRAME     @$W/L(F)
  EB-2   GB11             175.0     1.03    1       0.76     0.00      0.00   EW_COST  FRAME     @$W/L(F)
  EB-2   GB1              175.0     1.03    2       1.53     0.00      0.00   EW_COST  FRAME     @$W/L(F)
  EB-2   BC1               75.0     0.22    2       0.33     0.00      0.00   EW_COST  FRAME     @$W/L(F)
  EB-3   WB1             7359.0   232.52    1     172.07     0.00      0.00   EW_COST  FRAME     @$W/L(W)
  EB-3   EP1              506.0    12.72    1       9.41     0.00      0.00   EW_COST  FRAME     @$W/L(W)
  EB-3   SS1               95.0     0.45    1       0.33     0.00      0.00   EW_COST  FRAME     @$W/L(W)
  EB-3   SS2               95.0     0.45    1       0.33     0.00      0.00   EW_COST  FRAME     @$W/L(W)
  EB-3   EP2              366.0     5.03    1       3.72     0.00      0.00   EW_COST  FRAME     @$W/L(W)

================================================================================
 C163-027            Warning Summary                        19/JAN/2026 10:57am
================================================================================


                   .. No Warnings
