*         ------Record-----
*File     Part/Type    Size Field                Value Unit   Settings             Reference Description
*-------- --------- ------- ----------------- -------- ------ -------------------- --------- -----------
 DT_METHD                   88                       5        1,2,3,4                        Rigid frame shop drawings:1=standard,...
 DT_METHD                   92                       -        N,Y                            On CZE drawings, dimension on flange ...
 DT_METHD                   136                      3        1,2                  DJ6       Options when the door header is at or...
 DT_METHD                   232                      4        1,2                  RF7,RF8   Web holes in rigid frame near endwall...
 DT_METHD                   239                      -        1,2                  GN20      Eave strut cover: 1=use always, 2=use...
 DT_METHD                   265                      1        -,2                            Stock material to unique part numbers...
 DT_METHD                   278                      -        1,2,3,4              RF26      Sidewall cable slots on rigid frame, ...
 DT_METHD                   312                      1        -,2                  RF57      Location of maximum web length in det...
 DT_METHD                   316                      -        4,M                  RF24      Joist eave to RF, same condtions as D...
 DT_METHD                   328                      1        -,2                  EC34      Rotate C column in bay with cable bra...
 DT_METHD                   372                      -        U,V,W,Y,Z            PT32      Partition Column attachment to ZCU en...
 DT_METHD                   411                      -        1,2                  SO5       Soldier Rafter connection to purlin: ...
 DT_METHD                   420                      -        7,K,L,M,N,O          FA25      EW column to rafter conn., parapet en...
 DT_METHD                   421                      -        7,K,L,M,N,O          FA25      EW Column to rafter conn., parapet en...
 DT_METHD                   422                      -        7,K,L,M,N,O          FA25      EW Column to rafter conn., parapet en...
 DT_METHD                   425                      -        7,K,L,M,N,O          FA25      EW Column to rafter conn., parapet en...
 DT_METHD                   428                      -        7,K,L,M,N,O          FA25      EW Column to rafter conn., parapet en...
 DT_METHD                   429                      -        7,K,L,M,N,O          FA25      EW column to rafter conn., parapet en...
 DT_METHD                   430                      -        7,K,L,M,N,O          FA25      EW Column to rafter conn., parapet en...
 DT_METHD                   431                      -        7,K,L,M,N,O          FA25      EW Column to rafter conn., parapet en...
 DT_METHD                   437                      -        1,3                  EC4       Door jamb to underside of rigid frame
 DT_METHD                   468                      -        1,2,4,6,7            GP11      Attachment of bypass sidewall girt to...
 DT_METHD                   483                      1        -,2                  GP35      Use of eb plus projection to maintain...
 DT_METHD                   513                      3        1,7                  DJ2       End connection for compression channe...
 DT_METHD                   522                      -        1,2,3,4              GN51      Connection of wind bent/column to top...
 DT_METHD                   523                      -        1,2                            Location of independent crane bracing...
 DT_METHD                   533                      -        N,Y,3                EC37      Location of web holes in jamb (es & et)
 DT_METHD                   535                      -        1,2                            Option for detailing interior columns...
 DT_METHD                   541                      -        1,2,3                RF41      Options for detailing web plates cons...
 DT_METHD                   549                      -        1,2                  GN58      Auto-generated grid lines to include ...
 DT_METHD                   554                      -        1,2,3,4,8,N          GP4       Sidewall girt to non-rotated D corner...
 DT_METHD                   555                      -        1,2,3,4,8,N          GP4       Sidewall girt to rotated D corner col...
 DT_METHD                   561                      -        1,2,3,4,8,N          GP4       Sidewall girt to non-rotated D corner...
 DT_METHD                   562                      -        1,2,3,4,5,6          GP3       Endwall girt to rotated D corner colu...
 DT_METHD                   569                      -        1,2,3,4,5,6,B        DJ2       Connection for bottom of door jamb/ja...
 DT_METHD                   573                      -        1,2,3,4,5,6,7,8,9,A  RF37      Wide EW Opening: C Jamb to rigid frame
 DT_METHD                   574                      -        1,2,3,4,5,6,7,8,9,A  RF37      Wide EW Opening: D Jamb to rigid frame
 DT_METHD                   575                      -        1,2,3,4,5,6,7,8,9,A  RF37      Wide EW Opening: U Jamb to rigid frame
 DT_METHD                   576                      -        1,2,3                EC49      Wide EW Opening: Outset header beam t...
 DT_METHD                   577                      -        1,2,3                EC49      Wide EW Opening: C Outset header beam...
 DT_METHD                   578                      -        1,2,3                EC49      Wide EW Opening: U Outset header beam...
 DT_METHD                   579                      -        1,2,3                EC49      Wide EW Opening: Outset header beam t...
 DT_METHD                   580                      -        1,2,3                EC49      Wide EW Opening: C Outset header beam...
 DT_METHD                   581                      -        1,2,3                EC49      Wide EW Opening: U Outset header beam...
 DT_METHD                   582                      -        1,2,3                EC49      Wide EW Opening: Outset header beam t...
 DT_METHD                   583                      -        1,2,3                EC49      Wide EW Opening: C Outset header beam...
 DT_METHD                   584                      -        1,2,3                EC49      Wide EW Opening: U Outset header beam...
 DT_METHD                   589                      -        1,2,3,4,5,6,7,8,9,A  RF38      Wide EW Opening: C Stub column to rig...
 DT_METHD                   590                      -        1,2,3,4,5,6,7,8,9,A  RF38      Wide EW Opening: D Stub column to rig...
 DT_METHD                   591                      -        1,2,3,4,5,6,7,8,9,A  RF38      Wide EW Opening: U Stub column to rig...
 DT_METHD                   592                      -        1,2,4                EC51      Wide EW Opening: Back brace to C stub...
 DT_METHD                   593                      -        1,2,4                EC51      Wide EW Opening: Back brace to D stub...
 DT_METHD                   594                      -        1,2,4                EC51      Wide EW Opening: Back brace to U stub...
 DT_METHD                   595                      -        1,2,4,5,6,7          GP47      Wide EW Opening:  Header beam to side...
 DT_METHD                   596                      -        1,2,5,7              GP48      Wide EW Opening:  Header beam to rigi...
 DT_METHD                   597                      -        3,5,7                GP49      Wide EW Opening:  Header beam to rigi...
 DT_METHD                   598                      -        1,2,3,4,N,Y          GP46      Wide EW Opening: C,Z Flush header bea...
 DT_METHD                   599                      -        1,2,3,4,N,Y          GP46      Wide EW Opening: U Flush header beam ...
 DT_METHD                   600                      -        1,2                  GP44      Lapped joist length for detailing whe...
 DT_METHD                   605                      -        1,2,3,4,5,6          GN46      Quantity of bolts provided for bypass...
 DT_METHD                   606                      -        1,2,3,4,5,6          GN47      Quantity of bolts provided for bypass...
 DT_METHD                   608                      -        1,2,3,4,6,9,A,B,C    DJ11      Attachment of door jamb to bottom of ...
 DT_METHD                   609                      -        1,2,3,4,6,9,A,B,C    DJ10      Attachment of door jamb to top of flo...
 DT_METHD                   610                      -        1,2,3,4,6,9,A,B,C    DJ10      Attachment of door jamb to top of win...
 DT_METHD                   616                      -        1,2                  FA31      Facia vertical (or slightly inclined ...
 DT_METHD                   636                      -        See Help             ER3,ER34  Endwalll rafter to eave strut, buildi...
 DT_METHD                   637                      -        1,2                  EX27      Eave strut at sidewall to extension beam
 DT_METHD                   641                      -        4,5                  DJ17      Header to Jamb Type T (Tube)
 DT_METHD                   642                      -        1,2,3,5              DJ18,PA26,PL95 T (Tube) Jamb Member Base Connection
 DT_METHD                   643                      -        1,2,3,C,D,E          DJ19,PL96 Top of T (Tube) Door Jamb to Wall Girt
 DT_METHD                   644                      -        E                    DJ20,PS41 Top of T (Tube) Door Jamb to Eave Strut
 DT_METHD                   645                      -        E                    DJ21,PL97 Top of T (Tube) Door Jamb to Wind Ben...
 DT_METHD                   646                      -        E                    DJ21,PL97 Top of T (Tube) Door Jamb to Mezzanin...
 DT_METHD                   647                      -        E                    DJ22,PL98 Bottom of T (Tube) Door Jamb to Wind ...
 DT_METHD                   648                      -        E                    DJ22,PL98 Bottom of T (Tube) Door Jamb to Mezza...
 DT_METHD                   649                      -        f,g                  DJ23,PE118 T (Tube) Door Jamb to Endwall Rafter Web
 DT_METHD                   650                      -        h                    DJ24,PE119 T (Tube) Door Jamb to Endwall Rafter ...
 DT_METHD                   651                      -        5                    PF21      Top of T (Tube) Door  Jamb to web of ...
 DT_METHD                   652                      -        h                    DJ24,PE119 T (Tube) Door Jamb to Rigid Frame Raf...
 DT_METHD                   658                      -        1,2,3,4,5,6          EC57      'M' Peak Splice Adjustments for Adjac...
 DT_METHD                   659                      -        1,2,3,4,5,6          EC58      'F' and 'S3' Peak Splice Adjustments ...
 DT_METHD                   660                      -        1,3,4,5,6,7          DJ27      Door Header to R W Endwall Column/Jamb
 DT_METHD                   661                      -        7,8                  EC65      Tube endwall column base plate
 DT_METHD                   662                      -        2,5,h                EC62      Tube endwall column to endwall rafter...
 DT_METHD                   664                      -        1,2,3,4,5,6,8,A      RF37      Tube endwall column to rigid frame ra...
 DT_METHD                   665                      -        2,4,5                EC59      Tube endwall column to rigid frame ra...
 DT_METHD                   666                      -        3,4,5,8              EC60      Flush endwall girt to tube endwall co...
 DT_METHD                   667                      -        4,5,7                EC61      Bypass endwall girt to tube endwall c...
 DT_METHD                   668                      -        N,2,8                EC64      Framed opening header/sill to tube en...
 DT_METHD                   671                      -        1,3                  ER36      Aligned roof support rafter low eave ...
 DT_METHD                   672                      -        1,3                  ER36      Aligned roof support rafter high eave...
 DT_METHD                   673                      -        2,3,C,M,N            ER37      Aligned roof support rafter to low ea...
 DT_METHD                   674                      -        2,3,C                ER38      Aligned roof support rafter to high e...
 DT_METHD                   676                      3        -,1,2                DJ28      With sill close to girt, what happens...
 DT_METHD                   677                      -        2,3,4                EX32      Eave strut to C U support column with...
 DT_METHD                   678                      -        2,3,4                EX32      Eave strut to D R W support column wi...
 DT_METHD                   679                      -        2,3,4                EX32      Eave strut to T support column with v...
 DT_METHD                   682                      -        1,2                  ER39      For 'O' Support Rafters, Splice Type ...
 DT_METHD                   683                      -        1,2                  GN61,GN62 For aligned roof (screw down) panels ...
 DT_METHD                   684                      -        1,2                  GN61,GN63 For aligned roof (standing seam) pane...
 DT_METHD                   685                      -        2,I,N                RF85      Longitudinal Partition EO Eave Strut ...
 DT_METHD                   686                      -        2,I,N                RF86      Longitudinal Partition EO Eave Strut ...
 DT_METHD                   687                      -        1,7,L                ER43      Longitudinal Partition Eave Strut to ...
 DT_METHD                   688                      -        1,7,L                ER44      Longitudinal Partition Eave Strut to ...
