*===============================================================================
*C163-027            Rigid Frame Detailing Input            19/JAN/2026 10:57am
*===============================================================================
 
*( 1)JOBID:
    'C163-027                                '
 
*( 2)FRAME OPTIONS:
* -----Frame----     Col     Raf   Design
* Id  Type  Quan    Shape   Shape   Code
   1  'RFE'   2      'C'     'T '   'WS'
 
*( 3)BUILDING LAYOUT:
*                               Left_Endwall    Right_Endwall     Wall
* Type     Width      Length   Exp     Offset   Exp    Offset    Angle
 'FF-'   12200.0     45730.0  'Y-:-'   415.00  'Y-:-'  415.00   0.0000
 
*( 4)SURFACE SHAPE:
*No.    X_Coord   Y_Coord   Offset  Opt
   4        0.0    9600.0   230.00  '-'
         6100.0   10210.0   200.00  '-'
        12200.0    9600.0   200.00  '-'
        12200.0       0.0   230.00  '-'
 
*( 5)MEMBER DEPTHS:
*Surf  -----Depth----  --Interior_Depths--
* Id    Start     End  No.  Locate   Depth
   1   400.00  400.00   0
   2   350.00  250.00   0
   3   250.00  350.00   0
   4   400.00  400.00   0
 
*( 6)SEGMENT PLATES:
*    Surf Mem Seg      Seg   Member    Flange     Plate_Thickness
*No.  Id   Id  Id   Length   Part       Width     Web  OS_Flg  IS_Flg
   6   1    1   1      0.0  '--------'  150.0    5.00    5.00    6.00
       2    2   2    152.4  '--------'  125.0    4.00    5.00    5.00
       2    2   3      0.0  '--------'  125.0    4.00    5.00    5.00
       3    3   4      0.0  '--------'  125.0    4.00    5.00    5.00
       3    3   5    152.4  '--------'  125.0    4.00    5.00    5.00
       4    4   6      0.0  '--------'  150.0    5.00    5.00    6.00
 
*( 7)INTERIOR COLUMNS:
*No. Col Col  Col       Col       Col ------Cap_Plate------ ----------Cap_Bolt---------  Rafter
*Col Id  Typ  Part      Rot    Locate Type Opt  Width Thick   Dia Row Space  Gage Gage2    Opt
  0
 
*( 8)TAPERED INTERIOR COLUMNS
*Col   Col   No.    Start   Depth   Depth    Web   Flange  OS_Flg  IS_Flg
* Id  Shape  Mem   Locate   Start    End    Thick  Width   Thick    Thick
 
*( 9)SPLICES:
*Surf     --------Splice-------   ---Plate----  ---------Bolt---------
* Id  No. Id   Locate Type  Opt   Width  Thick    Dia Row Space   Gage
   1   0
   2   1   1      0.0 'HSS' '-'  200.00   16.0  20.00  2 100.00 100.00
                                                20.00  2 100.00 100.00
   3   1   2      0.0 '-SS' '-'  200.00   16.0  20.00  2 100.00 100.00
                                                20.00  2 100.00 100.00
   4   1   3      0.0 'HSS' '-'  200.00   16.0  20.00  2 100.00 100.00
                                                20.00  2 100.00 100.00
 
*(10)BASE PLATE:
*                                            --------------Bolts--------------
*               -----------Plate-----------          Row       Space
*Id  Type  Opt  Width Length  Thick    Elev     Dia In Out   Flg    Out   Gage
  1  'FI'  '-'    200  705.5  16.00     0.0   24.00  1  1  150.0    0.0  100.0
  2  'FI'  '-'    200  705.5  16.00     0.0   24.00  1  1  150.0    0.0  100.0
 
*(11)SIDEWALL GIRTS:
*Surf                              Bay  No.
* Id  Type  Offset Project     Lap  Id Girt  Locate Project Type Rot Opt  Part
   1  'ZB'    0.00  230.00   330.0   1   5   3080.0  230.00 'ZB' 'D' '-' '200Z15  '
                                             4580.0  230.00 'ZB' 'D' '-' '200Z15  '
                                             6080.0  230.00 'ZB' 'D' '-' '200Z15  '
                                             7580.0  230.00 'ZB' 'D' '-' '200Z15  '
                                             8980.0  230.00 'ZB' 'D' '-' '200Z15  '
   1  'ZB'    0.00  230.00   330.0   6   5   3080.0  230.00 'ZB' 'D' '-' '200Z15  '
                                             4580.0  230.00 'ZB' 'D' '-' '200Z15  '
                                             6080.0  230.00 'ZB' 'D' '-' '200Z15  '
                                             7580.0  230.00 'ZB' 'D' '-' '200Z15  '
                                             8980.0  230.00 'ZB' 'D' '-' '200Z15  '
   4  'ZB'    0.00  230.00   330.0   6   5   3080.0  230.00 'ZB' 'D' '-' '200Z15  '
                                             4580.0  230.00 'ZB' 'D' '-' '200Z15  '
                                             6080.0  230.00 'ZB' 'D' '-' '200Z15  '
                                             7580.0  230.00 'ZB' 'D' '-' '200Z15  '
                                             8980.0  230.00 'ZB' 'D' '-' '200Z15  '
   4  'ZB'    0.00  230.00   330.0   1   5   3080.0  230.00 'ZB' 'D' '-' '200Z15  '
                                             4580.0  230.00 'ZB' 'D' '-' '200Z15  '
                                             6080.0  230.00 'ZB' 'D' '-' '200Z15  '
                                             7580.0  230.00 'ZB' 'D' '-' '200Z15  '
                                             8980.0  230.00 'ZB' 'D' '-' '200Z15  '
 
*(12)ENDWALL/PARTITION GIRTS:
*Wall                        No.   Bay  No.
* Id  Type  Offset Project   Bay    Id Girt  Locate Project Type Rot Opt  Part
   1  'ZB'    0.00  230.00    2      1   5   3080.0  230.00 'ZB' 'D' '-' '200Z15  '
                                             4580.0  230.00 'ZB' 'D' '-' '200Z15  '
                                             6080.0  230.00 'ZB' 'D' '-' '200Z15  '
                                             7580.0  230.00 'ZB' 'D' '-' '200Z15  '
                                             8980.0  230.00 'ZB' 'D' '-' '200Z15  '
 
                                     2   6   3080.0  230.00 'ZB' 'D' '-' '200Z15  '
                                             4580.0  230.00 'ZB' 'D' '-' '200Z15  '
                                             6080.0  230.00 'ZB' 'D' '-' '200Z15  '
                                             6150.0  230.00 'ZB' 'D' '-' '200Z15  '
                                             7580.0  230.00 'ZB' 'D' '-' '200Z15  '
                                             8980.0  230.00 'ZB' 'D' '-' '200Z15  '
 
   3  'ZB'    0.00  230.00    2      1   6   3080.0  230.00 'ZB' 'D' '-' '200Z15  '
                                             4580.0  230.00 'ZB' 'D' '-' '200Z15  '
                                             6080.0  230.00 'ZB' 'D' '-' '200Z15  '
                                             6150.0  230.00 'ZB' 'D' '-' '200Z15  '
                                             7580.0  230.00 'ZB' 'D' '-' '200Z15  '
                                             8980.0  230.00 'ZB' 'D' '-' '200Z15  '
 
                                     2   5   3080.0  230.00 'ZB' 'D' '-' '200Z15  '
                                             4580.0  230.00 'ZB' 'D' '-' '200Z15  '
                                             6080.0  230.00 'ZB' 'D' '-' '200Z15  '
                                             7580.0  230.00 'ZB' 'D' '-' '200Z15  '
                                             8980.0  230.00 'ZB' 'D' '-' '200Z15  '
 
 
*(13)PURLINS:
*Surf
* Id   Type  Part       Offset  Project     Lap
   2   'ZB' '200Z18'      0.00     0.00   330.0
   2   'ZB' '200Z18'      0.00     0.00   330.0
   3   'ZB' '200Z18'      0.00     0.00   330.0
   3   'ZB' '200Z18'      0.00     0.00   330.0
 
*(14)PURLIN LOCATION:
*Surf    Peak
* Id    Space  No.  Locate
   2    300.0    4  1457.6   2915.2   4372.8   5830.4
   2    300.0    4  1457.6   2915.2   4372.8   5830.4
   3    300.0    4   300.0   1757.6   3215.2   4672.8
   3    300.0    4   300.0   1757.6   3215.2   4672.8
 
*(15)EAVE STRUT, GUTTER, PANEL:
*Surf  Eave   Eave       Bolt  Bolt  ---Gutter--  SSeam
* Id   Type   Part        Dia   Row  Type  Width  Roof   DtBolt
   2   'ZB' '200Z18'    12.00    4   'Y'    0.00   'N'      77
   3   'ZB' '200Z18'    12.00    4   'Y'    0.00   'N'      77
 
*(16)PARTIAL WALL:
*Surf  Base        Top
* Id   Part        Part         Height  Use
   1  '--------'  '--------'       0.0  '-'
   4  '--------'  '--------'       0.0  '-'
 
*(17)FLANGE BRACES:
*Surf
* Id   No.  Loc  Type  Offset  Opt  Ref
   1    0
   1    2     1   'A'  330.00  '-' '-----'
              3   'A'  330.00  '-' '-----'
   2    0
   2    3     1   'A'  330.00  '-' '-----'
              3   'A'  330.00  '-' '-----'
              4   'A'  330.00  '-' '-----'
   3    0
   3    3     1   'A'  330.00  '-' '-----'
              2   'A'  330.00  '-' '-----'
              4   'A'  330.00  '-' '-----'
   4    0
   4    2     1   'A'  330.00  '-' '-----'
              3   'A'  330.00  '-' '-----'
 
*(18)PURLIN ANTI-ROLL:
*      Line  Surf           Roll      No.
* No.   Id    Id  Opt  Rot   Id     Purlin  Purlin_Id
   0
 
*(19)ROOF DIAGONAL BRACING:
*     Wall  Bay    Adj     Max    No.   Attach  Brace  Brace      Connect   Brace
*No.   Id    Id   Bays     Bay  Attach  Offset  Type   Part       Opt  Id   Force
  1     1     6     1   7390.0     2       0.0  'R'   'ROD20   '  '-'   1    3.27
                                        6100.0  'R'   'ROD20   '  '-'   2    3.27
 
*(20)WALL DIAGONAL BRACING:
*Wall No.   Attach Bay   Adj     Max   No.  Level   Level  Brace  Brace      Connect  Brace
* Id  Bay   Offset  Id   Bay     Bay  Level Type   Height  Type   Part       Opt  Id  Force
   2    1      0.0   1    1   7390.0    2    'B'   4930.0  'R'   'ROD20   '  '-'   3   7.85
                                             'B'   9800.0  'R'   'ROD20   '  '-'   4   7.85
   4    1      0.0   1    1   7390.0    2    'B'   4930.0  'R'   'ROD20   '  '-'   5   7.85
                                             'B'   9800.0  'R'   'ROD20   '  '-'   6   7.85
   5    0
 
*(21)WIND BENT:
*     Wall Roof Frame
*No.   Id   Bay  Side   Offset    Elev   Height   Part
   0
 
*(22)WIND COLUMN:
*     Wall Roof  Roof
*No.   Id   Bay  Side   Offset    Elev   Height   Part
   0
 
*(23)ENDWALL/PARTITION COLUMNS & RAFTERS:
*       Column   ----------Column-----------   -------Rafter------
*No.    Locate   Part       Rot  Opt    Elev   Part       Rot  Opt
  3      230.0  '--------'  'N'  '-'     0.0  '--------'  '-'  '-'
        6100.0  'W35a125'   'N'  '-'     0.0  '--------'  '-'  '-'
       11970.0  '--------'  'N'  '-'     0.0  '--------'  '-'  '-'
  3      230.0  '--------'  'N'  '-'     0.0  '--------'  '-'  '-'
        6100.0  'W35a125'   'N'  '-'     0.0  '--------'  '-'  '-'
       11970.0  '--------'  'N'  '-'     0.0  '--------'  '-'  '-'
 
*(24)BEARING STIFFENERS:
*        --Locate--                                       Min
*No. Id  Use     Id   Offset  Opt  Qty  Width   Thick  Length
  2   1 'CORNER'  1      0.0  '-'   1    60.0    6.00    0.00
      2 'CORNER'  2  12200.0  '-'   1    60.0    6.00    0.00
 
*(25)TRANSVERSE STIFFENERS:
*   Surf   No.    Stiff   Stiff   Stiff  Stiff
*    Id   Stiff    Loc     Quan   Width  Thick
      1      0
      2      0
      3      0
      4      0
 
*(26)CRANE LAYOUT:
*         Bay_Id  Crane  ------------Runway_Location------------  ---Rail---
*No.  Id  Lt  Rt   Type  Orn   Height  OffsetL     Span  OffsetR  Type Depth
  0
 
*(27)CRANE RUNWAY/SUPPORT COLUMN:
*     ---------Runway---------   ------------Support_Column-----------
*Id   Type  Depth WidthT WidthB  Type  Rot  Depth   Dia   Space   Gage
 
*(28)CRANE BRACKET:
*Crane  Bracket     -----Web---- -Top_Flange-  -Bot_Flange-  ---Flange_Bolts---
*  Id     Part      Depth  Thick  Width Thick   Width Thick   Dia   Space  Gage
 
*(29)CRANE STIFFENER:
*Crane  ---Web_Bot--  --Web_Diag--  ---Web_Top--  --Web_Beam--   Bracket_Web  Brace  Bracket
*  Id   Width  Thick  Width  Thick  Width  Thick  Width  Thick  Width  Thick  Type   Option
 
*(30)CRANE BRACING/SUPPORT COLUMN ANGLES:
*Crane  -------Bracing------   Long_Brace  Lateral    Column_Angle
*  Id   Type  Part      Conn   Type   Dia  Angle      No. Location
 
*(31)EXTENSION LAYOUT
*    Ext  Wall                   --Bay_Id-   -Edge_Extend-
*No.  Id   Id  Type  Opt  Mount  Start End    Left   Right
  0
 
*(32)EXTENSION SIZE:
*Ext  ----Horizontal_Size---  ---------Vertical_Size---------  --Orient--
* Id    Elev   Width   Slope     Elev  Height   Slope Project  Beam Panel
 
*(33)EXTENSION BEAM:
*    Ext  Frame            Beam      Beam  ---------Web-------- ------Flange-------   Use    Use   --Connect-
*No.  Id   Line  Use       Part      Shape Depth1  Depth2 Thick Width  Thick  Thick Bracket Stiff  Id  Height
  0
 
*(34)EXTENSION SPLICE:
*Ext Frame                 -----Plate_Size-----  -------------------Bolts-------------------  --Connect-
* Id  Line  Use      Type  Width  Thick  Length    Dia   Gage RowT RowB SpaceT SpaceB DtBolt  Id  Height
 
*(35)EXTENSION PURLINS:
*Ext                Peak      Set
* Id  Type  Row    Space    Space    Part
 
*(36)WALL/ROOF STRUTS:
*---Strut-- Surf Bay_Id   Attach Opt                        ---------------End_Plate--------------         Brace
*No Id Type Wall St End   Locate Id   Part       Rot Offset Type Thick  Width  Dia  Row Quan  Gage Dt_Bolt  Opt
  2  1 'W'    2   1   1   4930.0  4  'T100x40 '  'N'      0 'SG' 10.00 150.00 16.00  1    2   75.0   104    '-'
     2 'W'    4   1   1   4930.0  4  'T100x40 '  'N'      0 'SG' 10.00 150.00 16.00  1    2   75.0   104    '-'
 
 
*(37)STRUT BOLTS:
*     Bolt Strut  Wall Frame  Attach  Option  Bolt_Size   Dt_Bolt
*No.   Id  Type   Surf  Id    Locate    Id      Dia Quan    Line
   0
 
*(38)WELDS:
*     -------Plate------   ---OS_Flange---  ---IS_Flange---  ------Web------
*No.  Type        Id Loc    Size Type Note   Size Type Note   Size Type Note
  16  'BASE    '   1   1    4.00 'F2' '--'   4.00 'F2' '--'   4.00 'F2' '--'
      'BP_STIFF'   1   1    6.00 'F2' '--'   4.00 'F2' '--'   0.00 '-2' '--'
      'BASE    '   2   1    4.00 'F2' '--'   4.00 'F2' '--'   4.00 'F2' '--'
      'BP_STIFF'   2   1    6.00 'F2' '--'   4.00 'F2' '--'   0.00 '-2' '--'
      'SPLICE  '   1   1    4.00 'F2' '--'   4.00 'F2' '--'   4.00 'F2' '--'
      'SPLICE  '   1   2    4.00 'F2' '--'   5.00 'F1' '--'   4.00 'F2' '--'
      'SPLICE  '   2   1    4.00 'F2' '--'   4.00 'F2' '--'   4.00 'F2' '--'
      'SPLICE  '   2   2    4.00 'F2' '--'   4.00 'F2' '--'   4.00 'F2' '--'
      'SPLICE  '   3   1    4.00 'F2' '--'   5.00 'F1' '--'   4.00 'F2' '--'
      'SPLICE  '   3   2    4.00 'F2' '--'   4.00 'F2' '--'   4.00 'F2' '--'
      'STIFF_B '   1   1    4.00 'F2' '--'   4.00 'F2' '--'   4.00 'F2' '--'
      'STIFF_B '   2   1    4.00 'F2' '--'   4.00 'F2' '--'   4.00 'F2' '--'
      'SEGMENT '   1   1    4.00 'F1' '--'   4.00 'F1' '--'   0.00 '-1' '--'
      'SEGMENT '   3   1    4.00 'F1' '--'   4.00 'F1' '--'   0.00 '-1' '--'
      'SEGMENT '   4   1    4.00 'F1' '--'   4.00 'F1' '--'   0.00 '-1' '--'
      'SEGMENT '   6   1    4.00 'F1' '--'   4.00 'F1' '--'   0.00 '-1' '--'
 
 
*(39)SOLDIER COLUMNS:
*    Wall  Column     ----Rafter---  ---Splice--   --------Brace-------                   Max
*No.  Id   Part       Part      Opt  Type    Dia   Type  Part      Conn  Attach  Opt     Girt
  0
 
*(40)SPECIAL FAB DATA
*      Piece  Piece
* No.   Id     Key
   0
 
*(41)FRAME LINES:
*   Build  Total    No.   Line
*  Length   Line   Line    Id     Offset
  45730.0     7      2      1      415.0
                            7    45315.0
 
 
*(42)GIRT STRAPS:
*Ew         Strap  Strap
*Id   No.    Dia   Location
  1     0    0.00
  3     0    0.00
 
*(43)WELDED CONNECTION PLATES:
*       Col    Col      Beam    Beam  ---Plate----  ---------Bolts---------
* No.    Id  Attach   Height  Offset  Width  Thick    Dia Row SpaceV SpaceH
   0
 
*(44)COLUMN HOLES:
*    Line Col                                                         ----Hole---
*No.  Id   Id  Use    Height  Orn    Dia  Length   Gage  Ref  Offset  No.  Locate
   2   1    1  'W'    6035.5  'V'  22.00    0.00 100.00  'S'  530.00    4   45.00 145.00 596.12
                                                                           696.12
       7    0  'W'    6035.5  'V'  22.00    0.00 100.00  'S'  530.00    4   45.00 145.00 596.12
                                                                           696.12
 
 
*(45)RAFTER HOLES:
*    Line                                                             ----Hole---
*No.  Id       Use    Locate  Orn    Dia  Length   Gage  Ref  Offset  No.  Locate
   0
 
*(46)JACK BEAM LAYOUT:
*      Jack  --Bay_Id-      Beam    Beam  Beam
* No.   Id   Start End    Offset  Height  Type
   0
 
*(47)JACK BEAM CONNECTIONS:
*Jack  --Left_EP-  -Right_EP-  Stub  ---L_FlgBrc--  ---R_FlgBrc--
* Id   Type  Conn  Type  Conn  Conn   Width    Dia   Width    Dia
 
*(48)ADDITIONAL COLUMNS:
*                                              Conn_Id
*No.  Id  Type  Rot  Opt  Part           Elev  Bot Top
  0
 
*(49)ROOF OPENING LAYOUT:
*   Open  -Location-     Frame --Surface-- ----Bay----                     Ref
*No. Id   Use     Id Opt  Type Id   Offset Id   Offset    Width   Length   Id
   0
 
*(50)ROOF OPENING FRAMING:
*    Mem Open     Bay  --Surface--  ---------Member--------  Frame_Opt   Frame_Id  Connect_Id
*No.  Id  Id  Use  Id  Id   Offset  Type Opt  Rot  Part      Start End  Start End  Start  End
   0
 
*(51)ADDITIONAL PURLINS:
*         Surf Bay Purl                                   ---Extension---   Frame_Opt -Frame_Id-  Connect_Id
*No.  Id   Id   Id  Id    Offset  Type Rot Opt  Part         Left   Right  Left Right Left Right  Left Right
   0
 
*(52)CONNECTIONS:
*       ---------Plate---------   -----Plate_Size----- ----------------------Bolts---------------------- ---Holes---
*No. Id Type  Use        Id Loc   Width  Length  Thick    Dia Row1 Row2 Space1 Space2  Gage Gage2 DtBolt No.  Locate
  8   1 '--' 'BRACE_R '   1   2    0.00    0.00   0.00   0.00   0    1    0.00   0.00   0.0   0.0    0    0
      2 '--' 'BRACE_R '   1   2    0.00    0.00   0.00   0.00   0    1    0.00   0.00   0.0   0.0    0    0
      3 '--' 'BRACE_W '   2   1    0.00    0.00   0.00   0.00   0    1    0.00   0.00   0.0   0.0    0    0
      4 '--' 'BRACE_W '   2   1    0.00    0.00   0.00   0.00   0    1    0.00   0.00   0.0   0.0    0    0
      5 '--' 'BRACE_W '   4   1    0.00    0.00   0.00   0.00   0    1    0.00   0.00   0.0   0.0    0    0
      6 '--' 'BRACE_W '   4   1    0.00    0.00   0.00   0.00   0    1    0.00   0.00   0.0   0.0    0    0
      0 '--' 'BP_STIFF'   1   1  147.25  197.25   8.00   0.00   0    0    0.00   0.00   0.0   0.0    0    0
      0 '--' 'BP_STIFF'   2   1  147.25  197.25   8.00   0.00   0    0    0.00   0.00   0.0   0.0    0    0
 
 
*(53)WELDED PLATES:
*    Line  -Locate-                                            -------Plate-------  ---------Bolts--------  Bolt_Holes
*No.  Id   Use   Id  Opt Att    Locate  Offset Orn Rot   Angle  Width Thick Length    Dia Row Space DtBolt  No. Locate
   0
 
*(54)FLANGE BRACE SIDE:
*     Line  Surf  Loc   Web
*No.   Id    Id    Id  Side
  0
*
*COLUMN HOLES:
*  Id  Description
* ---  ----------------------------------------
*    1 EW extension beam
*    2 EW extension beam

================================================================================
 C163-027            Frame  1 (Column RF1-1)                19/JAN/2026 10:57am
================================================================================
  Qty:   2                         Mark: RF1-1       
-------------------------------------------------------------------------------

 PLATES:
 -------
 Qty  Mark Part     Description     Width   Thick    Length   UnitWt  TotalWt Opt
 ---  ---- -------- -----------   -------   -----  --------   ------  ------- ---
   2  WB1           Web            400.00    5.00   9067.53   145.08   290.16   
   8  BC1           Brace Clip      75.00    5.00     75.00     0.22     1.80   
   4  PC21          Purl Clip      150.00   10.00    120.00     1.44     5.76   
  10  GC21          Girt Clip      150.00    5.00    387.50     2.32    23.25   
  10  GC26          Girt Clip      150.00    5.00    387.50     2.32    23.25   
   2  OF1           OS Flange      150.00    5.00   9067.53    54.41   108.81   
  10  GC1           Girt Clip      150.00    5.00    205.00     1.23    12.30   
   2  IF1           IS Flange      150.00    6.00   9067.53    65.29   130.57   
   2  EP1           End Plate      200.00   16.00    705.50    18.06    36.12   
   2  EP2           End Plate      200.00   16.00    600.00    15.36    30.72   
   2  SS1           EP Stiffener   197.50    8.00    147.50     1.86     3.73   
   2  SS2           EP Stiffener   197.00    8.00    147.00     1.85     3.71   
   2  SS3           EP Stiffener   120.00    5.00     95.00     0.46     0.91   
   2  SS4           EP Stiffener   120.00    5.00     94.00     0.45     0.90   
                                                                      -------
                                                                       672.00

 MEMBER CUTS:
 ------------
   Plate   Cut  -------Left-------  -------Right------
    Mark  Type      Cut       Le       Cut       Re
   -----  ----  --------- --------  --------- --------
    WB1    PP     400.00                              

 PLATE CUTS:
 -----------
  Plate  Cut   Cut    Cut     Cut
  Mark   Loc   Typ  Width  Length
  -----  ---   ---  -----  ------
  BC1     4     C   15.00   15.00 
  SS1     1     C  147.50  147.50 
  SS2     1     C  147.00  147.00 
  SS3     1     C  120.00   95.00 
  SS4     1     C  120.00   94.00 

 HOLE LOCATIONS:
 ---------------
  Plate                    Slot/        Bolt
  Mark    Dia Offset  Gage Gage2  Angle  Ref Locate
  ----- ----- ------ ----- ----- ------ ---- --------------------------------------
  WB1   24.00  75.00  0.00 50.00  0.000    0    250.00   4764.00   5064.00 
  WB1   14.00  145.0 100.0  0.00  0.000    9   6169.00 
  BC1   14.00  50.00  0.00  0.00  0.000   12     25.00 
  PC21  18.00   0.00 75.00  0.00  0.000  104     50.00 
  GC21  14.00   0.00 100.0  0.00  0.000    9     25.00    125.00 
  GC26  14.00   0.00 100.0  0.00  0.000    9     25.00    125.00 
  GC1   14.00   0.00 100.0  0.00  0.000    9     25.00    125.00 
  EP1   30.00   0.00 100.0  0.00  0.000   22     75.00    225.00    480.50    630.50 
  EP2   22.00   0.00 100.0  0.00  0.000   23     50.00    150.00    450.00    550.00 

 PLATE LOCATIONS:
 ----------------
  Plate
  Mark  Attach  Offset  Angle  Side  Rot  Location
  ----- ------  ------ ------  ----  ---  --------------------------------------
  BC1   WB1       0.00  0.000   F     R   3064.00   6064.00 
  BC1   WB1       0.00  0.000   B     R   3064.00   6064.00 
  GC21  WB1      145.0  0.000   F     L   3064.00   4564.00   6064.00   7564.00   8964.00 
  GC26  WB1      145.0  0.000   B     L   3064.00   4564.00   6064.00   7564.00   8964.00 
  PC21  WB1      150.0  1.571   -     L   4951.50 
  GC1   OF1       0.00  0.000   -     L   3064.00   4564.00   6064.00   7564.00   8964.00 
  EP1            147.5  0.000   -     -
  EP2            95.00  0.000   -     -

 WELDS:
 ------
  Plate           Weld   Weld  Weld    Weld
  Mark    Plate2  Type   Size  Note  Length  Opt
  -----   ------  ----  -----  ----  ------  ---
  WB1      OF      F1    4.00    -   9067.5     
  WB1      IF      F1    4.00    -   9067.5     
  EP1      OF1     F2    4.00    -   150.00     
  EP1      IF1     F2    4.00    -   150.00     
  EP1      WB1     F2    4.00    -   400.00     
  EP2      OF1     F2    4.00    -   150.00     
  EP2      IF1     F2    4.00    -   150.00     
  EP2      WB1     F2    4.00    -   400.00     
  SS1      OF1     F2    4.00    -   197.25     
  SS1      EP1     F2    6.00    -   147.25     
  SS2      IF1     F2    4.00    -   197.25     
  SS2      EP1     F2    6.00    -   147.25     
  BC1      WB      F1    4.00    -    75.00     
  BC1      IF      F1    4.00    -    75.00     
  PC21     WB      F1    4.00    -   150.00     
  GC21     WB      F1    4.00    -   150.00     
  GC26     WB      F1    4.00    -   150.00     
  GC1      OF      F1    4.00    -   150.00     
  SS3      EP      F1    4.00    -   120.00     
  SS3      OF      F1    4.00    -    95.00     
  SS4      EP      F1    4.00    -   120.00     
  SS4      IF      F1    4.00    -    94.00     

 FINISH DIMENSIONS:
 ------------------
   Outside Flange Total=  9067.53 
   Inside  Flange Total=  9067.53 
   Outside Overall     =  9099.53 
   Top     Overall     =  9099.53 
   Inside  Overall     =  9099.53 
   Left    Overall     =   411.00 
   Right   Overall     =   411.00 

 CLIP DETAILING:
 ---------------
   Mark   Typ Thick Ang      A      B      C      D      E      F      G      H
   ------ --- ----- --- ------ ------ ------ ------ ------ ------ ------ ------
   BC1     x   0.00   0  50.00   0.00  25.00  50.00   0.00   0.00   0.00   0.00
   PC21    z  10.00   0  37.50  75.00  50.00  70.00  18.00   0.00   0.00   0.00
   GC21    y   0.00   0  25.00 100.00  25.00 100.00 262.50   0.00   0.00   0.00
   GC26    y   0.00   0  25.00 100.00  25.00 100.00 262.50   0.00   0.00   0.00
   GC1     y   0.00   0  25.00 100.00  25.00 100.00  80.00   0.00   0.00   0.00
   EP1     z  16.00   0  50.00 100.00  75.00 150.00 255.50 150.00  75.00  30.00
   EP2     z  16.00   0  50.00 100.00  50.00 100.00 300.00 100.00  50.00  22.00
   SS1     w   0.00   0 197.50 147.50   0.00 147.50   0.00 147.50   0.00   0.00
   SS2     w   0.00   0 197.00 147.00   0.00 147.00   0.00 147.00   0.00   0.00
   SS3     w   0.00   0 120.00  95.00   0.00  95.00   0.00   0.00   0.00   0.00
   SS4     w   0.00   0 120.00  94.00   0.00  94.00   0.00   0.00   0.00   0.00

================================================================================
 C163-027            Frame  1 (Rafter RF1-2)                19/JAN/2026 10:57am
================================================================================
  Qty:   2                         Mark: RF1-2       
-------------------------------------------------------------------------------

 PLATES:
 -------
 Qty  Mark Part     Description     Width   Thick    Length   UnitWt  TotalWt Opt
 ---  ---- -------- -----------   -------   -----  --------   ------  ------- ---
   2  WB1           Web            350.50    4.00   5908.22    56.88   113.77   
  12  BC1           Brace Clip      75.00    5.00     75.00     0.22     2.70   
   4  ST1           Stiffener       60.00    6.00    310.00     0.89     3.57   
   2  OF1           OS Flange      125.00    5.00   6103.79    30.52    61.04   
   2  OF2           OS Flange      125.00    5.00    301.45     1.51     3.01   
   8  PC1           Purl Clip      150.00    5.00    175.00     1.05     8.40   
   2  GB1           Girt Clip      150.00    5.00    175.40     1.05     2.10   
   2  ES1           Eave Stiff     230.00    5.00    115.00     1.06     2.12   
   2  IF1           IS Flange      125.00    5.00   5383.06    26.92    53.83   
   2  EP1           End Plate      200.00   16.00    450.93    11.54    23.09   
   2  EP2           End Plate      200.00   16.00    600.00    15.36    30.72   
   2  SS1           EP Stiffener   120.00    5.00    108.63     0.52     1.04   
   2  SS2           EP Stiffener   120.00    5.00     93.06     0.45     0.89   
   2  SS3           EP Stiffener   120.00    5.00     95.00     0.46     0.91   
                                                                      -------
                                                                       307.20

 MEMBER CUTS:
 ------------
 Plate  Cut  ---------------Left-------------  -------------Right--------------
  Mark Type     Cut      Ls      Li      Le       Cut      Rs      Ri      Re
 ----- ----  -------- ------- ------- -------  -------- ------- ------- -------
  WB1    D    249.52                  25.00 B           300.45  500.59  30.04 T

 PLATE CUTS:
 -----------
  Plate  Cut   Cut    Cut     Cut
  Mark   Loc   Typ  Width  Length
  -----  ---   ---  -----  ------
  BC1     4     C   15.00   15.00 
  ST1     4     C   15.00   15.00 
  ES1     1     C  230.00   23.00 
  ES1     4     C  230.00   92.00 
  SS1     3     C  120.00   12.00 
  SS1     1     C  120.00  108.63 
  SS2     4     C  120.00   14.27 
  SS2     1     C  120.00   78.80 
  SS3     1     C  120.00   95.00 

 HOLE LOCATIONS:
 ---------------
  Plate                    Slot/        Bolt
  Mark    Dia Offset  Gage Gage2  Angle  Ref Locate
  ----- ----- ------ ----- ----- ------ ---- --------------------------------------
  WB1   24.00  75.00  0.00 50.00  0.000    0    183.92   5703.17 
  WB1   24.00  75.00  0.00 50.00  0.000    0    250.00 
  BC1   14.00  50.00  0.00  0.00  0.000   12     25.00 
  PC1   14.00   0.00 100.0  0.00  0.000   10     25.00    125.00 
  GB1   14.00   0.00 100.0  0.00  0.000   77     25.40    125.40 
  EP1   22.00   0.00 100.0  0.00  0.000   23     50.00    150.00    300.00    400.00 
  EP2   22.00   0.00 100.0  0.00  0.000   23     50.00    150.00    450.00    550.00 

 PLATE LOCATIONS:
 ----------------
  Plate
  Mark  Attach  Offset  Angle  Side  Rot  Location
  ----- ------  ------ ------  ----  ---  --------------------------------------
  BC1   WB1       0.00  0.000   F     R    263.44   1721.04   4636.24 
  BC1   WB1       0.00  0.000   B     R    263.44   1721.04   4636.24 
  ST1   WB1       0.00 -0.100   -     -   5507.22 
  PC1   OF1       0.00  0.000   -     L    263.44   1721.04   3178.64   4636.24 
  GB1   OF1       0.00  0.000   -     R   6013.84 
  EP1            96.57  0.000   -     -
  EP2            95.00  0.000   -     -

 WELDS:
 ------
  Plate           Weld   Weld  Weld    Weld
  Mark    Plate2  Type   Size  Note  Length  Opt
  -----   ------  ----  -----  ----  ------  ---
  WB1      OF      F1    4.00    -   5878.2     
  WB1      IF      F1    4.00    -   5383.7     
  WB1      OF2     F2    4.00    -   301.95     
  EP1      OF1     F2    4.00    -   125.00     
  EP1      IF1     F2    4.00    -   125.00     
  EP1      WB1     F2    4.00    -   251.23     
  EP2      OF2     F2    4.00    -   125.00     
  EP2      WB1     F2    4.00    -   503.00     
  EP2      IF1     F1    5.00    -   125.00     
  ST1      WB      F2    4.00    -   310.00     
  ST1      EP      F2    4.00    -    60.00     
  BC1      WB      F1    4.00    -    75.00     
  BC1      IF      F1    4.00    -    75.00     
  PC1      OF      F1    4.00    -   150.00     
  GB1      OF      F1    4.00    -   150.00     
  ES1      OF2     F1    4.00    -   230.00     
  ES1      OF1     F1    4.00    -   115.00     
  SS1      EP      F1    4.00    -   120.00     
  SS1      OF      F1    4.00    -   108.63     
  SS2      EP      F1    4.00    -   120.00     
  SS2      IF      F1    4.00    -    93.06     
  SS3      EP      F1    4.00    -   120.00     
  SS3      OF      F1    4.00    -    95.00     

 FINISH DIMENSIONS:
 ------------------
   Outside Flange Total=  6103.79     301.45 
   Inside  Flange Total=  5383.06 
   Outside Overall     =  5899.28 
   Inside  Overall     =  5404.05 
   Left    Overall     =   260.99 
   Right   Overall     =   505.00 
   Left  Extension     =   -25.97 
   Right Extension     =    32.09 

 CLIP DETAILING:
 ---------------
   Mark   Typ Thick Ang      A      B      C      D      E      F      G      H
   ------ --- ----- --- ------ ------ ------ ------ ------ ------ ------ ------
   BC1     x   0.00   0  50.00   0.00  25.00  50.00   0.00   0.00   0.00   0.00
   ST1     w   6.00   0  60.00 310.00   0.00   0.00   0.00   0.00   0.00   0.00
   PC1     y   0.00   0  25.00 100.00  25.00 100.00  50.00   0.00   0.00   0.00
   GB1     y   0.00   0  25.00 100.00  25.40 100.00  50.00   0.00   0.00   0.00
   ES1     w   0.00   0 230.00 115.00  23.00  92.00   0.00   0.00   0.00   0.00
   EP1     z  16.00   0  50.00 100.00  50.00 100.00 150.00 100.00  50.93  22.00
   EP2     z  16.00   0  50.00 100.00  50.00 100.00 300.00 100.00  50.00  22.00
   SS1     w   0.00   0 120.00 108.63   0.00 108.63  12.00   0.00   0.00   0.00
   SS2     w   0.00   0 120.00  93.06  14.27  78.80   0.00   0.00   0.00   0.00
   SS3     w   0.00   0 120.00  95.00   0.00  95.00   0.00   0.00   0.00   0.00

================================================================================
 C163-027            Frame  1 (Rafter RF1-3)                19/JAN/2026 10:57am
================================================================================
  Qty:   2                         Mark: RF1-3       
-------------------------------------------------------------------------------

 PLATES:
 -------
 Qty  Mark Part     Description     Width   Thick    Length   UnitWt  TotalWt Opt
 ---  ---- -------- -----------   -------   -----  --------   ------  ------- ---
   2  WB1           Web            350.50    4.00   5908.22    56.88   113.77   
  12  BC1           Brace Clip      75.00    5.00     75.00     0.22     2.70   
   4  ST1           Stiffener       60.00    6.00    310.00     0.89     3.57   
   2  OF1           OS Flange      125.00    5.00   6103.79    30.52    61.04   
   2  OF2           OS Flange      125.00    5.00    301.45     1.51     3.01   
   8  PC1           Purl Clip      150.00    5.00    175.00     1.05     8.40   
   2  GB1           Girt Clip      150.00    5.00    175.40     1.05     2.10   
   2  ES1           Eave Stiff     230.00    5.00    115.00     1.06     2.12   
   2  IF1           IS Flange      125.00    5.00   5383.06    26.92    53.83   
   2  EP1           End Plate      200.00   16.00    450.93    11.54    23.09   
   2  EP2           End Plate      200.00   16.00    600.00    15.36    30.72   
   2  SS1           EP Stiffener   120.00    5.00    108.63     0.52     1.04   
   2  SS2           EP Stiffener   120.00    5.00     93.06     0.45     0.89   
   2  SS3           EP Stiffener   120.00    5.00     95.00     0.46     0.91   
   2  SC5           EP Stiffener   150.00   10.00    181.00     2.17     4.34   
                                                                      -------
                                                                       311.54

 MEMBER CUTS:
 ------------
 Plate  Cut  ---------------Left-------------  -------------Right--------------
  Mark Type     Cut      Ls      Li      Le       Cut      Rs      Ri      Re
 ----- ----  -------- ------- ------- -------  -------- ------- ------- -------
  WB1    D    249.52                  25.00 B           300.45  500.59  30.04 T

 PLATE CUTS:
 -----------
  Plate  Cut   Cut    Cut     Cut
  Mark   Loc   Typ  Width  Length
  -----  ---   ---  -----  ------
  BC1     4     C   15.00   15.00 
  ST1     4     C   15.00   15.00 
  ES1     1     C  230.00   23.00 
  ES1     4     C  230.00   92.00 
  SS1     3     C  120.00   12.00 
  SS1     1     C  120.00  108.63 
  SS2     4     C  120.00   14.27 
  SS2     1     C  120.00   78.80 
  SS3     1     C  120.00   95.00 

 HOLE LOCATIONS:
 ---------------
  Plate                    Slot/        Bolt
  Mark    Dia Offset  Gage Gage2  Angle  Ref Locate
  ----- ----- ------ ----- ----- ------ ---- --------------------------------------
  WB1   24.00  75.00  0.00 50.00  0.000    0    183.92   5703.17 
  WB1   24.00  75.00  0.00 50.00  0.000    0    250.00 
  BC1   14.00  50.00  0.00  0.00  0.000   12     25.00 
  PC1   14.00   0.00 100.0  0.00  0.000   10     25.00    125.00 
  GB1   14.00   0.00 100.0  0.00  0.000   77     25.40    125.40 
  EP1   22.00   0.00 100.0  0.00  0.000   23     50.00    150.00    300.00    400.00 
  EP2   22.00   0.00 100.0  0.00  0.000   23     50.00    150.00    450.00    550.00 
  SC5   18.00   0.00 100.0 100.0  0.000    0     66.00 

 PLATE LOCATIONS:
 ----------------
  Plate
  Mark  Attach  Offset  Angle  Side  Rot  Location
  ----- ------  ------ ------  ----  ---  --------------------------------------
  BC1   WB1       0.00  0.000   F     R    263.42   1721.02   4636.22 
  BC1   WB1       0.00  0.000   B     R    263.42   1721.02   4636.22 
  ST1   WB1       0.00 -0.100   -     -   5507.22 
  PC1   OF1       0.00  0.000   -     L    263.42   1721.02   3178.62   4636.22 
  GB1   OF1       0.00  0.000   -     R   6013.84 
  EP1            96.57  0.000   -     -
  EP2            95.00  0.000   -     -
  SC5   EP1       0.00  0.000   I     -

 WELDS:
 ------
  Plate           Weld   Weld  Weld    Weld
  Mark    Plate2  Type   Size  Note  Length  Opt
  -----   ------  ----  -----  ----  ------  ---
  WB1      OF      F1    4.00    -   5878.2     
  WB1      IF      F1    4.00    -   5383.7     
  WB1      OF2     F2    4.00    -   301.95     
  EP1      OF1     F2    4.00    -   125.00     
  EP1      IF1     F2    4.00    -   125.00     
  EP1      WB1     F2    4.00    -   251.23     
  EP2      OF2     F2    4.00    -   125.00     
  EP2      WB1     F2    4.00    -   503.00     
  EP2      IF1     F1    5.00    -   125.00     
  ST1      WB      F2    4.00    -   310.00     
  ST1      EP      F2    4.00    -    60.00     
  BC1      WB      F1    4.00    -    75.00     
  BC1      IF      F1    4.00    -    75.00     
  PC1      OF      F1    4.00    -   150.00     
  GB1      OF      F1    4.00    -   150.00     
  ES1      OF2     F1    4.00    -   230.00     
  ES1      OF1     F1    4.00    -   115.00     
  SS1      EP      F1    4.00    -   120.00     
  SS1      OF      F1    4.00    -   108.63     
  SS2      EP      F1    4.00    -   120.00     
  SS2      IF      F1    4.00    -    93.06     
  SS3      EP      F1    4.00    -   120.00     
  SS3      OF      F1    4.00    -    95.00     

 FINISH DIMENSIONS:
 ------------------
   Outside Flange Total=  6103.79     301.45 
   Inside  Flange Total=  5383.06 
   Outside Overall     =  5899.28 
   Inside  Overall     =  5404.05 
   Left    Overall     =   260.99 
   Right   Overall     =   505.00 
   Left  Extension     =   -25.97 
   Right Extension     =    32.09 

 CLIP DETAILING:
 ---------------
   Mark   Typ Thick Ang      A      B      C      D      E      F      G      H
   ------ --- ----- --- ------ ------ ------ ------ ------ ------ ------ ------
   BC1     x   0.00   0  50.00   0.00  25.00  50.00   0.00   0.00   0.00   0.00
   ST1     w   6.00   0  60.00 310.00   0.00   0.00   0.00   0.00   0.00   0.00
   PC1     y   0.00   0  25.00 100.00  25.00 100.00  50.00   0.00   0.00   0.00
   GB1     y   0.00   0  25.00 100.00  25.40 100.00  50.00   0.00   0.00   0.00
   ES1     w   0.00   0 230.00 115.00  23.00  92.00   0.00   0.00   0.00   0.00
   EP1     z  16.00   0  50.00 100.00  50.00 100.00 150.00 100.00  50.93  22.00
   EP2     z  16.00   0  50.00 100.00  50.00 100.00 300.00 100.00  50.00  22.00
   SS1     w   0.00   0 120.00 108.63   0.00 108.63  12.00   0.00   0.00   0.00
   SS2     w   0.00   0 120.00  93.06  14.27  78.80   0.00   0.00   0.00   0.00
   SS3     w   0.00   0 120.00  95.00   0.00  95.00   0.00   0.00   0.00   0.00
   SC5     y   0.00   0  25.00 100.00  66.00 115.00   0.00   0.00   0.00   0.00

================================================================================
 C163-027            Frame  1 (Column RF1-4)                19/JAN/2026 10:57am
================================================================================
  Qty:   2                         Mark: RF1-4       
-------------------------------------------------------------------------------

 PLATES:
 -------
 Qty  Mark Part     Description     Width   Thick    Length   UnitWt  TotalWt Opt
 ---  ---- -------- -----------   -------   -----  --------   ------  ------- ---
   2  WB1           Web            400.00    5.00   9067.53   145.08   290.16   
   8  BC1           Brace Clip      75.00    5.00     75.00     0.22     1.80   
   4  PC21          Purl Clip      150.00   10.00    120.00     1.44     5.76   
  10  GC21          Girt Clip      150.00    5.00    387.50     2.32    23.25   
  10  GC26          Girt Clip      150.00    5.00    387.50     2.32    23.25   
   2  OF1           OS Flange      150.00    5.00   9067.53    54.41   108.81   
  10  GC1           Girt Clip      150.00    5.00    205.00     1.23    12.30   
   2  IF1           IS Flange      150.00    6.00   9067.53    65.29   130.57   
   2  EP1           End Plate      200.00   16.00    705.50    18.06    36.12   
   2  EP2           End Plate      200.00   16.00    600.00    15.36    30.72   
   2  SS1           EP Stiffener   197.50    8.00    147.50     1.86     3.73   
   2  SS2           EP Stiffener   197.00    8.00    147.00     1.85     3.71   
   2  SS3           EP Stiffener   120.00    5.00     95.00     0.46     0.91   
   2  SS4           EP Stiffener   120.00    5.00     94.00     0.45     0.90   
                                                                      -------
                                                                       672.00

 MEMBER CUTS:
 ------------
   Plate   Cut  -------Left-------  -------Right------
    Mark  Type      Cut       Le       Cut       Re
   -----  ----  --------- --------  --------- --------
    WB1    PP     400.00                              

 PLATE CUTS:
 -----------
  Plate  Cut   Cut    Cut     Cut
  Mark   Loc   Typ  Width  Length
  -----  ---   ---  -----  ------
  BC1     4     C   15.00   15.00 
  SS1     1     C  147.50  147.50 
  SS2     1     C  147.00  147.00 
  SS3     1     C  120.00   95.00 
  SS4     1     C  120.00   94.00 

 HOLE LOCATIONS:
 ---------------
  Plate                    Slot/        Bolt
  Mark    Dia Offset  Gage Gage2  Angle  Ref Locate
  ----- ----- ------ ----- ----- ------ ---- --------------------------------------
  WB1   24.00  75.00  0.00 50.00  0.000    0    250.00   4764.00   5064.00 
  WB1   14.00  145.0 100.0  0.00  0.000    9   6169.00 
  WB1   22.00  245.0 100.0  0.00  0.000    0   5323.38   5423.38   5874.50   5974.50 
  BC1   14.00  50.00  0.00  0.00  0.000   12     25.00 
  PC21  18.00   0.00 75.00  0.00  0.000  104     50.00 
  GC21  14.00   0.00 100.0  0.00  0.000    9     25.00    125.00 
  GC26  14.00   0.00 100.0  0.00  0.000    9     25.00    125.00 
  GC1   14.00   0.00 100.0  0.00  0.000    9     25.00    125.00 
  EP1   30.00   0.00 100.0  0.00  0.000   22     75.00    225.00    480.50    630.50 
  EP2   22.00   0.00 100.0  0.00  0.000   23     50.00    150.00    450.00    550.00 

 PLATE LOCATIONS:
 ----------------
  Plate
  Mark  Attach  Offset  Angle  Side  Rot  Location
  ----- ------  ------ ------  ----  ---  --------------------------------------
  BC1   WB1       0.00  0.000   F     R   3064.00   6064.00 
  BC1   WB1       0.00  0.000   B     R   3064.00   6064.00 
  GC26  WB1      145.0  0.000   B     L   3064.00   4564.00   6064.00   7564.00   8964.00 
  GC21  WB1      145.0  0.000   F     L   3064.00   4564.00   6064.00   7564.00   8964.00 
  PC21  WB1      150.0  1.571   -     L   4951.50 
  GC1   OF1       0.00  0.000   -     L   3064.00   4564.00   6064.00   7564.00   8964.00 
  EP1            147.5  0.000   -     -
  EP2            95.00  0.000   -     -

 WELDS:
 ------
  Plate           Weld   Weld  Weld    Weld
  Mark    Plate2  Type   Size  Note  Length  Opt
  -----   ------  ----  -----  ----  ------  ---
  WB1      OF      F1    4.00    -   9067.5     
  WB1      IF      F1    4.00    -   9067.5     
  EP1      OF1     F2    4.00    -   150.00     
  EP1      IF1     F2    4.00    -   150.00     
  EP1      WB1     F2    4.00    -   400.00     
  EP2      OF1     F2    4.00    -   150.00     
  EP2      IF1     F2    4.00    -   150.00     
  EP2      WB1     F2    4.00    -   400.00     
  SS1      OF1     F2    4.00    -   197.25     
  SS1      EP1     F2    6.00    -   147.25     
  SS2      IF1     F2    4.00    -   197.25     
  SS2      EP1     F2    6.00    -   147.25     
  BC1      WB      F1    4.00    -    75.00     
  BC1      IF      F1    4.00    -    75.00     
  PC21     WB      F1    4.00    -   150.00     
  GC21     WB      F1    4.00    -   150.00     
  GC26     WB      F1    4.00    -   150.00     
  GC1      OF      F1    4.00    -   150.00     
  SS3      EP      F1    4.00    -   120.00     
  SS3      OF      F1    4.00    -    95.00     
  SS4      EP      F1    4.00    -   120.00     
  SS4      IF      F1    4.00    -    94.00     

 FINISH DIMENSIONS:
 ------------------
   Outside Flange Total=  9067.53 
   Inside  Flange Total=  9067.53 
   Outside Overall     =  9099.53 
   Top     Overall     =  9099.53 
   Inside  Overall     =  9099.53 
   Left    Overall     =   411.00 
   Right   Overall     =   411.00 

 CLIP DETAILING:
 ---------------
   Mark   Typ Thick Ang      A      B      C      D      E      F      G      H
   ------ --- ----- --- ------ ------ ------ ------ ------ ------ ------ ------
   BC1     x   0.00   0  50.00   0.00  25.00  50.00   0.00   0.00   0.00   0.00
   PC21    z  10.00   0  37.50  75.00  50.00  70.00  18.00   0.00   0.00   0.00
   GC21    y   0.00   0  25.00 100.00  25.00 100.00 262.50   0.00   0.00   0.00
   GC26    y   0.00   0  25.00 100.00  25.00 100.00 262.50   0.00   0.00   0.00
   GC1     y   0.00   0  25.00 100.00  25.00 100.00  80.00   0.00   0.00   0.00
   EP1     z  16.00   0  50.00 100.00  75.00 150.00 255.50 150.00  75.00  30.00
   EP2     z  16.00   0  50.00 100.00  50.00 100.00 300.00 100.00  50.00  22.00
   SS1     w   0.00   0 197.50 147.50   0.00 147.50   0.00 147.50   0.00   0.00
   SS2     w   0.00   0 197.00 147.00   0.00 147.00   0.00 147.00   0.00   0.00
   SS3     w   0.00   0 120.00  95.00   0.00  95.00   0.00   0.00   0.00   0.00
   SS4     w   0.00   0 120.00  94.00   0.00  94.00   0.00   0.00   0.00   0.00

================================================================================
 C163-027            Flange Braces                          19/JAN/2026 10:57am
================================================================================

 FLANGE BRACES:
 --------------
  Surf            Web  Brace                          --Attachment-
   Id   Locate  Depth Offset  Length  Qty   Part      Frame  Purlin Ref
  ----  ------  ----- ------  ------  ---   --------  ------ ------ -----
    1      1   400.00  330.0  568.00    1   L40X40X4  Clip   Web         
           3   400.00  330.0  568.00    1   L40X40X4  Clip   Web         
    2      1   336.09  330.0  488.00    1   L40X40X4  Clip   Web         
           3   281.66  330.0  448.00    1   L40X40X4  Clip   Web         
           4   254.44  330.0  432.00    1   L40X40X4  Clip   Web         
    3      1   254.44  330.0  432.00    1   L40X40X4  Clip   Web         
           2   281.66  330.0  448.00    1   L40X40X4  Clip   Web         
           4   336.09  330.0  488.00    1   L40X40X4  Clip   Web         
    4      1   400.00  330.0  568.00    1   L40X40X4  Clip   Web         
           3   400.00  330.0  568.00    1   L40X40X4  Clip   Web         

================================================================================
 C163-027            Connection Bolts                       19/JAN/2026 10:57am
================================================================================

 BOLTS:
 ------
   Locate   Plate   Qty  Type     Dia  Length  Part      DtBolt  TotalWt
   -------  -----   ---  -----  -----  ------  --------  ------  -------
   Frame    Spl-1    16  Gr8.8  20.00   90.00  H20X90      23        5.4
   Frame    Spl-2    16  Gr8.8  20.00   90.00  H20X90      23        5.4
   Frame    Spl-3    16  Gr8.8  20.00   90.00  H20X90      23        5.4
                                                                 -------
                                                                    16.2   

================================================================================
 C163-027            Rigid Frame Clearances                 19/JAN/2026 10:57am
================================================================================

 FRAME VERTICAL CLEARANCE:
 -------------------------
   Location                        Span   X_Coord   Y_Coord
   ------------------------     -------  --------  --------
   Left_Col                     9110.57    738.59   9110.57 
   Right_Col                    9110.57  11461.41   9110.57 
   Midspan                      9653.04   6100.00   9653.04 

 FRAME HORIZONTAL CLEARANCE:
 ---------------------------
   Location                        Span  X_Coord1  X_Coord2
   ------------------------     -------  --------  --------
   Left_Col     - Right_Col    10918.00    641.00  11559.00 

 EAVE STRUT OFFSET:
  Wall
   Id   Type  Offset
    4    ZB    80.00
    2    ZB    80.00

================================================================================
 C163-027            Weld Lengths                           19/JAN/2026 10:57am
================================================================================

        Piece    Size    Web-Flange    ------Hand_Weld(mm)-----
  Qty   Mark     (mm)    Fillet(mm)     Fillet   Groove    Butt
  ---   -----   -----    ----------    -------  -------  ------
    2   RF1-1    4.00     36270.1      14336.0     0.00    0.00
                 6.00        0.00      1178.00     0.00    0.00
 
    2   RF1-2    4.00     22523.7      13988.1     0.00    0.00
                 5.00        0.00       250.00     0.00    0.00
 
    2   RF1-3    4.00     22523.6      13988.1     0.00    0.00
                 5.00        0.00       250.00     0.00    0.00
 
    2   RF1-4    4.00     36270.1      14336.0     0.00    0.00
                 6.00        0.00      1178.00     0.00    0.00

================================================================================
 C163-027            Bracing Attachments                    19/JAN/2026 10:57am
================================================================================

  WALL BRACING:
  -------------
    Wall        -------Start------  --------End-------                   Bay
     Id   Level Surf Locate Offset  Surf Locate Offset   Gage  Space   Width   Angle
    ----  ----- ---- ------ ------  ---- ------ ------  ----- ------  ------  ------
      4      1    1  266.00 310.00    1  4780.0 310.00   0.00 4514.0  7390.0  0.5483
      4      2    1  5080.0 310.00    1  9167.5 310.00   0.00 4087.5  7390.0  0.5052
      2      1    4  266.00 310.00    4  4780.0 310.00   0.00 4514.0  7390.0  0.5483
      2      2    4  5080.0 310.00    4  9167.5 310.00   0.00 4087.5  7390.0  0.5052

  ROOF BRACING:
  -------------
    Roof        -------Start------  --------End-------                   Bay
     Id   Level Surf Locate Offset  Surf Locate Offset   Gage  Space   Width   Angle
    ----  ----- ---- ------ ------  ---- ------ ------  ----- ------  ------  ------
      2      1    2  390.67 280.00    2  5909.9 280.00   0.00 5519.3  7390.0  0.6415
      3      2    3  220.50 280.00    3  5739.8 280.00   0.00 5519.3  7390.0  0.6415

================================================================================
 C163-027            Frame Layout                           19/JAN/2026 10:57am
================================================================================


    Frame
   Line_Id  Locate  Piece Mark
   -------  ------  ---------------------------------------------------------
     1(1)   Surf 1  RF1-1    
            Surf 2  RF1-2    
            Surf 3  RF1-3    
            Surf 4  RF1-4    
   -------  ------  ---------------------------------------------------------
     7(2)   Surf 1  RF1-4    
            Surf 2  RF1-2    
            Surf 3  RF1-3    
            Surf 4  RF1-1    

      ( ) - Unique frame Id

================================================================================
 C163-027            Weight Summary                         19/JAN/2026 10:57am
================================================================================
       Piece                Out      In    End   Clip     Unit     Total
  Qty  Mark         Web  Flange  Flange  Plate  Plate   Weight    Weight
  ---  -------   ------  ------  ------  -----  -----   ------  --------
    2  RF1-1      145.1    54.4    65.3   33.4   37.8   336.00    672.00  
    2  RF1-2       56.9    32.0    26.9   26.9   10.9   153.60    307.20  
    2  RF1-3       56.9    32.0    26.9   26.9   13.0   155.77    311.54  
    2  RF1-4      145.1    54.4    65.3   33.4   37.8   336.00    672.00  
  ----------------------------------------------------------------------

                   Total Frame Weight = 1962.73  
                   Total Brace Weight =   24.24  
                   Total Bolt  Weight =   16.18  
                                       ----------
                                        2003.15  

================================================================================
 C163-027            Cost Summary                           19/JAN/2026 10:57am
================================================================================

       Piece                    End   Clip  Stiff         Surf   Set   Unit   Total
  Qty  Mark    Flange    Web  Plate  Plate  Plate  Weld  Treat    Up   Cost    Cost
  ---  ------  ------  -----  -----  -----  -----  ----  -----  ----  -----  ------
    2  RF1-1   
       Matrl:       0      0      0      0      0     0      0            0       0
       Labor:       0      0      0      0      0     0      0     0      0       0
               ------  -----  -----  -----  -----  ----  -----  ----  -----  ------
                    0      0      0      0      0     0      0     0      0       0
    2  RF1-2   
       Matrl:       0      0      0      0      0     0      0            0       0
       Labor:       0      0      0      0      0     0      0     0      0       0
               ------  -----  -----  -----  -----  ----  -----  ----  -----  ------
                    0      0      0      0      0     0      0     0      0       0
    2  RF1-3   
       Matrl:       0      0      0      0      0     0      0            0       0
       Labor:       0      0      0      0      0     0      0     0      0       0
               ------  -----  -----  -----  -----  ----  -----  ----  -----  ------
                    0      0      0      0      0     0      0     0      0       0
    2  RF1-4   
       Matrl:       0      0      0      0      0     0      0            0       0
       Labor:       0      0      0      0      0     0      0     0      0       0
               ------  -----  -----  -----  -----  ----  -----  ----  -----  ------
                    0      0      0      0      0     0      0     0      0       0
  -----------------------------------------------------------------------------

  Cost Per Frame: Material =       0.10
                  Labor    =       0.00
                  --------    --------
                  Total    =       0.10

  Total Cost Of  2 Frames  =       0.20


 PLATE COST:
 -----------
  Piece   -------------Plate------------        Material    Labor   Surface
  Mark    Mark  Part      Length  Weight  Qty       Cost     Cost  Treatment  File     Record    Adjust
  -----   ----  --------  ------  ------  ---   --------  -------  ---------  -------  --------  --------
  RF1-1   WB1             9067.5  145.08    1       0.01     0.00      0.00   RF_Cost  FRAME     @$W/L(F)
  RF1-1   BC1               75.0    0.22    4       0.00     0.00      0.00   RF_Cost  FRAME     @$W/L(F)
  RF1-1   PC21             120.0    1.44    2       0.00     0.00      0.00   RF_Cost  FRAME     @$W/L(F)
  RF1-1   GC21             387.5    2.32    5       0.00     0.00      0.00   RF_Cost  FRAME     @$W/L(F)
  RF1-1   GC26             387.5    2.32    5       0.00     0.00      0.00   RF_Cost  FRAME     @$W/L(F)
  RF1-1   OF1             9067.5   54.41    1       0.01     0.00      0.00   RF_Cost  FRAME     @$W/L(F)
  RF1-1   GC1              205.0    1.23    5       0.00     0.00      0.00   RF_Cost  FRAME     @$W/L(F)
  RF1-1   IF1             9067.5   65.29    1       0.01     0.00      0.00   RF_Cost  FRAME     @$W/L(F)
  RF1-1   EP1              705.5   18.06    1       0.00     0.00      0.00   RF_Cost  FRAME     @$W/L(F)
  RF1-1   EP2              600.0   15.36    1       0.00     0.00      0.00   RF_Cost  FRAME     @$W/L(F)
  RF1-1   SS1              147.5    1.86    1       0.00     0.00      0.00   RF_Cost  FRAME     @$W/L(F)
  RF1-1   SS2              147.0    1.85    1       0.00     0.00      0.00   RF_Cost  FRAME     @$W/L(F)
  RF1-1   SS3               95.0    0.46    1       0.00     0.00      0.00   RF_Cost  FRAME     @$W/L(F)
  RF1-1   SS4               94.0    0.45    1       0.00     0.00      0.00   RF_Cost  FRAME     @$W/L(F)
  RF1-2   WB1             5908.2   56.88    1       0.01     0.00      0.00   RF_Cost  FRAME     @$W/L(F)
  RF1-2   BC1               75.0    0.22    6       0.00     0.00      0.00   RF_Cost  FRAME     @$W/L(F)
  RF1-2   ST1              310.0    0.89    2       0.00     0.00      0.00   RF_Cost  FRAME     @$W/L(F)
  RF1-2   OF1             6103.8   30.52    1       0.00     0.00      0.00   RF_Cost  FRAME     @$W/L(F)
  RF1-2   OF2              301.4    1.51    1       0.00     0.00      0.00   RF_Cost  FRAME     @$W/L(F)
  RF1-2   PC1              175.0    1.05    4       0.00     0.00      0.00   RF_Cost  FRAME     @$W/L(F)
  RF1-2   GB1              175.4    1.05    1       0.00     0.00      0.00   RF_Cost  FRAME     @$W/L(F)
  RF1-2   ES1              115.0    1.06    1       0.00     0.00      0.00   RF_Cost  FRAME     @$W/L(F)
  RF1-2   IF1             5383.1   26.92    1       0.00     0.00      0.00   RF_Cost  FRAME     @$W/L(F)
  RF1-2   EP1              450.9   11.54    1       0.00     0.00      0.00   RF_Cost  FRAME     @$W/L(F)
  RF1-2   EP2              600.0   15.36    1       0.00     0.00      0.00   RF_Cost  FRAME     @$W/L(F)
  RF1-2   SS1              108.6    0.52    1       0.00     0.00      0.00   RF_Cost  FRAME     @$W/L(F)
  RF1-2   SS2               93.1    0.45    1       0.00     0.00      0.00   RF_Cost  FRAME     @$W/L(F)
  RF1-2   SS3               95.0    0.46    1       0.00     0.00      0.00   RF_Cost  FRAME     @$W/L(F)
  RF1-3   WB1             5908.2   56.88    1       0.01     0.00      0.00   RF_Cost  FRAME     @$W/L(F)
  RF1-3   BC1               75.0    0.22    6       0.00     0.00      0.00   RF_Cost  FRAME     @$W/L(F)
  RF1-3   ST1              310.0    0.89    2       0.00     0.00      0.00   RF_Cost  FRAME     @$W/L(F)
  RF1-3   OF1             6103.8   30.52    1       0.00     0.00      0.00   RF_Cost  FRAME     @$W/L(F)
  RF1-3   OF2              301.4    1.51    1       0.00     0.00      0.00   RF_Cost  FRAME     @$W/L(F)
  RF1-3   PC1              175.0    1.05    4       0.00     0.00      0.00   RF_Cost  FRAME     @$W/L(F)
  RF1-3   GB1              175.4    1.05    1       0.00     0.00      0.00   RF_Cost  FRAME     @$W/L(F)
  RF1-3   ES1              115.0    1.06    1       0.00     0.00      0.00   RF_Cost  FRAME     @$W/L(F)
  RF1-3   IF1             5383.1   26.92    1       0.00     0.00      0.00   RF_Cost  FRAME     @$W/L(F)
  RF1-3   EP1              450.9   11.54    1       0.00     0.00      0.00   RF_Cost  FRAME     @$W/L(F)
  RF1-3   EP2              600.0   15.36    1       0.00     0.00      0.00   RF_Cost  FRAME     @$W/L(F)
  RF1-3   SS1              108.6    0.52    1       0.00     0.00      0.00   RF_Cost  FRAME     @$W/L(F)
  RF1-3   SS2               93.1    0.45    1       0.00     0.00      0.00   RF_Cost  FRAME     @$W/L(F)
  RF1-3   SS3               95.0    0.46    1       0.00     0.00      0.00   RF_Cost  FRAME     @$W/L(F)
  RF1-3   SC5              181.0    2.17    1       0.00     0.00      0.00   RF_Cost  FRAME     @$W/L(F)
  RF1-4   WB1             9067.5  145.08    1       0.01     0.00      0.00   RF_Cost  FRAME     @$W/L(F)
  RF1-4   BC1               75.0    0.22    4       0.00     0.00      0.00   RF_Cost  FRAME     @$W/L(F)
  RF1-4   PC21             120.0    1.44    2       0.00     0.00      0.00   RF_Cost  FRAME     @$W/L(F)
  RF1-4   GC21             387.5    2.32    5       0.00     0.00      0.00   RF_Cost  FRAME     @$W/L(F)
  RF1-4   GC26             387.5    2.32    5       0.00     0.00      0.00   RF_Cost  FRAME     @$W/L(F)
  RF1-4   OF1             9067.5   54.41    1       0.01     0.00      0.00   RF_Cost  FRAME     @$W/L(F)
  RF1-4   GC1              205.0    1.23    5       0.00     0.00      0.00   RF_Cost  FRAME     @$W/L(F)
  RF1-4   IF1             9067.5   65.29    1       0.01     0.00      0.00   RF_Cost  FRAME     @$W/L(F)
  RF1-4   EP1              705.5   18.06    1       0.00     0.00      0.00   RF_Cost  FRAME     @$W/L(F)
  RF1-4   EP2              600.0   15.36    1       0.00     0.00      0.00   RF_Cost  FRAME     @$W/L(F)
  RF1-4   SS1              147.5    1.86    1       0.00     0.00      0.00   RF_Cost  FRAME     @$W/L(F)
  RF1-4   SS2              147.0    1.85    1       0.00     0.00      0.00   RF_Cost  FRAME     @$W/L(F)
  RF1-4   SS3               95.0    0.46    1       0.00     0.00      0.00   RF_Cost  FRAME     @$W/L(F)
  RF1-4   SS4               94.0    0.45    1       0.00     0.00      0.00   RF_Cost  FRAME     @$W/L(F)

================================================================================
 C163-027            Framing Conflicts                      19/JAN/2026 10:57am
================================================================================

  SPLICE-PURLIN/GIRT:
          -Splice-  --Member--          ----Offset----
    Surf  Id  Type  Type    Id  Locate  Actual    Reqd
    ----  --  ----  ------ ---  ------  ------  ------
*     1    1   HSS  Girt     5  Below    -59.5   336.0
*     3    2   -SS  Purlin   1  Right    279.5   336.0
*     4    3   HSS  Girt     5  Below     -120   336.0
*WRN(RFD-001) Purlin\Girt Near Splice

================================================================================
 C163-027            Warning Summary                        19/JAN/2026 10:57am
================================================================================

  CONFLICT
    SPLICE
      WRN(RFD-001): Purlin\Girt Near Splice
